
<testsuite name='test.org.amdatu.web.rest.itest' tests='18' time='2.717' failures='0' skipped='0' target='file:/C:/Users/pbonte/SVN/MASSIF/Implementation/trunk/BND/cnf/repoAmdatu/org.amdatu.web.rest.itest/org.amdatu.web.rest.itest-0.0.0.jar' timestamp='2015-10-28T15:06:48' hostname='topping' framework='org.apache.felix.framework [0]' errors='0' framework-version='4.4.1'>
  <properties>
    <property name='launch.activators' value=''/>
    <property name='java.runtime.name' value='Java(TM) SE Runtime Environment'/>
    <property name='launch.embedded' value='false'/>
    <property name='sun.boot.library.path' value='C:\Program Files\Java\jre1.8.0_40\bin'/>
    <property name='java.vm.version' value='25.40-b25'/>
    <property name='java.vm.vendor' value='Oracle Corporation'/>
    <property name='java.vendor.url' value='http://java.oracle.com/'/>
    <property name='path.separator' value=';'/>
    <property name='java.vm.name' value='Java HotSpot(TM) 64-Bit Server VM'/>
    <property name='file.encoding.pkg' value='sun.io'/>
    <property name='launch.timeout' value='0'/>
    <property name='user.country' value='US'/>
    <property name='user.script' value=''/>
    <property name='sun.java.launcher' value='SUN_STANDARD'/>
    <property name='sun.os.patch.level' value='Service Pack 1'/>
    <property name='launch.keep' value='false'/>
    <property name='java.vm.specification.name' value='Java Virtual Machine Specification'/>
    <property name='user.dir' value='C:\Users\pbonte\SVN\MASSIF\Implementation\trunk\BND\cnf'/>
    <property name='launch.bundles' value='C:\Users\pbonte\.bnd\cache\https%3A%2F%2Fraw.githubusercontent.com%2Fbndtools%2Fbundle-hub%2Fmaster%2Fbiz.aQute.junit\biz.aQute.junit-3.0.0.jar,C:\Users\pbonte\.bnd\cache\https%3A%2F%2Fraw.githubusercontent.com%2Fbndtools%2Fbundle-hub%2Fmaster%2Fch.qos.logback.classic\ch.qos.logback.classic-1.1.2.jar,C:\Users\pbonte\.bnd\cache\https%3A%2F%2Fraw.githubusercontent.com%2Fbndtools%2Fbundle-hub%2Fmaster%2Fch.qos.logback.core\ch.qos.logback.core-1.1.2.jar,C:\Users\pbonte\.bnd\cache\http%3A%2F%2Frepository.amdatu.org%2Fdependencies%2Fcom.fasterxml.jackson.core.jackson-annotations\com.fasterxml.jackson.core.jackson-annotations-2.3.0.jar,C:\Users\pbonte\.bnd\cache\http%3A%2F%2Frepository.amdatu.org%2Fdependencies%2Fcom.fasterxml.jackson.core.jackson-core\com.fasterxml.jackson.core.jackson-core-2.3.1.jar,C:\Users\pbonte\.bnd\cache\http%3A%2F%2Frepository.amdatu.org%2Fdependencies%2Fcom.fasterxml.jackson.core.jackson-databind\com.fasterxml.jackson.core.jackson-databind-2.3.1.jar,C:\Users\pbonte\.bnd\cache\http%3A%2F%2Frepository.amdatu.org%2Fdependencies%2Fcom.fasterxml.jackson.jaxrs.jackson-jaxrs-base\com.fasterxml.jackson.jaxrs.jackson-jaxrs-base-2.3.0.jar,C:\Users\pbonte\.bnd\cache\http%3A%2F%2Frepository.amdatu.org%2Fdependencies%2Fcom.fasterxml.jackson.jaxrs.jackson-jaxrs-json-provider\com.fasterxml.jackson.jaxrs.jackson-jaxrs-json-provider-2.3.0.jar,C:\Users\pbonte\SVN\MASSIF\Implementation\trunk\BND\massif.fw.gw.gateway\generated\massif.fw.gw.gateway.jar,C:\Users\pbonte\SVN\MASSIF\Implementation\trunk\BND\cnf\repoAmdatu\org.amdatu.web.resourcehandler\org.amdatu.web.resourcehandler-1.0.8.jar,C:\Users\pbonte\SVN\MASSIF\Implementation\trunk\BND\cnf\repoAmdatu\org.amdatu.web.rest.doc\org.amdatu.web.rest.doc-1.2.2.jar,C:\Users\pbonte\SVN\MASSIF\Implementation\trunk\BND\cnf\repoAmdatu\org.amdatu.web.rest.doc.swagger\org.amdatu.web.rest.doc.swagger-1.0.9.jar,C:\Users\pbonte\SVN\MASSIF\Implementation\trunk\BND\cnf\repoAmdatu\org.amdatu.web.rest.doc.swagger.ui\org.amdatu.web.rest.doc.swagger.ui-1.0.7.jar,C:\Users\pbonte\SVN\MASSIF\Implementation\trunk\BND\cnf\repoAmdatu\org.amdatu.web.rest.itest\org.amdatu.web.rest.itest-0.0.0.jar,C:\Users\pbonte\SVN\MASSIF\Implementation\trunk\BND\cnf\repoAmdatu\org.amdatu.web.rest.jaxrs\org.amdatu.web.rest.jaxrs-1.0.8.jar,C:\Users\pbonte\SVN\MASSIF\Implementation\trunk\BND\cnf\repoAmdatu\org.amdatu.web.rest.wink\org.amdatu.web.rest.wink-2.0.3.jar,C:\Users\pbonte\.bnd\cache\https%3A%2F%2Fraw.githubusercontent.com%2Fbndtools%2Fbundle-hub%2Fmaster%2Forg.apache.felix.configadmin\org.apache.felix.configadmin-1.8.8.jar,C:\Users\pbonte\.bnd\cache\http%3A%2F%2Frepository.amdatu.org%2Fdependencies%2Forg.apache.felix.dependencymanager\org.apache.felix.dependencymanager-4.1.0.jar,C:\Users\pbonte\.bnd\cache\https%3A%2F%2Fraw.githubusercontent.com%2Fbndtools%2Fbundle-hub%2Fmaster%2Forg.apache.felix.gogo.command\org.apache.felix.gogo.command-0.14.0.jar,C:\Users\pbonte\.bnd\cache\https%3A%2F%2Fraw.githubusercontent.com%2Fbndtools%2Fbundle-hub%2Fmaster%2Forg.apache.felix.gogo.runtime\org.apache.felix.gogo.runtime-0.16.2.jar,C:\Users\pbonte\.bnd\cache\https%3A%2F%2Fraw.githubusercontent.com%2Fbndtools%2Fbundle-hub%2Fmaster%2Forg.apache.felix.gogo.shell\org.apache.felix.gogo.shell-0.10.0.jar,C:\Users\pbonte\.bnd\cache\http%3A%2F%2Frepository.amdatu.org%2Fdependencies%2Forg.apache.felix.http.api\org.apache.felix.http.api-2.3.2.jar,C:\Users\pbonte\.bnd\cache\http%3A%2F%2Frepository.amdatu.org%2Fdependencies%2Forg.apache.felix.http.jetty\org.apache.felix.http.jetty-3.0.2.jar,C:\Users\pbonte\.bnd\cache\http%3A%2F%2Frepository.amdatu.org%2Fdependencies%2Forg.apache.felix.http.servlet-api\org.apache.felix.http.servlet-api-1.1.2.jar,C:\Users\pbonte\.bnd\cache\http%3A%2F%2Frepository.amdatu.org%2Fdependencies%2Forg.apache.felix.http.whiteboard\org.apache.felix.http.whiteboard-2.3.2.jar,C:\Users\pbonte\.bnd\cache\https%3A%2F%2Fraw.githubusercontent.com%2Fbndtools%2Fbundle-hub%2Fmaster%2Forg.apache.felix.log\org.apache.felix.log-1.0.1.jar,C:\Users\pbonte\.bnd\cache\https%3A%2F%2Fraw.githubusercontent.com%2Fbndtools%2Fbundle-hub%2Fmaster%2Forg.apache.felix.metatype\org.apache.felix.metatype-1.1.2.jar,C:\Users\pbonte\.bnd\cache\https%3A%2F%2Fraw.githubusercontent.com%2Fbndtools%2Fbundle-hub%2Fmaster%2Forg.apache.felix.scr\org.apache.felix.scr-1.8.2.jar,C:\Users\pbonte\.bnd\cache\https%3A%2F%2Fraw.githubusercontent.com%2Fbndtools%2Fbundle-hub%2Fmaster%2Forg.apache.felix.webconsole\org.apache.felix.webconsole-4.2.10-all.jar,C:\Users\pbonte\.bnd\cache\https%3A%2F%2Fraw.githubusercontent.com%2Fbndtools%2Fbundle-hub%2Fmaster%2Fosgi.cmpn\osgi.cmpn-5.0.0.jar,C:\Users\pbonte\.bnd\cache\https%3A%2F%2Fraw.githubusercontent.com%2Fbndtools%2Fbundle-hub%2Fmaster%2Fslf4j.api\slf4j-api-1.7.12.jar'/>
    <property name='java.runtime.version' value='1.8.0_40-b25'/>
    <property name='java.awt.graphicsenv' value='sun.awt.Win32GraphicsEnvironment'/>
    <property name='java.endorsed.dirs' value='C:\Program Files\Java\jre1.8.0_40\lib\endorsed'/>
    <property name='os.arch' value='amd64'/>
    <property name='java.io.tmpdir' value='C:\Users\pbonte\AppData\Local\Temp\'/>
    <property name='line.separator' value='
'/>
    <property name='java.vm.specification.vendor' value='Oracle Corporation'/>
    <property name='user.variant' value=''/>
    <property name='os.name' value='Windows 7'/>
    <property name='launch.name' value='cnf'/>
    <property name='sun.jnu.encoding' value='Cp1252'/>
    <property name='java.library.path' value='C:\Program Files\Java\jre1.8.0_40\bin;C:\windows\Sun\Java\bin;C:\windows\system32;C:\windows;C:/Program Files/Java/jre1.8.0_40/bin/server;C:/Program Files/Java/jre1.8.0_40/bin;C:/Program Files/Java/jre1.8.0_40/lib/amd64;C:\Program Files\Common Files\Microsoft Shared\Windows Live;C:\Program Files (x86)\Common Files\Microsoft Shared\Windows Live;C:\ProgramData\Oracle\Java\javapath;C:\windows\system32;C:\windows;C:\windows\System32\Wbem;C:\windows\System32\WindowsPowerShell\v1.0\;C:\Program Files\OpenVPN\bin;C:\Program Files\TortoiseSVN\bin;C:\Program Files\Microsoft SQL Server\110\Tools\Binn\;C:\Program Files\MiKTeX 2.9\miktex\bin\x64\;C:\Users\pbonte\Downloads\shell.w32-ix86;C:\Program Files (x86)\Skype\Phone\;C:\Program Files\Apache\apache-maven-3.3.3\bin;C:\Program Files (x86)\Windows Live\Shared;C:\Python27;C:\Users\pbonte\Eclipse\Eclipse-Luna-RCP;;.'/>
    <property name='launcher.properties' value='C:\Users\pbonte\SVN\MASSIF\Implementation\trunk\BND\cnf\generated\launch4268667887667337531.properties'/>
    <property name='java.specification.name' value='Java Platform API Specification'/>
    <property name='java.class.version' value='52.0'/>
    <property name='launch.storage.dir' value='C:\Users\pbonte\SVN\MASSIF\Implementation\trunk\BND\cnf\generated\fw'/>
    <property name='jetty.version' value='9.2.9.v20150224'/>
    <property name='sun.management.compiler' value='HotSpot 64-Bit Tiered Compilers'/>
    <property name='launch.system.capabilities' value='osgi.native;osgi.native.osname:List&lt;String&gt;="Windows7,Windows 7,Win32";osgi.native.osversion:Version="6.1.0";osgi.native.processor:List&lt;String&gt;="x86-64,amd64,em64t,x86_64"'/>
    <property name='os.version' value='6.1'/>
    <property name='user.home' value='C:\Users\pbonte'/>
    <property name='user.timezone' value='Europe/Paris'/>
    <property name='java.awt.printerjob' value='sun.awt.windows.WPrinterJob'/>
    <property name='file.encoding' value='Cp1252'/>
    <property name='java.specification.version' value='1.8'/>
    <property name='java.class.path' value='C:\Users\pbonte\.bnd\cache\https%3A%2F%2Fraw.githubusercontent.com%2Fbndtools%2Fbundle-hub%2Fmaster%2Forg.apache.felix.framework\org.apache.felix.framework-4.4.1.jar;C:\Users\pbonte\SVN\MASSIF\Implementation\trunk\BND\cnf\cache\biz.aQute.launcher\biz.aQute.launcher-latest.jar'/>
    <property name='user.name' value='pbonte'/>
    <property name='java.vm.specification.version' value='1.8'/>
    <property name='sun.java.command' value='aQute.launcher.Launcher'/>
    <property name='java.home' value='C:\Program Files\Java\jre1.8.0_40'/>
    <property name='sun.arch.data.model' value='64'/>
    <property name='user.language' value='en'/>
    <property name='java.specification.vendor' value='Oracle Corporation'/>
    <property name='awt.toolkit' value='sun.awt.windows.WToolkit'/>
    <property name='java.vm.info' value='mixed mode'/>
    <property name='launch.services' value='true'/>
    <property name='launch.noreferences' value='false'/>
    <property name='java.version' value='1.8.0_40'/>
    <property name='launch.notificationPort' value='56187'/>
    <property name='java.ext.dirs' value='C:\Program Files\Java\jre1.8.0_40\lib\ext;C:\windows\Sun\Java\lib\ext'/>
    <property name='sun.boot.class.path' value='C:\Program Files\Java\jre1.8.0_40\lib\resources.jar;C:\Program Files\Java\jre1.8.0_40\lib\rt.jar;C:\Program Files\Java\jre1.8.0_40\lib\sunrsasign.jar;C:\Program Files\Java\jre1.8.0_40\lib\jsse.jar;C:\Program Files\Java\jre1.8.0_40\lib\jce.jar;C:\Program Files\Java\jre1.8.0_40\lib\charsets.jar;C:\Program Files\Java\jre1.8.0_40\lib\jfr.jar;C:\Program Files\Java\jre1.8.0_40\classes'/>
    <property name='java.vendor' value='Oracle Corporation'/>
    <property name='file.separator' value='\'/>
    <property name='java.vendor.url.bug' value='http://bugreport.sun.com/bugreport/'/>
    <property name='sun.io.unicode.encoding' value='UnicodeLittle'/>
    <property name='sun.cpu.endian' value='little'/>
    <property name='launch.trace' value='false'/>
    <property name='launch.system.packages' value='org.osgi.framework;version="1.7",org.osgi.framework.hooks.bundle;version="1.1";uses:="org.osgi.framework",org.osgi.framework.hooks.resolver;version="1.0";uses:="org.osgi.framework.wiring",org.osgi.framework.hooks.service;version="1.1";uses:="org.osgi.framework",org.osgi.framework.hooks.weaving;version="1.0";uses:="org.osgi.framework.wiring",org.osgi.framework.launch;version="1.1";uses:="org.osgi.framework",org.osgi.framework.namespace;version="1.0";uses:="org.osgi.resource",org.osgi.framework.startlevel;version="1.0";uses:="org.osgi.framework",org.osgi.framework.wiring;version="1.1";uses:="org.osgi.framework,org.osgi.resource",org.osgi.resource;version="1.0",org.osgi.service.packageadmin;version="1.2";uses:="org.osgi.framework",org.osgi.service.startlevel;version="1.1";uses:="org.osgi.framework",org.osgi.service.url;version="1.0",org.osgi.util.tracker;version="1.5.1";uses:="org.osgi.framework"'/>
    <property name='sun.desktop' value='windows'/>
    <property name='sun.cpu.isalist' value='amd64'/>
  </properties>
  <testcase name='testTestRegistration' time='0.770' classname='org.amdatu.web.rest.ApplicationRegistrationTest'>
    <system-out>
      15:06:45.871 [qtp1105322512-37-acceptor-0@59402b8f-ServerConnector@6892b3b6{HTTP/1.1}{0.0.0.0:8080}]
       DEBUG org.eclipse.jetty.io.SelectorManager - Queued change
       org.eclipse.jetty.io.SelectorManager$ManagedSelector$Accept@329bef23
      
15:06:45.873 [qtp1105322512-33-selector-ServerConnectorManager@1530c739/0]
       DEBUG org.eclipse.jetty.io.SelectorManager - Selector loop
       woken up from select, 0/0 selected
15:06:45.874 [qtp1105322512-33-selector-ServerConnectorManager@1530c739/0]
       DEBUG org.eclipse.jetty.io.SelectorManager - Running change
       org.eclipse.jetty.io.SelectorManager$ManagedSelector$Accept@329bef23
      
15:06:45.885 [qtp1105322512-33-selector-ServerConnectorManager@1530c739/0]
       DEBUG o.eclipse.jetty.io.AbstractEndPoint - onOpen SelectChannelEndPoint@1380aac{/127.0.0.1:52001&amp;lt;-&amp;gt;8080,Open,in,out,-,-,4/60000,null}{io=0,kio=0,kro=0}
      
15:06:45.886 [qtp1105322512-33-selector-ServerConnectorManager@1530c739/0]
       DEBUG org.eclipse.jetty.io.IdleTimeout - SelectChannelEndPoint@1380aac{/127.0.0.1:52001&amp;lt;-&amp;gt;8080,Open,in,out,-,-,4/60000,null}{io=0,kio=0,kro=0}
       idle timeout check, elapsed: 4 ms, remaining: 59996 ms
15:06:45.924
       [qtp1105322512-33-selector-ServerConnectorManager@1530c739/0]
       DEBUG org.eclipse.jetty.server.HttpChannel - new HttpChannelOverHttp@350a7395{r=0,c=false,a=IDLE,uri=-}
       -&amp;gt; SelectChannelEndPoint@1380aac{/127.0.0.1:52001&amp;lt;-&amp;gt;8080,Open,in,out,-,-,43/60000,null}{io=0,kio=0,kro=0},null,HttpChannelState@474e6500{s=IDLE
       i=true a=null}
15:06:45.930 [qtp1105322512-33-selector-ServerConnectorManager@1530c739/0]
       DEBUG o.e.jetty.server.HttpConnection - New HTTP Connection
       HttpConnection@2a5e577f{IDLE}
15:06:45.931 [qtp1105322512-33-selector-ServerConnectorManager@1530c739/0]
       DEBUG o.e.jetty.io.AbstractConnection - onOpen HttpConnection@2a5e577f{IDLE}
      
15:06:45.931 [qtp1105322512-33-selector-ServerConnectorManager@1530c739/0]
       DEBUG o.e.jetty.io.AbstractConnection - fillInterested HttpConnection@2a5e577f{IDLE}
      
15:06:45.931 [qtp1105322512-33-selector-ServerConnectorManager@1530c739/0]
       DEBUG o.e.jetty.io.AbstractConnection - IDLE--&amp;gt;FILL_INTERESTED
       HttpConnection@2a5e577f{FILL_INTERESTED}
15:06:45.931 [qtp1105322512-33-selector-ServerConnectorManager@1530c739/0]
       DEBUG o.e.jetty.io.SelectChannelEndPoint - Local interests
       updating 0 -&amp;gt; 1 for SelectChannelEndPoint@1380aac{/127.0.0.1:52001&amp;lt;-&amp;gt;8080,Open,in,out,R,-,0/60000,HttpConnection}{io=1,kio=0,kro=0}
      
15:06:45.932 [qtp1105322512-33-selector-ServerConnectorManager@1530c739/0]
       DEBUG org.eclipse.jetty.io.SelectorManager - Running change
       org.eclipse.jetty.io.SelectChannelEndPoint$1@286b0b12
15:06:45.932
       [qtp1105322512-33-selector-ServerConnectorManager@1530c739/0]
       DEBUG o.e.jetty.io.SelectChannelEndPoint - Key interests updated
       0 -&amp;gt; 1 on SelectChannelEndPoint@1380aac{/127.0.0.1:52001&amp;lt;-&amp;gt;8080,Open,in,out,R,-,1/60000,HttpConnection}{io=1,kio=1,kro=0}
      
15:06:45.932 [qtp1105322512-33-selector-ServerConnectorManager@1530c739/0]
       DEBUG org.eclipse.jetty.io.SelectorManager - Created SelectChannelEndPoint@1380aac{/127.0.0.1:52001&amp;lt;-&amp;gt;8080,Open,in,out,R,-,1/60000,HttpConnection}{io=1,kio=1,kro=0}
      
15:06:45.933 [qtp1105322512-33-selector-ServerConnectorManager@1530c739/0]
       DEBUG org.eclipse.jetty.io.SelectorManager - Selector loop
       waiting on select
15:06:45.933 [qtp1105322512-33-selector-ServerConnectorManager@1530c739/0]
       DEBUG org.eclipse.jetty.io.SelectorManager - Selector loop
       woken up from select, 1/1 selected
15:06:45.933 [qtp1105322512-33-selector-ServerConnectorManager@1530c739/0]
       DEBUG o.e.jetty.io.SelectChannelEndPoint - Key interests updated
       1 -&amp;gt; 0 on SelectChannelEndPoint@1380aac{/127.0.0.1:52001&amp;lt;-&amp;gt;8080,Open,in,out,R,-,2/60000,HttpConnection}{io=1,kio=0,kro=1}
      
15:06:45.934 [qtp1105322512-33-selector-ServerConnectorManager@1530c739/0]
       DEBUG o.e.jetty.io.SelectChannelEndPoint - Local interests
       updating 1 -&amp;gt; 0 for SelectChannelEndPoint@1380aac{/127.0.0.1:52001&amp;lt;-&amp;gt;8080,Open,in,out,R,-,3/60000,HttpConnection}{io=0,kio=0,kro=1}
      
15:06:45.934 [qtp1105322512-33-selector-ServerConnectorManager@1530c739/0]
       DEBUG org.eclipse.jetty.io.SelectorManager - Running change
       org.eclipse.jetty.io.SelectChannelEndPoint$1@286b0b12
15:06:45.934
       [qtp1105322512-33-selector-ServerConnectorManager@1530c739/0]
       DEBUG o.e.jetty.io.AbstractConnection - FILL_INTERESTED--&amp;gt;FILLING
       HttpConnection@2a5e577f{FILLING}
15:06:45.935 [qtp1105322512-33-selector-ServerConnectorManager@1530c739/0]
       DEBUG org.eclipse.jetty.io.SelectorManager - Selector loop
       waiting on select
15:06:45.935 [qtp1105322512-35] DEBUG o.e.jetty.server.HttpConnection
       - HttpConnection@2a5e577f{FILLING} onFillable HttpChannelState@474e6500{s=IDLE
       i=true a=null}
15:06:45.936 [qtp1105322512-35] DEBUG org.eclipse.jetty.io.ChannelEndPoint
       - filled 157 SelectChannelEndPoint@1380aac{/127.0.0.1:52001&amp;lt;-&amp;gt;8080,Open,in,out,-,-,4/60000,HttpConnection}{io=0,kio=0,kro=1}
      
15:06:45.942 [qtp1105322512-35] DEBUG org.eclipse.jetty.http.HttpParser
       - parseNext s=START HeapByteBuffer@7451c04b[p=0,l=157,c=8192,r=157]={&amp;lt;&amp;lt;&amp;lt;GET
       /test HTTP/1.... keep-alive\r\n\r\n&amp;gt;&amp;gt;&amp;gt;\x00\x00\x00\x00\x00\x00\x00\x00\x00\x00\x00\x00\x00\x00\x00\x00\x00...\x00\x00\x00\x00\x00\x00\x00\x00\x00\x00\x00\x00\x00\x00\x00}
      
15:06:45.944 [qtp1105322512-35] DEBUG org.eclipse.jetty.http.HttpParser
       - START --&amp;gt; SPACE1
15:06:45.945 [qtp1105322512-35]
       DEBUG org.eclipse.jetty.http.HttpParser - SPACE1 --&amp;gt;
       URI
15:06:45.946 [qtp1105322512-35] DEBUG org.eclipse.jetty.http.HttpParser
       - URI --&amp;gt; SPACE2
15:06:45.946 [qtp1105322512-35] DEBUG
       org.eclipse.jetty.http.HttpParser - SPACE2 --&amp;gt; REQUEST_VERSION
      
15:06:45.946 [qtp1105322512-35] DEBUG org.eclipse.jetty.http.HttpParser
       - REQUEST_VERSION --&amp;gt; HEADER
15:06:45.946 [qtp1105322512-35]
       DEBUG org.eclipse.jetty.http.HttpParser - HEADER --&amp;gt;
       HEADER_VALUE
15:06:45.947 [qtp1105322512-35] DEBUG org.eclipse.jetty.http.HttpParser
       - HEADER_VALUE --&amp;gt; HEADER_IN_VALUE
15:06:45.947 [qtp1105322512-35]
       DEBUG org.eclipse.jetty.http.HttpParser - HEADER_IN_VALUE
       --&amp;gt; HEADER
15:06:45.948 [qtp1105322512-35] DEBUG org.eclipse.jetty.http.HttpParser
       - HEADER --&amp;gt; HEADER_VALUE
15:06:45.949 [qtp1105322512-35]
       DEBUG org.eclipse.jetty.http.HttpParser - HEADER_VALUE --&amp;gt;
       HEADER_IN_VALUE
15:06:45.949 [qtp1105322512-35] DEBUG org.eclipse.jetty.http.HttpParser
       - HEADER_IN_VALUE --&amp;gt; HEADER
15:06:45.949 [qtp1105322512-35]
       DEBUG org.eclipse.jetty.http.HttpParser - HEADER --&amp;gt;
       HEADER_VALUE
15:06:45.949 [qtp1105322512-35] DEBUG org.eclipse.jetty.http.HttpParser
       - HEADER_VALUE --&amp;gt; HEADER_IN_VALUE
15:06:45.949 [qtp1105322512-35]
       DEBUG org.eclipse.jetty.http.HttpParser - HEADER_IN_VALUE
       --&amp;gt; HEADER
15:06:45.949 [qtp1105322512-35] DEBUG org.eclipse.jetty.http.HttpParser
       - HEADER --&amp;gt; HEADER_IN_VALUE
15:06:45.949 [qtp1105322512-35]
       DEBUG org.eclipse.jetty.http.HttpParser - HEADER_IN_VALUE
       --&amp;gt; HEADER
15:06:45.951 [qtp1105322512-35] DEBUG org.eclipse.jetty.http.HttpParser
       - HEADER --&amp;gt; END
15:06:45.952 [qtp1105322512-35] DEBUG
       org.eclipse.jetty.server.HttpChannel - HttpChannelOverHttp@350a7395{r=1,c=false,a=IDLE,uri=-}
       messageComplete
15:06:45.952 [qtp1105322512-35] DEBUG org.eclipse.jetty.server.HttpInput
       - HttpInputOverHTTP@71196101 EOF
15:06:45.953 [qtp1105322512-35]
       DEBUG org.eclipse.jetty.server.HttpChannel - HttpChannelOverHttp@350a7395{r=1,c=false,a=IDLE,uri=-}
       handle enter
15:06:45.953 [qtp1105322512-35 - /test] DEBUG
       o.e.jetty.server.HttpChannelState - HttpChannelState@474e6500{s=IDLE
       i=true a=null} handling IDLE
15:06:45.957 [qtp1105322512-35
       - /test] DEBUG org.eclipse.jetty.server.HttpChannel - HttpChannelOverHttp@350a7395{r=1,c=false,a=DISPATCHED,uri=/test}
       action REQUEST_DISPATCH
15:06:45.958 [qtp1105322512-35 -
       /test] DEBUG org.eclipse.jetty.server.Server - REQUEST GET
       /test on HttpChannelOverHttp@350a7395{r=1,c=false,a=DISPATCHED,uri=/test}
      
15:06:45.959 [qtp1105322512-35 - /test] DEBUG o.e.j.server.handler.ContextHandler
       - scope null||/test @ o.e.j.s.ServletContextHandler@6f46426d{/,null,AVAILABLE}
      
15:06:45.961 [qtp1105322512-35 - /test] DEBUG o.e.j.server.handler.ContextHandler
       - context=||/test @ o.e.j.s.ServletContextHandler@6f46426d{/,null,AVAILABLE}
      
15:06:45.964 [qtp1105322512-35 - /test] DEBUG org.eclipse.jetty.server.session
       - sessionManager=org.eclipse.jetty.server.session.HashSessionManager@32ee6fee
      
15:06:45.964 [qtp1105322512-35 - /test] DEBUG org.eclipse.jetty.server.session
       - session=null
15:06:45.965 [qtp1105322512-35 - /test] DEBUG
       o.e.jetty.servlet.ServletHandler - servlet ||/test -&amp;gt;
       org.apache.felix.http.base.internal.DispatcherServlet-4738a206@cebacce0==org.apache.felix.http.base.internal.DispatcherServlet,-1,true
      
15:06:45.965 [qtp1105322512-35 - /test] DEBUG o.e.jetty.servlet.ServletHandler
       - chain=null
15:06:46.348 [qtp1105322512-35 - /test] WARN
        o.e.jetty.servlet.ServletHandler - /test
java.lang.RuntimeException:
       TEST EXCEPTION, IGNORE!
	at org.amdatu.web.rest.ApplicationRegistrationTest$TestResource.handleGetRequest(ApplicationRegistrationTest.java:65)
       ~[na:na]
	at sun.reflect.NativeMethodAccessorImpl.invoke0(Native
       Method) ~[na:1.8.0_40]
	at sun.reflect.NativeMethodAccessorImpl.invoke(Unknown
       Source) ~[na:1.8.0_40]
	at sun.reflect.DelegatingMethodAccessorImpl.invoke(Unknown
       Source) ~[na:1.8.0_40]
	at java.lang.reflect.Method.invoke(Unknown
       Source) ~[na:1.8.0_40]
	at org.apache.wink.server.internal.handlers.InvokeMethodHandler.handleRequest(InvokeMethodHandler.java:63)
       ~[na:na]
	at org.apache.wink.server.handlers.AbstractHandler.handleRequest(AbstractHandler.java:33)
       ~[na:na]
	at org.apache.wink.server.handlers.RequestHandlersChain.handle(RequestHandlersChain.java:26)
       ~[na:na]
	at org.apache.wink.server.handlers.RequestHandlersChain.handle(RequestHandlersChain.java:22)
       ~[na:na]
	at org.apache.wink.server.handlers.AbstractHandlersChain.doChain(AbstractHandlersChain.java:63)
       ~[na:na]
	at org.apache.wink.server.internal.handlers.CreateInvocationParametersHandler.handleRequest(CreateInvocationParametersHandler.java:54)
       ~[na:na]
	at org.apache.wink.server.handlers.RequestHandlersChain.handle(RequestHandlersChain.java:26)
       ~[na:na]
	at org.apache.wink.server.handlers.RequestHandlersChain.handle(RequestHandlersChain.java:22)
       ~[na:na]
	at org.apache.wink.server.handlers.AbstractHandlersChain.doChain(AbstractHandlersChain.java:63)
       ~[na:na]
	at org.apache.wink.server.internal.handlers.FindResourceMethodHandler.handleResourceMethod(FindResourceMethodHandler.java:151)
       ~[na:na]
	at org.apache.wink.server.internal.handlers.FindResourceMethodHandler.handleRequest(FindResourceMethodHandler.java:65)
       ~[na:na]
	at org.apache.wink.server.handlers.RequestHandlersChain.handle(RequestHandlersChain.java:26)
       ~[na:na]
	at org.apache.wink.server.handlers.RequestHandlersChain.handle(RequestHandlersChain.java:22)
       ~[na:na]
	at org.apache.wink.server.handlers.AbstractHandlersChain.doChain(AbstractHandlersChain.java:63)
       ~[na:na]
	at org.apache.wink.server.internal.handlers.FindRootResourceHandler.handleRequest(FindRootResourceHandler.java:95)
       ~[na:na]
	at org.apache.wink.server.handlers.RequestHandlersChain.handle(RequestHandlersChain.java:26)
       ~[na:na]
	at org.apache.wink.server.handlers.RequestHandlersChain.handle(RequestHandlersChain.java:22)
       ~[na:na]
	at org.apache.wink.server.handlers.AbstractHandlersChain.doChain(AbstractHandlersChain.java:63)
       ~[na:na]
	at org.apache.wink.server.internal.handlers.HeadMethodHandler.handleRequest(HeadMethodHandler.java:53)
       ~[na:na]
	at org.apache.wink.server.handlers.RequestHandlersChain.handle(RequestHandlersChain.java:26)
       ~[na:na]
	at org.apache.wink.server.handlers.RequestHandlersChain.handle(RequestHandlersChain.java:22)
       ~[na:na]
	at org.apache.wink.server.handlers.AbstractHandlersChain.doChain(AbstractHandlersChain.java:63)
       ~[na:na]
	at org.apache.wink.server.internal.handlers.OptionsMethodHandler.handleRequest(OptionsMethodHandler.java:46)
       ~[na:na]
	at org.apache.wink.server.handlers.RequestHandlersChain.handle(RequestHandlersChain.java:26)
       ~[na:na]
	at org.apache.wink.server.handlers.RequestHandlersChain.handle(RequestHandlersChain.java:22)
       ~[na:na]
	at org.apache.wink.server.handlers.AbstractHandlersChain.doChain(AbstractHandlersChain.java:63)
       ~[na:na]
	at org.apache.wink.server.internal.handlers.SearchResultHandler.handleRequest(SearchResultHandler.java:33)
       ~[na:na]
	at org.apache.wink.server.handlers.RequestHandlersChain.handle(RequestHandlersChain.java:26)
       ~[na:na]
	at org.apache.wink.server.handlers.RequestHandlersChain.handle(RequestHandlersChain.java:22)
       ~[na:na]
	at org.apache.wink.server.handlers.AbstractHandlersChain.doChain(AbstractHandlersChain.java:63)
       ~[na:na]
	at org.apache.wink.server.internal.log.ResourceInvocation.handleRequest(ResourceInvocation.java:92)
       ~[na:na]
	at org.apache.wink.server.handlers.RequestHandlersChain.handle(RequestHandlersChain.java:26)
       ~[na:na]
	at org.apache.wink.server.handlers.RequestHandlersChain.handle(RequestHandlersChain.java:22)
       ~[na:na]
	at org.apache.wink.server.handlers.AbstractHandlersChain.doChain(AbstractHandlersChain.java:63)
       ~[na:na]
	at org.apache.wink.server.internal.log.Requests.handleRequest(Requests.java:76)
       ~[na:na]
	at org.apache.wink.server.handlers.RequestHandlersChain.handle(RequestHandlersChain.java:26)
       ~[na:na]
	at org.apache.wink.server.handlers.RequestHandlersChain.handle(RequestHandlersChain.java:22)
       ~[na:na]
	at org.apache.wink.server.handlers.AbstractHandlersChain.doChain(AbstractHandlersChain.java:63)
       ~[na:na]
	at org.apache.wink.server.handlers.AbstractHandlersChain.run(AbstractHandlersChain.java:48)
       ~[na:na]
	at org.apache.wink.server.internal.RequestProcessor.handleRequestWithoutFaultBarrier(RequestProcessor.java:207)
       ~[na:na]
	at org.apache.wink.server.internal.RequestProcessor.handleRequest(RequestProcessor.java:154)
       ~[na:na]
	at org.amdatu.web.rest.wink.WinkFilterManager.handleRequest(WinkFilterManager.java:119)
       ~[na:na]
	at org.amdatu.web.rest.wink.WinkFilter$1.run(WinkFilter.java:62)
       ~[na:na]
	at org.amdatu.web.rest.wink.WinkFilter$1.run(WinkFilter.java:1)
       ~[na:na]
	at java.security.AccessController.doPrivileged(Native
       Method) ~[na:1.8.0_40]
	at org.amdatu.web.rest.wink.WinkFilter.doFilter(WinkFilter.java:55)
       ~[na:na]
	at org.apache.felix.http.base.internal.handler.FilterHandler.doHandle(FilterHandler.java:108)
       ~[na:na]
	at org.apache.felix.http.base.internal.handler.FilterHandler.handle(FilterHandler.java:80)
       ~[na:na]
	at org.apache.felix.http.base.internal.dispatch.InvocationFilterChain.doFilter(InvocationFilterChain.java:46)
       ~[na:na]
	at org.apache.felix.http.base.internal.dispatch.HttpFilterChain.doFilter(HttpFilterChain.java:31)
       ~[na:na]
	at org.apache.felix.http.base.internal.dispatch.FilterPipeline.dispatch(FilterPipeline.java:76)
       ~[na:na]
	at org.apache.felix.http.base.internal.dispatch.Dispatcher.dispatch(Dispatcher.java:49)
       ~[na:na]
	at org.apache.felix.http.base.internal.DispatcherServlet.service(DispatcherServlet.java:67)
       ~[na:na]
	at javax.servlet.http.HttpServlet.service(HttpServlet.java:725)
       ~[org.apache.felix.http.servlet-api-1.1.2.jar:na]
	at org.eclipse.jetty.servlet.ServletHolder.handle(ServletHolder.java:808)
       ~[na:na]
	at org.eclipse.jetty.servlet.ServletHandler.doHandle(ServletHandler.java:587)
       ~[na:na]
	at org.eclipse.jetty.server.session.SessionHandler.doHandle(SessionHandler.java:221)
       ~[na:na]
	at org.eclipse.jetty.server.handler.ContextHandler.doHandle(ContextHandler.java:1127)
       ~[na:na]
	at org.eclipse.jetty.servlet.ServletHandler.doScope(ServletHandler.java:515)
       ~[na:na]
	at org.eclipse.jetty.server.session.SessionHandler.doScope(SessionHandler.java:185)
       ~[na:na]
	at org.eclipse.jetty.server.handler.ContextHandler.doScope(ContextHandler.java:1061)
       ~[na:na]
	at org.eclipse.jetty.server.handler.ScopedHandler.handle(ScopedHandler.java:141)
       ~[na:na]
	at org.eclipse.jetty.server.handler.ContextHandlerCollection.handle(ContextHandlerCollection.java:215)
       ~[na:na]
	at org.eclipse.jetty.server.handler.HandlerWrapper.handle(HandlerWrapper.java:97)
       ~[na:na]
	at org.eclipse.jetty.server.Server.handle(Server.java:497)
       ~[na:na]
	at org.eclipse.jetty.server.HttpChannel.handle(HttpChannel.java:310)
       ~[na:na]
	at org.eclipse.jetty.server.HttpConnection.onFillable(HttpConnection.java:257)
       ~[na:na]
	at org.eclipse.jetty.io.AbstractConnection$2.run(AbstractConnection.java:540)
       ~[na:na]
	at org.eclipse.jetty.util.thread.QueuedThreadPool.runJob(QueuedThreadPool.java:635)
       ~[na:na]
	at org.eclipse.jetty.util.thread.QueuedThreadPool$3.run(QueuedThreadPool.java:555)
       ~[na:na]
	at java.lang.Thread.run(Unknown Source) ~[na:1.8.0_40]
      
15:06:46.359 [qtp1105322512-35 - /test] DEBUG o.e.jetty.servlet.ServletHandler
       - (GET /test)@1822254677 org.eclipse.jetty.server.Request@6c9d6655
      
15:06:46.366 [qtp1105322512-35 - /test] DEBUG o.e.jetty.server.HttpConnection
       - org.eclipse.jetty.server.HttpConnection$SendCallback@2fe496e2[PROCESSING][i=ResponseInfo{HTTP/1.1
       500 null,324,false},cb=org.eclipse.jetty.server.HttpChannel$CommitCallback@6b4165f]
       generate: NEED_HEADER (null,[p=0,l=324,c=2048,r=324],true)@START
      
15:06:46.368 [qtp1105322512-35 - /test] DEBUG o.e.jetty.server.HttpConnection
       - org.eclipse.jetty.server.HttpConnection$SendCallback@2fe496e2[PROCESSING][i=ResponseInfo{HTTP/1.1
       500 null,324,false},cb=org.eclipse.jetty.server.HttpChannel$CommitCallback@6b4165f]
       generate: FLUSH ([p=0,l=271,c=16384,r=271],[p=0,l=324,c=2048,r=324],true)@COMPLETING
      
15:06:46.369 [qtp1105322512-35 - /test] DEBUG org.eclipse.jetty.io.WriteFlusher
       - write: WriteFlusher@22616c85{IDLE} [HeapByteBuffer@db04b31f[p=0,l=271,c=16384,r=271]={&amp;lt;&amp;lt;&amp;lt;HTTP/1.1
       500 Serv....v20150224)\r\n\r\n&amp;gt;&amp;gt;&amp;gt;\x00\x00\x00\x00\x00\x00\x00\x00\x00\x00\x00\x00\x00\x00\x00\x00\x00...\x00\x00\x00\x00\x00\x00\x00\x00\x00\x00\x00\x00\x00\x00\x00},HeapByteBuffer@70d07294[p=0,l=324,c=2048,r=324]={&amp;lt;&amp;lt;&amp;lt;&amp;lt;html&amp;gt;\n&amp;lt;head&amp;gt;\n&amp;lt;me.../body&amp;gt;\n&amp;lt;/html&amp;gt;\n&amp;gt;&amp;gt;&amp;gt;\x00\x00\x00\x00\x00\x00\x00\x00\x00\x00\x00\x00\x00\x00\x00\x00\x00...\x00\x00\x00\x00\x00\x00\x00\x00\x00\x00\x00\x00\x00\x00\x00}]
      
15:06:46.370 [qtp1105322512-35 - /test] DEBUG org.eclipse.jetty.io.WriteFlusher
       - update WriteFlusher@22616c85{WRITING}:IDLE--&amp;gt;WRITING
      
15:06:46.373 [qtp1105322512-35 - /test] DEBUG org.eclipse.jetty.io.ChannelEndPoint
       - flushed 595 SelectChannelEndPoint@1380aac{/127.0.0.1:52001&amp;lt;-&amp;gt;8080,Open,in,out,-,W,437/60000,HttpConnection}{io=0,kio=0,kro=1}
      
15:06:46.373 [qtp1105322512-35 - /test] DEBUG org.eclipse.jetty.io.WriteFlusher
       - update WriteFlusher@22616c85{IDLE}:WRITING--&amp;gt;IDLE
      
15:06:46.374 [qtp1105322512-35 - /test] DEBUG o.e.jetty.server.HttpConnection
       - org.eclipse.jetty.server.HttpConnection$SendCallback@2fe496e2[PROCESSING][i=ResponseInfo{HTTP/1.1
       500 null,324,false},cb=org.eclipse.jetty.server.HttpChannel$CommitCallback@6b4165f]
       generate: SHUTDOWN_OUT ([p=271,l=271,c=16384,r=0],[p=324,l=324,c=2048,r=0],true)@END
      
15:06:46.374 [qtp1105322512-35 - /test] DEBUG o.e.jetty.server.HttpConnection
       - org.eclipse.jetty.server.HttpConnection$SendCallback@2fe496e2[PROCESSING][i=ResponseInfo{HTTP/1.1
       500 null,324,false},cb=org.eclipse.jetty.server.HttpChannel$CommitCallback@6b4165f]
       generate: DONE ([p=271,l=271,c=16384,r=0],[p=324,l=324,c=2048,r=0],true)@END
      
15:06:46.375 [qtp1105322512-35 - /test] DEBUG org.eclipse.jetty.io.ChannelEndPoint
       - oshut SelectChannelEndPoint@1380aac{/127.0.0.1:52001&amp;lt;-&amp;gt;8080,Open,in,out,-,-,1/60000,HttpConnection}{io=0,kio=0,kro=1}
      
15:06:46.375 [qtp1105322512-35 - /test] DEBUG org.eclipse.jetty.server.Server
       - RESPONSE /test  500 handled=true
15:06:46.376 [qtp1105322512-35
       - /test] DEBUG o.e.jetty.server.HttpChannelState - HttpChannelState@474e6500{s=DISPATCHED
       i=true a=null} unhandle DISPATCHED
15:06:46.379 [qtp1105322512-35
       - /test] DEBUG org.eclipse.jetty.http.HttpParser - close HttpParser{s=END,0
       of 0}
15:06:46.379 [qtp1105322512-35 - /test] DEBUG org.eclipse.jetty.http.HttpParser
       - END --&amp;gt; CLOSED
15:06:46.379 [qtp1105322512-35] DEBUG
       org.eclipse.jetty.server.HttpChannel - HttpChannelOverHttp@350a7395{r=1,c=false,a=IDLE,uri=-}
       handle exit, result COMPLETE
15:06:46.380 [qtp1105322512-35]
       DEBUG org.eclipse.jetty.io.ChannelEndPoint - filled 0 SelectChannelEndPoint@1380aac{/127.0.0.1:52001&amp;lt;-&amp;gt;8080,Open,in,OSHUT,-,-,7/60000,HttpConnection}{io=0,kio=0,kro=1}
      
15:06:46.380 [qtp1105322512-35] DEBUG org.eclipse.jetty.io.ChannelEndPoint
       - filled 0 SelectChannelEndPoint@1380aac{/127.0.0.1:52001&amp;lt;-&amp;gt;8080,Open,in,OSHUT,-,-,7/60000,HttpConnection}{io=0,kio=0,kro=1}
      
15:06:46.381 [qtp1105322512-35] DEBUG org.eclipse.jetty.http.HttpParser
       - parseNext s=CLOSED HeapByteBuffer@7451c04b[p=0,l=0,c=8192,r=0]={&amp;lt;&amp;lt;&amp;lt;&amp;gt;&amp;gt;&amp;gt;GET
       /test HTTP/1....\x00\x00\x00\x00\x00\x00\x00\x00\x00\x00\x00\x00\x00\x00\x00}
      
15:06:46.381 [qtp1105322512-35] DEBUG o.e.jetty.io.AbstractConnection
       - fillInterested HttpConnection@2a5e577f{FILLING}
15:06:46.381
       [qtp1105322512-35] DEBUG o.e.jetty.io.AbstractConnection -
       FILLING--&amp;gt;FILLING_FILL_INTERESTED HttpConnection@2a5e577f{FILLING_FILL_INTERESTED}
      
15:06:46.382 [qtp1105322512-35] DEBUG o.e.jetty.io.AbstractConnection
       - FILLING_FILL_INTERESTED--&amp;gt;FILL_INTERESTED HttpConnection@2a5e577f{FILL_INTERESTED}
      
15:06:46.388 [qtp1105322512-35] DEBUG o.e.jetty.io.SelectChannelEndPoint
       - Local interests updating 0 -&amp;gt; 1 for SelectChannelEndPoint@1380aac{/127.0.0.1:52001&amp;lt;-&amp;gt;8080,Open,in,OSHUT,R,-,0/60000,HttpConnection}{io=1,kio=0,kro=1}
      
15:06:46.389 [qtp1105322512-35] DEBUG org.eclipse.jetty.io.SelectorManager
       - Running change org.eclipse.jetty.io.SelectChannelEndPoint$1@286b0b12
      
15:06:46.389 [qtp1105322512-35] DEBUG o.e.jetty.io.SelectChannelEndPoint
       - Key interests updated 0 -&amp;gt; 1 on SelectChannelEndPoint@1380aac{/127.0.0.1:52001&amp;lt;-&amp;gt;8080,Open,in,OSHUT,R,-,1/60000,HttpConnection}{io=1,kio=1,kro=1}
      
15:06:46.392 [qtp1105322512-33-selector-ServerConnectorManager@1530c739/0]
       DEBUG org.eclipse.jetty.io.SelectorManager - Selector loop
       woken up from select, 0/1 selected
15:06:46.393 [qtp1105322512-33-selector-ServerConnectorManager@1530c739/0]
       DEBUG org.eclipse.jetty.io.SelectorManager - Selector loop
       waiting on select
15:06:46.393 [qtp1105322512-33-selector-ServerConnectorManager@1530c739/0]
       DEBUG org.eclipse.jetty.io.SelectorManager - Selector loop
       woken up from select, 1/1 selected
15:06:46.394 [qtp1105322512-33-selector-ServerConnectorManager@1530c739/0]
       DEBUG o.e.jetty.io.SelectChannelEndPoint - Key interests updated
       1 -&amp;gt; 0 on SelectChannelEndPoint@1380aac{/127.0.0.1:52001&amp;lt;-&amp;gt;8080,Open,in,OSHUT,R,-,5/60000,HttpConnection}{io=1,kio=0,kro=1}
      
15:06:46.394 [qtp1105322512-33-selector-ServerConnectorManager@1530c739/0]
       DEBUG o.e.jetty.io.SelectChannelEndPoint - Local interests
       updating 1 -&amp;gt; 0 for SelectChannelEndPoint@1380aac{/127.0.0.1:52001&amp;lt;-&amp;gt;8080,Open,in,OSHUT,R,-,6/60000,HttpConnection}{io=0,kio=0,kro=1}
      
15:06:46.394 [qtp1105322512-33-selector-ServerConnectorManager@1530c739/0]
       DEBUG org.eclipse.jetty.io.SelectorManager - Running change
       org.eclipse.jetty.io.SelectChannelEndPoint$1@286b0b12
15:06:46.395
       [qtp1105322512-33-selector-ServerConnectorManager@1530c739/0]
       DEBUG o.e.jetty.io.AbstractConnection - FILL_INTERESTED--&amp;gt;FILLING
       HttpConnection@2a5e577f{FILLING}
15:06:46.395 [qtp1105322512-33-selector-ServerConnectorManager@1530c739/0]
       DEBUG org.eclipse.jetty.io.SelectorManager - Selector loop
       waiting on select
15:06:46.398 [qtp1105322512-38] DEBUG o.e.jetty.server.HttpConnection
       - HttpConnection@2a5e577f{FILLING} onFillable HttpChannelState@474e6500{s=IDLE
       i=true a=null}
15:06:46.401 [qtp1105322512-38] DEBUG org.eclipse.jetty.io.ChannelEndPoint
       - filled -1 SelectChannelEndPoint@1380aac{/127.0.0.1:52001&amp;lt;-&amp;gt;8080,Open,in,OSHUT,-,-,12/60000,HttpConnection}{io=0,kio=0,kro=1}
      
15:06:46.401 [qtp1105322512-38] DEBUG org.eclipse.jetty.io.ChannelEndPoint
       - ishut SelectChannelEndPoint@1380aac{/127.0.0.1:52001&amp;lt;-&amp;gt;8080,Open,in,OSHUT,-,-,13/60000,HttpConnection}{io=0,kio=0,kro=1}
      
15:06:46.401 [qtp1105322512-38] DEBUG o.eclipse.jetty.io.AbstractEndPoint
       - onClose SelectChannelEndPoint@1380aac{/127.0.0.1:52001&amp;lt;-&amp;gt;8080,CLOSED,ISHUT,OSHUT,-,-,13/60000,HttpConnection}{io=0,kio=0,kro=1}
      
15:06:46.403 [qtp1105322512-38] DEBUG org.eclipse.jetty.io.ChannelEndPoint
       - close SelectChannelEndPoint@1380aac{/127.0.0.1:52001&amp;lt;-&amp;gt;8080,CLOSED,ISHUT,OSHUT,-,-,14/60000,HttpConnection}{io=0,kio=0,kro=1}
      
15:06:46.404 [qtp1105322512-37-acceptor-0@59402b8f-ServerConnector@6892b3b6{HTTP/1.1}{0.0.0.0:8080}]
       DEBUG org.eclipse.jetty.io.SelectorManager - Queued change
       org.eclipse.jetty.io.SelectorManager$ManagedSelector$Accept@77996714
      
15:06:46.408 [qtp1105322512-38] DEBUG org.eclipse.jetty.io.SelectorManager
       - Destroyed SelectChannelEndPoint@1380aac{/127.0.0.1:52001&amp;lt;-&amp;gt;8080,CLOSED,ISHUT,OSHUT,-,-,19/60000,HttpConnection}{io=0,kio=-1,kro=-1}
      
15:06:46.408 [qtp1105322512-38] DEBUG o.e.jetty.io.AbstractConnection
       - onClose HttpConnection@2a5e577f{FILLING}
15:06:46.409 [qtp1105322512-38]
       DEBUG o.eclipse.jetty.io.AbstractEndPoint - onClose SelectChannelEndPoint@1380aac{/127.0.0.1:52001&amp;lt;-&amp;gt;8080,CLOSED,ISHUT,OSHUT,-,-,20/60000,HttpConnection}{io=0,kio=-1,kro=-1}
      
15:06:46.409 [qtp1105322512-38] DEBUG org.eclipse.jetty.http.HttpParser
       - atEOF HttpParser{s=CLOSED,0 of 0}
15:06:46.409 [qtp1105322512-38]
       DEBUG org.eclipse.jetty.http.HttpParser - parseNext s=CLOSED
       HeapByteBuffer@7451c04b[p=0,l=0,c=8192,r=0]={&amp;lt;&amp;lt;&amp;lt;&amp;gt;&amp;gt;&amp;gt;GET
       /test HTTP/1....\x00\x00\x00\x00\x00\x00\x00\x00\x00\x00\x00\x00\x00\x00\x00}
      
15:06:46.410 [qtp1105322512-38] DEBUG o.e.jetty.io.AbstractConnection
       - FILLING--&amp;gt;IDLE HttpConnection@2a5e577f{IDLE}
15:06:46.410
       [qtp1105322512-34-selector-ServerConnectorManager@1530c739/1]
       DEBUG org.eclipse.jetty.io.SelectorManager - Selector loop
       woken up from select, 0/0 selected
15:06:46.410 [qtp1105322512-34-selector-ServerConnectorManager@1530c739/1]
       DEBUG org.eclipse.jetty.io.SelectorManager - Running change
       org.eclipse.jetty.io.SelectorManager$ManagedSelector$Accept@77996714
      
15:06:46.411 [qtp1105322512-34-selector-ServerConnectorManager@1530c739/1]
       DEBUG o.eclipse.jetty.io.AbstractEndPoint - onOpen SelectChannelEndPoint@61361707{/127.0.0.1:52002&amp;lt;-&amp;gt;8080,Open,in,out,-,-,0/60000,null}{io=0,kio=0,kro=0}
      
15:06:46.412 [qtp1105322512-34-selector-ServerConnectorManager@1530c739/1]
       DEBUG org.eclipse.jetty.io.IdleTimeout - SelectChannelEndPoint@61361707{/127.0.0.1:52002&amp;lt;-&amp;gt;8080,Open,in,out,-,-,0/60000,null}{io=0,kio=0,kro=0}
       idle timeout check, elapsed: 0 ms, remaining: 60000 ms
15:06:46.412
       [qtp1105322512-34-selector-ServerConnectorManager@1530c739/1]
       DEBUG org.eclipse.jetty.server.HttpChannel - new HttpChannelOverHttp@65099ff9{r=0,c=false,a=IDLE,uri=-}
       -&amp;gt; SelectChannelEndPoint@61361707{/127.0.0.1:52002&amp;lt;-&amp;gt;8080,Open,in,out,-,-,1/60000,null}{io=0,kio=0,kro=0},null,HttpChannelState@200b1d3c{s=IDLE
       i=true a=null}
15:06:46.412 [qtp1105322512-34-selector-ServerConnectorManager@1530c739/1]
       DEBUG o.e.jetty.server.HttpConnection - New HTTP Connection
       HttpConnection@403ef008{IDLE}
15:06:46.413 [qtp1105322512-34-selector-ServerConnectorManager@1530c739/1]
       DEBUG o.e.jetty.io.AbstractConnection - onOpen HttpConnection@403ef008{IDLE}
      
15:06:46.413 [qtp1105322512-34-selector-ServerConnectorManager@1530c739/1]
       DEBUG o.e.jetty.io.AbstractConnection - fillInterested HttpConnection@403ef008{IDLE}
      
15:06:46.413 [qtp1105322512-34-selector-ServerConnectorManager@1530c739/1]
       DEBUG o.e.jetty.io.AbstractConnection - IDLE--&amp;gt;FILL_INTERESTED
       HttpConnection@403ef008{FILL_INTERESTED}
15:06:46.413 [qtp1105322512-34-selector-ServerConnectorManager@1530c739/1]
       DEBUG o.e.jetty.io.SelectChannelEndPoint - Local interests
       updating 0 -&amp;gt; 1 for SelectChannelEndPoint@61361707{/127.0.0.1:52002&amp;lt;-&amp;gt;8080,Open,in,out,R,-,0/60000,HttpConnection}{io=1,kio=0,kro=0}
      
15:06:46.413 [qtp1105322512-34-selector-ServerConnectorManager@1530c739/1]
       DEBUG org.eclipse.jetty.io.SelectorManager - Running change
       org.eclipse.jetty.io.SelectChannelEndPoint$1@11615927
15:06:46.414
       [qtp1105322512-34-selector-ServerConnectorManager@1530c739/1]
       DEBUG o.e.jetty.io.SelectChannelEndPoint - Key interests updated
       0 -&amp;gt; 1 on SelectChannelEndPoint@61361707{/127.0.0.1:52002&amp;lt;-&amp;gt;8080,Open,in,out,R,-,0/60000,HttpConnection}{io=1,kio=1,kro=0}
      
15:06:46.414 [qtp1105322512-34-selector-ServerConnectorManager@1530c739/1]
       DEBUG org.eclipse.jetty.io.SelectorManager - Created SelectChannelEndPoint@61361707{/127.0.0.1:52002&amp;lt;-&amp;gt;8080,Open,in,out,R,-,1/60000,HttpConnection}{io=1,kio=1,kro=0}
      
15:06:46.414 [qtp1105322512-34-selector-ServerConnectorManager@1530c739/1]
       DEBUG org.eclipse.jetty.io.SelectorManager - Selector loop
       waiting on select
15:06:46.414 [qtp1105322512-34-selector-ServerConnectorManager@1530c739/1]
       DEBUG org.eclipse.jetty.io.SelectorManager - Selector loop
       woken up from select, 1/1 selected
15:06:46.414 [qtp1105322512-34-selector-ServerConnectorManager@1530c739/1]
       DEBUG o.e.jetty.io.SelectChannelEndPoint - Key interests updated
       1 -&amp;gt; 0 on SelectChannelEndPoint@61361707{/127.0.0.1:52002&amp;lt;-&amp;gt;8080,Open,in,out,R,-,1/60000,HttpConnection}{io=1,kio=0,kro=1}
      
15:06:46.415 [qtp1105322512-34-selector-ServerConnectorManager@1530c739/1]
       DEBUG o.e.jetty.io.SelectChannelEndPoint - Local interests
       updating 1 -&amp;gt; 0 for SelectChannelEndPoint@61361707{/127.0.0.1:52002&amp;lt;-&amp;gt;8080,Open,in,out,R,-,2/60000,HttpConnection}{io=0,kio=0,kro=1}
      
15:06:46.415 [qtp1105322512-34-selector-ServerConnectorManager@1530c739/1]
       DEBUG org.eclipse.jetty.io.SelectorManager - Running change
       org.eclipse.jetty.io.SelectChannelEndPoint$1@11615927
15:06:46.415
       [qtp1105322512-34-selector-ServerConnectorManager@1530c739/1]
       DEBUG o.e.jetty.io.AbstractConnection - FILL_INTERESTED--&amp;gt;FILLING
       HttpConnection@403ef008{FILLING}
15:06:46.415 [qtp1105322512-34-selector-ServerConnectorManager@1530c739/1]
       DEBUG org.eclipse.jetty.io.SelectorManager - Selector loop
       waiting on select
15:06:46.416 [qtp1105322512-32] DEBUG o.e.jetty.server.HttpConnection
       - HttpConnection@403ef008{FILLING} onFillable HttpChannelState@200b1d3c{s=IDLE
       i=true a=null}
15:06:46.417 [qtp1105322512-32] DEBUG org.eclipse.jetty.io.ChannelEndPoint
       - filled 157 SelectChannelEndPoint@61361707{/127.0.0.1:52002&amp;lt;-&amp;gt;8080,Open,in,out,-,-,3/60000,HttpConnection}{io=0,kio=0,kro=1}
      
15:06:46.417 [qtp1105322512-32] DEBUG org.eclipse.jetty.http.HttpParser
       - parseNext s=START HeapByteBuffer@7451c04b[p=0,l=157,c=8192,r=157]={&amp;lt;&amp;lt;&amp;lt;GET
       /test HTTP/1.... keep-alive\r\n\r\n&amp;gt;&amp;gt;&amp;gt;\x00\x00\x00\x00\x00\x00\x00\x00\x00\x00\x00\x00\x00\x00\x00\x00\x00...\x00\x00\x00\x00\x00\x00\x00\x00\x00\x00\x00\x00\x00\x00\x00}
      
15:06:46.417 [qtp1105322512-32] DEBUG org.eclipse.jetty.http.HttpParser
       - START --&amp;gt; SPACE1
15:06:46.417 [qtp1105322512-32]
       DEBUG org.eclipse.jetty.http.HttpParser - SPACE1 --&amp;gt;
       URI
15:06:46.417 [qtp1105322512-32] DEBUG org.eclipse.jetty.http.HttpParser
       - URI --&amp;gt; SPACE2
15:06:46.417 [qtp1105322512-32] DEBUG
       org.eclipse.jetty.http.HttpParser - SPACE2 --&amp;gt; REQUEST_VERSION
      
15:06:46.418 [qtp1105322512-32] DEBUG org.eclipse.jetty.http.HttpParser
       - REQUEST_VERSION --&amp;gt; HEADER
15:06:46.418 [qtp1105322512-32]
       DEBUG org.eclipse.jetty.http.HttpParser - HEADER --&amp;gt;
       HEADER_VALUE
15:06:46.418 [qtp1105322512-32] DEBUG org.eclipse.jetty.http.HttpParser
       - HEADER_VALUE --&amp;gt; HEADER_IN_VALUE
15:06:46.418 [qtp1105322512-32]
       DEBUG org.eclipse.jetty.http.HttpParser - HEADER_IN_VALUE
       --&amp;gt; HEADER
15:06:46.418 [qtp1105322512-32] DEBUG org.eclipse.jetty.http.HttpParser
       - HEADER --&amp;gt; HEADER_VALUE
15:06:46.418 [qtp1105322512-32]
       DEBUG org.eclipse.jetty.http.HttpParser - HEADER_VALUE --&amp;gt;
       HEADER_IN_VALUE
15:06:46.418 [qtp1105322512-32] DEBUG org.eclipse.jetty.http.HttpParser
       - HEADER_IN_VALUE --&amp;gt; HEADER
15:06:46.418 [qtp1105322512-32]
       DEBUG org.eclipse.jetty.http.HttpParser - HEADER --&amp;gt;
       HEADER_VALUE
15:06:46.418 [qtp1105322512-32] DEBUG org.eclipse.jetty.http.HttpParser
       - HEADER_VALUE --&amp;gt; HEADER_IN_VALUE
15:06:46.418 [qtp1105322512-32]
       DEBUG org.eclipse.jetty.http.HttpParser - HEADER_IN_VALUE
       --&amp;gt; HEADER
15:06:46.419 [qtp1105322512-32] DEBUG org.eclipse.jetty.http.HttpParser
       - HEADER --&amp;gt; HEADER_IN_VALUE
15:06:46.419 [qtp1105322512-32]
       DEBUG org.eclipse.jetty.http.HttpParser - HEADER_IN_VALUE
       --&amp;gt; HEADER
15:06:46.419 [qtp1105322512-32] DEBUG org.eclipse.jetty.http.HttpParser
       - HEADER --&amp;gt; END
15:06:46.419 [qtp1105322512-32] DEBUG
       org.eclipse.jetty.server.HttpChannel - HttpChannelOverHttp@65099ff9{r=1,c=false,a=IDLE,uri=-}
       messageComplete
15:06:46.419 [qtp1105322512-32] DEBUG org.eclipse.jetty.server.HttpInput
       - HttpInputOverHTTP@6ace5bc1 EOF
15:06:46.420 [qtp1105322512-32]
       DEBUG org.eclipse.jetty.server.HttpChannel - HttpChannelOverHttp@65099ff9{r=1,c=false,a=IDLE,uri=-}
       handle enter
15:06:46.420 [qtp1105322512-32 - /test] DEBUG
       o.e.jetty.server.HttpChannelState - HttpChannelState@200b1d3c{s=IDLE
       i=true a=null} handling IDLE
15:06:46.420 [qtp1105322512-32
       - /test] DEBUG org.eclipse.jetty.server.HttpChannel - HttpChannelOverHttp@65099ff9{r=1,c=false,a=DISPATCHED,uri=/test}
       action REQUEST_DISPATCH
15:06:46.420 [qtp1105322512-32 -
       /test] DEBUG org.eclipse.jetty.server.Server - REQUEST GET
       /test on HttpChannelOverHttp@65099ff9{r=1,c=false,a=DISPATCHED,uri=/test}
      
15:06:46.420 [qtp1105322512-32 - /test] DEBUG o.e.j.server.handler.ContextHandler
       - scope null||/test @ o.e.j.s.ServletContextHandler@6f46426d{/,null,AVAILABLE}
      
15:06:46.421 [qtp1105322512-32 - /test] DEBUG o.e.j.server.handler.ContextHandler
       - context=||/test @ o.e.j.s.ServletContextHandler@6f46426d{/,null,AVAILABLE}
      
15:06:46.421 [qtp1105322512-32 - /test] DEBUG org.eclipse.jetty.server.session
       - sessionManager=org.eclipse.jetty.server.session.HashSessionManager@32ee6fee
      
15:06:46.421 [qtp1105322512-32 - /test] DEBUG org.eclipse.jetty.server.session
       - session=null
15:06:46.421 [qtp1105322512-32 - /test] DEBUG
       o.e.jetty.servlet.ServletHandler - servlet ||/test -&amp;gt;
       org.apache.felix.http.base.internal.DispatcherServlet-4738a206@cebacce0==org.apache.felix.http.base.internal.DispatcherServlet,-1,true
      
15:06:46.421 [qtp1105322512-32 - /test] DEBUG o.e.jetty.servlet.ServletHandler
       - chain=null
15:06:46.480 [qtp1105322512-32 - /test] DEBUG
       org.eclipse.jetty.server.Server - RESPONSE /test  200 handled=true
      
15:06:46.480 [qtp1105322512-32 - /test] DEBUG o.e.jetty.server.HttpChannelState
       - HttpChannelState@200b1d3c{s=DISPATCHED i=true a=null} unhandle
       DISPATCHED
15:06:46.481 [qtp1105322512-32 - /test] DEBUG
       o.e.jetty.server.HttpConnection - org.eclipse.jetty.server.HttpConnection$SendCallback@45cc4a49[PROCESSING][i=ResponseInfo{HTTP/1.1
       200 null,-1,false},cb=org.eclipse.jetty.server.HttpChannel$CommitCallback@8321ba4]
       generate: NEED_HEADER (null,[p=0,l=0,c=0,r=0],true)@START
      
15:06:46.481 [qtp1105322512-32 - /test] DEBUG o.e.jetty.server.HttpConnection
       - org.eclipse.jetty.server.HttpConnection$SendCallback@45cc4a49[PROCESSING][i=ResponseInfo{HTTP/1.1
       200 null,-1,false},cb=org.eclipse.jetty.server.HttpChannel$CommitCallback@8321ba4]
       generate: FLUSH ([p=0,l=145,c=16384,r=145],[p=0,l=0,c=0,r=0],true)@COMPLETING
      
15:06:46.482 [qtp1105322512-32 - /test] DEBUG org.eclipse.jetty.io.WriteFlusher
       - write: WriteFlusher@7e7b5cc5{IDLE} [HeapByteBuffer@bdff291f[p=0,l=145,c=16384,r=145]={&amp;lt;&amp;lt;&amp;lt;HTTP/1.1
       200 OK\r\n....v20150224)\r\n\r\n&amp;gt;&amp;gt;&amp;gt;t=ISO-8859-1\r\nCon...\x00\x00\x00\x00\x00\x00\x00\x00\x00\x00\x00\x00\x00\x00\x00}]
      
15:06:46.482 [qtp1105322512-32 - /test] DEBUG org.eclipse.jetty.io.WriteFlusher
       - update WriteFlusher@7e7b5cc5{WRITING}:IDLE--&amp;gt;WRITING
      
15:06:46.483 [qtp1105322512-32 - /test] DEBUG org.eclipse.jetty.io.ChannelEndPoint
       - flushed 145 SelectChannelEndPoint@61361707{/127.0.0.1:52002&amp;lt;-&amp;gt;8080,Open,in,out,-,W,65/60000,HttpConnection}{io=0,kio=0,kro=1}
      
15:06:46.483 [qtp1105322512-32 - /test] DEBUG org.eclipse.jetty.io.WriteFlusher
       - update WriteFlusher@7e7b5cc5{IDLE}:WRITING--&amp;gt;IDLE
      
15:06:46.483 [qtp1105322512-32 - /test] DEBUG o.e.jetty.server.HttpConnection
       - org.eclipse.jetty.server.HttpConnection$SendCallback@45cc4a49[PROCESSING][i=ResponseInfo{HTTP/1.1
       200 null,-1,false},cb=org.eclipse.jetty.server.HttpChannel$CommitCallback@8321ba4]
       generate: DONE ([p=145,l=145,c=16384,r=0],[p=0,l=0,c=0,r=0],true)@END
      
15:06:46.483 [qtp1105322512-32 - /test] DEBUG org.eclipse.jetty.http.HttpParser
       - reset HttpParser{s=END,0 of 0}
15:06:46.483 [qtp1105322512-32
       - /test] DEBUG org.eclipse.jetty.http.HttpParser - END --&amp;gt;
       START
15:06:46.484 [qtp1105322512-32] DEBUG org.eclipse.jetty.server.HttpChannel
       - HttpChannelOverHttp@65099ff9{r=1,c=false,a=IDLE,uri=-} handle
       exit, result COMPLETE
15:06:46.484 [qtp1105322512-32] DEBUG
       org.eclipse.jetty.io.ChannelEndPoint - filled 0 SelectChannelEndPoint@61361707{/127.0.0.1:52002&amp;lt;-&amp;gt;8080,Open,in,out,-,-,1/60000,HttpConnection}{io=0,kio=0,kro=1}
      
15:06:46.484 [qtp1105322512-32] DEBUG org.eclipse.jetty.io.ChannelEndPoint
       - filled 0 SelectChannelEndPoint@61361707{/127.0.0.1:52002&amp;lt;-&amp;gt;8080,Open,in,out,-,-,1/60000,HttpConnection}{io=0,kio=0,kro=1}
      
15:06:46.485 [qtp1105322512-32] DEBUG org.eclipse.jetty.http.HttpParser
       - parseNext s=START HeapByteBuffer@7451c04b[p=0,l=0,c=8192,r=0]={&amp;lt;&amp;lt;&amp;lt;&amp;gt;&amp;gt;&amp;gt;GET
       /test HTTP/1....\x00\x00\x00\x00\x00\x00\x00\x00\x00\x00\x00\x00\x00\x00\x00}
      
15:06:46.485 [qtp1105322512-32] DEBUG o.e.jetty.io.AbstractConnection
       - fillInterested HttpConnection@403ef008{FILLING}
15:06:46.485
       [qtp1105322512-32] DEBUG o.e.jetty.io.AbstractConnection -
       FILLING--&amp;gt;FILLING_FILL_INTERESTED HttpConnection@403ef008{FILLING_FILL_INTERESTED}
      
15:06:46.485 [qtp1105322512-32] DEBUG o.e.jetty.io.AbstractConnection
       - FILLING_FILL_INTERESTED--&amp;gt;FILL_INTERESTED HttpConnection@403ef008{FILL_INTERESTED}
      
15:06:46.486 [qtp1105322512-32] DEBUG o.e.jetty.io.SelectChannelEndPoint
       - Local interests updating 0 -&amp;gt; 1 for SelectChannelEndPoint@61361707{/127.0.0.1:52002&amp;lt;-&amp;gt;8080,Open,in,out,R,-,0/60000,HttpConnection}{io=1,kio=0,kro=1}
      
15:06:46.486 [qtp1105322512-32] DEBUG org.eclipse.jetty.io.SelectorManager
       - Running change org.eclipse.jetty.io.SelectChannelEndPoint$1@11615927
      
15:06:46.486 [qtp1105322512-32] DEBUG o.e.jetty.io.SelectChannelEndPoint
       - Key interests updated 0 -&amp;gt; 1 on SelectChannelEndPoint@61361707{/127.0.0.1:52002&amp;lt;-&amp;gt;8080,Open,in,out,R,-,1/60000,HttpConnection}{io=1,kio=1,kro=1}
      
15:06:46.487 [qtp1105322512-34-selector-ServerConnectorManager@1530c739/1]
       DEBUG org.eclipse.jetty.io.SelectorManager - Selector loop
       woken up from select, 0/1 selected
15:06:46.487 [qtp1105322512-34-selector-ServerConnectorManager@1530c739/1]
       DEBUG org.eclipse.jetty.io.SelectorManager - Selector loop
       waiting on select
15:06:46.490 [qtp1105322512-34-selector-ServerConnectorManager@1530c739/1]
       DEBUG org.eclipse.jetty.io.SelectorManager - Selector loop
       woken up from select, 1/1 selected
15:06:46.491 [qtp1105322512-34-selector-ServerConnectorManager@1530c739/1]
       DEBUG o.e.jetty.io.SelectChannelEndPoint - Key interests updated
       1 -&amp;gt; 0 on SelectChannelEndPoint@61361707{/127.0.0.1:52002&amp;lt;-&amp;gt;8080,Open,in,out,R,-,6/60000,HttpConnection}{io=1,kio=0,kro=1}
      
15:06:46.491 [qtp1105322512-34-selector-ServerConnectorManager@1530c739/1]
       DEBUG o.e.jetty.io.SelectChannelEndPoint - Local interests
       updating 1 -&amp;gt; 0 for SelectChannelEndPoint@61361707{/127.0.0.1:52002&amp;lt;-&amp;gt;8080,Open,in,out,R,-,6/60000,HttpConnection}{io=0,kio=0,kro=1}
      
15:06:46.491 [qtp1105322512-34-selector-ServerConnectorManager@1530c739/1]
       DEBUG org.eclipse.jetty.io.SelectorManager - Running change
       org.eclipse.jetty.io.SelectChannelEndPoint$1@11615927
15:06:46.491
       [qtp1105322512-34-selector-ServerConnectorManager@1530c739/1]
       DEBUG o.e.jetty.io.AbstractConnection - FILL_INTERESTED--&amp;gt;FILLING
       HttpConnection@403ef008{FILLING}
15:06:46.492 [qtp1105322512-34-selector-ServerConnectorManager@1530c739/1]
       DEBUG org.eclipse.jetty.io.SelectorManager - Selector loop
       waiting on select
15:06:46.492 [qtp1105322512-36] DEBUG o.e.jetty.server.HttpConnection
       - HttpConnection@403ef008{FILLING} onFillable HttpChannelState@200b1d3c{s=IDLE
       i=true a=null}
15:06:46.492 [qtp1105322512-36] DEBUG org.eclipse.jetty.io.ChannelEndPoint
       - filled 157 SelectChannelEndPoint@61361707{/127.0.0.1:52002&amp;lt;-&amp;gt;8080,Open,in,out,-,-,7/60000,HttpConnection}{io=0,kio=0,kro=1}
      
15:06:46.493 [qtp1105322512-36] DEBUG org.eclipse.jetty.http.HttpParser
       - parseNext s=START HeapByteBuffer@7451c04b[p=0,l=157,c=8192,r=157]={&amp;lt;&amp;lt;&amp;lt;GET
       /test HTTP/1.... keep-alive\r\n\r\n&amp;gt;&amp;gt;&amp;gt;\x00\x00\x00\x00\x00\x00\x00\x00\x00\x00\x00\x00\x00\x00\x00\x00\x00...\x00\x00\x00\x00\x00\x00\x00\x00\x00\x00\x00\x00\x00\x00\x00}
      
15:06:46.493 [qtp1105322512-36] DEBUG org.eclipse.jetty.http.HttpParser
       - START --&amp;gt; SPACE1
15:06:46.493 [qtp1105322512-36]
       DEBUG org.eclipse.jetty.http.HttpParser - SPACE1 --&amp;gt;
       URI
15:06:46.493 [qtp1105322512-36] DEBUG org.eclipse.jetty.http.HttpParser
       - URI --&amp;gt; SPACE2
15:06:46.493 [qtp1105322512-36] DEBUG
       org.eclipse.jetty.http.HttpParser - SPACE2 --&amp;gt; REQUEST_VERSION
      
15:06:46.493 [qtp1105322512-36] DEBUG org.eclipse.jetty.http.HttpParser
       - REQUEST_VERSION --&amp;gt; HEADER
15:06:46.493 [qtp1105322512-36]
       DEBUG org.eclipse.jetty.http.HttpParser - HEADER --&amp;gt;
       HEADER_IN_VALUE
15:06:46.493 [qtp1105322512-36] DEBUG org.eclipse.jetty.http.HttpParser
       - HEADER_IN_VALUE --&amp;gt; HEADER
15:06:46.493 [qtp1105322512-36]
       DEBUG org.eclipse.jetty.http.HttpParser - HEADER --&amp;gt;
       HEADER_IN_VALUE
15:06:46.493 [qtp1105322512-36] DEBUG org.eclipse.jetty.http.HttpParser
       - HEADER_IN_VALUE --&amp;gt; HEADER
15:06:46.494 [qtp1105322512-36]
       DEBUG org.eclipse.jetty.http.HttpParser - HEADER --&amp;gt;
       HEADER_IN_VALUE
15:06:46.494 [qtp1105322512-36] DEBUG org.eclipse.jetty.http.HttpParser
       - HEADER_IN_VALUE --&amp;gt; HEADER
15:06:46.494 [qtp1105322512-36]
       DEBUG org.eclipse.jetty.http.HttpParser - HEADER --&amp;gt;
       HEADER_IN_VALUE
15:06:46.494 [qtp1105322512-36] DEBUG org.eclipse.jetty.http.HttpParser
       - HEADER_IN_VALUE --&amp;gt; HEADER
15:06:46.494 [qtp1105322512-36]
       DEBUG org.eclipse.jetty.http.HttpParser - HEADER --&amp;gt;
       END
15:06:46.494 [qtp1105322512-36] DEBUG org.eclipse.jetty.server.HttpChannel
       - HttpChannelOverHttp@65099ff9{r=2,c=false,a=IDLE,uri=-} messageComplete
      
15:06:46.494 [qtp1105322512-36] DEBUG org.eclipse.jetty.server.HttpInput
       - HttpInputOverHTTP@6ace5bc1 EOF
15:06:46.494 [qtp1105322512-36]
       DEBUG org.eclipse.jetty.server.HttpChannel - HttpChannelOverHttp@65099ff9{r=2,c=false,a=IDLE,uri=-}
       handle enter
15:06:46.494 [qtp1105322512-36 - /test] DEBUG
       o.e.jetty.server.HttpChannelState - HttpChannelState@200b1d3c{s=IDLE
       i=true a=null} handling IDLE
15:06:46.495 [qtp1105322512-36
       - /test] DEBUG org.eclipse.jetty.server.HttpChannel - HttpChannelOverHttp@65099ff9{r=2,c=false,a=DISPATCHED,uri=/test}
       action REQUEST_DISPATCH
15:06:46.495 [qtp1105322512-36 -
       /test] DEBUG org.eclipse.jetty.server.Server - REQUEST GET
       /test on HttpChannelOverHttp@65099ff9{r=2,c=false,a=DISPATCHED,uri=/test}
      
15:06:46.495 [qtp1105322512-36 - /test] DEBUG o.e.j.server.handler.ContextHandler
       - scope null||/test @ o.e.j.s.ServletContextHandler@6f46426d{/,null,AVAILABLE}
      
15:06:46.495 [qtp1105322512-36 - /test] DEBUG o.e.j.server.handler.ContextHandler
       - context=||/test @ o.e.j.s.ServletContextHandler@6f46426d{/,null,AVAILABLE}
      
15:06:46.495 [qtp1105322512-36 - /test] DEBUG org.eclipse.jetty.server.session
       - sessionManager=org.eclipse.jetty.server.session.HashSessionManager@32ee6fee
      
15:06:46.495 [qtp1105322512-36 - /test] DEBUG org.eclipse.jetty.server.session
       - session=null
15:06:46.495 [qtp1105322512-36 - /test] DEBUG
       o.e.jetty.servlet.ServletHandler - servlet ||/test -&amp;gt;
       org.apache.felix.http.base.internal.DispatcherServlet-4738a206@cebacce0==org.apache.felix.http.base.internal.DispatcherServlet,-1,true
      
15:06:46.495 [qtp1105322512-36 - /test] DEBUG o.e.jetty.servlet.ServletHandler
       - chain=null
15:06:46.540 [qtp1105322512-36 - /test] DEBUG
       org.eclipse.jetty.server.Server - RESPONSE /test  403 handled=true
      
15:06:46.541 [qtp1105322512-36 - /test] DEBUG o.e.jetty.server.HttpChannelState
       - HttpChannelState@200b1d3c{s=DISPATCHED i=true a=null} unhandle
       DISPATCHED
15:06:46.541 [qtp1105322512-36 - /test] DEBUG
       o.e.jetty.server.HttpConnection - org.eclipse.jetty.server.HttpConnection$SendCallback@45cc4a49[PROCESSING][i=ResponseInfo{HTTP/1.1
       403 null,-1,false},cb=org.eclipse.jetty.server.HttpChannel$CommitCallback@758368e2]
       generate: NEED_HEADER (null,[p=0,l=0,c=0,r=0],true)@START
      
15:06:46.541 [qtp1105322512-36 - /test] DEBUG o.e.jetty.server.HttpConnection
       - org.eclipse.jetty.server.HttpConnection$SendCallback@45cc4a49[PROCESSING][i=ResponseInfo{HTTP/1.1
       403 null,-1,false},cb=org.eclipse.jetty.server.HttpChannel$CommitCallback@758368e2]
       generate: FLUSH ([p=0,l=152,c=16384,r=152],[p=0,l=0,c=0,r=0],true)@COMPLETING
      
15:06:46.542 [qtp1105322512-36 - /test] DEBUG org.eclipse.jetty.io.WriteFlusher
       - write: WriteFlusher@7e7b5cc5{IDLE} [HeapByteBuffer@be044748[p=0,l=152,c=16384,r=152]={&amp;lt;&amp;lt;&amp;lt;HTTP/1.1
       403 Forb....v20150224)\r\n\r\n&amp;gt;&amp;gt;&amp;gt;859-1\r\nContent-Le...\x00\x00\x00\x00\x00\x00\x00\x00\x00\x00\x00\x00\x00\x00\x00}]
      
15:06:46.542 [qtp1105322512-36 - /test] DEBUG org.eclipse.jetty.io.WriteFlusher
       - update WriteFlusher@7e7b5cc5{WRITING}:IDLE--&amp;gt;WRITING
      
15:06:46.542 [qtp1105322512-36 - /test] DEBUG org.eclipse.jetty.io.ChannelEndPoint
       - flushed 152 SelectChannelEndPoint@61361707{/127.0.0.1:52002&amp;lt;-&amp;gt;8080,Open,in,out,-,W,50/60000,HttpConnection}{io=0,kio=0,kro=1}
      
15:06:46.542 [qtp1105322512-36 - /test] DEBUG org.eclipse.jetty.io.WriteFlusher
       - update WriteFlusher@7e7b5cc5{IDLE}:WRITING--&amp;gt;IDLE
      
15:06:46.543 [qtp1105322512-36 - /test] DEBUG o.e.jetty.server.HttpConnection
       - org.eclipse.jetty.server.HttpConnection$SendCallback@45cc4a49[PROCESSING][i=ResponseInfo{HTTP/1.1
       403 null,-1,false},cb=org.eclipse.jetty.server.HttpChannel$CommitCallback@758368e2]
       generate: DONE ([p=152,l=152,c=16384,r=0],[p=0,l=0,c=0,r=0],true)@END
      
15:06:46.543 [qtp1105322512-36 - /test] DEBUG org.eclipse.jetty.http.HttpParser
       - reset HttpParser{s=END,0 of -1}
15:06:46.543 [qtp1105322512-36
       - /test] DEBUG org.eclipse.jetty.http.HttpParser - END --&amp;gt;
       START
15:06:46.543 [qtp1105322512-36] DEBUG org.eclipse.jetty.server.HttpChannel
       - HttpChannelOverHttp@65099ff9{r=2,c=false,a=IDLE,uri=-} handle
       exit, result COMPLETE
15:06:46.543 [qtp1105322512-36] DEBUG
       org.eclipse.jetty.io.ChannelEndPoint - filled 0 SelectChannelEndPoint@61361707{/127.0.0.1:52002&amp;lt;-&amp;gt;8080,Open,in,out,-,-,1/60000,HttpConnection}{io=0,kio=0,kro=1}
      
15:06:46.544 [qtp1105322512-36] DEBUG org.eclipse.jetty.io.ChannelEndPoint
       - filled 0 SelectChannelEndPoint@61361707{/127.0.0.1:52002&amp;lt;-&amp;gt;8080,Open,in,out,-,-,1/60000,HttpConnection}{io=0,kio=0,kro=1}
      
15:06:46.544 [qtp1105322512-36] DEBUG org.eclipse.jetty.http.HttpParser
       - parseNext s=START HeapByteBuffer@7451c04b[p=0,l=0,c=8192,r=0]={&amp;lt;&amp;lt;&amp;lt;&amp;gt;&amp;gt;&amp;gt;GET
       /test HTTP/1....\x00\x00\x00\x00\x00\x00\x00\x00\x00\x00\x00\x00\x00\x00\x00}
      
15:06:46.544 [qtp1105322512-36] DEBUG o.e.jetty.io.AbstractConnection
       - fillInterested HttpConnection@403ef008{FILLING}
15:06:46.544
       [qtp1105322512-36] DEBUG o.e.jetty.io.AbstractConnection -
       FILLING--&amp;gt;FILLING_FILL_INTERESTED HttpConnection@403ef008{FILLING_FILL_INTERESTED}
      
15:06:46.544 [qtp1105322512-36] DEBUG o.e.jetty.io.AbstractConnection
       - FILLING_FILL_INTERESTED--&amp;gt;FILL_INTERESTED HttpConnection@403ef008{FILL_INTERESTED}
      
15:06:46.544 [qtp1105322512-36] DEBUG o.e.jetty.io.SelectChannelEndPoint
       - Local interests updating 0 -&amp;gt; 1 for SelectChannelEndPoint@61361707{/127.0.0.1:52002&amp;lt;-&amp;gt;8080,Open,in,out,R,-,0/60000,HttpConnection}{io=1,kio=0,kro=1}
      
15:06:46.545 [qtp1105322512-36] DEBUG org.eclipse.jetty.io.SelectorManager
       - Running change org.eclipse.jetty.io.SelectChannelEndPoint$1@11615927
      
15:06:46.545 [qtp1105322512-36] DEBUG o.e.jetty.io.SelectChannelEndPoint
       - Key interests updated 0 -&amp;gt; 1 on SelectChannelEndPoint@61361707{/127.0.0.1:52002&amp;lt;-&amp;gt;8080,Open,in,out,R,-,1/60000,HttpConnection}{io=1,kio=1,kro=1}
      
15:06:46.545 [qtp1105322512-34-selector-ServerConnectorManager@1530c739/1]
       DEBUG org.eclipse.jetty.io.SelectorManager - Selector loop
       woken up from select, 0/1 selected
15:06:46.545 [qtp1105322512-34-selector-ServerConnectorManager@1530c739/1]
       DEBUG org.eclipse.jetty.io.SelectorManager - Selector loop
       waiting on select
15:06:46.545 [qtp1105322512-34-selector-ServerConnectorManager@1530c739/1]
       DEBUG org.eclipse.jetty.io.SelectorManager - Selector loop
       woken up from select, 1/1 selected
15:06:46.546 [qtp1105322512-34-selector-ServerConnectorManager@1530c739/1]
       DEBUG o.e.jetty.io.SelectChannelEndPoint - Key interests updated
       1 -&amp;gt; 0 on SelectChannelEndPoint@61361707{/127.0.0.1:52002&amp;lt;-&amp;gt;8080,Open,in,out,R,-,1/60000,HttpConnection}{io=1,kio=0,kro=1}
      
15:06:46.546 [qtp1105322512-34-selector-ServerConnectorManager@1530c739/1]
       DEBUG o.e.jetty.io.SelectChannelEndPoint - Local interests
       updating 1 -&amp;gt; 0 for SelectChannelEndPoint@61361707{/127.0.0.1:52002&amp;lt;-&amp;gt;8080,Open,in,out,R,-,2/60000,HttpConnection}{io=0,kio=0,kro=1}
      
15:06:46.546 [qtp1105322512-34-selector-ServerConnectorManager@1530c739/1]
       DEBUG org.eclipse.jetty.io.SelectorManager - Running change
       org.eclipse.jetty.io.SelectChannelEndPoint$1@11615927
15:06:46.546
       [qtp1105322512-34-selector-ServerConnectorManager@1530c739/1]
       DEBUG o.e.jetty.io.AbstractConnection - FILL_INTERESTED--&amp;gt;FILLING
       HttpConnection@403ef008{FILLING}
15:06:46.546 [qtp1105322512-34-selector-ServerConnectorManager@1530c739/1]
       DEBUG org.eclipse.jetty.io.SelectorManager - Selector loop
       waiting on select
15:06:46.547 [qtp1105322512-39] DEBUG o.e.jetty.server.HttpConnection
       - HttpConnection@403ef008{FILLING} onFillable HttpChannelState@200b1d3c{s=IDLE
       i=true a=null}
15:06:46.547 [qtp1105322512-39] DEBUG org.eclipse.jetty.io.ChannelEndPoint
       - filled 157 SelectChannelEndPoint@61361707{/127.0.0.1:52002&amp;lt;-&amp;gt;8080,Open,in,out,-,-,3/60000,HttpConnection}{io=0,kio=0,kro=1}
      
15:06:46.547 [qtp1105322512-39] DEBUG org.eclipse.jetty.http.HttpParser
       - parseNext s=START HeapByteBuffer@7451c04b[p=0,l=157,c=8192,r=157]={&amp;lt;&amp;lt;&amp;lt;GET
       /test HTTP/1.... keep-alive\r\n\r\n&amp;gt;&amp;gt;&amp;gt;\x00\x00\x00\x00\x00\x00\x00\x00\x00\x00\x00\x00\x00\x00\x00\x00\x00...\x00\x00\x00\x00\x00\x00\x00\x00\x00\x00\x00\x00\x00\x00\x00}
      
15:06:46.547 [qtp1105322512-39] DEBUG org.eclipse.jetty.http.HttpParser
       - START --&amp;gt; SPACE1
15:06:46.547 [qtp1105322512-39]
       DEBUG org.eclipse.jetty.http.HttpParser - SPACE1 --&amp;gt;
       URI
15:06:46.547 [qtp1105322512-39] DEBUG org.eclipse.jetty.http.HttpParser
       - URI --&amp;gt; SPACE2
15:06:46.548 [qtp1105322512-39] DEBUG
       org.eclipse.jetty.http.HttpParser - SPACE2 --&amp;gt; REQUEST_VERSION
      
15:06:46.548 [qtp1105322512-39] DEBUG org.eclipse.jetty.http.HttpParser
       - REQUEST_VERSION --&amp;gt; HEADER
15:06:46.548 [qtp1105322512-39]
       DEBUG org.eclipse.jetty.http.HttpParser - HEADER --&amp;gt;
       HEADER_IN_VALUE
15:06:46.548 [qtp1105322512-39] DEBUG org.eclipse.jetty.http.HttpParser
       - HEADER_IN_VALUE --&amp;gt; HEADER
15:06:46.548 [qtp1105322512-39]
       DEBUG org.eclipse.jetty.http.HttpParser - HEADER --&amp;gt;
       HEADER_IN_VALUE
15:06:46.548 [qtp1105322512-39] DEBUG org.eclipse.jetty.http.HttpParser
       - HEADER_IN_VALUE --&amp;gt; HEADER
15:06:46.548 [qtp1105322512-39]
       DEBUG org.eclipse.jetty.http.HttpParser - HEADER --&amp;gt;
       HEADER_IN_VALUE
15:06:46.548 [qtp1105322512-39] DEBUG org.eclipse.jetty.http.HttpParser
       - HEADER_IN_VALUE --&amp;gt; HEADER
15:06:46.548 [qtp1105322512-39]
       DEBUG org.eclipse.jetty.http.HttpParser - HEADER --&amp;gt;
       HEADER_IN_VALUE
15:06:46.548 [qtp1105322512-39] DEBUG org.eclipse.jetty.http.HttpParser
       - HEADER_IN_VALUE --&amp;gt; HEADER
15:06:46.548 [qtp1105322512-39]
       DEBUG org.eclipse.jetty.http.HttpParser - HEADER --&amp;gt;
       END
15:06:46.549 [qtp1105322512-39] DEBUG org.eclipse.jetty.server.HttpChannel
       - HttpChannelOverHttp@65099ff9{r=3,c=false,a=IDLE,uri=-} messageComplete
      
15:06:46.549 [qtp1105322512-39] DEBUG org.eclipse.jetty.server.HttpInput
       - HttpInputOverHTTP@6ace5bc1 EOF
15:06:46.549 [qtp1105322512-39]
       DEBUG org.eclipse.jetty.server.HttpChannel - HttpChannelOverHttp@65099ff9{r=3,c=false,a=IDLE,uri=-}
       handle enter
15:06:46.549 [qtp1105322512-39 - /test] DEBUG
       o.e.jetty.server.HttpChannelState - HttpChannelState@200b1d3c{s=IDLE
       i=true a=null} handling IDLE
15:06:46.549 [qtp1105322512-39
       - /test] DEBUG org.eclipse.jetty.server.HttpChannel - HttpChannelOverHttp@65099ff9{r=3,c=false,a=DISPATCHED,uri=/test}
       action REQUEST_DISPATCH
15:06:46.549 [qtp1105322512-39 -
       /test] DEBUG org.eclipse.jetty.server.Server - REQUEST GET
       /test on HttpChannelOverHttp@65099ff9{r=3,c=false,a=DISPATCHED,uri=/test}
      
15:06:46.550 [qtp1105322512-39 - /test] DEBUG o.e.j.server.handler.ContextHandler
       - scope null||/test @ o.e.j.s.ServletContextHandler@6f46426d{/,null,AVAILABLE}
      
15:06:46.550 [qtp1105322512-39 - /test] DEBUG o.e.j.server.handler.ContextHandler
       - context=||/test @ o.e.j.s.ServletContextHandler@6f46426d{/,null,AVAILABLE}
      
15:06:46.550 [qtp1105322512-39 - /test] DEBUG org.eclipse.jetty.server.session
       - sessionManager=org.eclipse.jetty.server.session.HashSessionManager@32ee6fee
      
15:06:46.550 [qtp1105322512-39 - /test] DEBUG org.eclipse.jetty.server.session
       - session=null
15:06:46.550 [qtp1105322512-39 - /test] DEBUG
       o.e.jetty.servlet.ServletHandler - servlet ||/test -&amp;gt;
       org.apache.felix.http.base.internal.DispatcherServlet-4738a206@cebacce0==org.apache.felix.http.base.internal.DispatcherServlet,-1,true
      
15:06:46.550 [qtp1105322512-39 - /test] DEBUG o.e.jetty.servlet.ServletHandler
       - chain=null
15:06:46.580 [qtp1105322512-39 - /test] DEBUG
       org.eclipse.jetty.server.Server - RESPONSE /test  200 handled=true
      
15:06:46.581 [qtp1105322512-39 - /test] DEBUG o.e.jetty.server.HttpChannelState
       - HttpChannelState@200b1d3c{s=DISPATCHED i=true a=null} unhandle
       DISPATCHED
15:06:46.581 [qtp1105322512-39 - /test] DEBUG
       o.e.jetty.server.HttpConnection - org.eclipse.jetty.server.HttpConnection$SendCallback@45cc4a49[PROCESSING][i=ResponseInfo{HTTP/1.1
       200 null,-1,false},cb=org.eclipse.jetty.server.HttpChannel$CommitCallback@419a85d4]
       generate: NEED_HEADER (null,[p=0,l=0,c=0,r=0],true)@START
      
15:06:46.581 [qtp1105322512-39 - /test] DEBUG o.e.jetty.server.HttpConnection
       - org.eclipse.jetty.server.HttpConnection$SendCallback@45cc4a49[PROCESSING][i=ResponseInfo{HTTP/1.1
       200 null,-1,false},cb=org.eclipse.jetty.server.HttpChannel$CommitCallback@419a85d4]
       generate: FLUSH ([p=0,l=145,c=16384,r=145],[p=0,l=0,c=0,r=0],true)@COMPLETING
      
15:06:46.582 [qtp1105322512-39 - /test] DEBUG org.eclipse.jetty.io.WriteFlusher
       - write: WriteFlusher@7e7b5cc5{IDLE} [HeapByteBuffer@74716999[p=0,l=145,c=16384,r=145]={&amp;lt;&amp;lt;&amp;lt;HTTP/1.1
       200 OK\r\n....v20150224)\r\n\r\n&amp;gt;&amp;gt;&amp;gt;24)\r\n\r\n859-1\r\nCon...\x00\x00\x00\x00\x00\x00\x00\x00\x00\x00\x00\x00\x00\x00\x00}]
      
15:06:46.582 [qtp1105322512-39 - /test] DEBUG org.eclipse.jetty.io.WriteFlusher
       - update WriteFlusher@7e7b5cc5{WRITING}:IDLE--&amp;gt;WRITING
      
15:06:46.583 [qtp1105322512-39 - /test] DEBUG org.eclipse.jetty.io.ChannelEndPoint
       - flushed 145 SelectChannelEndPoint@61361707{/127.0.0.1:52002&amp;lt;-&amp;gt;8080,Open,in,out,-,W,36/60000,HttpConnection}{io=0,kio=0,kro=1}
      
15:06:46.583 [qtp1105322512-39 - /test] DEBUG org.eclipse.jetty.io.WriteFlusher
       - update WriteFlusher@7e7b5cc5{IDLE}:WRITING--&amp;gt;IDLE
      
15:06:46.583 [qtp1105322512-39 - /test] DEBUG o.e.jetty.server.HttpConnection
       - org.eclipse.jetty.server.HttpConnection$SendCallback@45cc4a49[PROCESSING][i=ResponseInfo{HTTP/1.1
       200 null,-1,false},cb=org.eclipse.jetty.server.HttpChannel$CommitCallback@419a85d4]
       generate: DONE ([p=145,l=145,c=16384,r=0],[p=0,l=0,c=0,r=0],true)@END
      
15:06:46.583 [qtp1105322512-39 - /test] DEBUG org.eclipse.jetty.http.HttpParser
       - reset HttpParser{s=END,0 of -1}
15:06:46.583 [qtp1105322512-39
       - /test] DEBUG org.eclipse.jetty.http.HttpParser - END --&amp;gt;
       START
15:06:46.583 [qtp1105322512-39] DEBUG org.eclipse.jetty.server.HttpChannel
       - HttpChannelOverHttp@65099ff9{r=3,c=false,a=IDLE,uri=-} handle
       exit, result COMPLETE
15:06:46.584 [qtp1105322512-39] DEBUG
       org.eclipse.jetty.io.ChannelEndPoint - filled 0 SelectChannelEndPoint@61361707{/127.0.0.1:52002&amp;lt;-&amp;gt;8080,Open,in,out,-,-,1/60000,HttpConnection}{io=0,kio=0,kro=1}
      
15:06:46.584 [qtp1105322512-39] DEBUG org.eclipse.jetty.io.ChannelEndPoint
       - filled 0 SelectChannelEndPoint@61361707{/127.0.0.1:52002&amp;lt;-&amp;gt;8080,Open,in,out,-,-,1/60000,HttpConnection}{io=0,kio=0,kro=1}
      
15:06:46.584 [qtp1105322512-39] DEBUG org.eclipse.jetty.http.HttpParser
       - parseNext s=START HeapByteBuffer@7451c04b[p=0,l=0,c=8192,r=0]={&amp;lt;&amp;lt;&amp;lt;&amp;gt;&amp;gt;&amp;gt;GET
       /test HTTP/1....\x00\x00\x00\x00\x00\x00\x00\x00\x00\x00\x00\x00\x00\x00\x00}
      
15:06:46.584 [qtp1105322512-39] DEBUG o.e.jetty.io.AbstractConnection
       - fillInterested HttpConnection@403ef008{FILLING}
15:06:46.584
       [qtp1105322512-39] DEBUG o.e.jetty.io.AbstractConnection -
       FILLING--&amp;gt;FILLING_FILL_INTERESTED HttpConnection@403ef008{FILLING_FILL_INTERESTED}
      
15:06:46.584 [qtp1105322512-39] DEBUG o.e.jetty.io.AbstractConnection
       - FILLING_FILL_INTERESTED--&amp;gt;FILL_INTERESTED HttpConnection@403ef008{FILL_INTERESTED}
      
15:06:46.585 [qtp1105322512-39] DEBUG o.e.jetty.io.SelectChannelEndPoint
       - Local interests updating 0 -&amp;gt; 1 for SelectChannelEndPoint@61361707{/127.0.0.1:52002&amp;lt;-&amp;gt;8080,Open,in,out,R,-,0/60000,HttpConnection}{io=1,kio=0,kro=1}
      
15:06:46.585 [qtp1105322512-39] DEBUG org.eclipse.jetty.io.SelectorManager
       - Running change org.eclipse.jetty.io.SelectChannelEndPoint$1@11615927
      
15:06:46.585 [qtp1105322512-39] DEBUG o.e.jetty.io.SelectChannelEndPoint
       - Key interests updated 0 -&amp;gt; 1 on SelectChannelEndPoint@61361707{/127.0.0.1:52002&amp;lt;-&amp;gt;8080,Open,in,out,R,-,1/60000,HttpConnection}{io=1,kio=1,kro=1}
      
15:06:46.585 [qtp1105322512-34-selector-ServerConnectorManager@1530c739/1]
       DEBUG org.eclipse.jetty.io.SelectorManager - Selector loop
       woken up from select, 0/1 selected
15:06:46.585 [qtp1105322512-34-selector-ServerConnectorManager@1530c739/1]
       DEBUG org.eclipse.jetty.io.SelectorManager - Selector loop
       waiting on select
15:06:46.587 [qtp1105322512-34-selector-ServerConnectorManager@1530c739/1]
       DEBUG org.eclipse.jetty.io.SelectorManager - Selector loop
       woken up from select, 1/1 selected
15:06:46.587 [qtp1105322512-34-selector-ServerConnectorManager@1530c739/1]
       DEBUG o.e.jetty.io.SelectChannelEndPoint - Key interests updated
       1 -&amp;gt; 0 on SelectChannelEndPoint@61361707{/127.0.0.1:52002&amp;lt;-&amp;gt;8080,Open,in,out,R,-,3/60000,HttpConnection}{io=1,kio=0,kro=1}
      
15:06:46.588 [qtp1105322512-34-selector-ServerConnectorManager@1530c739/1]
       DEBUG o.e.jetty.io.SelectChannelEndPoint - Local interests
       updating 1 -&amp;gt; 0 for SelectChannelEndPoint@61361707{/127.0.0.1:52002&amp;lt;-&amp;gt;8080,Open,in,out,R,-,4/60000,HttpConnection}{io=0,kio=0,kro=1}
      
15:06:46.588 [qtp1105322512-34-selector-ServerConnectorManager@1530c739/1]
       DEBUG org.eclipse.jetty.io.SelectorManager - Running change
       org.eclipse.jetty.io.SelectChannelEndPoint$1@11615927
15:06:46.588
       [qtp1105322512-34-selector-ServerConnectorManager@1530c739/1]
       DEBUG o.e.jetty.io.AbstractConnection - FILL_INTERESTED--&amp;gt;FILLING
       HttpConnection@403ef008{FILLING}
15:06:46.588 [qtp1105322512-34-selector-ServerConnectorManager@1530c739/1]
       DEBUG org.eclipse.jetty.io.SelectorManager - Selector loop
       waiting on select
15:06:46.588 [qtp1105322512-35] DEBUG o.e.jetty.server.HttpConnection
       - HttpConnection@403ef008{FILLING} onFillable HttpChannelState@200b1d3c{s=IDLE
       i=true a=null}
15:06:46.588 [qtp1105322512-35] DEBUG org.eclipse.jetty.io.ChannelEndPoint
       - filled 157 SelectChannelEndPoint@61361707{/127.0.0.1:52002&amp;lt;-&amp;gt;8080,Open,in,out,-,-,4/60000,HttpConnection}{io=0,kio=0,kro=1}
      
15:06:46.589 [qtp1105322512-35] DEBUG org.eclipse.jetty.http.HttpParser
       - parseNext s=START HeapByteBuffer@7451c04b[p=0,l=157,c=8192,r=157]={&amp;lt;&amp;lt;&amp;lt;GET
       /test HTTP/1.... keep-alive\r\n\r\n&amp;gt;&amp;gt;&amp;gt;\x00\x00\x00\x00\x00\x00\x00\x00\x00\x00\x00\x00\x00\x00\x00\x00\x00...\x00\x00\x00\x00\x00\x00\x00\x00\x00\x00\x00\x00\x00\x00\x00}
      
15:06:46.589 [qtp1105322512-35] DEBUG org.eclipse.jetty.http.HttpParser
       - START --&amp;gt; SPACE1
15:06:46.589 [qtp1105322512-35]
       DEBUG org.eclipse.jetty.http.HttpParser - SPACE1 --&amp;gt;
       URI
15:06:46.589 [qtp1105322512-35] DEBUG org.eclipse.jetty.http.HttpParser
       - URI --&amp;gt; SPACE2
15:06:46.589 [qtp1105322512-35] DEBUG
       org.eclipse.jetty.http.HttpParser - SPACE2 --&amp;gt; REQUEST_VERSION
      
15:06:46.589 [qtp1105322512-35] DEBUG org.eclipse.jetty.http.HttpParser
       - REQUEST_VERSION --&amp;gt; HEADER
15:06:46.589 [qtp1105322512-35]
       DEBUG org.eclipse.jetty.http.HttpParser - HEADER --&amp;gt;
       HEADER_IN_VALUE
15:06:46.589 [qtp1105322512-35] DEBUG org.eclipse.jetty.http.HttpParser
       - HEADER_IN_VALUE --&amp;gt; HEADER
15:06:46.589 [qtp1105322512-35]
       DEBUG org.eclipse.jetty.http.HttpParser - HEADER --&amp;gt;
       HEADER_IN_VALUE
15:06:46.589 [qtp1105322512-35] DEBUG org.eclipse.jetty.http.HttpParser
       - HEADER_IN_VALUE --&amp;gt; HEADER
15:06:46.589 [qtp1105322512-35]
       DEBUG org.eclipse.jetty.http.HttpParser - HEADER --&amp;gt;
       HEADER_IN_VALUE
15:06:46.589 [qtp1105322512-35] DEBUG org.eclipse.jetty.http.HttpParser
       - HEADER_IN_VALUE --&amp;gt; HEADER
15:06:46.590 [qtp1105322512-35]
       DEBUG org.eclipse.jetty.http.HttpParser - HEADER --&amp;gt;
       HEADER_IN_VALUE
15:06:46.590 [qtp1105322512-35] DEBUG org.eclipse.jetty.http.HttpParser
       - HEADER_IN_VALUE --&amp;gt; HEADER
15:06:46.590 [qtp1105322512-35]
       DEBUG org.eclipse.jetty.http.HttpParser - HEADER --&amp;gt;
       END
15:06:46.590 [qtp1105322512-35] DEBUG org.eclipse.jetty.server.HttpChannel
       - HttpChannelOverHttp@65099ff9{r=4,c=false,a=IDLE,uri=-} messageComplete
      
15:06:46.590 [qtp1105322512-35] DEBUG org.eclipse.jetty.server.HttpInput
       - HttpInputOverHTTP@6ace5bc1 EOF
15:06:46.590 [qtp1105322512-35]
       DEBUG org.eclipse.jetty.server.HttpChannel - HttpChannelOverHttp@65099ff9{r=4,c=false,a=IDLE,uri=-}
       handle enter
15:06:46.590 [qtp1105322512-35 - /test] DEBUG
       o.e.jetty.server.HttpChannelState - HttpChannelState@200b1d3c{s=IDLE
       i=true a=null} handling IDLE
15:06:46.590 [qtp1105322512-35
       - /test] DEBUG org.eclipse.jetty.server.HttpChannel - HttpChannelOverHttp@65099ff9{r=4,c=false,a=DISPATCHED,uri=/test}
       action REQUEST_DISPATCH
15:06:46.590 [qtp1105322512-35 -
       /test] DEBUG org.eclipse.jetty.server.Server - REQUEST GET
       /test on HttpChannelOverHttp@65099ff9{r=4,c=false,a=DISPATCHED,uri=/test}
      
15:06:46.590 [qtp1105322512-35 - /test] DEBUG o.e.j.server.handler.ContextHandler
       - scope null||/test @ o.e.j.s.ServletContextHandler@6f46426d{/,null,AVAILABLE}
      
15:06:46.591 [qtp1105322512-35 - /test] DEBUG o.e.j.server.handler.ContextHandler
       - context=||/test @ o.e.j.s.ServletContextHandler@6f46426d{/,null,AVAILABLE}
      
15:06:46.591 [qtp1105322512-35 - /test] DEBUG org.eclipse.jetty.server.session
       - sessionManager=org.eclipse.jetty.server.session.HashSessionManager@32ee6fee
      
15:06:46.591 [qtp1105322512-35 - /test] DEBUG org.eclipse.jetty.server.session
       - session=null
15:06:46.592 [qtp1105322512-35 - /test] DEBUG
       o.e.jetty.servlet.ServletHandler - servlet ||/test -&amp;gt;
       org.apache.felix.http.base.internal.DispatcherServlet-4738a206@cebacce0==org.apache.felix.http.base.internal.DispatcherServlet,-1,true
      
15:06:46.592 [qtp1105322512-35 - /test] DEBUG o.e.jetty.servlet.ServletHandler
       - chain=null
15:06:46.620 [qtp1105322512-35 - /test] WARN
        o.e.jetty.servlet.ServletHandler - /test
java.lang.RuntimeException:
       TEST EXCEPTION, IGNORE!
	at org.amdatu.web.rest.ApplicationRegistrationTest$TestResource.handleGetRequest(ApplicationRegistrationTest.java:65)
       ~[na:na]
	at sun.reflect.NativeMethodAccessorImpl.invoke0(Native
       Method) ~[na:1.8.0_40]
	at sun.reflect.NativeMethodAccessorImpl.invoke(Unknown
       Source) ~[na:1.8.0_40]
	at sun.reflect.DelegatingMethodAccessorImpl.invoke(Unknown
       Source) ~[na:1.8.0_40]
	at java.lang.reflect.Method.invoke(Unknown
       Source) ~[na:1.8.0_40]
	at org.apache.wink.server.internal.handlers.InvokeMethodHandler.handleRequest(InvokeMethodHandler.java:63)
       ~[na:na]
	at org.apache.wink.server.handlers.AbstractHandler.handleRequest(AbstractHandler.java:33)
       ~[na:na]
	at org.apache.wink.server.handlers.RequestHandlersChain.handle(RequestHandlersChain.java:26)
       ~[na:na]
	at org.apache.wink.server.handlers.RequestHandlersChain.handle(RequestHandlersChain.java:22)
       ~[na:na]
	at org.apache.wink.server.handlers.AbstractHandlersChain.doChain(AbstractHandlersChain.java:63)
       ~[na:na]
	at org.apache.wink.server.internal.handlers.CreateInvocationParametersHandler.handleRequest(CreateInvocationParametersHandler.java:54)
       ~[na:na]
	at org.apache.wink.server.handlers.RequestHandlersChain.handle(RequestHandlersChain.java:26)
       ~[na:na]
	at org.apache.wink.server.handlers.RequestHandlersChain.handle(RequestHandlersChain.java:22)
       ~[na:na]
	at org.apache.wink.server.handlers.AbstractHandlersChain.doChain(AbstractHandlersChain.java:63)
       ~[na:na]
	at org.apache.wink.server.internal.handlers.FindResourceMethodHandler.handleResourceMethod(FindResourceMethodHandler.java:151)
       ~[na:na]
	at org.apache.wink.server.internal.handlers.FindResourceMethodHandler.handleRequest(FindResourceMethodHandler.java:65)
       ~[na:na]
	at org.apache.wink.server.handlers.RequestHandlersChain.handle(RequestHandlersChain.java:26)
       ~[na:na]
	at org.apache.wink.server.handlers.RequestHandlersChain.handle(RequestHandlersChain.java:22)
       ~[na:na]
	at org.apache.wink.server.handlers.AbstractHandlersChain.doChain(AbstractHandlersChain.java:63)
       ~[na:na]
	at org.apache.wink.server.internal.handlers.FindRootResourceHandler.handleRequest(FindRootResourceHandler.java:95)
       ~[na:na]
	at org.apache.wink.server.handlers.RequestHandlersChain.handle(RequestHandlersChain.java:26)
       ~[na:na]
	at org.apache.wink.server.handlers.RequestHandlersChain.handle(RequestHandlersChain.java:22)
       ~[na:na]
	at org.apache.wink.server.handlers.AbstractHandlersChain.doChain(AbstractHandlersChain.java:63)
       ~[na:na]
	at org.apache.wink.server.internal.handlers.HeadMethodHandler.handleRequest(HeadMethodHandler.java:53)
       ~[na:na]
	at org.apache.wink.server.handlers.RequestHandlersChain.handle(RequestHandlersChain.java:26)
       ~[na:na]
	at org.apache.wink.server.handlers.RequestHandlersChain.handle(RequestHandlersChain.java:22)
       ~[na:na]
	at org.apache.wink.server.handlers.AbstractHandlersChain.doChain(AbstractHandlersChain.java:63)
       ~[na:na]
	at org.apache.wink.server.internal.handlers.OptionsMethodHandler.handleRequest(OptionsMethodHandler.java:46)
       ~[na:na]
	at org.apache.wink.server.handlers.RequestHandlersChain.handle(RequestHandlersChain.java:26)
       ~[na:na]
	at org.apache.wink.server.handlers.RequestHandlersChain.handle(RequestHandlersChain.java:22)
       ~[na:na]
	at org.apache.wink.server.handlers.AbstractHandlersChain.doChain(AbstractHandlersChain.java:63)
       ~[na:na]
	at org.apache.wink.server.internal.handlers.SearchResultHandler.handleRequest(SearchResultHandler.java:33)
       ~[na:na]
	at org.apache.wink.server.handlers.RequestHandlersChain.handle(RequestHandlersChain.java:26)
       ~[na:na]
	at org.apache.wink.server.handlers.RequestHandlersChain.handle(RequestHandlersChain.java:22)
       ~[na:na]
	at org.apache.wink.server.handlers.AbstractHandlersChain.doChain(AbstractHandlersChain.java:63)
       ~[na:na]
	at org.apache.wink.server.internal.log.ResourceInvocation.handleRequest(ResourceInvocation.java:92)
       ~[na:na]
	at org.apache.wink.server.handlers.RequestHandlersChain.handle(RequestHandlersChain.java:26)
       ~[na:na]
	at org.apache.wink.server.handlers.RequestHandlersChain.handle(RequestHandlersChain.java:22)
       ~[na:na]
	at org.apache.wink.server.handlers.AbstractHandlersChain.doChain(AbstractHandlersChain.java:63)
       ~[na:na]
	at org.apache.wink.server.internal.log.Requests.handleRequest(Requests.java:76)
       ~[na:na]
	at org.apache.wink.server.handlers.RequestHandlersChain.handle(RequestHandlersChain.java:26)
       ~[na:na]
	at org.apache.wink.server.handlers.RequestHandlersChain.handle(RequestHandlersChain.java:22)
       ~[na:na]
	at org.apache.wink.server.handlers.AbstractHandlersChain.doChain(AbstractHandlersChain.java:63)
       ~[na:na]
	at org.apache.wink.server.handlers.AbstractHandlersChain.run(AbstractHandlersChain.java:48)
       ~[na:na]
	at org.apache.wink.server.internal.RequestProcessor.handleRequestWithoutFaultBarrier(RequestProcessor.java:207)
       ~[na:na]
	at org.apache.wink.server.internal.RequestProcessor.handleRequest(RequestProcessor.java:154)
       ~[na:na]
	at org.amdatu.web.rest.wink.WinkFilterManager.handleRequest(WinkFilterManager.java:119)
       ~[na:na]
	at org.amdatu.web.rest.wink.WinkFilter$1.run(WinkFilter.java:62)
       ~[na:na]
	at org.amdatu.web.rest.wink.WinkFilter$1.run(WinkFilter.java:1)
       ~[na:na]
	at java.security.AccessController.doPrivileged(Native
       Method) ~[na:1.8.0_40]
	at org.amdatu.web.rest.wink.WinkFilter.doFilter(WinkFilter.java:55)
       ~[na:na]
	at org.apache.felix.http.base.internal.handler.FilterHandler.doHandle(FilterHandler.java:108)
       ~[na:na]
	at org.apache.felix.http.base.internal.handler.FilterHandler.handle(FilterHandler.java:80)
       ~[na:na]
	at org.apache.felix.http.base.internal.dispatch.InvocationFilterChain.doFilter(InvocationFilterChain.java:46)
       ~[na:na]
	at org.apache.felix.http.base.internal.dispatch.HttpFilterChain.doFilter(HttpFilterChain.java:31)
       ~[na:na]
	at org.apache.felix.http.base.internal.dispatch.FilterPipeline.dispatch(FilterPipeline.java:76)
       ~[na:na]
	at org.apache.felix.http.base.internal.dispatch.Dispatcher.dispatch(Dispatcher.java:49)
       ~[na:na]
	at org.apache.felix.http.base.internal.DispatcherServlet.service(DispatcherServlet.java:67)
       ~[na:na]
	at javax.servlet.http.HttpServlet.service(HttpServlet.java:725)
       ~[org.apache.felix.http.servlet-api-1.1.2.jar:na]
	at org.eclipse.jetty.servlet.ServletHolder.handle(ServletHolder.java:808)
       ~[na:na]
	at org.eclipse.jetty.servlet.ServletHandler.doHandle(ServletHandler.java:587)
       ~[na:na]
	at org.eclipse.jetty.server.session.SessionHandler.doHandle(SessionHandler.java:221)
       ~[na:na]
	at org.eclipse.jetty.server.handler.ContextHandler.doHandle(ContextHandler.java:1127)
       ~[na:na]
	at org.eclipse.jetty.servlet.ServletHandler.doScope(ServletHandler.java:515)
       ~[na:na]
	at org.eclipse.jetty.server.session.SessionHandler.doScope(SessionHandler.java:185)
       ~[na:na]
	at org.eclipse.jetty.server.handler.ContextHandler.doScope(ContextHandler.java:1061)
       ~[na:na]
	at org.eclipse.jetty.server.handler.ScopedHandler.handle(ScopedHandler.java:141)
       ~[na:na]
	at org.eclipse.jetty.server.handler.ContextHandlerCollection.handle(ContextHandlerCollection.java:215)
       ~[na:na]
	at org.eclipse.jetty.server.handler.HandlerWrapper.handle(HandlerWrapper.java:97)
       ~[na:na]
	at org.eclipse.jetty.server.Server.handle(Server.java:497)
       ~[na:na]
	at org.eclipse.jetty.server.HttpChannel.handle(HttpChannel.java:310)
       ~[na:na]
	at org.eclipse.jetty.server.HttpConnection.onFillable(HttpConnection.java:257)
       ~[na:na]
	at org.eclipse.jetty.io.AbstractConnection$2.run(AbstractConnection.java:540)
       ~[na:na]
	at org.eclipse.jetty.util.thread.QueuedThreadPool.runJob(QueuedThreadPool.java:635)
       ~[na:na]
	at org.eclipse.jetty.util.thread.QueuedThreadPool$3.run(QueuedThreadPool.java:555)
       ~[na:na]
	at java.lang.Thread.run(Unknown Source) ~[na:1.8.0_40]
      
15:06:46.622 [qtp1105322512-35 - /test] DEBUG o.e.jetty.servlet.ServletHandler
       - (GET /test)@255156136 org.eclipse.jetty.server.Request@f355fa8
      
15:06:46.622 [qtp1105322512-35 - /test] DEBUG o.e.jetty.server.HttpConnection
       - org.eclipse.jetty.server.HttpConnection$SendCallback@45cc4a49[PROCESSING][i=ResponseInfo{HTTP/1.1
       500 null,324,false},cb=org.eclipse.jetty.server.HttpChannel$CommitCallback@dd8db27]
       generate: NEED_HEADER (null,[p=0,l=324,c=2048,r=324],true)@START
      
15:06:46.623 [qtp1105322512-35 - /test] DEBUG o.e.jetty.server.HttpConnection
       - org.eclipse.jetty.server.HttpConnection$SendCallback@45cc4a49[PROCESSING][i=ResponseInfo{HTTP/1.1
       500 null,324,false},cb=org.eclipse.jetty.server.HttpChannel$CommitCallback@dd8db27]
       generate: FLUSH ([p=0,l=271,c=16384,r=271],[p=0,l=324,c=2048,r=324],true)@COMPLETING
      
15:06:46.623 [qtp1105322512-35 - /test] DEBUG org.eclipse.jetty.io.WriteFlusher
       - write: WriteFlusher@7e7b5cc5{IDLE} [HeapByteBuffer@5f5d7660[p=0,l=271,c=16384,r=271]={&amp;lt;&amp;lt;&amp;lt;HTTP/1.1
       500 Serv....v20150224)\r\n\r\n&amp;gt;&amp;gt;&amp;gt;\x00\x00\x00\x00\x00\x00\x00\x00\x00\x00\x00\x00\x00\x00\x00\x00\x00...\x00\x00\x00\x00\x00\x00\x00\x00\x00\x00\x00\x00\x00\x00\x00},HeapByteBuffer@70d07294[p=0,l=324,c=2048,r=324]={&amp;lt;&amp;lt;&amp;lt;&amp;lt;html&amp;gt;\n&amp;lt;head&amp;gt;\n&amp;lt;me.../body&amp;gt;\n&amp;lt;/html&amp;gt;\n&amp;gt;&amp;gt;&amp;gt;\x00\x00\x00\x00\x00\x00\x00\x00\x00\x00\x00\x00\x00\x00\x00\x00\x00...\x00\x00\x00\x00\x00\x00\x00\x00\x00\x00\x00\x00\x00\x00\x00}]
      
15:06:46.623 [qtp1105322512-35 - /test] DEBUG org.eclipse.jetty.io.WriteFlusher
       - update WriteFlusher@7e7b5cc5{WRITING}:IDLE--&amp;gt;WRITING
      
15:06:46.624 [qtp1105322512-35 - /test] DEBUG org.eclipse.jetty.io.ChannelEndPoint
       - flushed 595 SelectChannelEndPoint@61361707{/127.0.0.1:52002&amp;lt;-&amp;gt;8080,Open,in,out,-,W,35/60000,HttpConnection}{io=0,kio=0,kro=1}
      
15:06:46.624 [qtp1105322512-35 - /test] DEBUG org.eclipse.jetty.io.WriteFlusher
       - update WriteFlusher@7e7b5cc5{IDLE}:WRITING--&amp;gt;IDLE
      
15:06:46.624 [qtp1105322512-35 - /test] DEBUG o.e.jetty.server.HttpConnection
       - org.eclipse.jetty.server.HttpConnection$SendCallback@45cc4a49[PROCESSING][i=ResponseInfo{HTTP/1.1
       500 null,324,false},cb=org.eclipse.jetty.server.HttpChannel$CommitCallback@dd8db27]
       generate: SHUTDOWN_OUT ([p=271,l=271,c=16384,r=0],[p=324,l=324,c=2048,r=0],true)@END
      
15:06:46.624 [qtp1105322512-35 - /test] DEBUG o.e.jetty.server.HttpConnection
       - org.eclipse.jetty.server.HttpConnection$SendCallback@45cc4a49[PROCESSING][i=ResponseInfo{HTTP/1.1
       500 null,324,false},cb=org.eclipse.jetty.server.HttpChannel$CommitCallback@dd8db27]
       generate: DONE ([p=271,l=271,c=16384,r=0],[p=324,l=324,c=2048,r=0],true)@END
      
15:06:46.624 [qtp1105322512-35 - /test] DEBUG org.eclipse.jetty.io.ChannelEndPoint
       - oshut SelectChannelEndPoint@61361707{/127.0.0.1:52002&amp;lt;-&amp;gt;8080,Open,in,out,-,-,0/60000,HttpConnection}{io=0,kio=0,kro=1}
      
15:06:46.624 [qtp1105322512-35 - /test] DEBUG org.eclipse.jetty.server.Server
       - RESPONSE /test  500 handled=true
15:06:46.625 [qtp1105322512-35
       - /test] DEBUG o.e.jetty.server.HttpChannelState - HttpChannelState@200b1d3c{s=DISPATCHED
       i=true a=null} unhandle DISPATCHED
15:06:46.625 [qtp1105322512-35
       - /test] DEBUG org.eclipse.jetty.http.HttpParser - close HttpParser{s=END,0
       of -1}
15:06:46.625 [qtp1105322512-35 - /test] DEBUG org.eclipse.jetty.http.HttpParser
       - END --&amp;gt; CLOSED
15:06:46.625 [qtp1105322512-35] DEBUG
       org.eclipse.jetty.server.HttpChannel - HttpChannelOverHttp@65099ff9{r=4,c=false,a=IDLE,uri=-}
       handle exit, result COMPLETE
15:06:46.625 [qtp1105322512-35]
       DEBUG org.eclipse.jetty.io.ChannelEndPoint - filled -1 SelectChannelEndPoint@61361707{/127.0.0.1:52002&amp;lt;-&amp;gt;8080,Open,in,OSHUT,-,-,1/60000,HttpConnection}{io=0,kio=0,kro=1}
      
15:06:46.625 [qtp1105322512-35] DEBUG org.eclipse.jetty.io.ChannelEndPoint
       - ishut SelectChannelEndPoint@61361707{/127.0.0.1:52002&amp;lt;-&amp;gt;8080,Open,in,OSHUT,-,-,1/60000,HttpConnection}{io=0,kio=0,kro=1}
      
15:06:46.625 [qtp1105322512-35] DEBUG o.eclipse.jetty.io.AbstractEndPoint
       - onClose SelectChannelEndPoint@61361707{/127.0.0.1:52002&amp;lt;-&amp;gt;8080,CLOSED,ISHUT,OSHUT,-,-,1/60000,HttpConnection}{io=0,kio=0,kro=1}
    </system-out>
  </testcase>
  <testcase name='testServiceRankingFilter' time='0.251' classname='org.amdatu.web.rest.CompositeTest'>
    <system-out>
      15:06:46.636 [qtp1105322512-37-acceptor-0@59402b8f-ServerConnector@6892b3b6{HTTP/1.1}{0.0.0.0:8080}]
       DEBUG org.eclipse.jetty.io.SelectorManager - Queued change
       org.eclipse.jetty.io.SelectorManager$ManagedSelector$Accept@537c34a8
      
15:06:46.637 [qtp1105322512-33-selector-ServerConnectorManager@1530c739/0]
       DEBUG org.eclipse.jetty.io.SelectorManager - Selector loop
       woken up from select, 0/0 selected
15:06:46.637 [qtp1105322512-33-selector-ServerConnectorManager@1530c739/0]
       DEBUG org.eclipse.jetty.io.SelectorManager - Running change
       org.eclipse.jetty.io.SelectorManager$ManagedSelector$Accept@537c34a8
      
15:06:46.637 [qtp1105322512-33-selector-ServerConnectorManager@1530c739/0]
       DEBUG o.eclipse.jetty.io.AbstractEndPoint - onOpen SelectChannelEndPoint@625ba5b4{/127.0.0.1:52003&amp;lt;-&amp;gt;8080,Open,in,out,-,-,0/60000,null}{io=0,kio=0,kro=0}
      
15:06:46.638 [qtp1105322512-33-selector-ServerConnectorManager@1530c739/0]
       DEBUG org.eclipse.jetty.io.IdleTimeout - SelectChannelEndPoint@625ba5b4{/127.0.0.1:52003&amp;lt;-&amp;gt;8080,Open,in,out,-,-,0/60000,null}{io=0,kio=0,kro=0}
       idle timeout check, elapsed: 0 ms, remaining: 60000 ms
15:06:46.638
       [qtp1105322512-33-selector-ServerConnectorManager@1530c739/0]
       DEBUG org.eclipse.jetty.server.HttpChannel - new HttpChannelOverHttp@4ce0ee83{r=0,c=false,a=IDLE,uri=-}
       -&amp;gt; SelectChannelEndPoint@625ba5b4{/127.0.0.1:52003&amp;lt;-&amp;gt;8080,Open,in,out,-,-,1/60000,null}{io=0,kio=0,kro=0},null,HttpChannelState@3c235f96{s=IDLE
       i=true a=null}
15:06:46.638 [qtp1105322512-33-selector-ServerConnectorManager@1530c739/0]
       DEBUG o.e.jetty.server.HttpConnection - New HTTP Connection
       HttpConnection@7e1184f1{IDLE}
15:06:46.638 [qtp1105322512-33-selector-ServerConnectorManager@1530c739/0]
       DEBUG o.e.jetty.io.AbstractConnection - onOpen HttpConnection@7e1184f1{IDLE}
      
15:06:46.638 [qtp1105322512-33-selector-ServerConnectorManager@1530c739/0]
       DEBUG o.e.jetty.io.AbstractConnection - fillInterested HttpConnection@7e1184f1{IDLE}
      
15:06:46.639 [qtp1105322512-33-selector-ServerConnectorManager@1530c739/0]
       DEBUG o.e.jetty.io.AbstractConnection - IDLE--&amp;gt;FILL_INTERESTED
       HttpConnection@7e1184f1{FILL_INTERESTED}
15:06:46.639 [qtp1105322512-33-selector-ServerConnectorManager@1530c739/0]
       DEBUG o.e.jetty.io.SelectChannelEndPoint - Local interests
       updating 0 -&amp;gt; 1 for SelectChannelEndPoint@625ba5b4{/127.0.0.1:52003&amp;lt;-&amp;gt;8080,Open,in,out,R,-,0/60000,HttpConnection}{io=1,kio=0,kro=0}
      
15:06:46.639 [qtp1105322512-33-selector-ServerConnectorManager@1530c739/0]
       DEBUG org.eclipse.jetty.io.SelectorManager - Running change
       org.eclipse.jetty.io.SelectChannelEndPoint$1@4158e882
15:06:46.639
       [qtp1105322512-33-selector-ServerConnectorManager@1530c739/0]
       DEBUG o.e.jetty.io.SelectChannelEndPoint - Key interests updated
       0 -&amp;gt; 1 on SelectChannelEndPoint@625ba5b4{/127.0.0.1:52003&amp;lt;-&amp;gt;8080,Open,in,out,R,-,0/60000,HttpConnection}{io=1,kio=1,kro=0}
      
15:06:46.639 [qtp1105322512-33-selector-ServerConnectorManager@1530c739/0]
       DEBUG org.eclipse.jetty.io.SelectorManager - Created SelectChannelEndPoint@625ba5b4{/127.0.0.1:52003&amp;lt;-&amp;gt;8080,Open,in,out,R,-,0/60000,HttpConnection}{io=1,kio=1,kro=0}
      
15:06:46.639 [qtp1105322512-33-selector-ServerConnectorManager@1530c739/0]
       DEBUG org.eclipse.jetty.io.SelectorManager - Selector loop
       waiting on select
15:06:46.640 [qtp1105322512-33-selector-ServerConnectorManager@1530c739/0]
       DEBUG org.eclipse.jetty.io.SelectorManager - Selector loop
       woken up from select, 1/1 selected
15:06:46.640 [qtp1105322512-33-selector-ServerConnectorManager@1530c739/0]
       DEBUG o.e.jetty.io.SelectChannelEndPoint - Key interests updated
       1 -&amp;gt; 0 on SelectChannelEndPoint@625ba5b4{/127.0.0.1:52003&amp;lt;-&amp;gt;8080,Open,in,out,R,-,1/60000,HttpConnection}{io=1,kio=0,kro=1}
      
15:06:46.640 [qtp1105322512-33-selector-ServerConnectorManager@1530c739/0]
       DEBUG o.e.jetty.io.SelectChannelEndPoint - Local interests
       updating 1 -&amp;gt; 0 for SelectChannelEndPoint@625ba5b4{/127.0.0.1:52003&amp;lt;-&amp;gt;8080,Open,in,out,R,-,1/60000,HttpConnection}{io=0,kio=0,kro=1}
      
15:06:46.640 [qtp1105322512-33-selector-ServerConnectorManager@1530c739/0]
       DEBUG org.eclipse.jetty.io.SelectorManager - Running change
       org.eclipse.jetty.io.SelectChannelEndPoint$1@4158e882
15:06:46.643
       [qtp1105322512-33-selector-ServerConnectorManager@1530c739/0]
       DEBUG o.e.jetty.io.AbstractConnection - FILL_INTERESTED--&amp;gt;FILLING
       HttpConnection@7e1184f1{FILLING}
15:06:46.644 [qtp1105322512-33-selector-ServerConnectorManager@1530c739/0]
       DEBUG org.eclipse.jetty.io.SelectorManager - Selector loop
       waiting on select
15:06:46.644 [qtp1105322512-38] DEBUG o.e.jetty.server.HttpConnection
       - HttpConnection@7e1184f1{FILLING} onFillable HttpChannelState@3c235f96{s=IDLE
       i=true a=null}
15:06:46.644 [qtp1105322512-38] DEBUG org.eclipse.jetty.io.ChannelEndPoint
       - filled 157 SelectChannelEndPoint@625ba5b4{/127.0.0.1:52003&amp;lt;-&amp;gt;8080,Open,in,out,-,-,5/60000,HttpConnection}{io=0,kio=0,kro=1}
      
15:06:46.645 [qtp1105322512-38] DEBUG org.eclipse.jetty.http.HttpParser
       - parseNext s=START HeapByteBuffer@dae116c9[p=0,l=157,c=8192,r=157]={&amp;lt;&amp;lt;&amp;lt;GET
       /rest HTTP/1.... keep-alive\r\n\r\n&amp;gt;&amp;gt;&amp;gt;\x00\x00\x00\x00\x00\x00\x00\x00\x00\x00\x00\x00\x00\x00\x00\x00\x00...\x00\x00\x00\x00\x00\x00\x00\x00\x00\x00\x00\x00\x00\x00\x00}
      
15:06:46.645 [qtp1105322512-38] DEBUG org.eclipse.jetty.http.HttpParser
       - START --&amp;gt; SPACE1
15:06:46.645 [qtp1105322512-38]
       DEBUG org.eclipse.jetty.http.HttpParser - SPACE1 --&amp;gt;
       URI
15:06:46.645 [qtp1105322512-38] DEBUG org.eclipse.jetty.http.HttpParser
       - URI --&amp;gt; SPACE2
15:06:46.645 [qtp1105322512-38] DEBUG
       org.eclipse.jetty.http.HttpParser - SPACE2 --&amp;gt; REQUEST_VERSION
      
15:06:46.645 [qtp1105322512-38] DEBUG org.eclipse.jetty.http.HttpParser
       - REQUEST_VERSION --&amp;gt; HEADER
15:06:46.645 [qtp1105322512-38]
       DEBUG org.eclipse.jetty.http.HttpParser - HEADER --&amp;gt;
       HEADER_VALUE
15:06:46.645 [qtp1105322512-38] DEBUG org.eclipse.jetty.http.HttpParser
       - HEADER_VALUE --&amp;gt; HEADER_IN_VALUE
15:06:46.646 [qtp1105322512-38]
       DEBUG org.eclipse.jetty.http.HttpParser - HEADER_IN_VALUE
       --&amp;gt; HEADER
15:06:46.646 [qtp1105322512-38] DEBUG org.eclipse.jetty.http.HttpParser
       - HEADER --&amp;gt; HEADER_VALUE
15:06:46.646 [qtp1105322512-38]
       DEBUG org.eclipse.jetty.http.HttpParser - HEADER_VALUE --&amp;gt;
       HEADER_IN_VALUE
15:06:46.646 [qtp1105322512-38] DEBUG org.eclipse.jetty.http.HttpParser
       - HEADER_IN_VALUE --&amp;gt; HEADER
15:06:46.646 [qtp1105322512-38]
       DEBUG org.eclipse.jetty.http.HttpParser - HEADER --&amp;gt;
       HEADER_VALUE
15:06:46.646 [qtp1105322512-38] DEBUG org.eclipse.jetty.http.HttpParser
       - HEADER_VALUE --&amp;gt; HEADER_IN_VALUE
15:06:46.646 [qtp1105322512-38]
       DEBUG org.eclipse.jetty.http.HttpParser - HEADER_IN_VALUE
       --&amp;gt; HEADER
15:06:46.646 [qtp1105322512-38] DEBUG org.eclipse.jetty.http.HttpParser
       - HEADER --&amp;gt; HEADER_IN_VALUE
15:06:46.646 [qtp1105322512-38]
       DEBUG org.eclipse.jetty.http.HttpParser - HEADER_IN_VALUE
       --&amp;gt; HEADER
15:06:46.647 [qtp1105322512-38] DEBUG org.eclipse.jetty.http.HttpParser
       - HEADER --&amp;gt; END
15:06:46.647 [qtp1105322512-38] DEBUG
       org.eclipse.jetty.server.HttpChannel - HttpChannelOverHttp@4ce0ee83{r=1,c=false,a=IDLE,uri=-}
       messageComplete
15:06:46.647 [qtp1105322512-38] DEBUG org.eclipse.jetty.server.HttpInput
       - HttpInputOverHTTP@6b5f8498 EOF
15:06:46.647 [qtp1105322512-38]
       DEBUG org.eclipse.jetty.server.HttpChannel - HttpChannelOverHttp@4ce0ee83{r=1,c=false,a=IDLE,uri=-}
       handle enter
15:06:46.647 [qtp1105322512-38 - /rest] DEBUG
       o.e.jetty.server.HttpChannelState - HttpChannelState@3c235f96{s=IDLE
       i=true a=null} handling IDLE
15:06:46.648 [qtp1105322512-38
       - /rest] DEBUG org.eclipse.jetty.server.HttpChannel - HttpChannelOverHttp@4ce0ee83{r=1,c=false,a=DISPATCHED,uri=/rest}
       action REQUEST_DISPATCH
15:06:46.648 [qtp1105322512-38 -
       /rest] DEBUG org.eclipse.jetty.server.Server - REQUEST GET
       /rest on HttpChannelOverHttp@4ce0ee83{r=1,c=false,a=DISPATCHED,uri=/rest}
      
15:06:46.648 [qtp1105322512-38 - /rest] DEBUG o.e.j.server.handler.ContextHandler
       - scope null||/rest @ o.e.j.s.ServletContextHandler@6f46426d{/,null,AVAILABLE}
      
15:06:46.648 [qtp1105322512-38 - /rest] DEBUG o.e.j.server.handler.ContextHandler
       - context=||/rest @ o.e.j.s.ServletContextHandler@6f46426d{/,null,AVAILABLE}
      
15:06:46.648 [qtp1105322512-38 - /rest] DEBUG org.eclipse.jetty.server.session
       - sessionManager=org.eclipse.jetty.server.session.HashSessionManager@32ee6fee
      
15:06:46.648 [qtp1105322512-38 - /rest] DEBUG org.eclipse.jetty.server.session
       - session=null
15:06:46.649 [qtp1105322512-38 - /rest] DEBUG
       o.e.jetty.servlet.ServletHandler - servlet ||/rest -&amp;gt;
       org.apache.felix.http.base.internal.DispatcherServlet-4738a206@cebacce0==org.apache.felix.http.base.internal.DispatcherServlet,-1,true
      
15:06:46.649 [qtp1105322512-38 - /rest] DEBUG o.e.jetty.servlet.ServletHandler
       - chain=null
15:06:46.681 [qtp1105322512-38 - /rest] DEBUG
       o.e.jetty.server.HttpConnection - org.eclipse.jetty.server.HttpConnection$SendCallback@772c366c[PROCESSING][i=ResponseInfo{HTTP/1.1
       200 null,-1,false},cb=org.eclipse.jetty.server.HttpChannel$CommitCallback@757deaa0]
       generate: NEED_HEADER (null,[p=0,l=4,c=24576,r=4],false)@START
      
15:06:46.681 [qtp1105322512-38 - /rest] DEBUG o.e.jetty.server.HttpConnection
       - org.eclipse.jetty.server.HttpConnection$SendCallback@772c366c[PROCESSING][i=ResponseInfo{HTTP/1.1
       200 null,-1,false},cb=org.eclipse.jetty.server.HttpChannel$CommitCallback@757deaa0]
       generate: FLUSH ([p=0,l=183,c=16384,r=183],[p=0,l=4,c=24576,r=4],false)@COMMITTED
      
15:06:46.682 [qtp1105322512-38 - /rest] DEBUG org.eclipse.jetty.io.WriteFlusher
       - write: WriteFlusher@7f80eb5b{IDLE} [HeapByteBuffer@b89290b2[p=0,l=183,c=16384,r=183]={&amp;lt;&amp;lt;&amp;lt;HTTP/1.1
       200 OK\r\n...0150224)\r\n\r\n4\r\n&amp;gt;&amp;gt;&amp;gt;nection:
       close\r\nS...\x00\x00\x00\x00\x00\x00\x00\x00\x00\x00\x00\x00\x00\x00\x00},HeapByteBuffer@b18865d5[p=0,l=4,c=24576,r=4]={&amp;lt;&amp;lt;&amp;lt;rest&amp;gt;&amp;gt;&amp;gt;\x00\x00\x00\x00\x00\x00\x00\x00\x00\x00\x00\x00\x00\x00\x00\x00\x00...\x00\x00\x00\x00\x00\x00\x00\x00\x00\x00\x00\x00\x00\x00\x00}]
      
15:06:46.682 [qtp1105322512-38 - /rest] DEBUG org.eclipse.jetty.io.WriteFlusher
       - update WriteFlusher@7f80eb5b{WRITING}:IDLE--&amp;gt;WRITING
      
15:06:46.683 [qtp1105322512-38 - /rest] DEBUG org.eclipse.jetty.io.ChannelEndPoint
       - flushed 187 SelectChannelEndPoint@625ba5b4{/127.0.0.1:52003&amp;lt;-&amp;gt;8080,Open,in,out,-,W,37/60000,HttpConnection}{io=0,kio=0,kro=1}
      
15:06:46.683 [qtp1105322512-38 - /rest] DEBUG org.eclipse.jetty.io.WriteFlusher
       - update WriteFlusher@7f80eb5b{IDLE}:WRITING--&amp;gt;IDLE
      
15:06:46.683 [qtp1105322512-38 - /rest] DEBUG o.e.jetty.server.HttpConnection
       - org.eclipse.jetty.server.HttpConnection$SendCallback@772c366c[PROCESSING][i=ResponseInfo{HTTP/1.1
       200 null,-1,false},cb=org.eclipse.jetty.server.HttpChannel$CommitCallback@757deaa0]
       generate: DONE ([p=183,l=183,c=16384,r=0],[p=4,l=4,c=24576,r=0],false)@COMMITTED
      
15:06:46.683 [qtp1105322512-38 - /rest] DEBUG org.eclipse.jetty.server.Server
       - RESPONSE /rest  200 handled=true
15:06:46.683 [qtp1105322512-38
       - /rest] DEBUG o.e.jetty.server.HttpChannelState - HttpChannelState@3c235f96{s=DISPATCHED
       i=true a=null} unhandle DISPATCHED
15:06:46.684 [qtp1105322512-38
       - /rest] DEBUG o.e.jetty.server.HttpConnection - org.eclipse.jetty.server.HttpConnection$SendCallback@772c366c[PROCESSING][i=null,cb=Blocker@40dd2a62{null}]
       generate: CONTINUE (null,[p=0,l=0,c=0,r=0],true)@COMPLETING
      
15:06:46.685 [qtp1105322512-38 - /rest] DEBUG o.e.jetty.server.HttpConnection
       - org.eclipse.jetty.server.HttpConnection$SendCallback@772c366c[PROCESSING][i=null,cb=Blocker@40dd2a62{null}]
       generate: NEED_CHUNK (null,[p=0,l=0,c=0,r=0],true)@COMPLETING
      
15:06:46.686 [qtp1105322512-38 - /rest] DEBUG o.e.jetty.server.HttpConnection
       - org.eclipse.jetty.server.HttpConnection$SendCallback@772c366c[PROCESSING][i=null,cb=Blocker@40dd2a62{null}]
       generate: FLUSH (null,[p=0,l=0,c=0,r=0],true)@COMPLETING
      
15:06:46.686 [qtp1105322512-38 - /rest] DEBUG org.eclipse.jetty.io.WriteFlusher
       - write: WriteFlusher@7f80eb5b{IDLE} [HeapByteBuffer@6239c7f4[p=0,l=7,c=1024,r=7]={&amp;lt;&amp;lt;&amp;lt;\r\n0\r\n\r\n&amp;gt;&amp;gt;&amp;gt;\x00\x00\x00\x00\x00\x00\x00\x00\x00\x00\x00\x00\x00\x00\x00\x00\x00...\x00\x00\x00\x00\x00\x00\x00\x00\x00\x00\x00\x00\x00\x00\x00}]
      
15:06:46.686 [qtp1105322512-38 - /rest] DEBUG org.eclipse.jetty.io.WriteFlusher
       - update WriteFlusher@7f80eb5b{WRITING}:IDLE--&amp;gt;WRITING
      
15:06:46.687 [qtp1105322512-38 - /rest] DEBUG org.eclipse.jetty.io.ChannelEndPoint
       - flushed 7 SelectChannelEndPoint@625ba5b4{/127.0.0.1:52003&amp;lt;-&amp;gt;8080,Open,in,out,-,W,4/60000,HttpConnection}{io=0,kio=0,kro=1}
      
15:06:46.687 [qtp1105322512-38 - /rest] DEBUG org.eclipse.jetty.io.WriteFlusher
       - update WriteFlusher@7f80eb5b{IDLE}:WRITING--&amp;gt;IDLE
      
15:06:46.687 [qtp1105322512-38 - /rest] DEBUG o.e.jetty.server.HttpConnection
       - org.eclipse.jetty.server.HttpConnection$SendCallback@772c366c[PROCESSING][i=null,cb=Blocker@40dd2a62{null}]
       generate: DONE (null,[p=0,l=0,c=0,r=0],true)@END
15:06:46.687
       [qtp1105322512-38 - /rest] DEBUG org.eclipse.jetty.http.HttpParser
       - reset HttpParser{s=END,0 of 0}
15:06:46.687 [qtp1105322512-38
       - /rest] DEBUG org.eclipse.jetty.http.HttpParser - END --&amp;gt;
       START
15:06:46.687 [qtp1105322512-38] DEBUG org.eclipse.jetty.server.HttpChannel
       - HttpChannelOverHttp@4ce0ee83{r=1,c=false,a=IDLE,uri=-} handle
       exit, result COMPLETE
15:06:46.688 [qtp1105322512-38] DEBUG
       org.eclipse.jetty.io.ChannelEndPoint - filled 0 SelectChannelEndPoint@625ba5b4{/127.0.0.1:52003&amp;lt;-&amp;gt;8080,Open,in,out,-,-,1/60000,HttpConnection}{io=0,kio=0,kro=1}
      
15:06:46.695 [qtp1105322512-38] DEBUG org.eclipse.jetty.io.ChannelEndPoint
       - filled 159 SelectChannelEndPoint@625ba5b4{/127.0.0.1:52003&amp;lt;-&amp;gt;8080,Open,in,out,-,-,8/60000,HttpConnection}{io=0,kio=0,kro=1}
      
15:06:46.695 [qtp1105322512-38] DEBUG org.eclipse.jetty.http.HttpParser
       - parseNext s=START HeapByteBuffer@6f8d0ce5[p=0,l=159,c=8192,r=159]={&amp;lt;&amp;lt;&amp;lt;GET
       /filter HTTP/... keep-alive\r\n\r\n&amp;gt;&amp;gt;&amp;gt;\x00\x00\x00\x00\x00\x00\x00\x00\x00\x00\x00\x00\x00\x00\x00\x00\x00...\x00\x00\x00\x00\x00\x00\x00\x00\x00\x00\x00\x00\x00\x00\x00}
      
15:06:46.695 [qtp1105322512-38] DEBUG org.eclipse.jetty.http.HttpParser
       - START --&amp;gt; SPACE1
15:06:46.696 [qtp1105322512-38]
       DEBUG org.eclipse.jetty.http.HttpParser - SPACE1 --&amp;gt;
       URI
15:06:46.696 [qtp1105322512-38] DEBUG org.eclipse.jetty.http.HttpParser
       - URI --&amp;gt; SPACE2
15:06:46.696 [qtp1105322512-38] DEBUG
       org.eclipse.jetty.http.HttpParser - SPACE2 --&amp;gt; REQUEST_VERSION
      
15:06:46.696 [qtp1105322512-38] DEBUG org.eclipse.jetty.http.HttpParser
       - REQUEST_VERSION --&amp;gt; HEADER
15:06:46.696 [qtp1105322512-38]
       DEBUG org.eclipse.jetty.http.HttpParser - HEADER --&amp;gt;
       HEADER_IN_VALUE
15:06:46.696 [qtp1105322512-38] DEBUG org.eclipse.jetty.http.HttpParser
       - HEADER_IN_VALUE --&amp;gt; HEADER
15:06:46.696 [qtp1105322512-38]
       DEBUG org.eclipse.jetty.http.HttpParser - HEADER --&amp;gt;
       HEADER_IN_VALUE
15:06:46.696 [qtp1105322512-38] DEBUG org.eclipse.jetty.http.HttpParser
       - HEADER_IN_VALUE --&amp;gt; HEADER
15:06:46.696 [qtp1105322512-38]
       DEBUG org.eclipse.jetty.http.HttpParser - HEADER --&amp;gt;
       HEADER_IN_VALUE
15:06:46.696 [qtp1105322512-38] DEBUG org.eclipse.jetty.http.HttpParser
       - HEADER_IN_VALUE --&amp;gt; HEADER
15:06:46.696 [qtp1105322512-38]
       DEBUG org.eclipse.jetty.http.HttpParser - HEADER --&amp;gt;
       HEADER_IN_VALUE
15:06:46.696 [qtp1105322512-38] DEBUG org.eclipse.jetty.http.HttpParser
       - HEADER_IN_VALUE --&amp;gt; HEADER
15:06:46.696 [qtp1105322512-38]
       DEBUG org.eclipse.jetty.http.HttpParser - HEADER --&amp;gt;
       END
15:06:46.696 [qtp1105322512-38] DEBUG org.eclipse.jetty.server.HttpChannel
       - HttpChannelOverHttp@4ce0ee83{r=2,c=false,a=IDLE,uri=-} messageComplete
      
15:06:46.696 [qtp1105322512-38] DEBUG org.eclipse.jetty.server.HttpInput
       - HttpInputOverHTTP@6b5f8498 EOF
15:06:46.697 [qtp1105322512-38]
       DEBUG org.eclipse.jetty.server.HttpChannel - HttpChannelOverHttp@4ce0ee83{r=2,c=false,a=IDLE,uri=-}
       handle enter
15:06:46.697 [qtp1105322512-38 - /filter] DEBUG
       o.e.jetty.server.HttpChannelState - HttpChannelState@3c235f96{s=IDLE
       i=true a=null} handling IDLE
15:06:46.697 [qtp1105322512-38
       - /filter] DEBUG org.eclipse.jetty.server.HttpChannel - HttpChannelOverHttp@4ce0ee83{r=2,c=false,a=DISPATCHED,uri=/filter}
       action REQUEST_DISPATCH
15:06:46.697 [qtp1105322512-38 -
       /filter] DEBUG org.eclipse.jetty.server.Server - REQUEST GET
       /filter on HttpChannelOverHttp@4ce0ee83{r=2,c=false,a=DISPATCHED,uri=/filter}
      
15:06:46.697 [qtp1105322512-38 - /filter] DEBUG o.e.j.server.handler.ContextHandler
       - scope null||/filter @ o.e.j.s.ServletContextHandler@6f46426d{/,null,AVAILABLE}
      
15:06:46.697 [qtp1105322512-38 - /filter] DEBUG o.e.j.server.handler.ContextHandler
       - context=||/filter @ o.e.j.s.ServletContextHandler@6f46426d{/,null,AVAILABLE}
      
15:06:46.697 [qtp1105322512-38 - /filter] DEBUG org.eclipse.jetty.server.session
       - sessionManager=org.eclipse.jetty.server.session.HashSessionManager@32ee6fee
      
15:06:46.697 [qtp1105322512-38 - /filter] DEBUG org.eclipse.jetty.server.session
       - session=null
15:06:46.698 [qtp1105322512-38 - /filter]
       DEBUG o.e.jetty.servlet.ServletHandler - servlet ||/filter
       -&amp;gt; org.apache.felix.http.base.internal.DispatcherServlet-4738a206@cebacce0==org.apache.felix.http.base.internal.DispatcherServlet,-1,true
      
15:06:46.700 [qtp1105322512-38 - /filter] DEBUG o.e.jetty.servlet.ServletHandler
       - chain=null
15:06:46.701 [qtp1105322512-38 - /filter] DEBUG
       o.e.jetty.server.HttpConnection - org.eclipse.jetty.server.HttpConnection$SendCallback@772c366c[PROCESSING][i=ResponseInfo{HTTP/1.1
       200 null,-1,false},cb=org.eclipse.jetty.server.HttpChannel$CommitCallback@5654eb43]
       generate: NEED_HEADER (null,[p=0,l=6,c=24576,r=6],true)@START
      
15:06:46.702 [qtp1105322512-38 - /filter] DEBUG o.e.jetty.server.HttpConnection
       - org.eclipse.jetty.server.HttpConnection$SendCallback@772c366c[PROCESSING][i=ResponseInfo{HTTP/1.1
       200 null,-1,false},cb=org.eclipse.jetty.server.HttpChannel$CommitCallback@5654eb43]
       generate: FLUSH ([p=0,l=145,c=16384,r=145],[p=0,l=6,c=24576,r=6],true)@COMPLETING
      
15:06:46.703 [qtp1105322512-38 - /filter] DEBUG org.eclipse.jetty.io.WriteFlusher
       - write: WriteFlusher@7f80eb5b{IDLE} [HeapByteBuffer@3fa99dc3[p=0,l=145,c=16384,r=145]={&amp;lt;&amp;lt;&amp;lt;HTTP/1.1
       200 OK\r\n....v20150224)\r\n\r\n&amp;gt;&amp;gt;&amp;gt;ered-By:
       Jetty(9....\x00\x00\x00\x00\x00\x00\x00\x00\x00\x00\x00\x00\x00\x00\x00},HeapByteBuffer@318c579[p=0,l=6,c=24576,r=6]={&amp;lt;&amp;lt;&amp;lt;filter&amp;gt;&amp;gt;&amp;gt;\x00\x00\x00\x00\x00\x00\x00\x00\x00\x00\x00\x00\x00\x00\x00\x00\x00...\x00\x00\x00\x00\x00\x00\x00\x00\x00\x00\x00\x00\x00\x00\x00}]
      
15:06:46.703 [qtp1105322512-38 - /filter] DEBUG org.eclipse.jetty.io.WriteFlusher
       - update WriteFlusher@7f80eb5b{WRITING}:IDLE--&amp;gt;WRITING
      
15:06:46.704 [qtp1105322512-38 - /filter] DEBUG org.eclipse.jetty.io.ChannelEndPoint
       - flushed 151 SelectChannelEndPoint@625ba5b4{/127.0.0.1:52003&amp;lt;-&amp;gt;8080,Open,in,out,-,W,8/60000,HttpConnection}{io=0,kio=0,kro=1}
      
15:06:46.704 [qtp1105322512-38 - /filter] DEBUG org.eclipse.jetty.io.WriteFlusher
       - update WriteFlusher@7f80eb5b{IDLE}:WRITING--&amp;gt;IDLE
      
15:06:46.704 [qtp1105322512-38 - /filter] DEBUG o.e.jetty.server.HttpConnection
       - org.eclipse.jetty.server.HttpConnection$SendCallback@772c366c[PROCESSING][i=ResponseInfo{HTTP/1.1
       200 null,-1,false},cb=org.eclipse.jetty.server.HttpChannel$CommitCallback@5654eb43]
       generate: DONE ([p=145,l=145,c=16384,r=0],[p=6,l=6,c=24576,r=0],true)@END
      
15:06:46.704 [qtp1105322512-38 - /filter] DEBUG org.eclipse.jetty.server.Server
       - RESPONSE /filter  200 handled=true
15:06:46.704 [qtp1105322512-38
       - /filter] DEBUG o.e.jetty.server.HttpChannelState - HttpChannelState@3c235f96{s=DISPATCHED
       i=true a=null} unhandle DISPATCHED
15:06:46.705 [qtp1105322512-38
       - /filter] DEBUG org.eclipse.jetty.http.HttpParser - reset
       HttpParser{s=END,0 of -1}
15:06:46.705 [qtp1105322512-38
       - /filter] DEBUG org.eclipse.jetty.http.HttpParser - END --&amp;gt;
       START
15:06:46.705 [qtp1105322512-38] DEBUG org.eclipse.jetty.server.HttpChannel
       - HttpChannelOverHttp@4ce0ee83{r=2,c=false,a=IDLE,uri=-} handle
       exit, result COMPLETE
15:06:46.706 [qtp1105322512-38] DEBUG
       org.eclipse.jetty.io.ChannelEndPoint - filled 0 SelectChannelEndPoint@625ba5b4{/127.0.0.1:52003&amp;lt;-&amp;gt;8080,Open,in,out,-,-,2/60000,HttpConnection}{io=0,kio=0,kro=1}
      
15:06:46.706 [qtp1105322512-38] DEBUG org.eclipse.jetty.io.ChannelEndPoint
       - filled 0 SelectChannelEndPoint@625ba5b4{/127.0.0.1:52003&amp;lt;-&amp;gt;8080,Open,in,out,-,-,2/60000,HttpConnection}{io=0,kio=0,kro=1}
      
15:06:46.706 [qtp1105322512-38] DEBUG org.eclipse.jetty.http.HttpParser
       - parseNext s=START HeapByteBuffer@6f8d0ce5[p=0,l=0,c=8192,r=0]={&amp;lt;&amp;lt;&amp;lt;&amp;gt;&amp;gt;&amp;gt;GET
       /filter HTTP/...\x00\x00\x00\x00\x00\x00\x00\x00\x00\x00\x00\x00\x00\x00\x00}
      
15:06:46.706 [qtp1105322512-38] DEBUG o.e.jetty.io.AbstractConnection
       - fillInterested HttpConnection@7e1184f1{FILLING}
15:06:46.706
       [qtp1105322512-38] DEBUG o.e.jetty.io.AbstractConnection -
       FILLING--&amp;gt;FILLING_FILL_INTERESTED HttpConnection@7e1184f1{FILLING_FILL_INTERESTED}
      
15:06:46.707 [qtp1105322512-38] DEBUG o.e.jetty.io.AbstractConnection
       - FILLING_FILL_INTERESTED--&amp;gt;FILL_INTERESTED HttpConnection@7e1184f1{FILL_INTERESTED}
      
15:06:46.707 [qtp1105322512-38] DEBUG o.e.jetty.io.SelectChannelEndPoint
       - Local interests updating 0 -&amp;gt; 1 for SelectChannelEndPoint@625ba5b4{/127.0.0.1:52003&amp;lt;-&amp;gt;8080,Open,in,out,R,-,0/60000,HttpConnection}{io=1,kio=0,kro=1}
      
15:06:46.707 [qtp1105322512-38] DEBUG org.eclipse.jetty.io.SelectorManager
       - Running change org.eclipse.jetty.io.SelectChannelEndPoint$1@4158e882
      
15:06:46.707 [qtp1105322512-38] DEBUG o.e.jetty.io.SelectChannelEndPoint
       - Key interests updated 0 -&amp;gt; 1 on SelectChannelEndPoint@625ba5b4{/127.0.0.1:52003&amp;lt;-&amp;gt;8080,Open,in,out,R,-,0/60000,HttpConnection}{io=1,kio=1,kro=1}
      
15:06:46.707 [qtp1105322512-33-selector-ServerConnectorManager@1530c739/0]
       DEBUG org.eclipse.jetty.io.SelectorManager - Selector loop
       woken up from select, 0/1 selected
15:06:46.708 [qtp1105322512-33-selector-ServerConnectorManager@1530c739/0]
       DEBUG org.eclipse.jetty.io.SelectorManager - Selector loop
       waiting on select
15:06:46.708 [qtp1105322512-33-selector-ServerConnectorManager@1530c739/0]
       DEBUG org.eclipse.jetty.io.SelectorManager - Selector loop
       woken up from select, 1/1 selected
15:06:46.708 [qtp1105322512-33-selector-ServerConnectorManager@1530c739/0]
       DEBUG o.e.jetty.io.SelectChannelEndPoint - Key interests updated
       1 -&amp;gt; 0 on SelectChannelEndPoint@625ba5b4{/127.0.0.1:52003&amp;lt;-&amp;gt;8080,Open,in,out,R,-,1/60000,HttpConnection}{io=1,kio=0,kro=1}
      
15:06:46.708 [qtp1105322512-33-selector-ServerConnectorManager@1530c739/0]
       DEBUG o.e.jetty.io.SelectChannelEndPoint - Local interests
       updating 1 -&amp;gt; 0 for SelectChannelEndPoint@625ba5b4{/127.0.0.1:52003&amp;lt;-&amp;gt;8080,Open,in,out,R,-,1/60000,HttpConnection}{io=0,kio=0,kro=1}
      
15:06:46.708 [qtp1105322512-33-selector-ServerConnectorManager@1530c739/0]
       DEBUG org.eclipse.jetty.io.SelectorManager - Running change
       org.eclipse.jetty.io.SelectChannelEndPoint$1@4158e882
15:06:46.708
       [qtp1105322512-33-selector-ServerConnectorManager@1530c739/0]
       DEBUG o.e.jetty.io.AbstractConnection - FILL_INTERESTED--&amp;gt;FILLING
       HttpConnection@7e1184f1{FILLING}
15:06:46.708 [qtp1105322512-33-selector-ServerConnectorManager@1530c739/0]
       DEBUG org.eclipse.jetty.io.SelectorManager - Selector loop
       waiting on select
15:06:46.708 [qtp1105322512-32] DEBUG o.e.jetty.server.HttpConnection
       - HttpConnection@7e1184f1{FILLING} onFillable HttpChannelState@3c235f96{s=IDLE
       i=true a=null}
15:06:46.709 [qtp1105322512-32] DEBUG org.eclipse.jetty.io.ChannelEndPoint
       - filled 157 SelectChannelEndPoint@625ba5b4{/127.0.0.1:52003&amp;lt;-&amp;gt;8080,Open,in,out,-,-,2/60000,HttpConnection}{io=0,kio=0,kro=1}
      
15:06:46.709 [qtp1105322512-32] DEBUG org.eclipse.jetty.http.HttpParser
       - parseNext s=START HeapByteBuffer@91a944cc[p=0,l=157,c=8192,r=157]={&amp;lt;&amp;lt;&amp;lt;GET
       /rest HTTP/1.... keep-alive\r\n\r\n&amp;gt;&amp;gt;&amp;gt;\r\n\x00\x00\x00\x00\x00\x00\x00\x00\x00\x00\x00\x00\x00\x00\x00...\x00\x00\x00\x00\x00\x00\x00\x00\x00\x00\x00\x00\x00\x00\x00}
      
15:06:46.709 [qtp1105322512-32] DEBUG org.eclipse.jetty.http.HttpParser
       - START --&amp;gt; SPACE1
15:06:46.709 [qtp1105322512-32]
       DEBUG org.eclipse.jetty.http.HttpParser - SPACE1 --&amp;gt;
       URI
15:06:46.709 [qtp1105322512-32] DEBUG org.eclipse.jetty.http.HttpParser
       - URI --&amp;gt; SPACE2
15:06:46.709 [qtp1105322512-32] DEBUG
       org.eclipse.jetty.http.HttpParser - SPACE2 --&amp;gt; REQUEST_VERSION
      
15:06:46.709 [qtp1105322512-32] DEBUG org.eclipse.jetty.http.HttpParser
       - REQUEST_VERSION --&amp;gt; HEADER
15:06:46.710 [qtp1105322512-32]
       DEBUG org.eclipse.jetty.http.HttpParser - HEADER --&amp;gt;
       HEADER_IN_VALUE
15:06:46.710 [qtp1105322512-32] DEBUG org.eclipse.jetty.http.HttpParser
       - HEADER_IN_VALUE --&amp;gt; HEADER
15:06:46.710 [qtp1105322512-32]
       DEBUG org.eclipse.jetty.http.HttpParser - HEADER --&amp;gt;
       HEADER_IN_VALUE
15:06:46.710 [qtp1105322512-32] DEBUG org.eclipse.jetty.http.HttpParser
       - HEADER_IN_VALUE --&amp;gt; HEADER
15:06:46.710 [qtp1105322512-32]
       DEBUG org.eclipse.jetty.http.HttpParser - HEADER --&amp;gt;
       HEADER_IN_VALUE
15:06:46.710 [qtp1105322512-32] DEBUG org.eclipse.jetty.http.HttpParser
       - HEADER_IN_VALUE --&amp;gt; HEADER
15:06:46.710 [qtp1105322512-32]
       DEBUG org.eclipse.jetty.http.HttpParser - HEADER --&amp;gt;
       HEADER_IN_VALUE
15:06:46.710 [qtp1105322512-32] DEBUG org.eclipse.jetty.http.HttpParser
       - HEADER_IN_VALUE --&amp;gt; HEADER
15:06:46.710 [qtp1105322512-32]
       DEBUG org.eclipse.jetty.http.HttpParser - HEADER --&amp;gt;
       END
15:06:46.710 [qtp1105322512-32] DEBUG org.eclipse.jetty.server.HttpChannel
       - HttpChannelOverHttp@4ce0ee83{r=3,c=false,a=IDLE,uri=-} messageComplete
      
15:06:46.710 [qtp1105322512-32] DEBUG org.eclipse.jetty.server.HttpInput
       - HttpInputOverHTTP@6b5f8498 EOF
15:06:46.710 [qtp1105322512-32]
       DEBUG org.eclipse.jetty.server.HttpChannel - HttpChannelOverHttp@4ce0ee83{r=3,c=false,a=IDLE,uri=-}
       handle enter
15:06:46.711 [qtp1105322512-32 - /rest] DEBUG
       o.e.jetty.server.HttpChannelState - HttpChannelState@3c235f96{s=IDLE
       i=true a=null} handling IDLE
15:06:46.711 [qtp1105322512-32
       - /rest] DEBUG org.eclipse.jetty.server.HttpChannel - HttpChannelOverHttp@4ce0ee83{r=3,c=false,a=DISPATCHED,uri=/rest}
       action REQUEST_DISPATCH
15:06:46.711 [qtp1105322512-32 -
       /rest] DEBUG org.eclipse.jetty.server.Server - REQUEST GET
       /rest on HttpChannelOverHttp@4ce0ee83{r=3,c=false,a=DISPATCHED,uri=/rest}
      
15:06:46.711 [qtp1105322512-32 - /rest] DEBUG o.e.j.server.handler.ContextHandler
       - scope null||/rest @ o.e.j.s.ServletContextHandler@6f46426d{/,null,AVAILABLE}
      
15:06:46.711 [qtp1105322512-32 - /rest] DEBUG o.e.j.server.handler.ContextHandler
       - context=||/rest @ o.e.j.s.ServletContextHandler@6f46426d{/,null,AVAILABLE}
      
15:06:46.711 [qtp1105322512-32 - /rest] DEBUG org.eclipse.jetty.server.session
       - sessionManager=org.eclipse.jetty.server.session.HashSessionManager@32ee6fee
      
15:06:46.711 [qtp1105322512-32 - /rest] DEBUG org.eclipse.jetty.server.session
       - session=null
15:06:46.711 [qtp1105322512-32 - /rest] DEBUG
       o.e.jetty.servlet.ServletHandler - servlet ||/rest -&amp;gt;
       org.apache.felix.http.base.internal.DispatcherServlet-4738a206@cebacce0==org.apache.felix.http.base.internal.DispatcherServlet,-1,true
      
15:06:46.711 [qtp1105322512-32 - /rest] DEBUG o.e.jetty.servlet.ServletHandler
       - chain=null
15:06:46.730 [qtp1105322512-32 - /rest] DEBUG
       o.e.jetty.server.HttpConnection - org.eclipse.jetty.server.HttpConnection$SendCallback@772c366c[PROCESSING][i=ResponseInfo{HTTP/1.1
       200 null,-1,false},cb=org.eclipse.jetty.server.HttpChannel$CommitCallback@5d00082a]
       generate: NEED_HEADER (null,[p=0,l=6,c=24576,r=6],true)@START
      
15:06:46.731 [qtp1105322512-32 - /rest] DEBUG o.e.jetty.server.HttpConnection
       - org.eclipse.jetty.server.HttpConnection$SendCallback@772c366c[PROCESSING][i=ResponseInfo{HTTP/1.1
       200 null,-1,false},cb=org.eclipse.jetty.server.HttpChannel$CommitCallback@5d00082a]
       generate: FLUSH ([p=0,l=145,c=16384,r=145],[p=0,l=6,c=24576,r=6],true)@COMPLETING
      
15:06:46.731 [qtp1105322512-32 - /rest] DEBUG org.eclipse.jetty.io.WriteFlusher
       - write: WriteFlusher@7f80eb5b{IDLE} [HeapByteBuffer@3fa99dc3[p=0,l=145,c=16384,r=145]={&amp;lt;&amp;lt;&amp;lt;HTTP/1.1
       200 OK\r\n....v20150224)\r\n\r\n&amp;gt;&amp;gt;&amp;gt;ered-By:
       Jetty(9....\x00\x00\x00\x00\x00\x00\x00\x00\x00\x00\x00\x00\x00\x00\x00},HeapByteBuffer@318c579[p=0,l=6,c=24576,r=6]={&amp;lt;&amp;lt;&amp;lt;filter&amp;gt;&amp;gt;&amp;gt;\x00\x00\x00\x00\x00\x00\x00\x00\x00\x00\x00\x00\x00\x00\x00\x00\x00...\x00\x00\x00\x00\x00\x00\x00\x00\x00\x00\x00\x00\x00\x00\x00}]
      
15:06:46.731 [qtp1105322512-32 - /rest] DEBUG org.eclipse.jetty.io.WriteFlusher
       - update WriteFlusher@7f80eb5b{WRITING}:IDLE--&amp;gt;WRITING
      
15:06:46.731 [qtp1105322512-32 - /rest] DEBUG org.eclipse.jetty.io.ChannelEndPoint
       - flushed 151 SelectChannelEndPoint@625ba5b4{/127.0.0.1:52003&amp;lt;-&amp;gt;8080,Open,in,out,-,W,22/60000,HttpConnection}{io=0,kio=0,kro=1}
      
15:06:46.732 [qtp1105322512-32 - /rest] DEBUG org.eclipse.jetty.io.WriteFlusher
       - update WriteFlusher@7f80eb5b{IDLE}:WRITING--&amp;gt;IDLE
      
15:06:46.732 [qtp1105322512-32 - /rest] DEBUG o.e.jetty.server.HttpConnection
       - org.eclipse.jetty.server.HttpConnection$SendCallback@772c366c[PROCESSING][i=ResponseInfo{HTTP/1.1
       200 null,-1,false},cb=org.eclipse.jetty.server.HttpChannel$CommitCallback@5d00082a]
       generate: DONE ([p=145,l=145,c=16384,r=0],[p=6,l=6,c=24576,r=0],true)@END
      
15:06:46.732 [qtp1105322512-32 - /rest] DEBUG org.eclipse.jetty.server.Server
       - RESPONSE /rest  200 handled=true
15:06:46.732 [qtp1105322512-32
       - /rest] DEBUG o.e.jetty.server.HttpChannelState - HttpChannelState@3c235f96{s=DISPATCHED
       i=true a=null} unhandle DISPATCHED
15:06:46.732 [qtp1105322512-32
       - /rest] DEBUG org.eclipse.jetty.http.HttpParser - reset HttpParser{s=END,0
       of -1}
15:06:46.732 [qtp1105322512-32 - /rest] DEBUG org.eclipse.jetty.http.HttpParser
       - END --&amp;gt; START
15:06:46.732 [qtp1105322512-32] DEBUG
       org.eclipse.jetty.server.HttpChannel - HttpChannelOverHttp@4ce0ee83{r=3,c=false,a=IDLE,uri=-}
       handle exit, result COMPLETE
15:06:46.733 [qtp1105322512-32]
       DEBUG org.eclipse.jetty.io.ChannelEndPoint - filled 0 SelectChannelEndPoint@625ba5b4{/127.0.0.1:52003&amp;lt;-&amp;gt;8080,Open,in,out,-,-,0/60000,HttpConnection}{io=0,kio=0,kro=1}
      
15:06:46.733 [qtp1105322512-32] DEBUG org.eclipse.jetty.io.ChannelEndPoint
       - filled 0 SelectChannelEndPoint@625ba5b4{/127.0.0.1:52003&amp;lt;-&amp;gt;8080,Open,in,out,-,-,1/60000,HttpConnection}{io=0,kio=0,kro=1}
      
15:06:46.733 [qtp1105322512-32] DEBUG org.eclipse.jetty.http.HttpParser
       - parseNext s=START HeapByteBuffer@91a944cc[p=0,l=0,c=8192,r=0]={&amp;lt;&amp;lt;&amp;lt;&amp;gt;&amp;gt;&amp;gt;GET
       /rest HTTP/1....\x00\x00\x00\x00\x00\x00\x00\x00\x00\x00\x00\x00\x00\x00\x00}
      
15:06:46.733 [qtp1105322512-32] DEBUG o.e.jetty.io.AbstractConnection
       - fillInterested HttpConnection@7e1184f1{FILLING}
15:06:46.733
       [qtp1105322512-32] DEBUG o.e.jetty.io.AbstractConnection -
       FILLING--&amp;gt;FILLING_FILL_INTERESTED HttpConnection@7e1184f1{FILLING_FILL_INTERESTED}
      
15:06:46.733 [qtp1105322512-32] DEBUG o.e.jetty.io.AbstractConnection
       - FILLING_FILL_INTERESTED--&amp;gt;FILL_INTERESTED HttpConnection@7e1184f1{FILL_INTERESTED}
      
15:06:46.733 [qtp1105322512-32] DEBUG o.e.jetty.io.SelectChannelEndPoint
       - Local interests updating 0 -&amp;gt; 1 for SelectChannelEndPoint@625ba5b4{/127.0.0.1:52003&amp;lt;-&amp;gt;8080,Open,in,out,R,-,0/60000,HttpConnection}{io=1,kio=0,kro=1}
      
15:06:46.733 [qtp1105322512-32] DEBUG org.eclipse.jetty.io.SelectorManager
       - Running change org.eclipse.jetty.io.SelectChannelEndPoint$1@4158e882
      
15:06:46.733 [qtp1105322512-32] DEBUG o.e.jetty.io.SelectChannelEndPoint
       - Key interests updated 0 -&amp;gt; 1 on SelectChannelEndPoint@625ba5b4{/127.0.0.1:52003&amp;lt;-&amp;gt;8080,Open,in,out,R,-,0/60000,HttpConnection}{io=1,kio=1,kro=1}
      
15:06:46.734 [qtp1105322512-33-selector-ServerConnectorManager@1530c739/0]
       DEBUG org.eclipse.jetty.io.SelectorManager - Selector loop
       woken up from select, 0/1 selected
15:06:46.734 [qtp1105322512-33-selector-ServerConnectorManager@1530c739/0]
       DEBUG org.eclipse.jetty.io.SelectorManager - Selector loop
       waiting on select
15:06:46.734 [qtp1105322512-33-selector-ServerConnectorManager@1530c739/0]
       DEBUG org.eclipse.jetty.io.SelectorManager - Selector loop
       woken up from select, 1/1 selected
15:06:46.734 [qtp1105322512-33-selector-ServerConnectorManager@1530c739/0]
       DEBUG o.e.jetty.io.SelectChannelEndPoint - Key interests updated
       1 -&amp;gt; 0 on SelectChannelEndPoint@625ba5b4{/127.0.0.1:52003&amp;lt;-&amp;gt;8080,Open,in,out,R,-,1/60000,HttpConnection}{io=1,kio=0,kro=1}
      
15:06:46.734 [qtp1105322512-33-selector-ServerConnectorManager@1530c739/0]
       DEBUG o.e.jetty.io.SelectChannelEndPoint - Local interests
       updating 1 -&amp;gt; 0 for SelectChannelEndPoint@625ba5b4{/127.0.0.1:52003&amp;lt;-&amp;gt;8080,Open,in,out,R,-,1/60000,HttpConnection}{io=0,kio=0,kro=1}
      
15:06:46.734 [qtp1105322512-33-selector-ServerConnectorManager@1530c739/0]
       DEBUG org.eclipse.jetty.io.SelectorManager - Running change
       org.eclipse.jetty.io.SelectChannelEndPoint$1@4158e882
15:06:46.734
       [qtp1105322512-33-selector-ServerConnectorManager@1530c739/0]
       DEBUG o.e.jetty.io.AbstractConnection - FILL_INTERESTED--&amp;gt;FILLING
       HttpConnection@7e1184f1{FILLING}
15:06:46.734 [qtp1105322512-33-selector-ServerConnectorManager@1530c739/0]
       DEBUG org.eclipse.jetty.io.SelectorManager - Selector loop
       waiting on select
15:06:46.735 [qtp1105322512-36] DEBUG o.e.jetty.server.HttpConnection
       - HttpConnection@7e1184f1{FILLING} onFillable HttpChannelState@3c235f96{s=IDLE
       i=true a=null}
15:06:46.735 [qtp1105322512-36] DEBUG org.eclipse.jetty.io.ChannelEndPoint
       - filled 159 SelectChannelEndPoint@625ba5b4{/127.0.0.1:52003&amp;lt;-&amp;gt;8080,Open,in,out,-,-,2/60000,HttpConnection}{io=0,kio=0,kro=1}
      
15:06:46.735 [qtp1105322512-36] DEBUG org.eclipse.jetty.http.HttpParser
       - parseNext s=START HeapByteBuffer@6f8d0ce5[p=0,l=159,c=8192,r=159]={&amp;lt;&amp;lt;&amp;lt;GET
       /filter HTTP/... keep-alive\r\n\r\n&amp;gt;&amp;gt;&amp;gt;\x00\x00\x00\x00\x00\x00\x00\x00\x00\x00\x00\x00\x00\x00\x00\x00\x00...\x00\x00\x00\x00\x00\x00\x00\x00\x00\x00\x00\x00\x00\x00\x00}
      
15:06:46.735 [qtp1105322512-36] DEBUG org.eclipse.jetty.http.HttpParser
       - START --&amp;gt; SPACE1
15:06:46.735 [qtp1105322512-36]
       DEBUG org.eclipse.jetty.http.HttpParser - SPACE1 --&amp;gt;
       URI
15:06:46.735 [qtp1105322512-36] DEBUG org.eclipse.jetty.http.HttpParser
       - URI --&amp;gt; SPACE2
15:06:46.735 [qtp1105322512-36] DEBUG
       org.eclipse.jetty.http.HttpParser - SPACE2 --&amp;gt; REQUEST_VERSION
      
15:06:46.735 [qtp1105322512-36] DEBUG org.eclipse.jetty.http.HttpParser
       - REQUEST_VERSION --&amp;gt; HEADER
15:06:46.735 [qtp1105322512-36]
       DEBUG org.eclipse.jetty.http.HttpParser - HEADER --&amp;gt;
       HEADER_IN_VALUE
15:06:46.735 [qtp1105322512-36] DEBUG org.eclipse.jetty.http.HttpParser
       - HEADER_IN_VALUE --&amp;gt; HEADER
15:06:46.736 [qtp1105322512-36]
       DEBUG org.eclipse.jetty.http.HttpParser - HEADER --&amp;gt;
       HEADER_IN_VALUE
15:06:46.736 [qtp1105322512-36] DEBUG org.eclipse.jetty.http.HttpParser
       - HEADER_IN_VALUE --&amp;gt; HEADER
15:06:46.736 [qtp1105322512-36]
       DEBUG org.eclipse.jetty.http.HttpParser - HEADER --&amp;gt;
       HEADER_IN_VALUE
15:06:46.736 [qtp1105322512-36] DEBUG org.eclipse.jetty.http.HttpParser
       - HEADER_IN_VALUE --&amp;gt; HEADER
15:06:46.736 [qtp1105322512-36]
       DEBUG org.eclipse.jetty.http.HttpParser - HEADER --&amp;gt;
       HEADER_IN_VALUE
15:06:46.736 [qtp1105322512-36] DEBUG org.eclipse.jetty.http.HttpParser
       - HEADER_IN_VALUE --&amp;gt; HEADER
15:06:46.736 [qtp1105322512-36]
       DEBUG org.eclipse.jetty.http.HttpParser - HEADER --&amp;gt;
       END
15:06:46.736 [qtp1105322512-36] DEBUG org.eclipse.jetty.server.HttpChannel
       - HttpChannelOverHttp@4ce0ee83{r=4,c=false,a=IDLE,uri=-} messageComplete
      
15:06:46.736 [qtp1105322512-36] DEBUG org.eclipse.jetty.server.HttpInput
       - HttpInputOverHTTP@6b5f8498 EOF
15:06:46.736 [qtp1105322512-36]
       DEBUG org.eclipse.jetty.server.HttpChannel - HttpChannelOverHttp@4ce0ee83{r=4,c=false,a=IDLE,uri=-}
       handle enter
15:06:46.736 [qtp1105322512-36 - /filter] DEBUG
       o.e.jetty.server.HttpChannelState - HttpChannelState@3c235f96{s=IDLE
       i=true a=null} handling IDLE
15:06:46.736 [qtp1105322512-36
       - /filter] DEBUG org.eclipse.jetty.server.HttpChannel - HttpChannelOverHttp@4ce0ee83{r=4,c=false,a=DISPATCHED,uri=/filter}
       action REQUEST_DISPATCH
15:06:46.737 [qtp1105322512-36 -
       /filter] DEBUG org.eclipse.jetty.server.Server - REQUEST GET
       /filter on HttpChannelOverHttp@4ce0ee83{r=4,c=false,a=DISPATCHED,uri=/filter}
      
15:06:46.737 [qtp1105322512-36 - /filter] DEBUG o.e.j.server.handler.ContextHandler
       - scope null||/filter @ o.e.j.s.ServletContextHandler@6f46426d{/,null,AVAILABLE}
      
15:06:46.737 [qtp1105322512-36 - /filter] DEBUG o.e.j.server.handler.ContextHandler
       - context=||/filter @ o.e.j.s.ServletContextHandler@6f46426d{/,null,AVAILABLE}
      
15:06:46.737 [qtp1105322512-36 - /filter] DEBUG org.eclipse.jetty.server.session
       - sessionManager=org.eclipse.jetty.server.session.HashSessionManager@32ee6fee
      
15:06:46.737 [qtp1105322512-36 - /filter] DEBUG org.eclipse.jetty.server.session
       - session=null
15:06:46.737 [qtp1105322512-36 - /filter]
       DEBUG o.e.jetty.servlet.ServletHandler - servlet ||/filter
       -&amp;gt; org.apache.felix.http.base.internal.DispatcherServlet-4738a206@cebacce0==org.apache.felix.http.base.internal.DispatcherServlet,-1,true
      
15:06:46.737 [qtp1105322512-36 - /filter] DEBUG o.e.jetty.servlet.ServletHandler
       - chain=null
15:06:46.737 [qtp1105322512-36 - /filter] DEBUG
       o.e.jetty.server.HttpConnection - org.eclipse.jetty.server.HttpConnection$SendCallback@772c366c[PROCESSING][i=ResponseInfo{HTTP/1.1
       200 null,-1,false},cb=org.eclipse.jetty.server.HttpChannel$CommitCallback@59499032]
       generate: NEED_HEADER (null,[p=0,l=6,c=24576,r=6],true)@START
      
15:06:46.738 [qtp1105322512-36 - /filter] DEBUG o.e.jetty.server.HttpConnection
       - org.eclipse.jetty.server.HttpConnection$SendCallback@772c366c[PROCESSING][i=ResponseInfo{HTTP/1.1
       200 null,-1,false},cb=org.eclipse.jetty.server.HttpChannel$CommitCallback@59499032]
       generate: FLUSH ([p=0,l=145,c=16384,r=145],[p=0,l=6,c=24576,r=6],true)@COMPLETING
      
15:06:46.738 [qtp1105322512-36 - /filter] DEBUG org.eclipse.jetty.io.WriteFlusher
       - write: WriteFlusher@7f80eb5b{IDLE} [HeapByteBuffer@3fa99dc3[p=0,l=145,c=16384,r=145]={&amp;lt;&amp;lt;&amp;lt;HTTP/1.1
       200 OK\r\n....v20150224)\r\n\r\n&amp;gt;&amp;gt;&amp;gt;ered-By:
       Jetty(9....\x00\x00\x00\x00\x00\x00\x00\x00\x00\x00\x00\x00\x00\x00\x00},HeapByteBuffer@318c579[p=0,l=6,c=24576,r=6]={&amp;lt;&amp;lt;&amp;lt;filter&amp;gt;&amp;gt;&amp;gt;\x00\x00\x00\x00\x00\x00\x00\x00\x00\x00\x00\x00\x00\x00\x00\x00\x00...\x00\x00\x00\x00\x00\x00\x00\x00\x00\x00\x00\x00\x00\x00\x00}]
      
15:06:46.738 [qtp1105322512-36 - /filter] DEBUG org.eclipse.jetty.io.WriteFlusher
       - update WriteFlusher@7f80eb5b{WRITING}:IDLE--&amp;gt;WRITING
      
15:06:46.738 [qtp1105322512-36 - /filter] DEBUG org.eclipse.jetty.io.ChannelEndPoint
       - flushed 151 SelectChannelEndPoint@625ba5b4{/127.0.0.1:52003&amp;lt;-&amp;gt;8080,Open,in,out,-,W,3/60000,HttpConnection}{io=0,kio=0,kro=1}
      
15:06:46.738 [qtp1105322512-36 - /filter] DEBUG org.eclipse.jetty.io.WriteFlusher
       - update WriteFlusher@7f80eb5b{IDLE}:WRITING--&amp;gt;IDLE
      
15:06:46.738 [qtp1105322512-36 - /filter] DEBUG o.e.jetty.server.HttpConnection
       - org.eclipse.jetty.server.HttpConnection$SendCallback@772c366c[PROCESSING][i=ResponseInfo{HTTP/1.1
       200 null,-1,false},cb=org.eclipse.jetty.server.HttpChannel$CommitCallback@59499032]
       generate: DONE ([p=145,l=145,c=16384,r=0],[p=6,l=6,c=24576,r=0],true)@END
      
15:06:46.739 [qtp1105322512-36 - /filter] DEBUG org.eclipse.jetty.server.Server
       - RESPONSE /filter  200 handled=true
15:06:46.739 [qtp1105322512-36
       - /filter] DEBUG o.e.jetty.server.HttpChannelState - HttpChannelState@3c235f96{s=DISPATCHED
       i=true a=null} unhandle DISPATCHED
15:06:46.739 [qtp1105322512-36
       - /filter] DEBUG org.eclipse.jetty.http.HttpParser - reset
       HttpParser{s=END,0 of -1}
15:06:46.739 [qtp1105322512-36
       - /filter] DEBUG org.eclipse.jetty.http.HttpParser - END --&amp;gt;
       START
15:06:46.739 [qtp1105322512-36] DEBUG org.eclipse.jetty.server.HttpChannel
       - HttpChannelOverHttp@4ce0ee83{r=4,c=false,a=IDLE,uri=-} handle
       exit, result COMPLETE
15:06:46.739 [qtp1105322512-36] DEBUG
       org.eclipse.jetty.io.ChannelEndPoint - filled 0 SelectChannelEndPoint@625ba5b4{/127.0.0.1:52003&amp;lt;-&amp;gt;8080,Open,in,out,-,-,1/60000,HttpConnection}{io=0,kio=0,kro=1}
      
15:06:46.739 [qtp1105322512-36] DEBUG org.eclipse.jetty.io.ChannelEndPoint
       - filled 0 SelectChannelEndPoint@625ba5b4{/127.0.0.1:52003&amp;lt;-&amp;gt;8080,Open,in,out,-,-,1/60000,HttpConnection}{io=0,kio=0,kro=1}
      
15:06:46.740 [qtp1105322512-36] DEBUG org.eclipse.jetty.http.HttpParser
       - parseNext s=START HeapByteBuffer@6f8d0ce5[p=0,l=0,c=8192,r=0]={&amp;lt;&amp;lt;&amp;lt;&amp;gt;&amp;gt;&amp;gt;GET
       /filter HTTP/...\x00\x00\x00\x00\x00\x00\x00\x00\x00\x00\x00\x00\x00\x00\x00}
      
15:06:46.740 [qtp1105322512-36] DEBUG o.e.jetty.io.AbstractConnection
       - fillInterested HttpConnection@7e1184f1{FILLING}
15:06:46.740
       [qtp1105322512-36] DEBUG o.e.jetty.io.AbstractConnection -
       FILLING--&amp;gt;FILLING_FILL_INTERESTED HttpConnection@7e1184f1{FILLING_FILL_INTERESTED}
      
15:06:46.740 [qtp1105322512-36] DEBUG o.e.jetty.io.AbstractConnection
       - FILLING_FILL_INTERESTED--&amp;gt;FILL_INTERESTED HttpConnection@7e1184f1{FILL_INTERESTED}
      
15:06:46.740 [qtp1105322512-36] DEBUG o.e.jetty.io.SelectChannelEndPoint
       - Local interests updating 0 -&amp;gt; 1 for SelectChannelEndPoint@625ba5b4{/127.0.0.1:52003&amp;lt;-&amp;gt;8080,Open,in,out,R,-,0/60000,HttpConnection}{io=1,kio=0,kro=1}
      
15:06:46.740 [qtp1105322512-36] DEBUG org.eclipse.jetty.io.SelectorManager
       - Running change org.eclipse.jetty.io.SelectChannelEndPoint$1@4158e882
      
15:06:46.740 [qtp1105322512-36] DEBUG o.e.jetty.io.SelectChannelEndPoint
       - Key interests updated 0 -&amp;gt; 1 on SelectChannelEndPoint@625ba5b4{/127.0.0.1:52003&amp;lt;-&amp;gt;8080,Open,in,out,R,-,0/60000,HttpConnection}{io=1,kio=1,kro=1}
      
15:06:46.740 [qtp1105322512-33-selector-ServerConnectorManager@1530c739/0]
       DEBUG org.eclipse.jetty.io.SelectorManager - Selector loop
       woken up from select, 0/1 selected
15:06:46.740 [qtp1105322512-33-selector-ServerConnectorManager@1530c739/0]
       DEBUG org.eclipse.jetty.io.SelectorManager - Selector loop
       waiting on select
15:06:46.742 [qtp1105322512-33-selector-ServerConnectorManager@1530c739/0]
       DEBUG org.eclipse.jetty.io.SelectorManager - Selector loop
       woken up from select, 1/1 selected
15:06:46.742 [qtp1105322512-33-selector-ServerConnectorManager@1530c739/0]
       DEBUG o.e.jetty.io.SelectChannelEndPoint - Key interests updated
       1 -&amp;gt; 0 on SelectChannelEndPoint@625ba5b4{/127.0.0.1:52003&amp;lt;-&amp;gt;8080,Open,in,out,R,-,2/60000,HttpConnection}{io=1,kio=0,kro=1}
      
15:06:46.742 [qtp1105322512-33-selector-ServerConnectorManager@1530c739/0]
       DEBUG o.e.jetty.io.SelectChannelEndPoint - Local interests
       updating 1 -&amp;gt; 0 for SelectChannelEndPoint@625ba5b4{/127.0.0.1:52003&amp;lt;-&amp;gt;8080,Open,in,out,R,-,2/60000,HttpConnection}{io=0,kio=0,kro=1}
      
15:06:46.742 [qtp1105322512-33-selector-ServerConnectorManager@1530c739/0]
       DEBUG org.eclipse.jetty.io.SelectorManager - Running change
       org.eclipse.jetty.io.SelectChannelEndPoint$1@4158e882
15:06:46.742
       [qtp1105322512-33-selector-ServerConnectorManager@1530c739/0]
       DEBUG o.e.jetty.io.AbstractConnection - FILL_INTERESTED--&amp;gt;FILLING
       HttpConnection@7e1184f1{FILLING}
15:06:46.743 [qtp1105322512-33-selector-ServerConnectorManager@1530c739/0]
       DEBUG org.eclipse.jetty.io.SelectorManager - Selector loop
       waiting on select
15:06:46.743 [qtp1105322512-39] DEBUG o.e.jetty.server.HttpConnection
       - HttpConnection@7e1184f1{FILLING} onFillable HttpChannelState@3c235f96{s=IDLE
       i=true a=null}
15:06:46.743 [qtp1105322512-39] DEBUG org.eclipse.jetty.io.ChannelEndPoint
       - filled 157 SelectChannelEndPoint@625ba5b4{/127.0.0.1:52003&amp;lt;-&amp;gt;8080,Open,in,out,-,-,3/60000,HttpConnection}{io=0,kio=0,kro=1}
      
15:06:46.743 [qtp1105322512-39] DEBUG org.eclipse.jetty.http.HttpParser
       - parseNext s=START HeapByteBuffer@91a944cc[p=0,l=157,c=8192,r=157]={&amp;lt;&amp;lt;&amp;lt;GET
       /rest HTTP/1.... keep-alive\r\n\r\n&amp;gt;&amp;gt;&amp;gt;\r\n\x00\x00\x00\x00\x00\x00\x00\x00\x00\x00\x00\x00\x00\x00\x00...\x00\x00\x00\x00\x00\x00\x00\x00\x00\x00\x00\x00\x00\x00\x00}
      
15:06:46.743 [qtp1105322512-39] DEBUG org.eclipse.jetty.http.HttpParser
       - START --&amp;gt; SPACE1
15:06:46.743 [qtp1105322512-39]
       DEBUG org.eclipse.jetty.http.HttpParser - SPACE1 --&amp;gt;
       URI
15:06:46.743 [qtp1105322512-39] DEBUG org.eclipse.jetty.http.HttpParser
       - URI --&amp;gt; SPACE2
15:06:46.743 [qtp1105322512-39] DEBUG
       org.eclipse.jetty.http.HttpParser - SPACE2 --&amp;gt; REQUEST_VERSION
      
15:06:46.744 [qtp1105322512-39] DEBUG org.eclipse.jetty.http.HttpParser
       - REQUEST_VERSION --&amp;gt; HEADER
15:06:46.744 [qtp1105322512-39]
       DEBUG org.eclipse.jetty.http.HttpParser - HEADER --&amp;gt;
       HEADER_IN_VALUE
15:06:46.744 [qtp1105322512-39] DEBUG org.eclipse.jetty.http.HttpParser
       - HEADER_IN_VALUE --&amp;gt; HEADER
15:06:46.744 [qtp1105322512-39]
       DEBUG org.eclipse.jetty.http.HttpParser - HEADER --&amp;gt;
       HEADER_IN_VALUE
15:06:46.744 [qtp1105322512-39] DEBUG org.eclipse.jetty.http.HttpParser
       - HEADER_IN_VALUE --&amp;gt; HEADER
15:06:46.744 [qtp1105322512-39]
       DEBUG org.eclipse.jetty.http.HttpParser - HEADER --&amp;gt;
       HEADER_IN_VALUE
15:06:46.744 [qtp1105322512-39] DEBUG org.eclipse.jetty.http.HttpParser
       - HEADER_IN_VALUE --&amp;gt; HEADER
15:06:46.744 [qtp1105322512-39]
       DEBUG org.eclipse.jetty.http.HttpParser - HEADER --&amp;gt;
       HEADER_IN_VALUE
15:06:46.744 [qtp1105322512-39] DEBUG org.eclipse.jetty.http.HttpParser
       - HEADER_IN_VALUE --&amp;gt; HEADER
15:06:46.744 [qtp1105322512-39]
       DEBUG org.eclipse.jetty.http.HttpParser - HEADER --&amp;gt;
       END
15:06:46.744 [qtp1105322512-39] DEBUG org.eclipse.jetty.server.HttpChannel
       - HttpChannelOverHttp@4ce0ee83{r=5,c=false,a=IDLE,uri=-} messageComplete
      
15:06:46.744 [qtp1105322512-39] DEBUG org.eclipse.jetty.server.HttpInput
       - HttpInputOverHTTP@6b5f8498 EOF
15:06:46.744 [qtp1105322512-39]
       DEBUG org.eclipse.jetty.server.HttpChannel - HttpChannelOverHttp@4ce0ee83{r=5,c=false,a=IDLE,uri=-}
       handle enter
15:06:46.744 [qtp1105322512-39 - /rest] DEBUG
       o.e.jetty.server.HttpChannelState - HttpChannelState@3c235f96{s=IDLE
       i=true a=null} handling IDLE
15:06:46.744 [qtp1105322512-39
       - /rest] DEBUG org.eclipse.jetty.server.HttpChannel - HttpChannelOverHttp@4ce0ee83{r=5,c=false,a=DISPATCHED,uri=/rest}
       action REQUEST_DISPATCH
15:06:46.745 [qtp1105322512-39 -
       /rest] DEBUG org.eclipse.jetty.server.Server - REQUEST GET
       /rest on HttpChannelOverHttp@4ce0ee83{r=5,c=false,a=DISPATCHED,uri=/rest}
      
15:06:46.745 [qtp1105322512-39 - /rest] DEBUG o.e.j.server.handler.ContextHandler
       - scope null||/rest @ o.e.j.s.ServletContextHandler@6f46426d{/,null,AVAILABLE}
      
15:06:46.745 [qtp1105322512-39 - /rest] DEBUG o.e.j.server.handler.ContextHandler
       - context=||/rest @ o.e.j.s.ServletContextHandler@6f46426d{/,null,AVAILABLE}
      
15:06:46.745 [qtp1105322512-39 - /rest] DEBUG org.eclipse.jetty.server.session
       - sessionManager=org.eclipse.jetty.server.session.HashSessionManager@32ee6fee
      
15:06:46.745 [qtp1105322512-39 - /rest] DEBUG org.eclipse.jetty.server.session
       - session=null
15:06:46.745 [qtp1105322512-39 - /rest] DEBUG
       o.e.jetty.servlet.ServletHandler - servlet ||/rest -&amp;gt;
       org.apache.felix.http.base.internal.DispatcherServlet-4738a206@cebacce0==org.apache.felix.http.base.internal.DispatcherServlet,-1,true
      
15:06:46.745 [qtp1105322512-39 - /rest] DEBUG o.e.jetty.servlet.ServletHandler
       - chain=null
15:06:46.745 [qtp1105322512-39 - /rest] DEBUG
       o.e.jetty.server.HttpConnection - org.eclipse.jetty.server.HttpConnection$SendCallback@772c366c[PROCESSING][i=ResponseInfo{HTTP/1.1
       200 null,-1,false},cb=org.eclipse.jetty.server.HttpChannel$CommitCallback@72d57238]
       generate: NEED_HEADER (null,[p=0,l=6,c=24576,r=6],true)@START
      
15:06:46.745 [qtp1105322512-39 - /rest] DEBUG o.e.jetty.server.HttpConnection
       - org.eclipse.jetty.server.HttpConnection$SendCallback@772c366c[PROCESSING][i=ResponseInfo{HTTP/1.1
       200 null,-1,false},cb=org.eclipse.jetty.server.HttpChannel$CommitCallback@72d57238]
       generate: FLUSH ([p=0,l=145,c=16384,r=145],[p=0,l=6,c=24576,r=6],true)@COMPLETING
      
15:06:46.746 [qtp1105322512-39 - /rest] DEBUG org.eclipse.jetty.io.WriteFlusher
       - write: WriteFlusher@7f80eb5b{IDLE} [HeapByteBuffer@3fa99dc3[p=0,l=145,c=16384,r=145]={&amp;lt;&amp;lt;&amp;lt;HTTP/1.1
       200 OK\r\n....v20150224)\r\n\r\n&amp;gt;&amp;gt;&amp;gt;ered-By:
       Jetty(9....\x00\x00\x00\x00\x00\x00\x00\x00\x00\x00\x00\x00\x00\x00\x00},HeapByteBuffer@318c579[p=0,l=6,c=24576,r=6]={&amp;lt;&amp;lt;&amp;lt;filter&amp;gt;&amp;gt;&amp;gt;\x00\x00\x00\x00\x00\x00\x00\x00\x00\x00\x00\x00\x00\x00\x00\x00\x00...\x00\x00\x00\x00\x00\x00\x00\x00\x00\x00\x00\x00\x00\x00\x00}]
      
15:06:46.746 [qtp1105322512-39 - /rest] DEBUG org.eclipse.jetty.io.WriteFlusher
       - update WriteFlusher@7f80eb5b{WRITING}:IDLE--&amp;gt;WRITING
      
15:06:46.746 [qtp1105322512-39 - /rest] DEBUG org.eclipse.jetty.io.ChannelEndPoint
       - flushed 151 SelectChannelEndPoint@625ba5b4{/127.0.0.1:52003&amp;lt;-&amp;gt;8080,Open,in,out,-,W,3/60000,HttpConnection}{io=0,kio=0,kro=1}
      
15:06:46.746 [qtp1105322512-39 - /rest] DEBUG org.eclipse.jetty.io.WriteFlusher
       - update WriteFlusher@7f80eb5b{IDLE}:WRITING--&amp;gt;IDLE
      
15:06:46.746 [qtp1105322512-39 - /rest] DEBUG o.e.jetty.server.HttpConnection
       - org.eclipse.jetty.server.HttpConnection$SendCallback@772c366c[PROCESSING][i=ResponseInfo{HTTP/1.1
       200 null,-1,false},cb=org.eclipse.jetty.server.HttpChannel$CommitCallback@72d57238]
       generate: DONE ([p=145,l=145,c=16384,r=0],[p=6,l=6,c=24576,r=0],true)@END
      
15:06:46.746 [qtp1105322512-39 - /rest] DEBUG org.eclipse.jetty.server.Server
       - RESPONSE /rest  200 handled=true
15:06:46.746 [qtp1105322512-39
       - /rest] DEBUG o.e.jetty.server.HttpChannelState - HttpChannelState@3c235f96{s=DISPATCHED
       i=true a=null} unhandle DISPATCHED
15:06:46.747 [qtp1105322512-39
       - /rest] DEBUG org.eclipse.jetty.http.HttpParser - reset HttpParser{s=END,0
       of -1}
15:06:46.747 [qtp1105322512-39 - /rest] DEBUG org.eclipse.jetty.http.HttpParser
       - END --&amp;gt; START
15:06:46.747 [qtp1105322512-39] DEBUG
       org.eclipse.jetty.server.HttpChannel - HttpChannelOverHttp@4ce0ee83{r=5,c=false,a=IDLE,uri=-}
       handle exit, result COMPLETE
15:06:46.747 [qtp1105322512-39]
       DEBUG org.eclipse.jetty.io.ChannelEndPoint - filled 159 SelectChannelEndPoint@625ba5b4{/127.0.0.1:52003&amp;lt;-&amp;gt;8080,Open,in,out,-,-,1/60000,HttpConnection}{io=0,kio=0,kro=1}
      
15:06:46.747 [qtp1105322512-39] DEBUG org.eclipse.jetty.http.HttpParser
       - parseNext s=START HeapByteBuffer@6f8d0ce5[p=0,l=159,c=8192,r=159]={&amp;lt;&amp;lt;&amp;lt;GET
       /filter HTTP/... keep-alive\r\n\r\n&amp;gt;&amp;gt;&amp;gt;\x00\x00\x00\x00\x00\x00\x00\x00\x00\x00\x00\x00\x00\x00\x00\x00\x00...\x00\x00\x00\x00\x00\x00\x00\x00\x00\x00\x00\x00\x00\x00\x00}
      
15:06:46.747 [qtp1105322512-39] DEBUG org.eclipse.jetty.http.HttpParser
       - START --&amp;gt; SPACE1
15:06:46.747 [qtp1105322512-39]
       DEBUG org.eclipse.jetty.http.HttpParser - SPACE1 --&amp;gt;
       URI
15:06:46.747 [qtp1105322512-39] DEBUG org.eclipse.jetty.http.HttpParser
       - URI --&amp;gt; SPACE2
15:06:46.747 [qtp1105322512-39] DEBUG
       org.eclipse.jetty.http.HttpParser - SPACE2 --&amp;gt; REQUEST_VERSION
      
15:06:46.747 [qtp1105322512-39] DEBUG org.eclipse.jetty.http.HttpParser
       - REQUEST_VERSION --&amp;gt; HEADER
15:06:46.747 [qtp1105322512-39]
       DEBUG org.eclipse.jetty.http.HttpParser - HEADER --&amp;gt;
       HEADER_IN_VALUE
15:06:46.747 [qtp1105322512-39] DEBUG org.eclipse.jetty.http.HttpParser
       - HEADER_IN_VALUE --&amp;gt; HEADER
15:06:46.747 [qtp1105322512-39]
       DEBUG org.eclipse.jetty.http.HttpParser - HEADER --&amp;gt;
       HEADER_IN_VALUE
15:06:46.747 [qtp1105322512-39] DEBUG org.eclipse.jetty.http.HttpParser
       - HEADER_IN_VALUE --&amp;gt; HEADER
15:06:46.747 [qtp1105322512-39]
       DEBUG org.eclipse.jetty.http.HttpParser - HEADER --&amp;gt;
       HEADER_IN_VALUE
15:06:46.748 [qtp1105322512-39] DEBUG org.eclipse.jetty.http.HttpParser
       - HEADER_IN_VALUE --&amp;gt; HEADER
15:06:46.748 [qtp1105322512-39]
       DEBUG org.eclipse.jetty.http.HttpParser - HEADER --&amp;gt;
       HEADER_IN_VALUE
15:06:46.748 [qtp1105322512-39] DEBUG org.eclipse.jetty.http.HttpParser
       - HEADER_IN_VALUE --&amp;gt; HEADER
15:06:46.748 [qtp1105322512-39]
       DEBUG org.eclipse.jetty.http.HttpParser - HEADER --&amp;gt;
       END
15:06:46.748 [qtp1105322512-39] DEBUG org.eclipse.jetty.server.HttpChannel
       - HttpChannelOverHttp@4ce0ee83{r=6,c=false,a=IDLE,uri=-} messageComplete
      
15:06:46.748 [qtp1105322512-39] DEBUG org.eclipse.jetty.server.HttpInput
       - HttpInputOverHTTP@6b5f8498 EOF
15:06:46.748 [qtp1105322512-39]
       DEBUG org.eclipse.jetty.server.HttpChannel - HttpChannelOverHttp@4ce0ee83{r=6,c=false,a=IDLE,uri=-}
       handle enter
15:06:46.748 [qtp1105322512-39 - /filter] DEBUG
       o.e.jetty.server.HttpChannelState - HttpChannelState@3c235f96{s=IDLE
       i=true a=null} handling IDLE
15:06:46.748 [qtp1105322512-39
       - /filter] DEBUG org.eclipse.jetty.server.HttpChannel - HttpChannelOverHttp@4ce0ee83{r=6,c=false,a=DISPATCHED,uri=/filter}
       action REQUEST_DISPATCH
15:06:46.748 [qtp1105322512-39 -
       /filter] DEBUG org.eclipse.jetty.server.Server - REQUEST GET
       /filter on HttpChannelOverHttp@4ce0ee83{r=6,c=false,a=DISPATCHED,uri=/filter}
      
15:06:46.748 [qtp1105322512-39 - /filter] DEBUG o.e.j.server.handler.ContextHandler
       - scope null||/filter @ o.e.j.s.ServletContextHandler@6f46426d{/,null,AVAILABLE}
      
15:06:46.748 [qtp1105322512-39 - /filter] DEBUG o.e.j.server.handler.ContextHandler
       - context=||/filter @ o.e.j.s.ServletContextHandler@6f46426d{/,null,AVAILABLE}
      
15:06:46.749 [qtp1105322512-39 - /filter] DEBUG org.eclipse.jetty.server.session
       - sessionManager=org.eclipse.jetty.server.session.HashSessionManager@32ee6fee
      
15:06:46.749 [qtp1105322512-39 - /filter] DEBUG org.eclipse.jetty.server.session
       - session=null
15:06:46.749 [qtp1105322512-39 - /filter]
       DEBUG o.e.jetty.servlet.ServletHandler - servlet ||/filter
       -&amp;gt; org.apache.felix.http.base.internal.DispatcherServlet-4738a206@cebacce0==org.apache.felix.http.base.internal.DispatcherServlet,-1,true
      
15:06:46.749 [qtp1105322512-39 - /filter] DEBUG o.e.jetty.servlet.ServletHandler
       - chain=null
15:06:46.749 [qtp1105322512-39 - /filter] DEBUG
       o.e.jetty.server.HttpConnection - org.eclipse.jetty.server.HttpConnection$SendCallback@772c366c[PROCESSING][i=ResponseInfo{HTTP/1.1
       200 null,-1,false},cb=org.eclipse.jetty.server.HttpChannel$CommitCallback@5dbf096a]
       generate: NEED_HEADER (null,[p=0,l=6,c=24576,r=6],true)@START
      
15:06:46.749 [qtp1105322512-39 - /filter] DEBUG o.e.jetty.server.HttpConnection
       - org.eclipse.jetty.server.HttpConnection$SendCallback@772c366c[PROCESSING][i=ResponseInfo{HTTP/1.1
       200 null,-1,false},cb=org.eclipse.jetty.server.HttpChannel$CommitCallback@5dbf096a]
       generate: FLUSH ([p=0,l=145,c=16384,r=145],[p=0,l=6,c=24576,r=6],true)@COMPLETING
      
15:06:46.750 [qtp1105322512-39 - /filter] DEBUG org.eclipse.jetty.io.WriteFlusher
       - write: WriteFlusher@7f80eb5b{IDLE} [HeapByteBuffer@3fa99dc3[p=0,l=145,c=16384,r=145]={&amp;lt;&amp;lt;&amp;lt;HTTP/1.1
       200 OK\r\n....v20150224)\r\n\r\n&amp;gt;&amp;gt;&amp;gt;ered-By:
       Jetty(9....\x00\x00\x00\x00\x00\x00\x00\x00\x00\x00\x00\x00\x00\x00\x00},HeapByteBuffer@318c579[p=0,l=6,c=24576,r=6]={&amp;lt;&amp;lt;&amp;lt;filter&amp;gt;&amp;gt;&amp;gt;\x00\x00\x00\x00\x00\x00\x00\x00\x00\x00\x00\x00\x00\x00\x00\x00\x00...\x00\x00\x00\x00\x00\x00\x00\x00\x00\x00\x00\x00\x00\x00\x00}]
      
15:06:46.750 [qtp1105322512-39 - /filter] DEBUG org.eclipse.jetty.io.WriteFlusher
       - update WriteFlusher@7f80eb5b{WRITING}:IDLE--&amp;gt;WRITING
      
15:06:46.750 [qtp1105322512-39 - /filter] DEBUG org.eclipse.jetty.io.ChannelEndPoint
       - flushed 151 SelectChannelEndPoint@625ba5b4{/127.0.0.1:52003&amp;lt;-&amp;gt;8080,Open,in,out,-,W,3/60000,HttpConnection}{io=0,kio=0,kro=1}
      
15:06:46.750 [qtp1105322512-39 - /filter] DEBUG org.eclipse.jetty.io.WriteFlusher
       - update WriteFlusher@7f80eb5b{IDLE}:WRITING--&amp;gt;IDLE
      
15:06:46.750 [qtp1105322512-39 - /filter] DEBUG o.e.jetty.server.HttpConnection
       - org.eclipse.jetty.server.HttpConnection$SendCallback@772c366c[PROCESSING][i=ResponseInfo{HTTP/1.1
       200 null,-1,false},cb=org.eclipse.jetty.server.HttpChannel$CommitCallback@5dbf096a]
       generate: DONE ([p=145,l=145,c=16384,r=0],[p=6,l=6,c=24576,r=0],true)@END
      
15:06:46.750 [qtp1105322512-39 - /filter] DEBUG org.eclipse.jetty.server.Server
       - RESPONSE /filter  200 handled=true
15:06:46.752 [qtp1105322512-39
       - /filter] DEBUG o.e.jetty.server.HttpChannelState - HttpChannelState@3c235f96{s=DISPATCHED
       i=true a=null} unhandle DISPATCHED
15:06:46.752 [qtp1105322512-39
       - /filter] DEBUG org.eclipse.jetty.http.HttpParser - reset
       HttpParser{s=END,0 of -1}
15:06:46.752 [qtp1105322512-39
       - /filter] DEBUG org.eclipse.jetty.http.HttpParser - END --&amp;gt;
       START
15:06:46.753 [qtp1105322512-39] DEBUG org.eclipse.jetty.server.HttpChannel
       - HttpChannelOverHttp@4ce0ee83{r=6,c=false,a=IDLE,uri=-} handle
       exit, result COMPLETE
15:06:46.753 [qtp1105322512-39] DEBUG
       org.eclipse.jetty.io.ChannelEndPoint - filled 157 SelectChannelEndPoint@625ba5b4{/127.0.0.1:52003&amp;lt;-&amp;gt;8080,Open,in,out,-,-,3/60000,HttpConnection}{io=0,kio=0,kro=1}
      
15:06:46.753 [qtp1105322512-39] DEBUG org.eclipse.jetty.http.HttpParser
       - parseNext s=START HeapByteBuffer@91a944cc[p=0,l=157,c=8192,r=157]={&amp;lt;&amp;lt;&amp;lt;GET
       /rest HTTP/1.... keep-alive\r\n\r\n&amp;gt;&amp;gt;&amp;gt;\r\n\x00\x00\x00\x00\x00\x00\x00\x00\x00\x00\x00\x00\x00\x00\x00...\x00\x00\x00\x00\x00\x00\x00\x00\x00\x00\x00\x00\x00\x00\x00}
      
15:06:46.753 [qtp1105322512-39] DEBUG org.eclipse.jetty.http.HttpParser
       - START --&amp;gt; SPACE1
15:06:46.753 [qtp1105322512-39]
       DEBUG org.eclipse.jetty.http.HttpParser - SPACE1 --&amp;gt;
       URI
15:06:46.753 [qtp1105322512-39] DEBUG org.eclipse.jetty.http.HttpParser
       - URI --&amp;gt; SPACE2
15:06:46.753 [qtp1105322512-39] DEBUG
       org.eclipse.jetty.http.HttpParser - SPACE2 --&amp;gt; REQUEST_VERSION
      
15:06:46.753 [qtp1105322512-39] DEBUG org.eclipse.jetty.http.HttpParser
       - REQUEST_VERSION --&amp;gt; HEADER
15:06:46.753 [qtp1105322512-39]
       DEBUG org.eclipse.jetty.http.HttpParser - HEADER --&amp;gt;
       HEADER_IN_VALUE
15:06:46.753 [qtp1105322512-39] DEBUG org.eclipse.jetty.http.HttpParser
       - HEADER_IN_VALUE --&amp;gt; HEADER
15:06:46.753 [qtp1105322512-39]
       DEBUG org.eclipse.jetty.http.HttpParser - HEADER --&amp;gt;
       HEADER_IN_VALUE
15:06:46.753 [qtp1105322512-39] DEBUG org.eclipse.jetty.http.HttpParser
       - HEADER_IN_VALUE --&amp;gt; HEADER
15:06:46.753 [qtp1105322512-39]
       DEBUG org.eclipse.jetty.http.HttpParser - HEADER --&amp;gt;
       HEADER_IN_VALUE
15:06:46.754 [qtp1105322512-39] DEBUG org.eclipse.jetty.http.HttpParser
       - HEADER_IN_VALUE --&amp;gt; HEADER
15:06:46.754 [qtp1105322512-39]
       DEBUG org.eclipse.jetty.http.HttpParser - HEADER --&amp;gt;
       HEADER_IN_VALUE
15:06:46.754 [qtp1105322512-39] DEBUG org.eclipse.jetty.http.HttpParser
       - HEADER_IN_VALUE --&amp;gt; HEADER
15:06:46.754 [qtp1105322512-39]
       DEBUG org.eclipse.jetty.http.HttpParser - HEADER --&amp;gt;
       END
15:06:46.754 [qtp1105322512-39] DEBUG org.eclipse.jetty.server.HttpChannel
       - HttpChannelOverHttp@4ce0ee83{r=7,c=false,a=IDLE,uri=-} messageComplete
      
15:06:46.754 [qtp1105322512-39] DEBUG org.eclipse.jetty.server.HttpInput
       - HttpInputOverHTTP@6b5f8498 EOF
15:06:46.754 [qtp1105322512-39]
       DEBUG org.eclipse.jetty.server.HttpChannel - HttpChannelOverHttp@4ce0ee83{r=7,c=false,a=IDLE,uri=-}
       handle enter
15:06:46.754 [qtp1105322512-39 - /rest] DEBUG
       o.e.jetty.server.HttpChannelState - HttpChannelState@3c235f96{s=IDLE
       i=true a=null} handling IDLE
15:06:46.754 [qtp1105322512-39
       - /rest] DEBUG org.eclipse.jetty.server.HttpChannel - HttpChannelOverHttp@4ce0ee83{r=7,c=false,a=DISPATCHED,uri=/rest}
       action REQUEST_DISPATCH
15:06:46.754 [qtp1105322512-39 -
       /rest] DEBUG org.eclipse.jetty.server.Server - REQUEST GET
       /rest on HttpChannelOverHttp@4ce0ee83{r=7,c=false,a=DISPATCHED,uri=/rest}
      
15:06:46.754 [qtp1105322512-39 - /rest] DEBUG o.e.j.server.handler.ContextHandler
       - scope null||/rest @ o.e.j.s.ServletContextHandler@6f46426d{/,null,AVAILABLE}
      
15:06:46.755 [qtp1105322512-39 - /rest] DEBUG o.e.j.server.handler.ContextHandler
       - context=||/rest @ o.e.j.s.ServletContextHandler@6f46426d{/,null,AVAILABLE}
      
15:06:46.755 [qtp1105322512-39 - /rest] DEBUG org.eclipse.jetty.server.session
       - sessionManager=org.eclipse.jetty.server.session.HashSessionManager@32ee6fee
      
15:06:46.755 [qtp1105322512-39 - /rest] DEBUG org.eclipse.jetty.server.session
       - session=null
15:06:46.755 [qtp1105322512-39 - /rest] DEBUG
       o.e.jetty.servlet.ServletHandler - servlet ||/rest -&amp;gt;
       org.apache.felix.http.base.internal.DispatcherServlet-4738a206@cebacce0==org.apache.felix.http.base.internal.DispatcherServlet,-1,true
      
15:06:46.755 [qtp1105322512-39 - /rest] DEBUG o.e.jetty.servlet.ServletHandler
       - chain=null
15:06:46.802 [qtp1105322512-39 - /rest] DEBUG
       o.e.jetty.server.HttpConnection - org.eclipse.jetty.server.HttpConnection$SendCallback@772c366c[PROCESSING][i=ResponseInfo{HTTP/1.1
       200 null,-1,false},cb=org.eclipse.jetty.server.HttpChannel$CommitCallback@4eb6f2d7]
       generate: NEED_HEADER (null,[p=0,l=4,c=24576,r=4],false)@START
      
15:06:46.802 [qtp1105322512-39 - /rest] DEBUG o.e.jetty.server.HttpConnection
       - org.eclipse.jetty.server.HttpConnection$SendCallback@772c366c[PROCESSING][i=ResponseInfo{HTTP/1.1
       200 null,-1,false},cb=org.eclipse.jetty.server.HttpChannel$CommitCallback@4eb6f2d7]
       generate: FLUSH ([p=0,l=183,c=16384,r=183],[p=0,l=4,c=24576,r=4],false)@COMMITTED
      
15:06:46.802 [qtp1105322512-39 - /rest] DEBUG org.eclipse.jetty.io.WriteFlusher
       - write: WriteFlusher@7f80eb5b{IDLE} [HeapByteBuffer@b89290b2[p=0,l=183,c=16384,r=183]={&amp;lt;&amp;lt;&amp;lt;HTTP/1.1
       200 OK\r\n...0150224)\r\n\r\n4\r\n&amp;gt;&amp;gt;&amp;gt;nection:
       close\r\nS...\x00\x00\x00\x00\x00\x00\x00\x00\x00\x00\x00\x00\x00\x00\x00},HeapByteBuffer@42ab842[p=0,l=4,c=24576,r=4]={&amp;lt;&amp;lt;&amp;lt;rest&amp;gt;&amp;gt;&amp;gt;er\x00\x00\x00\x00\x00\x00\x00\x00\x00\x00\x00\x00\x00\x00\x00...\x00\x00\x00\x00\x00\x00\x00\x00\x00\x00\x00\x00\x00\x00\x00}]
      
15:06:46.803 [qtp1105322512-39 - /rest] DEBUG org.eclipse.jetty.io.WriteFlusher
       - update WriteFlusher@7f80eb5b{WRITING}:IDLE--&amp;gt;WRITING
      
15:06:46.803 [qtp1105322512-39 - /rest] DEBUG org.eclipse.jetty.io.ChannelEndPoint
       - flushed 187 SelectChannelEndPoint@625ba5b4{/127.0.0.1:52003&amp;lt;-&amp;gt;8080,Open,in,out,-,W,50/60000,HttpConnection}{io=0,kio=0,kro=1}
      
15:06:46.803 [qtp1105322512-39 - /rest] DEBUG org.eclipse.jetty.io.WriteFlusher
       - update WriteFlusher@7f80eb5b{IDLE}:WRITING--&amp;gt;IDLE
      
15:06:46.804 [qtp1105322512-39 - /rest] DEBUG o.e.jetty.server.HttpConnection
       - org.eclipse.jetty.server.HttpConnection$SendCallback@772c366c[PROCESSING][i=ResponseInfo{HTTP/1.1
       200 null,-1,false},cb=org.eclipse.jetty.server.HttpChannel$CommitCallback@4eb6f2d7]
       generate: DONE ([p=183,l=183,c=16384,r=0],[p=4,l=4,c=24576,r=0],false)@COMMITTED
      
15:06:46.804 [qtp1105322512-39 - /rest] DEBUG org.eclipse.jetty.server.Server
       - RESPONSE /rest  200 handled=true
15:06:46.804 [qtp1105322512-39
       - /rest] DEBUG o.e.jetty.server.HttpChannelState - HttpChannelState@3c235f96{s=DISPATCHED
       i=true a=null} unhandle DISPATCHED
15:06:46.806 [qtp1105322512-39
       - /rest] DEBUG o.e.jetty.server.HttpConnection - org.eclipse.jetty.server.HttpConnection$SendCallback@772c366c[PROCESSING][i=null,cb=Blocker@40dd2a62{null}]
       generate: CONTINUE (null,[p=0,l=0,c=0,r=0],true)@COMPLETING
      
15:06:46.806 [qtp1105322512-39 - /rest] DEBUG o.e.jetty.server.HttpConnection
       - org.eclipse.jetty.server.HttpConnection$SendCallback@772c366c[PROCESSING][i=null,cb=Blocker@40dd2a62{null}]
       generate: NEED_CHUNK (null,[p=0,l=0,c=0,r=0],true)@COMPLETING
      
15:06:46.806 [qtp1105322512-39 - /rest] DEBUG o.e.jetty.server.HttpConnection
       - org.eclipse.jetty.server.HttpConnection$SendCallback@772c366c[PROCESSING][i=null,cb=Blocker@40dd2a62{null}]
       generate: FLUSH (null,[p=0,l=0,c=0,r=0],true)@COMPLETING
      
15:06:46.807 [qtp1105322512-39 - /rest] DEBUG org.eclipse.jetty.io.WriteFlusher
       - write: WriteFlusher@7f80eb5b{IDLE} [HeapByteBuffer@6239c7f4[p=0,l=7,c=1024,r=7]={&amp;lt;&amp;lt;&amp;lt;\r\n0\r\n\r\n&amp;gt;&amp;gt;&amp;gt;\x00\x00\x00\x00\x00\x00\x00\x00\x00\x00\x00\x00\x00\x00\x00\x00\x00...\x00\x00\x00\x00\x00\x00\x00\x00\x00\x00\x00\x00\x00\x00\x00}]
      
15:06:46.807 [qtp1105322512-39 - /rest] DEBUG org.eclipse.jetty.io.WriteFlusher
       - update WriteFlusher@7f80eb5b{WRITING}:IDLE--&amp;gt;WRITING
      
15:06:46.807 [qtp1105322512-39 - /rest] DEBUG org.eclipse.jetty.io.ChannelEndPoint
       - flushed 7 SelectChannelEndPoint@625ba5b4{/127.0.0.1:52003&amp;lt;-&amp;gt;8080,Open,in,out,-,W,4/60000,HttpConnection}{io=0,kio=0,kro=1}
      
15:06:46.807 [qtp1105322512-39 - /rest] DEBUG org.eclipse.jetty.io.WriteFlusher
       - update WriteFlusher@7f80eb5b{IDLE}:WRITING--&amp;gt;IDLE
      
15:06:46.807 [qtp1105322512-39 - /rest] DEBUG o.e.jetty.server.HttpConnection
       - org.eclipse.jetty.server.HttpConnection$SendCallback@772c366c[PROCESSING][i=null,cb=Blocker@40dd2a62{null}]
       generate: DONE (null,[p=0,l=0,c=0,r=0],true)@END
15:06:46.807
       [qtp1105322512-39 - /rest] DEBUG org.eclipse.jetty.http.HttpParser
       - reset HttpParser{s=END,0 of -1}
15:06:46.807 [qtp1105322512-39
       - /rest] DEBUG org.eclipse.jetty.http.HttpParser - END --&amp;gt;
       START
15:06:46.808 [qtp1105322512-39] DEBUG org.eclipse.jetty.server.HttpChannel
       - HttpChannelOverHttp@4ce0ee83{r=7,c=false,a=IDLE,uri=-} handle
       exit, result COMPLETE
15:06:46.808 [qtp1105322512-39] DEBUG
       org.eclipse.jetty.io.ChannelEndPoint - filled 0 SelectChannelEndPoint@625ba5b4{/127.0.0.1:52003&amp;lt;-&amp;gt;8080,Open,in,out,-,-,1/60000,HttpConnection}{io=0,kio=0,kro=1}
      
15:06:46.808 [qtp1105322512-39] DEBUG org.eclipse.jetty.io.ChannelEndPoint
       - filled 159 SelectChannelEndPoint@625ba5b4{/127.0.0.1:52003&amp;lt;-&amp;gt;8080,Open,in,out,-,-,1/60000,HttpConnection}{io=0,kio=0,kro=1}
      
15:06:46.808 [qtp1105322512-39] DEBUG org.eclipse.jetty.http.HttpParser
       - parseNext s=START HeapByteBuffer@6f8d0ce5[p=0,l=159,c=8192,r=159]={&amp;lt;&amp;lt;&amp;lt;GET
       /filter HTTP/... keep-alive\r\n\r\n&amp;gt;&amp;gt;&amp;gt;\x00\x00\x00\x00\x00\x00\x00\x00\x00\x00\x00\x00\x00\x00\x00\x00\x00...\x00\x00\x00\x00\x00\x00\x00\x00\x00\x00\x00\x00\x00\x00\x00}
      
15:06:46.808 [qtp1105322512-39] DEBUG org.eclipse.jetty.http.HttpParser
       - START --&amp;gt; SPACE1
15:06:46.808 [qtp1105322512-39]
       DEBUG org.eclipse.jetty.http.HttpParser - SPACE1 --&amp;gt;
       URI
15:06:46.808 [qtp1105322512-39] DEBUG org.eclipse.jetty.http.HttpParser
       - URI --&amp;gt; SPACE2
15:06:46.808 [qtp1105322512-39] DEBUG
       org.eclipse.jetty.http.HttpParser - SPACE2 --&amp;gt; REQUEST_VERSION
      
15:06:46.808 [qtp1105322512-39] DEBUG org.eclipse.jetty.http.HttpParser
       - REQUEST_VERSION --&amp;gt; HEADER
15:06:46.808 [qtp1105322512-39]
       DEBUG org.eclipse.jetty.http.HttpParser - HEADER --&amp;gt;
       HEADER_IN_VALUE
15:06:46.808 [qtp1105322512-39] DEBUG org.eclipse.jetty.http.HttpParser
       - HEADER_IN_VALUE --&amp;gt; HEADER
15:06:46.808 [qtp1105322512-39]
       DEBUG org.eclipse.jetty.http.HttpParser - HEADER --&amp;gt;
       HEADER_IN_VALUE
15:06:46.809 [qtp1105322512-39] DEBUG org.eclipse.jetty.http.HttpParser
       - HEADER_IN_VALUE --&amp;gt; HEADER
15:06:46.809 [qtp1105322512-39]
       DEBUG org.eclipse.jetty.http.HttpParser - HEADER --&amp;gt;
       HEADER_IN_VALUE
15:06:46.809 [qtp1105322512-39] DEBUG org.eclipse.jetty.http.HttpParser
       - HEADER_IN_VALUE --&amp;gt; HEADER
15:06:46.809 [qtp1105322512-39]
       DEBUG org.eclipse.jetty.http.HttpParser - HEADER --&amp;gt;
       HEADER_IN_VALUE
15:06:46.809 [qtp1105322512-39] DEBUG org.eclipse.jetty.http.HttpParser
       - HEADER_IN_VALUE --&amp;gt; HEADER
15:06:46.809 [qtp1105322512-39]
       DEBUG org.eclipse.jetty.http.HttpParser - HEADER --&amp;gt;
       END
15:06:46.809 [qtp1105322512-39] DEBUG org.eclipse.jetty.server.HttpChannel
       - HttpChannelOverHttp@4ce0ee83{r=8,c=false,a=IDLE,uri=-} messageComplete
      
15:06:46.809 [qtp1105322512-39] DEBUG org.eclipse.jetty.server.HttpInput
       - HttpInputOverHTTP@6b5f8498 EOF
15:06:46.809 [qtp1105322512-39]
       DEBUG org.eclipse.jetty.server.HttpChannel - HttpChannelOverHttp@4ce0ee83{r=8,c=false,a=IDLE,uri=-}
       handle enter
15:06:46.809 [qtp1105322512-39 - /filter] DEBUG
       o.e.jetty.server.HttpChannelState - HttpChannelState@3c235f96{s=IDLE
       i=true a=null} handling IDLE
15:06:46.809 [qtp1105322512-39
       - /filter] DEBUG org.eclipse.jetty.server.HttpChannel - HttpChannelOverHttp@4ce0ee83{r=8,c=false,a=DISPATCHED,uri=/filter}
       action REQUEST_DISPATCH
15:06:46.809 [qtp1105322512-39 -
       /filter] DEBUG org.eclipse.jetty.server.Server - REQUEST GET
       /filter on HttpChannelOverHttp@4ce0ee83{r=8,c=false,a=DISPATCHED,uri=/filter}
      
15:06:46.809 [qtp1105322512-39 - /filter] DEBUG o.e.j.server.handler.ContextHandler
       - scope null||/filter @ o.e.j.s.ServletContextHandler@6f46426d{/,null,AVAILABLE}
      
15:06:46.810 [qtp1105322512-39 - /filter] DEBUG o.e.j.server.handler.ContextHandler
       - context=||/filter @ o.e.j.s.ServletContextHandler@6f46426d{/,null,AVAILABLE}
      
15:06:46.810 [qtp1105322512-39 - /filter] DEBUG org.eclipse.jetty.server.session
       - sessionManager=org.eclipse.jetty.server.session.HashSessionManager@32ee6fee
      
15:06:46.810 [qtp1105322512-39 - /filter] DEBUG org.eclipse.jetty.server.session
       - session=null
15:06:46.810 [qtp1105322512-39 - /filter]
       DEBUG o.e.jetty.servlet.ServletHandler - servlet ||/filter
       -&amp;gt; org.apache.felix.http.base.internal.DispatcherServlet-4738a206@cebacce0==org.apache.felix.http.base.internal.DispatcherServlet,-1,true
      
15:06:46.810 [qtp1105322512-39 - /filter] DEBUG o.e.jetty.servlet.ServletHandler
       - chain=null
15:06:46.811 [qtp1105322512-39 - /filter] DEBUG
       o.e.jetty.server.HttpConnection - org.eclipse.jetty.server.HttpConnection$SendCallback@772c366c[PROCESSING][i=ResponseInfo{HTTP/1.1
       404 null,284,false},cb=org.eclipse.jetty.server.HttpChannel$CommitCallback@3139e551]
       generate: NEED_HEADER (null,[p=0,l=284,c=2048,r=284],true)@START
      
15:06:46.811 [qtp1105322512-39 - /filter] DEBUG o.e.jetty.server.HttpConnection
       - org.eclipse.jetty.server.HttpConnection$SendCallback@772c366c[PROCESSING][i=ResponseInfo{HTTP/1.1
       404 null,284,false},cb=org.eclipse.jetty.server.HttpChannel$CommitCallback@3139e551]
       generate: FLUSH ([p=0,l=249,c=16384,r=249],[p=0,l=284,c=2048,r=284],true)@COMPLETING
      
15:06:46.811 [qtp1105322512-39 - /filter] DEBUG org.eclipse.jetty.io.WriteFlusher
       - write: WriteFlusher@7f80eb5b{IDLE} [HeapByteBuffer@a3d66bc3[p=0,l=249,c=16384,r=249]={&amp;lt;&amp;lt;&amp;lt;HTTP/1.1
       404 Not ....v20150224)\r\n\r\n&amp;gt;&amp;gt;&amp;gt;y(9.2.9.v20150224...\x00\x00\x00\x00\x00\x00\x00\x00\x00\x00\x00\x00\x00\x00\x00},HeapByteBuffer@512e049c[p=0,l=284,c=2048,r=284]={&amp;lt;&amp;lt;&amp;lt;&amp;lt;html&amp;gt;\n&amp;lt;head&amp;gt;\n&amp;lt;me.../body&amp;gt;\n&amp;lt;/html&amp;gt;\n&amp;gt;&amp;gt;&amp;gt;\x00\x00\x00\x00\x00\x00\x00\x00\x00\x00\x00\x00\x00\x00\x00\x00\x00...\x00\x00\x00\x00\x00\x00\x00\x00\x00\x00\x00\x00\x00\x00\x00}]
      
15:06:46.811 [qtp1105322512-39 - /filter] DEBUG org.eclipse.jetty.io.WriteFlusher
       - update WriteFlusher@7f80eb5b{WRITING}:IDLE--&amp;gt;WRITING
      
15:06:46.814 [qtp1105322512-39 - /filter] DEBUG org.eclipse.jetty.io.ChannelEndPoint
       - flushed 533 SelectChannelEndPoint@625ba5b4{/127.0.0.1:52003&amp;lt;-&amp;gt;8080,Open,in,out,-,W,5/60000,HttpConnection}{io=0,kio=0,kro=1}
      
15:06:46.814 [qtp1105322512-39 - /filter] DEBUG org.eclipse.jetty.io.WriteFlusher
       - update WriteFlusher@7f80eb5b{IDLE}:WRITING--&amp;gt;IDLE
      
15:06:46.814 [qtp1105322512-39 - /filter] DEBUG o.e.jetty.server.HttpConnection
       - org.eclipse.jetty.server.HttpConnection$SendCallback@772c366c[PROCESSING][i=ResponseInfo{HTTP/1.1
       404 null,284,false},cb=org.eclipse.jetty.server.HttpChannel$CommitCallback@3139e551]
       generate: DONE ([p=249,l=249,c=16384,r=0],[p=284,l=284,c=2048,r=0],true)@END
      
15:06:46.814 [qtp1105322512-39 - /filter] DEBUG org.eclipse.jetty.server.Server
       - RESPONSE /filter  404 handled=true
15:06:46.814 [qtp1105322512-39
       - /filter] DEBUG o.e.jetty.server.HttpChannelState - HttpChannelState@3c235f96{s=DISPATCHED
       i=true a=null} unhandle DISPATCHED
15:06:46.814 [qtp1105322512-39
       - /filter] DEBUG org.eclipse.jetty.http.HttpParser - reset
       HttpParser{s=END,0 of -1}
15:06:46.814 [qtp1105322512-39
       - /filter] DEBUG org.eclipse.jetty.http.HttpParser - END --&amp;gt;
       START
15:06:46.814 [qtp1105322512-39] DEBUG org.eclipse.jetty.server.HttpChannel
       - HttpChannelOverHttp@4ce0ee83{r=8,c=false,a=IDLE,uri=-} handle
       exit, result COMPLETE
15:06:46.815 [qtp1105322512-39] DEBUG
       org.eclipse.jetty.io.ChannelEndPoint - filled -1 SelectChannelEndPoint@625ba5b4{/127.0.0.1:52003&amp;lt;-&amp;gt;8080,Open,in,out,-,-,1/60000,HttpConnection}{io=0,kio=0,kro=1}
      
15:06:46.815 [qtp1105322512-39] DEBUG org.eclipse.jetty.io.ChannelEndPoint
       - ishut SelectChannelEndPoint@625ba5b4{/127.0.0.1:52003&amp;lt;-&amp;gt;8080,Open,in,out,-,-,1/60000,HttpConnection}{io=0,kio=0,kro=1}
      
15:06:46.815 [qtp1105322512-37-acceptor-0@59402b8f-ServerConnector@6892b3b6{HTTP/1.1}{0.0.0.0:8080}]
       DEBUG org.eclipse.jetty.io.SelectorManager - Queued change
       org.eclipse.jetty.io.SelectorManager$ManagedSelector$Accept@46a4f6fd
      
15:06:46.815 [qtp1105322512-39] DEBUG org.eclipse.jetty.http.HttpParser
       - atEOF HttpParser{s=START,0 of -1}
15:06:46.816 [qtp1105322512-34-selector-ServerConnectorManager@1530c739/1]
       DEBUG org.eclipse.jetty.io.SelectorManager - Selector loop
       woken up from select, 0/0 selected
15:06:46.816 [qtp1105322512-39]
       DEBUG org.eclipse.jetty.http.HttpParser - parseNext s=START
       HeapByteBuffer@6f8d0ce5[p=0,l=0,c=8192,r=0]={&amp;lt;&amp;lt;&amp;lt;&amp;gt;&amp;gt;&amp;gt;GET
       /filter HTTP/...\x00\x00\x00\x00\x00\x00\x00\x00\x00\x00\x00\x00\x00\x00\x00}
      
15:06:46.816 [qtp1105322512-34-selector-ServerConnectorManager@1530c739/1]
       DEBUG org.eclipse.jetty.io.SelectorManager - Running change
       org.eclipse.jetty.io.SelectorManager$ManagedSelector$Accept@46a4f6fd
      
15:06:46.816 [qtp1105322512-39] DEBUG org.eclipse.jetty.http.HttpParser
       - START --&amp;gt; CLOSED
15:06:46.816 [qtp1105322512-34-selector-ServerConnectorManager@1530c739/1]
       DEBUG o.eclipse.jetty.io.AbstractEndPoint - onOpen SelectChannelEndPoint@4024e273{/127.0.0.1:52004&amp;lt;-&amp;gt;8080,Open,in,out,-,-,0/60000,null}{io=0,kio=0,kro=0}
      
15:06:46.816 [qtp1105322512-39] DEBUG o.eclipse.jetty.io.AbstractEndPoint
       - onClose SelectChannelEndPoint@625ba5b4{/127.0.0.1:52003&amp;lt;-&amp;gt;8080,CLOSED,ISHUT,out,-,-,2/60000,HttpConnection}{io=0,kio=0,kro=1}
      
15:06:46.817 [qtp1105322512-39] DEBUG org.eclipse.jetty.io.ChannelEndPoint
       - close SelectChannelEndPoint@625ba5b4{/127.0.0.1:52003&amp;lt;-&amp;gt;8080,CLOSED,ISHUT,out,-,-,2/60000,HttpConnection}{io=0,kio=0,kro=1}
      
15:06:46.817 [qtp1105322512-34-selector-ServerConnectorManager@1530c739/1]
       DEBUG org.eclipse.jetty.io.IdleTimeout - SelectChannelEndPoint@4024e273{/127.0.0.1:52004&amp;lt;-&amp;gt;8080,Open,in,out,-,-,0/60000,null}{io=0,kio=0,kro=0}
       idle timeout check, elapsed: 0 ms, remaining: 60000 ms
15:06:46.817
       [qtp1105322512-39] DEBUG org.eclipse.jetty.io.SelectorManager
       - Destroyed SelectChannelEndPoint@625ba5b4{/127.0.0.1:52003&amp;lt;-&amp;gt;8080,CLOSED,ISHUT,OSHUT,-,-,3/60000,HttpConnection}{io=0,kio=-1,kro=-1}
      
15:06:46.817 [qtp1105322512-39] DEBUG o.e.jetty.io.AbstractConnection
       - onClose HttpConnection@7e1184f1{FILLING}
15:06:46.817 [qtp1105322512-39]
       DEBUG o.eclipse.jetty.io.AbstractEndPoint - onClose SelectChannelEndPoint@625ba5b4{/127.0.0.1:52003&amp;lt;-&amp;gt;8080,CLOSED,ISHUT,OSHUT,-,-,3/60000,HttpConnection}{io=0,kio=-1,kro=-1}
      
15:06:46.817 [qtp1105322512-34-selector-ServerConnectorManager@1530c739/1]
       DEBUG org.eclipse.jetty.server.HttpChannel - new HttpChannelOverHttp@772df4cf{r=0,c=false,a=IDLE,uri=-}
       -&amp;gt; SelectChannelEndPoint@4024e273{/127.0.0.1:52004&amp;lt;-&amp;gt;8080,Open,in,out,-,-,1/60000,null}{io=0,kio=0,kro=0},null,HttpChannelState@6c1e336c{s=IDLE
       i=true a=null}
15:06:46.817 [qtp1105322512-39] DEBUG o.e.jetty.io.AbstractConnection
       - FILLING--&amp;gt;IDLE HttpConnection@7e1184f1{IDLE}
15:06:46.817
       [qtp1105322512-34-selector-ServerConnectorManager@1530c739/1]
       DEBUG o.e.jetty.server.HttpConnection - New HTTP Connection
       HttpConnection@23ba0788{IDLE}
15:06:46.817 [qtp1105322512-34-selector-ServerConnectorManager@1530c739/1]
       DEBUG o.e.jetty.io.AbstractConnection - onOpen HttpConnection@23ba0788{IDLE}
      
15:06:46.817 [qtp1105322512-34-selector-ServerConnectorManager@1530c739/1]
       DEBUG o.e.jetty.io.AbstractConnection - fillInterested HttpConnection@23ba0788{IDLE}
      
15:06:46.818 [qtp1105322512-34-selector-ServerConnectorManager@1530c739/1]
       DEBUG o.e.jetty.io.AbstractConnection - IDLE--&amp;gt;FILL_INTERESTED
       HttpConnection@23ba0788{FILL_INTERESTED}
15:06:46.818 [qtp1105322512-34-selector-ServerConnectorManager@1530c739/1]
       DEBUG o.e.jetty.io.SelectChannelEndPoint - Local interests
       updating 0 -&amp;gt; 1 for SelectChannelEndPoint@4024e273{/127.0.0.1:52004&amp;lt;-&amp;gt;8080,Open,in,out,R,-,0/60000,HttpConnection}{io=1,kio=0,kro=0}
      
15:06:46.818 [qtp1105322512-34-selector-ServerConnectorManager@1530c739/1]
       DEBUG org.eclipse.jetty.io.SelectorManager - Running change
       org.eclipse.jetty.io.SelectChannelEndPoint$1@446a5ef6
15:06:46.818
       [qtp1105322512-34-selector-ServerConnectorManager@1530c739/1]
       DEBUG o.e.jetty.io.SelectChannelEndPoint - Key interests updated
       0 -&amp;gt; 1 on SelectChannelEndPoint@4024e273{/127.0.0.1:52004&amp;lt;-&amp;gt;8080,Open,in,out,R,-,0/60000,HttpConnection}{io=1,kio=1,kro=0}
      
15:06:46.818 [qtp1105322512-34-selector-ServerConnectorManager@1530c739/1]
       DEBUG org.eclipse.jetty.io.SelectorManager - Created SelectChannelEndPoint@4024e273{/127.0.0.1:52004&amp;lt;-&amp;gt;8080,Open,in,out,R,-,0/60000,HttpConnection}{io=1,kio=1,kro=0}
      
15:06:46.818 [qtp1105322512-34-selector-ServerConnectorManager@1530c739/1]
       DEBUG org.eclipse.jetty.io.SelectorManager - Selector loop
       waiting on select
15:06:46.818 [qtp1105322512-34-selector-ServerConnectorManager@1530c739/1]
       DEBUG org.eclipse.jetty.io.SelectorManager - Selector loop
       woken up from select, 1/1 selected
15:06:46.818 [qtp1105322512-34-selector-ServerConnectorManager@1530c739/1]
       DEBUG o.e.jetty.io.SelectChannelEndPoint - Key interests updated
       1 -&amp;gt; 0 on SelectChannelEndPoint@4024e273{/127.0.0.1:52004&amp;lt;-&amp;gt;8080,Open,in,out,R,-,0/60000,HttpConnection}{io=1,kio=0,kro=1}
      
15:06:46.819 [qtp1105322512-34-selector-ServerConnectorManager@1530c739/1]
       DEBUG o.e.jetty.io.SelectChannelEndPoint - Local interests
       updating 1 -&amp;gt; 0 for SelectChannelEndPoint@4024e273{/127.0.0.1:52004&amp;lt;-&amp;gt;8080,Open,in,out,R,-,1/60000,HttpConnection}{io=0,kio=0,kro=1}
      
15:06:46.819 [qtp1105322512-34-selector-ServerConnectorManager@1530c739/1]
       DEBUG org.eclipse.jetty.io.SelectorManager - Running change
       org.eclipse.jetty.io.SelectChannelEndPoint$1@446a5ef6
15:06:46.819
       [qtp1105322512-34-selector-ServerConnectorManager@1530c739/1]
       DEBUG o.e.jetty.io.AbstractConnection - FILL_INTERESTED--&amp;gt;FILLING
       HttpConnection@23ba0788{FILLING}
15:06:46.819 [qtp1105322512-34-selector-ServerConnectorManager@1530c739/1]
       DEBUG org.eclipse.jetty.io.SelectorManager - Selector loop
       waiting on select
15:06:46.819 [qtp1105322512-35] DEBUG o.e.jetty.server.HttpConnection
       - HttpConnection@23ba0788{FILLING} onFillable HttpChannelState@6c1e336c{s=IDLE
       i=true a=null}
15:06:46.819 [qtp1105322512-35] DEBUG org.eclipse.jetty.io.ChannelEndPoint
       - filled 157 SelectChannelEndPoint@4024e273{/127.0.0.1:52004&amp;lt;-&amp;gt;8080,Open,in,out,-,-,1/60000,HttpConnection}{io=0,kio=0,kro=1}
      
15:06:46.819 [qtp1105322512-35] DEBUG org.eclipse.jetty.http.HttpParser
       - parseNext s=START HeapByteBuffer@91a944cc[p=0,l=157,c=8192,r=157]={&amp;lt;&amp;lt;&amp;lt;GET
       /rest HTTP/1.... keep-alive\r\n\r\n&amp;gt;&amp;gt;&amp;gt;\r\n\x00\x00\x00\x00\x00\x00\x00\x00\x00\x00\x00\x00\x00\x00\x00...\x00\x00\x00\x00\x00\x00\x00\x00\x00\x00\x00\x00\x00\x00\x00}
      
15:06:46.819 [qtp1105322512-35] DEBUG org.eclipse.jetty.http.HttpParser
       - START --&amp;gt; SPACE1
15:06:46.820 [qtp1105322512-35]
       DEBUG org.eclipse.jetty.http.HttpParser - SPACE1 --&amp;gt;
       URI
15:06:46.820 [qtp1105322512-35] DEBUG org.eclipse.jetty.http.HttpParser
       - URI --&amp;gt; SPACE2
15:06:46.820 [qtp1105322512-35] DEBUG
       org.eclipse.jetty.http.HttpParser - SPACE2 --&amp;gt; REQUEST_VERSION
      
15:06:46.820 [qtp1105322512-35] DEBUG org.eclipse.jetty.http.HttpParser
       - REQUEST_VERSION --&amp;gt; HEADER
15:06:46.820 [qtp1105322512-35]
       DEBUG org.eclipse.jetty.http.HttpParser - HEADER --&amp;gt;
       HEADER_VALUE
15:06:46.820 [qtp1105322512-35] DEBUG org.eclipse.jetty.http.HttpParser
       - HEADER_VALUE --&amp;gt; HEADER_IN_VALUE
15:06:46.820 [qtp1105322512-35]
       DEBUG org.eclipse.jetty.http.HttpParser - HEADER_IN_VALUE
       --&amp;gt; HEADER
15:06:46.820 [qtp1105322512-35] DEBUG org.eclipse.jetty.http.HttpParser
       - HEADER --&amp;gt; HEADER_VALUE
15:06:46.820 [qtp1105322512-35]
       DEBUG org.eclipse.jetty.http.HttpParser - HEADER_VALUE --&amp;gt;
       HEADER_IN_VALUE
15:06:46.820 [qtp1105322512-35] DEBUG org.eclipse.jetty.http.HttpParser
       - HEADER_IN_VALUE --&amp;gt; HEADER
15:06:46.820 [qtp1105322512-35]
       DEBUG org.eclipse.jetty.http.HttpParser - HEADER --&amp;gt;
       HEADER_VALUE
15:06:46.820 [qtp1105322512-35] DEBUG org.eclipse.jetty.http.HttpParser
       - HEADER_VALUE --&amp;gt; HEADER_IN_VALUE
15:06:46.820 [qtp1105322512-35]
       DEBUG org.eclipse.jetty.http.HttpParser - HEADER_IN_VALUE
       --&amp;gt; HEADER
15:06:46.820 [qtp1105322512-35] DEBUG org.eclipse.jetty.http.HttpParser
       - HEADER --&amp;gt; HEADER_IN_VALUE
15:06:46.820 [qtp1105322512-35]
       DEBUG org.eclipse.jetty.http.HttpParser - HEADER_IN_VALUE
       --&amp;gt; HEADER
15:06:46.820 [qtp1105322512-35] DEBUG org.eclipse.jetty.http.HttpParser
       - HEADER --&amp;gt; END
15:06:46.820 [qtp1105322512-35] DEBUG
       org.eclipse.jetty.server.HttpChannel - HttpChannelOverHttp@772df4cf{r=1,c=false,a=IDLE,uri=-}
       messageComplete
15:06:46.821 [qtp1105322512-35] DEBUG org.eclipse.jetty.server.HttpInput
       - HttpInputOverHTTP@6ea0bfaf EOF
15:06:46.821 [qtp1105322512-35]
       DEBUG org.eclipse.jetty.server.HttpChannel - HttpChannelOverHttp@772df4cf{r=1,c=false,a=IDLE,uri=-}
       handle enter
15:06:46.821 [qtp1105322512-35 - /rest] DEBUG
       o.e.jetty.server.HttpChannelState - HttpChannelState@6c1e336c{s=IDLE
       i=true a=null} handling IDLE
15:06:46.821 [qtp1105322512-35
       - /rest] DEBUG org.eclipse.jetty.server.HttpChannel - HttpChannelOverHttp@772df4cf{r=1,c=false,a=DISPATCHED,uri=/rest}
       action REQUEST_DISPATCH
15:06:46.821 [qtp1105322512-35 -
       /rest] DEBUG org.eclipse.jetty.server.Server - REQUEST GET
       /rest on HttpChannelOverHttp@772df4cf{r=1,c=false,a=DISPATCHED,uri=/rest}
      
15:06:46.821 [qtp1105322512-35 - /rest] DEBUG o.e.j.server.handler.ContextHandler
       - scope null||/rest @ o.e.j.s.ServletContextHandler@6f46426d{/,null,AVAILABLE}
      
15:06:46.821 [qtp1105322512-35 - /rest] DEBUG o.e.j.server.handler.ContextHandler
       - context=||/rest @ o.e.j.s.ServletContextHandler@6f46426d{/,null,AVAILABLE}
      
15:06:46.821 [qtp1105322512-35 - /rest] DEBUG org.eclipse.jetty.server.session
       - sessionManager=org.eclipse.jetty.server.session.HashSessionManager@32ee6fee
      
15:06:46.821 [qtp1105322512-35 - /rest] DEBUG org.eclipse.jetty.server.session
       - session=null
15:06:46.822 [qtp1105322512-35 - /rest] DEBUG
       o.e.jetty.servlet.ServletHandler - servlet ||/rest -&amp;gt;
       org.apache.felix.http.base.internal.DispatcherServlet-4738a206@cebacce0==org.apache.felix.http.base.internal.DispatcherServlet,-1,true
      
15:06:46.822 [qtp1105322512-35 - /rest] DEBUG o.e.jetty.servlet.ServletHandler
       - chain=null
15:06:46.850 [qtp1105322512-35 - /rest] DEBUG
       o.e.jetty.server.HttpConnection - org.eclipse.jetty.server.HttpConnection$SendCallback@5104c32e[PROCESSING][i=ResponseInfo{HTTP/1.1
       404 null,282,false},cb=org.eclipse.jetty.server.HttpChannel$CommitCallback@4f3749b2]
       generate: NEED_HEADER (null,[p=0,l=282,c=2048,r=282],true)@START
      
15:06:46.850 [qtp1105322512-35 - /rest] DEBUG o.e.jetty.server.HttpConnection
       - org.eclipse.jetty.server.HttpConnection$SendCallback@5104c32e[PROCESSING][i=ResponseInfo{HTTP/1.1
       404 null,282,false},cb=org.eclipse.jetty.server.HttpChannel$CommitCallback@4f3749b2]
       generate: FLUSH ([p=0,l=249,c=16384,r=249],[p=0,l=282,c=2048,r=282],true)@COMPLETING
      
15:06:46.851 [qtp1105322512-35 - /rest] DEBUG org.eclipse.jetty.io.WriteFlusher
       - write: WriteFlusher@3c73834c{IDLE} [HeapByteBuffer@9b5fd785[p=0,l=249,c=16384,r=249]={&amp;lt;&amp;lt;&amp;lt;HTTP/1.1
       404 Not ....v20150224)\r\n\r\n&amp;gt;&amp;gt;&amp;gt;y(9.2.9.v20150224...\x00\x00\x00\x00\x00\x00\x00\x00\x00\x00\x00\x00\x00\x00\x00},HeapByteBuffer@52c4c0c0[p=0,l=282,c=2048,r=282]={&amp;lt;&amp;lt;&amp;lt;&amp;lt;html&amp;gt;\n&amp;lt;head&amp;gt;\n&amp;lt;me.../body&amp;gt;\n&amp;lt;/html&amp;gt;\n&amp;gt;&amp;gt;&amp;gt;\x00\x00\x00\x00\x00\x00\x00\x00\x00\x00\x00\x00\x00\x00\x00\x00\x00...\x00\x00\x00\x00\x00\x00\x00\x00\x00\x00\x00\x00\x00\x00\x00}]
      
15:06:46.851 [qtp1105322512-35 - /rest] DEBUG org.eclipse.jetty.io.WriteFlusher
       - update WriteFlusher@3c73834c{WRITING}:IDLE--&amp;gt;WRITING
      
15:06:46.854 [qtp1105322512-37-acceptor-0@59402b8f-ServerConnector@6892b3b6{HTTP/1.1}{0.0.0.0:8080}]
       DEBUG org.eclipse.jetty.io.SelectorManager - Queued change
       org.eclipse.jetty.io.SelectorManager$ManagedSelector$Accept@2babfbfd
      
15:06:46.855 [qtp1105322512-35 - /rest] DEBUG org.eclipse.jetty.io.ChannelEndPoint
       - flushed 531 SelectChannelEndPoint@4024e273{/127.0.0.1:52004&amp;lt;-&amp;gt;8080,Open,in,out,-,W,35/60000,HttpConnection}{io=0,kio=0,kro=1}
      
15:06:46.855 [qtp1105322512-33-selector-ServerConnectorManager@1530c739/0]
       DEBUG org.eclipse.jetty.io.SelectorManager - Selector loop
       woken up from select, 0/0 selected
15:06:46.855 [qtp1105322512-35
       - /rest] DEBUG org.eclipse.jetty.io.WriteFlusher - update
       WriteFlusher@3c73834c{IDLE}:WRITING--&amp;gt;IDLE
15:06:46.855
       [qtp1105322512-33-selector-ServerConnectorManager@1530c739/0]
       DEBUG org.eclipse.jetty.io.SelectorManager - Running change
       org.eclipse.jetty.io.SelectorManager$ManagedSelector$Accept@2babfbfd
      
15:06:46.855 [qtp1105322512-35 - /rest] DEBUG o.e.jetty.server.HttpConnection
       - org.eclipse.jetty.server.HttpConnection$SendCallback@5104c32e[PROCESSING][i=ResponseInfo{HTTP/1.1
       404 null,282,false},cb=org.eclipse.jetty.server.HttpChannel$CommitCallback@4f3749b2]
       generate: DONE ([p=249,l=249,c=16384,r=0],[p=282,l=282,c=2048,r=0],true)@END
      
15:06:46.855 [qtp1105322512-33-selector-ServerConnectorManager@1530c739/0]
       DEBUG o.eclipse.jetty.io.AbstractEndPoint - onOpen SelectChannelEndPoint@2cfea3e5{/127.0.0.1:52005&amp;lt;-&amp;gt;8080,Open,in,out,-,-,0/60000,null}{io=0,kio=0,kro=0}
      
15:06:46.855 [qtp1105322512-35 - /rest] DEBUG org.eclipse.jetty.server.Server
       - RESPONSE /rest  404 handled=true
15:06:46.855 [qtp1105322512-35
       - /rest] DEBUG o.e.jetty.server.HttpChannelState - HttpChannelState@6c1e336c{s=DISPATCHED
       i=true a=null} unhandle DISPATCHED
15:06:46.855 [qtp1105322512-33-selector-ServerConnectorManager@1530c739/0]
       DEBUG org.eclipse.jetty.io.IdleTimeout - SelectChannelEndPoint@2cfea3e5{/127.0.0.1:52005&amp;lt;-&amp;gt;8080,Open,in,out,-,-,0/60000,null}{io=0,kio=0,kro=0}
       idle timeout check, elapsed: 0 ms, remaining: 60000 ms
15:06:46.855
       [qtp1105322512-35 - /rest] DEBUG org.eclipse.jetty.http.HttpParser
       - reset HttpParser{s=END,0 of 0}
15:06:46.855 [qtp1105322512-35
       - /rest] DEBUG org.eclipse.jetty.http.HttpParser - END --&amp;gt;
       START
15:06:46.855 [qtp1105322512-35] DEBUG org.eclipse.jetty.server.HttpChannel
       - HttpChannelOverHttp@772df4cf{r=1,c=false,a=IDLE,uri=-} handle
       exit, result COMPLETE
15:06:46.855 [qtp1105322512-33-selector-ServerConnectorManager@1530c739/0]
       DEBUG org.eclipse.jetty.server.HttpChannel - new HttpChannelOverHttp@5eba9c87{r=0,c=false,a=IDLE,uri=-}
       -&amp;gt; SelectChannelEndPoint@2cfea3e5{/127.0.0.1:52005&amp;lt;-&amp;gt;8080,Open,in,out,-,-,0/60000,null}{io=0,kio=0,kro=0},null,HttpChannelState@58a0732a{s=IDLE
       i=true a=null}
15:06:46.855 [qtp1105322512-35] DEBUG org.eclipse.jetty.io.ChannelEndPoint
       - filled -1 SelectChannelEndPoint@4024e273{/127.0.0.1:52004&amp;lt;-&amp;gt;8080,Open,in,out,-,-,0/60000,HttpConnection}{io=0,kio=0,kro=1}
      
15:06:46.856 [qtp1105322512-33-selector-ServerConnectorManager@1530c739/0]
       DEBUG o.e.jetty.server.HttpConnection - New HTTP Connection
       HttpConnection@6e079b90{IDLE}
15:06:46.856 [qtp1105322512-35]
       DEBUG org.eclipse.jetty.io.ChannelEndPoint - ishut SelectChannelEndPoint@4024e273{/127.0.0.1:52004&amp;lt;-&amp;gt;8080,Open,in,out,-,-,1/60000,HttpConnection}{io=0,kio=0,kro=1}
      
15:06:46.856 [qtp1105322512-33-selector-ServerConnectorManager@1530c739/0]
       DEBUG o.e.jetty.io.AbstractConnection - onOpen HttpConnection@6e079b90{IDLE}
      
15:06:46.856 [qtp1105322512-35] DEBUG org.eclipse.jetty.http.HttpParser
       - atEOF HttpParser{s=START,0 of -1}
15:06:46.856 [qtp1105322512-33-selector-ServerConnectorManager@1530c739/0]
       DEBUG o.e.jetty.io.AbstractConnection - fillInterested HttpConnection@6e079b90{IDLE}
      
15:06:46.856 [qtp1105322512-35] DEBUG org.eclipse.jetty.http.HttpParser
       - parseNext s=START HeapByteBuffer@91a944cc[p=0,l=0,c=8192,r=0]={&amp;lt;&amp;lt;&amp;lt;&amp;gt;&amp;gt;&amp;gt;GET
       /rest HTTP/1....\x00\x00\x00\x00\x00\x00\x00\x00\x00\x00\x00\x00\x00\x00\x00}
      
15:06:46.856 [qtp1105322512-33-selector-ServerConnectorManager@1530c739/0]
       DEBUG o.e.jetty.io.AbstractConnection - IDLE--&amp;gt;FILL_INTERESTED
       HttpConnection@6e079b90{FILL_INTERESTED}
15:06:46.856 [qtp1105322512-35]
       DEBUG org.eclipse.jetty.http.HttpParser - START --&amp;gt;
       CLOSED
15:06:46.856 [qtp1105322512-33-selector-ServerConnectorManager@1530c739/0]
       DEBUG o.e.jetty.io.SelectChannelEndPoint - Local interests
       updating 0 -&amp;gt; 1 for SelectChannelEndPoint@2cfea3e5{/127.0.0.1:52005&amp;lt;-&amp;gt;8080,Open,in,out,R,-,0/60000,HttpConnection}{io=1,kio=0,kro=0}
      
15:06:46.858 [qtp1105322512-35] DEBUG o.eclipse.jetty.io.AbstractEndPoint
       - onClose SelectChannelEndPoint@4024e273{/127.0.0.1:52004&amp;lt;-&amp;gt;8080,CLOSED,ISHUT,out,-,-,3/60000,HttpConnection}{io=0,kio=0,kro=1}
      
15:06:46.858 [qtp1105322512-33-selector-ServerConnectorManager@1530c739/0]
       DEBUG org.eclipse.jetty.io.SelectorManager - Running change
       org.eclipse.jetty.io.SelectChannelEndPoint$1@373ffc3e
15:06:46.858
       [qtp1105322512-35] DEBUG org.eclipse.jetty.io.ChannelEndPoint
       - close SelectChannelEndPoint@4024e273{/127.0.0.1:52004&amp;lt;-&amp;gt;8080,CLOSED,ISHUT,out,-,-,3/60000,HttpConnection}{io=0,kio=0,kro=1}
      
15:06:46.859 [qtp1105322512-33-selector-ServerConnectorManager@1530c739/0]
       DEBUG o.e.jetty.io.SelectChannelEndPoint - Key interests updated
       0 -&amp;gt; 1 on SelectChannelEndPoint@2cfea3e5{/127.0.0.1:52005&amp;lt;-&amp;gt;8080,Open,in,out,R,-,3/60000,HttpConnection}{io=1,kio=1,kro=0}
      
15:06:46.859 [qtp1105322512-35] DEBUG org.eclipse.jetty.io.SelectorManager
       - Destroyed SelectChannelEndPoint@4024e273{/127.0.0.1:52004&amp;lt;-&amp;gt;8080,CLOSED,ISHUT,OSHUT,-,-,4/60000,HttpConnection}{io=0,kio=-1,kro=-1}
      
15:06:46.859 [qtp1105322512-33-selector-ServerConnectorManager@1530c739/0]
       DEBUG org.eclipse.jetty.io.SelectorManager - Created SelectChannelEndPoint@2cfea3e5{/127.0.0.1:52005&amp;lt;-&amp;gt;8080,Open,in,out,R,-,3/60000,HttpConnection}{io=1,kio=1,kro=0}
      
15:06:46.859 [qtp1105322512-35] DEBUG o.e.jetty.io.AbstractConnection
       - onClose HttpConnection@23ba0788{FILLING}
15:06:46.860 [qtp1105322512-33-selector-ServerConnectorManager@1530c739/0]
       DEBUG org.eclipse.jetty.io.SelectorManager - Selector loop
       waiting on select
15:06:46.860 [qtp1105322512-35] DEBUG o.eclipse.jetty.io.AbstractEndPoint
       - onClose SelectChannelEndPoint@4024e273{/127.0.0.1:52004&amp;lt;-&amp;gt;8080,CLOSED,ISHUT,OSHUT,-,-,5/60000,HttpConnection}{io=0,kio=-1,kro=-1}
      
15:06:46.860 [qtp1105322512-33-selector-ServerConnectorManager@1530c739/0]
       DEBUG org.eclipse.jetty.io.SelectorManager - Selector loop
       woken up from select, 1/1 selected
15:06:46.861 [qtp1105322512-35]
       DEBUG o.e.jetty.io.AbstractConnection - FILLING--&amp;gt;IDLE
       HttpConnection@23ba0788{IDLE}
15:06:46.861 [qtp1105322512-33-selector-ServerConnectorManager@1530c739/0]
       DEBUG o.e.jetty.io.SelectChannelEndPoint - Key interests updated
       1 -&amp;gt; 0 on SelectChannelEndPoint@2cfea3e5{/127.0.0.1:52005&amp;lt;-&amp;gt;8080,Open,in,out,R,-,5/60000,HttpConnection}{io=1,kio=0,kro=1}
      
15:06:46.862 [qtp1105322512-33-selector-ServerConnectorManager@1530c739/0]
       DEBUG o.e.jetty.io.SelectChannelEndPoint - Local interests
       updating 1 -&amp;gt; 0 for SelectChannelEndPoint@2cfea3e5{/127.0.0.1:52005&amp;lt;-&amp;gt;8080,Open,in,out,R,-,6/60000,HttpConnection}{io=0,kio=0,kro=1}
      
15:06:46.862 [qtp1105322512-33-selector-ServerConnectorManager@1530c739/0]
       DEBUG org.eclipse.jetty.io.SelectorManager - Running change
       org.eclipse.jetty.io.SelectChannelEndPoint$1@373ffc3e
15:06:46.862
       [qtp1105322512-33-selector-ServerConnectorManager@1530c739/0]
       DEBUG o.e.jetty.io.AbstractConnection - FILL_INTERESTED--&amp;gt;FILLING
       HttpConnection@6e079b90{FILLING}
15:06:46.862 [qtp1105322512-33-selector-ServerConnectorManager@1530c739/0]
       DEBUG org.eclipse.jetty.io.SelectorManager - Selector loop
       waiting on select
15:06:46.863 [qtp1105322512-38] DEBUG o.e.jetty.server.HttpConnection
       - HttpConnection@6e079b90{FILLING} onFillable HttpChannelState@58a0732a{s=IDLE
       i=true a=null}
15:06:46.863 [qtp1105322512-38] DEBUG org.eclipse.jetty.io.ChannelEndPoint
       - filled 159 SelectChannelEndPoint@2cfea3e5{/127.0.0.1:52005&amp;lt;-&amp;gt;8080,Open,in,out,-,-,7/60000,HttpConnection}{io=0,kio=0,kro=1}
      
15:06:46.863 [qtp1105322512-38] DEBUG org.eclipse.jetty.http.HttpParser
       - parseNext s=START HeapByteBuffer@6f8d0ce5[p=0,l=159,c=8192,r=159]={&amp;lt;&amp;lt;&amp;lt;GET
       /filter HTTP/... keep-alive\r\n\r\n&amp;gt;&amp;gt;&amp;gt;\x00\x00\x00\x00\x00\x00\x00\x00\x00\x00\x00\x00\x00\x00\x00\x00\x00...\x00\x00\x00\x00\x00\x00\x00\x00\x00\x00\x00\x00\x00\x00\x00}
      
15:06:46.863 [qtp1105322512-38] DEBUG org.eclipse.jetty.http.HttpParser
       - START --&amp;gt; SPACE1
15:06:46.863 [qtp1105322512-38]
       DEBUG org.eclipse.jetty.http.HttpParser - SPACE1 --&amp;gt;
       URI
15:06:46.863 [qtp1105322512-38] DEBUG org.eclipse.jetty.http.HttpParser
       - URI --&amp;gt; SPACE2
15:06:46.863 [qtp1105322512-38] DEBUG
       org.eclipse.jetty.http.HttpParser - SPACE2 --&amp;gt; REQUEST_VERSION
      
15:06:46.863 [qtp1105322512-38] DEBUG org.eclipse.jetty.http.HttpParser
       - REQUEST_VERSION --&amp;gt; HEADER
15:06:46.863 [qtp1105322512-38]
       DEBUG org.eclipse.jetty.http.HttpParser - HEADER --&amp;gt;
       HEADER_VALUE
15:06:46.863 [qtp1105322512-38] DEBUG org.eclipse.jetty.http.HttpParser
       - HEADER_VALUE --&amp;gt; HEADER_IN_VALUE
15:06:46.863 [qtp1105322512-38]
       DEBUG org.eclipse.jetty.http.HttpParser - HEADER_IN_VALUE
       --&amp;gt; HEADER
15:06:46.863 [qtp1105322512-38] DEBUG org.eclipse.jetty.http.HttpParser
       - HEADER --&amp;gt; HEADER_VALUE
15:06:46.863 [qtp1105322512-38]
       DEBUG org.eclipse.jetty.http.HttpParser - HEADER_VALUE --&amp;gt;
       HEADER_IN_VALUE
15:06:46.864 [qtp1105322512-38] DEBUG org.eclipse.jetty.http.HttpParser
       - HEADER_IN_VALUE --&amp;gt; HEADER
15:06:46.864 [qtp1105322512-38]
       DEBUG org.eclipse.jetty.http.HttpParser - HEADER --&amp;gt;
       HEADER_VALUE
15:06:46.864 [qtp1105322512-38] DEBUG org.eclipse.jetty.http.HttpParser
       - HEADER_VALUE --&amp;gt; HEADER_IN_VALUE
15:06:46.864 [qtp1105322512-38]
       DEBUG org.eclipse.jetty.http.HttpParser - HEADER_IN_VALUE
       --&amp;gt; HEADER
15:06:46.864 [qtp1105322512-38] DEBUG org.eclipse.jetty.http.HttpParser
       - HEADER --&amp;gt; HEADER_IN_VALUE
15:06:46.864 [qtp1105322512-38]
       DEBUG org.eclipse.jetty.http.HttpParser - HEADER_IN_VALUE
       --&amp;gt; HEADER
15:06:46.864 [qtp1105322512-38] DEBUG org.eclipse.jetty.http.HttpParser
       - HEADER --&amp;gt; END
15:06:46.864 [qtp1105322512-38] DEBUG
       org.eclipse.jetty.server.HttpChannel - HttpChannelOverHttp@5eba9c87{r=1,c=false,a=IDLE,uri=-}
       messageComplete
15:06:46.864 [qtp1105322512-38] DEBUG org.eclipse.jetty.server.HttpInput
       - HttpInputOverHTTP@4ce623c3 EOF
15:06:46.864 [qtp1105322512-38]
       DEBUG org.eclipse.jetty.server.HttpChannel - HttpChannelOverHttp@5eba9c87{r=1,c=false,a=IDLE,uri=-}
       handle enter
15:06:46.865 [qtp1105322512-38 - /filter] DEBUG
       o.e.jetty.server.HttpChannelState - HttpChannelState@58a0732a{s=IDLE
       i=true a=null} handling IDLE
15:06:46.865 [qtp1105322512-38
       - /filter] DEBUG org.eclipse.jetty.server.HttpChannel - HttpChannelOverHttp@5eba9c87{r=1,c=false,a=DISPATCHED,uri=/filter}
       action REQUEST_DISPATCH
15:06:46.865 [qtp1105322512-38 -
       /filter] DEBUG org.eclipse.jetty.server.Server - REQUEST GET
       /filter on HttpChannelOverHttp@5eba9c87{r=1,c=false,a=DISPATCHED,uri=/filter}
      
15:06:46.865 [qtp1105322512-38 - /filter] DEBUG o.e.j.server.handler.ContextHandler
       - scope null||/filter @ o.e.j.s.ServletContextHandler@6f46426d{/,null,AVAILABLE}
      
15:06:46.865 [qtp1105322512-38 - /filter] DEBUG o.e.j.server.handler.ContextHandler
       - context=||/filter @ o.e.j.s.ServletContextHandler@6f46426d{/,null,AVAILABLE}
      
15:06:46.865 [qtp1105322512-38 - /filter] DEBUG org.eclipse.jetty.server.session
       - sessionManager=org.eclipse.jetty.server.session.HashSessionManager@32ee6fee
      
15:06:46.865 [qtp1105322512-38 - /filter] DEBUG org.eclipse.jetty.server.session
       - session=null
15:06:46.865 [qtp1105322512-38 - /filter]
       DEBUG o.e.jetty.servlet.ServletHandler - servlet ||/filter
       -&amp;gt; org.apache.felix.http.base.internal.DispatcherServlet-4738a206@cebacce0==org.apache.felix.http.base.internal.DispatcherServlet,-1,true
      
15:06:46.865 [qtp1105322512-38 - /filter] DEBUG o.e.jetty.servlet.ServletHandler
       - chain=null
15:06:46.870 [qtp1105322512-38 - /filter] DEBUG
       o.e.jetty.server.HttpConnection - org.eclipse.jetty.server.HttpConnection$SendCallback@3444d337[PROCESSING][i=ResponseInfo{HTTP/1.1
       404 null,284,false},cb=org.eclipse.jetty.server.HttpChannel$CommitCallback@1d6371e7]
       generate: NEED_HEADER (null,[p=0,l=284,c=2048,r=284],true)@START
      
15:06:46.870 [qtp1105322512-38 - /filter] DEBUG o.e.jetty.server.HttpConnection
       - org.eclipse.jetty.server.HttpConnection$SendCallback@3444d337[PROCESSING][i=ResponseInfo{HTTP/1.1
       404 null,284,false},cb=org.eclipse.jetty.server.HttpChannel$CommitCallback@1d6371e7]
       generate: FLUSH ([p=0,l=249,c=16384,r=249],[p=0,l=284,c=2048,r=284],true)@COMPLETING
      
15:06:46.871 [qtp1105322512-38 - /filter] DEBUG org.eclipse.jetty.io.WriteFlusher
       - write: WriteFlusher@6c9c8ffb{IDLE} [HeapByteBuffer@a3d66bc3[p=0,l=249,c=16384,r=249]={&amp;lt;&amp;lt;&amp;lt;HTTP/1.1
       404 Not ....v20150224)\r\n\r\n&amp;gt;&amp;gt;&amp;gt;y(9.2.9.v20150224...\x00\x00\x00\x00\x00\x00\x00\x00\x00\x00\x00\x00\x00\x00\x00},HeapByteBuffer@512e049c[p=0,l=284,c=2048,r=284]={&amp;lt;&amp;lt;&amp;lt;&amp;lt;html&amp;gt;\n&amp;lt;head&amp;gt;\n&amp;lt;me.../body&amp;gt;\n&amp;lt;/html&amp;gt;\n&amp;gt;&amp;gt;&amp;gt;\x00\x00\x00\x00\x00\x00\x00\x00\x00\x00\x00\x00\x00\x00\x00\x00\x00...\x00\x00\x00\x00\x00\x00\x00\x00\x00\x00\x00\x00\x00\x00\x00}]
      
15:06:46.871 [qtp1105322512-38 - /filter] DEBUG org.eclipse.jetty.io.WriteFlusher
       - update WriteFlusher@6c9c8ffb{WRITING}:IDLE--&amp;gt;WRITING
      
15:06:46.871 [qtp1105322512-38 - /filter] DEBUG org.eclipse.jetty.io.ChannelEndPoint
       - flushed 533 SelectChannelEndPoint@2cfea3e5{/127.0.0.1:52005&amp;lt;-&amp;gt;8080,Open,in,out,-,W,8/60000,HttpConnection}{io=0,kio=0,kro=1}
      
15:06:46.871 [qtp1105322512-38 - /filter] DEBUG org.eclipse.jetty.io.WriteFlusher
       - update WriteFlusher@6c9c8ffb{IDLE}:WRITING--&amp;gt;IDLE
      
15:06:46.871 [qtp1105322512-38 - /filter] DEBUG o.e.jetty.server.HttpConnection
       - org.eclipse.jetty.server.HttpConnection$SendCallback@3444d337[PROCESSING][i=ResponseInfo{HTTP/1.1
       404 null,284,false},cb=org.eclipse.jetty.server.HttpChannel$CommitCallback@1d6371e7]
       generate: DONE ([p=249,l=249,c=16384,r=0],[p=284,l=284,c=2048,r=0],true)@END
      
15:06:46.872 [qtp1105322512-38 - /filter] DEBUG org.eclipse.jetty.server.Server
       - RESPONSE /filter  404 handled=true
15:06:46.872 [qtp1105322512-38
       - /filter] DEBUG o.e.jetty.server.HttpChannelState - HttpChannelState@58a0732a{s=DISPATCHED
       i=true a=null} unhandle DISPATCHED
15:06:46.872 [qtp1105322512-38
       - /filter] DEBUG org.eclipse.jetty.http.HttpParser - reset
       HttpParser{s=END,0 of 0}
15:06:46.872 [qtp1105322512-38 -
       /filter] DEBUG org.eclipse.jetty.http.HttpParser - END --&amp;gt;
       START
15:06:46.872 [qtp1105322512-38] DEBUG org.eclipse.jetty.server.HttpChannel
       - HttpChannelOverHttp@5eba9c87{r=1,c=false,a=IDLE,uri=-} handle
       exit, result COMPLETE
15:06:46.872 [qtp1105322512-38] DEBUG
       org.eclipse.jetty.io.ChannelEndPoint - filled 0 SelectChannelEndPoint@2cfea3e5{/127.0.0.1:52005&amp;lt;-&amp;gt;8080,Open,in,out,-,-,1/60000,HttpConnection}{io=0,kio=0,kro=1}
      
15:06:46.872 [qtp1105322512-38] DEBUG org.eclipse.jetty.io.ChannelEndPoint
       - filled 0 SelectChannelEndPoint@2cfea3e5{/127.0.0.1:52005&amp;lt;-&amp;gt;8080,Open,in,out,-,-,1/60000,HttpConnection}{io=0,kio=0,kro=1}
      
15:06:46.872 [qtp1105322512-38] DEBUG org.eclipse.jetty.http.HttpParser
       - parseNext s=START HeapByteBuffer@6f8d0ce5[p=0,l=0,c=8192,r=0]={&amp;lt;&amp;lt;&amp;lt;&amp;gt;&amp;gt;&amp;gt;GET
       /filter HTTP/...\x00\x00\x00\x00\x00\x00\x00\x00\x00\x00\x00\x00\x00\x00\x00}
      
15:06:46.873 [qtp1105322512-38] DEBUG o.e.jetty.io.AbstractConnection
       - fillInterested HttpConnection@6e079b90{FILLING}
15:06:46.873
       [qtp1105322512-38] DEBUG o.e.jetty.io.AbstractConnection -
       FILLING--&amp;gt;FILLING_FILL_INTERESTED HttpConnection@6e079b90{FILLING_FILL_INTERESTED}
      
15:06:46.873 [qtp1105322512-38] DEBUG o.e.jetty.io.AbstractConnection
       - FILLING_FILL_INTERESTED--&amp;gt;FILL_INTERESTED HttpConnection@6e079b90{FILL_INTERESTED}
      
15:06:46.873 [qtp1105322512-38] DEBUG o.e.jetty.io.SelectChannelEndPoint
       - Local interests updating 0 -&amp;gt; 1 for SelectChannelEndPoint@2cfea3e5{/127.0.0.1:52005&amp;lt;-&amp;gt;8080,Open,in,out,R,-,0/60000,HttpConnection}{io=1,kio=0,kro=1}
      
15:06:46.873 [qtp1105322512-38] DEBUG org.eclipse.jetty.io.SelectorManager
       - Running change org.eclipse.jetty.io.SelectChannelEndPoint$1@373ffc3e
      
15:06:46.873 [qtp1105322512-38] DEBUG o.e.jetty.io.SelectChannelEndPoint
       - Key interests updated 0 -&amp;gt; 1 on SelectChannelEndPoint@2cfea3e5{/127.0.0.1:52005&amp;lt;-&amp;gt;8080,Open,in,out,R,-,0/60000,HttpConnection}{io=1,kio=1,kro=1}
      
15:06:46.874 [qtp1105322512-33-selector-ServerConnectorManager@1530c739/0]
       DEBUG org.eclipse.jetty.io.SelectorManager - Selector loop
       woken up from select, 0/1 selected
15:06:46.874 [qtp1105322512-33-selector-ServerConnectorManager@1530c739/0]
       DEBUG org.eclipse.jetty.io.SelectorManager - Selector loop
       waiting on select
    </system-out>
  </testcase>
  <testcase name='testConfigureWinkInternalsOk' time='0.91' classname='org.amdatu.web.rest.CompositeTest'>
    <system-out>
      15:06:46.886 [qtp1105322512-33-selector-ServerConnectorManager@1530c739/0]
       DEBUG org.eclipse.jetty.io.SelectorManager - Selector loop
       woken up from select, 1/1 selected
15:06:46.887 [qtp1105322512-33-selector-ServerConnectorManager@1530c739/0]
       DEBUG o.e.jetty.io.SelectChannelEndPoint - Key interests updated
       1 -&amp;gt; 0 on SelectChannelEndPoint@2cfea3e5{/127.0.0.1:52005&amp;lt;-&amp;gt;8080,Open,in,out,R,-,14/60000,HttpConnection}{io=1,kio=0,kro=1}
      
15:06:46.887 [qtp1105322512-33-selector-ServerConnectorManager@1530c739/0]
       DEBUG o.e.jetty.io.SelectChannelEndPoint - Local interests
       updating 1 -&amp;gt; 0 for SelectChannelEndPoint@2cfea3e5{/127.0.0.1:52005&amp;lt;-&amp;gt;8080,Open,in,out,R,-,14/60000,HttpConnection}{io=0,kio=0,kro=1}
      
15:06:46.887 [qtp1105322512-33-selector-ServerConnectorManager@1530c739/0]
       DEBUG org.eclipse.jetty.io.SelectorManager - Running change
       org.eclipse.jetty.io.SelectChannelEndPoint$1@373ffc3e
15:06:46.887
       [qtp1105322512-33-selector-ServerConnectorManager@1530c739/0]
       DEBUG o.e.jetty.io.AbstractConnection - FILL_INTERESTED--&amp;gt;FILLING
       HttpConnection@6e079b90{FILLING}
15:06:46.887 [qtp1105322512-33-selector-ServerConnectorManager@1530c739/0]
       DEBUG org.eclipse.jetty.io.SelectorManager - Selector loop
       waiting on select
15:06:46.887 [qtp1105322512-32] DEBUG o.e.jetty.server.HttpConnection
       - HttpConnection@6e079b90{FILLING} onFillable HttpChannelState@58a0732a{s=IDLE
       i=true a=null}
15:06:46.887 [qtp1105322512-37-acceptor-0@59402b8f-ServerConnector@6892b3b6{HTTP/1.1}{0.0.0.0:8080}]
       DEBUG org.eclipse.jetty.io.SelectorManager - Queued change
       org.eclipse.jetty.io.SelectorManager$ManagedSelector$Accept@17b6985b
      
15:06:46.887 [qtp1105322512-32] DEBUG org.eclipse.jetty.io.ChannelEndPoint
       - filled -1 SelectChannelEndPoint@2cfea3e5{/127.0.0.1:52005&amp;lt;-&amp;gt;8080,Open,in,out,-,-,14/60000,HttpConnection}{io=0,kio=0,kro=1}
      
15:06:46.888 [qtp1105322512-32] DEBUG org.eclipse.jetty.io.ChannelEndPoint
       - ishut SelectChannelEndPoint@2cfea3e5{/127.0.0.1:52005&amp;lt;-&amp;gt;8080,Open,in,out,-,-,15/60000,HttpConnection}{io=0,kio=0,kro=1}
      
15:06:46.888 [qtp1105322512-34-selector-ServerConnectorManager@1530c739/1]
       DEBUG org.eclipse.jetty.io.SelectorManager - Selector loop
       woken up from select, 0/0 selected
15:06:46.888 [qtp1105322512-32]
       DEBUG org.eclipse.jetty.http.HttpParser - atEOF HttpParser{s=START,0
       of -1}
15:06:46.888 [qtp1105322512-34-selector-ServerConnectorManager@1530c739/1]
       DEBUG org.eclipse.jetty.io.SelectorManager - Running change
       org.eclipse.jetty.io.SelectorManager$ManagedSelector$Accept@17b6985b
      
15:06:46.888 [qtp1105322512-32] DEBUG org.eclipse.jetty.http.HttpParser
       - parseNext s=START HeapByteBuffer@6f8d0ce5[p=0,l=0,c=8192,r=0]={&amp;lt;&amp;lt;&amp;lt;&amp;gt;&amp;gt;&amp;gt;GET
       /filter HTTP/...\x00\x00\x00\x00\x00\x00\x00\x00\x00\x00\x00\x00\x00\x00\x00}
      
15:06:46.888 [qtp1105322512-32] DEBUG org.eclipse.jetty.http.HttpParser
       - START --&amp;gt; CLOSED
15:06:46.888 [qtp1105322512-34-selector-ServerConnectorManager@1530c739/1]
       DEBUG o.eclipse.jetty.io.AbstractEndPoint - onOpen SelectChannelEndPoint@41618c98{/127.0.0.1:52006&amp;lt;-&amp;gt;8080,Open,in,out,-,-,0/60000,null}{io=0,kio=0,kro=0}
      
15:06:46.888 [qtp1105322512-32] DEBUG o.eclipse.jetty.io.AbstractEndPoint
       - onClose SelectChannelEndPoint@2cfea3e5{/127.0.0.1:52005&amp;lt;-&amp;gt;8080,CLOSED,ISHUT,out,-,-,15/60000,HttpConnection}{io=0,kio=0,kro=1}
      
15:06:46.888 [qtp1105322512-34-selector-ServerConnectorManager@1530c739/1]
       DEBUG org.eclipse.jetty.io.IdleTimeout - SelectChannelEndPoint@41618c98{/127.0.0.1:52006&amp;lt;-&amp;gt;8080,Open,in,out,-,-,0/60000,null}{io=0,kio=0,kro=0}
       idle timeout check, elapsed: 0 ms, remaining: 60000 ms
15:06:46.888
       [qtp1105322512-32] DEBUG org.eclipse.jetty.io.ChannelEndPoint
       - close SelectChannelEndPoint@2cfea3e5{/127.0.0.1:52005&amp;lt;-&amp;gt;8080,CLOSED,ISHUT,out,-,-,15/60000,HttpConnection}{io=0,kio=0,kro=1}
      
15:06:46.888 [qtp1105322512-32] DEBUG org.eclipse.jetty.io.SelectorManager
       - Destroyed SelectChannelEndPoint@2cfea3e5{/127.0.0.1:52005&amp;lt;-&amp;gt;8080,CLOSED,ISHUT,OSHUT,-,-,15/60000,HttpConnection}{io=0,kio=-1,kro=-1}
      
15:06:46.888 [qtp1105322512-32] DEBUG o.e.jetty.io.AbstractConnection
       - onClose HttpConnection@6e079b90{FILLING}
15:06:46.889 [qtp1105322512-34-selector-ServerConnectorManager@1530c739/1]
       DEBUG org.eclipse.jetty.server.HttpChannel - new HttpChannelOverHttp@3294457b{r=0,c=false,a=IDLE,uri=-}
       -&amp;gt; SelectChannelEndPoint@41618c98{/127.0.0.1:52006&amp;lt;-&amp;gt;8080,Open,in,out,-,-,0/60000,null}{io=0,kio=0,kro=0},null,HttpChannelState@241f3031{s=IDLE
       i=true a=null}
15:06:46.889 [qtp1105322512-32] DEBUG o.eclipse.jetty.io.AbstractEndPoint
       - onClose SelectChannelEndPoint@2cfea3e5{/127.0.0.1:52005&amp;lt;-&amp;gt;8080,CLOSED,ISHUT,OSHUT,-,-,16/60000,HttpConnection}{io=0,kio=-1,kro=-1}
      
15:06:46.889 [qtp1105322512-34-selector-ServerConnectorManager@1530c739/1]
       DEBUG o.e.jetty.server.HttpConnection - New HTTP Connection
       HttpConnection@32f9d51b{IDLE}
15:06:46.889 [qtp1105322512-32]
       DEBUG o.e.jetty.io.AbstractConnection - FILLING--&amp;gt;IDLE
       HttpConnection@6e079b90{IDLE}
15:06:46.889 [qtp1105322512-34-selector-ServerConnectorManager@1530c739/1]
       DEBUG o.e.jetty.io.AbstractConnection - onOpen HttpConnection@32f9d51b{IDLE}
      
15:06:46.889 [qtp1105322512-34-selector-ServerConnectorManager@1530c739/1]
       DEBUG o.e.jetty.io.AbstractConnection - fillInterested HttpConnection@32f9d51b{IDLE}
      
15:06:46.889 [qtp1105322512-34-selector-ServerConnectorManager@1530c739/1]
       DEBUG o.e.jetty.io.AbstractConnection - IDLE--&amp;gt;FILL_INTERESTED
       HttpConnection@32f9d51b{FILL_INTERESTED}
15:06:46.889 [qtp1105322512-34-selector-ServerConnectorManager@1530c739/1]
       DEBUG o.e.jetty.io.SelectChannelEndPoint - Local interests
       updating 0 -&amp;gt; 1 for SelectChannelEndPoint@41618c98{/127.0.0.1:52006&amp;lt;-&amp;gt;8080,Open,in,out,R,-,0/60000,HttpConnection}{io=1,kio=0,kro=0}
      
15:06:46.889 [qtp1105322512-34-selector-ServerConnectorManager@1530c739/1]
       DEBUG org.eclipse.jetty.io.SelectorManager - Running change
       org.eclipse.jetty.io.SelectChannelEndPoint$1@7fb18a90
15:06:46.889
       [qtp1105322512-34-selector-ServerConnectorManager@1530c739/1]
       DEBUG o.e.jetty.io.SelectChannelEndPoint - Key interests updated
       0 -&amp;gt; 1 on SelectChannelEndPoint@41618c98{/127.0.0.1:52006&amp;lt;-&amp;gt;8080,Open,in,out,R,-,0/60000,HttpConnection}{io=1,kio=1,kro=0}
      
15:06:46.889 [qtp1105322512-34-selector-ServerConnectorManager@1530c739/1]
       DEBUG org.eclipse.jetty.io.SelectorManager - Created SelectChannelEndPoint@41618c98{/127.0.0.1:52006&amp;lt;-&amp;gt;8080,Open,in,out,R,-,0/60000,HttpConnection}{io=1,kio=1,kro=0}
      
15:06:46.889 [qtp1105322512-34-selector-ServerConnectorManager@1530c739/1]
       DEBUG org.eclipse.jetty.io.SelectorManager - Selector loop
       waiting on select
15:06:46.890 [qtp1105322512-34-selector-ServerConnectorManager@1530c739/1]
       DEBUG org.eclipse.jetty.io.SelectorManager - Selector loop
       woken up from select, 1/1 selected
15:06:46.890 [qtp1105322512-34-selector-ServerConnectorManager@1530c739/1]
       DEBUG o.e.jetty.io.SelectChannelEndPoint - Key interests updated
       1 -&amp;gt; 0 on SelectChannelEndPoint@41618c98{/127.0.0.1:52006&amp;lt;-&amp;gt;8080,Open,in,out,R,-,1/60000,HttpConnection}{io=1,kio=0,kro=1}
      
15:06:46.890 [qtp1105322512-34-selector-ServerConnectorManager@1530c739/1]
       DEBUG o.e.jetty.io.SelectChannelEndPoint - Local interests
       updating 1 -&amp;gt; 0 for SelectChannelEndPoint@41618c98{/127.0.0.1:52006&amp;lt;-&amp;gt;8080,Open,in,out,R,-,1/60000,HttpConnection}{io=0,kio=0,kro=1}
      
15:06:46.890 [qtp1105322512-34-selector-ServerConnectorManager@1530c739/1]
       DEBUG org.eclipse.jetty.io.SelectorManager - Running change
       org.eclipse.jetty.io.SelectChannelEndPoint$1@7fb18a90
15:06:46.890
       [qtp1105322512-34-selector-ServerConnectorManager@1530c739/1]
       DEBUG o.e.jetty.io.AbstractConnection - FILL_INTERESTED--&amp;gt;FILLING
       HttpConnection@32f9d51b{FILLING}
15:06:46.890 [qtp1105322512-34-selector-ServerConnectorManager@1530c739/1]
       DEBUG org.eclipse.jetty.io.SelectorManager - Selector loop
       waiting on select
15:06:46.891 [qtp1105322512-36] DEBUG o.e.jetty.server.HttpConnection
       - HttpConnection@32f9d51b{FILLING} onFillable HttpChannelState@241f3031{s=IDLE
       i=true a=null}
15:06:46.891 [qtp1105322512-36] DEBUG org.eclipse.jetty.io.ChannelEndPoint
       - filled 157 SelectChannelEndPoint@41618c98{/127.0.0.1:52006&amp;lt;-&amp;gt;8080,Open,in,out,-,-,2/60000,HttpConnection}{io=0,kio=0,kro=1}
      
15:06:46.891 [qtp1105322512-36] DEBUG org.eclipse.jetty.http.HttpParser
       - parseNext s=START HeapByteBuffer@91a944cc[p=0,l=157,c=8192,r=157]={&amp;lt;&amp;lt;&amp;lt;GET
       /rest HTTP/1.... keep-alive\r\n\r\n&amp;gt;&amp;gt;&amp;gt;\r\n\x00\x00\x00\x00\x00\x00\x00\x00\x00\x00\x00\x00\x00\x00\x00...\x00\x00\x00\x00\x00\x00\x00\x00\x00\x00\x00\x00\x00\x00\x00}
      
15:06:46.891 [qtp1105322512-36] DEBUG org.eclipse.jetty.http.HttpParser
       - START --&amp;gt; SPACE1
15:06:46.892 [qtp1105322512-36]
       DEBUG org.eclipse.jetty.http.HttpParser - SPACE1 --&amp;gt;
       URI
15:06:46.892 [qtp1105322512-36] DEBUG org.eclipse.jetty.http.HttpParser
       - URI --&amp;gt; SPACE2
15:06:46.892 [qtp1105322512-36] DEBUG
       org.eclipse.jetty.http.HttpParser - SPACE2 --&amp;gt; REQUEST_VERSION
      
15:06:46.892 [qtp1105322512-36] DEBUG org.eclipse.jetty.http.HttpParser
       - REQUEST_VERSION --&amp;gt; HEADER
15:06:46.892 [qtp1105322512-36]
       DEBUG org.eclipse.jetty.http.HttpParser - HEADER --&amp;gt;
       HEADER_VALUE
15:06:46.892 [qtp1105322512-36] DEBUG org.eclipse.jetty.http.HttpParser
       - HEADER_VALUE --&amp;gt; HEADER_IN_VALUE
15:06:46.892 [qtp1105322512-36]
       DEBUG org.eclipse.jetty.http.HttpParser - HEADER_IN_VALUE
       --&amp;gt; HEADER
15:06:46.892 [qtp1105322512-36] DEBUG org.eclipse.jetty.http.HttpParser
       - HEADER --&amp;gt; HEADER_VALUE
15:06:46.892 [qtp1105322512-36]
       DEBUG org.eclipse.jetty.http.HttpParser - HEADER_VALUE --&amp;gt;
       HEADER_IN_VALUE
15:06:46.892 [qtp1105322512-36] DEBUG org.eclipse.jetty.http.HttpParser
       - HEADER_IN_VALUE --&amp;gt; HEADER
15:06:46.892 [qtp1105322512-36]
       DEBUG org.eclipse.jetty.http.HttpParser - HEADER --&amp;gt;
       HEADER_VALUE
15:06:46.892 [qtp1105322512-36] DEBUG org.eclipse.jetty.http.HttpParser
       - HEADER_VALUE --&amp;gt; HEADER_IN_VALUE
15:06:46.893 [qtp1105322512-36]
       DEBUG org.eclipse.jetty.http.HttpParser - HEADER_IN_VALUE
       --&amp;gt; HEADER
15:06:46.893 [qtp1105322512-36] DEBUG org.eclipse.jetty.http.HttpParser
       - HEADER --&amp;gt; HEADER_IN_VALUE
15:06:46.893 [qtp1105322512-36]
       DEBUG org.eclipse.jetty.http.HttpParser - HEADER_IN_VALUE
       --&amp;gt; HEADER
15:06:46.893 [qtp1105322512-36] DEBUG org.eclipse.jetty.http.HttpParser
       - HEADER --&amp;gt; END
15:06:46.894 [qtp1105322512-36] DEBUG
       org.eclipse.jetty.server.HttpChannel - HttpChannelOverHttp@3294457b{r=1,c=false,a=IDLE,uri=-}
       messageComplete
15:06:46.895 [qtp1105322512-36] DEBUG org.eclipse.jetty.server.HttpInput
       - HttpInputOverHTTP@2915c081 EOF
15:06:46.895 [qtp1105322512-36]
       DEBUG org.eclipse.jetty.server.HttpChannel - HttpChannelOverHttp@3294457b{r=1,c=false,a=IDLE,uri=-}
       handle enter
15:06:46.895 [qtp1105322512-36 - /rest] DEBUG
       o.e.jetty.server.HttpChannelState - HttpChannelState@241f3031{s=IDLE
       i=true a=null} handling IDLE
15:06:46.895 [qtp1105322512-36
       - /rest] DEBUG org.eclipse.jetty.server.HttpChannel - HttpChannelOverHttp@3294457b{r=1,c=false,a=DISPATCHED,uri=/rest}
       action REQUEST_DISPATCH
15:06:46.895 [qtp1105322512-36 -
       /rest] DEBUG org.eclipse.jetty.server.Server - REQUEST GET
       /rest on HttpChannelOverHttp@3294457b{r=1,c=false,a=DISPATCHED,uri=/rest}
      
15:06:46.895 [qtp1105322512-36 - /rest] DEBUG o.e.j.server.handler.ContextHandler
       - scope null||/rest @ o.e.j.s.ServletContextHandler@6f46426d{/,null,AVAILABLE}
      
15:06:46.895 [qtp1105322512-36 - /rest] DEBUG o.e.j.server.handler.ContextHandler
       - context=||/rest @ o.e.j.s.ServletContextHandler@6f46426d{/,null,AVAILABLE}
      
15:06:46.895 [qtp1105322512-36 - /rest] DEBUG org.eclipse.jetty.server.session
       - sessionManager=org.eclipse.jetty.server.session.HashSessionManager@32ee6fee
      
15:06:46.895 [qtp1105322512-36 - /rest] DEBUG org.eclipse.jetty.server.session
       - session=null
15:06:46.896 [qtp1105322512-36 - /rest] DEBUG
       o.e.jetty.servlet.ServletHandler - servlet ||/rest -&amp;gt;
       org.apache.felix.http.base.internal.DispatcherServlet-4738a206@cebacce0==org.apache.felix.http.base.internal.DispatcherServlet,-1,true
      
15:06:46.896 [qtp1105322512-36 - /rest] DEBUG o.e.jetty.servlet.ServletHandler
       - chain=null
15:06:46.916 [qtp1105322512-36 - /rest] DEBUG
       o.e.jetty.server.HttpConnection - org.eclipse.jetty.server.HttpConnection$SendCallback@48194f68[PROCESSING][i=ResponseInfo{HTTP/1.1
       200 null,-1,false},cb=org.eclipse.jetty.server.HttpChannel$CommitCallback@6993272c]
       generate: NEED_HEADER (null,[p=0,l=4,c=24576,r=4],false)@START
      
15:06:46.916 [qtp1105322512-36 - /rest] DEBUG o.e.jetty.server.HttpConnection
       - org.eclipse.jetty.server.HttpConnection$SendCallback@48194f68[PROCESSING][i=ResponseInfo{HTTP/1.1
       200 null,-1,false},cb=org.eclipse.jetty.server.HttpChannel$CommitCallback@6993272c]
       generate: FLUSH ([p=0,l=183,c=16384,r=183],[p=0,l=4,c=24576,r=4],false)@COMMITTED
      
15:06:46.916 [qtp1105322512-36 - /rest] DEBUG org.eclipse.jetty.io.WriteFlusher
       - write: WriteFlusher@5ebf7a5{IDLE} [HeapByteBuffer@5f6a8b68[p=0,l=183,c=16384,r=183]={&amp;lt;&amp;lt;&amp;lt;HTTP/1.1
       200 OK\r\n...0150224)\r\n\r\n4\r\n&amp;gt;&amp;gt;&amp;gt;:
       Jetty(9.2.9.v20...\x00\x00\x00\x00\x00\x00\x00\x00\x00\x00\x00\x00\x00\x00\x00},HeapByteBuffer@42ab842[p=0,l=4,c=24576,r=4]={&amp;lt;&amp;lt;&amp;lt;rest&amp;gt;&amp;gt;&amp;gt;er\x00\x00\x00\x00\x00\x00\x00\x00\x00\x00\x00\x00\x00\x00\x00...\x00\x00\x00\x00\x00\x00\x00\x00\x00\x00\x00\x00\x00\x00\x00}]
      
15:06:46.917 [qtp1105322512-36 - /rest] DEBUG org.eclipse.jetty.io.WriteFlusher
       - update WriteFlusher@5ebf7a5{WRITING}:IDLE--&amp;gt;WRITING
      
15:06:46.917 [qtp1105322512-36 - /rest] DEBUG org.eclipse.jetty.io.ChannelEndPoint
       - flushed 187 SelectChannelEndPoint@41618c98{/127.0.0.1:52006&amp;lt;-&amp;gt;8080,Open,in,out,-,W,26/60000,HttpConnection}{io=0,kio=0,kro=1}
      
15:06:46.917 [qtp1105322512-36 - /rest] DEBUG org.eclipse.jetty.io.WriteFlusher
       - update WriteFlusher@5ebf7a5{IDLE}:WRITING--&amp;gt;IDLE
      
15:06:46.917 [qtp1105322512-36 - /rest] DEBUG o.e.jetty.server.HttpConnection
       - org.eclipse.jetty.server.HttpConnection$SendCallback@48194f68[PROCESSING][i=ResponseInfo{HTTP/1.1
       200 null,-1,false},cb=org.eclipse.jetty.server.HttpChannel$CommitCallback@6993272c]
       generate: DONE ([p=183,l=183,c=16384,r=0],[p=4,l=4,c=24576,r=0],false)@COMMITTED
      
15:06:46.917 [qtp1105322512-36 - /rest] DEBUG org.eclipse.jetty.server.Server
       - RESPONSE /rest  200 handled=true
15:06:46.917 [qtp1105322512-36
       - /rest] DEBUG o.e.jetty.server.HttpChannelState - HttpChannelState@241f3031{s=DISPATCHED
       i=true a=null} unhandle DISPATCHED
15:06:46.917 [qtp1105322512-36
       - /rest] DEBUG o.e.jetty.server.HttpConnection - org.eclipse.jetty.server.HttpConnection$SendCallback@48194f68[PROCESSING][i=null,cb=Blocker@7ce39e18{null}]
       generate: CONTINUE (null,[p=0,l=0,c=0,r=0],true)@COMPLETING
      
15:06:46.918 [qtp1105322512-36 - /rest] DEBUG o.e.jetty.server.HttpConnection
       - org.eclipse.jetty.server.HttpConnection$SendCallback@48194f68[PROCESSING][i=null,cb=Blocker@7ce39e18{null}]
       generate: NEED_CHUNK (null,[p=0,l=0,c=0,r=0],true)@COMPLETING
      
15:06:46.918 [qtp1105322512-36 - /rest] DEBUG o.e.jetty.server.HttpConnection
       - org.eclipse.jetty.server.HttpConnection$SendCallback@48194f68[PROCESSING][i=null,cb=Blocker@7ce39e18{null}]
       generate: FLUSH (null,[p=0,l=0,c=0,r=0],true)@COMPLETING
      
15:06:46.918 [qtp1105322512-36 - /rest] DEBUG org.eclipse.jetty.io.WriteFlusher
       - write: WriteFlusher@5ebf7a5{IDLE} [HeapByteBuffer@6239c7f4[p=0,l=7,c=1024,r=7]={&amp;lt;&amp;lt;&amp;lt;\r\n0\r\n\r\n&amp;gt;&amp;gt;&amp;gt;\x00\x00\x00\x00\x00\x00\x00\x00\x00\x00\x00\x00\x00\x00\x00\x00\x00...\x00\x00\x00\x00\x00\x00\x00\x00\x00\x00\x00\x00\x00\x00\x00}]
      
15:06:46.918 [qtp1105322512-36 - /rest] DEBUG org.eclipse.jetty.io.WriteFlusher
       - update WriteFlusher@5ebf7a5{WRITING}:IDLE--&amp;gt;WRITING
      
15:06:46.918 [qtp1105322512-36 - /rest] DEBUG org.eclipse.jetty.io.ChannelEndPoint
       - flushed 7 SelectChannelEndPoint@41618c98{/127.0.0.1:52006&amp;lt;-&amp;gt;8080,Open,in,out,-,W,1/60000,HttpConnection}{io=0,kio=0,kro=1}
      
15:06:46.918 [qtp1105322512-36 - /rest] DEBUG org.eclipse.jetty.io.WriteFlusher
       - update WriteFlusher@5ebf7a5{IDLE}:WRITING--&amp;gt;IDLE
      
15:06:46.919 [qtp1105322512-36 - /rest] DEBUG o.e.jetty.server.HttpConnection
       - org.eclipse.jetty.server.HttpConnection$SendCallback@48194f68[PROCESSING][i=null,cb=Blocker@7ce39e18{null}]
       generate: DONE (null,[p=0,l=0,c=0,r=0],true)@END
15:06:46.919
       [qtp1105322512-36 - /rest] DEBUG org.eclipse.jetty.http.HttpParser
       - reset HttpParser{s=END,0 of 0}
15:06:46.919 [qtp1105322512-36
       - /rest] DEBUG org.eclipse.jetty.http.HttpParser - END --&amp;gt;
       START
15:06:46.919 [qtp1105322512-36] DEBUG org.eclipse.jetty.server.HttpChannel
       - HttpChannelOverHttp@3294457b{r=1,c=false,a=IDLE,uri=-} handle
       exit, result COMPLETE
15:06:46.919 [qtp1105322512-37-acceptor-0@59402b8f-ServerConnector@6892b3b6{HTTP/1.1}{0.0.0.0:8080}]
       DEBUG org.eclipse.jetty.io.SelectorManager - Queued change
       org.eclipse.jetty.io.SelectorManager$ManagedSelector$Accept@255d2771
      
15:06:46.919 [qtp1105322512-33-selector-ServerConnectorManager@1530c739/0]
       DEBUG org.eclipse.jetty.io.SelectorManager - Selector loop
       woken up from select, 0/0 selected
15:06:46.920 [qtp1105322512-33-selector-ServerConnectorManager@1530c739/0]
       DEBUG org.eclipse.jetty.io.SelectorManager - Running change
       org.eclipse.jetty.io.SelectorManager$ManagedSelector$Accept@255d2771
      
15:06:46.920 [qtp1105322512-33-selector-ServerConnectorManager@1530c739/0]
       DEBUG o.eclipse.jetty.io.AbstractEndPoint - onOpen SelectChannelEndPoint@66890d4e{/127.0.0.1:52007&amp;lt;-&amp;gt;8080,Open,in,out,-,-,0/60000,null}{io=0,kio=0,kro=0}
      
15:06:46.920 [qtp1105322512-33-selector-ServerConnectorManager@1530c739/0]
       DEBUG org.eclipse.jetty.io.IdleTimeout - SelectChannelEndPoint@66890d4e{/127.0.0.1:52007&amp;lt;-&amp;gt;8080,Open,in,out,-,-,0/60000,null}{io=0,kio=0,kro=0}
       idle timeout check, elapsed: 0 ms, remaining: 60000 ms
15:06:46.920
       [qtp1105322512-33-selector-ServerConnectorManager@1530c739/0]
       DEBUG org.eclipse.jetty.server.HttpChannel - new HttpChannelOverHttp@3400c114{r=0,c=false,a=IDLE,uri=-}
       -&amp;gt; SelectChannelEndPoint@66890d4e{/127.0.0.1:52007&amp;lt;-&amp;gt;8080,Open,in,out,-,-,0/60000,null}{io=0,kio=0,kro=0},null,HttpChannelState@7c9615a6{s=IDLE
       i=true a=null}
15:06:46.920 [qtp1105322512-33-selector-ServerConnectorManager@1530c739/0]
       DEBUG o.e.jetty.server.HttpConnection - New HTTP Connection
       HttpConnection@199fb60e{IDLE}
15:06:46.921 [qtp1105322512-33-selector-ServerConnectorManager@1530c739/0]
       DEBUG o.e.jetty.io.AbstractConnection - onOpen HttpConnection@199fb60e{IDLE}
      
15:06:46.921 [qtp1105322512-33-selector-ServerConnectorManager@1530c739/0]
       DEBUG o.e.jetty.io.AbstractConnection - fillInterested HttpConnection@199fb60e{IDLE}
      
15:06:46.921 [qtp1105322512-33-selector-ServerConnectorManager@1530c739/0]
       DEBUG o.e.jetty.io.AbstractConnection - IDLE--&amp;gt;FILL_INTERESTED
       HttpConnection@199fb60e{FILL_INTERESTED}
15:06:46.921 [qtp1105322512-33-selector-ServerConnectorManager@1530c739/0]
       DEBUG o.e.jetty.io.SelectChannelEndPoint - Local interests
       updating 0 -&amp;gt; 1 for SelectChannelEndPoint@66890d4e{/127.0.0.1:52007&amp;lt;-&amp;gt;8080,Open,in,out,R,-,0/60000,HttpConnection}{io=1,kio=0,kro=0}
      
15:06:46.921 [qtp1105322512-33-selector-ServerConnectorManager@1530c739/0]
       DEBUG org.eclipse.jetty.io.SelectorManager - Running change
       org.eclipse.jetty.io.SelectChannelEndPoint$1@37522b0e
15:06:46.921
       [qtp1105322512-33-selector-ServerConnectorManager@1530c739/0]
       DEBUG o.e.jetty.io.SelectChannelEndPoint - Key interests updated
       0 -&amp;gt; 1 on SelectChannelEndPoint@66890d4e{/127.0.0.1:52007&amp;lt;-&amp;gt;8080,Open,in,out,R,-,0/60000,HttpConnection}{io=1,kio=1,kro=0}
      
15:06:46.921 [qtp1105322512-33-selector-ServerConnectorManager@1530c739/0]
       DEBUG org.eclipse.jetty.io.SelectorManager - Created SelectChannelEndPoint@66890d4e{/127.0.0.1:52007&amp;lt;-&amp;gt;8080,Open,in,out,R,-,0/60000,HttpConnection}{io=1,kio=1,kro=0}
      
15:06:46.921 [qtp1105322512-33-selector-ServerConnectorManager@1530c739/0]
       DEBUG org.eclipse.jetty.io.SelectorManager - Selector loop
       waiting on select
15:06:46.921 [qtp1105322512-33-selector-ServerConnectorManager@1530c739/0]
       DEBUG org.eclipse.jetty.io.SelectorManager - Selector loop
       woken up from select, 1/1 selected
15:06:46.922 [qtp1105322512-33-selector-ServerConnectorManager@1530c739/0]
       DEBUG o.e.jetty.io.SelectChannelEndPoint - Key interests updated
       1 -&amp;gt; 0 on SelectChannelEndPoint@66890d4e{/127.0.0.1:52007&amp;lt;-&amp;gt;8080,Open,in,out,R,-,0/60000,HttpConnection}{io=1,kio=0,kro=1}
      
15:06:46.922 [qtp1105322512-33-selector-ServerConnectorManager@1530c739/0]
       DEBUG o.e.jetty.io.SelectChannelEndPoint - Local interests
       updating 1 -&amp;gt; 0 for SelectChannelEndPoint@66890d4e{/127.0.0.1:52007&amp;lt;-&amp;gt;8080,Open,in,out,R,-,1/60000,HttpConnection}{io=0,kio=0,kro=1}
      
15:06:46.922 [qtp1105322512-36] DEBUG org.eclipse.jetty.io.ChannelEndPoint
       - 
java.io.IOException: An established connection was aborted
       by the software in your host machine
	at sun.nio.ch.SocketDispatcher.read0(Native
       Method) ~[na:1.8.0_40]
	at sun.nio.ch.SocketDispatcher.read(Unknown
       Source) ~[na:1.8.0_40]
	at sun.nio.ch.IOUtil.readIntoNativeBuffer(Unknown
       Source) ~[na:1.8.0_40]
	at sun.nio.ch.IOUtil.read(Unknown
       Source) ~[na:1.8.0_40]
	at sun.nio.ch.SocketChannelImpl.read(Unknown
       Source) ~[na:1.8.0_40]
	at org.eclipse.jetty.io.ChannelEndPoint.fill(ChannelEndPoint.java:140)
       ~[na:na]
	at org.eclipse.jetty.server.HttpConnection.onFillable(HttpConnection.java:239)
       ~[na:na]
	at org.eclipse.jetty.io.AbstractConnection$2.run(AbstractConnection.java:540)
       ~[na:na]
	at org.eclipse.jetty.util.thread.QueuedThreadPool.runJob(QueuedThreadPool.java:635)
       ~[na:na]
	at org.eclipse.jetty.util.thread.QueuedThreadPool$3.run(QueuedThreadPool.java:555)
       ~[na:na]
	at java.lang.Thread.run(Unknown Source) ~[na:1.8.0_40]
      
15:06:46.922 [qtp1105322512-33-selector-ServerConnectorManager@1530c739/0]
       DEBUG org.eclipse.jetty.io.SelectorManager - Running change
       org.eclipse.jetty.io.SelectChannelEndPoint$1@37522b0e
15:06:46.926
       [qtp1105322512-36] DEBUG org.eclipse.jetty.io.ChannelEndPoint
       - ishut SelectChannelEndPoint@41618c98{/127.0.0.1:52006&amp;lt;-&amp;gt;8080,Open,in,out,-,-,8/60000,HttpConnection}{io=0,kio=0,kro=1}
      
15:06:46.927 [qtp1105322512-33-selector-ServerConnectorManager@1530c739/0]
       DEBUG o.e.jetty.io.AbstractConnection - FILL_INTERESTED--&amp;gt;FILLING
       HttpConnection@199fb60e{FILLING}
15:06:46.928 [qtp1105322512-36]
       DEBUG org.eclipse.jetty.http.HttpParser - atEOF HttpParser{s=START,0
       of -1}
15:06:46.928 [qtp1105322512-33-selector-ServerConnectorManager@1530c739/0]
       DEBUG org.eclipse.jetty.io.SelectorManager - Selector loop
       waiting on select
15:06:46.928 [qtp1105322512-36] DEBUG org.eclipse.jetty.http.HttpParser
       - parseNext s=START HeapByteBuffer@91a944cc[p=0,l=0,c=8192,r=0]={&amp;lt;&amp;lt;&amp;lt;&amp;gt;&amp;gt;&amp;gt;GET
       /rest HTTP/1....\x00\x00\x00\x00\x00\x00\x00\x00\x00\x00\x00\x00\x00\x00\x00}
      
15:06:46.928 [qtp1105322512-39] DEBUG o.e.jetty.server.HttpConnection
       - HttpConnection@199fb60e{FILLING} onFillable HttpChannelState@7c9615a6{s=IDLE
       i=true a=null}
15:06:46.928 [qtp1105322512-36] DEBUG org.eclipse.jetty.http.HttpParser
       - START --&amp;gt; CLOSED
15:06:46.928 [qtp1105322512-39]
       DEBUG org.eclipse.jetty.io.ChannelEndPoint - filled 157 SelectChannelEndPoint@66890d4e{/127.0.0.1:52007&amp;lt;-&amp;gt;8080,Open,in,out,-,-,7/60000,HttpConnection}{io=0,kio=0,kro=1}
      
15:06:46.928 [qtp1105322512-36] DEBUG o.eclipse.jetty.io.AbstractEndPoint
       - onClose SelectChannelEndPoint@41618c98{/127.0.0.1:52006&amp;lt;-&amp;gt;8080,CLOSED,ISHUT,out,-,-,10/60000,HttpConnection}{io=0,kio=0,kro=1}
      
15:06:46.929 [qtp1105322512-39] DEBUG org.eclipse.jetty.http.HttpParser
       - parseNext s=START HeapByteBuffer@dae116c9[p=0,l=157,c=8192,r=157]={&amp;lt;&amp;lt;&amp;lt;GET
       /rest HTTP/1.... keep-alive\r\n\r\n&amp;gt;&amp;gt;&amp;gt;\x00\x00\x00\x00\x00\x00\x00\x00\x00\x00\x00\x00\x00\x00\x00\x00\x00...\x00\x00\x00\x00\x00\x00\x00\x00\x00\x00\x00\x00\x00\x00\x00}
      
15:06:46.929 [qtp1105322512-36] DEBUG org.eclipse.jetty.io.ChannelEndPoint
       - close SelectChannelEndPoint@41618c98{/127.0.0.1:52006&amp;lt;-&amp;gt;8080,CLOSED,ISHUT,out,-,-,11/60000,HttpConnection}{io=0,kio=0,kro=1}
      
15:06:46.929 [qtp1105322512-39] DEBUG org.eclipse.jetty.http.HttpParser
       - START --&amp;gt; SPACE1
15:06:46.929 [qtp1105322512-39]
       DEBUG org.eclipse.jetty.http.HttpParser - SPACE1 --&amp;gt;
       URI
15:06:46.929 [qtp1105322512-39] DEBUG org.eclipse.jetty.http.HttpParser
       - URI --&amp;gt; SPACE2
15:06:46.929 [qtp1105322512-39] DEBUG
       org.eclipse.jetty.http.HttpParser - SPACE2 --&amp;gt; REQUEST_VERSION
      
15:06:46.929 [qtp1105322512-39] DEBUG org.eclipse.jetty.http.HttpParser
       - REQUEST_VERSION --&amp;gt; HEADER
15:06:46.929 [qtp1105322512-39]
       DEBUG org.eclipse.jetty.http.HttpParser - HEADER --&amp;gt;
       HEADER_VALUE
15:06:46.929 [qtp1105322512-39] DEBUG org.eclipse.jetty.http.HttpParser
       - HEADER_VALUE --&amp;gt; HEADER_IN_VALUE
15:06:46.929 [qtp1105322512-36]
       DEBUG org.eclipse.jetty.io.SelectorManager - Destroyed SelectChannelEndPoint@41618c98{/127.0.0.1:52006&amp;lt;-&amp;gt;8080,CLOSED,ISHUT,OSHUT,-,-,11/60000,HttpConnection}{io=0,kio=-1,kro=-1}
      
15:06:46.929 [qtp1105322512-39] DEBUG org.eclipse.jetty.http.HttpParser
       - HEADER_IN_VALUE --&amp;gt; HEADER
15:06:46.929 [qtp1105322512-36]
       DEBUG o.e.jetty.io.AbstractConnection - onClose HttpConnection@32f9d51b{FILLING}
      
15:06:46.929 [qtp1105322512-39] DEBUG org.eclipse.jetty.http.HttpParser
       - HEADER --&amp;gt; HEADER_VALUE
15:06:46.930 [qtp1105322512-36]
       DEBUG o.eclipse.jetty.io.AbstractEndPoint - onClose SelectChannelEndPoint@41618c98{/127.0.0.1:52006&amp;lt;-&amp;gt;8080,CLOSED,ISHUT,OSHUT,-,-,11/60000,HttpConnection}{io=0,kio=-1,kro=-1}
      
15:06:46.930 [qtp1105322512-39] DEBUG org.eclipse.jetty.http.HttpParser
       - HEADER_VALUE --&amp;gt; HEADER_IN_VALUE
15:06:46.930 [qtp1105322512-36]
       DEBUG o.e.jetty.io.AbstractConnection - FILLING--&amp;gt;IDLE
       HttpConnection@32f9d51b{IDLE}
15:06:46.930 [qtp1105322512-39]
       DEBUG org.eclipse.jetty.http.HttpParser - HEADER_IN_VALUE
       --&amp;gt; HEADER
15:06:46.931 [qtp1105322512-39] DEBUG org.eclipse.jetty.http.HttpParser
       - HEADER --&amp;gt; HEADER_VALUE
15:06:46.931 [qtp1105322512-39]
       DEBUG org.eclipse.jetty.http.HttpParser - HEADER_VALUE --&amp;gt;
       HEADER_IN_VALUE
15:06:46.931 [qtp1105322512-39] DEBUG org.eclipse.jetty.http.HttpParser
       - HEADER_IN_VALUE --&amp;gt; HEADER
15:06:46.931 [qtp1105322512-39]
       DEBUG org.eclipse.jetty.http.HttpParser - HEADER --&amp;gt;
       HEADER_IN_VALUE
15:06:46.931 [qtp1105322512-39] DEBUG org.eclipse.jetty.http.HttpParser
       - HEADER_IN_VALUE --&amp;gt; HEADER
15:06:46.931 [qtp1105322512-39]
       DEBUG org.eclipse.jetty.http.HttpParser - HEADER --&amp;gt;
       END
15:06:46.931 [qtp1105322512-39] DEBUG org.eclipse.jetty.server.HttpChannel
       - HttpChannelOverHttp@3400c114{r=1,c=false,a=IDLE,uri=-} messageComplete
      
15:06:46.932 [qtp1105322512-39] DEBUG org.eclipse.jetty.server.HttpInput
       - HttpInputOverHTTP@5dfc594c EOF
15:06:46.932 [qtp1105322512-39]
       DEBUG org.eclipse.jetty.server.HttpChannel - HttpChannelOverHttp@3400c114{r=1,c=false,a=IDLE,uri=-}
       handle enter
15:06:46.932 [qtp1105322512-39 - /rest] DEBUG
       o.e.jetty.server.HttpChannelState - HttpChannelState@7c9615a6{s=IDLE
       i=true a=null} handling IDLE
15:06:46.932 [qtp1105322512-39
       - /rest] DEBUG org.eclipse.jetty.server.HttpChannel - HttpChannelOverHttp@3400c114{r=1,c=false,a=DISPATCHED,uri=/rest}
       action REQUEST_DISPATCH
15:06:46.932 [qtp1105322512-39 -
       /rest] DEBUG org.eclipse.jetty.server.Server - REQUEST GET
       /rest on HttpChannelOverHttp@3400c114{r=1,c=false,a=DISPATCHED,uri=/rest}
      
15:06:46.932 [qtp1105322512-39 - /rest] DEBUG o.e.j.server.handler.ContextHandler
       - scope null||/rest @ o.e.j.s.ServletContextHandler@6f46426d{/,null,AVAILABLE}
      
15:06:46.933 [qtp1105322512-39 - /rest] DEBUG o.e.j.server.handler.ContextHandler
       - context=||/rest @ o.e.j.s.ServletContextHandler@6f46426d{/,null,AVAILABLE}
      
15:06:46.933 [qtp1105322512-39 - /rest] DEBUG org.eclipse.jetty.server.session
       - sessionManager=org.eclipse.jetty.server.session.HashSessionManager@32ee6fee
      
15:06:46.933 [qtp1105322512-39 - /rest] DEBUG org.eclipse.jetty.server.session
       - session=null
15:06:46.933 [qtp1105322512-39 - /rest] DEBUG
       o.e.jetty.servlet.ServletHandler - servlet ||/rest -&amp;gt;
       org.apache.felix.http.base.internal.DispatcherServlet-4738a206@cebacce0==org.apache.felix.http.base.internal.DispatcherServlet,-1,true
      
15:06:46.933 [qtp1105322512-39 - /rest] DEBUG o.e.jetty.servlet.ServletHandler
       - chain=null
15:06:46.969 [qtp1105322512-39 - /rest] DEBUG
       o.e.jetty.server.HttpConnection - org.eclipse.jetty.server.HttpConnection$SendCallback@523a2305[PROCESSING][i=ResponseInfo{HTTP/1.1
       200 null,-1,false},cb=org.eclipse.jetty.server.HttpChannel$CommitCallback@2127f2e]
       generate: NEED_HEADER (null,[p=0,l=4,c=24576,r=4],false)@START
      
15:06:46.970 [qtp1105322512-39 - /rest] DEBUG o.e.jetty.server.HttpConnection
       - org.eclipse.jetty.server.HttpConnection$SendCallback@523a2305[PROCESSING][i=ResponseInfo{HTTP/1.1
       200 null,-1,false},cb=org.eclipse.jetty.server.HttpChannel$CommitCallback@2127f2e]
       generate: FLUSH ([p=0,l=197,c=16384,r=197],[p=0,l=4,c=24576,r=4],false)@COMMITTED
      
15:06:46.970 [qtp1105322512-39 - /rest] DEBUG org.eclipse.jetty.io.WriteFlusher
       - write: WriteFlusher@226f76fc{IDLE} [HeapByteBuffer@f222d264[p=0,l=197,c=16384,r=197]={&amp;lt;&amp;lt;&amp;lt;HTTP/1.1
       200 OK\r\n...0150224)\r\n\r\n4\r\n&amp;gt;&amp;gt;&amp;gt;v20150224)\r\nX-Pow...\x00\x00\x00\x00\x00\x00\x00\x00\x00\x00\x00\x00\x00\x00\x00},HeapByteBuffer@42ab842[p=0,l=4,c=24576,r=4]={&amp;lt;&amp;lt;&amp;lt;rest&amp;gt;&amp;gt;&amp;gt;er\x00\x00\x00\x00\x00\x00\x00\x00\x00\x00\x00\x00\x00\x00\x00...\x00\x00\x00\x00\x00\x00\x00\x00\x00\x00\x00\x00\x00\x00\x00}]
      
15:06:46.970 [qtp1105322512-39 - /rest] DEBUG org.eclipse.jetty.io.WriteFlusher
       - update WriteFlusher@226f76fc{WRITING}:IDLE--&amp;gt;WRITING
    </system-out>
  </testcase>
  <testcase name='testResourceRegistrationWithNonResourceFilter' time='0.553' classname='org.amdatu.web.rest.CompositeTest'>
    <system-out>
      15:06:46.983 [qtp1105322512-39 - /rest] DEBUG org.eclipse.jetty.io.ChannelEndPoint
       - flushed 201 SelectChannelEndPoint@66890d4e{/127.0.0.1:52007&amp;lt;-&amp;gt;8080,Open,in,out,-,W,55/60000,HttpConnection}{io=0,kio=0,kro=1}
      
15:06:46.983 [qtp1105322512-37-acceptor-0@59402b8f-ServerConnector@6892b3b6{HTTP/1.1}{0.0.0.0:8080}]
       DEBUG org.eclipse.jetty.io.SelectorManager - Queued change
       org.eclipse.jetty.io.SelectorManager$ManagedSelector$Accept@44af3e39
      
15:06:46.984 [qtp1105322512-39 - /rest] DEBUG org.eclipse.jetty.io.WriteFlusher
       - update WriteFlusher@226f76fc{IDLE}:WRITING--&amp;gt;IDLE
      
15:06:46.984 [qtp1105322512-39 - /rest] DEBUG o.e.jetty.server.HttpConnection
       - org.eclipse.jetty.server.HttpConnection$SendCallback@523a2305[PROCESSING][i=ResponseInfo{HTTP/1.1
       200 null,-1,false},cb=org.eclipse.jetty.server.HttpChannel$CommitCallback@2127f2e]
       generate: DONE ([p=197,l=197,c=16384,r=0],[p=4,l=4,c=24576,r=0],false)@COMMITTED
      
15:06:46.984 [qtp1105322512-39 - /rest] DEBUG org.eclipse.jetty.server.Server
       - RESPONSE /rest  200 handled=true
15:06:46.984 [qtp1105322512-39
       - /rest] DEBUG o.e.jetty.server.HttpChannelState - HttpChannelState@7c9615a6{s=DISPATCHED
       i=true a=null} unhandle DISPATCHED
15:06:46.984 [qtp1105322512-39
       - /rest] DEBUG o.e.jetty.server.HttpConnection - org.eclipse.jetty.server.HttpConnection$SendCallback@523a2305[PROCESSING][i=null,cb=Blocker@3f47babe{null}]
       generate: CONTINUE (null,[p=0,l=0,c=0,r=0],true)@COMPLETING
      
15:06:46.984 [qtp1105322512-39 - /rest] DEBUG o.e.jetty.server.HttpConnection
       - org.eclipse.jetty.server.HttpConnection$SendCallback@523a2305[PROCESSING][i=null,cb=Blocker@3f47babe{null}]
       generate: NEED_CHUNK (null,[p=0,l=0,c=0,r=0],true)@COMPLETING
      
15:06:46.984 [qtp1105322512-39 - /rest] DEBUG o.e.jetty.server.HttpConnection
       - org.eclipse.jetty.server.HttpConnection$SendCallback@523a2305[PROCESSING][i=null,cb=Blocker@3f47babe{null}]
       generate: FLUSH (null,[p=0,l=0,c=0,r=0],true)@COMPLETING
      
15:06:46.984 [qtp1105322512-39 - /rest] DEBUG org.eclipse.jetty.io.WriteFlusher
       - write: WriteFlusher@226f76fc{IDLE} [HeapByteBuffer@6239c7f4[p=0,l=7,c=1024,r=7]={&amp;lt;&amp;lt;&amp;lt;\r\n0\r\n\r\n&amp;gt;&amp;gt;&amp;gt;\x00\x00\x00\x00\x00\x00\x00\x00\x00\x00\x00\x00\x00\x00\x00\x00\x00...\x00\x00\x00\x00\x00\x00\x00\x00\x00\x00\x00\x00\x00\x00\x00}]
      
15:06:46.984 [qtp1105322512-39 - /rest] DEBUG org.eclipse.jetty.io.WriteFlusher
       - update WriteFlusher@226f76fc{WRITING}:IDLE--&amp;gt;WRITING
      
15:06:46.985 [qtp1105322512-39 - /rest] DEBUG org.eclipse.jetty.io.ChannelEndPoint
       - flushed 7 SelectChannelEndPoint@66890d4e{/127.0.0.1:52007&amp;lt;-&amp;gt;8080,Open,in,out,-,W,2/60000,HttpConnection}{io=0,kio=0,kro=1}
      
15:06:46.985 [qtp1105322512-39 - /rest] DEBUG org.eclipse.jetty.io.WriteFlusher
       - update WriteFlusher@226f76fc{IDLE}:WRITING--&amp;gt;IDLE
      
15:06:46.985 [qtp1105322512-39 - /rest] DEBUG o.e.jetty.server.HttpConnection
       - org.eclipse.jetty.server.HttpConnection$SendCallback@523a2305[PROCESSING][i=null,cb=Blocker@3f47babe{null}]
       generate: DONE (null,[p=0,l=0,c=0,r=0],true)@END
15:06:46.985
       [qtp1105322512-39 - /rest] DEBUG org.eclipse.jetty.http.HttpParser
       - reset HttpParser{s=END,0 of 0}
15:06:46.985 [qtp1105322512-39
       - /rest] DEBUG org.eclipse.jetty.http.HttpParser - END --&amp;gt;
       START
15:06:46.985 [qtp1105322512-39] DEBUG org.eclipse.jetty.server.HttpChannel
       - HttpChannelOverHttp@3400c114{r=1,c=false,a=IDLE,uri=-} handle
       exit, result COMPLETE
15:06:46.986 [qtp1105322512-34-selector-ServerConnectorManager@1530c739/1]
       DEBUG org.eclipse.jetty.io.SelectorManager - Selector loop
       woken up from select, 0/0 selected
15:06:46.987 [qtp1105322512-34-selector-ServerConnectorManager@1530c739/1]
       DEBUG org.eclipse.jetty.io.SelectorManager - Running change
       org.eclipse.jetty.io.SelectorManager$ManagedSelector$Accept@44af3e39
      
15:06:46.987 [qtp1105322512-39] DEBUG org.eclipse.jetty.io.ChannelEndPoint
       - 
java.io.IOException: An established connection was aborted
       by the software in your host machine
	at sun.nio.ch.SocketDispatcher.read0(Native
       Method) ~[na:1.8.0_40]
	at sun.nio.ch.SocketDispatcher.read(Unknown
       Source) ~[na:1.8.0_40]
	at sun.nio.ch.IOUtil.readIntoNativeBuffer(Unknown
       Source) ~[na:1.8.0_40]
	at sun.nio.ch.IOUtil.read(Unknown
       Source) ~[na:1.8.0_40]
	at sun.nio.ch.SocketChannelImpl.read(Unknown
       Source) ~[na:1.8.0_40]
	at org.eclipse.jetty.io.ChannelEndPoint.fill(ChannelEndPoint.java:140)
       ~[na:na]
	at org.eclipse.jetty.server.HttpConnection.onFillable(HttpConnection.java:239)
       ~[na:na]
	at org.eclipse.jetty.io.AbstractConnection$2.run(AbstractConnection.java:540)
       ~[na:na]
	at org.eclipse.jetty.util.thread.QueuedThreadPool.runJob(QueuedThreadPool.java:635)
       ~[na:na]
	at org.eclipse.jetty.util.thread.QueuedThreadPool$3.run(QueuedThreadPool.java:555)
       ~[na:na]
	at java.lang.Thread.run(Unknown Source) ~[na:1.8.0_40]
      
15:06:46.987 [qtp1105322512-34-selector-ServerConnectorManager@1530c739/1]
       DEBUG o.eclipse.jetty.io.AbstractEndPoint - onOpen SelectChannelEndPoint@32dd9cfa{/127.0.0.1:52008&amp;lt;-&amp;gt;8080,Open,in,out,-,-,0/60000,null}{io=0,kio=0,kro=0}
      
15:06:46.987 [qtp1105322512-39] DEBUG org.eclipse.jetty.io.ChannelEndPoint
       - ishut SelectChannelEndPoint@66890d4e{/127.0.0.1:52007&amp;lt;-&amp;gt;8080,Open,in,out,-,-,2/60000,HttpConnection}{io=0,kio=0,kro=1}
      
15:06:46.987 [qtp1105322512-34-selector-ServerConnectorManager@1530c739/1]
       DEBUG org.eclipse.jetty.io.IdleTimeout - SelectChannelEndPoint@32dd9cfa{/127.0.0.1:52008&amp;lt;-&amp;gt;8080,Open,in,out,-,-,0/60000,null}{io=0,kio=0,kro=0}
       idle timeout check, elapsed: 0 ms, remaining: 60000 ms
15:06:46.987
       [qtp1105322512-39] DEBUG org.eclipse.jetty.http.HttpParser
       - atEOF HttpParser{s=START,0 of -1}
15:06:46.987 [qtp1105322512-39]
       DEBUG org.eclipse.jetty.http.HttpParser - parseNext s=START
       HeapByteBuffer@91a944cc[p=0,l=0,c=8192,r=0]={&amp;lt;&amp;lt;&amp;lt;&amp;gt;&amp;gt;&amp;gt;GET
       /rest HTTP/1....\x00\x00\x00\x00\x00\x00\x00\x00\x00\x00\x00\x00\x00\x00\x00}
      
15:06:46.987 [qtp1105322512-39] DEBUG org.eclipse.jetty.http.HttpParser
       - START --&amp;gt; CLOSED
15:06:46.987 [qtp1105322512-39]
       DEBUG o.eclipse.jetty.io.AbstractEndPoint - onClose SelectChannelEndPoint@66890d4e{/127.0.0.1:52007&amp;lt;-&amp;gt;8080,CLOSED,ISHUT,out,-,-,2/60000,HttpConnection}{io=0,kio=0,kro=1}
      
15:06:46.987 [qtp1105322512-34-selector-ServerConnectorManager@1530c739/1]
       DEBUG org.eclipse.jetty.server.HttpChannel - new HttpChannelOverHttp@4ef0d6b7{r=0,c=false,a=IDLE,uri=-}
       -&amp;gt; SelectChannelEndPoint@32dd9cfa{/127.0.0.1:52008&amp;lt;-&amp;gt;8080,Open,in,out,-,-,0/60000,null}{io=0,kio=0,kro=0},null,HttpChannelState@3d6620f3{s=IDLE
       i=true a=null}
15:06:46.987 [qtp1105322512-39] DEBUG org.eclipse.jetty.io.ChannelEndPoint
       - close SelectChannelEndPoint@66890d4e{/127.0.0.1:52007&amp;lt;-&amp;gt;8080,CLOSED,ISHUT,out,-,-,2/60000,HttpConnection}{io=0,kio=0,kro=1}
      
15:06:46.988 [qtp1105322512-34-selector-ServerConnectorManager@1530c739/1]
       DEBUG o.e.jetty.server.HttpConnection - New HTTP Connection
       HttpConnection@27dea268{IDLE}
15:06:46.988 [qtp1105322512-39]
       DEBUG org.eclipse.jetty.io.SelectorManager - Destroyed SelectChannelEndPoint@66890d4e{/127.0.0.1:52007&amp;lt;-&amp;gt;8080,CLOSED,ISHUT,OSHUT,-,-,3/60000,HttpConnection}{io=0,kio=-1,kro=-1}
      
15:06:46.988 [qtp1105322512-34-selector-ServerConnectorManager@1530c739/1]
       DEBUG o.e.jetty.io.AbstractConnection - onOpen HttpConnection@27dea268{IDLE}
      
15:06:46.988 [qtp1105322512-39] DEBUG o.e.jetty.io.AbstractConnection
       - onClose HttpConnection@199fb60e{FILLING}
15:06:46.988 [qtp1105322512-34-selector-ServerConnectorManager@1530c739/1]
       DEBUG o.e.jetty.io.AbstractConnection - fillInterested HttpConnection@27dea268{IDLE}
      
15:06:46.988 [qtp1105322512-34-selector-ServerConnectorManager@1530c739/1]
       DEBUG o.e.jetty.io.AbstractConnection - IDLE--&amp;gt;FILL_INTERESTED
       HttpConnection@27dea268{FILL_INTERESTED}
15:06:46.988 [qtp1105322512-39]
       DEBUG o.eclipse.jetty.io.AbstractEndPoint - onClose SelectChannelEndPoint@66890d4e{/127.0.0.1:52007&amp;lt;-&amp;gt;8080,CLOSED,ISHUT,OSHUT,-,-,3/60000,HttpConnection}{io=0,kio=-1,kro=-1}
      
15:06:46.988 [qtp1105322512-39] DEBUG o.e.jetty.io.AbstractConnection
       - FILLING--&amp;gt;IDLE HttpConnection@199fb60e{IDLE}
15:06:46.988
       [qtp1105322512-34-selector-ServerConnectorManager@1530c739/1]
       DEBUG o.e.jetty.io.SelectChannelEndPoint - Local interests
       updating 0 -&amp;gt; 1 for SelectChannelEndPoint@32dd9cfa{/127.0.0.1:52008&amp;lt;-&amp;gt;8080,Open,in,out,R,-,0/60000,HttpConnection}{io=1,kio=0,kro=0}
      
15:06:46.988 [qtp1105322512-34-selector-ServerConnectorManager@1530c739/1]
       DEBUG org.eclipse.jetty.io.SelectorManager - Running change
       org.eclipse.jetty.io.SelectChannelEndPoint$1@79bad025
15:06:47.025
       [qtp1105322512-34-selector-ServerConnectorManager@1530c739/1]
       DEBUG o.e.jetty.io.SelectChannelEndPoint - Key interests updated
       0 -&amp;gt; 1 on SelectChannelEndPoint@32dd9cfa{/127.0.0.1:52008&amp;lt;-&amp;gt;8080,Open,in,out,R,-,0/60000,HttpConnection}{io=1,kio=1,kro=0}
      
15:06:47.025 [qtp1105322512-34-selector-ServerConnectorManager@1530c739/1]
       DEBUG org.eclipse.jetty.io.SelectorManager - Created SelectChannelEndPoint@32dd9cfa{/127.0.0.1:52008&amp;lt;-&amp;gt;8080,Open,in,out,R,-,37/60000,HttpConnection}{io=1,kio=1,kro=0}
      
15:06:47.025 [qtp1105322512-34-selector-ServerConnectorManager@1530c739/1]
       DEBUG org.eclipse.jetty.io.SelectorManager - Selector loop
       waiting on select
15:06:47.025 [qtp1105322512-34-selector-ServerConnectorManager@1530c739/1]
       DEBUG org.eclipse.jetty.io.SelectorManager - Selector loop
       woken up from select, 1/1 selected
15:06:47.025 [qtp1105322512-34-selector-ServerConnectorManager@1530c739/1]
       DEBUG o.e.jetty.io.SelectChannelEndPoint - Key interests updated
       1 -&amp;gt; 0 on SelectChannelEndPoint@32dd9cfa{/127.0.0.1:52008&amp;lt;-&amp;gt;8080,Open,in,out,R,-,37/60000,HttpConnection}{io=1,kio=0,kro=1}
      
15:06:47.026 [qtp1105322512-34-selector-ServerConnectorManager@1530c739/1]
       DEBUG o.e.jetty.io.SelectChannelEndPoint - Local interests
       updating 1 -&amp;gt; 0 for SelectChannelEndPoint@32dd9cfa{/127.0.0.1:52008&amp;lt;-&amp;gt;8080,Open,in,out,R,-,37/60000,HttpConnection}{io=0,kio=0,kro=1}
      
15:06:47.026 [qtp1105322512-34-selector-ServerConnectorManager@1530c739/1]
       DEBUG org.eclipse.jetty.io.SelectorManager - Running change
       org.eclipse.jetty.io.SelectChannelEndPoint$1@79bad025
15:06:47.026
       [qtp1105322512-34-selector-ServerConnectorManager@1530c739/1]
       DEBUG o.e.jetty.io.AbstractConnection - FILL_INTERESTED--&amp;gt;FILLING
       HttpConnection@27dea268{FILLING}
15:06:47.026 [qtp1105322512-34-selector-ServerConnectorManager@1530c739/1]
       DEBUG org.eclipse.jetty.io.SelectorManager - Selector loop
       waiting on select
15:06:47.034 [qtp1105322512-35] DEBUG o.e.jetty.server.HttpConnection
       - HttpConnection@27dea268{FILLING} onFillable HttpChannelState@3d6620f3{s=IDLE
       i=true a=null}
15:06:47.035 [qtp1105322512-35] DEBUG org.eclipse.jetty.io.ChannelEndPoint
       - filled 157 SelectChannelEndPoint@32dd9cfa{/127.0.0.1:52008&amp;lt;-&amp;gt;8080,Open,in,out,-,-,47/60000,HttpConnection}{io=0,kio=0,kro=1}
      
15:06:47.035 [qtp1105322512-35] DEBUG org.eclipse.jetty.http.HttpParser
       - parseNext s=START HeapByteBuffer@dae116c9[p=0,l=157,c=8192,r=157]={&amp;lt;&amp;lt;&amp;lt;GET
       /rest HTTP/1.... keep-alive\r\n\r\n&amp;gt;&amp;gt;&amp;gt;\x00\x00\x00\x00\x00\x00\x00\x00\x00\x00\x00\x00\x00\x00\x00\x00\x00...\x00\x00\x00\x00\x00\x00\x00\x00\x00\x00\x00\x00\x00\x00\x00}
      
15:06:47.035 [qtp1105322512-35] DEBUG org.eclipse.jetty.http.HttpParser
       - START --&amp;gt; SPACE1
15:06:47.035 [qtp1105322512-35]
       DEBUG org.eclipse.jetty.http.HttpParser - SPACE1 --&amp;gt;
       URI
15:06:47.035 [qtp1105322512-35] DEBUG org.eclipse.jetty.http.HttpParser
       - URI --&amp;gt; SPACE2
15:06:47.035 [qtp1105322512-35] DEBUG
       org.eclipse.jetty.http.HttpParser - SPACE2 --&amp;gt; REQUEST_VERSION
      
15:06:47.035 [qtp1105322512-35] DEBUG org.eclipse.jetty.http.HttpParser
       - REQUEST_VERSION --&amp;gt; HEADER
15:06:47.035 [qtp1105322512-35]
       DEBUG org.eclipse.jetty.http.HttpParser - HEADER --&amp;gt;
       HEADER_VALUE
15:06:47.035 [qtp1105322512-35] DEBUG org.eclipse.jetty.http.HttpParser
       - HEADER_VALUE --&amp;gt; HEADER_IN_VALUE
15:06:47.036 [qtp1105322512-35]
       DEBUG org.eclipse.jetty.http.HttpParser - HEADER_IN_VALUE
       --&amp;gt; HEADER
15:06:47.036 [qtp1105322512-35] DEBUG org.eclipse.jetty.http.HttpParser
       - HEADER --&amp;gt; HEADER_VALUE
15:06:47.036 [qtp1105322512-35]
       DEBUG org.eclipse.jetty.http.HttpParser - HEADER_VALUE --&amp;gt;
       HEADER_IN_VALUE
15:06:47.036 [qtp1105322512-35] DEBUG org.eclipse.jetty.http.HttpParser
       - HEADER_IN_VALUE --&amp;gt; HEADER
15:06:47.036 [qtp1105322512-35]
       DEBUG org.eclipse.jetty.http.HttpParser - HEADER --&amp;gt;
       HEADER_VALUE
15:06:47.036 [qtp1105322512-35] DEBUG org.eclipse.jetty.http.HttpParser
       - HEADER_VALUE --&amp;gt; HEADER_IN_VALUE
15:06:47.036 [qtp1105322512-35]
       DEBUG org.eclipse.jetty.http.HttpParser - HEADER_IN_VALUE
       --&amp;gt; HEADER
15:06:47.036 [qtp1105322512-35] DEBUG org.eclipse.jetty.http.HttpParser
       - HEADER --&amp;gt; HEADER_IN_VALUE
15:06:47.036 [qtp1105322512-35]
       DEBUG org.eclipse.jetty.http.HttpParser - HEADER_IN_VALUE
       --&amp;gt; HEADER
15:06:47.036 [qtp1105322512-35] DEBUG org.eclipse.jetty.http.HttpParser
       - HEADER --&amp;gt; END
15:06:47.036 [qtp1105322512-35] DEBUG
       org.eclipse.jetty.server.HttpChannel - HttpChannelOverHttp@4ef0d6b7{r=1,c=false,a=IDLE,uri=-}
       messageComplete
15:06:47.037 [qtp1105322512-35] DEBUG org.eclipse.jetty.server.HttpInput
       - HttpInputOverHTTP@3382e439 EOF
15:06:47.037 [qtp1105322512-35]
       DEBUG org.eclipse.jetty.server.HttpChannel - HttpChannelOverHttp@4ef0d6b7{r=1,c=false,a=IDLE,uri=-}
       handle enter
15:06:47.038 [qtp1105322512-35 - /rest] DEBUG
       o.e.jetty.server.HttpChannelState - HttpChannelState@3d6620f3{s=IDLE
       i=true a=null} handling IDLE
15:06:47.038 [qtp1105322512-35
       - /rest] DEBUG org.eclipse.jetty.server.HttpChannel - HttpChannelOverHttp@4ef0d6b7{r=1,c=false,a=DISPATCHED,uri=/rest}
       action REQUEST_DISPATCH
15:06:47.038 [qtp1105322512-35 -
       /rest] DEBUG org.eclipse.jetty.server.Server - REQUEST GET
       /rest on HttpChannelOverHttp@4ef0d6b7{r=1,c=false,a=DISPATCHED,uri=/rest}
      
15:06:47.038 [qtp1105322512-35 - /rest] DEBUG o.e.j.server.handler.ContextHandler
       - scope null||/rest @ o.e.j.s.ServletContextHandler@6f46426d{/,null,AVAILABLE}
      
15:06:47.038 [qtp1105322512-35 - /rest] DEBUG o.e.j.server.handler.ContextHandler
       - context=||/rest @ o.e.j.s.ServletContextHandler@6f46426d{/,null,AVAILABLE}
      
15:06:47.038 [qtp1105322512-35 - /rest] DEBUG org.eclipse.jetty.server.session
       - sessionManager=org.eclipse.jetty.server.session.HashSessionManager@32ee6fee
      
15:06:47.038 [qtp1105322512-35 - /rest] DEBUG org.eclipse.jetty.server.session
       - session=null
15:06:47.038 [qtp1105322512-35 - /rest] DEBUG
       o.e.jetty.servlet.ServletHandler - servlet ||/rest -&amp;gt;
       org.apache.felix.http.base.internal.DispatcherServlet-4738a206@cebacce0==org.apache.felix.http.base.internal.DispatcherServlet,-1,true
      
15:06:47.039 [qtp1105322512-35 - /rest] DEBUG o.e.jetty.servlet.ServletHandler
       - chain=null
15:06:47.057 [qtp1105322512-35 - /rest] DEBUG
       o.e.jetty.server.HttpConnection - org.eclipse.jetty.server.HttpConnection$SendCallback@62c0971f[PROCESSING][i=ResponseInfo{HTTP/1.1
       200 null,-1,false},cb=org.eclipse.jetty.server.HttpChannel$CommitCallback@763772bf]
       generate: NEED_HEADER (null,[p=0,l=4,c=24576,r=4],false)@START
      
15:06:47.058 [qtp1105322512-35 - /rest] DEBUG o.e.jetty.server.HttpConnection
       - org.eclipse.jetty.server.HttpConnection$SendCallback@62c0971f[PROCESSING][i=ResponseInfo{HTTP/1.1
       200 null,-1,false},cb=org.eclipse.jetty.server.HttpChannel$CommitCallback@763772bf]
       generate: FLUSH ([p=0,l=183,c=16384,r=183],[p=0,l=4,c=24576,r=4],false)@COMMITTED
      
15:06:47.058 [qtp1105322512-35 - /rest] DEBUG org.eclipse.jetty.io.WriteFlusher
       - write: WriteFlusher@2d277257{IDLE} [HeapByteBuffer@e4051e9[p=0,l=183,c=16384,r=183]={&amp;lt;&amp;lt;&amp;lt;HTTP/1.1
       200 OK\r\n...0150224)\r\n\r\n4\r\n&amp;gt;&amp;gt;&amp;gt;150224)\r\n\r\n4\r\nv20...\x00\x00\x00\x00\x00\x00\x00\x00\x00\x00\x00\x00\x00\x00\x00},HeapByteBuffer@42ab842[p=0,l=4,c=24576,r=4]={&amp;lt;&amp;lt;&amp;lt;rest&amp;gt;&amp;gt;&amp;gt;er\x00\x00\x00\x00\x00\x00\x00\x00\x00\x00\x00\x00\x00\x00\x00...\x00\x00\x00\x00\x00\x00\x00\x00\x00\x00\x00\x00\x00\x00\x00}]
      
15:06:47.058 [qtp1105322512-35 - /rest] DEBUG org.eclipse.jetty.io.WriteFlusher
       - update WriteFlusher@2d277257{WRITING}:IDLE--&amp;gt;WRITING
      
15:06:47.059 [qtp1105322512-35 - /rest] DEBUG org.eclipse.jetty.io.ChannelEndPoint
       - flushed 187 SelectChannelEndPoint@32dd9cfa{/127.0.0.1:52008&amp;lt;-&amp;gt;8080,Open,in,out,-,W,24/60000,HttpConnection}{io=0,kio=0,kro=1}
      
15:06:47.060 [qtp1105322512-35 - /rest] DEBUG org.eclipse.jetty.io.WriteFlusher
       - update WriteFlusher@2d277257{IDLE}:WRITING--&amp;gt;IDLE
      
15:06:47.060 [qtp1105322512-35 - /rest] DEBUG o.e.jetty.server.HttpConnection
       - org.eclipse.jetty.server.HttpConnection$SendCallback@62c0971f[PROCESSING][i=ResponseInfo{HTTP/1.1
       200 null,-1,false},cb=org.eclipse.jetty.server.HttpChannel$CommitCallback@763772bf]
       generate: DONE ([p=183,l=183,c=16384,r=0],[p=4,l=4,c=24576,r=0],false)@COMMITTED
      
15:06:47.060 [qtp1105322512-35 - /rest] DEBUG org.eclipse.jetty.server.Server
       - RESPONSE /rest  200 handled=true
15:06:47.060 [qtp1105322512-35
       - /rest] DEBUG o.e.jetty.server.HttpChannelState - HttpChannelState@3d6620f3{s=DISPATCHED
       i=true a=null} unhandle DISPATCHED
15:06:47.060 [qtp1105322512-35
       - /rest] DEBUG o.e.jetty.server.HttpConnection - org.eclipse.jetty.server.HttpConnection$SendCallback@62c0971f[PROCESSING][i=null,cb=Blocker@54b51030{null}]
       generate: CONTINUE (null,[p=0,l=0,c=0,r=0],true)@COMPLETING
      
15:06:47.060 [qtp1105322512-35 - /rest] DEBUG o.e.jetty.server.HttpConnection
       - org.eclipse.jetty.server.HttpConnection$SendCallback@62c0971f[PROCESSING][i=null,cb=Blocker@54b51030{null}]
       generate: NEED_CHUNK (null,[p=0,l=0,c=0,r=0],true)@COMPLETING
      
15:06:47.060 [qtp1105322512-35 - /rest] DEBUG o.e.jetty.server.HttpConnection
       - org.eclipse.jetty.server.HttpConnection$SendCallback@62c0971f[PROCESSING][i=null,cb=Blocker@54b51030{null}]
       generate: FLUSH (null,[p=0,l=0,c=0,r=0],true)@COMPLETING
      
15:06:47.060 [qtp1105322512-35 - /rest] DEBUG org.eclipse.jetty.io.WriteFlusher
       - write: WriteFlusher@2d277257{IDLE} [HeapByteBuffer@6239c7f4[p=0,l=7,c=1024,r=7]={&amp;lt;&amp;lt;&amp;lt;\r\n0\r\n\r\n&amp;gt;&amp;gt;&amp;gt;\x00\x00\x00\x00\x00\x00\x00\x00\x00\x00\x00\x00\x00\x00\x00\x00\x00...\x00\x00\x00\x00\x00\x00\x00\x00\x00\x00\x00\x00\x00\x00\x00}]
      
15:06:47.060 [qtp1105322512-35 - /rest] DEBUG org.eclipse.jetty.io.WriteFlusher
       - update WriteFlusher@2d277257{WRITING}:IDLE--&amp;gt;WRITING
      
15:06:47.061 [qtp1105322512-35 - /rest] DEBUG org.eclipse.jetty.io.ChannelEndPoint
       - flushed 7 SelectChannelEndPoint@32dd9cfa{/127.0.0.1:52008&amp;lt;-&amp;gt;8080,Open,in,out,-,W,2/60000,HttpConnection}{io=0,kio=0,kro=1}
      
15:06:47.061 [qtp1105322512-35 - /rest] DEBUG org.eclipse.jetty.io.WriteFlusher
       - update WriteFlusher@2d277257{IDLE}:WRITING--&amp;gt;IDLE
      
15:06:47.061 [qtp1105322512-35 - /rest] DEBUG o.e.jetty.server.HttpConnection
       - org.eclipse.jetty.server.HttpConnection$SendCallback@62c0971f[PROCESSING][i=null,cb=Blocker@54b51030{null}]
       generate: DONE (null,[p=0,l=0,c=0,r=0],true)@END
15:06:47.061
       [qtp1105322512-35 - /rest] DEBUG org.eclipse.jetty.http.HttpParser
       - reset HttpParser{s=END,0 of 0}
15:06:47.061 [qtp1105322512-35
       - /rest] DEBUG org.eclipse.jetty.http.HttpParser - END --&amp;gt;
       START
15:06:47.061 [qtp1105322512-35] DEBUG org.eclipse.jetty.server.HttpChannel
       - HttpChannelOverHttp@4ef0d6b7{r=1,c=false,a=IDLE,uri=-} handle
       exit, result COMPLETE
15:06:47.063 [qtp1105322512-35] DEBUG
       org.eclipse.jetty.io.ChannelEndPoint - 
java.io.IOException:
       An established connection was aborted by the software in your
       host machine
	at sun.nio.ch.SocketDispatcher.read0(Native
       Method) ~[na:1.8.0_40]
	at sun.nio.ch.SocketDispatcher.read(Unknown
       Source) ~[na:1.8.0_40]
	at sun.nio.ch.IOUtil.readIntoNativeBuffer(Unknown
       Source) ~[na:1.8.0_40]
	at sun.nio.ch.IOUtil.read(Unknown
       Source) ~[na:1.8.0_40]
	at sun.nio.ch.SocketChannelImpl.read(Unknown
       Source) ~[na:1.8.0_40]
	at org.eclipse.jetty.io.ChannelEndPoint.fill(ChannelEndPoint.java:140)
       ~[na:na]
	at org.eclipse.jetty.server.HttpConnection.onFillable(HttpConnection.java:239)
       ~[na:na]
	at org.eclipse.jetty.io.AbstractConnection$2.run(AbstractConnection.java:540)
       ~[na:na]
	at org.eclipse.jetty.util.thread.QueuedThreadPool.runJob(QueuedThreadPool.java:635)
       ~[na:na]
	at org.eclipse.jetty.util.thread.QueuedThreadPool$3.run(QueuedThreadPool.java:555)
       ~[na:na]
	at java.lang.Thread.run(Unknown Source) ~[na:1.8.0_40]
      
15:06:47.063 [qtp1105322512-35] DEBUG org.eclipse.jetty.io.ChannelEndPoint
       - ishut SelectChannelEndPoint@32dd9cfa{/127.0.0.1:52008&amp;lt;-&amp;gt;8080,Open,in,out,-,-,2/60000,HttpConnection}{io=0,kio=0,kro=1}
      
15:06:47.064 [qtp1105322512-37-acceptor-0@59402b8f-ServerConnector@6892b3b6{HTTP/1.1}{0.0.0.0:8080}]
       DEBUG org.eclipse.jetty.io.SelectorManager - Queued change
       org.eclipse.jetty.io.SelectorManager$ManagedSelector$Accept@30af5142
      
15:06:47.065 [qtp1105322512-35] DEBUG org.eclipse.jetty.http.HttpParser
       - atEOF HttpParser{s=START,0 of -1}
15:06:47.066 [qtp1105322512-33-selector-ServerConnectorManager@1530c739/0]
       DEBUG org.eclipse.jetty.io.SelectorManager - Selector loop
       woken up from select, 0/0 selected
15:06:47.066 [qtp1105322512-35]
       DEBUG org.eclipse.jetty.http.HttpParser - parseNext s=START
       HeapByteBuffer@91a944cc[p=0,l=0,c=8192,r=0]={&amp;lt;&amp;lt;&amp;lt;&amp;gt;&amp;gt;&amp;gt;GET
       /rest HTTP/1....\x00\x00\x00\x00\x00\x00\x00\x00\x00\x00\x00\x00\x00\x00\x00}
      
15:06:47.066 [qtp1105322512-33-selector-ServerConnectorManager@1530c739/0]
       DEBUG org.eclipse.jetty.io.SelectorManager - Running change
       org.eclipse.jetty.io.SelectorManager$ManagedSelector$Accept@30af5142
      
15:06:47.066 [qtp1105322512-35] DEBUG org.eclipse.jetty.http.HttpParser
       - START --&amp;gt; CLOSED
15:06:47.066 [qtp1105322512-35]
       DEBUG o.eclipse.jetty.io.AbstractEndPoint - onClose SelectChannelEndPoint@32dd9cfa{/127.0.0.1:52008&amp;lt;-&amp;gt;8080,CLOSED,ISHUT,out,-,-,5/60000,HttpConnection}{io=0,kio=0,kro=1}
      
15:06:47.066 [qtp1105322512-33-selector-ServerConnectorManager@1530c739/0]
       DEBUG o.eclipse.jetty.io.AbstractEndPoint - onOpen SelectChannelEndPoint@499f5abf{/127.0.0.1:52009&amp;lt;-&amp;gt;8080,Open,in,out,-,-,0/60000,null}{io=0,kio=0,kro=0}
      
15:06:47.067 [qtp1105322512-35] DEBUG org.eclipse.jetty.io.ChannelEndPoint
       - close SelectChannelEndPoint@32dd9cfa{/127.0.0.1:52008&amp;lt;-&amp;gt;8080,CLOSED,ISHUT,out,-,-,6/60000,HttpConnection}{io=0,kio=0,kro=1}
      
15:06:47.067 [qtp1105322512-33-selector-ServerConnectorManager@1530c739/0]
       DEBUG org.eclipse.jetty.io.IdleTimeout - SelectChannelEndPoint@499f5abf{/127.0.0.1:52009&amp;lt;-&amp;gt;8080,Open,in,out,-,-,1/60000,null}{io=0,kio=0,kro=0}
       idle timeout check, elapsed: 1 ms, remaining: 59999 ms
15:06:47.067
       [qtp1105322512-35] DEBUG org.eclipse.jetty.io.SelectorManager
       - Destroyed SelectChannelEndPoint@32dd9cfa{/127.0.0.1:52008&amp;lt;-&amp;gt;8080,CLOSED,ISHUT,OSHUT,-,-,6/60000,HttpConnection}{io=0,kio=-1,kro=-1}
      
15:06:47.067 [qtp1105322512-35] DEBUG o.e.jetty.io.AbstractConnection
       - onClose HttpConnection@27dea268{FILLING}
15:06:47.067 [qtp1105322512-35]
       DEBUG o.eclipse.jetty.io.AbstractEndPoint - onClose SelectChannelEndPoint@32dd9cfa{/127.0.0.1:52008&amp;lt;-&amp;gt;8080,CLOSED,ISHUT,OSHUT,-,-,6/60000,HttpConnection}{io=0,kio=-1,kro=-1}
      
15:06:47.067 [qtp1105322512-35] DEBUG o.e.jetty.io.AbstractConnection
       - FILLING--&amp;gt;IDLE HttpConnection@27dea268{IDLE}
15:06:47.067
       [qtp1105322512-33-selector-ServerConnectorManager@1530c739/0]
       DEBUG org.eclipse.jetty.server.HttpChannel - new HttpChannelOverHttp@2d54aa44{r=0,c=false,a=IDLE,uri=-}
       -&amp;gt; SelectChannelEndPoint@499f5abf{/127.0.0.1:52009&amp;lt;-&amp;gt;8080,Open,in,out,-,-,1/60000,null}{io=0,kio=0,kro=0},null,HttpChannelState@bf8febb{s=IDLE
       i=true a=null}
15:06:47.067 [qtp1105322512-33-selector-ServerConnectorManager@1530c739/0]
       DEBUG o.e.jetty.server.HttpConnection - New HTTP Connection
       HttpConnection@4cf36f99{IDLE}
15:06:47.067 [qtp1105322512-33-selector-ServerConnectorManager@1530c739/0]
       DEBUG o.e.jetty.io.AbstractConnection - onOpen HttpConnection@4cf36f99{IDLE}
      
15:06:47.068 [qtp1105322512-33-selector-ServerConnectorManager@1530c739/0]
       DEBUG o.e.jetty.io.AbstractConnection - fillInterested HttpConnection@4cf36f99{IDLE}
      
15:06:47.068 [qtp1105322512-33-selector-ServerConnectorManager@1530c739/0]
       DEBUG o.e.jetty.io.AbstractConnection - IDLE--&amp;gt;FILL_INTERESTED
       HttpConnection@4cf36f99{FILL_INTERESTED}
15:06:47.068 [qtp1105322512-33-selector-ServerConnectorManager@1530c739/0]
       DEBUG o.e.jetty.io.SelectChannelEndPoint - Local interests
       updating 0 -&amp;gt; 1 for SelectChannelEndPoint@499f5abf{/127.0.0.1:52009&amp;lt;-&amp;gt;8080,Open,in,out,R,-,0/60000,HttpConnection}{io=1,kio=0,kro=0}
      
15:06:47.068 [qtp1105322512-33-selector-ServerConnectorManager@1530c739/0]
       DEBUG org.eclipse.jetty.io.SelectorManager - Running change
       org.eclipse.jetty.io.SelectChannelEndPoint$1@7f8a9e1a
15:06:47.068
       [qtp1105322512-33-selector-ServerConnectorManager@1530c739/0]
       DEBUG o.e.jetty.io.SelectChannelEndPoint - Key interests updated
       0 -&amp;gt; 1 on SelectChannelEndPoint@499f5abf{/127.0.0.1:52009&amp;lt;-&amp;gt;8080,Open,in,out,R,-,0/60000,HttpConnection}{io=1,kio=1,kro=0}
      
15:06:47.068 [qtp1105322512-33-selector-ServerConnectorManager@1530c739/0]
       DEBUG org.eclipse.jetty.io.SelectorManager - Created SelectChannelEndPoint@499f5abf{/127.0.0.1:52009&amp;lt;-&amp;gt;8080,Open,in,out,R,-,0/60000,HttpConnection}{io=1,kio=1,kro=0}
      
15:06:47.068 [qtp1105322512-33-selector-ServerConnectorManager@1530c739/0]
       DEBUG org.eclipse.jetty.io.SelectorManager - Selector loop
       waiting on select
15:06:47.068 [qtp1105322512-33-selector-ServerConnectorManager@1530c739/0]
       DEBUG org.eclipse.jetty.io.SelectorManager - Selector loop
       woken up from select, 1/1 selected
15:06:47.069 [qtp1105322512-33-selector-ServerConnectorManager@1530c739/0]
       DEBUG o.e.jetty.io.SelectChannelEndPoint - Key interests updated
       1 -&amp;gt; 0 on SelectChannelEndPoint@499f5abf{/127.0.0.1:52009&amp;lt;-&amp;gt;8080,Open,in,out,R,-,0/60000,HttpConnection}{io=1,kio=0,kro=1}
      
15:06:47.069 [qtp1105322512-33-selector-ServerConnectorManager@1530c739/0]
       DEBUG o.e.jetty.io.SelectChannelEndPoint - Local interests
       updating 1 -&amp;gt; 0 for SelectChannelEndPoint@499f5abf{/127.0.0.1:52009&amp;lt;-&amp;gt;8080,Open,in,out,R,-,1/60000,HttpConnection}{io=0,kio=0,kro=1}
      
15:06:47.069 [qtp1105322512-33-selector-ServerConnectorManager@1530c739/0]
       DEBUG org.eclipse.jetty.io.SelectorManager - Running change
       org.eclipse.jetty.io.SelectChannelEndPoint$1@7f8a9e1a
15:06:47.069
       [qtp1105322512-33-selector-ServerConnectorManager@1530c739/0]
       DEBUG o.e.jetty.io.AbstractConnection - FILL_INTERESTED--&amp;gt;FILLING
       HttpConnection@4cf36f99{FILLING}
15:06:47.069 [qtp1105322512-33-selector-ServerConnectorManager@1530c739/0]
       DEBUG org.eclipse.jetty.io.SelectorManager - Selector loop
       waiting on select
15:06:47.069 [qtp1105322512-38] DEBUG o.e.jetty.server.HttpConnection
       - HttpConnection@4cf36f99{FILLING} onFillable HttpChannelState@bf8febb{s=IDLE
       i=true a=null}
15:06:47.069 [qtp1105322512-38] DEBUG org.eclipse.jetty.io.ChannelEndPoint
       - filled 159 SelectChannelEndPoint@499f5abf{/127.0.0.1:52009&amp;lt;-&amp;gt;8080,Open,in,out,-,-,1/60000,HttpConnection}{io=0,kio=0,kro=1}
      
15:06:47.070 [qtp1105322512-38] DEBUG org.eclipse.jetty.http.HttpParser
       - parseNext s=START HeapByteBuffer@6f8d0ce5[p=0,l=159,c=8192,r=159]={&amp;lt;&amp;lt;&amp;lt;GET
       /filter HTTP/... keep-alive\r\n\r\n&amp;gt;&amp;gt;&amp;gt;\x00\x00\x00\x00\x00\x00\x00\x00\x00\x00\x00\x00\x00\x00\x00\x00\x00...\x00\x00\x00\x00\x00\x00\x00\x00\x00\x00\x00\x00\x00\x00\x00}
      
15:06:47.070 [qtp1105322512-38] DEBUG org.eclipse.jetty.http.HttpParser
       - START --&amp;gt; SPACE1
15:06:47.070 [qtp1105322512-38]
       DEBUG org.eclipse.jetty.http.HttpParser - SPACE1 --&amp;gt;
       URI
15:06:47.070 [qtp1105322512-38] DEBUG org.eclipse.jetty.http.HttpParser
       - URI --&amp;gt; SPACE2
15:06:47.070 [qtp1105322512-38] DEBUG
       org.eclipse.jetty.http.HttpParser - SPACE2 --&amp;gt; REQUEST_VERSION
      
15:06:47.070 [qtp1105322512-38] DEBUG org.eclipse.jetty.http.HttpParser
       - REQUEST_VERSION --&amp;gt; HEADER
15:06:47.070 [qtp1105322512-38]
       DEBUG org.eclipse.jetty.http.HttpParser - HEADER --&amp;gt;
       HEADER_VALUE
15:06:47.070 [qtp1105322512-38] DEBUG org.eclipse.jetty.http.HttpParser
       - HEADER_VALUE --&amp;gt; HEADER_IN_VALUE
15:06:47.070 [qtp1105322512-38]
       DEBUG org.eclipse.jetty.http.HttpParser - HEADER_IN_VALUE
       --&amp;gt; HEADER
15:06:47.070 [qtp1105322512-38] DEBUG org.eclipse.jetty.http.HttpParser
       - HEADER --&amp;gt; HEADER_VALUE
15:06:47.070 [qtp1105322512-38]
       DEBUG org.eclipse.jetty.http.HttpParser - HEADER_VALUE --&amp;gt;
       HEADER_IN_VALUE
15:06:47.070 [qtp1105322512-38] DEBUG org.eclipse.jetty.http.HttpParser
       - HEADER_IN_VALUE --&amp;gt; HEADER
15:06:47.070 [qtp1105322512-38]
       DEBUG org.eclipse.jetty.http.HttpParser - HEADER --&amp;gt;
       HEADER_VALUE
15:06:47.070 [qtp1105322512-38] DEBUG org.eclipse.jetty.http.HttpParser
       - HEADER_VALUE --&amp;gt; HEADER_IN_VALUE
15:06:47.070 [qtp1105322512-38]
       DEBUG org.eclipse.jetty.http.HttpParser - HEADER_IN_VALUE
       --&amp;gt; HEADER
15:06:47.070 [qtp1105322512-38] DEBUG org.eclipse.jetty.http.HttpParser
       - HEADER --&amp;gt; HEADER_IN_VALUE
15:06:47.070 [qtp1105322512-38]
       DEBUG org.eclipse.jetty.http.HttpParser - HEADER_IN_VALUE
       --&amp;gt; HEADER
15:06:47.070 [qtp1105322512-38] DEBUG org.eclipse.jetty.http.HttpParser
       - HEADER --&amp;gt; END
15:06:47.071 [qtp1105322512-38] DEBUG
       org.eclipse.jetty.server.HttpChannel - HttpChannelOverHttp@2d54aa44{r=1,c=false,a=IDLE,uri=-}
       messageComplete
15:06:47.071 [qtp1105322512-38] DEBUG org.eclipse.jetty.server.HttpInput
       - HttpInputOverHTTP@11995190 EOF
15:06:47.071 [qtp1105322512-38]
       DEBUG org.eclipse.jetty.server.HttpChannel - HttpChannelOverHttp@2d54aa44{r=1,c=false,a=IDLE,uri=-}
       handle enter
15:06:47.071 [qtp1105322512-38 - /filter] DEBUG
       o.e.jetty.server.HttpChannelState - HttpChannelState@bf8febb{s=IDLE
       i=true a=null} handling IDLE
15:06:47.071 [qtp1105322512-38
       - /filter] DEBUG org.eclipse.jetty.server.HttpChannel - HttpChannelOverHttp@2d54aa44{r=1,c=false,a=DISPATCHED,uri=/filter}
       action REQUEST_DISPATCH
15:06:47.071 [qtp1105322512-38 -
       /filter] DEBUG org.eclipse.jetty.server.Server - REQUEST GET
       /filter on HttpChannelOverHttp@2d54aa44{r=1,c=false,a=DISPATCHED,uri=/filter}
      
15:06:47.071 [qtp1105322512-38 - /filter] DEBUG o.e.j.server.handler.ContextHandler
       - scope null||/filter @ o.e.j.s.ServletContextHandler@6f46426d{/,null,AVAILABLE}
      
15:06:47.072 [qtp1105322512-38 - /filter] DEBUG o.e.j.server.handler.ContextHandler
       - context=||/filter @ o.e.j.s.ServletContextHandler@6f46426d{/,null,AVAILABLE}
      
15:06:47.072 [qtp1105322512-38 - /filter] DEBUG org.eclipse.jetty.server.session
       - sessionManager=org.eclipse.jetty.server.session.HashSessionManager@32ee6fee
      
15:06:47.072 [qtp1105322512-38 - /filter] DEBUG org.eclipse.jetty.server.session
       - session=null
15:06:47.072 [qtp1105322512-38 - /filter]
       DEBUG o.e.jetty.servlet.ServletHandler - servlet ||/filter
       -&amp;gt; org.apache.felix.http.base.internal.DispatcherServlet-4738a206@cebacce0==org.apache.felix.http.base.internal.DispatcherServlet,-1,true
      
15:06:47.072 [qtp1105322512-38 - /filter] DEBUG o.e.jetty.servlet.ServletHandler
       - chain=null
15:06:47.073 [qtp1105322512-38 - /filter] DEBUG
       o.e.jetty.server.HttpConnection - org.eclipse.jetty.server.HttpConnection$SendCallback@3d6e5ff[PROCESSING][i=ResponseInfo{HTTP/1.1
       200 null,-1,false},cb=org.eclipse.jetty.server.HttpChannel$CommitCallback@53c502b]
       generate: NEED_HEADER (null,[p=0,l=6,c=24576,r=6],true)@START
      
15:06:47.074 [qtp1105322512-38 - /filter] DEBUG o.e.jetty.server.HttpConnection
       - org.eclipse.jetty.server.HttpConnection$SendCallback@3d6e5ff[PROCESSING][i=ResponseInfo{HTTP/1.1
       200 null,-1,false},cb=org.eclipse.jetty.server.HttpChannel$CommitCallback@53c502b]
       generate: FLUSH ([p=0,l=145,c=16384,r=145],[p=0,l=6,c=24576,r=6],true)@COMPLETING
      
15:06:47.074 [qtp1105322512-38 - /filter] DEBUG org.eclipse.jetty.io.WriteFlusher
       - write: WriteFlusher@dd7f420{IDLE} [HeapByteBuffer@95575efa[p=0,l=145,c=16384,r=145]={&amp;lt;&amp;lt;&amp;lt;HTTP/1.1
       200 OK\r\n....v20150224)\r\n\r\n&amp;gt;&amp;gt;&amp;gt;ered-By:
       Jetty(9....\x00\x00\x00\x00\x00\x00\x00\x00\x00\x00\x00\x00\x00\x00\x00},HeapByteBuffer@318c579[p=0,l=6,c=24576,r=6]={&amp;lt;&amp;lt;&amp;lt;filter&amp;gt;&amp;gt;&amp;gt;\x00\x00\x00\x00\x00\x00\x00\x00\x00\x00\x00\x00\x00\x00\x00\x00\x00...\x00\x00\x00\x00\x00\x00\x00\x00\x00\x00\x00\x00\x00\x00\x00}]
      
15:06:47.074 [qtp1105322512-38 - /filter] DEBUG org.eclipse.jetty.io.WriteFlusher
       - update WriteFlusher@dd7f420{WRITING}:IDLE--&amp;gt;WRITING
      
15:06:47.075 [qtp1105322512-38 - /filter] DEBUG org.eclipse.jetty.io.ChannelEndPoint
       - flushed 151 SelectChannelEndPoint@499f5abf{/127.0.0.1:52009&amp;lt;-&amp;gt;8080,Open,in,out,-,W,6/60000,HttpConnection}{io=0,kio=0,kro=1}
      
15:06:47.076 [qtp1105322512-38 - /filter] DEBUG org.eclipse.jetty.io.WriteFlusher
       - update WriteFlusher@dd7f420{IDLE}:WRITING--&amp;gt;IDLE
      
15:06:47.076 [qtp1105322512-38 - /filter] DEBUG o.e.jetty.server.HttpConnection
       - org.eclipse.jetty.server.HttpConnection$SendCallback@3d6e5ff[PROCESSING][i=ResponseInfo{HTTP/1.1
       200 null,-1,false},cb=org.eclipse.jetty.server.HttpChannel$CommitCallback@53c502b]
       generate: DONE ([p=145,l=145,c=16384,r=0],[p=6,l=6,c=24576,r=0],true)@END
      
15:06:47.076 [qtp1105322512-38 - /filter] DEBUG org.eclipse.jetty.server.Server
       - RESPONSE /filter  200 handled=true
15:06:47.076 [qtp1105322512-38
       - /filter] DEBUG o.e.jetty.server.HttpChannelState - HttpChannelState@bf8febb{s=DISPATCHED
       i=true a=null} unhandle DISPATCHED
15:06:47.076 [qtp1105322512-38
       - /filter] DEBUG org.eclipse.jetty.http.HttpParser - reset
       HttpParser{s=END,0 of 0}
15:06:47.076 [qtp1105322512-38 -
       /filter] DEBUG org.eclipse.jetty.http.HttpParser - END --&amp;gt;
       START
15:06:47.076 [qtp1105322512-38] DEBUG org.eclipse.jetty.server.HttpChannel
       - HttpChannelOverHttp@2d54aa44{r=1,c=false,a=IDLE,uri=-} handle
       exit, result COMPLETE
15:06:47.076 [qtp1105322512-38] DEBUG
       org.eclipse.jetty.io.ChannelEndPoint - filled -1 SelectChannelEndPoint@499f5abf{/127.0.0.1:52009&amp;lt;-&amp;gt;8080,Open,in,out,-,-,0/60000,HttpConnection}{io=0,kio=0,kro=1}
      
15:06:47.077 [qtp1105322512-38] DEBUG org.eclipse.jetty.io.ChannelEndPoint
       - ishut SelectChannelEndPoint@499f5abf{/127.0.0.1:52009&amp;lt;-&amp;gt;8080,Open,in,out,-,-,1/60000,HttpConnection}{io=0,kio=0,kro=1}
      
15:06:47.077 [qtp1105322512-38] DEBUG org.eclipse.jetty.http.HttpParser
       - atEOF HttpParser{s=START,0 of -1}
15:06:47.077 [qtp1105322512-38]
       DEBUG org.eclipse.jetty.http.HttpParser - parseNext s=START
       HeapByteBuffer@91a944cc[p=0,l=0,c=8192,r=0]={&amp;lt;&amp;lt;&amp;lt;&amp;gt;&amp;gt;&amp;gt;GET
       /rest HTTP/1....\x00\x00\x00\x00\x00\x00\x00\x00\x00\x00\x00\x00\x00\x00\x00}
      
15:06:47.077 [qtp1105322512-38] DEBUG org.eclipse.jetty.http.HttpParser
       - START --&amp;gt; CLOSED
15:06:47.077 [qtp1105322512-37-acceptor-0@59402b8f-ServerConnector@6892b3b6{HTTP/1.1}{0.0.0.0:8080}]
       DEBUG org.eclipse.jetty.io.SelectorManager - Queued change
       org.eclipse.jetty.io.SelectorManager$ManagedSelector$Accept@13f8634c
      
15:06:47.077 [qtp1105322512-38] DEBUG o.eclipse.jetty.io.AbstractEndPoint
       - onClose SelectChannelEndPoint@499f5abf{/127.0.0.1:52009&amp;lt;-&amp;gt;8080,CLOSED,ISHUT,out,-,-,1/60000,HttpConnection}{io=0,kio=0,kro=1}
      
15:06:47.078 [qtp1105322512-38] DEBUG org.eclipse.jetty.io.ChannelEndPoint
       - close SelectChannelEndPoint@499f5abf{/127.0.0.1:52009&amp;lt;-&amp;gt;8080,CLOSED,ISHUT,out,-,-,1/60000,HttpConnection}{io=0,kio=0,kro=1}
      
15:06:47.078 [qtp1105322512-38] DEBUG org.eclipse.jetty.io.SelectorManager
       - Destroyed SelectChannelEndPoint@499f5abf{/127.0.0.1:52009&amp;lt;-&amp;gt;8080,CLOSED,ISHUT,OSHUT,-,-,2/60000,HttpConnection}{io=0,kio=-1,kro=-1}
      
15:06:47.078 [qtp1105322512-38] DEBUG o.e.jetty.io.AbstractConnection
       - onClose HttpConnection@4cf36f99{FILLING}
15:06:47.078 [qtp1105322512-38]
       DEBUG o.eclipse.jetty.io.AbstractEndPoint - onClose SelectChannelEndPoint@499f5abf{/127.0.0.1:52009&amp;lt;-&amp;gt;8080,CLOSED,ISHUT,OSHUT,-,-,2/60000,HttpConnection}{io=0,kio=-1,kro=-1}
      
15:06:47.078 [qtp1105322512-34-selector-ServerConnectorManager@1530c739/1]
       DEBUG org.eclipse.jetty.io.SelectorManager - Selector loop
       woken up from select, 0/0 selected
15:06:47.078 [qtp1105322512-38]
       DEBUG o.e.jetty.io.AbstractConnection - FILLING--&amp;gt;IDLE
       HttpConnection@4cf36f99{IDLE}
15:06:47.078 [qtp1105322512-34-selector-ServerConnectorManager@1530c739/1]
       DEBUG org.eclipse.jetty.io.SelectorManager - Running change
       org.eclipse.jetty.io.SelectorManager$ManagedSelector$Accept@13f8634c
      
15:06:47.078 [qtp1105322512-34-selector-ServerConnectorManager@1530c739/1]
       DEBUG o.eclipse.jetty.io.AbstractEndPoint - onOpen SelectChannelEndPoint@3d5a2bb6{/127.0.0.1:52010&amp;lt;-&amp;gt;8080,Open,in,out,-,-,0/60000,null}{io=0,kio=0,kro=0}
      
15:06:47.078 [qtp1105322512-34-selector-ServerConnectorManager@1530c739/1]
       DEBUG org.eclipse.jetty.io.IdleTimeout - SelectChannelEndPoint@3d5a2bb6{/127.0.0.1:52010&amp;lt;-&amp;gt;8080,Open,in,out,-,-,0/60000,null}{io=0,kio=0,kro=0}
       idle timeout check, elapsed: 0 ms, remaining: 60000 ms
15:06:47.079
       [qtp1105322512-34-selector-ServerConnectorManager@1530c739/1]
       DEBUG org.eclipse.jetty.server.HttpChannel - new HttpChannelOverHttp@6f451397{r=0,c=false,a=IDLE,uri=-}
       -&amp;gt; SelectChannelEndPoint@3d5a2bb6{/127.0.0.1:52010&amp;lt;-&amp;gt;8080,Open,in,out,-,-,1/60000,null}{io=0,kio=0,kro=0},null,HttpChannelState@40d1dda2{s=IDLE
       i=true a=null}
15:06:47.079 [qtp1105322512-34-selector-ServerConnectorManager@1530c739/1]
       DEBUG o.e.jetty.server.HttpConnection - New HTTP Connection
       HttpConnection@4e4e78df{IDLE}
15:06:47.079 [qtp1105322512-34-selector-ServerConnectorManager@1530c739/1]
       DEBUG o.e.jetty.io.AbstractConnection - onOpen HttpConnection@4e4e78df{IDLE}
      
15:06:47.079 [qtp1105322512-34-selector-ServerConnectorManager@1530c739/1]
       DEBUG o.e.jetty.io.AbstractConnection - fillInterested HttpConnection@4e4e78df{IDLE}
      
15:06:47.079 [qtp1105322512-34-selector-ServerConnectorManager@1530c739/1]
       DEBUG o.e.jetty.io.AbstractConnection - IDLE--&amp;gt;FILL_INTERESTED
       HttpConnection@4e4e78df{FILL_INTERESTED}
15:06:47.079 [qtp1105322512-34-selector-ServerConnectorManager@1530c739/1]
       DEBUG o.e.jetty.io.SelectChannelEndPoint - Local interests
       updating 0 -&amp;gt; 1 for SelectChannelEndPoint@3d5a2bb6{/127.0.0.1:52010&amp;lt;-&amp;gt;8080,Open,in,out,R,-,0/60000,HttpConnection}{io=1,kio=0,kro=0}
      
15:06:47.079 [qtp1105322512-34-selector-ServerConnectorManager@1530c739/1]
       DEBUG org.eclipse.jetty.io.SelectorManager - Running change
       org.eclipse.jetty.io.SelectChannelEndPoint$1@2225ed3b
15:06:47.079
       [qtp1105322512-34-selector-ServerConnectorManager@1530c739/1]
       DEBUG o.e.jetty.io.SelectChannelEndPoint - Key interests updated
       0 -&amp;gt; 1 on SelectChannelEndPoint@3d5a2bb6{/127.0.0.1:52010&amp;lt;-&amp;gt;8080,Open,in,out,R,-,0/60000,HttpConnection}{io=1,kio=1,kro=0}
      
15:06:47.080 [qtp1105322512-34-selector-ServerConnectorManager@1530c739/1]
       DEBUG org.eclipse.jetty.io.SelectorManager - Created SelectChannelEndPoint@3d5a2bb6{/127.0.0.1:52010&amp;lt;-&amp;gt;8080,Open,in,out,R,-,1/60000,HttpConnection}{io=1,kio=1,kro=0}
      
15:06:47.080 [qtp1105322512-34-selector-ServerConnectorManager@1530c739/1]
       DEBUG org.eclipse.jetty.io.SelectorManager - Selector loop
       waiting on select
15:06:47.080 [qtp1105322512-34-selector-ServerConnectorManager@1530c739/1]
       DEBUG org.eclipse.jetty.io.SelectorManager - Selector loop
       woken up from select, 1/1 selected
15:06:47.080 [qtp1105322512-34-selector-ServerConnectorManager@1530c739/1]
       DEBUG o.e.jetty.io.SelectChannelEndPoint - Key interests updated
       1 -&amp;gt; 0 on SelectChannelEndPoint@3d5a2bb6{/127.0.0.1:52010&amp;lt;-&amp;gt;8080,Open,in,out,R,-,1/60000,HttpConnection}{io=1,kio=0,kro=1}
      
15:06:47.080 [qtp1105322512-34-selector-ServerConnectorManager@1530c739/1]
       DEBUG o.e.jetty.io.SelectChannelEndPoint - Local interests
       updating 1 -&amp;gt; 0 for SelectChannelEndPoint@3d5a2bb6{/127.0.0.1:52010&amp;lt;-&amp;gt;8080,Open,in,out,R,-,1/60000,HttpConnection}{io=0,kio=0,kro=1}
      
15:06:47.080 [qtp1105322512-34-selector-ServerConnectorManager@1530c739/1]
       DEBUG org.eclipse.jetty.io.SelectorManager - Running change
       org.eclipse.jetty.io.SelectChannelEndPoint$1@2225ed3b
15:06:47.080
       [qtp1105322512-34-selector-ServerConnectorManager@1530c739/1]
       DEBUG o.e.jetty.io.AbstractConnection - FILL_INTERESTED--&amp;gt;FILLING
       HttpConnection@4e4e78df{FILLING}
15:06:47.080 [qtp1105322512-34-selector-ServerConnectorManager@1530c739/1]
       DEBUG org.eclipse.jetty.io.SelectorManager - Selector loop
       waiting on select
15:06:47.080 [qtp1105322512-32] DEBUG o.e.jetty.server.HttpConnection
       - HttpConnection@4e4e78df{FILLING} onFillable HttpChannelState@40d1dda2{s=IDLE
       i=true a=null}
15:06:47.081 [qtp1105322512-32] DEBUG org.eclipse.jetty.io.ChannelEndPoint
       - filled 160 SelectChannelEndPoint@3d5a2bb6{/127.0.0.1:52010&amp;lt;-&amp;gt;8080,Open,in,out,-,-,2/60000,HttpConnection}{io=0,kio=0,kro=1}
      
15:06:47.081 [qtp1105322512-32] DEBUG org.eclipse.jetty.http.HttpParser
       - parseNext s=START HeapByteBuffer@1511d680[p=0,l=160,c=8192,r=160]={&amp;lt;&amp;lt;&amp;lt;GET
       /servlet HTTP... keep-alive\r\n\r\n&amp;gt;&amp;gt;&amp;gt;\x00\x00\x00\x00\x00\x00\x00\x00\x00\x00\x00\x00\x00\x00\x00\x00\x00...\x00\x00\x00\x00\x00\x00\x00\x00\x00\x00\x00\x00\x00\x00\x00}
      
15:06:47.081 [qtp1105322512-32] DEBUG org.eclipse.jetty.http.HttpParser
       - START --&amp;gt; SPACE1
15:06:47.081 [qtp1105322512-32]
       DEBUG org.eclipse.jetty.http.HttpParser - SPACE1 --&amp;gt;
       URI
15:06:47.081 [qtp1105322512-32] DEBUG org.eclipse.jetty.http.HttpParser
       - URI --&amp;gt; SPACE2
15:06:47.081 [qtp1105322512-32] DEBUG
       org.eclipse.jetty.http.HttpParser - SPACE2 --&amp;gt; REQUEST_VERSION
      
15:06:47.081 [qtp1105322512-32] DEBUG org.eclipse.jetty.http.HttpParser
       - REQUEST_VERSION --&amp;gt; HEADER
15:06:47.081 [qtp1105322512-32]
       DEBUG org.eclipse.jetty.http.HttpParser - HEADER --&amp;gt;
       HEADER_VALUE
15:06:47.081 [qtp1105322512-32] DEBUG org.eclipse.jetty.http.HttpParser
       - HEADER_VALUE --&amp;gt; HEADER_IN_VALUE
15:06:47.081 [qtp1105322512-32]
       DEBUG org.eclipse.jetty.http.HttpParser - HEADER_IN_VALUE
       --&amp;gt; HEADER
15:06:47.081 [qtp1105322512-32] DEBUG org.eclipse.jetty.http.HttpParser
       - HEADER --&amp;gt; HEADER_VALUE
15:06:47.081 [qtp1105322512-32]
       DEBUG org.eclipse.jetty.http.HttpParser - HEADER_VALUE --&amp;gt;
       HEADER_IN_VALUE
15:06:47.081 [qtp1105322512-32] DEBUG org.eclipse.jetty.http.HttpParser
       - HEADER_IN_VALUE --&amp;gt; HEADER
15:06:47.081 [qtp1105322512-32]
       DEBUG org.eclipse.jetty.http.HttpParser - HEADER --&amp;gt;
       HEADER_VALUE
15:06:47.081 [qtp1105322512-32] DEBUG org.eclipse.jetty.http.HttpParser
       - HEADER_VALUE --&amp;gt; HEADER_IN_VALUE
15:06:47.081 [qtp1105322512-32]
       DEBUG org.eclipse.jetty.http.HttpParser - HEADER_IN_VALUE
       --&amp;gt; HEADER
15:06:47.081 [qtp1105322512-32] DEBUG org.eclipse.jetty.http.HttpParser
       - HEADER --&amp;gt; HEADER_IN_VALUE
15:06:47.082 [qtp1105322512-32]
       DEBUG org.eclipse.jetty.http.HttpParser - HEADER_IN_VALUE
       --&amp;gt; HEADER
15:06:47.082 [qtp1105322512-32] DEBUG org.eclipse.jetty.http.HttpParser
       - HEADER --&amp;gt; END
15:06:47.082 [qtp1105322512-32] DEBUG
       org.eclipse.jetty.server.HttpChannel - HttpChannelOverHttp@6f451397{r=1,c=false,a=IDLE,uri=-}
       messageComplete
15:06:47.082 [qtp1105322512-32] DEBUG org.eclipse.jetty.server.HttpInput
       - HttpInputOverHTTP@53ee4be8 EOF
15:06:47.082 [qtp1105322512-32]
       DEBUG org.eclipse.jetty.server.HttpChannel - HttpChannelOverHttp@6f451397{r=1,c=false,a=IDLE,uri=-}
       handle enter
15:06:47.082 [qtp1105322512-32 - /servlet] DEBUG
       o.e.jetty.server.HttpChannelState - HttpChannelState@40d1dda2{s=IDLE
       i=true a=null} handling IDLE
15:06:47.082 [qtp1105322512-32
       - /servlet] DEBUG org.eclipse.jetty.server.HttpChannel - HttpChannelOverHttp@6f451397{r=1,c=false,a=DISPATCHED,uri=/servlet}
       action REQUEST_DISPATCH
15:06:47.082 [qtp1105322512-32 -
       /servlet] DEBUG org.eclipse.jetty.server.Server - REQUEST
       GET /servlet on HttpChannelOverHttp@6f451397{r=1,c=false,a=DISPATCHED,uri=/servlet}
      
15:06:47.083 [qtp1105322512-32 - /servlet] DEBUG o.e.j.server.handler.ContextHandler
       - scope null||/servlet @ o.e.j.s.ServletContextHandler@6f46426d{/,null,AVAILABLE}
      
15:06:47.083 [qtp1105322512-32 - /servlet] DEBUG o.e.j.server.handler.ContextHandler
       - context=||/servlet @ o.e.j.s.ServletContextHandler@6f46426d{/,null,AVAILABLE}
      
15:06:47.083 [qtp1105322512-32 - /servlet] DEBUG org.eclipse.jetty.server.session
       - sessionManager=org.eclipse.jetty.server.session.HashSessionManager@32ee6fee
      
15:06:47.083 [qtp1105322512-32 - /servlet] DEBUG org.eclipse.jetty.server.session
       - session=null
15:06:47.083 [qtp1105322512-32 - /servlet]
       DEBUG o.e.jetty.servlet.ServletHandler - servlet ||/servlet
       -&amp;gt; org.apache.felix.http.base.internal.DispatcherServlet-4738a206@cebacce0==org.apache.felix.http.base.internal.DispatcherServlet,-1,true
      
15:06:47.083 [qtp1105322512-32 - /servlet] DEBUG o.e.jetty.servlet.ServletHandler
       - chain=null
15:06:47.085 [qtp1105322512-32 - /servlet] DEBUG
       o.e.jetty.server.HttpConnection - org.eclipse.jetty.server.HttpConnection$SendCallback@7fd085e9[PROCESSING][i=ResponseInfo{HTTP/1.1
       200 null,-1,false},cb=org.eclipse.jetty.server.HttpChannel$CommitCallback@3db88e1d]
       generate: NEED_HEADER (null,[p=0,l=9,c=24576,r=9],true)@START
      
15:06:47.085 [qtp1105322512-32 - /servlet] DEBUG o.e.jetty.server.HttpConnection
       - org.eclipse.jetty.server.HttpConnection$SendCallback@7fd085e9[PROCESSING][i=ResponseInfo{HTTP/1.1
       200 null,-1,false},cb=org.eclipse.jetty.server.HttpChannel$CommitCallback@3db88e1d]
       generate: FLUSH ([p=0,l=145,c=16384,r=145],[p=0,l=9,c=24576,r=9],true)@COMPLETING
      
15:06:47.085 [qtp1105322512-32 - /servlet] DEBUG org.eclipse.jetty.io.WriteFlusher
       - write: WriteFlusher@4281276b{IDLE} [HeapByteBuffer@3ca97457[p=0,l=145,c=16384,r=145]={&amp;lt;&amp;lt;&amp;lt;HTTP/1.1
       200 OK\r\n....v20150224)\r\n\r\n&amp;gt;&amp;gt;&amp;gt;ered-By:
       Jetty(9....\x00\x00\x00\x00\x00\x00\x00\x00\x00\x00\x00\x00\x00\x00\x00},HeapByteBuffer@fb534b1f[p=0,l=9,c=24576,r=9]={&amp;lt;&amp;lt;&amp;lt;servlet\r\n&amp;gt;&amp;gt;&amp;gt;\x00\x00\x00\x00\x00\x00\x00\x00\x00\x00\x00\x00\x00\x00\x00\x00\x00...\x00\x00\x00\x00\x00\x00\x00\x00\x00\x00\x00\x00\x00\x00\x00}]
      
15:06:47.085 [qtp1105322512-32 - /servlet] DEBUG org.eclipse.jetty.io.WriteFlusher
       - update WriteFlusher@4281276b{WRITING}:IDLE--&amp;gt;WRITING
      
15:06:47.086 [qtp1105322512-32 - /servlet] DEBUG org.eclipse.jetty.io.ChannelEndPoint
       - flushed 154 SelectChannelEndPoint@3d5a2bb6{/127.0.0.1:52010&amp;lt;-&amp;gt;8080,Open,in,out,-,W,5/60000,HttpConnection}{io=0,kio=0,kro=1}
      
15:06:47.086 [qtp1105322512-32 - /servlet] DEBUG org.eclipse.jetty.io.WriteFlusher
       - update WriteFlusher@4281276b{IDLE}:WRITING--&amp;gt;IDLE
      
15:06:47.086 [qtp1105322512-32 - /servlet] DEBUG o.e.jetty.server.HttpConnection
       - org.eclipse.jetty.server.HttpConnection$SendCallback@7fd085e9[PROCESSING][i=ResponseInfo{HTTP/1.1
       200 null,-1,false},cb=org.eclipse.jetty.server.HttpChannel$CommitCallback@3db88e1d]
       generate: DONE ([p=145,l=145,c=16384,r=0],[p=9,l=9,c=24576,r=0],true)@END
      
15:06:47.086 [qtp1105322512-32 - /servlet] DEBUG org.eclipse.jetty.server.Server
       - RESPONSE /servlet  200 handled=true
15:06:47.086 [qtp1105322512-32
       - /servlet] DEBUG o.e.jetty.server.HttpChannelState - HttpChannelState@40d1dda2{s=DISPATCHED
       i=true a=null} unhandle DISPATCHED
15:06:47.086 [qtp1105322512-32
       - /servlet] DEBUG org.eclipse.jetty.http.HttpParser - reset
       HttpParser{s=END,0 of 0}
15:06:47.086 [qtp1105322512-32 -
       /servlet] DEBUG org.eclipse.jetty.http.HttpParser - END --&amp;gt;
       START
15:06:47.086 [qtp1105322512-32] DEBUG org.eclipse.jetty.server.HttpChannel
       - HttpChannelOverHttp@6f451397{r=1,c=false,a=IDLE,uri=-} handle
       exit, result COMPLETE
15:06:47.087 [qtp1105322512-32] DEBUG
       org.eclipse.jetty.io.ChannelEndPoint - filled -1 SelectChannelEndPoint@3d5a2bb6{/127.0.0.1:52010&amp;lt;-&amp;gt;8080,Open,in,out,-,-,0/60000,HttpConnection}{io=0,kio=0,kro=1}
      
15:06:47.087 [qtp1105322512-32] DEBUG org.eclipse.jetty.io.ChannelEndPoint
       - ishut SelectChannelEndPoint@3d5a2bb6{/127.0.0.1:52010&amp;lt;-&amp;gt;8080,Open,in,out,-,-,1/60000,HttpConnection}{io=0,kio=0,kro=1}
      
15:06:47.087 [qtp1105322512-32] DEBUG org.eclipse.jetty.http.HttpParser
       - atEOF HttpParser{s=START,0 of -1}
15:06:47.087 [qtp1105322512-32]
       DEBUG org.eclipse.jetty.http.HttpParser - parseNext s=START
       HeapByteBuffer@91a944cc[p=0,l=0,c=8192,r=0]={&amp;lt;&amp;lt;&amp;lt;&amp;gt;&amp;gt;&amp;gt;GET
       /rest HTTP/1....\x00\x00\x00\x00\x00\x00\x00\x00\x00\x00\x00\x00\x00\x00\x00}
      
15:06:47.087 [qtp1105322512-32] DEBUG org.eclipse.jetty.http.HttpParser
       - START --&amp;gt; CLOSED
15:06:47.087 [qtp1105322512-32]
       DEBUG o.eclipse.jetty.io.AbstractEndPoint - onClose SelectChannelEndPoint@3d5a2bb6{/127.0.0.1:52010&amp;lt;-&amp;gt;8080,CLOSED,ISHUT,out,-,-,1/60000,HttpConnection}{io=0,kio=0,kro=1}
      
15:06:47.087 [qtp1105322512-32] DEBUG org.eclipse.jetty.io.ChannelEndPoint
       - close SelectChannelEndPoint@3d5a2bb6{/127.0.0.1:52010&amp;lt;-&amp;gt;8080,CLOSED,ISHUT,out,-,-,1/60000,HttpConnection}{io=0,kio=0,kro=1}
      
15:06:47.087 [qtp1105322512-37-acceptor-0@59402b8f-ServerConnector@6892b3b6{HTTP/1.1}{0.0.0.0:8080}]
       DEBUG org.eclipse.jetty.io.SelectorManager - Queued change
       org.eclipse.jetty.io.SelectorManager$ManagedSelector$Accept@5fd2a8ed
      
15:06:47.087 [qtp1105322512-32] DEBUG org.eclipse.jetty.io.SelectorManager
       - Destroyed SelectChannelEndPoint@3d5a2bb6{/127.0.0.1:52010&amp;lt;-&amp;gt;8080,CLOSED,ISHUT,OSHUT,-,-,1/60000,HttpConnection}{io=0,kio=-1,kro=-1}
      
15:06:47.088 [qtp1105322512-33-selector-ServerConnectorManager@1530c739/0]
       DEBUG org.eclipse.jetty.io.SelectorManager - Selector loop
       woken up from select, 0/0 selected
15:06:47.088 [qtp1105322512-32]
       DEBUG o.e.jetty.io.AbstractConnection - onClose HttpConnection@4e4e78df{FILLING}
      
15:06:47.088 [qtp1105322512-33-selector-ServerConnectorManager@1530c739/0]
       DEBUG org.eclipse.jetty.io.SelectorManager - Running change
       org.eclipse.jetty.io.SelectorManager$ManagedSelector$Accept@5fd2a8ed
      
15:06:47.088 [qtp1105322512-32] DEBUG o.eclipse.jetty.io.AbstractEndPoint
       - onClose SelectChannelEndPoint@3d5a2bb6{/127.0.0.1:52010&amp;lt;-&amp;gt;8080,CLOSED,ISHUT,OSHUT,-,-,2/60000,HttpConnection}{io=0,kio=-1,kro=-1}
      
15:06:47.088 [qtp1105322512-33-selector-ServerConnectorManager@1530c739/0]
       DEBUG o.eclipse.jetty.io.AbstractEndPoint - onOpen SelectChannelEndPoint@3b452858{/127.0.0.1:52011&amp;lt;-&amp;gt;8080,Open,in,out,-,-,0/60000,null}{io=0,kio=0,kro=0}
      
15:06:47.088 [qtp1105322512-32] DEBUG o.e.jetty.io.AbstractConnection
       - FILLING--&amp;gt;IDLE HttpConnection@4e4e78df{IDLE}
15:06:47.088
       [qtp1105322512-33-selector-ServerConnectorManager@1530c739/0]
       DEBUG org.eclipse.jetty.io.IdleTimeout - SelectChannelEndPoint@3b452858{/127.0.0.1:52011&amp;lt;-&amp;gt;8080,Open,in,out,-,-,0/60000,null}{io=0,kio=0,kro=0}
       idle timeout check, elapsed: 0 ms, remaining: 60000 ms
15:06:47.088
       [qtp1105322512-33-selector-ServerConnectorManager@1530c739/0]
       DEBUG org.eclipse.jetty.server.HttpChannel - new HttpChannelOverHttp@6c9d070e{r=0,c=false,a=IDLE,uri=-}
       -&amp;gt; SelectChannelEndPoint@3b452858{/127.0.0.1:52011&amp;lt;-&amp;gt;8080,Open,in,out,-,-,0/60000,null}{io=0,kio=0,kro=0},null,HttpChannelState@474c3ec9{s=IDLE
       i=true a=null}
15:06:47.088 [qtp1105322512-33-selector-ServerConnectorManager@1530c739/0]
       DEBUG o.e.jetty.server.HttpConnection - New HTTP Connection
       HttpConnection@10766e20{IDLE}
15:06:47.088 [qtp1105322512-33-selector-ServerConnectorManager@1530c739/0]
       DEBUG o.e.jetty.io.AbstractConnection - onOpen HttpConnection@10766e20{IDLE}
      
15:06:47.088 [qtp1105322512-33-selector-ServerConnectorManager@1530c739/0]
       DEBUG o.e.jetty.io.AbstractConnection - fillInterested HttpConnection@10766e20{IDLE}
      
15:06:47.088 [qtp1105322512-33-selector-ServerConnectorManager@1530c739/0]
       DEBUG o.e.jetty.io.AbstractConnection - IDLE--&amp;gt;FILL_INTERESTED
       HttpConnection@10766e20{FILL_INTERESTED}
15:06:47.089 [qtp1105322512-33-selector-ServerConnectorManager@1530c739/0]
       DEBUG o.e.jetty.io.SelectChannelEndPoint - Local interests
       updating 0 -&amp;gt; 1 for SelectChannelEndPoint@3b452858{/127.0.0.1:52011&amp;lt;-&amp;gt;8080,Open,in,out,R,-,1/60000,HttpConnection}{io=1,kio=0,kro=0}
      
15:06:47.089 [qtp1105322512-33-selector-ServerConnectorManager@1530c739/0]
       DEBUG org.eclipse.jetty.io.SelectorManager - Running change
       org.eclipse.jetty.io.SelectChannelEndPoint$1@263939e
15:06:47.089
       [qtp1105322512-33-selector-ServerConnectorManager@1530c739/0]
       DEBUG o.e.jetty.io.SelectChannelEndPoint - Key interests updated
       0 -&amp;gt; 1 on SelectChannelEndPoint@3b452858{/127.0.0.1:52011&amp;lt;-&amp;gt;8080,Open,in,out,R,-,1/60000,HttpConnection}{io=1,kio=1,kro=0}
      
15:06:47.089 [qtp1105322512-33-selector-ServerConnectorManager@1530c739/0]
       DEBUG org.eclipse.jetty.io.SelectorManager - Created SelectChannelEndPoint@3b452858{/127.0.0.1:52011&amp;lt;-&amp;gt;8080,Open,in,out,R,-,1/60000,HttpConnection}{io=1,kio=1,kro=0}
      
15:06:47.089 [qtp1105322512-33-selector-ServerConnectorManager@1530c739/0]
       DEBUG org.eclipse.jetty.io.SelectorManager - Selector loop
       waiting on select
15:06:47.089 [qtp1105322512-33-selector-ServerConnectorManager@1530c739/0]
       DEBUG org.eclipse.jetty.io.SelectorManager - Selector loop
       woken up from select, 1/1 selected
15:06:47.089 [qtp1105322512-33-selector-ServerConnectorManager@1530c739/0]
       DEBUG o.e.jetty.io.SelectChannelEndPoint - Key interests updated
       1 -&amp;gt; 0 on SelectChannelEndPoint@3b452858{/127.0.0.1:52011&amp;lt;-&amp;gt;8080,Open,in,out,R,-,1/60000,HttpConnection}{io=1,kio=0,kro=1}
      
15:06:47.089 [qtp1105322512-33-selector-ServerConnectorManager@1530c739/0]
       DEBUG o.e.jetty.io.SelectChannelEndPoint - Local interests
       updating 1 -&amp;gt; 0 for SelectChannelEndPoint@3b452858{/127.0.0.1:52011&amp;lt;-&amp;gt;8080,Open,in,out,R,-,1/60000,HttpConnection}{io=0,kio=0,kro=1}
      
15:06:47.089 [qtp1105322512-33-selector-ServerConnectorManager@1530c739/0]
       DEBUG org.eclipse.jetty.io.SelectorManager - Running change
       org.eclipse.jetty.io.SelectChannelEndPoint$1@263939e
15:06:47.089
       [qtp1105322512-33-selector-ServerConnectorManager@1530c739/0]
       DEBUG o.e.jetty.io.AbstractConnection - FILL_INTERESTED--&amp;gt;FILLING
       HttpConnection@10766e20{FILLING}
15:06:47.089 [qtp1105322512-33-selector-ServerConnectorManager@1530c739/0]
       DEBUG org.eclipse.jetty.io.SelectorManager - Selector loop
       waiting on select
15:06:47.089 [qtp1105322512-36] DEBUG o.e.jetty.server.HttpConnection
       - HttpConnection@10766e20{FILLING} onFillable HttpChannelState@474c3ec9{s=IDLE
       i=true a=null}
15:06:47.090 [qtp1105322512-36] DEBUG org.eclipse.jetty.io.ChannelEndPoint
       - filled 157 SelectChannelEndPoint@3b452858{/127.0.0.1:52011&amp;lt;-&amp;gt;8080,Open,in,out,-,-,2/60000,HttpConnection}{io=0,kio=0,kro=1}
      
15:06:47.090 [qtp1105322512-36] DEBUG org.eclipse.jetty.http.HttpParser
       - parseNext s=START HeapByteBuffer@1b8d09f0[p=0,l=157,c=8192,r=157]={&amp;lt;&amp;lt;&amp;lt;GET
       /rest HTTP/1.... keep-alive\r\n\r\n&amp;gt;&amp;gt;&amp;gt;\n\r\n\x00\x00\x00\x00\x00\x00\x00\x00\x00\x00\x00\x00\x00\x00...\x00\x00\x00\x00\x00\x00\x00\x00\x00\x00\x00\x00\x00\x00\x00}
      
15:06:47.090 [qtp1105322512-36] DEBUG org.eclipse.jetty.http.HttpParser
       - START --&amp;gt; SPACE1
15:06:47.090 [qtp1105322512-36]
       DEBUG org.eclipse.jetty.http.HttpParser - SPACE1 --&amp;gt;
       URI
15:06:47.090 [qtp1105322512-36] DEBUG org.eclipse.jetty.http.HttpParser
       - URI --&amp;gt; SPACE2
15:06:47.090 [qtp1105322512-36] DEBUG
       org.eclipse.jetty.http.HttpParser - SPACE2 --&amp;gt; REQUEST_VERSION
      
15:06:47.090 [qtp1105322512-36] DEBUG org.eclipse.jetty.http.HttpParser
       - REQUEST_VERSION --&amp;gt; HEADER
15:06:47.090 [qtp1105322512-36]
       DEBUG org.eclipse.jetty.http.HttpParser - HEADER --&amp;gt;
       HEADER_VALUE
15:06:47.090 [qtp1105322512-36] DEBUG org.eclipse.jetty.http.HttpParser
       - HEADER_VALUE --&amp;gt; HEADER_IN_VALUE
15:06:47.090 [qtp1105322512-36]
       DEBUG org.eclipse.jetty.http.HttpParser - HEADER_IN_VALUE
       --&amp;gt; HEADER
15:06:47.090 [qtp1105322512-36] DEBUG org.eclipse.jetty.http.HttpParser
       - HEADER --&amp;gt; HEADER_VALUE
15:06:47.090 [qtp1105322512-36]
       DEBUG org.eclipse.jetty.http.HttpParser - HEADER_VALUE --&amp;gt;
       HEADER_IN_VALUE
15:06:47.090 [qtp1105322512-36] DEBUG org.eclipse.jetty.http.HttpParser
       - HEADER_IN_VALUE --&amp;gt; HEADER
15:06:47.090 [qtp1105322512-36]
       DEBUG org.eclipse.jetty.http.HttpParser - HEADER --&amp;gt;
       HEADER_VALUE
15:06:47.090 [qtp1105322512-36] DEBUG org.eclipse.jetty.http.HttpParser
       - HEADER_VALUE --&amp;gt; HEADER_IN_VALUE
15:06:47.090 [qtp1105322512-36]
       DEBUG org.eclipse.jetty.http.HttpParser - HEADER_IN_VALUE
       --&amp;gt; HEADER
15:06:47.090 [qtp1105322512-36] DEBUG org.eclipse.jetty.http.HttpParser
       - HEADER --&amp;gt; HEADER_IN_VALUE
15:06:47.090 [qtp1105322512-36]
       DEBUG org.eclipse.jetty.http.HttpParser - HEADER_IN_VALUE
       --&amp;gt; HEADER
15:06:47.090 [qtp1105322512-36] DEBUG org.eclipse.jetty.http.HttpParser
       - HEADER --&amp;gt; END
15:06:47.090 [qtp1105322512-36] DEBUG
       org.eclipse.jetty.server.HttpChannel - HttpChannelOverHttp@6c9d070e{r=1,c=false,a=IDLE,uri=-}
       messageComplete
15:06:47.090 [qtp1105322512-36] DEBUG org.eclipse.jetty.server.HttpInput
       - HttpInputOverHTTP@7e03ece3 EOF
15:06:47.091 [qtp1105322512-36]
       DEBUG org.eclipse.jetty.server.HttpChannel - HttpChannelOverHttp@6c9d070e{r=1,c=false,a=IDLE,uri=-}
       handle enter
15:06:47.091 [qtp1105322512-36 - /rest] DEBUG
       o.e.jetty.server.HttpChannelState - HttpChannelState@474c3ec9{s=IDLE
       i=true a=null} handling IDLE
15:06:47.091 [qtp1105322512-36
       - /rest] DEBUG org.eclipse.jetty.server.HttpChannel - HttpChannelOverHttp@6c9d070e{r=1,c=false,a=DISPATCHED,uri=/rest}
       action REQUEST_DISPATCH
15:06:47.091 [qtp1105322512-36 -
       /rest] DEBUG org.eclipse.jetty.server.Server - REQUEST GET
       /rest on HttpChannelOverHttp@6c9d070e{r=1,c=false,a=DISPATCHED,uri=/rest}
      
15:06:47.091 [qtp1105322512-36 - /rest] DEBUG o.e.j.server.handler.ContextHandler
       - scope null||/rest @ o.e.j.s.ServletContextHandler@6f46426d{/,null,AVAILABLE}
      
15:06:47.091 [qtp1105322512-36 - /rest] DEBUG o.e.j.server.handler.ContextHandler
       - context=||/rest @ o.e.j.s.ServletContextHandler@6f46426d{/,null,AVAILABLE}
      
15:06:47.091 [qtp1105322512-36 - /rest] DEBUG org.eclipse.jetty.server.session
       - sessionManager=org.eclipse.jetty.server.session.HashSessionManager@32ee6fee
      
15:06:47.091 [qtp1105322512-36 - /rest] DEBUG org.eclipse.jetty.server.session
       - session=null
15:06:47.091 [qtp1105322512-36 - /rest] DEBUG
       o.e.jetty.servlet.ServletHandler - servlet ||/rest -&amp;gt;
       org.apache.felix.http.base.internal.DispatcherServlet-4738a206@cebacce0==org.apache.felix.http.base.internal.DispatcherServlet,-1,true
      
15:06:47.091 [qtp1105322512-36 - /rest] DEBUG o.e.jetty.servlet.ServletHandler
       - chain=null
15:06:47.106 [qtp1105322512-36 - /rest] DEBUG
       o.e.jetty.server.HttpConnection - org.eclipse.jetty.server.HttpConnection$SendCallback@79ac9d2[PROCESSING][i=ResponseInfo{HTTP/1.1
       404 null,282,false},cb=org.eclipse.jetty.server.HttpChannel$CommitCallback@3b3391ce]
       generate: NEED_HEADER (null,[p=0,l=282,c=2048,r=282],true)@START
      
15:06:47.107 [qtp1105322512-36 - /rest] DEBUG o.e.jetty.server.HttpConnection
       - org.eclipse.jetty.server.HttpConnection$SendCallback@79ac9d2[PROCESSING][i=ResponseInfo{HTTP/1.1
       404 null,282,false},cb=org.eclipse.jetty.server.HttpChannel$CommitCallback@3b3391ce]
       generate: FLUSH ([p=0,l=249,c=16384,r=249],[p=0,l=282,c=2048,r=282],true)@COMPLETING
      
15:06:47.107 [qtp1105322512-36 - /rest] DEBUG org.eclipse.jetty.io.WriteFlusher
       - write: WriteFlusher@29dc931{IDLE} [HeapByteBuffer@f0c9c0a4[p=0,l=249,c=16384,r=249]={&amp;lt;&amp;lt;&amp;lt;HTTP/1.1
       404 Not ....v20150224)\r\n\r\n&amp;gt;&amp;gt;&amp;gt;y(9.2.9.v20150224...\x00\x00\x00\x00\x00\x00\x00\x00\x00\x00\x00\x00\x00\x00\x00},HeapByteBuffer@52c4c0c0[p=0,l=282,c=2048,r=282]={&amp;lt;&amp;lt;&amp;lt;&amp;lt;html&amp;gt;\n&amp;lt;head&amp;gt;\n&amp;lt;me.../body&amp;gt;\n&amp;lt;/html&amp;gt;\n&amp;gt;&amp;gt;&amp;gt;\x00\x00\x00\x00\x00\x00\x00\x00\x00\x00\x00\x00\x00\x00\x00\x00\x00...\x00\x00\x00\x00\x00\x00\x00\x00\x00\x00\x00\x00\x00\x00\x00}]
      
15:06:47.107 [qtp1105322512-36 - /rest] DEBUG org.eclipse.jetty.io.WriteFlusher
       - update WriteFlusher@29dc931{WRITING}:IDLE--&amp;gt;WRITING
      
15:06:47.107 [qtp1105322512-36 - /rest] DEBUG org.eclipse.jetty.io.ChannelEndPoint
       - flushed 531 SelectChannelEndPoint@3b452858{/127.0.0.1:52011&amp;lt;-&amp;gt;8080,Open,in,out,-,W,17/60000,HttpConnection}{io=0,kio=0,kro=1}
      
15:06:47.107 [qtp1105322512-36 - /rest] DEBUG org.eclipse.jetty.io.WriteFlusher
       - update WriteFlusher@29dc931{IDLE}:WRITING--&amp;gt;IDLE
      
15:06:47.108 [qtp1105322512-36 - /rest] DEBUG o.e.jetty.server.HttpConnection
       - org.eclipse.jetty.server.HttpConnection$SendCallback@79ac9d2[PROCESSING][i=ResponseInfo{HTTP/1.1
       404 null,282,false},cb=org.eclipse.jetty.server.HttpChannel$CommitCallback@3b3391ce]
       generate: DONE ([p=249,l=249,c=16384,r=0],[p=282,l=282,c=2048,r=0],true)@END
      
15:06:47.108 [qtp1105322512-36 - /rest] DEBUG org.eclipse.jetty.server.Server
       - RESPONSE /rest  404 handled=true
15:06:47.108 [qtp1105322512-36
       - /rest] DEBUG o.e.jetty.server.HttpChannelState - HttpChannelState@474c3ec9{s=DISPATCHED
       i=true a=null} unhandle DISPATCHED
15:06:47.108 [qtp1105322512-36
       - /rest] DEBUG org.eclipse.jetty.http.HttpParser - reset HttpParser{s=END,0
       of 0}
15:06:47.108 [qtp1105322512-36 - /rest] DEBUG org.eclipse.jetty.http.HttpParser
       - END --&amp;gt; START
15:06:47.108 [qtp1105322512-36] DEBUG
       org.eclipse.jetty.server.HttpChannel - HttpChannelOverHttp@6c9d070e{r=1,c=false,a=IDLE,uri=-}
       handle exit, result COMPLETE
15:06:47.108 [qtp1105322512-36]
       DEBUG org.eclipse.jetty.io.ChannelEndPoint - filled 0 SelectChannelEndPoint@3b452858{/127.0.0.1:52011&amp;lt;-&amp;gt;8080,Open,in,out,-,-,1/60000,HttpConnection}{io=0,kio=0,kro=1}
      
15:06:47.108 [qtp1105322512-36] DEBUG org.eclipse.jetty.io.ChannelEndPoint
       - filled 0 SelectChannelEndPoint@3b452858{/127.0.0.1:52011&amp;lt;-&amp;gt;8080,Open,in,out,-,-,1/60000,HttpConnection}{io=0,kio=0,kro=1}
      
15:06:47.108 [qtp1105322512-36] DEBUG org.eclipse.jetty.http.HttpParser
       - parseNext s=START HeapByteBuffer@91a944cc[p=0,l=0,c=8192,r=0]={&amp;lt;&amp;lt;&amp;lt;&amp;gt;&amp;gt;&amp;gt;GET
       /rest HTTP/1....\x00\x00\x00\x00\x00\x00\x00\x00\x00\x00\x00\x00\x00\x00\x00}
      
15:06:47.109 [qtp1105322512-36] DEBUG o.e.jetty.io.AbstractConnection
       - fillInterested HttpConnection@10766e20{FILLING}
15:06:47.109
       [qtp1105322512-36] DEBUG o.e.jetty.io.AbstractConnection -
       FILLING--&amp;gt;FILLING_FILL_INTERESTED HttpConnection@10766e20{FILLING_FILL_INTERESTED}
      
15:06:47.109 [qtp1105322512-36] DEBUG o.e.jetty.io.AbstractConnection
       - FILLING_FILL_INTERESTED--&amp;gt;FILL_INTERESTED HttpConnection@10766e20{FILL_INTERESTED}
      
15:06:47.109 [qtp1105322512-36] DEBUG o.e.jetty.io.SelectChannelEndPoint
       - Local interests updating 0 -&amp;gt; 1 for SelectChannelEndPoint@3b452858{/127.0.0.1:52011&amp;lt;-&amp;gt;8080,Open,in,out,R,-,0/60000,HttpConnection}{io=1,kio=0,kro=1}
      
15:06:47.109 [qtp1105322512-36] DEBUG org.eclipse.jetty.io.SelectorManager
       - Running change org.eclipse.jetty.io.SelectChannelEndPoint$1@263939e
      
15:06:47.109 [qtp1105322512-36] DEBUG o.e.jetty.io.SelectChannelEndPoint
       - Key interests updated 0 -&amp;gt; 1 on SelectChannelEndPoint@3b452858{/127.0.0.1:52011&amp;lt;-&amp;gt;8080,Open,in,out,R,-,0/60000,HttpConnection}{io=1,kio=1,kro=1}
      
15:06:47.109 [qtp1105322512-33-selector-ServerConnectorManager@1530c739/0]
       DEBUG org.eclipse.jetty.io.SelectorManager - Selector loop
       woken up from select, 0/1 selected
15:06:47.109 [qtp1105322512-33-selector-ServerConnectorManager@1530c739/0]
       DEBUG org.eclipse.jetty.io.SelectorManager - Selector loop
       waiting on select
15:06:47.115 [qtp1105322512-33-selector-ServerConnectorManager@1530c739/0]
       DEBUG org.eclipse.jetty.io.SelectorManager - Selector loop
       woken up from select, 1/1 selected
15:06:47.115 [qtp1105322512-33-selector-ServerConnectorManager@1530c739/0]
       DEBUG o.e.jetty.io.SelectChannelEndPoint - Key interests updated
       1 -&amp;gt; 0 on SelectChannelEndPoint@3b452858{/127.0.0.1:52011&amp;lt;-&amp;gt;8080,Open,in,out,R,-,6/60000,HttpConnection}{io=1,kio=0,kro=1}
      
15:06:47.115 [qtp1105322512-33-selector-ServerConnectorManager@1530c739/0]
       DEBUG o.e.jetty.io.SelectChannelEndPoint - Local interests
       updating 1 -&amp;gt; 0 for SelectChannelEndPoint@3b452858{/127.0.0.1:52011&amp;lt;-&amp;gt;8080,Open,in,out,R,-,6/60000,HttpConnection}{io=0,kio=0,kro=1}
      
15:06:47.115 [qtp1105322512-33-selector-ServerConnectorManager@1530c739/0]
       DEBUG org.eclipse.jetty.io.SelectorManager - Running change
       org.eclipse.jetty.io.SelectChannelEndPoint$1@263939e
15:06:47.115
       [qtp1105322512-33-selector-ServerConnectorManager@1530c739/0]
       DEBUG o.e.jetty.io.AbstractConnection - FILL_INTERESTED--&amp;gt;FILLING
       HttpConnection@10766e20{FILLING}
15:06:47.115 [qtp1105322512-33-selector-ServerConnectorManager@1530c739/0]
       DEBUG org.eclipse.jetty.io.SelectorManager - Selector loop
       waiting on select
15:06:47.116 [qtp1105322512-37-acceptor-0@59402b8f-ServerConnector@6892b3b6{HTTP/1.1}{0.0.0.0:8080}]
       DEBUG org.eclipse.jetty.io.SelectorManager - Queued change
       org.eclipse.jetty.io.SelectorManager$ManagedSelector$Accept@62b10bd8
      
15:06:47.116 [qtp1105322512-34-selector-ServerConnectorManager@1530c739/1]
       DEBUG org.eclipse.jetty.io.SelectorManager - Selector loop
       woken up from select, 0/0 selected
15:06:47.116 [qtp1105322512-34-selector-ServerConnectorManager@1530c739/1]
       DEBUG org.eclipse.jetty.io.SelectorManager - Running change
       org.eclipse.jetty.io.SelectorManager$ManagedSelector$Accept@62b10bd8
      
15:06:47.116 [qtp1105322512-34-selector-ServerConnectorManager@1530c739/1]
       DEBUG o.eclipse.jetty.io.AbstractEndPoint - onOpen SelectChannelEndPoint@2bc9669b{/127.0.0.1:52012&amp;lt;-&amp;gt;8080,Open,in,out,-,-,0/60000,null}{io=0,kio=0,kro=0}
      
15:06:47.117 [qtp1105322512-34-selector-ServerConnectorManager@1530c739/1]
       DEBUG org.eclipse.jetty.io.IdleTimeout - SelectChannelEndPoint@2bc9669b{/127.0.0.1:52012&amp;lt;-&amp;gt;8080,Open,in,out,-,-,0/60000,null}{io=0,kio=0,kro=0}
       idle timeout check, elapsed: 0 ms, remaining: 60000 ms
15:06:47.117
       [qtp1105322512-34-selector-ServerConnectorManager@1530c739/1]
       DEBUG org.eclipse.jetty.server.HttpChannel - new HttpChannelOverHttp@167c6bbd{r=0,c=false,a=IDLE,uri=-}
       -&amp;gt; SelectChannelEndPoint@2bc9669b{/127.0.0.1:52012&amp;lt;-&amp;gt;8080,Open,in,out,-,-,1/60000,null}{io=0,kio=0,kro=0},null,HttpChannelState@1b3d107c{s=IDLE
       i=true a=null}
15:06:47.117 [qtp1105322512-34-selector-ServerConnectorManager@1530c739/1]
       DEBUG o.e.jetty.server.HttpConnection - New HTTP Connection
       HttpConnection@22e5f1db{IDLE}
15:06:47.117 [qtp1105322512-34-selector-ServerConnectorManager@1530c739/1]
       DEBUG o.e.jetty.io.AbstractConnection - onOpen HttpConnection@22e5f1db{IDLE}
      
15:06:47.117 [qtp1105322512-34-selector-ServerConnectorManager@1530c739/1]
       DEBUG o.e.jetty.io.AbstractConnection - fillInterested HttpConnection@22e5f1db{IDLE}
      
15:06:47.117 [qtp1105322512-34-selector-ServerConnectorManager@1530c739/1]
       DEBUG o.e.jetty.io.AbstractConnection - IDLE--&amp;gt;FILL_INTERESTED
       HttpConnection@22e5f1db{FILL_INTERESTED}
15:06:47.117 [qtp1105322512-34-selector-ServerConnectorManager@1530c739/1]
       DEBUG o.e.jetty.io.SelectChannelEndPoint - Local interests
       updating 0 -&amp;gt; 1 for SelectChannelEndPoint@2bc9669b{/127.0.0.1:52012&amp;lt;-&amp;gt;8080,Open,in,out,R,-,0/60000,HttpConnection}{io=1,kio=0,kro=0}
      
15:06:47.118 [qtp1105322512-34-selector-ServerConnectorManager@1530c739/1]
       DEBUG org.eclipse.jetty.io.SelectorManager - Running change
       org.eclipse.jetty.io.SelectChannelEndPoint$1@4278a6a2
15:06:47.118
       [qtp1105322512-34-selector-ServerConnectorManager@1530c739/1]
       DEBUG o.e.jetty.io.SelectChannelEndPoint - Key interests updated
       0 -&amp;gt; 1 on SelectChannelEndPoint@2bc9669b{/127.0.0.1:52012&amp;lt;-&amp;gt;8080,Open,in,out,R,-,1/60000,HttpConnection}{io=1,kio=1,kro=0}
      
15:06:47.118 [qtp1105322512-34-selector-ServerConnectorManager@1530c739/1]
       DEBUG org.eclipse.jetty.io.SelectorManager - Created SelectChannelEndPoint@2bc9669b{/127.0.0.1:52012&amp;lt;-&amp;gt;8080,Open,in,out,R,-,1/60000,HttpConnection}{io=1,kio=1,kro=0}
      
15:06:47.118 [qtp1105322512-34-selector-ServerConnectorManager@1530c739/1]
       DEBUG org.eclipse.jetty.io.SelectorManager - Selector loop
       waiting on select
15:06:47.118 [qtp1105322512-34-selector-ServerConnectorManager@1530c739/1]
       DEBUG org.eclipse.jetty.io.SelectorManager - Selector loop
       woken up from select, 1/1 selected
15:06:47.118 [qtp1105322512-34-selector-ServerConnectorManager@1530c739/1]
       DEBUG o.e.jetty.io.SelectChannelEndPoint - Key interests updated
       1 -&amp;gt; 0 on SelectChannelEndPoint@2bc9669b{/127.0.0.1:52012&amp;lt;-&amp;gt;8080,Open,in,out,R,-,1/60000,HttpConnection}{io=1,kio=0,kro=1}
      
15:06:47.118 [qtp1105322512-34-selector-ServerConnectorManager@1530c739/1]
       DEBUG o.e.jetty.io.SelectChannelEndPoint - Local interests
       updating 1 -&amp;gt; 0 for SelectChannelEndPoint@2bc9669b{/127.0.0.1:52012&amp;lt;-&amp;gt;8080,Open,in,out,R,-,1/60000,HttpConnection}{io=0,kio=0,kro=1}
      
15:06:47.118 [qtp1105322512-34-selector-ServerConnectorManager@1530c739/1]
       DEBUG org.eclipse.jetty.io.SelectorManager - Running change
       org.eclipse.jetty.io.SelectChannelEndPoint$1@4278a6a2
15:06:47.118
       [qtp1105322512-34-selector-ServerConnectorManager@1530c739/1]
       DEBUG o.e.jetty.io.AbstractConnection - FILL_INTERESTED--&amp;gt;FILLING
       HttpConnection@22e5f1db{FILLING}
15:06:47.119 [qtp1105322512-34-selector-ServerConnectorManager@1530c739/1]
       DEBUG org.eclipse.jetty.io.SelectorManager - Selector loop
       waiting on select
15:06:47.122 [qtp1105322512-39] DEBUG o.e.jetty.server.HttpConnection
       - HttpConnection@10766e20{FILLING} onFillable HttpChannelState@474c3ec9{s=IDLE
       i=true a=null}
15:06:47.122 [qtp1105322512-39] DEBUG org.eclipse.jetty.io.ChannelEndPoint
       - filled -1 SelectChannelEndPoint@3b452858{/127.0.0.1:52011&amp;lt;-&amp;gt;8080,Open,in,out,-,-,13/60000,HttpConnection}{io=0,kio=0,kro=1}
      
15:06:47.123 [qtp1105322512-39] DEBUG org.eclipse.jetty.io.ChannelEndPoint
       - ishut SelectChannelEndPoint@3b452858{/127.0.0.1:52011&amp;lt;-&amp;gt;8080,Open,in,out,-,-,14/60000,HttpConnection}{io=0,kio=0,kro=1}
      
15:06:47.123 [qtp1105322512-39] DEBUG org.eclipse.jetty.http.HttpParser
       - atEOF HttpParser{s=START,0 of -1}
15:06:47.123 [qtp1105322512-39]
       DEBUG org.eclipse.jetty.http.HttpParser - parseNext s=START
       HeapByteBuffer@1b8d09f0[p=0,l=0,c=8192,r=0]={&amp;lt;&amp;lt;&amp;lt;&amp;gt;&amp;gt;&amp;gt;GET
       /rest HTTP/1....\x00\x00\x00\x00\x00\x00\x00\x00\x00\x00\x00\x00\x00\x00\x00}
      
15:06:47.123 [qtp1105322512-39] DEBUG org.eclipse.jetty.http.HttpParser
       - START --&amp;gt; CLOSED
15:06:47.123 [qtp1105322512-39]
       DEBUG o.eclipse.jetty.io.AbstractEndPoint - onClose SelectChannelEndPoint@3b452858{/127.0.0.1:52011&amp;lt;-&amp;gt;8080,CLOSED,ISHUT,out,-,-,14/60000,HttpConnection}{io=0,kio=0,kro=1}
      
15:06:47.123 [qtp1105322512-39] DEBUG org.eclipse.jetty.io.ChannelEndPoint
       - close SelectChannelEndPoint@3b452858{/127.0.0.1:52011&amp;lt;-&amp;gt;8080,CLOSED,ISHUT,out,-,-,14/60000,HttpConnection}{io=0,kio=0,kro=1}
      
15:06:47.123 [qtp1105322512-39] DEBUG org.eclipse.jetty.io.SelectorManager
       - Destroyed SelectChannelEndPoint@3b452858{/127.0.0.1:52011&amp;lt;-&amp;gt;8080,CLOSED,ISHUT,OSHUT,-,-,14/60000,HttpConnection}{io=0,kio=-1,kro=-1}
      
15:06:47.123 [qtp1105322512-39] DEBUG o.e.jetty.io.AbstractConnection
       - onClose HttpConnection@10766e20{FILLING}
15:06:47.124 [qtp1105322512-39]
       DEBUG o.eclipse.jetty.io.AbstractEndPoint - onClose SelectChannelEndPoint@3b452858{/127.0.0.1:52011&amp;lt;-&amp;gt;8080,CLOSED,ISHUT,OSHUT,-,-,15/60000,HttpConnection}{io=0,kio=-1,kro=-1}
      
15:06:47.124 [qtp1105322512-39] DEBUG o.e.jetty.io.AbstractConnection
       - FILLING--&amp;gt;IDLE HttpConnection@10766e20{IDLE}
15:06:47.124
       [qtp1105322512-39] DEBUG o.e.jetty.server.HttpConnection -
       HttpConnection@22e5f1db{FILLING} onFillable HttpChannelState@1b3d107c{s=IDLE
       i=true a=null}
15:06:47.124 [qtp1105322512-39] DEBUG org.eclipse.jetty.io.ChannelEndPoint
       - filled 159 SelectChannelEndPoint@2bc9669b{/127.0.0.1:52012&amp;lt;-&amp;gt;8080,Open,in,out,-,-,7/60000,HttpConnection}{io=0,kio=0,kro=1}
      
15:06:47.124 [qtp1105322512-39] DEBUG org.eclipse.jetty.http.HttpParser
       - parseNext s=START HeapByteBuffer@6f8d0ce5[p=0,l=159,c=8192,r=159]={&amp;lt;&amp;lt;&amp;lt;GET
       /filter HTTP/... keep-alive\r\n\r\n&amp;gt;&amp;gt;&amp;gt;\x00\x00\x00\x00\x00\x00\x00\x00\x00\x00\x00\x00\x00\x00\x00\x00\x00...\x00\x00\x00\x00\x00\x00\x00\x00\x00\x00\x00\x00\x00\x00\x00}
      
15:06:47.124 [qtp1105322512-39] DEBUG org.eclipse.jetty.http.HttpParser
       - START --&amp;gt; SPACE1
15:06:47.124 [qtp1105322512-39]
       DEBUG org.eclipse.jetty.http.HttpParser - SPACE1 --&amp;gt;
       URI
15:06:47.124 [qtp1105322512-39] DEBUG org.eclipse.jetty.http.HttpParser
       - URI --&amp;gt; SPACE2
15:06:47.124 [qtp1105322512-39] DEBUG
       org.eclipse.jetty.http.HttpParser - SPACE2 --&amp;gt; REQUEST_VERSION
      
15:06:47.124 [qtp1105322512-39] DEBUG org.eclipse.jetty.http.HttpParser
       - REQUEST_VERSION --&amp;gt; HEADER
15:06:47.124 [qtp1105322512-39]
       DEBUG org.eclipse.jetty.http.HttpParser - HEADER --&amp;gt;
       HEADER_VALUE
15:06:47.124 [qtp1105322512-39] DEBUG org.eclipse.jetty.http.HttpParser
       - HEADER_VALUE --&amp;gt; HEADER_IN_VALUE
15:06:47.125 [qtp1105322512-39]
       DEBUG org.eclipse.jetty.http.HttpParser - HEADER_IN_VALUE
       --&amp;gt; HEADER
15:06:47.125 [qtp1105322512-39] DEBUG org.eclipse.jetty.http.HttpParser
       - HEADER --&amp;gt; HEADER_VALUE
15:06:47.125 [qtp1105322512-39]
       DEBUG org.eclipse.jetty.http.HttpParser - HEADER_VALUE --&amp;gt;
       HEADER_IN_VALUE
15:06:47.125 [qtp1105322512-39] DEBUG org.eclipse.jetty.http.HttpParser
       - HEADER_IN_VALUE --&amp;gt; HEADER
15:06:47.125 [qtp1105322512-39]
       DEBUG org.eclipse.jetty.http.HttpParser - HEADER --&amp;gt;
       HEADER_VALUE
15:06:47.125 [qtp1105322512-39] DEBUG org.eclipse.jetty.http.HttpParser
       - HEADER_VALUE --&amp;gt; HEADER_IN_VALUE
15:06:47.125 [qtp1105322512-39]
       DEBUG org.eclipse.jetty.http.HttpParser - HEADER_IN_VALUE
       --&amp;gt; HEADER
15:06:47.125 [qtp1105322512-39] DEBUG org.eclipse.jetty.http.HttpParser
       - HEADER --&amp;gt; HEADER_IN_VALUE
15:06:47.125 [qtp1105322512-39]
       DEBUG org.eclipse.jetty.http.HttpParser - HEADER_IN_VALUE
       --&amp;gt; HEADER
15:06:47.125 [qtp1105322512-39] DEBUG org.eclipse.jetty.http.HttpParser
       - HEADER --&amp;gt; END
15:06:47.125 [qtp1105322512-39] DEBUG
       org.eclipse.jetty.server.HttpChannel - HttpChannelOverHttp@167c6bbd{r=1,c=false,a=IDLE,uri=-}
       messageComplete
15:06:47.125 [qtp1105322512-39] DEBUG org.eclipse.jetty.server.HttpInput
       - HttpInputOverHTTP@3c669458 EOF
15:06:47.126 [qtp1105322512-39]
       DEBUG org.eclipse.jetty.server.HttpChannel - HttpChannelOverHttp@167c6bbd{r=1,c=false,a=IDLE,uri=-}
       handle enter
15:06:47.126 [qtp1105322512-39 - /filter] DEBUG
       o.e.jetty.server.HttpChannelState - HttpChannelState@1b3d107c{s=IDLE
       i=true a=null} handling IDLE
15:06:47.126 [qtp1105322512-39
       - /filter] DEBUG org.eclipse.jetty.server.HttpChannel - HttpChannelOverHttp@167c6bbd{r=1,c=false,a=DISPATCHED,uri=/filter}
       action REQUEST_DISPATCH
15:06:47.126 [qtp1105322512-39 -
       /filter] DEBUG org.eclipse.jetty.server.Server - REQUEST GET
       /filter on HttpChannelOverHttp@167c6bbd{r=1,c=false,a=DISPATCHED,uri=/filter}
      
15:06:47.126 [qtp1105322512-39 - /filter] DEBUG o.e.j.server.handler.ContextHandler
       - scope null||/filter @ o.e.j.s.ServletContextHandler@6f46426d{/,null,AVAILABLE}
      
15:06:47.126 [qtp1105322512-39 - /filter] DEBUG o.e.j.server.handler.ContextHandler
       - context=||/filter @ o.e.j.s.ServletContextHandler@6f46426d{/,null,AVAILABLE}
      
15:06:47.126 [qtp1105322512-39 - /filter] DEBUG org.eclipse.jetty.server.session
       - sessionManager=org.eclipse.jetty.server.session.HashSessionManager@32ee6fee
      
15:06:47.126 [qtp1105322512-39 - /filter] DEBUG org.eclipse.jetty.server.session
       - session=null
15:06:47.126 [qtp1105322512-39 - /filter]
       DEBUG o.e.jetty.servlet.ServletHandler - servlet ||/filter
       -&amp;gt; org.apache.felix.http.base.internal.DispatcherServlet-4738a206@cebacce0==org.apache.felix.http.base.internal.DispatcherServlet,-1,true
      
15:06:47.126 [qtp1105322512-39 - /filter] DEBUG o.e.jetty.servlet.ServletHandler
       - chain=null
15:06:47.127 [qtp1105322512-39 - /filter] DEBUG
       o.e.jetty.server.HttpConnection - org.eclipse.jetty.server.HttpConnection$SendCallback@2d9c77f5[PROCESSING][i=ResponseInfo{HTTP/1.1
       200 null,-1,false},cb=org.eclipse.jetty.server.HttpChannel$CommitCallback@741d3c2c]
       generate: NEED_HEADER (null,[p=0,l=6,c=24576,r=6],true)@START
      
15:06:47.127 [qtp1105322512-39 - /filter] DEBUG o.e.jetty.server.HttpConnection
       - org.eclipse.jetty.server.HttpConnection$SendCallback@2d9c77f5[PROCESSING][i=ResponseInfo{HTTP/1.1
       200 null,-1,false},cb=org.eclipse.jetty.server.HttpChannel$CommitCallback@741d3c2c]
       generate: FLUSH ([p=0,l=145,c=16384,r=145],[p=0,l=6,c=24576,r=6],true)@COMPLETING
      
15:06:47.128 [qtp1105322512-39 - /filter] DEBUG org.eclipse.jetty.io.WriteFlusher
       - write: WriteFlusher@768dea5b{IDLE} [HeapByteBuffer@b579af00[p=0,l=145,c=16384,r=145]={&amp;lt;&amp;lt;&amp;lt;HTTP/1.1
       200 OK\r\n....v20150224)\r\n\r\n&amp;gt;&amp;gt;&amp;gt;SO-8859-1\r\nConten...\x00\x00\x00\x00\x00\x00\x00\x00\x00\x00\x00\x00\x00\x00\x00},HeapByteBuffer@8efce948[p=0,l=6,c=24576,r=6]={&amp;lt;&amp;lt;&amp;lt;filter&amp;gt;&amp;gt;&amp;gt;t\r\n\x00\x00\x00\x00\x00\x00\x00\x00\x00\x00\x00\x00\x00\x00...\x00\x00\x00\x00\x00\x00\x00\x00\x00\x00\x00\x00\x00\x00\x00}]
      
15:06:47.128 [qtp1105322512-39 - /filter] DEBUG org.eclipse.jetty.io.WriteFlusher
       - update WriteFlusher@768dea5b{WRITING}:IDLE--&amp;gt;WRITING
      
15:06:47.128 [qtp1105322512-39 - /filter] DEBUG org.eclipse.jetty.io.ChannelEndPoint
       - flushed 151 SelectChannelEndPoint@2bc9669b{/127.0.0.1:52012&amp;lt;-&amp;gt;8080,Open,in,out,-,W,4/60000,HttpConnection}{io=0,kio=0,kro=1}
      
15:06:47.128 [qtp1105322512-39 - /filter] DEBUG org.eclipse.jetty.io.WriteFlusher
       - update WriteFlusher@768dea5b{IDLE}:WRITING--&amp;gt;IDLE
      
15:06:47.128 [qtp1105322512-39 - /filter] DEBUG o.e.jetty.server.HttpConnection
       - org.eclipse.jetty.server.HttpConnection$SendCallback@2d9c77f5[PROCESSING][i=ResponseInfo{HTTP/1.1
       200 null,-1,false},cb=org.eclipse.jetty.server.HttpChannel$CommitCallback@741d3c2c]
       generate: DONE ([p=145,l=145,c=16384,r=0],[p=6,l=6,c=24576,r=0],true)@END
      
15:06:47.128 [qtp1105322512-39 - /filter] DEBUG org.eclipse.jetty.server.Server
       - RESPONSE /filter  200 handled=true
15:06:47.128 [qtp1105322512-39
       - /filter] DEBUG o.e.jetty.server.HttpChannelState - HttpChannelState@1b3d107c{s=DISPATCHED
       i=true a=null} unhandle DISPATCHED
15:06:47.128 [qtp1105322512-39
       - /filter] DEBUG org.eclipse.jetty.http.HttpParser - reset
       HttpParser{s=END,0 of 0}
15:06:47.128 [qtp1105322512-39 -
       /filter] DEBUG org.eclipse.jetty.http.HttpParser - END --&amp;gt;
       START
15:06:47.129 [qtp1105322512-39] DEBUG org.eclipse.jetty.server.HttpChannel
       - HttpChannelOverHttp@167c6bbd{r=1,c=false,a=IDLE,uri=-} handle
       exit, result COMPLETE
15:06:47.129 [qtp1105322512-39] DEBUG
       org.eclipse.jetty.io.ChannelEndPoint - filled 0 SelectChannelEndPoint@2bc9669b{/127.0.0.1:52012&amp;lt;-&amp;gt;8080,Open,in,out,-,-,1/60000,HttpConnection}{io=0,kio=0,kro=1}
      
15:06:47.129 [qtp1105322512-39] DEBUG org.eclipse.jetty.io.ChannelEndPoint
       - filled 0 SelectChannelEndPoint@2bc9669b{/127.0.0.1:52012&amp;lt;-&amp;gt;8080,Open,in,out,-,-,1/60000,HttpConnection}{io=0,kio=0,kro=1}
      
15:06:47.129 [qtp1105322512-39] DEBUG org.eclipse.jetty.http.HttpParser
       - parseNext s=START HeapByteBuffer@1b8d09f0[p=0,l=0,c=8192,r=0]={&amp;lt;&amp;lt;&amp;lt;&amp;gt;&amp;gt;&amp;gt;GET
       /rest HTTP/1....\x00\x00\x00\x00\x00\x00\x00\x00\x00\x00\x00\x00\x00\x00\x00}
      
15:06:47.129 [qtp1105322512-39] DEBUG o.e.jetty.io.AbstractConnection
       - fillInterested HttpConnection@22e5f1db{FILLING}
15:06:47.129
       [qtp1105322512-39] DEBUG o.e.jetty.io.AbstractConnection -
       FILLING--&amp;gt;FILLING_FILL_INTERESTED HttpConnection@22e5f1db{FILLING_FILL_INTERESTED}
      
15:06:47.129 [qtp1105322512-39] DEBUG o.e.jetty.io.AbstractConnection
       - FILLING_FILL_INTERESTED--&amp;gt;FILL_INTERESTED HttpConnection@22e5f1db{FILL_INTERESTED}
      
15:06:47.129 [qtp1105322512-39] DEBUG o.e.jetty.io.SelectChannelEndPoint
       - Local interests updating 0 -&amp;gt; 1 for SelectChannelEndPoint@2bc9669b{/127.0.0.1:52012&amp;lt;-&amp;gt;8080,Open,in,out,R,-,0/60000,HttpConnection}{io=1,kio=0,kro=1}
      
15:06:47.129 [qtp1105322512-39] DEBUG org.eclipse.jetty.io.SelectorManager
       - Running change org.eclipse.jetty.io.SelectChannelEndPoint$1@4278a6a2
      
15:06:47.129 [qtp1105322512-39] DEBUG o.e.jetty.io.SelectChannelEndPoint
       - Key interests updated 0 -&amp;gt; 1 on SelectChannelEndPoint@2bc9669b{/127.0.0.1:52012&amp;lt;-&amp;gt;8080,Open,in,out,R,-,0/60000,HttpConnection}{io=1,kio=1,kro=1}
      
15:06:47.130 [qtp1105322512-34-selector-ServerConnectorManager@1530c739/1]
       DEBUG org.eclipse.jetty.io.SelectorManager - Selector loop
       woken up from select, 0/1 selected
15:06:47.130 [qtp1105322512-34-selector-ServerConnectorManager@1530c739/1]
       DEBUG org.eclipse.jetty.io.SelectorManager - Selector loop
       waiting on select
15:06:47.138 [qtp1105322512-37-acceptor-0@59402b8f-ServerConnector@6892b3b6{HTTP/1.1}{0.0.0.0:8080}]
       DEBUG org.eclipse.jetty.io.SelectorManager - Queued change
       org.eclipse.jetty.io.SelectorManager$ManagedSelector$Accept@28de638d
      
15:06:47.138 [qtp1105322512-34-selector-ServerConnectorManager@1530c739/1]
       DEBUG org.eclipse.jetty.io.SelectorManager - Selector loop
       woken up from select, 1/1 selected
15:06:47.138 [qtp1105322512-33-selector-ServerConnectorManager@1530c739/0]
       DEBUG org.eclipse.jetty.io.SelectorManager - Selector loop
       woken up from select, 0/0 selected
15:06:47.143 [qtp1105322512-33-selector-ServerConnectorManager@1530c739/0]
       DEBUG org.eclipse.jetty.io.SelectorManager - Running change
       org.eclipse.jetty.io.SelectorManager$ManagedSelector$Accept@28de638d
      
15:06:47.144 [qtp1105322512-34-selector-ServerConnectorManager@1530c739/1]
       DEBUG o.e.jetty.io.SelectChannelEndPoint - Key interests updated
       1 -&amp;gt; 0 on SelectChannelEndPoint@2bc9669b{/127.0.0.1:52012&amp;lt;-&amp;gt;8080,Open,in,out,R,-,14/60000,HttpConnection}{io=1,kio=0,kro=1}
      
15:06:47.144 [qtp1105322512-33-selector-ServerConnectorManager@1530c739/0]
       DEBUG o.eclipse.jetty.io.AbstractEndPoint - onOpen SelectChannelEndPoint@205e9ddc{/127.0.0.1:52013&amp;lt;-&amp;gt;8080,Open,in,out,-,-,0/60000,null}{io=0,kio=0,kro=0}
      
15:06:47.144 [qtp1105322512-34-selector-ServerConnectorManager@1530c739/1]
       DEBUG o.e.jetty.io.SelectChannelEndPoint - Local interests
       updating 1 -&amp;gt; 0 for SelectChannelEndPoint@2bc9669b{/127.0.0.1:52012&amp;lt;-&amp;gt;8080,Open,in,out,R,-,15/60000,HttpConnection}{io=0,kio=0,kro=1}
      
15:06:47.144 [qtp1105322512-33-selector-ServerConnectorManager@1530c739/0]
       DEBUG org.eclipse.jetty.io.IdleTimeout - SelectChannelEndPoint@205e9ddc{/127.0.0.1:52013&amp;lt;-&amp;gt;8080,Open,in,out,-,-,1/60000,null}{io=0,kio=0,kro=0}
       idle timeout check, elapsed: 1 ms, remaining: 59999 ms
15:06:47.144
       [qtp1105322512-34-selector-ServerConnectorManager@1530c739/1]
       DEBUG org.eclipse.jetty.io.SelectorManager - Running change
       org.eclipse.jetty.io.SelectChannelEndPoint$1@4278a6a2
15:06:47.144
       [qtp1105322512-34-selector-ServerConnectorManager@1530c739/1]
       DEBUG o.e.jetty.io.AbstractConnection - FILL_INTERESTED--&amp;gt;FILLING
       HttpConnection@22e5f1db{FILLING}
15:06:47.144 [qtp1105322512-34-selector-ServerConnectorManager@1530c739/1]
       DEBUG org.eclipse.jetty.io.SelectorManager - Selector loop
       waiting on select
15:06:47.144 [qtp1105322512-33-selector-ServerConnectorManager@1530c739/0]
       DEBUG org.eclipse.jetty.server.HttpChannel - new HttpChannelOverHttp@37ae099{r=0,c=false,a=IDLE,uri=-}
       -&amp;gt; SelectChannelEndPoint@205e9ddc{/127.0.0.1:52013&amp;lt;-&amp;gt;8080,Open,in,out,-,-,1/60000,null}{io=0,kio=0,kro=0},null,HttpChannelState@1d1b6c0b{s=IDLE
       i=true a=null}
15:06:47.144 [qtp1105322512-33-selector-ServerConnectorManager@1530c739/0]
       DEBUG o.e.jetty.server.HttpConnection - New HTTP Connection
       HttpConnection@9c0a90a{IDLE}
15:06:47.144 [qtp1105322512-38]
       DEBUG o.e.jetty.server.HttpConnection - HttpConnection@22e5f1db{FILLING}
       onFillable HttpChannelState@1b3d107c{s=IDLE i=true a=null}
      
15:06:47.144 [qtp1105322512-33-selector-ServerConnectorManager@1530c739/0]
       DEBUG o.e.jetty.io.AbstractConnection - onOpen HttpConnection@9c0a90a{IDLE}
      
15:06:47.144 [qtp1105322512-33-selector-ServerConnectorManager@1530c739/0]
       DEBUG o.e.jetty.io.AbstractConnection - fillInterested HttpConnection@9c0a90a{IDLE}
      
15:06:47.144 [qtp1105322512-38] DEBUG org.eclipse.jetty.io.ChannelEndPoint
       - filled -1 SelectChannelEndPoint@2bc9669b{/127.0.0.1:52012&amp;lt;-&amp;gt;8080,Open,in,out,-,-,15/60000,HttpConnection}{io=0,kio=0,kro=1}
      
15:06:47.144 [qtp1105322512-33-selector-ServerConnectorManager@1530c739/0]
       DEBUG o.e.jetty.io.AbstractConnection - IDLE--&amp;gt;FILL_INTERESTED
       HttpConnection@9c0a90a{FILL_INTERESTED}
15:06:47.145 [qtp1105322512-38]
       DEBUG org.eclipse.jetty.io.ChannelEndPoint - ishut SelectChannelEndPoint@2bc9669b{/127.0.0.1:52012&amp;lt;-&amp;gt;8080,Open,in,out,-,-,15/60000,HttpConnection}{io=0,kio=0,kro=1}
      
15:06:47.145 [qtp1105322512-33-selector-ServerConnectorManager@1530c739/0]
       DEBUG o.e.jetty.io.SelectChannelEndPoint - Local interests
       updating 0 -&amp;gt; 1 for SelectChannelEndPoint@205e9ddc{/127.0.0.1:52013&amp;lt;-&amp;gt;8080,Open,in,out,R,-,0/60000,HttpConnection}{io=1,kio=0,kro=0}
      
15:06:47.145 [qtp1105322512-38] DEBUG org.eclipse.jetty.http.HttpParser
       - atEOF HttpParser{s=START,0 of -1}
15:06:47.145 [qtp1105322512-33-selector-ServerConnectorManager@1530c739/0]
       DEBUG org.eclipse.jetty.io.SelectorManager - Running change
       org.eclipse.jetty.io.SelectChannelEndPoint$1@5d246593
15:06:47.145
       [qtp1105322512-38] DEBUG org.eclipse.jetty.http.HttpParser
       - parseNext s=START HeapByteBuffer@6f8d0ce5[p=0,l=0,c=8192,r=0]={&amp;lt;&amp;lt;&amp;lt;&amp;gt;&amp;gt;&amp;gt;GET
       /filter HTTP/...\x00\x00\x00\x00\x00\x00\x00\x00\x00\x00\x00\x00\x00\x00\x00}
      
15:06:47.145 [qtp1105322512-38] DEBUG org.eclipse.jetty.http.HttpParser
       - START --&amp;gt; CLOSED
15:06:47.145 [qtp1105322512-33-selector-ServerConnectorManager@1530c739/0]
       DEBUG o.e.jetty.io.SelectChannelEndPoint - Key interests updated
       0 -&amp;gt; 1 on SelectChannelEndPoint@205e9ddc{/127.0.0.1:52013&amp;lt;-&amp;gt;8080,Open,in,out,R,-,0/60000,HttpConnection}{io=1,kio=1,kro=0}
      
15:06:47.145 [qtp1105322512-38] DEBUG o.eclipse.jetty.io.AbstractEndPoint
       - onClose SelectChannelEndPoint@2bc9669b{/127.0.0.1:52012&amp;lt;-&amp;gt;8080,CLOSED,ISHUT,out,-,-,16/60000,HttpConnection}{io=0,kio=0,kro=1}
      
15:06:47.145 [qtp1105322512-33-selector-ServerConnectorManager@1530c739/0]
       DEBUG org.eclipse.jetty.io.SelectorManager - Created SelectChannelEndPoint@205e9ddc{/127.0.0.1:52013&amp;lt;-&amp;gt;8080,Open,in,out,R,-,0/60000,HttpConnection}{io=1,kio=1,kro=0}
      
15:06:47.145 [qtp1105322512-33-selector-ServerConnectorManager@1530c739/0]
       DEBUG org.eclipse.jetty.io.SelectorManager - Selector loop
       waiting on select
15:06:47.145 [qtp1105322512-38] DEBUG org.eclipse.jetty.io.ChannelEndPoint
       - close SelectChannelEndPoint@2bc9669b{/127.0.0.1:52012&amp;lt;-&amp;gt;8080,CLOSED,ISHUT,out,-,-,16/60000,HttpConnection}{io=0,kio=0,kro=1}
      
15:06:47.145 [qtp1105322512-33-selector-ServerConnectorManager@1530c739/0]
       DEBUG org.eclipse.jetty.io.SelectorManager - Selector loop
       woken up from select, 1/1 selected
15:06:47.145 [qtp1105322512-33-selector-ServerConnectorManager@1530c739/0]
       DEBUG o.e.jetty.io.SelectChannelEndPoint - Key interests updated
       1 -&amp;gt; 0 on SelectChannelEndPoint@205e9ddc{/127.0.0.1:52013&amp;lt;-&amp;gt;8080,Open,in,out,R,-,0/60000,HttpConnection}{io=1,kio=0,kro=1}
      
15:06:47.145 [qtp1105322512-38] DEBUG org.eclipse.jetty.io.SelectorManager
       - Destroyed SelectChannelEndPoint@2bc9669b{/127.0.0.1:52012&amp;lt;-&amp;gt;8080,CLOSED,ISHUT,OSHUT,-,-,16/60000,HttpConnection}{io=0,kio=-1,kro=-1}
      
15:06:47.146 [qtp1105322512-33-selector-ServerConnectorManager@1530c739/0]
       DEBUG o.e.jetty.io.SelectChannelEndPoint - Local interests
       updating 1 -&amp;gt; 0 for SelectChannelEndPoint@205e9ddc{/127.0.0.1:52013&amp;lt;-&amp;gt;8080,Open,in,out,R,-,0/60000,HttpConnection}{io=0,kio=0,kro=1}
      
15:06:47.146 [qtp1105322512-38] DEBUG o.e.jetty.io.AbstractConnection
       - onClose HttpConnection@22e5f1db{FILLING}
15:06:47.146 [qtp1105322512-33-selector-ServerConnectorManager@1530c739/0]
       DEBUG org.eclipse.jetty.io.SelectorManager - Running change
       org.eclipse.jetty.io.SelectChannelEndPoint$1@5d246593
15:06:47.146
       [qtp1105322512-33-selector-ServerConnectorManager@1530c739/0]
       DEBUG o.e.jetty.io.AbstractConnection - FILL_INTERESTED--&amp;gt;FILLING
       HttpConnection@9c0a90a{FILLING}
15:06:47.146 [qtp1105322512-38]
       DEBUG o.eclipse.jetty.io.AbstractEndPoint - onClose SelectChannelEndPoint@2bc9669b{/127.0.0.1:52012&amp;lt;-&amp;gt;8080,CLOSED,ISHUT,OSHUT,-,-,17/60000,HttpConnection}{io=0,kio=-1,kro=-1}
      
15:06:47.146 [qtp1105322512-33-selector-ServerConnectorManager@1530c739/0]
       DEBUG org.eclipse.jetty.io.SelectorManager - Selector loop
       waiting on select
15:06:47.146 [qtp1105322512-38] DEBUG o.e.jetty.io.AbstractConnection
       - FILLING--&amp;gt;IDLE HttpConnection@22e5f1db{IDLE}
15:06:47.146
       [qtp1105322512-38] DEBUG o.e.jetty.server.HttpConnection -
       HttpConnection@9c0a90a{FILLING} onFillable HttpChannelState@1d1b6c0b{s=IDLE
       i=true a=null}
15:06:47.146 [qtp1105322512-38] DEBUG org.eclipse.jetty.io.ChannelEndPoint
       - filled 160 SelectChannelEndPoint@205e9ddc{/127.0.0.1:52013&amp;lt;-&amp;gt;8080,Open,in,out,-,-,1/60000,HttpConnection}{io=0,kio=0,kro=1}
      
15:06:47.146 [qtp1105322512-38] DEBUG org.eclipse.jetty.http.HttpParser
       - parseNext s=START HeapByteBuffer@1511d680[p=0,l=160,c=8192,r=160]={&amp;lt;&amp;lt;&amp;lt;GET
       /servlet HTTP... keep-alive\r\n\r\n&amp;gt;&amp;gt;&amp;gt;\x00\x00\x00\x00\x00\x00\x00\x00\x00\x00\x00\x00\x00\x00\x00\x00\x00...\x00\x00\x00\x00\x00\x00\x00\x00\x00\x00\x00\x00\x00\x00\x00}
      
15:06:47.146 [qtp1105322512-38] DEBUG org.eclipse.jetty.http.HttpParser
       - START --&amp;gt; SPACE1
15:06:47.146 [qtp1105322512-38]
       DEBUG org.eclipse.jetty.http.HttpParser - SPACE1 --&amp;gt;
       URI
15:06:47.146 [qtp1105322512-38] DEBUG org.eclipse.jetty.http.HttpParser
       - URI --&amp;gt; SPACE2
15:06:47.146 [qtp1105322512-38] DEBUG
       org.eclipse.jetty.http.HttpParser - SPACE2 --&amp;gt; REQUEST_VERSION
      
15:06:47.146 [qtp1105322512-38] DEBUG org.eclipse.jetty.http.HttpParser
       - REQUEST_VERSION --&amp;gt; HEADER
15:06:47.147 [qtp1105322512-38]
       DEBUG org.eclipse.jetty.http.HttpParser - HEADER --&amp;gt;
       HEADER_VALUE
15:06:47.147 [qtp1105322512-38] DEBUG org.eclipse.jetty.http.HttpParser
       - HEADER_VALUE --&amp;gt; HEADER_IN_VALUE
15:06:47.147 [qtp1105322512-38]
       DEBUG org.eclipse.jetty.http.HttpParser - HEADER_IN_VALUE
       --&amp;gt; HEADER
15:06:47.147 [qtp1105322512-38] DEBUG org.eclipse.jetty.http.HttpParser
       - HEADER --&amp;gt; HEADER_VALUE
15:06:47.147 [qtp1105322512-38]
       DEBUG org.eclipse.jetty.http.HttpParser - HEADER_VALUE --&amp;gt;
       HEADER_IN_VALUE
15:06:47.147 [qtp1105322512-38] DEBUG org.eclipse.jetty.http.HttpParser
       - HEADER_IN_VALUE --&amp;gt; HEADER
15:06:47.147 [qtp1105322512-38]
       DEBUG org.eclipse.jetty.http.HttpParser - HEADER --&amp;gt;
       HEADER_VALUE
15:06:47.147 [qtp1105322512-38] DEBUG org.eclipse.jetty.http.HttpParser
       - HEADER_VALUE --&amp;gt; HEADER_IN_VALUE
15:06:47.147 [qtp1105322512-38]
       DEBUG org.eclipse.jetty.http.HttpParser - HEADER_IN_VALUE
       --&amp;gt; HEADER
15:06:47.147 [qtp1105322512-38] DEBUG org.eclipse.jetty.http.HttpParser
       - HEADER --&amp;gt; HEADER_IN_VALUE
15:06:47.147 [qtp1105322512-38]
       DEBUG org.eclipse.jetty.http.HttpParser - HEADER_IN_VALUE
       --&amp;gt; HEADER
15:06:47.147 [qtp1105322512-38] DEBUG org.eclipse.jetty.http.HttpParser
       - HEADER --&amp;gt; END
15:06:47.147 [qtp1105322512-38] DEBUG
       org.eclipse.jetty.server.HttpChannel - HttpChannelOverHttp@37ae099{r=1,c=false,a=IDLE,uri=-}
       messageComplete
15:06:47.147 [qtp1105322512-38] DEBUG org.eclipse.jetty.server.HttpInput
       - HttpInputOverHTTP@561921db EOF
15:06:47.148 [qtp1105322512-38]
       DEBUG org.eclipse.jetty.server.HttpChannel - HttpChannelOverHttp@37ae099{r=1,c=false,a=IDLE,uri=-}
       handle enter
15:06:47.148 [qtp1105322512-38 - /servlet] DEBUG
       o.e.jetty.server.HttpChannelState - HttpChannelState@1d1b6c0b{s=IDLE
       i=true a=null} handling IDLE
15:06:47.148 [qtp1105322512-38
       - /servlet] DEBUG org.eclipse.jetty.server.HttpChannel - HttpChannelOverHttp@37ae099{r=1,c=false,a=DISPATCHED,uri=/servlet}
       action REQUEST_DISPATCH
15:06:47.148 [qtp1105322512-38 -
       /servlet] DEBUG org.eclipse.jetty.server.Server - REQUEST
       GET /servlet on HttpChannelOverHttp@37ae099{r=1,c=false,a=DISPATCHED,uri=/servlet}
      
15:06:47.148 [qtp1105322512-38 - /servlet] DEBUG o.e.j.server.handler.ContextHandler
       - scope null||/servlet @ o.e.j.s.ServletContextHandler@6f46426d{/,null,AVAILABLE}
      
15:06:47.148 [qtp1105322512-38 - /servlet] DEBUG o.e.j.server.handler.ContextHandler
       - context=||/servlet @ o.e.j.s.ServletContextHandler@6f46426d{/,null,AVAILABLE}
      
15:06:47.148 [qtp1105322512-38 - /servlet] DEBUG org.eclipse.jetty.server.session
       - sessionManager=org.eclipse.jetty.server.session.HashSessionManager@32ee6fee
      
15:06:47.148 [qtp1105322512-38 - /servlet] DEBUG org.eclipse.jetty.server.session
       - session=null
15:06:47.148 [qtp1105322512-38 - /servlet]
       DEBUG o.e.jetty.servlet.ServletHandler - servlet ||/servlet
       -&amp;gt; org.apache.felix.http.base.internal.DispatcherServlet-4738a206@cebacce0==org.apache.felix.http.base.internal.DispatcherServlet,-1,true
      
15:06:47.148 [qtp1105322512-38 - /servlet] DEBUG o.e.jetty.servlet.ServletHandler
       - chain=null
15:06:47.149 [qtp1105322512-38 - /servlet] DEBUG
       o.e.jetty.server.HttpConnection - org.eclipse.jetty.server.HttpConnection$SendCallback@62d4cffa[PROCESSING][i=ResponseInfo{HTTP/1.1
       200 null,-1,false},cb=org.eclipse.jetty.server.HttpChannel$CommitCallback@50e7683]
       generate: NEED_HEADER (null,[p=0,l=9,c=24576,r=9],true)@START
      
15:06:47.149 [qtp1105322512-38 - /servlet] DEBUG o.e.jetty.server.HttpConnection
       - org.eclipse.jetty.server.HttpConnection$SendCallback@62d4cffa[PROCESSING][i=ResponseInfo{HTTP/1.1
       200 null,-1,false},cb=org.eclipse.jetty.server.HttpChannel$CommitCallback@50e7683]
       generate: FLUSH ([p=0,l=145,c=16384,r=145],[p=0,l=9,c=24576,r=9],true)@COMPLETING
      
15:06:47.149 [qtp1105322512-38 - /servlet] DEBUG org.eclipse.jetty.io.WriteFlusher
       - write: WriteFlusher@374af4f6{IDLE} [HeapByteBuffer@5ccbc45d[p=0,l=145,c=16384,r=145]={&amp;lt;&amp;lt;&amp;lt;HTTP/1.1
       200 OK\r\n....v20150224)\r\n\r\n&amp;gt;&amp;gt;&amp;gt;SO-8859-1\r\nConten...\x00\x00\x00\x00\x00\x00\x00\x00\x00\x00\x00\x00\x00\x00\x00},HeapByteBuffer@fb534b1f[p=0,l=9,c=24576,r=9]={&amp;lt;&amp;lt;&amp;lt;servlet\r\n&amp;gt;&amp;gt;&amp;gt;\x00\x00\x00\x00\x00\x00\x00\x00\x00\x00\x00\x00\x00\x00\x00\x00\x00...\x00\x00\x00\x00\x00\x00\x00\x00\x00\x00\x00\x00\x00\x00\x00}]
      
15:06:47.149 [qtp1105322512-38 - /servlet] DEBUG org.eclipse.jetty.io.WriteFlusher
       - update WriteFlusher@374af4f6{WRITING}:IDLE--&amp;gt;WRITING
      
15:06:47.149 [qtp1105322512-38 - /servlet] DEBUG org.eclipse.jetty.io.ChannelEndPoint
       - flushed 154 SelectChannelEndPoint@205e9ddc{/127.0.0.1:52013&amp;lt;-&amp;gt;8080,Open,in,out,-,W,3/60000,HttpConnection}{io=0,kio=0,kro=1}
      
15:06:47.150 [qtp1105322512-38 - /servlet] DEBUG org.eclipse.jetty.io.WriteFlusher
       - update WriteFlusher@374af4f6{IDLE}:WRITING--&amp;gt;IDLE
      
15:06:47.150 [qtp1105322512-38 - /servlet] DEBUG o.e.jetty.server.HttpConnection
       - org.eclipse.jetty.server.HttpConnection$SendCallback@62d4cffa[PROCESSING][i=ResponseInfo{HTTP/1.1
       200 null,-1,false},cb=org.eclipse.jetty.server.HttpChannel$CommitCallback@50e7683]
       generate: DONE ([p=145,l=145,c=16384,r=0],[p=9,l=9,c=24576,r=0],true)@END
      
15:06:47.150 [qtp1105322512-38 - /servlet] DEBUG org.eclipse.jetty.server.Server
       - RESPONSE /servlet  200 handled=true
15:06:47.150 [qtp1105322512-38
       - /servlet] DEBUG o.e.jetty.server.HttpChannelState - HttpChannelState@1d1b6c0b{s=DISPATCHED
       i=true a=null} unhandle DISPATCHED
15:06:47.150 [qtp1105322512-38
       - /servlet] DEBUG org.eclipse.jetty.http.HttpParser - reset
       HttpParser{s=END,0 of 0}
15:06:47.150 [qtp1105322512-38 -
       /servlet] DEBUG org.eclipse.jetty.http.HttpParser - END --&amp;gt;
       START
15:06:47.150 [qtp1105322512-38] DEBUG org.eclipse.jetty.server.HttpChannel
       - HttpChannelOverHttp@37ae099{r=1,c=false,a=IDLE,uri=-} handle
       exit, result COMPLETE
15:06:47.150 [qtp1105322512-38] DEBUG
       org.eclipse.jetty.io.ChannelEndPoint - filled 0 SelectChannelEndPoint@205e9ddc{/127.0.0.1:52013&amp;lt;-&amp;gt;8080,Open,in,out,-,-,1/60000,HttpConnection}{io=0,kio=0,kro=1}
      
15:06:47.151 [qtp1105322512-38] DEBUG org.eclipse.jetty.io.ChannelEndPoint
       - filled 0 SelectChannelEndPoint@205e9ddc{/127.0.0.1:52013&amp;lt;-&amp;gt;8080,Open,in,out,-,-,2/60000,HttpConnection}{io=0,kio=0,kro=1}
      
15:06:47.151 [qtp1105322512-38] DEBUG org.eclipse.jetty.http.HttpParser
       - parseNext s=START HeapByteBuffer@6f8d0ce5[p=0,l=0,c=8192,r=0]={&amp;lt;&amp;lt;&amp;lt;&amp;gt;&amp;gt;&amp;gt;GET
       /filter HTTP/...\x00\x00\x00\x00\x00\x00\x00\x00\x00\x00\x00\x00\x00\x00\x00}
      
15:06:47.151 [qtp1105322512-38] DEBUG o.e.jetty.io.AbstractConnection
       - fillInterested HttpConnection@9c0a90a{FILLING}
15:06:47.151
       [qtp1105322512-38] DEBUG o.e.jetty.io.AbstractConnection -
       FILLING--&amp;gt;FILLING_FILL_INTERESTED HttpConnection@9c0a90a{FILLING_FILL_INTERESTED}
      
15:06:47.151 [qtp1105322512-38] DEBUG o.e.jetty.io.AbstractConnection
       - FILLING_FILL_INTERESTED--&amp;gt;FILL_INTERESTED HttpConnection@9c0a90a{FILL_INTERESTED}
      
15:06:47.151 [qtp1105322512-38] DEBUG o.e.jetty.io.SelectChannelEndPoint
       - Local interests updating 0 -&amp;gt; 1 for SelectChannelEndPoint@205e9ddc{/127.0.0.1:52013&amp;lt;-&amp;gt;8080,Open,in,out,R,-,0/60000,HttpConnection}{io=1,kio=0,kro=1}
      
15:06:47.151 [qtp1105322512-38] DEBUG org.eclipse.jetty.io.SelectorManager
       - Running change org.eclipse.jetty.io.SelectChannelEndPoint$1@5d246593
      
15:06:47.151 [qtp1105322512-38] DEBUG o.e.jetty.io.SelectChannelEndPoint
       - Key interests updated 0 -&amp;gt; 1 on SelectChannelEndPoint@205e9ddc{/127.0.0.1:52013&amp;lt;-&amp;gt;8080,Open,in,out,R,-,0/60000,HttpConnection}{io=1,kio=1,kro=1}
      
15:06:47.151 [qtp1105322512-33-selector-ServerConnectorManager@1530c739/0]
       DEBUG org.eclipse.jetty.io.SelectorManager - Selector loop
       woken up from select, 0/1 selected
15:06:47.151 [qtp1105322512-33-selector-ServerConnectorManager@1530c739/0]
       DEBUG org.eclipse.jetty.io.SelectorManager - Selector loop
       waiting on select
15:06:47.180 [qtp1105322512-33-selector-ServerConnectorManager@1530c739/0]
       DEBUG org.eclipse.jetty.io.SelectorManager - Selector loop
       woken up from select, 1/1 selected
15:06:47.181 [qtp1105322512-33-selector-ServerConnectorManager@1530c739/0]
       DEBUG o.e.jetty.io.SelectChannelEndPoint - Key interests updated
       1 -&amp;gt; 0 on SelectChannelEndPoint@205e9ddc{/127.0.0.1:52013&amp;lt;-&amp;gt;8080,Open,in,out,R,-,29/60000,HttpConnection}{io=1,kio=0,kro=1}
      
15:06:47.181 [qtp1105322512-33-selector-ServerConnectorManager@1530c739/0]
       DEBUG o.e.jetty.io.SelectChannelEndPoint - Local interests
       updating 1 -&amp;gt; 0 for SelectChannelEndPoint@205e9ddc{/127.0.0.1:52013&amp;lt;-&amp;gt;8080,Open,in,out,R,-,30/60000,HttpConnection}{io=0,kio=0,kro=1}
      
15:06:47.181 [qtp1105322512-33-selector-ServerConnectorManager@1530c739/0]
       DEBUG org.eclipse.jetty.io.SelectorManager - Running change
       org.eclipse.jetty.io.SelectChannelEndPoint$1@5d246593
15:06:47.181
       [qtp1105322512-33-selector-ServerConnectorManager@1530c739/0]
       DEBUG o.e.jetty.io.AbstractConnection - FILL_INTERESTED--&amp;gt;FILLING
       HttpConnection@9c0a90a{FILLING}
15:06:47.181 [qtp1105322512-33-selector-ServerConnectorManager@1530c739/0]
       DEBUG org.eclipse.jetty.io.SelectorManager - Selector loop
       waiting on select
15:06:47.181 [qtp1105322512-36] DEBUG o.e.jetty.server.HttpConnection
       - HttpConnection@9c0a90a{FILLING} onFillable HttpChannelState@1d1b6c0b{s=IDLE
       i=true a=null}
15:06:47.181 [qtp1105322512-36] DEBUG org.eclipse.jetty.io.ChannelEndPoint
       - filled -1 SelectChannelEndPoint@205e9ddc{/127.0.0.1:52013&amp;lt;-&amp;gt;8080,Open,in,out,-,-,30/60000,HttpConnection}{io=0,kio=0,kro=1}
      
15:06:47.181 [qtp1105322512-36] DEBUG org.eclipse.jetty.io.ChannelEndPoint
       - ishut SelectChannelEndPoint@205e9ddc{/127.0.0.1:52013&amp;lt;-&amp;gt;8080,Open,in,out,-,-,30/60000,HttpConnection}{io=0,kio=0,kro=1}
      
15:06:47.181 [qtp1105322512-36] DEBUG org.eclipse.jetty.http.HttpParser
       - atEOF HttpParser{s=START,0 of -1}
15:06:47.181 [qtp1105322512-36]
       DEBUG org.eclipse.jetty.http.HttpParser - parseNext s=START
       HeapByteBuffer@1511d680[p=0,l=0,c=8192,r=0]={&amp;lt;&amp;lt;&amp;lt;&amp;gt;&amp;gt;&amp;gt;GET
       /servlet HTTP...\x00\x00\x00\x00\x00\x00\x00\x00\x00\x00\x00\x00\x00\x00\x00}
      
15:06:47.181 [qtp1105322512-36] DEBUG org.eclipse.jetty.http.HttpParser
       - START --&amp;gt; CLOSED
15:06:47.182 [qtp1105322512-36]
       DEBUG o.eclipse.jetty.io.AbstractEndPoint - onClose SelectChannelEndPoint@205e9ddc{/127.0.0.1:52013&amp;lt;-&amp;gt;8080,CLOSED,ISHUT,out,-,-,31/60000,HttpConnection}{io=0,kio=0,kro=1}
      
15:06:47.182 [qtp1105322512-36] DEBUG org.eclipse.jetty.io.ChannelEndPoint
       - close SelectChannelEndPoint@205e9ddc{/127.0.0.1:52013&amp;lt;-&amp;gt;8080,CLOSED,ISHUT,out,-,-,31/60000,HttpConnection}{io=0,kio=0,kro=1}
      
15:06:47.182 [qtp1105322512-36] DEBUG org.eclipse.jetty.io.SelectorManager
       - Destroyed SelectChannelEndPoint@205e9ddc{/127.0.0.1:52013&amp;lt;-&amp;gt;8080,CLOSED,ISHUT,OSHUT,-,-,31/60000,HttpConnection}{io=0,kio=-1,kro=-1}
      
15:06:47.182 [qtp1105322512-36] DEBUG o.e.jetty.io.AbstractConnection
       - onClose HttpConnection@9c0a90a{FILLING}
15:06:47.182 [qtp1105322512-36]
       DEBUG o.eclipse.jetty.io.AbstractEndPoint - onClose SelectChannelEndPoint@205e9ddc{/127.0.0.1:52013&amp;lt;-&amp;gt;8080,CLOSED,ISHUT,OSHUT,-,-,31/60000,HttpConnection}{io=0,kio=-1,kro=-1}
      
15:06:47.182 [qtp1105322512-36] DEBUG o.e.jetty.io.AbstractConnection
       - FILLING--&amp;gt;IDLE HttpConnection@9c0a90a{IDLE}
15:06:47.186
       [qtp1105322512-37-acceptor-0@59402b8f-ServerConnector@6892b3b6{HTTP/1.1}{0.0.0.0:8080}]
       DEBUG org.eclipse.jetty.io.SelectorManager - Queued change
       org.eclipse.jetty.io.SelectorManager$ManagedSelector$Accept@78ec87d9
      
15:06:47.187 [qtp1105322512-34-selector-ServerConnectorManager@1530c739/1]
       DEBUG org.eclipse.jetty.io.SelectorManager - Selector loop
       woken up from select, 0/0 selected
15:06:47.187 [qtp1105322512-34-selector-ServerConnectorManager@1530c739/1]
       DEBUG org.eclipse.jetty.io.SelectorManager - Running change
       org.eclipse.jetty.io.SelectorManager$ManagedSelector$Accept@78ec87d9
      
15:06:47.187 [qtp1105322512-34-selector-ServerConnectorManager@1530c739/1]
       DEBUG o.eclipse.jetty.io.AbstractEndPoint - onOpen SelectChannelEndPoint@44e154aa{/127.0.0.1:52014&amp;lt;-&amp;gt;8080,Open,in,out,-,-,0/60000,null}{io=0,kio=0,kro=0}
      
15:06:47.187 [qtp1105322512-34-selector-ServerConnectorManager@1530c739/1]
       DEBUG org.eclipse.jetty.io.IdleTimeout - SelectChannelEndPoint@44e154aa{/127.0.0.1:52014&amp;lt;-&amp;gt;8080,Open,in,out,-,-,0/60000,null}{io=0,kio=0,kro=0}
       idle timeout check, elapsed: 0 ms, remaining: 60000 ms
15:06:47.187
       [qtp1105322512-34-selector-ServerConnectorManager@1530c739/1]
       DEBUG org.eclipse.jetty.server.HttpChannel - new HttpChannelOverHttp@49070ec4{r=0,c=false,a=IDLE,uri=-}
       -&amp;gt; SelectChannelEndPoint@44e154aa{/127.0.0.1:52014&amp;lt;-&amp;gt;8080,Open,in,out,-,-,0/60000,null}{io=0,kio=0,kro=0},null,HttpChannelState@4e4dfcf0{s=IDLE
       i=true a=null}
15:06:47.187 [qtp1105322512-34-selector-ServerConnectorManager@1530c739/1]
       DEBUG o.e.jetty.server.HttpConnection - New HTTP Connection
       HttpConnection@19503b6e{IDLE}
15:06:47.188 [qtp1105322512-34-selector-ServerConnectorManager@1530c739/1]
       DEBUG o.e.jetty.io.AbstractConnection - onOpen HttpConnection@19503b6e{IDLE}
      
15:06:47.188 [qtp1105322512-34-selector-ServerConnectorManager@1530c739/1]
       DEBUG o.e.jetty.io.AbstractConnection - fillInterested HttpConnection@19503b6e{IDLE}
      
15:06:47.188 [qtp1105322512-34-selector-ServerConnectorManager@1530c739/1]
       DEBUG o.e.jetty.io.AbstractConnection - IDLE--&amp;gt;FILL_INTERESTED
       HttpConnection@19503b6e{FILL_INTERESTED}
15:06:47.188 [qtp1105322512-34-selector-ServerConnectorManager@1530c739/1]
       DEBUG o.e.jetty.io.SelectChannelEndPoint - Local interests
       updating 0 -&amp;gt; 1 for SelectChannelEndPoint@44e154aa{/127.0.0.1:52014&amp;lt;-&amp;gt;8080,Open,in,out,R,-,0/60000,HttpConnection}{io=1,kio=0,kro=0}
      
15:06:47.188 [qtp1105322512-34-selector-ServerConnectorManager@1530c739/1]
       DEBUG org.eclipse.jetty.io.SelectorManager - Running change
       org.eclipse.jetty.io.SelectChannelEndPoint$1@57da78ea
15:06:47.188
       [qtp1105322512-34-selector-ServerConnectorManager@1530c739/1]
       DEBUG o.e.jetty.io.SelectChannelEndPoint - Key interests updated
       0 -&amp;gt; 1 on SelectChannelEndPoint@44e154aa{/127.0.0.1:52014&amp;lt;-&amp;gt;8080,Open,in,out,R,-,0/60000,HttpConnection}{io=1,kio=1,kro=0}
      
15:06:47.188 [qtp1105322512-34-selector-ServerConnectorManager@1530c739/1]
       DEBUG org.eclipse.jetty.io.SelectorManager - Created SelectChannelEndPoint@44e154aa{/127.0.0.1:52014&amp;lt;-&amp;gt;8080,Open,in,out,R,-,0/60000,HttpConnection}{io=1,kio=1,kro=0}
      
15:06:47.188 [qtp1105322512-34-selector-ServerConnectorManager@1530c739/1]
       DEBUG org.eclipse.jetty.io.SelectorManager - Selector loop
       waiting on select
15:06:47.188 [qtp1105322512-34-selector-ServerConnectorManager@1530c739/1]
       DEBUG org.eclipse.jetty.io.SelectorManager - Selector loop
       woken up from select, 1/1 selected
15:06:47.188 [qtp1105322512-34-selector-ServerConnectorManager@1530c739/1]
       DEBUG o.e.jetty.io.SelectChannelEndPoint - Key interests updated
       1 -&amp;gt; 0 on SelectChannelEndPoint@44e154aa{/127.0.0.1:52014&amp;lt;-&amp;gt;8080,Open,in,out,R,-,0/60000,HttpConnection}{io=1,kio=0,kro=1}
      
15:06:47.188 [qtp1105322512-34-selector-ServerConnectorManager@1530c739/1]
       DEBUG o.e.jetty.io.SelectChannelEndPoint - Local interests
       updating 1 -&amp;gt; 0 for SelectChannelEndPoint@44e154aa{/127.0.0.1:52014&amp;lt;-&amp;gt;8080,Open,in,out,R,-,0/60000,HttpConnection}{io=0,kio=0,kro=1}
      
15:06:47.188 [qtp1105322512-34-selector-ServerConnectorManager@1530c739/1]
       DEBUG org.eclipse.jetty.io.SelectorManager - Running change
       org.eclipse.jetty.io.SelectChannelEndPoint$1@57da78ea
15:06:47.189
       [qtp1105322512-34-selector-ServerConnectorManager@1530c739/1]
       DEBUG o.e.jetty.io.AbstractConnection - FILL_INTERESTED--&amp;gt;FILLING
       HttpConnection@19503b6e{FILLING}
15:06:47.189 [qtp1105322512-34-selector-ServerConnectorManager@1530c739/1]
       DEBUG org.eclipse.jetty.io.SelectorManager - Selector loop
       waiting on select
15:06:47.195 [qtp1105322512-35] DEBUG o.e.jetty.server.HttpConnection
       - HttpConnection@19503b6e{FILLING} onFillable HttpChannelState@4e4dfcf0{s=IDLE
       i=true a=null}
15:06:47.195 [qtp1105322512-35] DEBUG org.eclipse.jetty.io.ChannelEndPoint
       - filled 157 SelectChannelEndPoint@44e154aa{/127.0.0.1:52014&amp;lt;-&amp;gt;8080,Open,in,out,-,-,7/60000,HttpConnection}{io=0,kio=0,kro=1}
      
15:06:47.195 [qtp1105322512-35] DEBUG org.eclipse.jetty.http.HttpParser
       - parseNext s=START HeapByteBuffer@91a944cc[p=0,l=157,c=8192,r=157]={&amp;lt;&amp;lt;&amp;lt;GET
       /rest HTTP/1.... keep-alive\r\n\r\n&amp;gt;&amp;gt;&amp;gt;\r\n\x00\x00\x00\x00\x00\x00\x00\x00\x00\x00\x00\x00\x00\x00\x00...\x00\x00\x00\x00\x00\x00\x00\x00\x00\x00\x00\x00\x00\x00\x00}
      
15:06:47.195 [qtp1105322512-35] DEBUG org.eclipse.jetty.http.HttpParser
       - START --&amp;gt; SPACE1
15:06:47.195 [qtp1105322512-35]
       DEBUG org.eclipse.jetty.http.HttpParser - SPACE1 --&amp;gt;
       URI
15:06:47.195 [qtp1105322512-35] DEBUG org.eclipse.jetty.http.HttpParser
       - URI --&amp;gt; SPACE2
15:06:47.195 [qtp1105322512-35] DEBUG
       org.eclipse.jetty.http.HttpParser - SPACE2 --&amp;gt; REQUEST_VERSION
      
15:06:47.195 [qtp1105322512-35] DEBUG org.eclipse.jetty.http.HttpParser
       - REQUEST_VERSION --&amp;gt; HEADER
15:06:47.195 [qtp1105322512-35]
       DEBUG org.eclipse.jetty.http.HttpParser - HEADER --&amp;gt;
       HEADER_VALUE
15:06:47.195 [qtp1105322512-35] DEBUG org.eclipse.jetty.http.HttpParser
       - HEADER_VALUE --&amp;gt; HEADER_IN_VALUE
15:06:47.196 [qtp1105322512-35]
       DEBUG org.eclipse.jetty.http.HttpParser - HEADER_IN_VALUE
       --&amp;gt; HEADER
15:06:47.196 [qtp1105322512-35] DEBUG org.eclipse.jetty.http.HttpParser
       - HEADER --&amp;gt; HEADER_VALUE
15:06:47.196 [qtp1105322512-35]
       DEBUG org.eclipse.jetty.http.HttpParser - HEADER_VALUE --&amp;gt;
       HEADER_IN_VALUE
15:06:47.196 [qtp1105322512-35] DEBUG org.eclipse.jetty.http.HttpParser
       - HEADER_IN_VALUE --&amp;gt; HEADER
15:06:47.196 [qtp1105322512-35]
       DEBUG org.eclipse.jetty.http.HttpParser - HEADER --&amp;gt;
       HEADER_VALUE
15:06:47.196 [qtp1105322512-35] DEBUG org.eclipse.jetty.http.HttpParser
       - HEADER_VALUE --&amp;gt; HEADER_IN_VALUE
15:06:47.196 [qtp1105322512-35]
       DEBUG org.eclipse.jetty.http.HttpParser - HEADER_IN_VALUE
       --&amp;gt; HEADER
15:06:47.196 [qtp1105322512-35] DEBUG org.eclipse.jetty.http.HttpParser
       - HEADER --&amp;gt; HEADER_IN_VALUE
15:06:47.196 [qtp1105322512-35]
       DEBUG org.eclipse.jetty.http.HttpParser - HEADER_IN_VALUE
       --&amp;gt; HEADER
15:06:47.196 [qtp1105322512-35] DEBUG org.eclipse.jetty.http.HttpParser
       - HEADER --&amp;gt; END
15:06:47.196 [qtp1105322512-35] DEBUG
       org.eclipse.jetty.server.HttpChannel - HttpChannelOverHttp@49070ec4{r=1,c=false,a=IDLE,uri=-}
       messageComplete
15:06:47.196 [qtp1105322512-35] DEBUG org.eclipse.jetty.server.HttpInput
       - HttpInputOverHTTP@32ab1dd6 EOF
15:06:47.196 [qtp1105322512-35]
       DEBUG org.eclipse.jetty.server.HttpChannel - HttpChannelOverHttp@49070ec4{r=1,c=false,a=IDLE,uri=-}
       handle enter
15:06:47.196 [qtp1105322512-35 - /rest] DEBUG
       o.e.jetty.server.HttpChannelState - HttpChannelState@4e4dfcf0{s=IDLE
       i=true a=null} handling IDLE
15:06:47.197 [qtp1105322512-35
       - /rest] DEBUG org.eclipse.jetty.server.HttpChannel - HttpChannelOverHttp@49070ec4{r=1,c=false,a=DISPATCHED,uri=/rest}
       action REQUEST_DISPATCH
15:06:47.197 [qtp1105322512-35 -
       /rest] DEBUG org.eclipse.jetty.server.Server - REQUEST GET
       /rest on HttpChannelOverHttp@49070ec4{r=1,c=false,a=DISPATCHED,uri=/rest}
      
15:06:47.197 [qtp1105322512-35 - /rest] DEBUG o.e.j.server.handler.ContextHandler
       - scope null||/rest @ o.e.j.s.ServletContextHandler@6f46426d{/,null,AVAILABLE}
      
15:06:47.197 [qtp1105322512-35 - /rest] DEBUG o.e.j.server.handler.ContextHandler
       - context=||/rest @ o.e.j.s.ServletContextHandler@6f46426d{/,null,AVAILABLE}
      
15:06:47.197 [qtp1105322512-35 - /rest] DEBUG org.eclipse.jetty.server.session
       - sessionManager=org.eclipse.jetty.server.session.HashSessionManager@32ee6fee
      
15:06:47.197 [qtp1105322512-35 - /rest] DEBUG org.eclipse.jetty.server.session
       - session=null
15:06:47.197 [qtp1105322512-35 - /rest] DEBUG
       o.e.jetty.servlet.ServletHandler - servlet ||/rest -&amp;gt;
       org.apache.felix.http.base.internal.DispatcherServlet-4738a206@cebacce0==org.apache.felix.http.base.internal.DispatcherServlet,-1,true
      
15:06:47.197 [qtp1105322512-35 - /rest] DEBUG o.e.jetty.servlet.ServletHandler
       - chain=null
15:06:47.197 [qtp1105322512-35 - /rest] DEBUG
       o.e.jetty.server.HttpConnection - org.eclipse.jetty.server.HttpConnection$SendCallback@7f4423b6[PROCESSING][i=ResponseInfo{HTTP/1.1
       404 null,282,false},cb=org.eclipse.jetty.server.HttpChannel$CommitCallback@696743c3]
       generate: NEED_HEADER (null,[p=0,l=282,c=2048,r=282],true)@START
      
15:06:47.198 [qtp1105322512-35 - /rest] DEBUG o.e.jetty.server.HttpConnection
       - org.eclipse.jetty.server.HttpConnection$SendCallback@7f4423b6[PROCESSING][i=ResponseInfo{HTTP/1.1
       404 null,282,false},cb=org.eclipse.jetty.server.HttpChannel$CommitCallback@696743c3]
       generate: FLUSH ([p=0,l=249,c=16384,r=249],[p=0,l=282,c=2048,r=282],true)@COMPLETING
      
15:06:47.198 [qtp1105322512-35 - /rest] DEBUG org.eclipse.jetty.io.WriteFlusher
       - write: WriteFlusher@152fea4f{IDLE} [HeapByteBuffer@f0c9c0a4[p=0,l=249,c=16384,r=249]={&amp;lt;&amp;lt;&amp;lt;HTTP/1.1
       404 Not ....v20150224)\r\n\r\n&amp;gt;&amp;gt;&amp;gt;y(9.2.9.v20150224...\x00\x00\x00\x00\x00\x00\x00\x00\x00\x00\x00\x00\x00\x00\x00},HeapByteBuffer@52c4c0c0[p=0,l=282,c=2048,r=282]={&amp;lt;&amp;lt;&amp;lt;&amp;lt;html&amp;gt;\n&amp;lt;head&amp;gt;\n&amp;lt;me.../body&amp;gt;\n&amp;lt;/html&amp;gt;\n&amp;gt;&amp;gt;&amp;gt;\x00\x00\x00\x00\x00\x00\x00\x00\x00\x00\x00\x00\x00\x00\x00\x00\x00...\x00\x00\x00\x00\x00\x00\x00\x00\x00\x00\x00\x00\x00\x00\x00}]
      
15:06:47.198 [qtp1105322512-35 - /rest] DEBUG org.eclipse.jetty.io.WriteFlusher
       - update WriteFlusher@152fea4f{WRITING}:IDLE--&amp;gt;WRITING
      
15:06:47.200 [qtp1105322512-37-acceptor-0@59402b8f-ServerConnector@6892b3b6{HTTP/1.1}{0.0.0.0:8080}]
       DEBUG org.eclipse.jetty.io.SelectorManager - Queued change
       org.eclipse.jetty.io.SelectorManager$ManagedSelector$Accept@32b3cde9
      
15:06:47.200 [qtp1105322512-33-selector-ServerConnectorManager@1530c739/0]
       DEBUG org.eclipse.jetty.io.SelectorManager - Selector loop
       woken up from select, 0/0 selected
15:06:47.200 [qtp1105322512-33-selector-ServerConnectorManager@1530c739/0]
       DEBUG org.eclipse.jetty.io.SelectorManager - Running change
       org.eclipse.jetty.io.SelectorManager$ManagedSelector$Accept@32b3cde9
      
15:06:47.200 [qtp1105322512-33-selector-ServerConnectorManager@1530c739/0]
       DEBUG o.eclipse.jetty.io.AbstractEndPoint - onOpen SelectChannelEndPoint@4fb37698{/127.0.0.1:52015&amp;lt;-&amp;gt;8080,Open,in,out,-,-,0/60000,null}{io=0,kio=0,kro=0}
      
15:06:47.200 [qtp1105322512-33-selector-ServerConnectorManager@1530c739/0]
       DEBUG org.eclipse.jetty.io.IdleTimeout - SelectChannelEndPoint@4fb37698{/127.0.0.1:52015&amp;lt;-&amp;gt;8080,Open,in,out,-,-,0/60000,null}{io=0,kio=0,kro=0}
       idle timeout check, elapsed: 0 ms, remaining: 60000 ms
15:06:47.201
       [qtp1105322512-33-selector-ServerConnectorManager@1530c739/0]
       DEBUG org.eclipse.jetty.server.HttpChannel - new HttpChannelOverHttp@43371e9d{r=0,c=false,a=IDLE,uri=-}
       -&amp;gt; SelectChannelEndPoint@4fb37698{/127.0.0.1:52015&amp;lt;-&amp;gt;8080,Open,in,out,-,-,0/60000,null}{io=0,kio=0,kro=0},null,HttpChannelState@3d41f395{s=IDLE
       i=true a=null}
15:06:47.201 [qtp1105322512-33-selector-ServerConnectorManager@1530c739/0]
       DEBUG o.e.jetty.server.HttpConnection - New HTTP Connection
       HttpConnection@45f326b3{IDLE}
15:06:47.201 [qtp1105322512-33-selector-ServerConnectorManager@1530c739/0]
       DEBUG o.e.jetty.io.AbstractConnection - onOpen HttpConnection@45f326b3{IDLE}
      
15:06:47.201 [qtp1105322512-33-selector-ServerConnectorManager@1530c739/0]
       DEBUG o.e.jetty.io.AbstractConnection - fillInterested HttpConnection@45f326b3{IDLE}
      
15:06:47.201 [qtp1105322512-33-selector-ServerConnectorManager@1530c739/0]
       DEBUG o.e.jetty.io.AbstractConnection - IDLE--&amp;gt;FILL_INTERESTED
       HttpConnection@45f326b3{FILL_INTERESTED}
15:06:47.201 [qtp1105322512-33-selector-ServerConnectorManager@1530c739/0]
       DEBUG o.e.jetty.io.SelectChannelEndPoint - Local interests
       updating 0 -&amp;gt; 1 for SelectChannelEndPoint@4fb37698{/127.0.0.1:52015&amp;lt;-&amp;gt;8080,Open,in,out,R,-,0/60000,HttpConnection}{io=1,kio=0,kro=0}
      
15:06:47.201 [qtp1105322512-33-selector-ServerConnectorManager@1530c739/0]
       DEBUG org.eclipse.jetty.io.SelectorManager - Running change
       org.eclipse.jetty.io.SelectChannelEndPoint$1@11a08f23
15:06:47.201
       [qtp1105322512-33-selector-ServerConnectorManager@1530c739/0]
       DEBUG o.e.jetty.io.SelectChannelEndPoint - Key interests updated
       0 -&amp;gt; 1 on SelectChannelEndPoint@4fb37698{/127.0.0.1:52015&amp;lt;-&amp;gt;8080,Open,in,out,R,-,0/60000,HttpConnection}{io=1,kio=1,kro=0}
      
15:06:47.201 [qtp1105322512-33-selector-ServerConnectorManager@1530c739/0]
       DEBUG org.eclipse.jetty.io.SelectorManager - Created SelectChannelEndPoint@4fb37698{/127.0.0.1:52015&amp;lt;-&amp;gt;8080,Open,in,out,R,-,0/60000,HttpConnection}{io=1,kio=1,kro=0}
      
15:06:47.202 [qtp1105322512-35 - /rest] DEBUG org.eclipse.jetty.io.ChannelEndPoint
       - flushed 531 SelectChannelEndPoint@44e154aa{/127.0.0.1:52014&amp;lt;-&amp;gt;8080,Open,in,out,-,W,7/60000,HttpConnection}{io=0,kio=0,kro=1}
      
15:06:47.202 [qtp1105322512-33-selector-ServerConnectorManager@1530c739/0]
       DEBUG org.eclipse.jetty.io.SelectorManager - Selector loop
       waiting on select
15:06:47.202 [qtp1105322512-35 - /rest]
       DEBUG org.eclipse.jetty.io.WriteFlusher - update WriteFlusher@152fea4f{IDLE}:WRITING--&amp;gt;IDLE
      
15:06:47.202 [qtp1105322512-33-selector-ServerConnectorManager@1530c739/0]
       DEBUG org.eclipse.jetty.io.SelectorManager - Selector loop
       woken up from select, 1/1 selected
15:06:47.202 [qtp1105322512-35
       - /rest] DEBUG o.e.jetty.server.HttpConnection - org.eclipse.jetty.server.HttpConnection$SendCallback@7f4423b6[PROCESSING][i=ResponseInfo{HTTP/1.1
       404 null,282,false},cb=org.eclipse.jetty.server.HttpChannel$CommitCallback@696743c3]
       generate: DONE ([p=249,l=249,c=16384,r=0],[p=282,l=282,c=2048,r=0],true)@END
      
15:06:47.202 [qtp1105322512-33-selector-ServerConnectorManager@1530c739/0]
       DEBUG o.e.jetty.io.SelectChannelEndPoint - Key interests updated
       1 -&amp;gt; 0 on SelectChannelEndPoint@4fb37698{/127.0.0.1:52015&amp;lt;-&amp;gt;8080,Open,in,out,R,-,1/60000,HttpConnection}{io=1,kio=0,kro=1}
      
15:06:47.202 [qtp1105322512-35 - /rest] DEBUG org.eclipse.jetty.server.Server
       - RESPONSE /rest  404 handled=true
15:06:47.202 [qtp1105322512-33-selector-ServerConnectorManager@1530c739/0]
       DEBUG o.e.jetty.io.SelectChannelEndPoint - Local interests
       updating 1 -&amp;gt; 0 for SelectChannelEndPoint@4fb37698{/127.0.0.1:52015&amp;lt;-&amp;gt;8080,Open,in,out,R,-,1/60000,HttpConnection}{io=0,kio=0,kro=1}
      
15:06:47.202 [qtp1105322512-35 - /rest] DEBUG o.e.jetty.server.HttpChannelState
       - HttpChannelState@4e4dfcf0{s=DISPATCHED i=true a=null} unhandle
       DISPATCHED
15:06:47.203 [qtp1105322512-33-selector-ServerConnectorManager@1530c739/0]
       DEBUG org.eclipse.jetty.io.SelectorManager - Running change
       org.eclipse.jetty.io.SelectChannelEndPoint$1@11a08f23
15:06:47.203
       [qtp1105322512-35 - /rest] DEBUG org.eclipse.jetty.http.HttpParser
       - reset HttpParser{s=END,0 of 0}
15:06:47.203 [qtp1105322512-35
       - /rest] DEBUG org.eclipse.jetty.http.HttpParser - END --&amp;gt;
       START
15:06:47.203 [qtp1105322512-33-selector-ServerConnectorManager@1530c739/0]
       DEBUG o.e.jetty.io.AbstractConnection - FILL_INTERESTED--&amp;gt;FILLING
       HttpConnection@45f326b3{FILLING}
15:06:47.203 [qtp1105322512-35]
       DEBUG org.eclipse.jetty.server.HttpChannel - HttpChannelOverHttp@49070ec4{r=1,c=false,a=IDLE,uri=-}
       handle exit, result COMPLETE
15:06:47.203 [qtp1105322512-33-selector-ServerConnectorManager@1530c739/0]
       DEBUG org.eclipse.jetty.io.SelectorManager - Selector loop
       waiting on select
15:06:47.203 [qtp1105322512-35] DEBUG org.eclipse.jetty.io.ChannelEndPoint
       - filled -1 SelectChannelEndPoint@44e154aa{/127.0.0.1:52014&amp;lt;-&amp;gt;8080,Open,in,out,-,-,1/60000,HttpConnection}{io=0,kio=0,kro=1}
      
15:06:47.203 [qtp1105322512-35] DEBUG org.eclipse.jetty.io.ChannelEndPoint
       - ishut SelectChannelEndPoint@44e154aa{/127.0.0.1:52014&amp;lt;-&amp;gt;8080,Open,in,out,-,-,1/60000,HttpConnection}{io=0,kio=0,kro=1}
      
15:06:47.203 [qtp1105322512-35] DEBUG org.eclipse.jetty.http.HttpParser
       - atEOF HttpParser{s=START,0 of -1}
15:06:47.203 [qtp1105322512-35]
       DEBUG org.eclipse.jetty.http.HttpParser - parseNext s=START
       HeapByteBuffer@1511d680[p=0,l=0,c=8192,r=0]={&amp;lt;&amp;lt;&amp;lt;&amp;gt;&amp;gt;&amp;gt;GET
       /servlet HTTP...\x00\x00\x00\x00\x00\x00\x00\x00\x00\x00\x00\x00\x00\x00\x00}
      
15:06:47.203 [qtp1105322512-35] DEBUG org.eclipse.jetty.http.HttpParser
       - START --&amp;gt; CLOSED
15:06:47.203 [qtp1105322512-35]
       DEBUG o.eclipse.jetty.io.AbstractEndPoint - onClose SelectChannelEndPoint@44e154aa{/127.0.0.1:52014&amp;lt;-&amp;gt;8080,CLOSED,ISHUT,out,-,-,1/60000,HttpConnection}{io=0,kio=0,kro=1}
      
15:06:47.203 [qtp1105322512-35] DEBUG org.eclipse.jetty.io.ChannelEndPoint
       - close SelectChannelEndPoint@44e154aa{/127.0.0.1:52014&amp;lt;-&amp;gt;8080,CLOSED,ISHUT,out,-,-,1/60000,HttpConnection}{io=0,kio=0,kro=1}
      
15:06:47.204 [qtp1105322512-35] DEBUG org.eclipse.jetty.io.SelectorManager
       - Destroyed SelectChannelEndPoint@44e154aa{/127.0.0.1:52014&amp;lt;-&amp;gt;8080,CLOSED,ISHUT,OSHUT,-,-,2/60000,HttpConnection}{io=0,kio=-1,kro=-1}
      
15:06:47.204 [qtp1105322512-35] DEBUG o.e.jetty.io.AbstractConnection
       - onClose HttpConnection@19503b6e{FILLING}
15:06:47.204 [qtp1105322512-35]
       DEBUG o.eclipse.jetty.io.AbstractEndPoint - onClose SelectChannelEndPoint@44e154aa{/127.0.0.1:52014&amp;lt;-&amp;gt;8080,CLOSED,ISHUT,OSHUT,-,-,2/60000,HttpConnection}{io=0,kio=-1,kro=-1}
      
15:06:47.204 [qtp1105322512-35] DEBUG o.e.jetty.io.AbstractConnection
       - FILLING--&amp;gt;IDLE HttpConnection@19503b6e{IDLE}
15:06:47.204
       [qtp1105322512-35] DEBUG o.e.jetty.server.HttpConnection -
       HttpConnection@45f326b3{FILLING} onFillable HttpChannelState@3d41f395{s=IDLE
       i=true a=null}
15:06:47.204 [qtp1105322512-35] DEBUG org.eclipse.jetty.io.ChannelEndPoint
       - filled 164 SelectChannelEndPoint@4fb37698{/127.0.0.1:52015&amp;lt;-&amp;gt;8080,Open,in,out,-,-,3/60000,HttpConnection}{io=0,kio=0,kro=1}
      
15:06:47.204 [qtp1105322512-35] DEBUG org.eclipse.jetty.http.HttpParser
       - parseNext s=START HeapByteBuffer@42736c[p=0,l=164,c=8192,r=164]={&amp;lt;&amp;lt;&amp;lt;GET
       /prefix/rest ... keep-alive\r\n\r\n&amp;gt;&amp;gt;&amp;gt;\x00\x00\x00\x00\x00\x00\x00\x00\x00\x00\x00\x00\x00\x00\x00\x00\x00...\x00\x00\x00\x00\x00\x00\x00\x00\x00\x00\x00\x00\x00\x00\x00}
      
15:06:47.204 [qtp1105322512-35] DEBUG org.eclipse.jetty.http.HttpParser
       - START --&amp;gt; SPACE1
15:06:47.204 [qtp1105322512-35]
       DEBUG org.eclipse.jetty.http.HttpParser - SPACE1 --&amp;gt;
       URI
15:06:47.204 [qtp1105322512-35] DEBUG org.eclipse.jetty.http.HttpParser
       - URI --&amp;gt; SPACE2
15:06:47.204 [qtp1105322512-35] DEBUG
       org.eclipse.jetty.http.HttpParser - SPACE2 --&amp;gt; REQUEST_VERSION
      
15:06:47.204 [qtp1105322512-35] DEBUG org.eclipse.jetty.http.HttpParser
       - REQUEST_VERSION --&amp;gt; HEADER
15:06:47.205 [qtp1105322512-35]
       DEBUG org.eclipse.jetty.http.HttpParser - HEADER --&amp;gt;
       HEADER_VALUE
15:06:47.205 [qtp1105322512-35] DEBUG org.eclipse.jetty.http.HttpParser
       - HEADER_VALUE --&amp;gt; HEADER_IN_VALUE
15:06:47.205 [qtp1105322512-35]
       DEBUG org.eclipse.jetty.http.HttpParser - HEADER_IN_VALUE
       --&amp;gt; HEADER
15:06:47.205 [qtp1105322512-35] DEBUG org.eclipse.jetty.http.HttpParser
       - HEADER --&amp;gt; HEADER_VALUE
15:06:47.205 [qtp1105322512-35]
       DEBUG org.eclipse.jetty.http.HttpParser - HEADER_VALUE --&amp;gt;
       HEADER_IN_VALUE
15:06:47.205 [qtp1105322512-35] DEBUG org.eclipse.jetty.http.HttpParser
       - HEADER_IN_VALUE --&amp;gt; HEADER
15:06:47.205 [qtp1105322512-35]
       DEBUG org.eclipse.jetty.http.HttpParser - HEADER --&amp;gt;
       HEADER_VALUE
15:06:47.205 [qtp1105322512-35] DEBUG org.eclipse.jetty.http.HttpParser
       - HEADER_VALUE --&amp;gt; HEADER_IN_VALUE
15:06:47.205 [qtp1105322512-35]
       DEBUG org.eclipse.jetty.http.HttpParser - HEADER_IN_VALUE
       --&amp;gt; HEADER
15:06:47.205 [qtp1105322512-35] DEBUG org.eclipse.jetty.http.HttpParser
       - HEADER --&amp;gt; HEADER_IN_VALUE
15:06:47.205 [qtp1105322512-35]
       DEBUG org.eclipse.jetty.http.HttpParser - HEADER_IN_VALUE
       --&amp;gt; HEADER
15:06:47.205 [qtp1105322512-35] DEBUG org.eclipse.jetty.http.HttpParser
       - HEADER --&amp;gt; END
15:06:47.205 [qtp1105322512-35] DEBUG
       org.eclipse.jetty.server.HttpChannel - HttpChannelOverHttp@43371e9d{r=1,c=false,a=IDLE,uri=-}
       messageComplete
15:06:47.206 [qtp1105322512-35] DEBUG org.eclipse.jetty.server.HttpInput
       - HttpInputOverHTTP@7f800091 EOF
15:06:47.206 [qtp1105322512-35]
       DEBUG org.eclipse.jetty.server.HttpChannel - HttpChannelOverHttp@43371e9d{r=1,c=false,a=IDLE,uri=-}
       handle enter
15:06:47.206 [qtp1105322512-35 - /prefix/rest]
       DEBUG o.e.jetty.server.HttpChannelState - HttpChannelState@3d41f395{s=IDLE
       i=true a=null} handling IDLE
15:06:47.206 [qtp1105322512-35
       - /prefix/rest] DEBUG org.eclipse.jetty.server.HttpChannel
       - HttpChannelOverHttp@43371e9d{r=1,c=false,a=DISPATCHED,uri=/prefix/rest}
       action REQUEST_DISPATCH
15:06:47.206 [qtp1105322512-35 -
       /prefix/rest] DEBUG org.eclipse.jetty.server.Server - REQUEST
       GET /prefix/rest on HttpChannelOverHttp@43371e9d{r=1,c=false,a=DISPATCHED,uri=/prefix/rest}
      
15:06:47.206 [qtp1105322512-35 - /prefix/rest] DEBUG o.e.j.server.handler.ContextHandler
       - scope null||/prefix/rest @ o.e.j.s.ServletContextHandler@6f46426d{/,null,AVAILABLE}
      
15:06:47.206 [qtp1105322512-35 - /prefix/rest] DEBUG o.e.j.server.handler.ContextHandler
       - context=||/prefix/rest @ o.e.j.s.ServletContextHandler@6f46426d{/,null,AVAILABLE}
      
15:06:47.206 [qtp1105322512-35 - /prefix/rest] DEBUG org.eclipse.jetty.server.session
       - sessionManager=org.eclipse.jetty.server.session.HashSessionManager@32ee6fee
      
15:06:47.206 [qtp1105322512-35 - /prefix/rest] DEBUG org.eclipse.jetty.server.session
       - session=null
15:06:47.206 [qtp1105322512-35 - /prefix/rest]
       DEBUG o.e.jetty.servlet.ServletHandler - servlet ||/prefix/rest
       -&amp;gt; org.apache.felix.http.base.internal.DispatcherServlet-4738a206@cebacce0==org.apache.felix.http.base.internal.DispatcherServlet,-1,true
      
15:06:47.206 [qtp1105322512-35 - /prefix/rest] DEBUG o.e.jetty.servlet.ServletHandler
       - chain=null
15:06:47.233 [qtp1105322512-35 - /prefix/rest]
       DEBUG o.e.jetty.server.HttpConnection - org.eclipse.jetty.server.HttpConnection$SendCallback@2e694aa[PROCESSING][i=ResponseInfo{HTTP/1.1
       200 null,-1,false},cb=org.eclipse.jetty.server.HttpChannel$CommitCallback@4aabfd4f]
       generate: NEED_HEADER (null,[p=0,l=4,c=24576,r=4],false)@START
      
15:06:47.233 [qtp1105322512-35 - /prefix/rest] DEBUG o.e.jetty.server.HttpConnection
       - org.eclipse.jetty.server.HttpConnection$SendCallback@2e694aa[PROCESSING][i=ResponseInfo{HTTP/1.1
       200 null,-1,false},cb=org.eclipse.jetty.server.HttpChannel$CommitCallback@4aabfd4f]
       generate: FLUSH ([p=0,l=183,c=16384,r=183],[p=0,l=4,c=24576,r=4],false)@COMMITTED
      
15:06:47.235 [qtp1105322512-35 - /prefix/rest] DEBUG org.eclipse.jetty.io.WriteFlusher
       - write: WriteFlusher@112de675{IDLE} [HeapByteBuffer@57fcf169[p=0,l=183,c=16384,r=183]={&amp;lt;&amp;lt;&amp;lt;HTTP/1.1
       200 OK\r\n...0150224)\r\n\r\n4\r\n&amp;gt;&amp;gt;&amp;gt;:
       Jetty(9.2.9.v20...\x00\x00\x00\x00\x00\x00\x00\x00\x00\x00\x00\x00\x00\x00\x00},HeapByteBuffer@fe9265dd[p=0,l=4,c=24576,r=4]={&amp;lt;&amp;lt;&amp;lt;rest&amp;gt;&amp;gt;&amp;gt;let\r\n\x00\x00\x00\x00\x00\x00\x00\x00\x00\x00\x00\x00...\x00\x00\x00\x00\x00\x00\x00\x00\x00\x00\x00\x00\x00\x00\x00}]
      
15:06:47.236 [qtp1105322512-35 - /prefix/rest] DEBUG org.eclipse.jetty.io.WriteFlusher
       - update WriteFlusher@112de675{WRITING}:IDLE--&amp;gt;WRITING
      
15:06:47.237 [qtp1105322512-35 - /prefix/rest] DEBUG org.eclipse.jetty.io.ChannelEndPoint
       - flushed 187 SelectChannelEndPoint@4fb37698{/127.0.0.1:52015&amp;lt;-&amp;gt;8080,Open,in,out,-,W,33/60000,HttpConnection}{io=0,kio=0,kro=1}
      
15:06:47.237 [qtp1105322512-35 - /prefix/rest] DEBUG org.eclipse.jetty.io.WriteFlusher
       - update WriteFlusher@112de675{IDLE}:WRITING--&amp;gt;IDLE
      
15:06:47.237 [qtp1105322512-35 - /prefix/rest] DEBUG o.e.jetty.server.HttpConnection
       - org.eclipse.jetty.server.HttpConnection$SendCallback@2e694aa[PROCESSING][i=ResponseInfo{HTTP/1.1
       200 null,-1,false},cb=org.eclipse.jetty.server.HttpChannel$CommitCallback@4aabfd4f]
       generate: DONE ([p=183,l=183,c=16384,r=0],[p=4,l=4,c=24576,r=0],false)@COMMITTED
      
15:06:47.238 [qtp1105322512-35 - /prefix/rest] DEBUG org.eclipse.jetty.server.Server
       - RESPONSE /prefix/rest  200 handled=true
15:06:47.238 [qtp1105322512-35
       - /prefix/rest] DEBUG o.e.jetty.server.HttpChannelState -
       HttpChannelState@3d41f395{s=DISPATCHED i=true a=null} unhandle
       DISPATCHED
15:06:47.238 [qtp1105322512-35 - /prefix/rest]
       DEBUG o.e.jetty.server.HttpConnection - org.eclipse.jetty.server.HttpConnection$SendCallback@2e694aa[PROCESSING][i=null,cb=Blocker@547bf04e{null}]
       generate: CONTINUE (null,[p=0,l=0,c=0,r=0],true)@COMPLETING
      
15:06:47.238 [qtp1105322512-35 - /prefix/rest] DEBUG o.e.jetty.server.HttpConnection
       - org.eclipse.jetty.server.HttpConnection$SendCallback@2e694aa[PROCESSING][i=null,cb=Blocker@547bf04e{null}]
       generate: NEED_CHUNK (null,[p=0,l=0,c=0,r=0],true)@COMPLETING
      
15:06:47.238 [qtp1105322512-35 - /prefix/rest] DEBUG o.e.jetty.server.HttpConnection
       - org.eclipse.jetty.server.HttpConnection$SendCallback@2e694aa[PROCESSING][i=null,cb=Blocker@547bf04e{null}]
       generate: FLUSH (null,[p=0,l=0,c=0,r=0],true)@COMPLETING
      
15:06:47.238 [qtp1105322512-35 - /prefix/rest] DEBUG org.eclipse.jetty.io.WriteFlusher
       - write: WriteFlusher@112de675{IDLE} [HeapByteBuffer@6239c7f4[p=0,l=7,c=1024,r=7]={&amp;lt;&amp;lt;&amp;lt;\r\n0\r\n\r\n&amp;gt;&amp;gt;&amp;gt;\x00\x00\x00\x00\x00\x00\x00\x00\x00\x00\x00\x00\x00\x00\x00\x00\x00...\x00\x00\x00\x00\x00\x00\x00\x00\x00\x00\x00\x00\x00\x00\x00}]
      
15:06:47.238 [qtp1105322512-35 - /prefix/rest] DEBUG org.eclipse.jetty.io.WriteFlusher
       - update WriteFlusher@112de675{WRITING}:IDLE--&amp;gt;WRITING
      
15:06:47.239 [qtp1105322512-35 - /prefix/rest] DEBUG org.eclipse.jetty.io.ChannelEndPoint
       - flushed 7 SelectChannelEndPoint@4fb37698{/127.0.0.1:52015&amp;lt;-&amp;gt;8080,Open,in,out,-,W,1/60000,HttpConnection}{io=0,kio=0,kro=1}
      
15:06:47.239 [qtp1105322512-35 - /prefix/rest] DEBUG org.eclipse.jetty.io.WriteFlusher
       - update WriteFlusher@112de675{IDLE}:WRITING--&amp;gt;IDLE
      
15:06:47.239 [qtp1105322512-35 - /prefix/rest] DEBUG o.e.jetty.server.HttpConnection
       - org.eclipse.jetty.server.HttpConnection$SendCallback@2e694aa[PROCESSING][i=null,cb=Blocker@547bf04e{null}]
       generate: DONE (null,[p=0,l=0,c=0,r=0],true)@END
15:06:47.239
       [qtp1105322512-35 - /prefix/rest] DEBUG org.eclipse.jetty.http.HttpParser
       - reset HttpParser{s=END,0 of 0}
15:06:47.239 [qtp1105322512-35
       - /prefix/rest] DEBUG org.eclipse.jetty.http.HttpParser -
       END --&amp;gt; START
15:06:47.239 [qtp1105322512-35] DEBUG
       org.eclipse.jetty.server.HttpChannel - HttpChannelOverHttp@43371e9d{r=1,c=false,a=IDLE,uri=-}
       handle exit, result COMPLETE
15:06:47.239 [qtp1105322512-35]
       DEBUG org.eclipse.jetty.io.ChannelEndPoint - filled 0 SelectChannelEndPoint@4fb37698{/127.0.0.1:52015&amp;lt;-&amp;gt;8080,Open,in,out,-,-,0/60000,HttpConnection}{io=0,kio=0,kro=1}
      
15:06:47.239 [qtp1105322512-35] DEBUG org.eclipse.jetty.io.ChannelEndPoint
       - filled 0 SelectChannelEndPoint@4fb37698{/127.0.0.1:52015&amp;lt;-&amp;gt;8080,Open,in,out,-,-,0/60000,HttpConnection}{io=0,kio=0,kro=1}
      
15:06:47.239 [qtp1105322512-35] DEBUG org.eclipse.jetty.http.HttpParser
       - parseNext s=START HeapByteBuffer@1511d680[p=0,l=0,c=8192,r=0]={&amp;lt;&amp;lt;&amp;lt;&amp;gt;&amp;gt;&amp;gt;GET
       /servlet HTTP...\x00\x00\x00\x00\x00\x00\x00\x00\x00\x00\x00\x00\x00\x00\x00}
      
15:06:47.239 [qtp1105322512-35] DEBUG o.e.jetty.io.AbstractConnection
       - fillInterested HttpConnection@45f326b3{FILLING}
15:06:47.239
       [qtp1105322512-35] DEBUG o.e.jetty.io.AbstractConnection -
       FILLING--&amp;gt;FILLING_FILL_INTERESTED HttpConnection@45f326b3{FILLING_FILL_INTERESTED}
      
15:06:47.239 [qtp1105322512-35] DEBUG o.e.jetty.io.AbstractConnection
       - FILLING_FILL_INTERESTED--&amp;gt;FILL_INTERESTED HttpConnection@45f326b3{FILL_INTERESTED}
      
15:06:47.240 [qtp1105322512-35] DEBUG o.e.jetty.io.SelectChannelEndPoint
       - Local interests updating 0 -&amp;gt; 1 for SelectChannelEndPoint@4fb37698{/127.0.0.1:52015&amp;lt;-&amp;gt;8080,Open,in,out,R,-,0/60000,HttpConnection}{io=1,kio=0,kro=1}
      
15:06:47.240 [qtp1105322512-35] DEBUG org.eclipse.jetty.io.SelectorManager
       - Running change org.eclipse.jetty.io.SelectChannelEndPoint$1@11a08f23
      
15:06:47.240 [qtp1105322512-35] DEBUG o.e.jetty.io.SelectChannelEndPoint
       - Key interests updated 0 -&amp;gt; 1 on SelectChannelEndPoint@4fb37698{/127.0.0.1:52015&amp;lt;-&amp;gt;8080,Open,in,out,R,-,1/60000,HttpConnection}{io=1,kio=1,kro=1}
      
15:06:47.241 [qtp1105322512-33-selector-ServerConnectorManager@1530c739/0]
       DEBUG org.eclipse.jetty.io.SelectorManager - Selector loop
       woken up from select, 0/1 selected
15:06:47.241 [qtp1105322512-33-selector-ServerConnectorManager@1530c739/0]
       DEBUG org.eclipse.jetty.io.SelectorManager - Selector loop
       waiting on select
15:06:47.241 [qtp1105322512-33-selector-ServerConnectorManager@1530c739/0]
       DEBUG org.eclipse.jetty.io.SelectorManager - Selector loop
       woken up from select, 1/1 selected
15:06:47.242 [qtp1105322512-33-selector-ServerConnectorManager@1530c739/0]
       DEBUG o.e.jetty.io.SelectChannelEndPoint - Key interests updated
       1 -&amp;gt; 0 on SelectChannelEndPoint@4fb37698{/127.0.0.1:52015&amp;lt;-&amp;gt;8080,Open,in,out,R,-,3/60000,HttpConnection}{io=1,kio=0,kro=1}
      
15:06:47.243 [qtp1105322512-33-selector-ServerConnectorManager@1530c739/0]
       DEBUG o.e.jetty.io.SelectChannelEndPoint - Local interests
       updating 1 -&amp;gt; 0 for SelectChannelEndPoint@4fb37698{/127.0.0.1:52015&amp;lt;-&amp;gt;8080,Open,in,out,R,-,4/60000,HttpConnection}{io=0,kio=0,kro=1}
      
15:06:47.243 [qtp1105322512-33-selector-ServerConnectorManager@1530c739/0]
       DEBUG org.eclipse.jetty.io.SelectorManager - Running change
       org.eclipse.jetty.io.SelectChannelEndPoint$1@11a08f23
15:06:47.243
       [qtp1105322512-33-selector-ServerConnectorManager@1530c739/0]
       DEBUG o.e.jetty.io.AbstractConnection - FILL_INTERESTED--&amp;gt;FILLING
       HttpConnection@45f326b3{FILLING}
15:06:47.243 [qtp1105322512-33-selector-ServerConnectorManager@1530c739/0]
       DEBUG org.eclipse.jetty.io.SelectorManager - Selector loop
       waiting on select
15:06:47.243 [qtp1105322512-32] DEBUG o.e.jetty.server.HttpConnection
       - HttpConnection@45f326b3{FILLING} onFillable HttpChannelState@3d41f395{s=IDLE
       i=true a=null}
15:06:47.243 [qtp1105322512-32] DEBUG org.eclipse.jetty.io.ChannelEndPoint
       - filled -1 SelectChannelEndPoint@4fb37698{/127.0.0.1:52015&amp;lt;-&amp;gt;8080,Open,in,out,-,-,4/60000,HttpConnection}{io=0,kio=0,kro=1}
      
15:06:47.243 [qtp1105322512-32] DEBUG org.eclipse.jetty.io.ChannelEndPoint
       - ishut SelectChannelEndPoint@4fb37698{/127.0.0.1:52015&amp;lt;-&amp;gt;8080,Open,in,out,-,-,4/60000,HttpConnection}{io=0,kio=0,kro=1}
      
15:06:47.243 [qtp1105322512-32] DEBUG org.eclipse.jetty.http.HttpParser
       - atEOF HttpParser{s=START,0 of -1}
15:06:47.244 [qtp1105322512-32]
       DEBUG org.eclipse.jetty.http.HttpParser - parseNext s=START
       HeapByteBuffer@42736c[p=0,l=0,c=8192,r=0]={&amp;lt;&amp;lt;&amp;lt;&amp;gt;&amp;gt;&amp;gt;GET
       /prefix/rest ...\x00\x00\x00\x00\x00\x00\x00\x00\x00\x00\x00\x00\x00\x00\x00}
      
15:06:47.244 [qtp1105322512-32] DEBUG org.eclipse.jetty.http.HttpParser
       - START --&amp;gt; CLOSED
15:06:47.244 [qtp1105322512-32]
       DEBUG o.eclipse.jetty.io.AbstractEndPoint - onClose SelectChannelEndPoint@4fb37698{/127.0.0.1:52015&amp;lt;-&amp;gt;8080,CLOSED,ISHUT,out,-,-,5/60000,HttpConnection}{io=0,kio=0,kro=1}
      
15:06:47.244 [qtp1105322512-32] DEBUG org.eclipse.jetty.io.ChannelEndPoint
       - close SelectChannelEndPoint@4fb37698{/127.0.0.1:52015&amp;lt;-&amp;gt;8080,CLOSED,ISHUT,out,-,-,5/60000,HttpConnection}{io=0,kio=0,kro=1}
      
15:06:47.244 [qtp1105322512-32] DEBUG org.eclipse.jetty.io.SelectorManager
       - Destroyed SelectChannelEndPoint@4fb37698{/127.0.0.1:52015&amp;lt;-&amp;gt;8080,CLOSED,ISHUT,OSHUT,-,-,5/60000,HttpConnection}{io=0,kio=-1,kro=-1}
      
15:06:47.244 [qtp1105322512-32] DEBUG o.e.jetty.io.AbstractConnection
       - onClose HttpConnection@45f326b3{FILLING}
15:06:47.244 [qtp1105322512-32]
       DEBUG o.eclipse.jetty.io.AbstractEndPoint - onClose SelectChannelEndPoint@4fb37698{/127.0.0.1:52015&amp;lt;-&amp;gt;8080,CLOSED,ISHUT,OSHUT,-,-,5/60000,HttpConnection}{io=0,kio=-1,kro=-1}
      
15:06:47.244 [qtp1105322512-32] DEBUG o.e.jetty.io.AbstractConnection
       - FILLING--&amp;gt;IDLE HttpConnection@45f326b3{IDLE}
15:06:47.245
       [qtp1105322512-37-acceptor-0@59402b8f-ServerConnector@6892b3b6{HTTP/1.1}{0.0.0.0:8080}]
       DEBUG org.eclipse.jetty.io.SelectorManager - Queued change
       org.eclipse.jetty.io.SelectorManager$ManagedSelector$Accept@58b6efac
      
15:06:47.245 [qtp1105322512-34-selector-ServerConnectorManager@1530c739/1]
       DEBUG org.eclipse.jetty.io.SelectorManager - Selector loop
       woken up from select, 0/0 selected
15:06:47.245 [qtp1105322512-34-selector-ServerConnectorManager@1530c739/1]
       DEBUG org.eclipse.jetty.io.SelectorManager - Running change
       org.eclipse.jetty.io.SelectorManager$ManagedSelector$Accept@58b6efac
      
15:06:47.245 [qtp1105322512-34-selector-ServerConnectorManager@1530c739/1]
       DEBUG o.eclipse.jetty.io.AbstractEndPoint - onOpen SelectChannelEndPoint@751ffac{/127.0.0.1:52016&amp;lt;-&amp;gt;8080,Open,in,out,-,-,0/60000,null}{io=0,kio=0,kro=0}
      
15:06:47.245 [qtp1105322512-34-selector-ServerConnectorManager@1530c739/1]
       DEBUG org.eclipse.jetty.io.IdleTimeout - SelectChannelEndPoint@751ffac{/127.0.0.1:52016&amp;lt;-&amp;gt;8080,Open,in,out,-,-,0/60000,null}{io=0,kio=0,kro=0}
       idle timeout check, elapsed: 0 ms, remaining: 60000 ms
15:06:47.245
       [qtp1105322512-34-selector-ServerConnectorManager@1530c739/1]
       DEBUG org.eclipse.jetty.server.HttpChannel - new HttpChannelOverHttp@1f422f63{r=0,c=false,a=IDLE,uri=-}
       -&amp;gt; SelectChannelEndPoint@751ffac{/127.0.0.1:52016&amp;lt;-&amp;gt;8080,Open,in,out,-,-,0/60000,null}{io=0,kio=0,kro=0},null,HttpChannelState@1b5b1949{s=IDLE
       i=true a=null}
15:06:47.246 [qtp1105322512-34-selector-ServerConnectorManager@1530c739/1]
       DEBUG o.e.jetty.server.HttpConnection - New HTTP Connection
       HttpConnection@6c19ca3c{IDLE}
15:06:47.246 [qtp1105322512-34-selector-ServerConnectorManager@1530c739/1]
       DEBUG o.e.jetty.io.AbstractConnection - onOpen HttpConnection@6c19ca3c{IDLE}
      
15:06:47.246 [qtp1105322512-34-selector-ServerConnectorManager@1530c739/1]
       DEBUG o.e.jetty.io.AbstractConnection - fillInterested HttpConnection@6c19ca3c{IDLE}
      
15:06:47.246 [qtp1105322512-34-selector-ServerConnectorManager@1530c739/1]
       DEBUG o.e.jetty.io.AbstractConnection - IDLE--&amp;gt;FILL_INTERESTED
       HttpConnection@6c19ca3c{FILL_INTERESTED}
15:06:47.246 [qtp1105322512-34-selector-ServerConnectorManager@1530c739/1]
       DEBUG o.e.jetty.io.SelectChannelEndPoint - Local interests
       updating 0 -&amp;gt; 1 for SelectChannelEndPoint@751ffac{/127.0.0.1:52016&amp;lt;-&amp;gt;8080,Open,in,out,R,-,0/60000,HttpConnection}{io=1,kio=0,kro=0}
      
15:06:47.246 [qtp1105322512-34-selector-ServerConnectorManager@1530c739/1]
       DEBUG org.eclipse.jetty.io.SelectorManager - Running change
       org.eclipse.jetty.io.SelectChannelEndPoint$1@64bdf48c
15:06:47.246
       [qtp1105322512-34-selector-ServerConnectorManager@1530c739/1]
       DEBUG o.e.jetty.io.SelectChannelEndPoint - Key interests updated
       0 -&amp;gt; 1 on SelectChannelEndPoint@751ffac{/127.0.0.1:52016&amp;lt;-&amp;gt;8080,Open,in,out,R,-,0/60000,HttpConnection}{io=1,kio=1,kro=0}
      
15:06:47.246 [qtp1105322512-34-selector-ServerConnectorManager@1530c739/1]
       DEBUG org.eclipse.jetty.io.SelectorManager - Created SelectChannelEndPoint@751ffac{/127.0.0.1:52016&amp;lt;-&amp;gt;8080,Open,in,out,R,-,0/60000,HttpConnection}{io=1,kio=1,kro=0}
      
15:06:47.246 [qtp1105322512-34-selector-ServerConnectorManager@1530c739/1]
       DEBUG org.eclipse.jetty.io.SelectorManager - Selector loop
       waiting on select
15:06:47.246 [qtp1105322512-34-selector-ServerConnectorManager@1530c739/1]
       DEBUG org.eclipse.jetty.io.SelectorManager - Selector loop
       woken up from select, 1/1 selected
15:06:47.246 [qtp1105322512-34-selector-ServerConnectorManager@1530c739/1]
       DEBUG o.e.jetty.io.SelectChannelEndPoint - Key interests updated
       1 -&amp;gt; 0 on SelectChannelEndPoint@751ffac{/127.0.0.1:52016&amp;lt;-&amp;gt;8080,Open,in,out,R,-,0/60000,HttpConnection}{io=1,kio=0,kro=1}
      
15:06:47.246 [qtp1105322512-34-selector-ServerConnectorManager@1530c739/1]
       DEBUG o.e.jetty.io.SelectChannelEndPoint - Local interests
       updating 1 -&amp;gt; 0 for SelectChannelEndPoint@751ffac{/127.0.0.1:52016&amp;lt;-&amp;gt;8080,Open,in,out,R,-,0/60000,HttpConnection}{io=0,kio=0,kro=1}
      
15:06:47.247 [qtp1105322512-34-selector-ServerConnectorManager@1530c739/1]
       DEBUG org.eclipse.jetty.io.SelectorManager - Running change
       org.eclipse.jetty.io.SelectChannelEndPoint$1@64bdf48c
15:06:47.247
       [qtp1105322512-34-selector-ServerConnectorManager@1530c739/1]
       DEBUG o.e.jetty.io.AbstractConnection - FILL_INTERESTED--&amp;gt;FILLING
       HttpConnection@6c19ca3c{FILLING}
15:06:47.247 [qtp1105322512-34-selector-ServerConnectorManager@1530c739/1]
       DEBUG org.eclipse.jetty.io.SelectorManager - Selector loop
       waiting on select
15:06:47.247 [qtp1105322512-38] DEBUG o.e.jetty.server.HttpConnection
       - HttpConnection@6c19ca3c{FILLING} onFillable HttpChannelState@1b5b1949{s=IDLE
       i=true a=null}
15:06:47.247 [qtp1105322512-38] DEBUG org.eclipse.jetty.io.ChannelEndPoint
       - filled 159 SelectChannelEndPoint@751ffac{/127.0.0.1:52016&amp;lt;-&amp;gt;8080,Open,in,out,-,-,1/60000,HttpConnection}{io=0,kio=0,kro=1}
      
15:06:47.247 [qtp1105322512-38] DEBUG org.eclipse.jetty.http.HttpParser
       - parseNext s=START HeapByteBuffer@6e2254ef[p=0,l=159,c=8192,r=159]={&amp;lt;&amp;lt;&amp;lt;GET
       /filter HTTP/... keep-alive\r\n\r\n&amp;gt;&amp;gt;&amp;gt;\n\x00\x00\x00\x00\x00\x00\x00\x00\x00\x00\x00\x00\x00\x00\x00\x00...\x00\x00\x00\x00\x00\x00\x00\x00\x00\x00\x00\x00\x00\x00\x00}
      
15:06:47.247 [qtp1105322512-38] DEBUG org.eclipse.jetty.http.HttpParser
       - START --&amp;gt; SPACE1
15:06:47.247 [qtp1105322512-38]
       DEBUG org.eclipse.jetty.http.HttpParser - SPACE1 --&amp;gt;
       URI
15:06:47.247 [qtp1105322512-38] DEBUG org.eclipse.jetty.http.HttpParser
       - URI --&amp;gt; SPACE2
15:06:47.247 [qtp1105322512-38] DEBUG
       org.eclipse.jetty.http.HttpParser - SPACE2 --&amp;gt; REQUEST_VERSION
      
15:06:47.247 [qtp1105322512-38] DEBUG org.eclipse.jetty.http.HttpParser
       - REQUEST_VERSION --&amp;gt; HEADER
15:06:47.248 [qtp1105322512-38]
       DEBUG org.eclipse.jetty.http.HttpParser - HEADER --&amp;gt;
       HEADER_VALUE
15:06:47.248 [qtp1105322512-38] DEBUG org.eclipse.jetty.http.HttpParser
       - HEADER_VALUE --&amp;gt; HEADER_IN_VALUE
15:06:47.248 [qtp1105322512-38]
       DEBUG org.eclipse.jetty.http.HttpParser - HEADER_IN_VALUE
       --&amp;gt; HEADER
15:06:47.248 [qtp1105322512-38] DEBUG org.eclipse.jetty.http.HttpParser
       - HEADER --&amp;gt; HEADER_VALUE
15:06:47.248 [qtp1105322512-38]
       DEBUG org.eclipse.jetty.http.HttpParser - HEADER_VALUE --&amp;gt;
       HEADER_IN_VALUE
15:06:47.248 [qtp1105322512-38] DEBUG org.eclipse.jetty.http.HttpParser
       - HEADER_IN_VALUE --&amp;gt; HEADER
15:06:47.248 [qtp1105322512-38]
       DEBUG org.eclipse.jetty.http.HttpParser - HEADER --&amp;gt;
       HEADER_VALUE
15:06:47.248 [qtp1105322512-38] DEBUG org.eclipse.jetty.http.HttpParser
       - HEADER_VALUE --&amp;gt; HEADER_IN_VALUE
15:06:47.248 [qtp1105322512-38]
       DEBUG org.eclipse.jetty.http.HttpParser - HEADER_IN_VALUE
       --&amp;gt; HEADER
15:06:47.248 [qtp1105322512-38] DEBUG org.eclipse.jetty.http.HttpParser
       - HEADER --&amp;gt; HEADER_IN_VALUE
15:06:47.248 [qtp1105322512-38]
       DEBUG org.eclipse.jetty.http.HttpParser - HEADER_IN_VALUE
       --&amp;gt; HEADER
15:06:47.248 [qtp1105322512-38] DEBUG org.eclipse.jetty.http.HttpParser
       - HEADER --&amp;gt; END
15:06:47.248 [qtp1105322512-38] DEBUG
       org.eclipse.jetty.server.HttpChannel - HttpChannelOverHttp@1f422f63{r=1,c=false,a=IDLE,uri=-}
       messageComplete
15:06:47.249 [qtp1105322512-38] DEBUG org.eclipse.jetty.server.HttpInput
       - HttpInputOverHTTP@28c21c3d EOF
15:06:47.249 [qtp1105322512-38]
       DEBUG org.eclipse.jetty.server.HttpChannel - HttpChannelOverHttp@1f422f63{r=1,c=false,a=IDLE,uri=-}
       handle enter
15:06:47.249 [qtp1105322512-38 - /filter] DEBUG
       o.e.jetty.server.HttpChannelState - HttpChannelState@1b5b1949{s=IDLE
       i=true a=null} handling IDLE
15:06:47.249 [qtp1105322512-38
       - /filter] DEBUG org.eclipse.jetty.server.HttpChannel - HttpChannelOverHttp@1f422f63{r=1,c=false,a=DISPATCHED,uri=/filter}
       action REQUEST_DISPATCH
15:06:47.249 [qtp1105322512-38 -
       /filter] DEBUG org.eclipse.jetty.server.Server - REQUEST GET
       /filter on HttpChannelOverHttp@1f422f63{r=1,c=false,a=DISPATCHED,uri=/filter}
      
15:06:47.249 [qtp1105322512-38 - /filter] DEBUG o.e.j.server.handler.ContextHandler
       - scope null||/filter @ o.e.j.s.ServletContextHandler@6f46426d{/,null,AVAILABLE}
      
15:06:47.249 [qtp1105322512-38 - /filter] DEBUG o.e.j.server.handler.ContextHandler
       - context=||/filter @ o.e.j.s.ServletContextHandler@6f46426d{/,null,AVAILABLE}
      
15:06:47.249 [qtp1105322512-38 - /filter] DEBUG org.eclipse.jetty.server.session
       - sessionManager=org.eclipse.jetty.server.session.HashSessionManager@32ee6fee
      
15:06:47.249 [qtp1105322512-38 - /filter] DEBUG org.eclipse.jetty.server.session
       - session=null
15:06:47.249 [qtp1105322512-38 - /filter]
       DEBUG o.e.jetty.servlet.ServletHandler - servlet ||/filter
       -&amp;gt; org.apache.felix.http.base.internal.DispatcherServlet-4738a206@cebacce0==org.apache.felix.http.base.internal.DispatcherServlet,-1,true
      
15:06:47.249 [qtp1105322512-38 - /filter] DEBUG o.e.jetty.servlet.ServletHandler
       - chain=null
15:06:47.250 [qtp1105322512-38 - /filter] DEBUG
       o.e.jetty.server.HttpConnection - org.eclipse.jetty.server.HttpConnection$SendCallback@6cadbdc0[PROCESSING][i=ResponseInfo{HTTP/1.1
       200 null,-1,false},cb=org.eclipse.jetty.server.HttpChannel$CommitCallback@1a6164b8]
       generate: NEED_HEADER (null,[p=0,l=6,c=24576,r=6],true)@START
      
15:06:47.250 [qtp1105322512-38 - /filter] DEBUG o.e.jetty.server.HttpConnection
       - org.eclipse.jetty.server.HttpConnection$SendCallback@6cadbdc0[PROCESSING][i=ResponseInfo{HTTP/1.1
       200 null,-1,false},cb=org.eclipse.jetty.server.HttpChannel$CommitCallback@1a6164b8]
       generate: FLUSH ([p=0,l=145,c=16384,r=145],[p=0,l=6,c=24576,r=6],true)@COMPLETING
      
15:06:47.250 [qtp1105322512-38 - /filter] DEBUG org.eclipse.jetty.io.WriteFlusher
       - write: WriteFlusher@7aecce46{IDLE} [HeapByteBuffer@df13fe7a[p=0,l=145,c=16384,r=145]={&amp;lt;&amp;lt;&amp;lt;HTTP/1.1
       200 OK\r\n....v20150224)\r\n\r\n&amp;gt;&amp;gt;&amp;gt;ered-By:
       Jetty(9....\x00\x00\x00\x00\x00\x00\x00\x00\x00\x00\x00\x00\x00\x00\x00},HeapByteBuffer@8efce948[p=0,l=6,c=24576,r=6]={&amp;lt;&amp;lt;&amp;lt;filter&amp;gt;&amp;gt;&amp;gt;t\r\n\x00\x00\x00\x00\x00\x00\x00\x00\x00\x00\x00\x00\x00\x00...\x00\x00\x00\x00\x00\x00\x00\x00\x00\x00\x00\x00\x00\x00\x00}]
      
15:06:47.250 [qtp1105322512-38 - /filter] DEBUG org.eclipse.jetty.io.WriteFlusher
       - update WriteFlusher@7aecce46{WRITING}:IDLE--&amp;gt;WRITING
      
15:06:47.253 [qtp1105322512-38 - /filter] DEBUG org.eclipse.jetty.io.ChannelEndPoint
       - flushed 151 SelectChannelEndPoint@751ffac{/127.0.0.1:52016&amp;lt;-&amp;gt;8080,Open,in,out,-,W,6/60000,HttpConnection}{io=0,kio=0,kro=1}
      
15:06:47.253 [qtp1105322512-38 - /filter] DEBUG org.eclipse.jetty.io.WriteFlusher
       - update WriteFlusher@7aecce46{IDLE}:WRITING--&amp;gt;IDLE
      
15:06:47.253 [qtp1105322512-38 - /filter] DEBUG o.e.jetty.server.HttpConnection
       - org.eclipse.jetty.server.HttpConnection$SendCallback@6cadbdc0[PROCESSING][i=ResponseInfo{HTTP/1.1
       200 null,-1,false},cb=org.eclipse.jetty.server.HttpChannel$CommitCallback@1a6164b8]
       generate: DONE ([p=145,l=145,c=16384,r=0],[p=6,l=6,c=24576,r=0],true)@END
      
15:06:47.253 [qtp1105322512-38 - /filter] DEBUG org.eclipse.jetty.server.Server
       - RESPONSE /filter  200 handled=true
15:06:47.253 [qtp1105322512-38
       - /filter] DEBUG o.e.jetty.server.HttpChannelState - HttpChannelState@1b5b1949{s=DISPATCHED
       i=true a=null} unhandle DISPATCHED
15:06:47.253 [qtp1105322512-38
       - /filter] DEBUG org.eclipse.jetty.http.HttpParser - reset
       HttpParser{s=END,0 of 0}
15:06:47.253 [qtp1105322512-38 -
       /filter] DEBUG org.eclipse.jetty.http.HttpParser - END --&amp;gt;
       START
15:06:47.253 [qtp1105322512-38] DEBUG org.eclipse.jetty.server.HttpChannel
       - HttpChannelOverHttp@1f422f63{r=1,c=false,a=IDLE,uri=-} handle
       exit, result COMPLETE
15:06:47.254 [qtp1105322512-38] DEBUG
       org.eclipse.jetty.io.ChannelEndPoint - filled -1 SelectChannelEndPoint@751ffac{/127.0.0.1:52016&amp;lt;-&amp;gt;8080,Open,in,out,-,-,1/60000,HttpConnection}{io=0,kio=0,kro=1}
      
15:06:47.254 [qtp1105322512-38] DEBUG org.eclipse.jetty.io.ChannelEndPoint
       - ishut SelectChannelEndPoint@751ffac{/127.0.0.1:52016&amp;lt;-&amp;gt;8080,Open,in,out,-,-,1/60000,HttpConnection}{io=0,kio=0,kro=1}
      
15:06:47.254 [qtp1105322512-38] DEBUG org.eclipse.jetty.http.HttpParser
       - atEOF HttpParser{s=START,0 of -1}
15:06:47.254 [qtp1105322512-38]
       DEBUG org.eclipse.jetty.http.HttpParser - parseNext s=START
       HeapByteBuffer@42736c[p=0,l=0,c=8192,r=0]={&amp;lt;&amp;lt;&amp;lt;&amp;gt;&amp;gt;&amp;gt;GET
       /prefix/rest ...\x00\x00\x00\x00\x00\x00\x00\x00\x00\x00\x00\x00\x00\x00\x00}
      
15:06:47.254 [qtp1105322512-38] DEBUG org.eclipse.jetty.http.HttpParser
       - START --&amp;gt; CLOSED
15:06:47.254 [qtp1105322512-38]
       DEBUG o.eclipse.jetty.io.AbstractEndPoint - onClose SelectChannelEndPoint@751ffac{/127.0.0.1:52016&amp;lt;-&amp;gt;8080,CLOSED,ISHUT,out,-,-,1/60000,HttpConnection}{io=0,kio=0,kro=1}
      
15:06:47.254 [qtp1105322512-38] DEBUG org.eclipse.jetty.io.ChannelEndPoint
       - close SelectChannelEndPoint@751ffac{/127.0.0.1:52016&amp;lt;-&amp;gt;8080,CLOSED,ISHUT,out,-,-,1/60000,HttpConnection}{io=0,kio=0,kro=1}
      
15:06:47.254 [qtp1105322512-38] DEBUG org.eclipse.jetty.io.SelectorManager
       - Destroyed SelectChannelEndPoint@751ffac{/127.0.0.1:52016&amp;lt;-&amp;gt;8080,CLOSED,ISHUT,OSHUT,-,-,1/60000,HttpConnection}{io=0,kio=-1,kro=-1}
      
15:06:47.254 [qtp1105322512-38] DEBUG o.e.jetty.io.AbstractConnection
       - onClose HttpConnection@6c19ca3c{FILLING}
15:06:47.254 [qtp1105322512-38]
       DEBUG o.eclipse.jetty.io.AbstractEndPoint - onClose SelectChannelEndPoint@751ffac{/127.0.0.1:52016&amp;lt;-&amp;gt;8080,CLOSED,ISHUT,OSHUT,-,-,1/60000,HttpConnection}{io=0,kio=-1,kro=-1}
      
15:06:47.255 [qtp1105322512-38] DEBUG o.e.jetty.io.AbstractConnection
       - FILLING--&amp;gt;IDLE HttpConnection@6c19ca3c{IDLE}
15:06:47.255
       [qtp1105322512-37-acceptor-0@59402b8f-ServerConnector@6892b3b6{HTTP/1.1}{0.0.0.0:8080}]
       DEBUG org.eclipse.jetty.io.SelectorManager - Queued change
       org.eclipse.jetty.io.SelectorManager$ManagedSelector$Accept@3af3d3c
      
15:06:47.255 [qtp1105322512-33-selector-ServerConnectorManager@1530c739/0]
       DEBUG org.eclipse.jetty.io.SelectorManager - Selector loop
       woken up from select, 0/0 selected
15:06:47.255 [qtp1105322512-33-selector-ServerConnectorManager@1530c739/0]
       DEBUG org.eclipse.jetty.io.SelectorManager - Running change
       org.eclipse.jetty.io.SelectorManager$ManagedSelector$Accept@3af3d3c
      
15:06:47.256 [qtp1105322512-33-selector-ServerConnectorManager@1530c739/0]
       DEBUG o.eclipse.jetty.io.AbstractEndPoint - onOpen SelectChannelEndPoint@587733f1{/127.0.0.1:52017&amp;lt;-&amp;gt;8080,Open,in,out,-,-,1/60000,null}{io=0,kio=0,kro=0}
      
15:06:47.256 [qtp1105322512-33-selector-ServerConnectorManager@1530c739/0]
       DEBUG org.eclipse.jetty.io.IdleTimeout - SelectChannelEndPoint@587733f1{/127.0.0.1:52017&amp;lt;-&amp;gt;8080,Open,in,out,-,-,1/60000,null}{io=0,kio=0,kro=0}
       idle timeout check, elapsed: 1 ms, remaining: 59999 ms
15:06:47.256
       [qtp1105322512-33-selector-ServerConnectorManager@1530c739/0]
       DEBUG org.eclipse.jetty.server.HttpChannel - new HttpChannelOverHttp@4ed40f2{r=0,c=false,a=IDLE,uri=-}
       -&amp;gt; SelectChannelEndPoint@587733f1{/127.0.0.1:52017&amp;lt;-&amp;gt;8080,Open,in,out,-,-,1/60000,null}{io=0,kio=0,kro=0},null,HttpChannelState@11a10edb{s=IDLE
       i=true a=null}
15:06:47.256 [qtp1105322512-33-selector-ServerConnectorManager@1530c739/0]
       DEBUG o.e.jetty.server.HttpConnection - New HTTP Connection
       HttpConnection@3ed50fdb{IDLE}
15:06:47.256 [qtp1105322512-33-selector-ServerConnectorManager@1530c739/0]
       DEBUG o.e.jetty.io.AbstractConnection - onOpen HttpConnection@3ed50fdb{IDLE}
      
15:06:47.256 [qtp1105322512-33-selector-ServerConnectorManager@1530c739/0]
       DEBUG o.e.jetty.io.AbstractConnection - fillInterested HttpConnection@3ed50fdb{IDLE}
      
15:06:47.256 [qtp1105322512-33-selector-ServerConnectorManager@1530c739/0]
       DEBUG o.e.jetty.io.AbstractConnection - IDLE--&amp;gt;FILL_INTERESTED
       HttpConnection@3ed50fdb{FILL_INTERESTED}
15:06:47.256 [qtp1105322512-33-selector-ServerConnectorManager@1530c739/0]
       DEBUG o.e.jetty.io.SelectChannelEndPoint - Local interests
       updating 0 -&amp;gt; 1 for SelectChannelEndPoint@587733f1{/127.0.0.1:52017&amp;lt;-&amp;gt;8080,Open,in,out,R,-,0/60000,HttpConnection}{io=1,kio=0,kro=0}
      
15:06:47.256 [qtp1105322512-33-selector-ServerConnectorManager@1530c739/0]
       DEBUG org.eclipse.jetty.io.SelectorManager - Running change
       org.eclipse.jetty.io.SelectChannelEndPoint$1@5fdc4b4b
15:06:47.257
       [qtp1105322512-33-selector-ServerConnectorManager@1530c739/0]
       DEBUG o.e.jetty.io.SelectChannelEndPoint - Key interests updated
       0 -&amp;gt; 1 on SelectChannelEndPoint@587733f1{/127.0.0.1:52017&amp;lt;-&amp;gt;8080,Open,in,out,R,-,0/60000,HttpConnection}{io=1,kio=1,kro=0}
      
15:06:47.257 [qtp1105322512-33-selector-ServerConnectorManager@1530c739/0]
       DEBUG org.eclipse.jetty.io.SelectorManager - Created SelectChannelEndPoint@587733f1{/127.0.0.1:52017&amp;lt;-&amp;gt;8080,Open,in,out,R,-,1/60000,HttpConnection}{io=1,kio=1,kro=0}
      
15:06:47.257 [qtp1105322512-33-selector-ServerConnectorManager@1530c739/0]
       DEBUG org.eclipse.jetty.io.SelectorManager - Selector loop
       waiting on select
15:06:47.257 [qtp1105322512-33-selector-ServerConnectorManager@1530c739/0]
       DEBUG org.eclipse.jetty.io.SelectorManager - Selector loop
       woken up from select, 1/1 selected
15:06:47.257 [qtp1105322512-33-selector-ServerConnectorManager@1530c739/0]
       DEBUG o.e.jetty.io.SelectChannelEndPoint - Key interests updated
       1 -&amp;gt; 0 on SelectChannelEndPoint@587733f1{/127.0.0.1:52017&amp;lt;-&amp;gt;8080,Open,in,out,R,-,1/60000,HttpConnection}{io=1,kio=0,kro=1}
      
15:06:47.257 [qtp1105322512-33-selector-ServerConnectorManager@1530c739/0]
       DEBUG o.e.jetty.io.SelectChannelEndPoint - Local interests
       updating 1 -&amp;gt; 0 for SelectChannelEndPoint@587733f1{/127.0.0.1:52017&amp;lt;-&amp;gt;8080,Open,in,out,R,-,1/60000,HttpConnection}{io=0,kio=0,kro=1}
      
15:06:47.257 [qtp1105322512-33-selector-ServerConnectorManager@1530c739/0]
       DEBUG org.eclipse.jetty.io.SelectorManager - Running change
       org.eclipse.jetty.io.SelectChannelEndPoint$1@5fdc4b4b
15:06:47.257
       [qtp1105322512-33-selector-ServerConnectorManager@1530c739/0]
       DEBUG o.e.jetty.io.AbstractConnection - FILL_INTERESTED--&amp;gt;FILLING
       HttpConnection@3ed50fdb{FILLING}
15:06:47.257 [qtp1105322512-33-selector-ServerConnectorManager@1530c739/0]
       DEBUG org.eclipse.jetty.io.SelectorManager - Selector loop
       waiting on select
15:06:47.257 [qtp1105322512-36] DEBUG o.e.jetty.server.HttpConnection
       - HttpConnection@3ed50fdb{FILLING} onFillable HttpChannelState@11a10edb{s=IDLE
       i=true a=null}
15:06:47.257 [qtp1105322512-36] DEBUG org.eclipse.jetty.io.ChannelEndPoint
       - filled 160 SelectChannelEndPoint@587733f1{/127.0.0.1:52017&amp;lt;-&amp;gt;8080,Open,in,out,-,-,1/60000,HttpConnection}{io=0,kio=0,kro=1}
      
15:06:47.258 [qtp1105322512-36] DEBUG org.eclipse.jetty.http.HttpParser
       - parseNext s=START HeapByteBuffer@1511d680[p=0,l=160,c=8192,r=160]={&amp;lt;&amp;lt;&amp;lt;GET
       /servlet HTTP... keep-alive\r\n\r\n&amp;gt;&amp;gt;&amp;gt;\x00\x00\x00\x00\x00\x00\x00\x00\x00\x00\x00\x00\x00\x00\x00\x00\x00...\x00\x00\x00\x00\x00\x00\x00\x00\x00\x00\x00\x00\x00\x00\x00}
      
15:06:47.258 [qtp1105322512-36] DEBUG org.eclipse.jetty.http.HttpParser
       - START --&amp;gt; SPACE1
15:06:47.258 [qtp1105322512-36]
       DEBUG org.eclipse.jetty.http.HttpParser - SPACE1 --&amp;gt;
       URI
15:06:47.258 [qtp1105322512-36] DEBUG org.eclipse.jetty.http.HttpParser
       - URI --&amp;gt; SPACE2
15:06:47.258 [qtp1105322512-36] DEBUG
       org.eclipse.jetty.http.HttpParser - SPACE2 --&amp;gt; REQUEST_VERSION
      
15:06:47.258 [qtp1105322512-36] DEBUG org.eclipse.jetty.http.HttpParser
       - REQUEST_VERSION --&amp;gt; HEADER
15:06:47.258 [qtp1105322512-36]
       DEBUG org.eclipse.jetty.http.HttpParser - HEADER --&amp;gt;
       HEADER_VALUE
15:06:47.258 [qtp1105322512-36] DEBUG org.eclipse.jetty.http.HttpParser
       - HEADER_VALUE --&amp;gt; HEADER_IN_VALUE
15:06:47.258 [qtp1105322512-36]
       DEBUG org.eclipse.jetty.http.HttpParser - HEADER_IN_VALUE
       --&amp;gt; HEADER
15:06:47.258 [qtp1105322512-36] DEBUG org.eclipse.jetty.http.HttpParser
       - HEADER --&amp;gt; HEADER_VALUE
15:06:47.258 [qtp1105322512-36]
       DEBUG org.eclipse.jetty.http.HttpParser - HEADER_VALUE --&amp;gt;
       HEADER_IN_VALUE
15:06:47.258 [qtp1105322512-36] DEBUG org.eclipse.jetty.http.HttpParser
       - HEADER_IN_VALUE --&amp;gt; HEADER
15:06:47.258 [qtp1105322512-36]
       DEBUG org.eclipse.jetty.http.HttpParser - HEADER --&amp;gt;
       HEADER_VALUE
15:06:47.258 [qtp1105322512-36] DEBUG org.eclipse.jetty.http.HttpParser
       - HEADER_VALUE --&amp;gt; HEADER_IN_VALUE
15:06:47.258 [qtp1105322512-36]
       DEBUG org.eclipse.jetty.http.HttpParser - HEADER_IN_VALUE
       --&amp;gt; HEADER
15:06:47.258 [qtp1105322512-36] DEBUG org.eclipse.jetty.http.HttpParser
       - HEADER --&amp;gt; HEADER_IN_VALUE
15:06:47.258 [qtp1105322512-36]
       DEBUG org.eclipse.jetty.http.HttpParser - HEADER_IN_VALUE
       --&amp;gt; HEADER
15:06:47.258 [qtp1105322512-36] DEBUG org.eclipse.jetty.http.HttpParser
       - HEADER --&amp;gt; END
15:06:47.258 [qtp1105322512-36] DEBUG
       org.eclipse.jetty.server.HttpChannel - HttpChannelOverHttp@4ed40f2{r=1,c=false,a=IDLE,uri=-}
       messageComplete
15:06:47.259 [qtp1105322512-36] DEBUG org.eclipse.jetty.server.HttpInput
       - HttpInputOverHTTP@4b4886fd EOF
15:06:47.259 [qtp1105322512-36]
       DEBUG org.eclipse.jetty.server.HttpChannel - HttpChannelOverHttp@4ed40f2{r=1,c=false,a=IDLE,uri=-}
       handle enter
15:06:47.259 [qtp1105322512-36 - /servlet] DEBUG
       o.e.jetty.server.HttpChannelState - HttpChannelState@11a10edb{s=IDLE
       i=true a=null} handling IDLE
15:06:47.259 [qtp1105322512-36
       - /servlet] DEBUG org.eclipse.jetty.server.HttpChannel - HttpChannelOverHttp@4ed40f2{r=1,c=false,a=DISPATCHED,uri=/servlet}
       action REQUEST_DISPATCH
15:06:47.259 [qtp1105322512-36 -
       /servlet] DEBUG org.eclipse.jetty.server.Server - REQUEST
       GET /servlet on HttpChannelOverHttp@4ed40f2{r=1,c=false,a=DISPATCHED,uri=/servlet}
      
15:06:47.259 [qtp1105322512-36 - /servlet] DEBUG o.e.j.server.handler.ContextHandler
       - scope null||/servlet @ o.e.j.s.ServletContextHandler@6f46426d{/,null,AVAILABLE}
      
15:06:47.259 [qtp1105322512-36 - /servlet] DEBUG o.e.j.server.handler.ContextHandler
       - context=||/servlet @ o.e.j.s.ServletContextHandler@6f46426d{/,null,AVAILABLE}
      
15:06:47.259 [qtp1105322512-36 - /servlet] DEBUG org.eclipse.jetty.server.session
       - sessionManager=org.eclipse.jetty.server.session.HashSessionManager@32ee6fee
      
15:06:47.259 [qtp1105322512-36 - /servlet] DEBUG org.eclipse.jetty.server.session
       - session=null
15:06:47.259 [qtp1105322512-36 - /servlet]
       DEBUG o.e.jetty.servlet.ServletHandler - servlet ||/servlet
       -&amp;gt; org.apache.felix.http.base.internal.DispatcherServlet-4738a206@cebacce0==org.apache.felix.http.base.internal.DispatcherServlet,-1,true
      
15:06:47.259 [qtp1105322512-36 - /servlet] DEBUG o.e.jetty.servlet.ServletHandler
       - chain=null
15:06:47.260 [qtp1105322512-36 - /servlet] DEBUG
       o.e.jetty.server.HttpConnection - org.eclipse.jetty.server.HttpConnection$SendCallback@1acd021f[PROCESSING][i=ResponseInfo{HTTP/1.1
       200 null,-1,false},cb=org.eclipse.jetty.server.HttpChannel$CommitCallback@3d575d69]
       generate: NEED_HEADER (null,[p=0,l=9,c=24576,r=9],true)@START
      
15:06:47.260 [qtp1105322512-36 - /servlet] DEBUG o.e.jetty.server.HttpConnection
       - org.eclipse.jetty.server.HttpConnection$SendCallback@1acd021f[PROCESSING][i=ResponseInfo{HTTP/1.1
       200 null,-1,false},cb=org.eclipse.jetty.server.HttpChannel$CommitCallback@3d575d69]
       generate: FLUSH ([p=0,l=145,c=16384,r=145],[p=0,l=9,c=24576,r=9],true)@COMPLETING
      
15:06:47.260 [qtp1105322512-36 - /servlet] DEBUG org.eclipse.jetty.io.WriteFlusher
       - write: WriteFlusher@51efcfb3{IDLE} [HeapByteBuffer@866613d7[p=0,l=145,c=16384,r=145]={&amp;lt;&amp;lt;&amp;lt;HTTP/1.1
       200 OK\r\n....v20150224)\r\n\r\n&amp;gt;&amp;gt;&amp;gt;ered-By:
       Jetty(9....\x00\x00\x00\x00\x00\x00\x00\x00\x00\x00\x00\x00\x00\x00\x00},HeapByteBuffer@fb534b1f[p=0,l=9,c=24576,r=9]={&amp;lt;&amp;lt;&amp;lt;servlet\r\n&amp;gt;&amp;gt;&amp;gt;\x00\x00\x00\x00\x00\x00\x00\x00\x00\x00\x00\x00\x00\x00\x00\x00\x00...\x00\x00\x00\x00\x00\x00\x00\x00\x00\x00\x00\x00\x00\x00\x00}]
      
15:06:47.260 [qtp1105322512-36 - /servlet] DEBUG org.eclipse.jetty.io.WriteFlusher
       - update WriteFlusher@51efcfb3{WRITING}:IDLE--&amp;gt;WRITING
      
15:06:47.260 [qtp1105322512-36 - /servlet] DEBUG org.eclipse.jetty.io.ChannelEndPoint
       - flushed 154 SelectChannelEndPoint@587733f1{/127.0.0.1:52017&amp;lt;-&amp;gt;8080,Open,in,out,-,W,3/60000,HttpConnection}{io=0,kio=0,kro=1}
      
15:06:47.261 [qtp1105322512-36 - /servlet] DEBUG org.eclipse.jetty.io.WriteFlusher
       - update WriteFlusher@51efcfb3{IDLE}:WRITING--&amp;gt;IDLE
      
15:06:47.261 [qtp1105322512-36 - /servlet] DEBUG o.e.jetty.server.HttpConnection
       - org.eclipse.jetty.server.HttpConnection$SendCallback@1acd021f[PROCESSING][i=ResponseInfo{HTTP/1.1
       200 null,-1,false},cb=org.eclipse.jetty.server.HttpChannel$CommitCallback@3d575d69]
       generate: DONE ([p=145,l=145,c=16384,r=0],[p=9,l=9,c=24576,r=0],true)@END
      
15:06:47.261 [qtp1105322512-36 - /servlet] DEBUG org.eclipse.jetty.server.Server
       - RESPONSE /servlet  200 handled=true
15:06:47.261 [qtp1105322512-36
       - /servlet] DEBUG o.e.jetty.server.HttpChannelState - HttpChannelState@11a10edb{s=DISPATCHED
       i=true a=null} unhandle DISPATCHED
15:06:47.261 [qtp1105322512-36
       - /servlet] DEBUG org.eclipse.jetty.http.HttpParser - reset
       HttpParser{s=END,0 of 0}
15:06:47.261 [qtp1105322512-36 -
       /servlet] DEBUG org.eclipse.jetty.http.HttpParser - END --&amp;gt;
       START
15:06:47.261 [qtp1105322512-36] DEBUG org.eclipse.jetty.server.HttpChannel
       - HttpChannelOverHttp@4ed40f2{r=1,c=false,a=IDLE,uri=-} handle
       exit, result COMPLETE
15:06:47.261 [qtp1105322512-36] DEBUG
       org.eclipse.jetty.io.ChannelEndPoint - filled 0 SelectChannelEndPoint@587733f1{/127.0.0.1:52017&amp;lt;-&amp;gt;8080,Open,in,out,-,-,0/60000,HttpConnection}{io=0,kio=0,kro=1}
      
15:06:47.261 [qtp1105322512-36] DEBUG org.eclipse.jetty.io.ChannelEndPoint
       - filled 0 SelectChannelEndPoint@587733f1{/127.0.0.1:52017&amp;lt;-&amp;gt;8080,Open,in,out,-,-,0/60000,HttpConnection}{io=0,kio=0,kro=1}
      
15:06:47.261 [qtp1105322512-36] DEBUG org.eclipse.jetty.http.HttpParser
       - parseNext s=START HeapByteBuffer@42736c[p=0,l=0,c=8192,r=0]={&amp;lt;&amp;lt;&amp;lt;&amp;gt;&amp;gt;&amp;gt;GET
       /prefix/rest ...\x00\x00\x00\x00\x00\x00\x00\x00\x00\x00\x00\x00\x00\x00\x00}
      
15:06:47.262 [qtp1105322512-36] DEBUG o.e.jetty.io.AbstractConnection
       - fillInterested HttpConnection@3ed50fdb{FILLING}
15:06:47.262
       [qtp1105322512-36] DEBUG o.e.jetty.io.AbstractConnection -
       FILLING--&amp;gt;FILLING_FILL_INTERESTED HttpConnection@3ed50fdb{FILLING_FILL_INTERESTED}
      
15:06:47.262 [qtp1105322512-36] DEBUG o.e.jetty.io.AbstractConnection
       - FILLING_FILL_INTERESTED--&amp;gt;FILL_INTERESTED HttpConnection@3ed50fdb{FILL_INTERESTED}
      
15:06:47.262 [qtp1105322512-36] DEBUG o.e.jetty.io.SelectChannelEndPoint
       - Local interests updating 0 -&amp;gt; 1 for SelectChannelEndPoint@587733f1{/127.0.0.1:52017&amp;lt;-&amp;gt;8080,Open,in,out,R,-,0/60000,HttpConnection}{io=1,kio=0,kro=1}
      
15:06:47.262 [qtp1105322512-36] DEBUG org.eclipse.jetty.io.SelectorManager
       - Running change org.eclipse.jetty.io.SelectChannelEndPoint$1@5fdc4b4b
      
15:06:47.262 [qtp1105322512-36] DEBUG o.e.jetty.io.SelectChannelEndPoint
       - Key interests updated 0 -&amp;gt; 1 on SelectChannelEndPoint@587733f1{/127.0.0.1:52017&amp;lt;-&amp;gt;8080,Open,in,out,R,-,0/60000,HttpConnection}{io=1,kio=1,kro=1}
      
15:06:47.262 [qtp1105322512-33-selector-ServerConnectorManager@1530c739/0]
       DEBUG org.eclipse.jetty.io.SelectorManager - Selector loop
       woken up from select, 0/1 selected
15:06:47.262 [qtp1105322512-33-selector-ServerConnectorManager@1530c739/0]
       DEBUG org.eclipse.jetty.io.SelectorManager - Selector loop
       waiting on select
15:06:47.264 [qtp1105322512-33-selector-ServerConnectorManager@1530c739/0]
       DEBUG org.eclipse.jetty.io.SelectorManager - Selector loop
       woken up from select, 1/1 selected
15:06:47.264 [qtp1105322512-33-selector-ServerConnectorManager@1530c739/0]
       DEBUG o.e.jetty.io.SelectChannelEndPoint - Key interests updated
       1 -&amp;gt; 0 on SelectChannelEndPoint@587733f1{/127.0.0.1:52017&amp;lt;-&amp;gt;8080,Open,in,out,R,-,2/60000,HttpConnection}{io=1,kio=0,kro=1}
      
15:06:47.264 [qtp1105322512-33-selector-ServerConnectorManager@1530c739/0]
       DEBUG o.e.jetty.io.SelectChannelEndPoint - Local interests
       updating 1 -&amp;gt; 0 for SelectChannelEndPoint@587733f1{/127.0.0.1:52017&amp;lt;-&amp;gt;8080,Open,in,out,R,-,2/60000,HttpConnection}{io=0,kio=0,kro=1}
      
15:06:47.264 [qtp1105322512-33-selector-ServerConnectorManager@1530c739/0]
       DEBUG org.eclipse.jetty.io.SelectorManager - Running change
       org.eclipse.jetty.io.SelectChannelEndPoint$1@5fdc4b4b
15:06:47.264
       [qtp1105322512-33-selector-ServerConnectorManager@1530c739/0]
       DEBUG o.e.jetty.io.AbstractConnection - FILL_INTERESTED--&amp;gt;FILLING
       HttpConnection@3ed50fdb{FILLING}
15:06:47.265 [qtp1105322512-33-selector-ServerConnectorManager@1530c739/0]
       DEBUG org.eclipse.jetty.io.SelectorManager - Selector loop
       waiting on select
15:06:47.265 [qtp1105322512-39] DEBUG o.e.jetty.server.HttpConnection
       - HttpConnection@3ed50fdb{FILLING} onFillable HttpChannelState@11a10edb{s=IDLE
       i=true a=null}
15:06:47.265 [qtp1105322512-39] DEBUG org.eclipse.jetty.io.ChannelEndPoint
       - filled -1 SelectChannelEndPoint@587733f1{/127.0.0.1:52017&amp;lt;-&amp;gt;8080,Open,in,out,-,-,3/60000,HttpConnection}{io=0,kio=0,kro=1}
      
15:06:47.265 [qtp1105322512-39] DEBUG org.eclipse.jetty.io.ChannelEndPoint
       - ishut SelectChannelEndPoint@587733f1{/127.0.0.1:52017&amp;lt;-&amp;gt;8080,Open,in,out,-,-,3/60000,HttpConnection}{io=0,kio=0,kro=1}
      
15:06:47.265 [qtp1105322512-39] DEBUG org.eclipse.jetty.http.HttpParser
       - atEOF HttpParser{s=START,0 of -1}
15:06:47.265 [qtp1105322512-39]
       DEBUG org.eclipse.jetty.http.HttpParser - parseNext s=START
       HeapByteBuffer@1511d680[p=0,l=0,c=8192,r=0]={&amp;lt;&amp;lt;&amp;lt;&amp;gt;&amp;gt;&amp;gt;GET
       /servlet HTTP...\x00\x00\x00\x00\x00\x00\x00\x00\x00\x00\x00\x00\x00\x00\x00}
      
15:06:47.265 [qtp1105322512-39] DEBUG org.eclipse.jetty.http.HttpParser
       - START --&amp;gt; CLOSED
15:06:47.265 [qtp1105322512-39]
       DEBUG o.eclipse.jetty.io.AbstractEndPoint - onClose SelectChannelEndPoint@587733f1{/127.0.0.1:52017&amp;lt;-&amp;gt;8080,CLOSED,ISHUT,out,-,-,3/60000,HttpConnection}{io=0,kio=0,kro=1}
      
15:06:47.265 [qtp1105322512-39] DEBUG org.eclipse.jetty.io.ChannelEndPoint
       - close SelectChannelEndPoint@587733f1{/127.0.0.1:52017&amp;lt;-&amp;gt;8080,CLOSED,ISHUT,out,-,-,3/60000,HttpConnection}{io=0,kio=0,kro=1}
      
15:06:47.265 [qtp1105322512-39] DEBUG org.eclipse.jetty.io.SelectorManager
       - Destroyed SelectChannelEndPoint@587733f1{/127.0.0.1:52017&amp;lt;-&amp;gt;8080,CLOSED,ISHUT,OSHUT,-,-,3/60000,HttpConnection}{io=0,kio=-1,kro=-1}
      
15:06:47.266 [qtp1105322512-37-acceptor-0@59402b8f-ServerConnector@6892b3b6{HTTP/1.1}{0.0.0.0:8080}]
       DEBUG org.eclipse.jetty.io.SelectorManager - Queued change
       org.eclipse.jetty.io.SelectorManager$ManagedSelector$Accept@1fe1a0df
      
15:06:47.266 [qtp1105322512-39] DEBUG o.e.jetty.io.AbstractConnection
       - onClose HttpConnection@3ed50fdb{FILLING}
15:06:47.267 [qtp1105322512-34-selector-ServerConnectorManager@1530c739/1]
       DEBUG org.eclipse.jetty.io.SelectorManager - Selector loop
       woken up from select, 0/0 selected
15:06:47.268 [qtp1105322512-39]
       DEBUG o.eclipse.jetty.io.AbstractEndPoint - onClose SelectChannelEndPoint@587733f1{/127.0.0.1:52017&amp;lt;-&amp;gt;8080,CLOSED,ISHUT,OSHUT,-,-,6/60000,HttpConnection}{io=0,kio=-1,kro=-1}
      
15:06:47.268 [qtp1105322512-34-selector-ServerConnectorManager@1530c739/1]
       DEBUG org.eclipse.jetty.io.SelectorManager - Running change
       org.eclipse.jetty.io.SelectorManager$ManagedSelector$Accept@1fe1a0df
      
15:06:47.268 [qtp1105322512-39] DEBUG o.e.jetty.io.AbstractConnection
       - FILLING--&amp;gt;IDLE HttpConnection@3ed50fdb{IDLE}
15:06:47.268
       [qtp1105322512-34-selector-ServerConnectorManager@1530c739/1]
       DEBUG o.eclipse.jetty.io.AbstractEndPoint - onOpen SelectChannelEndPoint@29d83b06{/127.0.0.1:52018&amp;lt;-&amp;gt;8080,Open,in,out,-,-,0/60000,null}{io=0,kio=0,kro=0}
      
15:06:47.269 [qtp1105322512-34-selector-ServerConnectorManager@1530c739/1]
       DEBUG org.eclipse.jetty.io.IdleTimeout - SelectChannelEndPoint@29d83b06{/127.0.0.1:52018&amp;lt;-&amp;gt;8080,Open,in,out,-,-,1/60000,null}{io=0,kio=0,kro=0}
       idle timeout check, elapsed: 1 ms, remaining: 59999 ms
15:06:47.269
       [qtp1105322512-34-selector-ServerConnectorManager@1530c739/1]
       DEBUG org.eclipse.jetty.server.HttpChannel - new HttpChannelOverHttp@b324c2b{r=0,c=false,a=IDLE,uri=-}
       -&amp;gt; SelectChannelEndPoint@29d83b06{/127.0.0.1:52018&amp;lt;-&amp;gt;8080,Open,in,out,-,-,1/60000,null}{io=0,kio=0,kro=0},null,HttpChannelState@a0c055{s=IDLE
       i=true a=null}
15:06:47.269 [qtp1105322512-34-selector-ServerConnectorManager@1530c739/1]
       DEBUG o.e.jetty.server.HttpConnection - New HTTP Connection
       HttpConnection@3da56680{IDLE}
15:06:47.269 [qtp1105322512-34-selector-ServerConnectorManager@1530c739/1]
       DEBUG o.e.jetty.io.AbstractConnection - onOpen HttpConnection@3da56680{IDLE}
      
15:06:47.269 [qtp1105322512-34-selector-ServerConnectorManager@1530c739/1]
       DEBUG o.e.jetty.io.AbstractConnection - fillInterested HttpConnection@3da56680{IDLE}
      
15:06:47.269 [qtp1105322512-34-selector-ServerConnectorManager@1530c739/1]
       DEBUG o.e.jetty.io.AbstractConnection - IDLE--&amp;gt;FILL_INTERESTED
       HttpConnection@3da56680{FILL_INTERESTED}
15:06:47.269 [qtp1105322512-34-selector-ServerConnectorManager@1530c739/1]
       DEBUG o.e.jetty.io.SelectChannelEndPoint - Local interests
       updating 0 -&amp;gt; 1 for SelectChannelEndPoint@29d83b06{/127.0.0.1:52018&amp;lt;-&amp;gt;8080,Open,in,out,R,-,0/60000,HttpConnection}{io=1,kio=0,kro=0}
      
15:06:47.269 [qtp1105322512-34-selector-ServerConnectorManager@1530c739/1]
       DEBUG org.eclipse.jetty.io.SelectorManager - Running change
       org.eclipse.jetty.io.SelectChannelEndPoint$1@55cd7a39
15:06:47.269
       [qtp1105322512-34-selector-ServerConnectorManager@1530c739/1]
       DEBUG o.e.jetty.io.SelectChannelEndPoint - Key interests updated
       0 -&amp;gt; 1 on SelectChannelEndPoint@29d83b06{/127.0.0.1:52018&amp;lt;-&amp;gt;8080,Open,in,out,R,-,0/60000,HttpConnection}{io=1,kio=1,kro=0}
      
15:06:47.270 [qtp1105322512-34-selector-ServerConnectorManager@1530c739/1]
       DEBUG org.eclipse.jetty.io.SelectorManager - Created SelectChannelEndPoint@29d83b06{/127.0.0.1:52018&amp;lt;-&amp;gt;8080,Open,in,out,R,-,1/60000,HttpConnection}{io=1,kio=1,kro=0}
      
15:06:47.270 [qtp1105322512-34-selector-ServerConnectorManager@1530c739/1]
       DEBUG org.eclipse.jetty.io.SelectorManager - Selector loop
       waiting on select
15:06:47.270 [qtp1105322512-34-selector-ServerConnectorManager@1530c739/1]
       DEBUG org.eclipse.jetty.io.SelectorManager - Selector loop
       woken up from select, 1/1 selected
15:06:47.270 [qtp1105322512-34-selector-ServerConnectorManager@1530c739/1]
       DEBUG o.e.jetty.io.SelectChannelEndPoint - Key interests updated
       1 -&amp;gt; 0 on SelectChannelEndPoint@29d83b06{/127.0.0.1:52018&amp;lt;-&amp;gt;8080,Open,in,out,R,-,1/60000,HttpConnection}{io=1,kio=0,kro=1}
      
15:06:47.270 [qtp1105322512-34-selector-ServerConnectorManager@1530c739/1]
       DEBUG o.e.jetty.io.SelectChannelEndPoint - Local interests
       updating 1 -&amp;gt; 0 for SelectChannelEndPoint@29d83b06{/127.0.0.1:52018&amp;lt;-&amp;gt;8080,Open,in,out,R,-,1/60000,HttpConnection}{io=0,kio=0,kro=1}
      
15:06:47.270 [qtp1105322512-34-selector-ServerConnectorManager@1530c739/1]
       DEBUG org.eclipse.jetty.io.SelectorManager - Running change
       org.eclipse.jetty.io.SelectChannelEndPoint$1@55cd7a39
15:06:47.270
       [qtp1105322512-34-selector-ServerConnectorManager@1530c739/1]
       DEBUG o.e.jetty.io.AbstractConnection - FILL_INTERESTED--&amp;gt;FILLING
       HttpConnection@3da56680{FILLING}
15:06:47.270 [qtp1105322512-34-selector-ServerConnectorManager@1530c739/1]
       DEBUG org.eclipse.jetty.io.SelectorManager - Selector loop
       waiting on select
15:06:47.280 [qtp1105322512-35] DEBUG o.e.jetty.server.HttpConnection
       - HttpConnection@3da56680{FILLING} onFillable HttpChannelState@a0c055{s=IDLE
       i=true a=null}
15:06:47.281 [qtp1105322512-35] DEBUG org.eclipse.jetty.io.ChannelEndPoint
       - filled 164 SelectChannelEndPoint@29d83b06{/127.0.0.1:52018&amp;lt;-&amp;gt;8080,Open,in,out,-,-,11/60000,HttpConnection}{io=0,kio=0,kro=1}
      
15:06:47.281 [qtp1105322512-35] DEBUG org.eclipse.jetty.http.HttpParser
       - parseNext s=START HeapByteBuffer@42736c[p=0,l=164,c=8192,r=164]={&amp;lt;&amp;lt;&amp;lt;GET
       /prefix/rest ... keep-alive\r\n\r\n&amp;gt;&amp;gt;&amp;gt;\x00\x00\x00\x00\x00\x00\x00\x00\x00\x00\x00\x00\x00\x00\x00\x00\x00...\x00\x00\x00\x00\x00\x00\x00\x00\x00\x00\x00\x00\x00\x00\x00}
      
15:06:47.281 [qtp1105322512-35] DEBUG org.eclipse.jetty.http.HttpParser
       - START --&amp;gt; SPACE1
15:06:47.281 [qtp1105322512-35]
       DEBUG org.eclipse.jetty.http.HttpParser - SPACE1 --&amp;gt;
       URI
15:06:47.281 [qtp1105322512-35] DEBUG org.eclipse.jetty.http.HttpParser
       - URI --&amp;gt; SPACE2
15:06:47.281 [qtp1105322512-35] DEBUG
       org.eclipse.jetty.http.HttpParser - SPACE2 --&amp;gt; REQUEST_VERSION
      
15:06:47.281 [qtp1105322512-35] DEBUG org.eclipse.jetty.http.HttpParser
       - REQUEST_VERSION --&amp;gt; HEADER
15:06:47.281 [qtp1105322512-35]
       DEBUG org.eclipse.jetty.http.HttpParser - HEADER --&amp;gt;
       HEADER_VALUE
15:06:47.281 [qtp1105322512-35] DEBUG org.eclipse.jetty.http.HttpParser
       - HEADER_VALUE --&amp;gt; HEADER_IN_VALUE
15:06:47.281 [qtp1105322512-35]
       DEBUG org.eclipse.jetty.http.HttpParser - HEADER_IN_VALUE
       --&amp;gt; HEADER
15:06:47.281 [qtp1105322512-35] DEBUG org.eclipse.jetty.http.HttpParser
       - HEADER --&amp;gt; HEADER_VALUE
15:06:47.281 [qtp1105322512-35]
       DEBUG org.eclipse.jetty.http.HttpParser - HEADER_VALUE --&amp;gt;
       HEADER_IN_VALUE
15:06:47.282 [qtp1105322512-35] DEBUG org.eclipse.jetty.http.HttpParser
       - HEADER_IN_VALUE --&amp;gt; HEADER
15:06:47.282 [qtp1105322512-35]
       DEBUG org.eclipse.jetty.http.HttpParser - HEADER --&amp;gt;
       HEADER_VALUE
15:06:47.282 [qtp1105322512-35] DEBUG org.eclipse.jetty.http.HttpParser
       - HEADER_VALUE --&amp;gt; HEADER_IN_VALUE
15:06:47.282 [qtp1105322512-35]
       DEBUG org.eclipse.jetty.http.HttpParser - HEADER_IN_VALUE
       --&amp;gt; HEADER
15:06:47.282 [qtp1105322512-35] DEBUG org.eclipse.jetty.http.HttpParser
       - HEADER --&amp;gt; HEADER_IN_VALUE
15:06:47.282 [qtp1105322512-35]
       DEBUG org.eclipse.jetty.http.HttpParser - HEADER_IN_VALUE
       --&amp;gt; HEADER
15:06:47.282 [qtp1105322512-35] DEBUG org.eclipse.jetty.http.HttpParser
       - HEADER --&amp;gt; END
15:06:47.282 [qtp1105322512-35] DEBUG
       org.eclipse.jetty.server.HttpChannel - HttpChannelOverHttp@b324c2b{r=1,c=false,a=IDLE,uri=-}
       messageComplete
15:06:47.282 [qtp1105322512-35] DEBUG org.eclipse.jetty.server.HttpInput
       - HttpInputOverHTTP@620e6daf EOF
15:06:47.282 [qtp1105322512-35]
       DEBUG org.eclipse.jetty.server.HttpChannel - HttpChannelOverHttp@b324c2b{r=1,c=false,a=IDLE,uri=-}
       handle enter
15:06:47.282 [qtp1105322512-35 - /prefix/rest]
       DEBUG o.e.jetty.server.HttpChannelState - HttpChannelState@a0c055{s=IDLE
       i=true a=null} handling IDLE
15:06:47.283 [qtp1105322512-35
       - /prefix/rest] DEBUG org.eclipse.jetty.server.HttpChannel
       - HttpChannelOverHttp@b324c2b{r=1,c=false,a=DISPATCHED,uri=/prefix/rest}
       action REQUEST_DISPATCH
15:06:47.283 [qtp1105322512-35 -
       /prefix/rest] DEBUG org.eclipse.jetty.server.Server - REQUEST
       GET /prefix/rest on HttpChannelOverHttp@b324c2b{r=1,c=false,a=DISPATCHED,uri=/prefix/rest}
      
15:06:47.283 [qtp1105322512-35 - /prefix/rest] DEBUG o.e.j.server.handler.ContextHandler
       - scope null||/prefix/rest @ o.e.j.s.ServletContextHandler@6f46426d{/,null,AVAILABLE}
      
15:06:47.283 [qtp1105322512-35 - /prefix/rest] DEBUG o.e.j.server.handler.ContextHandler
       - context=||/prefix/rest @ o.e.j.s.ServletContextHandler@6f46426d{/,null,AVAILABLE}
      
15:06:47.283 [qtp1105322512-35 - /prefix/rest] DEBUG org.eclipse.jetty.server.session
       - sessionManager=org.eclipse.jetty.server.session.HashSessionManager@32ee6fee
      
15:06:47.283 [qtp1105322512-35 - /prefix/rest] DEBUG org.eclipse.jetty.server.session
       - session=null
15:06:47.283 [qtp1105322512-35 - /prefix/rest]
       DEBUG o.e.jetty.servlet.ServletHandler - servlet ||/prefix/rest
       -&amp;gt; org.apache.felix.http.base.internal.DispatcherServlet-4738a206@cebacce0==org.apache.felix.http.base.internal.DispatcherServlet,-1,true
      
15:06:47.283 [qtp1105322512-35 - /prefix/rest] DEBUG o.e.jetty.servlet.ServletHandler
       - chain=null
15:06:47.284 [qtp1105322512-35 - /prefix/rest]
       DEBUG o.e.jetty.server.HttpConnection - org.eclipse.jetty.server.HttpConnection$SendCallback@77dab524[PROCESSING][i=ResponseInfo{HTTP/1.1
       200 null,-1,false},cb=org.eclipse.jetty.server.HttpChannel$CommitCallback@9baebe4]
       generate: NEED_HEADER (null,[p=0,l=4,c=24576,r=4],false)@START
      
15:06:47.284 [qtp1105322512-35 - /prefix/rest] DEBUG o.e.jetty.server.HttpConnection
       - org.eclipse.jetty.server.HttpConnection$SendCallback@77dab524[PROCESSING][i=ResponseInfo{HTTP/1.1
       200 null,-1,false},cb=org.eclipse.jetty.server.HttpChannel$CommitCallback@9baebe4]
       generate: FLUSH ([p=0,l=183,c=16384,r=183],[p=0,l=4,c=24576,r=4],false)@COMMITTED
      
15:06:47.284 [qtp1105322512-35 - /prefix/rest] DEBUG org.eclipse.jetty.io.WriteFlusher
       - write: WriteFlusher@248931d{IDLE} [HeapByteBuffer@57fcf169[p=0,l=183,c=16384,r=183]={&amp;lt;&amp;lt;&amp;lt;HTTP/1.1
       200 OK\r\n...0150224)\r\n\r\n4\r\n&amp;gt;&amp;gt;&amp;gt;:
       Jetty(9.2.9.v20...\x00\x00\x00\x00\x00\x00\x00\x00\x00\x00\x00\x00\x00\x00\x00},HeapByteBuffer@fe9265dd[p=0,l=4,c=24576,r=4]={&amp;lt;&amp;lt;&amp;lt;rest&amp;gt;&amp;gt;&amp;gt;let\r\n\x00\x00\x00\x00\x00\x00\x00\x00\x00\x00\x00\x00...\x00\x00\x00\x00\x00\x00\x00\x00\x00\x00\x00\x00\x00\x00\x00}]
      
15:06:47.284 [qtp1105322512-35 - /prefix/rest] DEBUG org.eclipse.jetty.io.WriteFlusher
       - update WriteFlusher@248931d{WRITING}:IDLE--&amp;gt;WRITING
      
15:06:47.285 [qtp1105322512-35 - /prefix/rest] DEBUG org.eclipse.jetty.io.ChannelEndPoint
       - flushed 187 SelectChannelEndPoint@29d83b06{/127.0.0.1:52018&amp;lt;-&amp;gt;8080,Open,in,out,-,W,3/60000,HttpConnection}{io=0,kio=0,kro=1}
      
15:06:47.285 [qtp1105322512-35 - /prefix/rest] DEBUG org.eclipse.jetty.io.WriteFlusher
       - update WriteFlusher@248931d{IDLE}:WRITING--&amp;gt;IDLE
      
15:06:47.285 [qtp1105322512-35 - /prefix/rest] DEBUG o.e.jetty.server.HttpConnection
       - org.eclipse.jetty.server.HttpConnection$SendCallback@77dab524[PROCESSING][i=ResponseInfo{HTTP/1.1
       200 null,-1,false},cb=org.eclipse.jetty.server.HttpChannel$CommitCallback@9baebe4]
       generate: DONE ([p=183,l=183,c=16384,r=0],[p=4,l=4,c=24576,r=0],false)@COMMITTED
      
15:06:47.285 [qtp1105322512-35 - /prefix/rest] DEBUG org.eclipse.jetty.server.Server
       - RESPONSE /prefix/rest  200 handled=true
15:06:47.285 [qtp1105322512-35
       - /prefix/rest] DEBUG o.e.jetty.server.HttpChannelState -
       HttpChannelState@a0c055{s=DISPATCHED i=true a=null} unhandle
       DISPATCHED
15:06:47.285 [qtp1105322512-35 - /prefix/rest]
       DEBUG o.e.jetty.server.HttpConnection - org.eclipse.jetty.server.HttpConnection$SendCallback@77dab524[PROCESSING][i=null,cb=Blocker@13bae5ee{null}]
       generate: CONTINUE (null,[p=0,l=0,c=0,r=0],true)@COMPLETING
      
15:06:47.286 [qtp1105322512-37-acceptor-0@59402b8f-ServerConnector@6892b3b6{HTTP/1.1}{0.0.0.0:8080}]
       DEBUG org.eclipse.jetty.io.SelectorManager - Queued change
       org.eclipse.jetty.io.SelectorManager$ManagedSelector$Accept@3391ea4f
      
15:06:47.287 [qtp1105322512-35 - /prefix/rest] DEBUG o.e.jetty.server.HttpConnection
       - org.eclipse.jetty.server.HttpConnection$SendCallback@77dab524[PROCESSING][i=null,cb=Blocker@13bae5ee{null}]
       generate: NEED_CHUNK (null,[p=0,l=0,c=0,r=0],true)@COMPLETING
      
15:06:47.287 [qtp1105322512-35 - /prefix/rest] DEBUG o.e.jetty.server.HttpConnection
       - org.eclipse.jetty.server.HttpConnection$SendCallback@77dab524[PROCESSING][i=null,cb=Blocker@13bae5ee{null}]
       generate: FLUSH (null,[p=0,l=0,c=0,r=0],true)@COMPLETING
      
15:06:47.287 [qtp1105322512-35 - /prefix/rest] DEBUG org.eclipse.jetty.io.WriteFlusher
       - write: WriteFlusher@248931d{IDLE} [HeapByteBuffer@6239c7f4[p=0,l=7,c=1024,r=7]={&amp;lt;&amp;lt;&amp;lt;\r\n0\r\n\r\n&amp;gt;&amp;gt;&amp;gt;\x00\x00\x00\x00\x00\x00\x00\x00\x00\x00\x00\x00\x00\x00\x00\x00\x00...\x00\x00\x00\x00\x00\x00\x00\x00\x00\x00\x00\x00\x00\x00\x00}]
      
15:06:47.288 [qtp1105322512-35 - /prefix/rest] DEBUG org.eclipse.jetty.io.WriteFlusher
       - update WriteFlusher@248931d{WRITING}:IDLE--&amp;gt;WRITING
      
15:06:47.288 [qtp1105322512-35 - /prefix/rest] DEBUG org.eclipse.jetty.io.ChannelEndPoint
       - flushed 7 SelectChannelEndPoint@29d83b06{/127.0.0.1:52018&amp;lt;-&amp;gt;8080,Open,in,out,-,W,3/60000,HttpConnection}{io=0,kio=0,kro=1}
      
15:06:47.288 [qtp1105322512-35 - /prefix/rest] DEBUG org.eclipse.jetty.io.WriteFlusher
       - update WriteFlusher@248931d{IDLE}:WRITING--&amp;gt;IDLE
      
15:06:47.288 [qtp1105322512-35 - /prefix/rest] DEBUG o.e.jetty.server.HttpConnection
       - org.eclipse.jetty.server.HttpConnection$SendCallback@77dab524[PROCESSING][i=null,cb=Blocker@13bae5ee{null}]
       generate: DONE (null,[p=0,l=0,c=0,r=0],true)@END
15:06:47.288
       [qtp1105322512-35 - /prefix/rest] DEBUG org.eclipse.jetty.http.HttpParser
       - reset HttpParser{s=END,0 of 0}
15:06:47.288 [qtp1105322512-35
       - /prefix/rest] DEBUG org.eclipse.jetty.http.HttpParser -
       END --&amp;gt; START
15:06:47.288 [qtp1105322512-35] DEBUG
       org.eclipse.jetty.server.HttpChannel - HttpChannelOverHttp@b324c2b{r=1,c=false,a=IDLE,uri=-}
       handle exit, result COMPLETE
15:06:47.289 [qtp1105322512-35]
       DEBUG org.eclipse.jetty.io.ChannelEndPoint - 
java.io.IOException:
       An established connection was aborted by the software in your
       host machine
	at sun.nio.ch.SocketDispatcher.read0(Native
       Method) ~[na:1.8.0_40]
	at sun.nio.ch.SocketDispatcher.read(Unknown
       Source) ~[na:1.8.0_40]
	at sun.nio.ch.IOUtil.readIntoNativeBuffer(Unknown
       Source) ~[na:1.8.0_40]
	at sun.nio.ch.IOUtil.read(Unknown
       Source) ~[na:1.8.0_40]
	at sun.nio.ch.SocketChannelImpl.read(Unknown
       Source) ~[na:1.8.0_40]
	at org.eclipse.jetty.io.ChannelEndPoint.fill(ChannelEndPoint.java:140)
       ~[na:na]
	at org.eclipse.jetty.server.HttpConnection.onFillable(HttpConnection.java:239)
       ~[na:na]
	at org.eclipse.jetty.io.AbstractConnection$2.run(AbstractConnection.java:540)
       ~[na:na]
	at org.eclipse.jetty.util.thread.QueuedThreadPool.runJob(QueuedThreadPool.java:635)
       ~[na:na]
	at org.eclipse.jetty.util.thread.QueuedThreadPool$3.run(QueuedThreadPool.java:555)
       ~[na:na]
	at java.lang.Thread.run(Unknown Source) ~[na:1.8.0_40]
      
15:06:47.290 [qtp1105322512-35] DEBUG org.eclipse.jetty.io.ChannelEndPoint
       - ishut SelectChannelEndPoint@29d83b06{/127.0.0.1:52018&amp;lt;-&amp;gt;8080,Open,in,out,-,-,2/60000,HttpConnection}{io=0,kio=0,kro=1}
      
15:06:47.290 [qtp1105322512-35] DEBUG org.eclipse.jetty.http.HttpParser
       - atEOF HttpParser{s=START,0 of -1}
15:06:47.290 [qtp1105322512-35]
       DEBUG org.eclipse.jetty.http.HttpParser - parseNext s=START
       HeapByteBuffer@1511d680[p=0,l=0,c=8192,r=0]={&amp;lt;&amp;lt;&amp;lt;&amp;gt;&amp;gt;&amp;gt;GET
       /servlet HTTP...\x00\x00\x00\x00\x00\x00\x00\x00\x00\x00\x00\x00\x00\x00\x00}
      
15:06:47.290 [qtp1105322512-35] DEBUG org.eclipse.jetty.http.HttpParser
       - START --&amp;gt; CLOSED
15:06:47.290 [qtp1105322512-35]
       DEBUG o.eclipse.jetty.io.AbstractEndPoint - onClose SelectChannelEndPoint@29d83b06{/127.0.0.1:52018&amp;lt;-&amp;gt;8080,CLOSED,ISHUT,out,-,-,2/60000,HttpConnection}{io=0,kio=0,kro=1}
      
15:06:47.290 [qtp1105322512-35] DEBUG org.eclipse.jetty.io.ChannelEndPoint
       - close SelectChannelEndPoint@29d83b06{/127.0.0.1:52018&amp;lt;-&amp;gt;8080,CLOSED,ISHUT,out,-,-,2/60000,HttpConnection}{io=0,kio=0,kro=1}
      
15:06:47.290 [qtp1105322512-35] DEBUG org.eclipse.jetty.io.SelectorManager
       - Destroyed SelectChannelEndPoint@29d83b06{/127.0.0.1:52018&amp;lt;-&amp;gt;8080,CLOSED,ISHUT,OSHUT,-,-,2/60000,HttpConnection}{io=0,kio=-1,kro=-1}
      
15:06:47.291 [qtp1105322512-35] DEBUG o.e.jetty.io.AbstractConnection
       - onClose HttpConnection@3da56680{FILLING}
15:06:47.291 [qtp1105322512-35]
       DEBUG o.eclipse.jetty.io.AbstractEndPoint - onClose SelectChannelEndPoint@29d83b06{/127.0.0.1:52018&amp;lt;-&amp;gt;8080,CLOSED,ISHUT,OSHUT,-,-,3/60000,HttpConnection}{io=0,kio=-1,kro=-1}
      
15:06:47.291 [qtp1105322512-35] DEBUG o.e.jetty.io.AbstractConnection
       - FILLING--&amp;gt;IDLE HttpConnection@3da56680{IDLE}
15:06:47.291
       [qtp1105322512-33-selector-ServerConnectorManager@1530c739/0]
       DEBUG org.eclipse.jetty.io.SelectorManager - Selector loop
       woken up from select, 0/0 selected
15:06:47.291 [qtp1105322512-33-selector-ServerConnectorManager@1530c739/0]
       DEBUG org.eclipse.jetty.io.SelectorManager - Running change
       org.eclipse.jetty.io.SelectorManager$ManagedSelector$Accept@3391ea4f
      
15:06:47.291 [qtp1105322512-33-selector-ServerConnectorManager@1530c739/0]
       DEBUG o.eclipse.jetty.io.AbstractEndPoint - onOpen SelectChannelEndPoint@28167db4{/127.0.0.1:52019&amp;lt;-&amp;gt;8080,Open,in,out,-,-,0/60000,null}{io=0,kio=0,kro=0}
      
15:06:47.291 [qtp1105322512-33-selector-ServerConnectorManager@1530c739/0]
       DEBUG org.eclipse.jetty.io.IdleTimeout - SelectChannelEndPoint@28167db4{/127.0.0.1:52019&amp;lt;-&amp;gt;8080,Open,in,out,-,-,0/60000,null}{io=0,kio=0,kro=0}
       idle timeout check, elapsed: 0 ms, remaining: 60000 ms
15:06:47.292
       [qtp1105322512-33-selector-ServerConnectorManager@1530c739/0]
       DEBUG org.eclipse.jetty.server.HttpChannel - new HttpChannelOverHttp@3eab14ba{r=0,c=false,a=IDLE,uri=-}
       -&amp;gt; SelectChannelEndPoint@28167db4{/127.0.0.1:52019&amp;lt;-&amp;gt;8080,Open,in,out,-,-,1/60000,null}{io=0,kio=0,kro=0},null,HttpChannelState@3909637{s=IDLE
       i=true a=null}
15:06:47.292 [qtp1105322512-33-selector-ServerConnectorManager@1530c739/0]
       DEBUG o.e.jetty.server.HttpConnection - New HTTP Connection
       HttpConnection@71eef03d{IDLE}
15:06:47.292 [qtp1105322512-33-selector-ServerConnectorManager@1530c739/0]
       DEBUG o.e.jetty.io.AbstractConnection - onOpen HttpConnection@71eef03d{IDLE}
      
15:06:47.292 [qtp1105322512-33-selector-ServerConnectorManager@1530c739/0]
       DEBUG o.e.jetty.io.AbstractConnection - fillInterested HttpConnection@71eef03d{IDLE}
      
15:06:47.292 [qtp1105322512-33-selector-ServerConnectorManager@1530c739/0]
       DEBUG o.e.jetty.io.AbstractConnection - IDLE--&amp;gt;FILL_INTERESTED
       HttpConnection@71eef03d{FILL_INTERESTED}
15:06:47.292 [qtp1105322512-33-selector-ServerConnectorManager@1530c739/0]
       DEBUG o.e.jetty.io.SelectChannelEndPoint - Local interests
       updating 0 -&amp;gt; 1 for SelectChannelEndPoint@28167db4{/127.0.0.1:52019&amp;lt;-&amp;gt;8080,Open,in,out,R,-,0/60000,HttpConnection}{io=1,kio=0,kro=0}
      
15:06:47.292 [qtp1105322512-33-selector-ServerConnectorManager@1530c739/0]
       DEBUG org.eclipse.jetty.io.SelectorManager - Running change
       org.eclipse.jetty.io.SelectChannelEndPoint$1@6a0ec869
15:06:47.292
       [qtp1105322512-33-selector-ServerConnectorManager@1530c739/0]
       DEBUG o.e.jetty.io.SelectChannelEndPoint - Key interests updated
       0 -&amp;gt; 1 on SelectChannelEndPoint@28167db4{/127.0.0.1:52019&amp;lt;-&amp;gt;8080,Open,in,out,R,-,0/60000,HttpConnection}{io=1,kio=1,kro=0}
      
15:06:47.292 [qtp1105322512-33-selector-ServerConnectorManager@1530c739/0]
       DEBUG org.eclipse.jetty.io.SelectorManager - Created SelectChannelEndPoint@28167db4{/127.0.0.1:52019&amp;lt;-&amp;gt;8080,Open,in,out,R,-,0/60000,HttpConnection}{io=1,kio=1,kro=0}
      
15:06:47.292 [qtp1105322512-33-selector-ServerConnectorManager@1530c739/0]
       DEBUG org.eclipse.jetty.io.SelectorManager - Selector loop
       waiting on select
15:06:47.293 [qtp1105322512-33-selector-ServerConnectorManager@1530c739/0]
       DEBUG org.eclipse.jetty.io.SelectorManager - Selector loop
       woken up from select, 1/1 selected
15:06:47.293 [qtp1105322512-33-selector-ServerConnectorManager@1530c739/0]
       DEBUG o.e.jetty.io.SelectChannelEndPoint - Key interests updated
       1 -&amp;gt; 0 on SelectChannelEndPoint@28167db4{/127.0.0.1:52019&amp;lt;-&amp;gt;8080,Open,in,out,R,-,1/60000,HttpConnection}{io=1,kio=0,kro=1}
      
15:06:47.293 [qtp1105322512-33-selector-ServerConnectorManager@1530c739/0]
       DEBUG o.e.jetty.io.SelectChannelEndPoint - Local interests
       updating 1 -&amp;gt; 0 for SelectChannelEndPoint@28167db4{/127.0.0.1:52019&amp;lt;-&amp;gt;8080,Open,in,out,R,-,1/60000,HttpConnection}{io=0,kio=0,kro=1}
      
15:06:47.293 [qtp1105322512-33-selector-ServerConnectorManager@1530c739/0]
       DEBUG org.eclipse.jetty.io.SelectorManager - Running change
       org.eclipse.jetty.io.SelectChannelEndPoint$1@6a0ec869
15:06:47.293
       [qtp1105322512-33-selector-ServerConnectorManager@1530c739/0]
       DEBUG o.e.jetty.io.AbstractConnection - FILL_INTERESTED--&amp;gt;FILLING
       HttpConnection@71eef03d{FILLING}
15:06:47.293 [qtp1105322512-33-selector-ServerConnectorManager@1530c739/0]
       DEBUG org.eclipse.jetty.io.SelectorManager - Selector loop
       waiting on select
15:06:47.293 [qtp1105322512-32] DEBUG o.e.jetty.server.HttpConnection
       - HttpConnection@71eef03d{FILLING} onFillable HttpChannelState@3909637{s=IDLE
       i=true a=null}
15:06:47.294 [qtp1105322512-32] DEBUG org.eclipse.jetty.io.ChannelEndPoint
       - filled 159 SelectChannelEndPoint@28167db4{/127.0.0.1:52019&amp;lt;-&amp;gt;8080,Open,in,out,-,-,1/60000,HttpConnection}{io=0,kio=0,kro=1}
      
15:06:47.294 [qtp1105322512-32] DEBUG org.eclipse.jetty.http.HttpParser
       - parseNext s=START HeapByteBuffer@a8cc5644[p=0,l=159,c=8192,r=159]={&amp;lt;&amp;lt;&amp;lt;GET
       /filter HTTP/... keep-alive\r\n\r\n&amp;gt;&amp;gt;&amp;gt;e\r\n\r\n\x00\x00\x00\x00\x00\x00\x00\x00\x00\x00\x00\x00...\x00\x00\x00\x00\x00\x00\x00\x00\x00\x00\x00\x00\x00\x00\x00}
      
15:06:47.294 [qtp1105322512-32] DEBUG org.eclipse.jetty.http.HttpParser
       - START --&amp;gt; SPACE1
15:06:47.294 [qtp1105322512-32]
       DEBUG org.eclipse.jetty.http.HttpParser - SPACE1 --&amp;gt;
       URI
15:06:47.294 [qtp1105322512-32] DEBUG org.eclipse.jetty.http.HttpParser
       - URI --&amp;gt; SPACE2
15:06:47.294 [qtp1105322512-32] DEBUG
       org.eclipse.jetty.http.HttpParser - SPACE2 --&amp;gt; REQUEST_VERSION
      
15:06:47.294 [qtp1105322512-32] DEBUG org.eclipse.jetty.http.HttpParser
       - REQUEST_VERSION --&amp;gt; HEADER
15:06:47.294 [qtp1105322512-32]
       DEBUG org.eclipse.jetty.http.HttpParser - HEADER --&amp;gt;
       HEADER_VALUE
15:06:47.294 [qtp1105322512-32] DEBUG org.eclipse.jetty.http.HttpParser
       - HEADER_VALUE --&amp;gt; HEADER_IN_VALUE
15:06:47.294 [qtp1105322512-32]
       DEBUG org.eclipse.jetty.http.HttpParser - HEADER_IN_VALUE
       --&amp;gt; HEADER
15:06:47.294 [qtp1105322512-32] DEBUG org.eclipse.jetty.http.HttpParser
       - HEADER --&amp;gt; HEADER_VALUE
15:06:47.294 [qtp1105322512-32]
       DEBUG org.eclipse.jetty.http.HttpParser - HEADER_VALUE --&amp;gt;
       HEADER_IN_VALUE
15:06:47.294 [qtp1105322512-32] DEBUG org.eclipse.jetty.http.HttpParser
       - HEADER_IN_VALUE --&amp;gt; HEADER
15:06:47.294 [qtp1105322512-32]
       DEBUG org.eclipse.jetty.http.HttpParser - HEADER --&amp;gt;
       HEADER_VALUE
15:06:47.294 [qtp1105322512-32] DEBUG org.eclipse.jetty.http.HttpParser
       - HEADER_VALUE --&amp;gt; HEADER_IN_VALUE
15:06:47.294 [qtp1105322512-32]
       DEBUG org.eclipse.jetty.http.HttpParser - HEADER_IN_VALUE
       --&amp;gt; HEADER
15:06:47.294 [qtp1105322512-32] DEBUG org.eclipse.jetty.http.HttpParser
       - HEADER --&amp;gt; HEADER_IN_VALUE
15:06:47.294 [qtp1105322512-32]
       DEBUG org.eclipse.jetty.http.HttpParser - HEADER_IN_VALUE
       --&amp;gt; HEADER
15:06:47.294 [qtp1105322512-32] DEBUG org.eclipse.jetty.http.HttpParser
       - HEADER --&amp;gt; END
15:06:47.294 [qtp1105322512-32] DEBUG
       org.eclipse.jetty.server.HttpChannel - HttpChannelOverHttp@3eab14ba{r=1,c=false,a=IDLE,uri=-}
       messageComplete
15:06:47.295 [qtp1105322512-32] DEBUG org.eclipse.jetty.server.HttpInput
       - HttpInputOverHTTP@19bdcebf EOF
15:06:47.295 [qtp1105322512-32]
       DEBUG org.eclipse.jetty.server.HttpChannel - HttpChannelOverHttp@3eab14ba{r=1,c=false,a=IDLE,uri=-}
       handle enter
15:06:47.295 [qtp1105322512-32 - /filter] DEBUG
       o.e.jetty.server.HttpChannelState - HttpChannelState@3909637{s=IDLE
       i=true a=null} handling IDLE
15:06:47.295 [qtp1105322512-32
       - /filter] DEBUG org.eclipse.jetty.server.HttpChannel - HttpChannelOverHttp@3eab14ba{r=1,c=false,a=DISPATCHED,uri=/filter}
       action REQUEST_DISPATCH
15:06:47.296 [qtp1105322512-32 -
       /filter] DEBUG org.eclipse.jetty.server.Server - REQUEST GET
       /filter on HttpChannelOverHttp@3eab14ba{r=1,c=false,a=DISPATCHED,uri=/filter}
      
15:06:47.296 [qtp1105322512-32 - /filter] DEBUG o.e.j.server.handler.ContextHandler
       - scope null||/filter @ o.e.j.s.ServletContextHandler@6f46426d{/,null,AVAILABLE}
      
15:06:47.296 [qtp1105322512-32 - /filter] DEBUG o.e.j.server.handler.ContextHandler
       - context=||/filter @ o.e.j.s.ServletContextHandler@6f46426d{/,null,AVAILABLE}
      
15:06:47.296 [qtp1105322512-32 - /filter] DEBUG org.eclipse.jetty.server.session
       - sessionManager=org.eclipse.jetty.server.session.HashSessionManager@32ee6fee
      
15:06:47.296 [qtp1105322512-32 - /filter] DEBUG org.eclipse.jetty.server.session
       - session=null
15:06:47.296 [qtp1105322512-32 - /filter]
       DEBUG o.e.jetty.servlet.ServletHandler - servlet ||/filter
       -&amp;gt; org.apache.felix.http.base.internal.DispatcherServlet-4738a206@cebacce0==org.apache.felix.http.base.internal.DispatcherServlet,-1,true
      
15:06:47.296 [qtp1105322512-32 - /filter] DEBUG o.e.jetty.servlet.ServletHandler
       - chain=null
15:06:47.296 [qtp1105322512-32 - /filter] DEBUG
       o.e.jetty.server.HttpConnection - org.eclipse.jetty.server.HttpConnection$SendCallback@6239ffac[PROCESSING][i=ResponseInfo{HTTP/1.1
       404 null,284,false},cb=org.eclipse.jetty.server.HttpChannel$CommitCallback@1b085d90]
       generate: NEED_HEADER (null,[p=0,l=284,c=2048,r=284],true)@START
      
15:06:47.296 [qtp1105322512-32 - /filter] DEBUG o.e.jetty.server.HttpConnection
       - org.eclipse.jetty.server.HttpConnection$SendCallback@6239ffac[PROCESSING][i=ResponseInfo{HTTP/1.1
       404 null,284,false},cb=org.eclipse.jetty.server.HttpChannel$CommitCallback@1b085d90]
       generate: FLUSH ([p=0,l=249,c=16384,r=249],[p=0,l=284,c=2048,r=284],true)@COMPLETING
      
15:06:47.297 [qtp1105322512-32 - /filter] DEBUG org.eclipse.jetty.io.WriteFlusher
       - write: WriteFlusher@50798be5{IDLE} [HeapByteBuffer@f94054e2[p=0,l=249,c=16384,r=249]={&amp;lt;&amp;lt;&amp;lt;HTTP/1.1
       404 Not ....v20150224)\r\n\r\n&amp;gt;&amp;gt;&amp;gt;y(9.2.9.v20150224...\x00\x00\x00\x00\x00\x00\x00\x00\x00\x00\x00\x00\x00\x00\x00},HeapByteBuffer@512e049c[p=0,l=284,c=2048,r=284]={&amp;lt;&amp;lt;&amp;lt;&amp;lt;html&amp;gt;\n&amp;lt;head&amp;gt;\n&amp;lt;me.../body&amp;gt;\n&amp;lt;/html&amp;gt;\n&amp;gt;&amp;gt;&amp;gt;\x00\x00\x00\x00\x00\x00\x00\x00\x00\x00\x00\x00\x00\x00\x00\x00\x00...\x00\x00\x00\x00\x00\x00\x00\x00\x00\x00\x00\x00\x00\x00\x00}]
      
15:06:47.297 [qtp1105322512-32 - /filter] DEBUG org.eclipse.jetty.io.WriteFlusher
       - update WriteFlusher@50798be5{WRITING}:IDLE--&amp;gt;WRITING
      
15:06:47.298 [qtp1105322512-32 - /filter] DEBUG org.eclipse.jetty.io.ChannelEndPoint
       - flushed 533 SelectChannelEndPoint@28167db4{/127.0.0.1:52019&amp;lt;-&amp;gt;8080,Open,in,out,-,W,4/60000,HttpConnection}{io=0,kio=0,kro=1}
      
15:06:47.298 [qtp1105322512-32 - /filter] DEBUG org.eclipse.jetty.io.WriteFlusher
       - update WriteFlusher@50798be5{IDLE}:WRITING--&amp;gt;IDLE
      
15:06:47.298 [qtp1105322512-32 - /filter] DEBUG o.e.jetty.server.HttpConnection
       - org.eclipse.jetty.server.HttpConnection$SendCallback@6239ffac[PROCESSING][i=ResponseInfo{HTTP/1.1
       404 null,284,false},cb=org.eclipse.jetty.server.HttpChannel$CommitCallback@1b085d90]
       generate: DONE ([p=249,l=249,c=16384,r=0],[p=284,l=284,c=2048,r=0],true)@END
      
15:06:47.299 [qtp1105322512-32 - /filter] DEBUG org.eclipse.jetty.server.Server
       - RESPONSE /filter  404 handled=true
15:06:47.299 [qtp1105322512-32
       - /filter] DEBUG o.e.jetty.server.HttpChannelState - HttpChannelState@3909637{s=DISPATCHED
       i=true a=null} unhandle DISPATCHED
15:06:47.299 [qtp1105322512-32
       - /filter] DEBUG org.eclipse.jetty.http.HttpParser - reset
       HttpParser{s=END,0 of 0}
15:06:47.299 [qtp1105322512-32 -
       /filter] DEBUG org.eclipse.jetty.http.HttpParser - END --&amp;gt;
       START
15:06:47.299 [qtp1105322512-32] DEBUG org.eclipse.jetty.server.HttpChannel
       - HttpChannelOverHttp@3eab14ba{r=1,c=false,a=IDLE,uri=-} handle
       exit, result COMPLETE
15:06:47.299 [qtp1105322512-32] DEBUG
       org.eclipse.jetty.io.ChannelEndPoint - filled -1 SelectChannelEndPoint@28167db4{/127.0.0.1:52019&amp;lt;-&amp;gt;8080,Open,in,out,-,-,1/60000,HttpConnection}{io=0,kio=0,kro=1}
      
15:06:47.299 [qtp1105322512-32] DEBUG org.eclipse.jetty.io.ChannelEndPoint
       - ishut SelectChannelEndPoint@28167db4{/127.0.0.1:52019&amp;lt;-&amp;gt;8080,Open,in,out,-,-,1/60000,HttpConnection}{io=0,kio=0,kro=1}
      
15:06:47.299 [qtp1105322512-32] DEBUG org.eclipse.jetty.http.HttpParser
       - atEOF HttpParser{s=START,0 of -1}
15:06:47.299 [qtp1105322512-32]
       DEBUG org.eclipse.jetty.http.HttpParser - parseNext s=START
       HeapByteBuffer@1511d680[p=0,l=0,c=8192,r=0]={&amp;lt;&amp;lt;&amp;lt;&amp;gt;&amp;gt;&amp;gt;GET
       /servlet HTTP...\x00\x00\x00\x00\x00\x00\x00\x00\x00\x00\x00\x00\x00\x00\x00}
      
15:06:47.299 [qtp1105322512-32] DEBUG org.eclipse.jetty.http.HttpParser
       - START --&amp;gt; CLOSED
15:06:47.300 [qtp1105322512-32]
       DEBUG o.eclipse.jetty.io.AbstractEndPoint - onClose SelectChannelEndPoint@28167db4{/127.0.0.1:52019&amp;lt;-&amp;gt;8080,CLOSED,ISHUT,out,-,-,1/60000,HttpConnection}{io=0,kio=0,kro=1}
      
15:06:47.300 [qtp1105322512-32] DEBUG org.eclipse.jetty.io.ChannelEndPoint
       - close SelectChannelEndPoint@28167db4{/127.0.0.1:52019&amp;lt;-&amp;gt;8080,CLOSED,ISHUT,out,-,-,2/60000,HttpConnection}{io=0,kio=0,kro=1}
      
15:06:47.300 [qtp1105322512-32] DEBUG org.eclipse.jetty.io.SelectorManager
       - Destroyed SelectChannelEndPoint@28167db4{/127.0.0.1:52019&amp;lt;-&amp;gt;8080,CLOSED,ISHUT,OSHUT,-,-,2/60000,HttpConnection}{io=0,kio=-1,kro=-1}
      
15:06:47.300 [qtp1105322512-32] DEBUG o.e.jetty.io.AbstractConnection
       - onClose HttpConnection@71eef03d{FILLING}
15:06:47.300 [qtp1105322512-32]
       DEBUG o.eclipse.jetty.io.AbstractEndPoint - onClose SelectChannelEndPoint@28167db4{/127.0.0.1:52019&amp;lt;-&amp;gt;8080,CLOSED,ISHUT,OSHUT,-,-,2/60000,HttpConnection}{io=0,kio=-1,kro=-1}
      
15:06:47.300 [qtp1105322512-32] DEBUG o.e.jetty.io.AbstractConnection
       - FILLING--&amp;gt;IDLE HttpConnection@71eef03d{IDLE}
15:06:47.301
       [qtp1105322512-37-acceptor-0@59402b8f-ServerConnector@6892b3b6{HTTP/1.1}{0.0.0.0:8080}]
       DEBUG org.eclipse.jetty.io.SelectorManager - Queued change
       org.eclipse.jetty.io.SelectorManager$ManagedSelector$Accept@5c35a81e
      
15:06:47.301 [qtp1105322512-34-selector-ServerConnectorManager@1530c739/1]
       DEBUG org.eclipse.jetty.io.SelectorManager - Selector loop
       woken up from select, 0/0 selected
15:06:47.301 [qtp1105322512-34-selector-ServerConnectorManager@1530c739/1]
       DEBUG org.eclipse.jetty.io.SelectorManager - Running change
       org.eclipse.jetty.io.SelectorManager$ManagedSelector$Accept@5c35a81e
      
15:06:47.301 [qtp1105322512-34-selector-ServerConnectorManager@1530c739/1]
       DEBUG o.eclipse.jetty.io.AbstractEndPoint - onOpen SelectChannelEndPoint@4a23e402{/127.0.0.1:52020&amp;lt;-&amp;gt;8080,Open,in,out,-,-,0/60000,null}{io=0,kio=0,kro=0}
      
15:06:47.301 [qtp1105322512-34-selector-ServerConnectorManager@1530c739/1]
       DEBUG org.eclipse.jetty.io.IdleTimeout - SelectChannelEndPoint@4a23e402{/127.0.0.1:52020&amp;lt;-&amp;gt;8080,Open,in,out,-,-,0/60000,null}{io=0,kio=0,kro=0}
       idle timeout check, elapsed: 0 ms, remaining: 60000 ms
15:06:47.302
       [qtp1105322512-34-selector-ServerConnectorManager@1530c739/1]
       DEBUG org.eclipse.jetty.server.HttpChannel - new HttpChannelOverHttp@5c240aa0{r=0,c=false,a=IDLE,uri=-}
       -&amp;gt; SelectChannelEndPoint@4a23e402{/127.0.0.1:52020&amp;lt;-&amp;gt;8080,Open,in,out,-,-,1/60000,null}{io=0,kio=0,kro=0},null,HttpChannelState@6286afaf{s=IDLE
       i=true a=null}
15:06:47.302 [qtp1105322512-34-selector-ServerConnectorManager@1530c739/1]
       DEBUG o.e.jetty.server.HttpConnection - New HTTP Connection
       HttpConnection@17c9569f{IDLE}
15:06:47.302 [qtp1105322512-34-selector-ServerConnectorManager@1530c739/1]
       DEBUG o.e.jetty.io.AbstractConnection - onOpen HttpConnection@17c9569f{IDLE}
      
15:06:47.302 [qtp1105322512-34-selector-ServerConnectorManager@1530c739/1]
       DEBUG o.e.jetty.io.AbstractConnection - fillInterested HttpConnection@17c9569f{IDLE}
      
15:06:47.302 [qtp1105322512-34-selector-ServerConnectorManager@1530c739/1]
       DEBUG o.e.jetty.io.AbstractConnection - IDLE--&amp;gt;FILL_INTERESTED
       HttpConnection@17c9569f{FILL_INTERESTED}
15:06:47.302 [qtp1105322512-34-selector-ServerConnectorManager@1530c739/1]
       DEBUG o.e.jetty.io.SelectChannelEndPoint - Local interests
       updating 0 -&amp;gt; 1 for SelectChannelEndPoint@4a23e402{/127.0.0.1:52020&amp;lt;-&amp;gt;8080,Open,in,out,R,-,0/60000,HttpConnection}{io=1,kio=0,kro=0}
      
15:06:47.303 [qtp1105322512-34-selector-ServerConnectorManager@1530c739/1]
       DEBUG org.eclipse.jetty.io.SelectorManager - Running change
       org.eclipse.jetty.io.SelectChannelEndPoint$1@421fb390
15:06:47.303
       [qtp1105322512-34-selector-ServerConnectorManager@1530c739/1]
       DEBUG o.e.jetty.io.SelectChannelEndPoint - Key interests updated
       0 -&amp;gt; 1 on SelectChannelEndPoint@4a23e402{/127.0.0.1:52020&amp;lt;-&amp;gt;8080,Open,in,out,R,-,1/60000,HttpConnection}{io=1,kio=1,kro=0}
      
15:06:47.303 [qtp1105322512-34-selector-ServerConnectorManager@1530c739/1]
       DEBUG org.eclipse.jetty.io.SelectorManager - Created SelectChannelEndPoint@4a23e402{/127.0.0.1:52020&amp;lt;-&amp;gt;8080,Open,in,out,R,-,1/60000,HttpConnection}{io=1,kio=1,kro=0}
      
15:06:47.303 [qtp1105322512-34-selector-ServerConnectorManager@1530c739/1]
       DEBUG org.eclipse.jetty.io.SelectorManager - Selector loop
       waiting on select
15:06:47.303 [qtp1105322512-34-selector-ServerConnectorManager@1530c739/1]
       DEBUG org.eclipse.jetty.io.SelectorManager - Selector loop
       woken up from select, 1/1 selected
15:06:47.303 [qtp1105322512-34-selector-ServerConnectorManager@1530c739/1]
       DEBUG o.e.jetty.io.SelectChannelEndPoint - Key interests updated
       1 -&amp;gt; 0 on SelectChannelEndPoint@4a23e402{/127.0.0.1:52020&amp;lt;-&amp;gt;8080,Open,in,out,R,-,1/60000,HttpConnection}{io=1,kio=0,kro=1}
      
15:06:47.303 [qtp1105322512-34-selector-ServerConnectorManager@1530c739/1]
       DEBUG o.e.jetty.io.SelectChannelEndPoint - Local interests
       updating 1 -&amp;gt; 0 for SelectChannelEndPoint@4a23e402{/127.0.0.1:52020&amp;lt;-&amp;gt;8080,Open,in,out,R,-,1/60000,HttpConnection}{io=0,kio=0,kro=1}
      
15:06:47.303 [qtp1105322512-34-selector-ServerConnectorManager@1530c739/1]
       DEBUG org.eclipse.jetty.io.SelectorManager - Running change
       org.eclipse.jetty.io.SelectChannelEndPoint$1@421fb390
15:06:47.303
       [qtp1105322512-34-selector-ServerConnectorManager@1530c739/1]
       DEBUG o.e.jetty.io.AbstractConnection - FILL_INTERESTED--&amp;gt;FILLING
       HttpConnection@17c9569f{FILLING}
15:06:47.303 [qtp1105322512-34-selector-ServerConnectorManager@1530c739/1]
       DEBUG org.eclipse.jetty.io.SelectorManager - Selector loop
       waiting on select
15:06:47.304 [qtp1105322512-38] DEBUG o.e.jetty.server.HttpConnection
       - HttpConnection@17c9569f{FILLING} onFillable HttpChannelState@6286afaf{s=IDLE
       i=true a=null}
15:06:47.304 [qtp1105322512-38] DEBUG org.eclipse.jetty.io.ChannelEndPoint
       - filled 160 SelectChannelEndPoint@4a23e402{/127.0.0.1:52020&amp;lt;-&amp;gt;8080,Open,in,out,-,-,2/60000,HttpConnection}{io=0,kio=0,kro=1}
      
15:06:47.304 [qtp1105322512-38] DEBUG org.eclipse.jetty.http.HttpParser
       - parseNext s=START HeapByteBuffer@c306fb7a[p=0,l=160,c=8192,r=160]={&amp;lt;&amp;lt;&amp;lt;GET
       /servlet HTTP... keep-alive\r\n\r\n&amp;gt;&amp;gt;&amp;gt;\r\n\r\n\x00\x00\x00\x00\x00\x00\x00\x00\x00\x00\x00\x00\x00...\x00\x00\x00\x00\x00\x00\x00\x00\x00\x00\x00\x00\x00\x00\x00}
      
15:06:47.304 [qtp1105322512-38] DEBUG org.eclipse.jetty.http.HttpParser
       - START --&amp;gt; SPACE1
15:06:47.304 [qtp1105322512-38]
       DEBUG org.eclipse.jetty.http.HttpParser - SPACE1 --&amp;gt;
       URI
15:06:47.304 [qtp1105322512-38] DEBUG org.eclipse.jetty.http.HttpParser
       - URI --&amp;gt; SPACE2
15:06:47.304 [qtp1105322512-38] DEBUG
       org.eclipse.jetty.http.HttpParser - SPACE2 --&amp;gt; REQUEST_VERSION
      
15:06:47.304 [qtp1105322512-38] DEBUG org.eclipse.jetty.http.HttpParser
       - REQUEST_VERSION --&amp;gt; HEADER
15:06:47.304 [qtp1105322512-38]
       DEBUG org.eclipse.jetty.http.HttpParser - HEADER --&amp;gt;
       HEADER_VALUE
15:06:47.304 [qtp1105322512-38] DEBUG org.eclipse.jetty.http.HttpParser
       - HEADER_VALUE --&amp;gt; HEADER_IN_VALUE
15:06:47.305 [qtp1105322512-38]
       DEBUG org.eclipse.jetty.http.HttpParser - HEADER_IN_VALUE
       --&amp;gt; HEADER
15:06:47.305 [qtp1105322512-38] DEBUG org.eclipse.jetty.http.HttpParser
       - HEADER --&amp;gt; HEADER_VALUE
15:06:47.305 [qtp1105322512-38]
       DEBUG org.eclipse.jetty.http.HttpParser - HEADER_VALUE --&amp;gt;
       HEADER_IN_VALUE
15:06:47.305 [qtp1105322512-38] DEBUG org.eclipse.jetty.http.HttpParser
       - HEADER_IN_VALUE --&amp;gt; HEADER
15:06:47.305 [qtp1105322512-38]
       DEBUG org.eclipse.jetty.http.HttpParser - HEADER --&amp;gt;
       HEADER_VALUE
15:06:47.305 [qtp1105322512-38] DEBUG org.eclipse.jetty.http.HttpParser
       - HEADER_VALUE --&amp;gt; HEADER_IN_VALUE
15:06:47.305 [qtp1105322512-38]
       DEBUG org.eclipse.jetty.http.HttpParser - HEADER_IN_VALUE
       --&amp;gt; HEADER
15:06:47.305 [qtp1105322512-38] DEBUG org.eclipse.jetty.http.HttpParser
       - HEADER --&amp;gt; HEADER_IN_VALUE
15:06:47.305 [qtp1105322512-38]
       DEBUG org.eclipse.jetty.http.HttpParser - HEADER_IN_VALUE
       --&amp;gt; HEADER
15:06:47.306 [qtp1105322512-38] DEBUG org.eclipse.jetty.http.HttpParser
       - HEADER --&amp;gt; END
15:06:47.306 [qtp1105322512-38] DEBUG
       org.eclipse.jetty.server.HttpChannel - HttpChannelOverHttp@5c240aa0{r=1,c=false,a=IDLE,uri=-}
       messageComplete
15:06:47.306 [qtp1105322512-38] DEBUG org.eclipse.jetty.server.HttpInput
       - HttpInputOverHTTP@427716d2 EOF
15:06:47.306 [qtp1105322512-38]
       DEBUG org.eclipse.jetty.server.HttpChannel - HttpChannelOverHttp@5c240aa0{r=1,c=false,a=IDLE,uri=-}
       handle enter
15:06:47.306 [qtp1105322512-38 - /servlet] DEBUG
       o.e.jetty.server.HttpChannelState - HttpChannelState@6286afaf{s=IDLE
       i=true a=null} handling IDLE
15:06:47.307 [qtp1105322512-38
       - /servlet] DEBUG org.eclipse.jetty.server.HttpChannel - HttpChannelOverHttp@5c240aa0{r=1,c=false,a=DISPATCHED,uri=/servlet}
       action REQUEST_DISPATCH
15:06:47.307 [qtp1105322512-38 -
       /servlet] DEBUG org.eclipse.jetty.server.Server - REQUEST
       GET /servlet on HttpChannelOverHttp@5c240aa0{r=1,c=false,a=DISPATCHED,uri=/servlet}
      
15:06:47.307 [qtp1105322512-38 - /servlet] DEBUG o.e.j.server.handler.ContextHandler
       - scope null||/servlet @ o.e.j.s.ServletContextHandler@6f46426d{/,null,AVAILABLE}
      
15:06:47.307 [qtp1105322512-38 - /servlet] DEBUG o.e.j.server.handler.ContextHandler
       - context=||/servlet @ o.e.j.s.ServletContextHandler@6f46426d{/,null,AVAILABLE}
      
15:06:47.307 [qtp1105322512-38 - /servlet] DEBUG org.eclipse.jetty.server.session
       - sessionManager=org.eclipse.jetty.server.session.HashSessionManager@32ee6fee
      
15:06:47.307 [qtp1105322512-38 - /servlet] DEBUG org.eclipse.jetty.server.session
       - session=null
15:06:47.307 [qtp1105322512-38 - /servlet]
       DEBUG o.e.jetty.servlet.ServletHandler - servlet ||/servlet
       -&amp;gt; org.apache.felix.http.base.internal.DispatcherServlet-4738a206@cebacce0==org.apache.felix.http.base.internal.DispatcherServlet,-1,true
      
15:06:47.307 [qtp1105322512-38 - /servlet] DEBUG o.e.jetty.servlet.ServletHandler
       - chain=null
15:06:47.308 [qtp1105322512-38 - /servlet] DEBUG
       o.e.jetty.server.HttpConnection - org.eclipse.jetty.server.HttpConnection$SendCallback@4335f0e1[PROCESSING][i=ResponseInfo{HTTP/1.1
       200 null,-1,false},cb=org.eclipse.jetty.server.HttpChannel$CommitCallback@5260089b]
       generate: NEED_HEADER (null,[p=0,l=9,c=24576,r=9],true)@START
      
15:06:47.308 [qtp1105322512-38 - /servlet] DEBUG o.e.jetty.server.HttpConnection
       - org.eclipse.jetty.server.HttpConnection$SendCallback@4335f0e1[PROCESSING][i=ResponseInfo{HTTP/1.1
       200 null,-1,false},cb=org.eclipse.jetty.server.HttpChannel$CommitCallback@5260089b]
       generate: FLUSH ([p=0,l=145,c=16384,r=145],[p=0,l=9,c=24576,r=9],true)@COMPLETING
      
15:06:47.308 [qtp1105322512-38 - /servlet] DEBUG org.eclipse.jetty.io.WriteFlusher
       - write: WriteFlusher@4ee2726f{IDLE} [HeapByteBuffer@6542589b[p=0,l=145,c=16384,r=145]={&amp;lt;&amp;lt;&amp;lt;HTTP/1.1
       200 OK\r\n....v20150224)\r\n\r\n&amp;gt;&amp;gt;&amp;gt;SO-8859-1\r\nConten...\x00\x00\x00\x00\x00\x00\x00\x00\x00\x00\x00\x00\x00\x00\x00},HeapByteBuffer@fb534b1f[p=0,l=9,c=24576,r=9]={&amp;lt;&amp;lt;&amp;lt;servlet\r\n&amp;gt;&amp;gt;&amp;gt;\x00\x00\x00\x00\x00\x00\x00\x00\x00\x00\x00\x00\x00\x00\x00\x00\x00...\x00\x00\x00\x00\x00\x00\x00\x00\x00\x00\x00\x00\x00\x00\x00}]
      
15:06:47.308 [qtp1105322512-38 - /servlet] DEBUG org.eclipse.jetty.io.WriteFlusher
       - update WriteFlusher@4ee2726f{WRITING}:IDLE--&amp;gt;WRITING
      
15:06:47.309 [qtp1105322512-38 - /servlet] DEBUG org.eclipse.jetty.io.ChannelEndPoint
       - flushed 154 SelectChannelEndPoint@4a23e402{/127.0.0.1:52020&amp;lt;-&amp;gt;8080,Open,in,out,-,W,5/60000,HttpConnection}{io=0,kio=0,kro=1}
      
15:06:47.309 [qtp1105322512-38 - /servlet] DEBUG org.eclipse.jetty.io.WriteFlusher
       - update WriteFlusher@4ee2726f{IDLE}:WRITING--&amp;gt;IDLE
      
15:06:47.309 [qtp1105322512-38 - /servlet] DEBUG o.e.jetty.server.HttpConnection
       - org.eclipse.jetty.server.HttpConnection$SendCallback@4335f0e1[PROCESSING][i=ResponseInfo{HTTP/1.1
       200 null,-1,false},cb=org.eclipse.jetty.server.HttpChannel$CommitCallback@5260089b]
       generate: DONE ([p=145,l=145,c=16384,r=0],[p=9,l=9,c=24576,r=0],true)@END
      
15:06:47.309 [qtp1105322512-38 - /servlet] DEBUG org.eclipse.jetty.server.Server
       - RESPONSE /servlet  200 handled=true
15:06:47.309 [qtp1105322512-38
       - /servlet] DEBUG o.e.jetty.server.HttpChannelState - HttpChannelState@6286afaf{s=DISPATCHED
       i=true a=null} unhandle DISPATCHED
15:06:47.309 [qtp1105322512-38
       - /servlet] DEBUG org.eclipse.jetty.http.HttpParser - reset
       HttpParser{s=END,0 of 0}
15:06:47.309 [qtp1105322512-38 -
       /servlet] DEBUG org.eclipse.jetty.http.HttpParser - END --&amp;gt;
       START
15:06:47.309 [qtp1105322512-38] DEBUG org.eclipse.jetty.server.HttpChannel
       - HttpChannelOverHttp@5c240aa0{r=1,c=false,a=IDLE,uri=-} handle
       exit, result COMPLETE
15:06:47.310 [qtp1105322512-38] DEBUG
       org.eclipse.jetty.io.ChannelEndPoint - filled 0 SelectChannelEndPoint@4a23e402{/127.0.0.1:52020&amp;lt;-&amp;gt;8080,Open,in,out,-,-,1/60000,HttpConnection}{io=0,kio=0,kro=1}
      
15:06:47.310 [qtp1105322512-38] DEBUG org.eclipse.jetty.io.ChannelEndPoint
       - filled 0 SelectChannelEndPoint@4a23e402{/127.0.0.1:52020&amp;lt;-&amp;gt;8080,Open,in,out,-,-,1/60000,HttpConnection}{io=0,kio=0,kro=1}
      
15:06:47.310 [qtp1105322512-38] DEBUG org.eclipse.jetty.http.HttpParser
       - parseNext s=START HeapByteBuffer@1511d680[p=0,l=0,c=8192,r=0]={&amp;lt;&amp;lt;&amp;lt;&amp;gt;&amp;gt;&amp;gt;GET
       /servlet HTTP...\x00\x00\x00\x00\x00\x00\x00\x00\x00\x00\x00\x00\x00\x00\x00}
      
15:06:47.310 [qtp1105322512-38] DEBUG o.e.jetty.io.AbstractConnection
       - fillInterested HttpConnection@17c9569f{FILLING}
15:06:47.310
       [qtp1105322512-38] DEBUG o.e.jetty.io.AbstractConnection -
       FILLING--&amp;gt;FILLING_FILL_INTERESTED HttpConnection@17c9569f{FILLING_FILL_INTERESTED}
      
15:06:47.310 [qtp1105322512-38] DEBUG o.e.jetty.io.AbstractConnection
       - FILLING_FILL_INTERESTED--&amp;gt;FILL_INTERESTED HttpConnection@17c9569f{FILL_INTERESTED}
      
15:06:47.310 [qtp1105322512-38] DEBUG o.e.jetty.io.SelectChannelEndPoint
       - Local interests updating 0 -&amp;gt; 1 for SelectChannelEndPoint@4a23e402{/127.0.0.1:52020&amp;lt;-&amp;gt;8080,Open,in,out,R,-,0/60000,HttpConnection}{io=1,kio=0,kro=1}
      
15:06:47.311 [qtp1105322512-38] DEBUG org.eclipse.jetty.io.SelectorManager
       - Running change org.eclipse.jetty.io.SelectChannelEndPoint$1@421fb390
      
15:06:47.311 [qtp1105322512-38] DEBUG o.e.jetty.io.SelectChannelEndPoint
       - Key interests updated 0 -&amp;gt; 1 on SelectChannelEndPoint@4a23e402{/127.0.0.1:52020&amp;lt;-&amp;gt;8080,Open,in,out,R,-,1/60000,HttpConnection}{io=1,kio=1,kro=1}
      
15:06:47.311 [qtp1105322512-34-selector-ServerConnectorManager@1530c739/1]
       DEBUG org.eclipse.jetty.io.SelectorManager - Selector loop
       woken up from select, 0/1 selected
15:06:47.311 [qtp1105322512-34-selector-ServerConnectorManager@1530c739/1]
       DEBUG org.eclipse.jetty.io.SelectorManager - Selector loop
       waiting on select
15:06:47.338 [qtp1105322512-37-acceptor-0@59402b8f-ServerConnector@6892b3b6{HTTP/1.1}{0.0.0.0:8080}]
       DEBUG org.eclipse.jetty.io.SelectorManager - Queued change
       org.eclipse.jetty.io.SelectorManager$ManagedSelector$Accept@26093879
      
15:06:47.342 [qtp1105322512-34-selector-ServerConnectorManager@1530c739/1]
       DEBUG org.eclipse.jetty.io.SelectorManager - Selector loop
       woken up from select, 1/1 selected
15:06:47.342 [qtp1105322512-34-selector-ServerConnectorManager@1530c739/1]
       DEBUG o.e.jetty.io.SelectChannelEndPoint - Key interests updated
       1 -&amp;gt; 0 on SelectChannelEndPoint@4a23e402{/127.0.0.1:52020&amp;lt;-&amp;gt;8080,Open,in,out,R,-,32/60000,HttpConnection}{io=1,kio=0,kro=1}
      
15:06:47.343 [qtp1105322512-34-selector-ServerConnectorManager@1530c739/1]
       DEBUG o.e.jetty.io.SelectChannelEndPoint - Local interests
       updating 1 -&amp;gt; 0 for SelectChannelEndPoint@4a23e402{/127.0.0.1:52020&amp;lt;-&amp;gt;8080,Open,in,out,R,-,32/60000,HttpConnection}{io=0,kio=0,kro=1}
      
15:06:47.343 [qtp1105322512-34-selector-ServerConnectorManager@1530c739/1]
       DEBUG org.eclipse.jetty.io.SelectorManager - Running change
       org.eclipse.jetty.io.SelectChannelEndPoint$1@421fb390
15:06:47.343
       [qtp1105322512-34-selector-ServerConnectorManager@1530c739/1]
       DEBUG o.e.jetty.io.AbstractConnection - FILL_INTERESTED--&amp;gt;FILLING
       HttpConnection@17c9569f{FILLING}
15:06:47.343 [qtp1105322512-34-selector-ServerConnectorManager@1530c739/1]
       DEBUG org.eclipse.jetty.io.SelectorManager - Selector loop
       waiting on select
15:06:47.343 [qtp1105322512-36] DEBUG o.e.jetty.server.HttpConnection
       - HttpConnection@17c9569f{FILLING} onFillable HttpChannelState@6286afaf{s=IDLE
       i=true a=null}
15:06:47.343 [qtp1105322512-36] DEBUG org.eclipse.jetty.io.ChannelEndPoint
       - filled -1 SelectChannelEndPoint@4a23e402{/127.0.0.1:52020&amp;lt;-&amp;gt;8080,Open,in,out,-,-,33/60000,HttpConnection}{io=0,kio=0,kro=1}
      
15:06:47.343 [qtp1105322512-36] DEBUG org.eclipse.jetty.io.ChannelEndPoint
       - ishut SelectChannelEndPoint@4a23e402{/127.0.0.1:52020&amp;lt;-&amp;gt;8080,Open,in,out,-,-,33/60000,HttpConnection}{io=0,kio=0,kro=1}
      
15:06:47.344 [qtp1105322512-36] DEBUG org.eclipse.jetty.http.HttpParser
       - atEOF HttpParser{s=START,0 of -1}
15:06:47.344 [qtp1105322512-36]
       DEBUG org.eclipse.jetty.http.HttpParser - parseNext s=START
       HeapByteBuffer@c306fb7a[p=0,l=0,c=8192,r=0]={&amp;lt;&amp;lt;&amp;lt;&amp;gt;&amp;gt;&amp;gt;GET
       /servlet HTTP...\x00\x00\x00\x00\x00\x00\x00\x00\x00\x00\x00\x00\x00\x00\x00}
      
15:06:47.344 [qtp1105322512-36] DEBUG org.eclipse.jetty.http.HttpParser
       - START --&amp;gt; CLOSED
15:06:47.344 [qtp1105322512-36]
       DEBUG o.eclipse.jetty.io.AbstractEndPoint - onClose SelectChannelEndPoint@4a23e402{/127.0.0.1:52020&amp;lt;-&amp;gt;8080,CLOSED,ISHUT,out,-,-,34/60000,HttpConnection}{io=0,kio=0,kro=1}
      
15:06:47.344 [qtp1105322512-36] DEBUG org.eclipse.jetty.io.ChannelEndPoint
       - close SelectChannelEndPoint@4a23e402{/127.0.0.1:52020&amp;lt;-&amp;gt;8080,CLOSED,ISHUT,out,-,-,34/60000,HttpConnection}{io=0,kio=0,kro=1}
      
15:06:47.344 [qtp1105322512-36] DEBUG org.eclipse.jetty.io.SelectorManager
       - Destroyed SelectChannelEndPoint@4a23e402{/127.0.0.1:52020&amp;lt;-&amp;gt;8080,CLOSED,ISHUT,OSHUT,-,-,34/60000,HttpConnection}{io=0,kio=-1,kro=-1}
      
15:06:47.344 [qtp1105322512-36] DEBUG o.e.jetty.io.AbstractConnection
       - onClose HttpConnection@17c9569f{FILLING}
15:06:47.344 [qtp1105322512-36]
       DEBUG o.eclipse.jetty.io.AbstractEndPoint - onClose SelectChannelEndPoint@4a23e402{/127.0.0.1:52020&amp;lt;-&amp;gt;8080,CLOSED,ISHUT,OSHUT,-,-,34/60000,HttpConnection}{io=0,kio=-1,kro=-1}
      
15:06:47.344 [qtp1105322512-36] DEBUG o.e.jetty.io.AbstractConnection
       - FILLING--&amp;gt;IDLE HttpConnection@17c9569f{IDLE}
15:06:47.354
       [qtp1105322512-33-selector-ServerConnectorManager@1530c739/0]
       DEBUG org.eclipse.jetty.io.SelectorManager - Selector loop
       woken up from select, 0/0 selected
15:06:47.355 [qtp1105322512-33-selector-ServerConnectorManager@1530c739/0]
       DEBUG org.eclipse.jetty.io.SelectorManager - Running change
       org.eclipse.jetty.io.SelectorManager$ManagedSelector$Accept@26093879
      
15:06:47.355 [qtp1105322512-33-selector-ServerConnectorManager@1530c739/0]
       DEBUG o.eclipse.jetty.io.AbstractEndPoint - onOpen SelectChannelEndPoint@b4011d3{/127.0.0.1:52021&amp;lt;-&amp;gt;8080,Open,in,out,-,-,0/60000,null}{io=0,kio=0,kro=0}
      
15:06:47.355 [qtp1105322512-33-selector-ServerConnectorManager@1530c739/0]
       DEBUG org.eclipse.jetty.io.IdleTimeout - SelectChannelEndPoint@b4011d3{/127.0.0.1:52021&amp;lt;-&amp;gt;8080,Open,in,out,-,-,0/60000,null}{io=0,kio=0,kro=0}
       idle timeout check, elapsed: 0 ms, remaining: 60000 ms
15:06:47.356
       [qtp1105322512-33-selector-ServerConnectorManager@1530c739/0]
       DEBUG org.eclipse.jetty.server.HttpChannel - new HttpChannelOverHttp@da9779e{r=0,c=false,a=IDLE,uri=-}
       -&amp;gt; SelectChannelEndPoint@b4011d3{/127.0.0.1:52021&amp;lt;-&amp;gt;8080,Open,in,out,-,-,0/60000,null}{io=0,kio=0,kro=0},null,HttpChannelState@1178bbc2{s=IDLE
       i=true a=null}
15:06:47.356 [qtp1105322512-33-selector-ServerConnectorManager@1530c739/0]
       DEBUG o.e.jetty.server.HttpConnection - New HTTP Connection
       HttpConnection@2d581a14{IDLE}
15:06:47.356 [qtp1105322512-33-selector-ServerConnectorManager@1530c739/0]
       DEBUG o.e.jetty.io.AbstractConnection - onOpen HttpConnection@2d581a14{IDLE}
      
15:06:47.356 [qtp1105322512-33-selector-ServerConnectorManager@1530c739/0]
       DEBUG o.e.jetty.io.AbstractConnection - fillInterested HttpConnection@2d581a14{IDLE}
      
15:06:47.356 [qtp1105322512-33-selector-ServerConnectorManager@1530c739/0]
       DEBUG o.e.jetty.io.AbstractConnection - IDLE--&amp;gt;FILL_INTERESTED
       HttpConnection@2d581a14{FILL_INTERESTED}
15:06:47.356 [qtp1105322512-33-selector-ServerConnectorManager@1530c739/0]
       DEBUG o.e.jetty.io.SelectChannelEndPoint - Local interests
       updating 0 -&amp;gt; 1 for SelectChannelEndPoint@b4011d3{/127.0.0.1:52021&amp;lt;-&amp;gt;8080,Open,in,out,R,-,0/60000,HttpConnection}{io=1,kio=0,kro=0}
      
15:06:47.356 [qtp1105322512-33-selector-ServerConnectorManager@1530c739/0]
       DEBUG org.eclipse.jetty.io.SelectorManager - Running change
       org.eclipse.jetty.io.SelectChannelEndPoint$1@261d48e5
15:06:47.356
       [qtp1105322512-33-selector-ServerConnectorManager@1530c739/0]
       DEBUG o.e.jetty.io.SelectChannelEndPoint - Key interests updated
       0 -&amp;gt; 1 on SelectChannelEndPoint@b4011d3{/127.0.0.1:52021&amp;lt;-&amp;gt;8080,Open,in,out,R,-,0/60000,HttpConnection}{io=1,kio=1,kro=0}
      
15:06:47.356 [qtp1105322512-33-selector-ServerConnectorManager@1530c739/0]
       DEBUG org.eclipse.jetty.io.SelectorManager - Created SelectChannelEndPoint@b4011d3{/127.0.0.1:52021&amp;lt;-&amp;gt;8080,Open,in,out,R,-,0/60000,HttpConnection}{io=1,kio=1,kro=0}
      
15:06:47.356 [qtp1105322512-33-selector-ServerConnectorManager@1530c739/0]
       DEBUG org.eclipse.jetty.io.SelectorManager - Selector loop
       waiting on select
15:06:47.357 [qtp1105322512-33-selector-ServerConnectorManager@1530c739/0]
       DEBUG org.eclipse.jetty.io.SelectorManager - Selector loop
       woken up from select, 1/1 selected
15:06:47.357 [qtp1105322512-33-selector-ServerConnectorManager@1530c739/0]
       DEBUG o.e.jetty.io.SelectChannelEndPoint - Key interests updated
       1 -&amp;gt; 0 on SelectChannelEndPoint@b4011d3{/127.0.0.1:52021&amp;lt;-&amp;gt;8080,Open,in,out,R,-,1/60000,HttpConnection}{io=1,kio=0,kro=1}
      
15:06:47.357 [qtp1105322512-33-selector-ServerConnectorManager@1530c739/0]
       DEBUG o.e.jetty.io.SelectChannelEndPoint - Local interests
       updating 1 -&amp;gt; 0 for SelectChannelEndPoint@b4011d3{/127.0.0.1:52021&amp;lt;-&amp;gt;8080,Open,in,out,R,-,1/60000,HttpConnection}{io=0,kio=0,kro=1}
      
15:06:47.357 [qtp1105322512-33-selector-ServerConnectorManager@1530c739/0]
       DEBUG org.eclipse.jetty.io.SelectorManager - Running change
       org.eclipse.jetty.io.SelectChannelEndPoint$1@261d48e5
15:06:47.357
       [qtp1105322512-33-selector-ServerConnectorManager@1530c739/0]
       DEBUG o.e.jetty.io.AbstractConnection - FILL_INTERESTED--&amp;gt;FILLING
       HttpConnection@2d581a14{FILLING}
15:06:47.357 [qtp1105322512-33-selector-ServerConnectorManager@1530c739/0]
       DEBUG org.eclipse.jetty.io.SelectorManager - Selector loop
       waiting on select
15:06:47.357 [qtp1105322512-39] DEBUG o.e.jetty.server.HttpConnection
       - HttpConnection@2d581a14{FILLING} onFillable HttpChannelState@1178bbc2{s=IDLE
       i=true a=null}
15:06:47.357 [qtp1105322512-39] DEBUG org.eclipse.jetty.io.ChannelEndPoint
       - filled 164 SelectChannelEndPoint@b4011d3{/127.0.0.1:52021&amp;lt;-&amp;gt;8080,Open,in,out,-,-,1/60000,HttpConnection}{io=0,kio=0,kro=1}
      
15:06:47.357 [qtp1105322512-39] DEBUG org.eclipse.jetty.http.HttpParser
       - parseNext s=START HeapByteBuffer@42736c[p=0,l=164,c=8192,r=164]={&amp;lt;&amp;lt;&amp;lt;GET
       /prefix/rest ... keep-alive\r\n\r\n&amp;gt;&amp;gt;&amp;gt;\x00\x00\x00\x00\x00\x00\x00\x00\x00\x00\x00\x00\x00\x00\x00\x00\x00...\x00\x00\x00\x00\x00\x00\x00\x00\x00\x00\x00\x00\x00\x00\x00}
      
15:06:47.357 [qtp1105322512-39] DEBUG org.eclipse.jetty.http.HttpParser
       - START --&amp;gt; SPACE1
15:06:47.358 [qtp1105322512-39]
       DEBUG org.eclipse.jetty.http.HttpParser - SPACE1 --&amp;gt;
       URI
15:06:47.358 [qtp1105322512-39] DEBUG org.eclipse.jetty.http.HttpParser
       - URI --&amp;gt; SPACE2
15:06:47.358 [qtp1105322512-39] DEBUG
       org.eclipse.jetty.http.HttpParser - SPACE2 --&amp;gt; REQUEST_VERSION
      
15:06:47.358 [qtp1105322512-39] DEBUG org.eclipse.jetty.http.HttpParser
       - REQUEST_VERSION --&amp;gt; HEADER
15:06:47.358 [qtp1105322512-39]
       DEBUG org.eclipse.jetty.http.HttpParser - HEADER --&amp;gt;
       HEADER_VALUE
15:06:47.358 [qtp1105322512-39] DEBUG org.eclipse.jetty.http.HttpParser
       - HEADER_VALUE --&amp;gt; HEADER_IN_VALUE
15:06:47.358 [qtp1105322512-39]
       DEBUG org.eclipse.jetty.http.HttpParser - HEADER_IN_VALUE
       --&amp;gt; HEADER
15:06:47.358 [qtp1105322512-39] DEBUG org.eclipse.jetty.http.HttpParser
       - HEADER --&amp;gt; HEADER_VALUE
15:06:47.358 [qtp1105322512-39]
       DEBUG org.eclipse.jetty.http.HttpParser - HEADER_VALUE --&amp;gt;
       HEADER_IN_VALUE
15:06:47.358 [qtp1105322512-39] DEBUG org.eclipse.jetty.http.HttpParser
       - HEADER_IN_VALUE --&amp;gt; HEADER
15:06:47.358 [qtp1105322512-39]
       DEBUG org.eclipse.jetty.http.HttpParser - HEADER --&amp;gt;
       HEADER_VALUE
15:06:47.358 [qtp1105322512-39] DEBUG org.eclipse.jetty.http.HttpParser
       - HEADER_VALUE --&amp;gt; HEADER_IN_VALUE
15:06:47.358 [qtp1105322512-39]
       DEBUG org.eclipse.jetty.http.HttpParser - HEADER_IN_VALUE
       --&amp;gt; HEADER
15:06:47.358 [qtp1105322512-39] DEBUG org.eclipse.jetty.http.HttpParser
       - HEADER --&amp;gt; HEADER_IN_VALUE
15:06:47.358 [qtp1105322512-39]
       DEBUG org.eclipse.jetty.http.HttpParser - HEADER_IN_VALUE
       --&amp;gt; HEADER
15:06:47.358 [qtp1105322512-39] DEBUG org.eclipse.jetty.http.HttpParser
       - HEADER --&amp;gt; END
15:06:47.359 [qtp1105322512-39] DEBUG
       org.eclipse.jetty.server.HttpChannel - HttpChannelOverHttp@da9779e{r=1,c=false,a=IDLE,uri=-}
       messageComplete
15:06:47.363 [qtp1105322512-39] DEBUG org.eclipse.jetty.server.HttpInput
       - HttpInputOverHTTP@7e417486 EOF
15:06:47.363 [qtp1105322512-39]
       DEBUG org.eclipse.jetty.server.HttpChannel - HttpChannelOverHttp@da9779e{r=1,c=false,a=IDLE,uri=-}
       handle enter
15:06:47.363 [qtp1105322512-39 - /prefix/rest]
       DEBUG o.e.jetty.server.HttpChannelState - HttpChannelState@1178bbc2{s=IDLE
       i=true a=null} handling IDLE
15:06:47.363 [qtp1105322512-39
       - /prefix/rest] DEBUG org.eclipse.jetty.server.HttpChannel
       - HttpChannelOverHttp@da9779e{r=1,c=false,a=DISPATCHED,uri=/prefix/rest}
       action REQUEST_DISPATCH
15:06:47.363 [qtp1105322512-39 -
       /prefix/rest] DEBUG org.eclipse.jetty.server.Server - REQUEST
       GET /prefix/rest on HttpChannelOverHttp@da9779e{r=1,c=false,a=DISPATCHED,uri=/prefix/rest}
      
15:06:47.364 [qtp1105322512-39 - /prefix/rest] DEBUG o.e.j.server.handler.ContextHandler
       - scope null||/prefix/rest @ o.e.j.s.ServletContextHandler@6f46426d{/,null,AVAILABLE}
      
15:06:47.364 [qtp1105322512-39 - /prefix/rest] DEBUG o.e.j.server.handler.ContextHandler
       - context=||/prefix/rest @ o.e.j.s.ServletContextHandler@6f46426d{/,null,AVAILABLE}
      
15:06:47.364 [qtp1105322512-39 - /prefix/rest] DEBUG org.eclipse.jetty.server.session
       - sessionManager=org.eclipse.jetty.server.session.HashSessionManager@32ee6fee
      
15:06:47.364 [qtp1105322512-39 - /prefix/rest] DEBUG org.eclipse.jetty.server.session
       - session=null
15:06:47.364 [qtp1105322512-39 - /prefix/rest]
       DEBUG o.e.jetty.servlet.ServletHandler - servlet ||/prefix/rest
       -&amp;gt; org.apache.felix.http.base.internal.DispatcherServlet-4738a206@cebacce0==org.apache.felix.http.base.internal.DispatcherServlet,-1,true
      
15:06:47.364 [qtp1105322512-39 - /prefix/rest] DEBUG o.e.jetty.servlet.ServletHandler
       - chain=null
15:06:47.365 [qtp1105322512-39 - /prefix/rest]
       DEBUG o.e.jetty.server.HttpConnection - org.eclipse.jetty.server.HttpConnection$SendCallback@30ac8764[PROCESSING][i=ResponseInfo{HTTP/1.1
       200 null,-1,false},cb=org.eclipse.jetty.server.HttpChannel$CommitCallback@2dcd3101]
       generate: NEED_HEADER (null,[p=0,l=4,c=24576,r=4],false)@START
      
15:06:47.365 [qtp1105322512-39 - /prefix/rest] DEBUG o.e.jetty.server.HttpConnection
       - org.eclipse.jetty.server.HttpConnection$SendCallback@30ac8764[PROCESSING][i=ResponseInfo{HTTP/1.1
       200 null,-1,false},cb=org.eclipse.jetty.server.HttpChannel$CommitCallback@2dcd3101]
       generate: FLUSH ([p=0,l=183,c=16384,r=183],[p=0,l=4,c=24576,r=4],false)@COMMITTED
      
15:06:47.366 [qtp1105322512-39 - /prefix/rest] DEBUG org.eclipse.jetty.io.WriteFlusher
       - write: WriteFlusher@340bd9d1{IDLE} [HeapByteBuffer@57fcf169[p=0,l=183,c=16384,r=183]={&amp;lt;&amp;lt;&amp;lt;HTTP/1.1
       200 OK\r\n...0150224)\r\n\r\n4\r\n&amp;gt;&amp;gt;&amp;gt;:
       Jetty(9.2.9.v20...\x00\x00\x00\x00\x00\x00\x00\x00\x00\x00\x00\x00\x00\x00\x00},HeapByteBuffer@fe9265dd[p=0,l=4,c=24576,r=4]={&amp;lt;&amp;lt;&amp;lt;rest&amp;gt;&amp;gt;&amp;gt;let\r\n\x00\x00\x00\x00\x00\x00\x00\x00\x00\x00\x00\x00...\x00\x00\x00\x00\x00\x00\x00\x00\x00\x00\x00\x00\x00\x00\x00}]
      
15:06:47.366 [qtp1105322512-39 - /prefix/rest] DEBUG org.eclipse.jetty.io.WriteFlusher
       - update WriteFlusher@340bd9d1{WRITING}:IDLE--&amp;gt;WRITING
      
15:06:47.366 [qtp1105322512-39 - /prefix/rest] DEBUG org.eclipse.jetty.io.ChannelEndPoint
       - flushed 187 SelectChannelEndPoint@b4011d3{/127.0.0.1:52021&amp;lt;-&amp;gt;8080,Open,in,out,-,W,9/60000,HttpConnection}{io=0,kio=0,kro=1}
      
15:06:47.366 [qtp1105322512-39 - /prefix/rest] DEBUG org.eclipse.jetty.io.WriteFlusher
       - update WriteFlusher@340bd9d1{IDLE}:WRITING--&amp;gt;IDLE
      
15:06:47.366 [qtp1105322512-39 - /prefix/rest] DEBUG o.e.jetty.server.HttpConnection
       - org.eclipse.jetty.server.HttpConnection$SendCallback@30ac8764[PROCESSING][i=ResponseInfo{HTTP/1.1
       200 null,-1,false},cb=org.eclipse.jetty.server.HttpChannel$CommitCallback@2dcd3101]
       generate: DONE ([p=183,l=183,c=16384,r=0],[p=4,l=4,c=24576,r=0],false)@COMMITTED
      
15:06:47.366 [qtp1105322512-39 - /prefix/rest] DEBUG org.eclipse.jetty.server.Server
       - RESPONSE /prefix/rest  200 handled=true
15:06:47.366 [qtp1105322512-39
       - /prefix/rest] DEBUG o.e.jetty.server.HttpChannelState -
       HttpChannelState@1178bbc2{s=DISPATCHED i=true a=null} unhandle
       DISPATCHED
15:06:47.366 [qtp1105322512-39 - /prefix/rest]
       DEBUG o.e.jetty.server.HttpConnection - org.eclipse.jetty.server.HttpConnection$SendCallback@30ac8764[PROCESSING][i=null,cb=Blocker@419b7e92{null}]
       generate: CONTINUE (null,[p=0,l=0,c=0,r=0],true)@COMPLETING
      
15:06:47.368 [qtp1105322512-39 - /prefix/rest] DEBUG o.e.jetty.server.HttpConnection
       - org.eclipse.jetty.server.HttpConnection$SendCallback@30ac8764[PROCESSING][i=null,cb=Blocker@419b7e92{null}]
       generate: NEED_CHUNK (null,[p=0,l=0,c=0,r=0],true)@COMPLETING
      
15:06:47.368 [qtp1105322512-39 - /prefix/rest] DEBUG o.e.jetty.server.HttpConnection
       - org.eclipse.jetty.server.HttpConnection$SendCallback@30ac8764[PROCESSING][i=null,cb=Blocker@419b7e92{null}]
       generate: FLUSH (null,[p=0,l=0,c=0,r=0],true)@COMPLETING
      
15:06:47.368 [qtp1105322512-39 - /prefix/rest] DEBUG org.eclipse.jetty.io.WriteFlusher
       - write: WriteFlusher@340bd9d1{IDLE} [HeapByteBuffer@6239c7f4[p=0,l=7,c=1024,r=7]={&amp;lt;&amp;lt;&amp;lt;\r\n0\r\n\r\n&amp;gt;&amp;gt;&amp;gt;\x00\x00\x00\x00\x00\x00\x00\x00\x00\x00\x00\x00\x00\x00\x00\x00\x00...\x00\x00\x00\x00\x00\x00\x00\x00\x00\x00\x00\x00\x00\x00\x00}]
      
15:06:47.368 [qtp1105322512-39 - /prefix/rest] DEBUG org.eclipse.jetty.io.WriteFlusher
       - update WriteFlusher@340bd9d1{WRITING}:IDLE--&amp;gt;WRITING
      
15:06:47.368 [qtp1105322512-39 - /prefix/rest] DEBUG org.eclipse.jetty.io.ChannelEndPoint
       - flushed 7 SelectChannelEndPoint@b4011d3{/127.0.0.1:52021&amp;lt;-&amp;gt;8080,Open,in,out,-,W,2/60000,HttpConnection}{io=0,kio=0,kro=1}
      
15:06:47.368 [qtp1105322512-39 - /prefix/rest] DEBUG org.eclipse.jetty.io.WriteFlusher
       - update WriteFlusher@340bd9d1{IDLE}:WRITING--&amp;gt;IDLE
      
15:06:47.369 [qtp1105322512-39 - /prefix/rest] DEBUG o.e.jetty.server.HttpConnection
       - org.eclipse.jetty.server.HttpConnection$SendCallback@30ac8764[PROCESSING][i=null,cb=Blocker@419b7e92{null}]
       generate: DONE (null,[p=0,l=0,c=0,r=0],true)@END
15:06:47.369
       [qtp1105322512-39 - /prefix/rest] DEBUG org.eclipse.jetty.http.HttpParser
       - reset HttpParser{s=END,0 of 0}
15:06:47.369 [qtp1105322512-39
       - /prefix/rest] DEBUG org.eclipse.jetty.http.HttpParser -
       END --&amp;gt; START
15:06:47.369 [qtp1105322512-39] DEBUG
       org.eclipse.jetty.server.HttpChannel - HttpChannelOverHttp@da9779e{r=1,c=false,a=IDLE,uri=-}
       handle exit, result COMPLETE
15:06:47.372 [qtp1105322512-37-acceptor-0@59402b8f-ServerConnector@6892b3b6{HTTP/1.1}{0.0.0.0:8080}]
       DEBUG org.eclipse.jetty.io.SelectorManager - Queued change
       org.eclipse.jetty.io.SelectorManager$ManagedSelector$Accept@347c833f
      
15:06:47.372 [qtp1105322512-34-selector-ServerConnectorManager@1530c739/1]
       DEBUG org.eclipse.jetty.io.SelectorManager - Selector loop
       woken up from select, 0/0 selected
15:06:47.372 [qtp1105322512-34-selector-ServerConnectorManager@1530c739/1]
       DEBUG org.eclipse.jetty.io.SelectorManager - Running change
       org.eclipse.jetty.io.SelectorManager$ManagedSelector$Accept@347c833f
      
15:06:47.372 [qtp1105322512-34-selector-ServerConnectorManager@1530c739/1]
       DEBUG o.eclipse.jetty.io.AbstractEndPoint - onOpen SelectChannelEndPoint@693eebc3{/127.0.0.1:52022&amp;lt;-&amp;gt;8080,Open,in,out,-,-,0/60000,null}{io=0,kio=0,kro=0}
      
15:06:47.373 [qtp1105322512-34-selector-ServerConnectorManager@1530c739/1]
       DEBUG org.eclipse.jetty.io.IdleTimeout - SelectChannelEndPoint@693eebc3{/127.0.0.1:52022&amp;lt;-&amp;gt;8080,Open,in,out,-,-,1/60000,null}{io=0,kio=0,kro=0}
       idle timeout check, elapsed: 0 ms, remaining: 60000 ms
15:06:47.373
       [qtp1105322512-34-selector-ServerConnectorManager@1530c739/1]
       DEBUG org.eclipse.jetty.server.HttpChannel - new HttpChannelOverHttp@349e25d5{r=0,c=false,a=IDLE,uri=-}
       -&amp;gt; SelectChannelEndPoint@693eebc3{/127.0.0.1:52022&amp;lt;-&amp;gt;8080,Open,in,out,-,-,1/60000,null}{io=0,kio=0,kro=0},null,HttpChannelState@ba293e5{s=IDLE
       i=true a=null}
15:06:47.373 [qtp1105322512-34-selector-ServerConnectorManager@1530c739/1]
       DEBUG o.e.jetty.server.HttpConnection - New HTTP Connection
       HttpConnection@231b9be0{IDLE}
15:06:47.373 [qtp1105322512-34-selector-ServerConnectorManager@1530c739/1]
       DEBUG o.e.jetty.io.AbstractConnection - onOpen HttpConnection@231b9be0{IDLE}
      
15:06:47.373 [qtp1105322512-34-selector-ServerConnectorManager@1530c739/1]
       DEBUG o.e.jetty.io.AbstractConnection - fillInterested HttpConnection@231b9be0{IDLE}
      
15:06:47.373 [qtp1105322512-34-selector-ServerConnectorManager@1530c739/1]
       DEBUG o.e.jetty.io.AbstractConnection - IDLE--&amp;gt;FILL_INTERESTED
       HttpConnection@231b9be0{FILL_INTERESTED}
15:06:47.373 [qtp1105322512-34-selector-ServerConnectorManager@1530c739/1]
       DEBUG o.e.jetty.io.SelectChannelEndPoint - Local interests
       updating 0 -&amp;gt; 1 for SelectChannelEndPoint@693eebc3{/127.0.0.1:52022&amp;lt;-&amp;gt;8080,Open,in,out,R,-,0/60000,HttpConnection}{io=1,kio=0,kro=0}
      
15:06:47.373 [qtp1105322512-34-selector-ServerConnectorManager@1530c739/1]
       DEBUG org.eclipse.jetty.io.SelectorManager - Running change
       org.eclipse.jetty.io.SelectChannelEndPoint$1@3d650cb3
15:06:47.373
       [qtp1105322512-34-selector-ServerConnectorManager@1530c739/1]
       DEBUG o.e.jetty.io.SelectChannelEndPoint - Key interests updated
       0 -&amp;gt; 1 on SelectChannelEndPoint@693eebc3{/127.0.0.1:52022&amp;lt;-&amp;gt;8080,Open,in,out,R,-,0/60000,HttpConnection}{io=1,kio=1,kro=0}
      
15:06:47.374 [qtp1105322512-34-selector-ServerConnectorManager@1530c739/1]
       DEBUG org.eclipse.jetty.io.SelectorManager - Created SelectChannelEndPoint@693eebc3{/127.0.0.1:52022&amp;lt;-&amp;gt;8080,Open,in,out,R,-,1/60000,HttpConnection}{io=1,kio=1,kro=0}
      
15:06:47.374 [qtp1105322512-34-selector-ServerConnectorManager@1530c739/1]
       DEBUG org.eclipse.jetty.io.SelectorManager - Selector loop
       waiting on select
15:06:47.374 [qtp1105322512-34-selector-ServerConnectorManager@1530c739/1]
       DEBUG org.eclipse.jetty.io.SelectorManager - Selector loop
       woken up from select, 1/1 selected
15:06:47.374 [qtp1105322512-34-selector-ServerConnectorManager@1530c739/1]
       DEBUG o.e.jetty.io.SelectChannelEndPoint - Key interests updated
       1 -&amp;gt; 0 on SelectChannelEndPoint@693eebc3{/127.0.0.1:52022&amp;lt;-&amp;gt;8080,Open,in,out,R,-,1/60000,HttpConnection}{io=1,kio=0,kro=1}
      
15:06:47.374 [qtp1105322512-34-selector-ServerConnectorManager@1530c739/1]
       DEBUG o.e.jetty.io.SelectChannelEndPoint - Local interests
       updating 1 -&amp;gt; 0 for SelectChannelEndPoint@693eebc3{/127.0.0.1:52022&amp;lt;-&amp;gt;8080,Open,in,out,R,-,1/60000,HttpConnection}{io=0,kio=0,kro=1}
      
15:06:47.374 [qtp1105322512-34-selector-ServerConnectorManager@1530c739/1]
       DEBUG org.eclipse.jetty.io.SelectorManager - Running change
       org.eclipse.jetty.io.SelectChannelEndPoint$1@3d650cb3
15:06:47.374
       [qtp1105322512-34-selector-ServerConnectorManager@1530c739/1]
       DEBUG o.e.jetty.io.AbstractConnection - FILL_INTERESTED--&amp;gt;FILLING
       HttpConnection@231b9be0{FILLING}
15:06:47.374 [qtp1105322512-34-selector-ServerConnectorManager@1530c739/1]
       DEBUG org.eclipse.jetty.io.SelectorManager - Selector loop
       waiting on select
15:06:47.436 [qtp1105322512-39] DEBUG org.eclipse.jetty.io.ChannelEndPoint
       - 
java.io.IOException: An established connection was aborted
       by the software in your host machine
	at sun.nio.ch.SocketDispatcher.read0(Native
       Method) ~[na:1.8.0_40]
	at sun.nio.ch.SocketDispatcher.read(Unknown
       Source) ~[na:1.8.0_40]
	at sun.nio.ch.IOUtil.readIntoNativeBuffer(Unknown
       Source) ~[na:1.8.0_40]
	at sun.nio.ch.IOUtil.read(Unknown
       Source) ~[na:1.8.0_40]
	at sun.nio.ch.SocketChannelImpl.read(Unknown
       Source) ~[na:1.8.0_40]
	at org.eclipse.jetty.io.ChannelEndPoint.fill(ChannelEndPoint.java:140)
       ~[na:na]
	at org.eclipse.jetty.server.HttpConnection.onFillable(HttpConnection.java:239)
       ~[na:na]
	at org.eclipse.jetty.io.AbstractConnection$2.run(AbstractConnection.java:540)
       ~[na:na]
	at org.eclipse.jetty.util.thread.QueuedThreadPool.runJob(QueuedThreadPool.java:635)
       ~[na:na]
	at org.eclipse.jetty.util.thread.QueuedThreadPool$3.run(QueuedThreadPool.java:555)
       ~[na:na]
	at java.lang.Thread.run(Unknown Source) ~[na:1.8.0_40]
      
15:06:47.436 [qtp1105322512-39] DEBUG org.eclipse.jetty.io.ChannelEndPoint
       - ishut SelectChannelEndPoint@b4011d3{/127.0.0.1:52021&amp;lt;-&amp;gt;8080,Open,in,out,-,-,68/60000,HttpConnection}{io=0,kio=0,kro=1}
      
15:06:47.436 [qtp1105322512-39] DEBUG org.eclipse.jetty.http.HttpParser
       - atEOF HttpParser{s=START,0 of -1}
15:06:47.436 [qtp1105322512-39]
       DEBUG org.eclipse.jetty.http.HttpParser - parseNext s=START
       HeapByteBuffer@c306fb7a[p=0,l=0,c=8192,r=0]={&amp;lt;&amp;lt;&amp;lt;&amp;gt;&amp;gt;&amp;gt;GET
       /servlet HTTP...\x00\x00\x00\x00\x00\x00\x00\x00\x00\x00\x00\x00\x00\x00\x00}
      
15:06:47.436 [qtp1105322512-39] DEBUG org.eclipse.jetty.http.HttpParser
       - START --&amp;gt; CLOSED
15:06:47.437 [qtp1105322512-39]
       DEBUG o.eclipse.jetty.io.AbstractEndPoint - onClose SelectChannelEndPoint@b4011d3{/127.0.0.1:52021&amp;lt;-&amp;gt;8080,CLOSED,ISHUT,out,-,-,68/60000,HttpConnection}{io=0,kio=0,kro=1}
      
15:06:47.437 [qtp1105322512-39] DEBUG org.eclipse.jetty.io.ChannelEndPoint
       - close SelectChannelEndPoint@b4011d3{/127.0.0.1:52021&amp;lt;-&amp;gt;8080,CLOSED,ISHUT,out,-,-,69/60000,HttpConnection}{io=0,kio=0,kro=1}
      
15:06:47.437 [qtp1105322512-39] DEBUG org.eclipse.jetty.io.SelectorManager
       - Destroyed SelectChannelEndPoint@b4011d3{/127.0.0.1:52021&amp;lt;-&amp;gt;8080,CLOSED,ISHUT,OSHUT,-,-,69/60000,HttpConnection}{io=0,kio=-1,kro=-1}
      
15:06:47.437 [qtp1105322512-39] DEBUG o.e.jetty.io.AbstractConnection
       - onClose HttpConnection@2d581a14{FILLING}
15:06:47.437 [qtp1105322512-39]
       DEBUG o.eclipse.jetty.io.AbstractEndPoint - onClose SelectChannelEndPoint@b4011d3{/127.0.0.1:52021&amp;lt;-&amp;gt;8080,CLOSED,ISHUT,OSHUT,-,-,69/60000,HttpConnection}{io=0,kio=-1,kro=-1}
      
15:06:47.437 [qtp1105322512-39] DEBUG o.e.jetty.io.AbstractConnection
       - FILLING--&amp;gt;IDLE HttpConnection@2d581a14{IDLE}
15:06:47.437
       [qtp1105322512-39] DEBUG o.e.jetty.server.HttpConnection -
       HttpConnection@231b9be0{FILLING} onFillable HttpChannelState@ba293e5{s=IDLE
       i=true a=null}
15:06:47.437 [qtp1105322512-39] DEBUG org.eclipse.jetty.io.ChannelEndPoint
       - filled 159 SelectChannelEndPoint@693eebc3{/127.0.0.1:52022&amp;lt;-&amp;gt;8080,Open,in,out,-,-,64/60000,HttpConnection}{io=0,kio=0,kro=1}
      
15:06:47.437 [qtp1105322512-39] DEBUG org.eclipse.jetty.http.HttpParser
       - parseNext s=START HeapByteBuffer@a8cc5644[p=0,l=159,c=8192,r=159]={&amp;lt;&amp;lt;&amp;lt;GET
       /filter HTTP/... keep-alive\r\n\r\n&amp;gt;&amp;gt;&amp;gt;e\r\n\r\n\x00\x00\x00\x00\x00\x00\x00\x00\x00\x00\x00\x00...\x00\x00\x00\x00\x00\x00\x00\x00\x00\x00\x00\x00\x00\x00\x00}
      
15:06:47.437 [qtp1105322512-39] DEBUG org.eclipse.jetty.http.HttpParser
       - START --&amp;gt; SPACE1
15:06:47.437 [qtp1105322512-39]
       DEBUG org.eclipse.jetty.http.HttpParser - SPACE1 --&amp;gt;
       URI
15:06:47.437 [qtp1105322512-39] DEBUG org.eclipse.jetty.http.HttpParser
       - URI --&amp;gt; SPACE2
15:06:47.437 [qtp1105322512-39] DEBUG
       org.eclipse.jetty.http.HttpParser - SPACE2 --&amp;gt; REQUEST_VERSION
      
15:06:47.437 [qtp1105322512-39] DEBUG org.eclipse.jetty.http.HttpParser
       - REQUEST_VERSION --&amp;gt; HEADER
15:06:47.437 [qtp1105322512-39]
       DEBUG org.eclipse.jetty.http.HttpParser - HEADER --&amp;gt;
       HEADER_VALUE
15:06:47.438 [qtp1105322512-39] DEBUG org.eclipse.jetty.http.HttpParser
       - HEADER_VALUE --&amp;gt; HEADER_IN_VALUE
15:06:47.438 [qtp1105322512-39]
       DEBUG org.eclipse.jetty.http.HttpParser - HEADER_IN_VALUE
       --&amp;gt; HEADER
15:06:47.438 [qtp1105322512-39] DEBUG org.eclipse.jetty.http.HttpParser
       - HEADER --&amp;gt; HEADER_VALUE
15:06:47.438 [qtp1105322512-39]
       DEBUG org.eclipse.jetty.http.HttpParser - HEADER_VALUE --&amp;gt;
       HEADER_IN_VALUE
15:06:47.439 [qtp1105322512-39] DEBUG org.eclipse.jetty.http.HttpParser
       - HEADER_IN_VALUE --&amp;gt; HEADER
15:06:47.439 [qtp1105322512-39]
       DEBUG org.eclipse.jetty.http.HttpParser - HEADER --&amp;gt;
       HEADER_VALUE
15:06:47.439 [qtp1105322512-39] DEBUG org.eclipse.jetty.http.HttpParser
       - HEADER_VALUE --&amp;gt; HEADER_IN_VALUE
15:06:47.439 [qtp1105322512-39]
       DEBUG org.eclipse.jetty.http.HttpParser - HEADER_IN_VALUE
       --&amp;gt; HEADER
15:06:47.439 [qtp1105322512-39] DEBUG org.eclipse.jetty.http.HttpParser
       - HEADER --&amp;gt; HEADER_IN_VALUE
15:06:47.439 [qtp1105322512-39]
       DEBUG org.eclipse.jetty.http.HttpParser - HEADER_IN_VALUE
       --&amp;gt; HEADER
15:06:47.439 [qtp1105322512-39] DEBUG org.eclipse.jetty.http.HttpParser
       - HEADER --&amp;gt; END
15:06:47.439 [qtp1105322512-39] DEBUG
       org.eclipse.jetty.server.HttpChannel - HttpChannelOverHttp@349e25d5{r=1,c=false,a=IDLE,uri=-}
       messageComplete
15:06:47.440 [qtp1105322512-39] DEBUG org.eclipse.jetty.server.HttpInput
       - HttpInputOverHTTP@15d84662 EOF
15:06:47.440 [qtp1105322512-39]
       DEBUG org.eclipse.jetty.server.HttpChannel - HttpChannelOverHttp@349e25d5{r=1,c=false,a=IDLE,uri=-}
       handle enter
15:06:47.440 [qtp1105322512-39 - /filter] DEBUG
       o.e.jetty.server.HttpChannelState - HttpChannelState@ba293e5{s=IDLE
       i=true a=null} handling IDLE
15:06:47.440 [qtp1105322512-39
       - /filter] DEBUG org.eclipse.jetty.server.HttpChannel - HttpChannelOverHttp@349e25d5{r=1,c=false,a=DISPATCHED,uri=/filter}
       action REQUEST_DISPATCH
15:06:47.440 [qtp1105322512-39 -
       /filter] DEBUG org.eclipse.jetty.server.Server - REQUEST GET
       /filter on HttpChannelOverHttp@349e25d5{r=1,c=false,a=DISPATCHED,uri=/filter}
      
15:06:47.440 [qtp1105322512-39 - /filter] DEBUG o.e.j.server.handler.ContextHandler
       - scope null||/filter @ o.e.j.s.ServletContextHandler@6f46426d{/,null,AVAILABLE}
      
15:06:47.440 [qtp1105322512-39 - /filter] DEBUG o.e.j.server.handler.ContextHandler
       - context=||/filter @ o.e.j.s.ServletContextHandler@6f46426d{/,null,AVAILABLE}
      
15:06:47.440 [qtp1105322512-39 - /filter] DEBUG org.eclipse.jetty.server.session
       - sessionManager=org.eclipse.jetty.server.session.HashSessionManager@32ee6fee
      
15:06:47.440 [qtp1105322512-39 - /filter] DEBUG org.eclipse.jetty.server.session
       - session=null
15:06:47.440 [qtp1105322512-39 - /filter]
       DEBUG o.e.jetty.servlet.ServletHandler - servlet ||/filter
       -&amp;gt; org.apache.felix.http.base.internal.DispatcherServlet-4738a206@cebacce0==org.apache.felix.http.base.internal.DispatcherServlet,-1,true
      
15:06:47.441 [qtp1105322512-39 - /filter] DEBUG o.e.jetty.servlet.ServletHandler
       - chain=null
15:06:47.441 [qtp1105322512-39 - /filter] DEBUG
       o.e.jetty.server.HttpConnection - org.eclipse.jetty.server.HttpConnection$SendCallback@51d928e1[PROCESSING][i=ResponseInfo{HTTP/1.1
       404 null,284,false},cb=org.eclipse.jetty.server.HttpChannel$CommitCallback@3b76a65a]
       generate: NEED_HEADER (null,[p=0,l=284,c=2048,r=284],true)@START
      
15:06:47.441 [qtp1105322512-39 - /filter] DEBUG o.e.jetty.server.HttpConnection
       - org.eclipse.jetty.server.HttpConnection$SendCallback@51d928e1[PROCESSING][i=ResponseInfo{HTTP/1.1
       404 null,284,false},cb=org.eclipse.jetty.server.HttpChannel$CommitCallback@3b76a65a]
       generate: FLUSH ([p=0,l=249,c=16384,r=249],[p=0,l=284,c=2048,r=284],true)@COMPLETING
      
15:06:47.441 [qtp1105322512-39 - /filter] DEBUG org.eclipse.jetty.io.WriteFlusher
       - write: WriteFlusher@21833048{IDLE} [HeapByteBuffer@f94054e2[p=0,l=249,c=16384,r=249]={&amp;lt;&amp;lt;&amp;lt;HTTP/1.1
       404 Not ....v20150224)\r\n\r\n&amp;gt;&amp;gt;&amp;gt;y(9.2.9.v20150224...\x00\x00\x00\x00\x00\x00\x00\x00\x00\x00\x00\x00\x00\x00\x00},HeapByteBuffer@512e049c[p=0,l=284,c=2048,r=284]={&amp;lt;&amp;lt;&amp;lt;&amp;lt;html&amp;gt;\n&amp;lt;head&amp;gt;\n&amp;lt;me.../body&amp;gt;\n&amp;lt;/html&amp;gt;\n&amp;gt;&amp;gt;&amp;gt;\x00\x00\x00\x00\x00\x00\x00\x00\x00\x00\x00\x00\x00\x00\x00\x00\x00...\x00\x00\x00\x00\x00\x00\x00\x00\x00\x00\x00\x00\x00\x00\x00}]
      
15:06:47.441 [qtp1105322512-39 - /filter] DEBUG org.eclipse.jetty.io.WriteFlusher
       - update WriteFlusher@21833048{WRITING}:IDLE--&amp;gt;WRITING
      
15:06:47.442 [qtp1105322512-39 - /filter] DEBUG org.eclipse.jetty.io.ChannelEndPoint
       - flushed 533 SelectChannelEndPoint@693eebc3{/127.0.0.1:52022&amp;lt;-&amp;gt;8080,Open,in,out,-,W,5/60000,HttpConnection}{io=0,kio=0,kro=1}
      
15:06:47.442 [qtp1105322512-39 - /filter] DEBUG org.eclipse.jetty.io.WriteFlusher
       - update WriteFlusher@21833048{IDLE}:WRITING--&amp;gt;IDLE
      
15:06:47.442 [qtp1105322512-39 - /filter] DEBUG o.e.jetty.server.HttpConnection
       - org.eclipse.jetty.server.HttpConnection$SendCallback@51d928e1[PROCESSING][i=ResponseInfo{HTTP/1.1
       404 null,284,false},cb=org.eclipse.jetty.server.HttpChannel$CommitCallback@3b76a65a]
       generate: DONE ([p=249,l=249,c=16384,r=0],[p=284,l=284,c=2048,r=0],true)@END
      
15:06:47.442 [qtp1105322512-39 - /filter] DEBUG org.eclipse.jetty.server.Server
       - RESPONSE /filter  404 handled=true
15:06:47.442 [qtp1105322512-39
       - /filter] DEBUG o.e.jetty.server.HttpChannelState - HttpChannelState@ba293e5{s=DISPATCHED
       i=true a=null} unhandle DISPATCHED
15:06:47.442 [qtp1105322512-39
       - /filter] DEBUG org.eclipse.jetty.http.HttpParser - reset
       HttpParser{s=END,0 of 0}
15:06:47.442 [qtp1105322512-39 -
       /filter] DEBUG org.eclipse.jetty.http.HttpParser - END --&amp;gt;
       START
15:06:47.442 [qtp1105322512-39] DEBUG org.eclipse.jetty.server.HttpChannel
       - HttpChannelOverHttp@349e25d5{r=1,c=false,a=IDLE,uri=-} handle
       exit, result COMPLETE
15:06:47.446 [qtp1105322512-37-acceptor-0@59402b8f-ServerConnector@6892b3b6{HTTP/1.1}{0.0.0.0:8080}]
       DEBUG org.eclipse.jetty.io.SelectorManager - Queued change
       org.eclipse.jetty.io.SelectorManager$ManagedSelector$Accept@803c46d
      
15:06:47.457 [qtp1105322512-39] DEBUG org.eclipse.jetty.io.ChannelEndPoint
       - filled -1 SelectChannelEndPoint@693eebc3{/127.0.0.1:52022&amp;lt;-&amp;gt;8080,Open,in,out,-,-,15/60000,HttpConnection}{io=0,kio=0,kro=1}
      
15:06:47.458 [qtp1105322512-33-selector-ServerConnectorManager@1530c739/0]
       DEBUG org.eclipse.jetty.io.SelectorManager - Selector loop
       woken up from select, 0/0 selected
15:06:47.458 [qtp1105322512-39]
       DEBUG org.eclipse.jetty.io.ChannelEndPoint - ishut SelectChannelEndPoint@693eebc3{/127.0.0.1:52022&amp;lt;-&amp;gt;8080,Open,in,out,-,-,16/60000,HttpConnection}{io=0,kio=0,kro=1}
      
15:06:47.459 [qtp1105322512-33-selector-ServerConnectorManager@1530c739/0]
       DEBUG org.eclipse.jetty.io.SelectorManager - Running change
       org.eclipse.jetty.io.SelectorManager$ManagedSelector$Accept@803c46d
      
15:06:47.459 [qtp1105322512-39] DEBUG org.eclipse.jetty.http.HttpParser
       - atEOF HttpParser{s=START,0 of -1}
15:06:47.459 [qtp1105322512-33-selector-ServerConnectorManager@1530c739/0]
       DEBUG o.eclipse.jetty.io.AbstractEndPoint - onOpen SelectChannelEndPoint@34bcdf5f{/127.0.0.1:52023&amp;lt;-&amp;gt;8080,Open,in,out,-,-,0/60000,null}{io=0,kio=0,kro=0}
      
15:06:47.459 [qtp1105322512-39] DEBUG org.eclipse.jetty.http.HttpParser
       - parseNext s=START HeapByteBuffer@c306fb7a[p=0,l=0,c=8192,r=0]={&amp;lt;&amp;lt;&amp;lt;&amp;gt;&amp;gt;&amp;gt;GET
       /servlet HTTP...\x00\x00\x00\x00\x00\x00\x00\x00\x00\x00\x00\x00\x00\x00\x00}
      
15:06:47.459 [qtp1105322512-33-selector-ServerConnectorManager@1530c739/0]
       DEBUG org.eclipse.jetty.io.IdleTimeout - SelectChannelEndPoint@34bcdf5f{/127.0.0.1:52023&amp;lt;-&amp;gt;8080,Open,in,out,-,-,0/60000,null}{io=0,kio=0,kro=0}
       idle timeout check, elapsed: 0 ms, remaining: 60000 ms
15:06:47.459
       [qtp1105322512-39] DEBUG org.eclipse.jetty.http.HttpParser
       - START --&amp;gt; CLOSED
15:06:47.460 [qtp1105322512-33-selector-ServerConnectorManager@1530c739/0]
       DEBUG org.eclipse.jetty.server.HttpChannel - new HttpChannelOverHttp@5959eb66{r=0,c=false,a=IDLE,uri=-}
       -&amp;gt; SelectChannelEndPoint@34bcdf5f{/127.0.0.1:52023&amp;lt;-&amp;gt;8080,Open,in,out,-,-,1/60000,null}{io=0,kio=0,kro=0},null,HttpChannelState@15cfdac8{s=IDLE
       i=true a=null}
15:06:47.460 [qtp1105322512-39] DEBUG o.eclipse.jetty.io.AbstractEndPoint
       - onClose SelectChannelEndPoint@693eebc3{/127.0.0.1:52022&amp;lt;-&amp;gt;8080,CLOSED,ISHUT,out,-,-,18/60000,HttpConnection}{io=0,kio=0,kro=1}
      
15:06:47.460 [qtp1105322512-33-selector-ServerConnectorManager@1530c739/0]
       DEBUG o.e.jetty.server.HttpConnection - New HTTP Connection
       HttpConnection@3665168{IDLE}
15:06:47.460 [qtp1105322512-39]
       DEBUG org.eclipse.jetty.io.ChannelEndPoint - close SelectChannelEndPoint@693eebc3{/127.0.0.1:52022&amp;lt;-&amp;gt;8080,CLOSED,ISHUT,out,-,-,18/60000,HttpConnection}{io=0,kio=0,kro=1}
      
15:06:47.461 [qtp1105322512-33-selector-ServerConnectorManager@1530c739/0]
       DEBUG o.e.jetty.io.AbstractConnection - onOpen HttpConnection@3665168{IDLE}
      
15:06:47.461 [qtp1105322512-39] DEBUG org.eclipse.jetty.io.SelectorManager
       - Destroyed SelectChannelEndPoint@693eebc3{/127.0.0.1:52022&amp;lt;-&amp;gt;8080,CLOSED,ISHUT,OSHUT,-,-,19/60000,HttpConnection}{io=0,kio=-1,kro=-1}
      
15:06:47.461 [qtp1105322512-33-selector-ServerConnectorManager@1530c739/0]
       DEBUG o.e.jetty.io.AbstractConnection - fillInterested HttpConnection@3665168{IDLE}
      
15:06:47.461 [qtp1105322512-39] DEBUG o.e.jetty.io.AbstractConnection
       - onClose HttpConnection@231b9be0{FILLING}
15:06:47.461 [qtp1105322512-33-selector-ServerConnectorManager@1530c739/0]
       DEBUG o.e.jetty.io.AbstractConnection - IDLE--&amp;gt;FILL_INTERESTED
       HttpConnection@3665168{FILL_INTERESTED}
15:06:47.461 [qtp1105322512-39]
       DEBUG o.eclipse.jetty.io.AbstractEndPoint - onClose SelectChannelEndPoint@693eebc3{/127.0.0.1:52022&amp;lt;-&amp;gt;8080,CLOSED,ISHUT,OSHUT,-,-,19/60000,HttpConnection}{io=0,kio=-1,kro=-1}
      
15:06:47.461 [qtp1105322512-33-selector-ServerConnectorManager@1530c739/0]
       DEBUG o.e.jetty.io.SelectChannelEndPoint - Local interests
       updating 0 -&amp;gt; 1 for SelectChannelEndPoint@34bcdf5f{/127.0.0.1:52023&amp;lt;-&amp;gt;8080,Open,in,out,R,-,0/60000,HttpConnection}{io=1,kio=0,kro=0}
      
15:06:47.462 [qtp1105322512-39] DEBUG o.e.jetty.io.AbstractConnection
       - FILLING--&amp;gt;IDLE HttpConnection@231b9be0{IDLE}
15:06:47.462
       [qtp1105322512-33-selector-ServerConnectorManager@1530c739/0]
       DEBUG org.eclipse.jetty.io.SelectorManager - Running change
       org.eclipse.jetty.io.SelectChannelEndPoint$1@51f2207c
15:06:47.470
       [qtp1105322512-33-selector-ServerConnectorManager@1530c739/0]
       DEBUG o.e.jetty.io.SelectChannelEndPoint - Key interests updated
       0 -&amp;gt; 1 on SelectChannelEndPoint@34bcdf5f{/127.0.0.1:52023&amp;lt;-&amp;gt;8080,Open,in,out,R,-,9/60000,HttpConnection}{io=1,kio=1,kro=0}
      
15:06:47.471 [qtp1105322512-33-selector-ServerConnectorManager@1530c739/0]
       DEBUG org.eclipse.jetty.io.SelectorManager - Created SelectChannelEndPoint@34bcdf5f{/127.0.0.1:52023&amp;lt;-&amp;gt;8080,Open,in,out,R,-,10/60000,HttpConnection}{io=1,kio=1,kro=0}
      
15:06:47.471 [qtp1105322512-33-selector-ServerConnectorManager@1530c739/0]
       DEBUG org.eclipse.jetty.io.SelectorManager - Selector loop
       waiting on select
15:06:47.471 [qtp1105322512-33-selector-ServerConnectorManager@1530c739/0]
       DEBUG org.eclipse.jetty.io.SelectorManager - Selector loop
       woken up from select, 1/1 selected
15:06:47.471 [qtp1105322512-33-selector-ServerConnectorManager@1530c739/0]
       DEBUG o.e.jetty.io.SelectChannelEndPoint - Key interests updated
       1 -&amp;gt; 0 on SelectChannelEndPoint@34bcdf5f{/127.0.0.1:52023&amp;lt;-&amp;gt;8080,Open,in,out,R,-,10/60000,HttpConnection}{io=1,kio=0,kro=1}
      
15:06:47.471 [qtp1105322512-33-selector-ServerConnectorManager@1530c739/0]
       DEBUG o.e.jetty.io.SelectChannelEndPoint - Local interests
       updating 1 -&amp;gt; 0 for SelectChannelEndPoint@34bcdf5f{/127.0.0.1:52023&amp;lt;-&amp;gt;8080,Open,in,out,R,-,10/60000,HttpConnection}{io=0,kio=0,kro=1}
      
15:06:47.471 [qtp1105322512-33-selector-ServerConnectorManager@1530c739/0]
       DEBUG org.eclipse.jetty.io.SelectorManager - Running change
       org.eclipse.jetty.io.SelectChannelEndPoint$1@51f2207c
15:06:47.471
       [qtp1105322512-33-selector-ServerConnectorManager@1530c739/0]
       DEBUG o.e.jetty.io.AbstractConnection - FILL_INTERESTED--&amp;gt;FILLING
       HttpConnection@3665168{FILLING}
15:06:47.471 [qtp1105322512-33-selector-ServerConnectorManager@1530c739/0]
       DEBUG org.eclipse.jetty.io.SelectorManager - Selector loop
       waiting on select
15:06:47.471 [qtp1105322512-32] DEBUG o.e.jetty.server.HttpConnection
       - HttpConnection@3665168{FILLING} onFillable HttpChannelState@15cfdac8{s=IDLE
       i=true a=null}
15:06:47.472 [qtp1105322512-32] DEBUG org.eclipse.jetty.io.ChannelEndPoint
       - filled 160 SelectChannelEndPoint@34bcdf5f{/127.0.0.1:52023&amp;lt;-&amp;gt;8080,Open,in,out,-,-,11/60000,HttpConnection}{io=0,kio=0,kro=1}
      
15:06:47.472 [qtp1105322512-32] DEBUG org.eclipse.jetty.http.HttpParser
       - parseNext s=START HeapByteBuffer@c306fb7a[p=0,l=160,c=8192,r=160]={&amp;lt;&amp;lt;&amp;lt;GET
       /servlet HTTP... keep-alive\r\n\r\n&amp;gt;&amp;gt;&amp;gt;\r\n\r\n\x00\x00\x00\x00\x00\x00\x00\x00\x00\x00\x00\x00\x00...\x00\x00\x00\x00\x00\x00\x00\x00\x00\x00\x00\x00\x00\x00\x00}
      
15:06:47.472 [qtp1105322512-32] DEBUG org.eclipse.jetty.http.HttpParser
       - START --&amp;gt; SPACE1
15:06:47.472 [qtp1105322512-32]
       DEBUG org.eclipse.jetty.http.HttpParser - SPACE1 --&amp;gt;
       URI
15:06:47.472 [qtp1105322512-32] DEBUG org.eclipse.jetty.http.HttpParser
       - URI --&amp;gt; SPACE2
15:06:47.472 [qtp1105322512-32] DEBUG
       org.eclipse.jetty.http.HttpParser - SPACE2 --&amp;gt; REQUEST_VERSION
      
15:06:47.472 [qtp1105322512-32] DEBUG org.eclipse.jetty.http.HttpParser
       - REQUEST_VERSION --&amp;gt; HEADER
15:06:47.472 [qtp1105322512-32]
       DEBUG org.eclipse.jetty.http.HttpParser - HEADER --&amp;gt;
       HEADER_VALUE
15:06:47.472 [qtp1105322512-32] DEBUG org.eclipse.jetty.http.HttpParser
       - HEADER_VALUE --&amp;gt; HEADER_IN_VALUE
15:06:47.472 [qtp1105322512-32]
       DEBUG org.eclipse.jetty.http.HttpParser - HEADER_IN_VALUE
       --&amp;gt; HEADER
15:06:47.472 [qtp1105322512-32] DEBUG org.eclipse.jetty.http.HttpParser
       - HEADER --&amp;gt; HEADER_VALUE
15:06:47.472 [qtp1105322512-32]
       DEBUG org.eclipse.jetty.http.HttpParser - HEADER_VALUE --&amp;gt;
       HEADER_IN_VALUE
15:06:47.472 [qtp1105322512-32] DEBUG org.eclipse.jetty.http.HttpParser
       - HEADER_IN_VALUE --&amp;gt; HEADER
15:06:47.472 [qtp1105322512-32]
       DEBUG org.eclipse.jetty.http.HttpParser - HEADER --&amp;gt;
       HEADER_VALUE
15:06:47.472 [qtp1105322512-32] DEBUG org.eclipse.jetty.http.HttpParser
       - HEADER_VALUE --&amp;gt; HEADER_IN_VALUE
15:06:47.472 [qtp1105322512-32]
       DEBUG org.eclipse.jetty.http.HttpParser - HEADER_IN_VALUE
       --&amp;gt; HEADER
15:06:47.472 [qtp1105322512-32] DEBUG org.eclipse.jetty.http.HttpParser
       - HEADER --&amp;gt; HEADER_IN_VALUE
15:06:47.472 [qtp1105322512-32]
       DEBUG org.eclipse.jetty.http.HttpParser - HEADER_IN_VALUE
       --&amp;gt; HEADER
15:06:47.472 [qtp1105322512-32] DEBUG org.eclipse.jetty.http.HttpParser
       - HEADER --&amp;gt; END
15:06:47.472 [qtp1105322512-32] DEBUG
       org.eclipse.jetty.server.HttpChannel - HttpChannelOverHttp@5959eb66{r=1,c=false,a=IDLE,uri=-}
       messageComplete
15:06:47.473 [qtp1105322512-32] DEBUG org.eclipse.jetty.server.HttpInput
       - HttpInputOverHTTP@27467f63 EOF
15:06:47.473 [qtp1105322512-32]
       DEBUG org.eclipse.jetty.server.HttpChannel - HttpChannelOverHttp@5959eb66{r=1,c=false,a=IDLE,uri=-}
       handle enter
15:06:47.473 [qtp1105322512-32 - /servlet] DEBUG
       o.e.jetty.server.HttpChannelState - HttpChannelState@15cfdac8{s=IDLE
       i=true a=null} handling IDLE
15:06:47.473 [qtp1105322512-32
       - /servlet] DEBUG org.eclipse.jetty.server.HttpChannel - HttpChannelOverHttp@5959eb66{r=1,c=false,a=DISPATCHED,uri=/servlet}
       action REQUEST_DISPATCH
15:06:47.473 [qtp1105322512-32 -
       /servlet] DEBUG org.eclipse.jetty.server.Server - REQUEST
       GET /servlet on HttpChannelOverHttp@5959eb66{r=1,c=false,a=DISPATCHED,uri=/servlet}
      
15:06:47.473 [qtp1105322512-32 - /servlet] DEBUG o.e.j.server.handler.ContextHandler
       - scope null||/servlet @ o.e.j.s.ServletContextHandler@6f46426d{/,null,AVAILABLE}
      
15:06:47.473 [qtp1105322512-32 - /servlet] DEBUG o.e.j.server.handler.ContextHandler
       - context=||/servlet @ o.e.j.s.ServletContextHandler@6f46426d{/,null,AVAILABLE}
      
15:06:47.473 [qtp1105322512-32 - /servlet] DEBUG org.eclipse.jetty.server.session
       - sessionManager=org.eclipse.jetty.server.session.HashSessionManager@32ee6fee
      
15:06:47.473 [qtp1105322512-32 - /servlet] DEBUG org.eclipse.jetty.server.session
       - session=null
15:06:47.473 [qtp1105322512-32 - /servlet]
       DEBUG o.e.jetty.servlet.ServletHandler - servlet ||/servlet
       -&amp;gt; org.apache.felix.http.base.internal.DispatcherServlet-4738a206@cebacce0==org.apache.felix.http.base.internal.DispatcherServlet,-1,true
      
15:06:47.473 [qtp1105322512-32 - /servlet] DEBUG o.e.jetty.servlet.ServletHandler
       - chain=null
15:06:47.474 [qtp1105322512-32 - /servlet] DEBUG
       o.e.jetty.server.HttpConnection - org.eclipse.jetty.server.HttpConnection$SendCallback@a2f30b8[PROCESSING][i=ResponseInfo{HTTP/1.1
       404 null,285,false},cb=org.eclipse.jetty.server.HttpChannel$CommitCallback@531208b0]
       generate: NEED_HEADER (null,[p=0,l=285,c=2048,r=285],true)@START
      
15:06:47.475 [qtp1105322512-32 - /servlet] DEBUG o.e.jetty.server.HttpConnection
       - org.eclipse.jetty.server.HttpConnection$SendCallback@a2f30b8[PROCESSING][i=ResponseInfo{HTTP/1.1
       404 null,285,false},cb=org.eclipse.jetty.server.HttpChannel$CommitCallback@531208b0]
       generate: FLUSH ([p=0,l=249,c=16384,r=249],[p=0,l=285,c=2048,r=285],true)@COMPLETING
      
15:06:47.475 [qtp1105322512-32 - /servlet] DEBUG org.eclipse.jetty.io.WriteFlusher
       - write: WriteFlusher@4fa89794{IDLE} [HeapByteBuffer@fd7b9f01[p=0,l=249,c=16384,r=249]={&amp;lt;&amp;lt;&amp;lt;HTTP/1.1
       404 Not ....v20150224)\r\n\r\n&amp;gt;&amp;gt;&amp;gt;y(9.2.9.v20150224...\x00\x00\x00\x00\x00\x00\x00\x00\x00\x00\x00\x00\x00\x00\x00},HeapByteBuffer@73e579e1[p=0,l=285,c=2048,r=285]={&amp;lt;&amp;lt;&amp;lt;&amp;lt;html&amp;gt;\n&amp;lt;head&amp;gt;\n&amp;lt;me.../body&amp;gt;\n&amp;lt;/html&amp;gt;\n&amp;gt;&amp;gt;&amp;gt;\x00\x00\x00\x00\x00\x00\x00\x00\x00\x00\x00\x00\x00\x00\x00\x00\x00...\x00\x00\x00\x00\x00\x00\x00\x00\x00\x00\x00\x00\x00\x00\x00}]
      
15:06:47.475 [qtp1105322512-32 - /servlet] DEBUG org.eclipse.jetty.io.WriteFlusher
       - update WriteFlusher@4fa89794{WRITING}:IDLE--&amp;gt;WRITING
      
15:06:47.476 [qtp1105322512-32 - /servlet] DEBUG org.eclipse.jetty.io.ChannelEndPoint
       - flushed 534 SelectChannelEndPoint@34bcdf5f{/127.0.0.1:52023&amp;lt;-&amp;gt;8080,Open,in,out,-,W,4/60000,HttpConnection}{io=0,kio=0,kro=1}
      
15:06:47.476 [qtp1105322512-32 - /servlet] DEBUG org.eclipse.jetty.io.WriteFlusher
       - update WriteFlusher@4fa89794{IDLE}:WRITING--&amp;gt;IDLE
      
15:06:47.476 [qtp1105322512-32 - /servlet] DEBUG o.e.jetty.server.HttpConnection
       - org.eclipse.jetty.server.HttpConnection$SendCallback@a2f30b8[PROCESSING][i=ResponseInfo{HTTP/1.1
       404 null,285,false},cb=org.eclipse.jetty.server.HttpChannel$CommitCallback@531208b0]
       generate: DONE ([p=249,l=249,c=16384,r=0],[p=285,l=285,c=2048,r=0],true)@END
      
15:06:47.476 [qtp1105322512-32 - /servlet] DEBUG org.eclipse.jetty.server.Server
       - RESPONSE /servlet  404 handled=true
15:06:47.476 [qtp1105322512-32
       - /servlet] DEBUG o.e.jetty.server.HttpChannelState - HttpChannelState@15cfdac8{s=DISPATCHED
       i=true a=null} unhandle DISPATCHED
15:06:47.476 [qtp1105322512-32
       - /servlet] DEBUG org.eclipse.jetty.http.HttpParser - reset
       HttpParser{s=END,0 of 0}
15:06:47.476 [qtp1105322512-32 -
       /servlet] DEBUG org.eclipse.jetty.http.HttpParser - END --&amp;gt;
       START
15:06:47.476 [qtp1105322512-32] DEBUG org.eclipse.jetty.server.HttpChannel
       - HttpChannelOverHttp@5959eb66{r=1,c=false,a=IDLE,uri=-} handle
       exit, result COMPLETE
15:06:47.476 [qtp1105322512-32] DEBUG
       org.eclipse.jetty.io.ChannelEndPoint - filled 0 SelectChannelEndPoint@34bcdf5f{/127.0.0.1:52023&amp;lt;-&amp;gt;8080,Open,in,out,-,-,0/60000,HttpConnection}{io=0,kio=0,kro=1}
      
15:06:47.477 [qtp1105322512-32] DEBUG org.eclipse.jetty.io.ChannelEndPoint
       - filled 0 SelectChannelEndPoint@34bcdf5f{/127.0.0.1:52023&amp;lt;-&amp;gt;8080,Open,in,out,-,-,0/60000,HttpConnection}{io=0,kio=0,kro=1}
      
15:06:47.477 [qtp1105322512-32] DEBUG org.eclipse.jetty.http.HttpParser
       - parseNext s=START HeapByteBuffer@c306fb7a[p=0,l=0,c=8192,r=0]={&amp;lt;&amp;lt;&amp;lt;&amp;gt;&amp;gt;&amp;gt;GET
       /servlet HTTP...\x00\x00\x00\x00\x00\x00\x00\x00\x00\x00\x00\x00\x00\x00\x00}
      
15:06:47.477 [qtp1105322512-32] DEBUG o.e.jetty.io.AbstractConnection
       - fillInterested HttpConnection@3665168{FILLING}
15:06:47.477
       [qtp1105322512-32] DEBUG o.e.jetty.io.AbstractConnection -
       FILLING--&amp;gt;FILLING_FILL_INTERESTED HttpConnection@3665168{FILLING_FILL_INTERESTED}
      
15:06:47.477 [qtp1105322512-32] DEBUG o.e.jetty.io.AbstractConnection
       - FILLING_FILL_INTERESTED--&amp;gt;FILL_INTERESTED HttpConnection@3665168{FILL_INTERESTED}
      
15:06:47.477 [qtp1105322512-32] DEBUG o.e.jetty.io.SelectChannelEndPoint
       - Local interests updating 0 -&amp;gt; 1 for SelectChannelEndPoint@34bcdf5f{/127.0.0.1:52023&amp;lt;-&amp;gt;8080,Open,in,out,R,-,0/60000,HttpConnection}{io=1,kio=0,kro=1}
      
15:06:47.477 [qtp1105322512-32] DEBUG org.eclipse.jetty.io.SelectorManager
       - Running change org.eclipse.jetty.io.SelectChannelEndPoint$1@51f2207c
      
15:06:47.477 [qtp1105322512-32] DEBUG o.e.jetty.io.SelectChannelEndPoint
       - Key interests updated 0 -&amp;gt; 1 on SelectChannelEndPoint@34bcdf5f{/127.0.0.1:52023&amp;lt;-&amp;gt;8080,Open,in,out,R,-,0/60000,HttpConnection}{io=1,kio=1,kro=1}
      
15:06:47.477 [qtp1105322512-33-selector-ServerConnectorManager@1530c739/0]
       DEBUG org.eclipse.jetty.io.SelectorManager - Selector loop
       woken up from select, 0/1 selected
15:06:47.477 [qtp1105322512-33-selector-ServerConnectorManager@1530c739/0]
       DEBUG org.eclipse.jetty.io.SelectorManager - Selector loop
       waiting on select
15:06:47.486 [qtp1105322512-33-selector-ServerConnectorManager@1530c739/0]
       DEBUG org.eclipse.jetty.io.SelectorManager - Selector loop
       woken up from select, 1/1 selected
15:06:47.486 [qtp1105322512-33-selector-ServerConnectorManager@1530c739/0]
       DEBUG o.e.jetty.io.SelectChannelEndPoint - Key interests updated
       1 -&amp;gt; 0 on SelectChannelEndPoint@34bcdf5f{/127.0.0.1:52023&amp;lt;-&amp;gt;8080,Open,in,out,R,-,9/60000,HttpConnection}{io=1,kio=0,kro=1}
      
15:06:47.486 [qtp1105322512-33-selector-ServerConnectorManager@1530c739/0]
       DEBUG o.e.jetty.io.SelectChannelEndPoint - Local interests
       updating 1 -&amp;gt; 0 for SelectChannelEndPoint@34bcdf5f{/127.0.0.1:52023&amp;lt;-&amp;gt;8080,Open,in,out,R,-,9/60000,HttpConnection}{io=0,kio=0,kro=1}
      
15:06:47.486 [qtp1105322512-33-selector-ServerConnectorManager@1530c739/0]
       DEBUG org.eclipse.jetty.io.SelectorManager - Running change
       org.eclipse.jetty.io.SelectChannelEndPoint$1@51f2207c
15:06:47.486
       [qtp1105322512-33-selector-ServerConnectorManager@1530c739/0]
       DEBUG o.e.jetty.io.AbstractConnection - FILL_INTERESTED--&amp;gt;FILLING
       HttpConnection@3665168{FILLING}
15:06:47.486 [qtp1105322512-33-selector-ServerConnectorManager@1530c739/0]
       DEBUG org.eclipse.jetty.io.SelectorManager - Selector loop
       waiting on select
15:06:47.487 [qtp1105322512-37-acceptor-0@59402b8f-ServerConnector@6892b3b6{HTTP/1.1}{0.0.0.0:8080}]
       DEBUG org.eclipse.jetty.io.SelectorManager - Queued change
       org.eclipse.jetty.io.SelectorManager$ManagedSelector$Accept@7987e82b
      
15:06:47.487 [qtp1105322512-34-selector-ServerConnectorManager@1530c739/1]
       DEBUG org.eclipse.jetty.io.SelectorManager - Selector loop
       woken up from select, 0/0 selected
15:06:47.488 [qtp1105322512-34-selector-ServerConnectorManager@1530c739/1]
       DEBUG org.eclipse.jetty.io.SelectorManager - Running change
       org.eclipse.jetty.io.SelectorManager$ManagedSelector$Accept@7987e82b
      
15:06:47.488 [qtp1105322512-34-selector-ServerConnectorManager@1530c739/1]
       DEBUG o.eclipse.jetty.io.AbstractEndPoint - onOpen SelectChannelEndPoint@67b2af1b{/127.0.0.1:52024&amp;lt;-&amp;gt;8080,Open,in,out,-,-,0/60000,null}{io=0,kio=0,kro=0}
      
15:06:47.488 [qtp1105322512-34-selector-ServerConnectorManager@1530c739/1]
       DEBUG org.eclipse.jetty.io.IdleTimeout - SelectChannelEndPoint@67b2af1b{/127.0.0.1:52024&amp;lt;-&amp;gt;8080,Open,in,out,-,-,0/60000,null}{io=0,kio=0,kro=0}
       idle timeout check, elapsed: 0 ms, remaining: 60000 ms
15:06:47.488
       [qtp1105322512-34-selector-ServerConnectorManager@1530c739/1]
       DEBUG org.eclipse.jetty.server.HttpChannel - new HttpChannelOverHttp@1889fc96{r=0,c=false,a=IDLE,uri=-}
       -&amp;gt; SelectChannelEndPoint@67b2af1b{/127.0.0.1:52024&amp;lt;-&amp;gt;8080,Open,in,out,-,-,0/60000,null}{io=0,kio=0,kro=0},null,HttpChannelState@d9c7ba0{s=IDLE
       i=true a=null}
15:06:47.488 [qtp1105322512-34-selector-ServerConnectorManager@1530c739/1]
       DEBUG o.e.jetty.server.HttpConnection - New HTTP Connection
       HttpConnection@7447c65a{IDLE}
15:06:47.488 [qtp1105322512-34-selector-ServerConnectorManager@1530c739/1]
       DEBUG o.e.jetty.io.AbstractConnection - onOpen HttpConnection@7447c65a{IDLE}
      
15:06:47.488 [qtp1105322512-34-selector-ServerConnectorManager@1530c739/1]
       DEBUG o.e.jetty.io.AbstractConnection - fillInterested HttpConnection@7447c65a{IDLE}
      
15:06:47.488 [qtp1105322512-34-selector-ServerConnectorManager@1530c739/1]
       DEBUG o.e.jetty.io.AbstractConnection - IDLE--&amp;gt;FILL_INTERESTED
       HttpConnection@7447c65a{FILL_INTERESTED}
15:06:47.488 [qtp1105322512-34-selector-ServerConnectorManager@1530c739/1]
       DEBUG o.e.jetty.io.SelectChannelEndPoint - Local interests
       updating 0 -&amp;gt; 1 for SelectChannelEndPoint@67b2af1b{/127.0.0.1:52024&amp;lt;-&amp;gt;8080,Open,in,out,R,-,0/60000,HttpConnection}{io=1,kio=0,kro=0}
      
15:06:47.488 [qtp1105322512-34-selector-ServerConnectorManager@1530c739/1]
       DEBUG org.eclipse.jetty.io.SelectorManager - Running change
       org.eclipse.jetty.io.SelectChannelEndPoint$1@67f65be
15:06:47.489
       [qtp1105322512-34-selector-ServerConnectorManager@1530c739/1]
       DEBUG o.e.jetty.io.SelectChannelEndPoint - Key interests updated
       0 -&amp;gt; 1 on SelectChannelEndPoint@67b2af1b{/127.0.0.1:52024&amp;lt;-&amp;gt;8080,Open,in,out,R,-,1/60000,HttpConnection}{io=1,kio=1,kro=0}
      
15:06:47.489 [qtp1105322512-34-selector-ServerConnectorManager@1530c739/1]
       DEBUG org.eclipse.jetty.io.SelectorManager - Created SelectChannelEndPoint@67b2af1b{/127.0.0.1:52024&amp;lt;-&amp;gt;8080,Open,in,out,R,-,1/60000,HttpConnection}{io=1,kio=1,kro=0}
      
15:06:47.489 [qtp1105322512-34-selector-ServerConnectorManager@1530c739/1]
       DEBUG org.eclipse.jetty.io.SelectorManager - Selector loop
       waiting on select
15:06:47.489 [qtp1105322512-34-selector-ServerConnectorManager@1530c739/1]
       DEBUG org.eclipse.jetty.io.SelectorManager - Selector loop
       woken up from select, 1/1 selected
15:06:47.489 [qtp1105322512-34-selector-ServerConnectorManager@1530c739/1]
       DEBUG o.e.jetty.io.SelectChannelEndPoint - Key interests updated
       1 -&amp;gt; 0 on SelectChannelEndPoint@67b2af1b{/127.0.0.1:52024&amp;lt;-&amp;gt;8080,Open,in,out,R,-,1/60000,HttpConnection}{io=1,kio=0,kro=1}
      
15:06:47.489 [qtp1105322512-34-selector-ServerConnectorManager@1530c739/1]
       DEBUG o.e.jetty.io.SelectChannelEndPoint - Local interests
       updating 1 -&amp;gt; 0 for SelectChannelEndPoint@67b2af1b{/127.0.0.1:52024&amp;lt;-&amp;gt;8080,Open,in,out,R,-,1/60000,HttpConnection}{io=0,kio=0,kro=1}
      
15:06:47.489 [qtp1105322512-34-selector-ServerConnectorManager@1530c739/1]
       DEBUG org.eclipse.jetty.io.SelectorManager - Running change
       org.eclipse.jetty.io.SelectChannelEndPoint$1@67f65be
15:06:47.489
       [qtp1105322512-34-selector-ServerConnectorManager@1530c739/1]
       DEBUG o.e.jetty.io.AbstractConnection - FILL_INTERESTED--&amp;gt;FILLING
       HttpConnection@7447c65a{FILLING}
15:06:47.489 [qtp1105322512-34-selector-ServerConnectorManager@1530c739/1]
       DEBUG org.eclipse.jetty.io.SelectorManager - Selector loop
       waiting on select
15:06:47.490 [qtp1105322512-38] DEBUG o.e.jetty.server.HttpConnection
       - HttpConnection@3665168{FILLING} onFillable HttpChannelState@15cfdac8{s=IDLE
       i=true a=null}
15:06:47.490 [qtp1105322512-38] DEBUG org.eclipse.jetty.io.ChannelEndPoint
       - filled -1 SelectChannelEndPoint@34bcdf5f{/127.0.0.1:52023&amp;lt;-&amp;gt;8080,Open,in,out,-,-,13/60000,HttpConnection}{io=0,kio=0,kro=1}
      
15:06:47.490 [qtp1105322512-38] DEBUG org.eclipse.jetty.io.ChannelEndPoint
       - ishut SelectChannelEndPoint@34bcdf5f{/127.0.0.1:52023&amp;lt;-&amp;gt;8080,Open,in,out,-,-,13/60000,HttpConnection}{io=0,kio=0,kro=1}
      
15:06:47.490 [qtp1105322512-38] DEBUG org.eclipse.jetty.http.HttpParser
       - atEOF HttpParser{s=START,0 of -1}
15:06:47.490 [qtp1105322512-38]
       DEBUG org.eclipse.jetty.http.HttpParser - parseNext s=START
       HeapByteBuffer@c306fb7a[p=0,l=0,c=8192,r=0]={&amp;lt;&amp;lt;&amp;lt;&amp;gt;&amp;gt;&amp;gt;GET
       /servlet HTTP...\x00\x00\x00\x00\x00\x00\x00\x00\x00\x00\x00\x00\x00\x00\x00}
      
15:06:47.490 [qtp1105322512-38] DEBUG org.eclipse.jetty.http.HttpParser
       - START --&amp;gt; CLOSED
15:06:47.490 [qtp1105322512-38]
       DEBUG o.eclipse.jetty.io.AbstractEndPoint - onClose SelectChannelEndPoint@34bcdf5f{/127.0.0.1:52023&amp;lt;-&amp;gt;8080,CLOSED,ISHUT,out,-,-,13/60000,HttpConnection}{io=0,kio=0,kro=1}
      
15:06:47.490 [qtp1105322512-38] DEBUG org.eclipse.jetty.io.ChannelEndPoint
       - close SelectChannelEndPoint@34bcdf5f{/127.0.0.1:52023&amp;lt;-&amp;gt;8080,CLOSED,ISHUT,out,-,-,13/60000,HttpConnection}{io=0,kio=0,kro=1}
      
15:06:47.490 [qtp1105322512-38] DEBUG org.eclipse.jetty.io.SelectorManager
       - Destroyed SelectChannelEndPoint@34bcdf5f{/127.0.0.1:52023&amp;lt;-&amp;gt;8080,CLOSED,ISHUT,OSHUT,-,-,13/60000,HttpConnection}{io=0,kio=-1,kro=-1}
      
15:06:47.490 [qtp1105322512-38] DEBUG o.e.jetty.io.AbstractConnection
       - onClose HttpConnection@3665168{FILLING}
15:06:47.490 [qtp1105322512-38]
       DEBUG o.eclipse.jetty.io.AbstractEndPoint - onClose SelectChannelEndPoint@34bcdf5f{/127.0.0.1:52023&amp;lt;-&amp;gt;8080,CLOSED,ISHUT,OSHUT,-,-,13/60000,HttpConnection}{io=0,kio=-1,kro=-1}
      
15:06:47.491 [qtp1105322512-38] DEBUG o.e.jetty.io.AbstractConnection
       - FILLING--&amp;gt;IDLE HttpConnection@3665168{IDLE}
15:06:47.491
       [qtp1105322512-38] DEBUG o.e.jetty.server.HttpConnection -
       HttpConnection@7447c65a{FILLING} onFillable HttpChannelState@d9c7ba0{s=IDLE
       i=true a=null}
15:06:47.491 [qtp1105322512-38] DEBUG org.eclipse.jetty.io.ChannelEndPoint
       - filled 157 SelectChannelEndPoint@67b2af1b{/127.0.0.1:52024&amp;lt;-&amp;gt;8080,Open,in,out,-,-,3/60000,HttpConnection}{io=0,kio=0,kro=1}
      
15:06:47.491 [qtp1105322512-38] DEBUG org.eclipse.jetty.http.HttpParser
       - parseNext s=START HeapByteBuffer@c9822eea[p=0,l=157,c=8192,r=157]={&amp;lt;&amp;lt;&amp;lt;GET
       /rest HTTP/1.... keep-alive\r\n\r\n&amp;gt;&amp;gt;&amp;gt;\n\r\n\r\n\r\n\x00\x00\x00\x00\x00\x00\x00\x00\x00\x00...\x00\x00\x00\x00\x00\x00\x00\x00\x00\x00\x00\x00\x00\x00\x00}
      
15:06:47.491 [qtp1105322512-38] DEBUG org.eclipse.jetty.http.HttpParser
       - START --&amp;gt; SPACE1
15:06:47.491 [qtp1105322512-38]
       DEBUG org.eclipse.jetty.http.HttpParser - SPACE1 --&amp;gt;
       URI
15:06:47.491 [qtp1105322512-38] DEBUG org.eclipse.jetty.http.HttpParser
       - URI --&amp;gt; SPACE2
15:06:47.491 [qtp1105322512-38] DEBUG
       org.eclipse.jetty.http.HttpParser - SPACE2 --&amp;gt; REQUEST_VERSION
      
15:06:47.491 [qtp1105322512-38] DEBUG org.eclipse.jetty.http.HttpParser
       - REQUEST_VERSION --&amp;gt; HEADER
15:06:47.491 [qtp1105322512-38]
       DEBUG org.eclipse.jetty.http.HttpParser - HEADER --&amp;gt;
       HEADER_VALUE
15:06:47.491 [qtp1105322512-38] DEBUG org.eclipse.jetty.http.HttpParser
       - HEADER_VALUE --&amp;gt; HEADER_IN_VALUE
15:06:47.491 [qtp1105322512-38]
       DEBUG org.eclipse.jetty.http.HttpParser - HEADER_IN_VALUE
       --&amp;gt; HEADER
15:06:47.491 [qtp1105322512-38] DEBUG org.eclipse.jetty.http.HttpParser
       - HEADER --&amp;gt; HEADER_VALUE
15:06:47.491 [qtp1105322512-38]
       DEBUG org.eclipse.jetty.http.HttpParser - HEADER_VALUE --&amp;gt;
       HEADER_IN_VALUE
15:06:47.491 [qtp1105322512-38] DEBUG org.eclipse.jetty.http.HttpParser
       - HEADER_IN_VALUE --&amp;gt; HEADER
15:06:47.491 [qtp1105322512-38]
       DEBUG org.eclipse.jetty.http.HttpParser - HEADER --&amp;gt;
       HEADER_VALUE
15:06:47.491 [qtp1105322512-38] DEBUG org.eclipse.jetty.http.HttpParser
       - HEADER_VALUE --&amp;gt; HEADER_IN_VALUE
15:06:47.491 [qtp1105322512-38]
       DEBUG org.eclipse.jetty.http.HttpParser - HEADER_IN_VALUE
       --&amp;gt; HEADER
15:06:47.492 [qtp1105322512-38] DEBUG org.eclipse.jetty.http.HttpParser
       - HEADER --&amp;gt; HEADER_IN_VALUE
15:06:47.492 [qtp1105322512-38]
       DEBUG org.eclipse.jetty.http.HttpParser - HEADER_IN_VALUE
       --&amp;gt; HEADER
15:06:47.492 [qtp1105322512-38] DEBUG org.eclipse.jetty.http.HttpParser
       - HEADER --&amp;gt; END
15:06:47.492 [qtp1105322512-38] DEBUG
       org.eclipse.jetty.server.HttpChannel - HttpChannelOverHttp@1889fc96{r=1,c=false,a=IDLE,uri=-}
       messageComplete
15:06:47.492 [qtp1105322512-38] DEBUG org.eclipse.jetty.server.HttpInput
       - HttpInputOverHTTP@34592ce7 EOF
15:06:47.492 [qtp1105322512-38]
       DEBUG org.eclipse.jetty.server.HttpChannel - HttpChannelOverHttp@1889fc96{r=1,c=false,a=IDLE,uri=-}
       handle enter
15:06:47.492 [qtp1105322512-38 - /rest] DEBUG
       o.e.jetty.server.HttpChannelState - HttpChannelState@d9c7ba0{s=IDLE
       i=true a=null} handling IDLE
15:06:47.492 [qtp1105322512-38
       - /rest] DEBUG org.eclipse.jetty.server.HttpChannel - HttpChannelOverHttp@1889fc96{r=1,c=false,a=DISPATCHED,uri=/rest}
       action REQUEST_DISPATCH
15:06:47.492 [qtp1105322512-38 -
       /rest] DEBUG org.eclipse.jetty.server.Server - REQUEST GET
       /rest on HttpChannelOverHttp@1889fc96{r=1,c=false,a=DISPATCHED,uri=/rest}
      
15:06:47.493 [qtp1105322512-38 - /rest] DEBUG o.e.j.server.handler.ContextHandler
       - scope null||/rest @ o.e.j.s.ServletContextHandler@6f46426d{/,null,AVAILABLE}
      
15:06:47.493 [qtp1105322512-38 - /rest] DEBUG o.e.j.server.handler.ContextHandler
       - context=||/rest @ o.e.j.s.ServletContextHandler@6f46426d{/,null,AVAILABLE}
      
15:06:47.493 [qtp1105322512-38 - /rest] DEBUG org.eclipse.jetty.server.session
       - sessionManager=org.eclipse.jetty.server.session.HashSessionManager@32ee6fee
      
15:06:47.493 [qtp1105322512-38 - /rest] DEBUG org.eclipse.jetty.server.session
       - session=null
15:06:47.493 [qtp1105322512-38 - /rest] DEBUG
       o.e.jetty.servlet.ServletHandler - servlet ||/rest -&amp;gt;
       org.apache.felix.http.base.internal.DispatcherServlet-4738a206@cebacce0==org.apache.felix.http.base.internal.DispatcherServlet,-1,true
      
15:06:47.493 [qtp1105322512-38 - /rest] DEBUG o.e.jetty.servlet.ServletHandler
       - chain=null
15:06:47.493 [qtp1105322512-38 - /rest] DEBUG
       o.e.jetty.server.HttpConnection - org.eclipse.jetty.server.HttpConnection$SendCallback@58877075[PROCESSING][i=ResponseInfo{HTTP/1.1
       404 null,282,false},cb=org.eclipse.jetty.server.HttpChannel$CommitCallback@a719f2e]
       generate: NEED_HEADER (null,[p=0,l=282,c=2048,r=282],true)@START
      
15:06:47.493 [qtp1105322512-38 - /rest] DEBUG o.e.jetty.server.HttpConnection
       - org.eclipse.jetty.server.HttpConnection$SendCallback@58877075[PROCESSING][i=ResponseInfo{HTTP/1.1
       404 null,282,false},cb=org.eclipse.jetty.server.HttpChannel$CommitCallback@a719f2e]
       generate: FLUSH ([p=0,l=249,c=16384,r=249],[p=0,l=282,c=2048,r=282],true)@COMPLETING
      
15:06:47.493 [qtp1105322512-38 - /rest] DEBUG org.eclipse.jetty.io.WriteFlusher
       - write: WriteFlusher@57dde505{IDLE} [HeapByteBuffer@f0c9c0a4[p=0,l=249,c=16384,r=249]={&amp;lt;&amp;lt;&amp;lt;HTTP/1.1
       404 Not ....v20150224)\r\n\r\n&amp;gt;&amp;gt;&amp;gt;y(9.2.9.v20150224...\x00\x00\x00\x00\x00\x00\x00\x00\x00\x00\x00\x00\x00\x00\x00},HeapByteBuffer@52c4c0c0[p=0,l=282,c=2048,r=282]={&amp;lt;&amp;lt;&amp;lt;&amp;lt;html&amp;gt;\n&amp;lt;head&amp;gt;\n&amp;lt;me.../body&amp;gt;\n&amp;lt;/html&amp;gt;\n&amp;gt;&amp;gt;&amp;gt;\x00\x00\x00\x00\x00\x00\x00\x00\x00\x00\x00\x00\x00\x00\x00\x00\x00...\x00\x00\x00\x00\x00\x00\x00\x00\x00\x00\x00\x00\x00\x00\x00}]
      
15:06:47.494 [qtp1105322512-38 - /rest] DEBUG org.eclipse.jetty.io.WriteFlusher
       - update WriteFlusher@57dde505{WRITING}:IDLE--&amp;gt;WRITING
      
15:06:47.494 [qtp1105322512-38 - /rest] DEBUG org.eclipse.jetty.io.ChannelEndPoint
       - flushed 531 SelectChannelEndPoint@67b2af1b{/127.0.0.1:52024&amp;lt;-&amp;gt;8080,Open,in,out,-,W,3/60000,HttpConnection}{io=0,kio=0,kro=1}
      
15:06:47.494 [qtp1105322512-38 - /rest] DEBUG org.eclipse.jetty.io.WriteFlusher
       - update WriteFlusher@57dde505{IDLE}:WRITING--&amp;gt;IDLE
      
15:06:47.494 [qtp1105322512-38 - /rest] DEBUG o.e.jetty.server.HttpConnection
       - org.eclipse.jetty.server.HttpConnection$SendCallback@58877075[PROCESSING][i=ResponseInfo{HTTP/1.1
       404 null,282,false},cb=org.eclipse.jetty.server.HttpChannel$CommitCallback@a719f2e]
       generate: DONE ([p=249,l=249,c=16384,r=0],[p=282,l=282,c=2048,r=0],true)@END
      
15:06:47.494 [qtp1105322512-38 - /rest] DEBUG org.eclipse.jetty.server.Server
       - RESPONSE /rest  404 handled=true
15:06:47.494 [qtp1105322512-38
       - /rest] DEBUG o.e.jetty.server.HttpChannelState - HttpChannelState@d9c7ba0{s=DISPATCHED
       i=true a=null} unhandle DISPATCHED
15:06:47.494 [qtp1105322512-38
       - /rest] DEBUG org.eclipse.jetty.http.HttpParser - reset HttpParser{s=END,0
       of 0}
15:06:47.494 [qtp1105322512-38 - /rest] DEBUG org.eclipse.jetty.http.HttpParser
       - END --&amp;gt; START
15:06:47.495 [qtp1105322512-38] DEBUG
       org.eclipse.jetty.server.HttpChannel - HttpChannelOverHttp@1889fc96{r=1,c=false,a=IDLE,uri=-}
       handle exit, result COMPLETE
15:06:47.495 [qtp1105322512-38]
       DEBUG org.eclipse.jetty.io.ChannelEndPoint - filled 0 SelectChannelEndPoint@67b2af1b{/127.0.0.1:52024&amp;lt;-&amp;gt;8080,Open,in,out,-,-,1/60000,HttpConnection}{io=0,kio=0,kro=1}
      
15:06:47.495 [qtp1105322512-38] DEBUG org.eclipse.jetty.io.ChannelEndPoint
       - filled 0 SelectChannelEndPoint@67b2af1b{/127.0.0.1:52024&amp;lt;-&amp;gt;8080,Open,in,out,-,-,1/60000,HttpConnection}{io=0,kio=0,kro=1}
      
15:06:47.495 [qtp1105322512-38] DEBUG org.eclipse.jetty.http.HttpParser
       - parseNext s=START HeapByteBuffer@c306fb7a[p=0,l=0,c=8192,r=0]={&amp;lt;&amp;lt;&amp;lt;&amp;gt;&amp;gt;&amp;gt;GET
       /servlet HTTP...\x00\x00\x00\x00\x00\x00\x00\x00\x00\x00\x00\x00\x00\x00\x00}
      
15:06:47.495 [qtp1105322512-38] DEBUG o.e.jetty.io.AbstractConnection
       - fillInterested HttpConnection@7447c65a{FILLING}
15:06:47.495
       [qtp1105322512-38] DEBUG o.e.jetty.io.AbstractConnection -
       FILLING--&amp;gt;FILLING_FILL_INTERESTED HttpConnection@7447c65a{FILLING_FILL_INTERESTED}
      
15:06:47.495 [qtp1105322512-38] DEBUG o.e.jetty.io.AbstractConnection
       - FILLING_FILL_INTERESTED--&amp;gt;FILL_INTERESTED HttpConnection@7447c65a{FILL_INTERESTED}
      
15:06:47.495 [qtp1105322512-38] DEBUG o.e.jetty.io.SelectChannelEndPoint
       - Local interests updating 0 -&amp;gt; 1 for SelectChannelEndPoint@67b2af1b{/127.0.0.1:52024&amp;lt;-&amp;gt;8080,Open,in,out,R,-,0/60000,HttpConnection}{io=1,kio=0,kro=1}
      
15:06:47.495 [qtp1105322512-38] DEBUG org.eclipse.jetty.io.SelectorManager
       - Running change org.eclipse.jetty.io.SelectChannelEndPoint$1@67f65be
      
15:06:47.495 [qtp1105322512-38] DEBUG o.e.jetty.io.SelectChannelEndPoint
       - Key interests updated 0 -&amp;gt; 1 on SelectChannelEndPoint@67b2af1b{/127.0.0.1:52024&amp;lt;-&amp;gt;8080,Open,in,out,R,-,0/60000,HttpConnection}{io=1,kio=1,kro=1}
      
15:06:47.497 [qtp1105322512-34-selector-ServerConnectorManager@1530c739/1]
       DEBUG org.eclipse.jetty.io.SelectorManager - Selector loop
       woken up from select, 0/1 selected
15:06:47.497 [qtp1105322512-34-selector-ServerConnectorManager@1530c739/1]
       DEBUG org.eclipse.jetty.io.SelectorManager - Selector loop
       waiting on select
15:06:47.502 [qtp1105322512-34-selector-ServerConnectorManager@1530c739/1]
       DEBUG org.eclipse.jetty.io.SelectorManager - Selector loop
       woken up from select, 1/1 selected
15:06:47.503 [qtp1105322512-34-selector-ServerConnectorManager@1530c739/1]
       DEBUG o.e.jetty.io.SelectChannelEndPoint - Key interests updated
       1 -&amp;gt; 0 on SelectChannelEndPoint@67b2af1b{/127.0.0.1:52024&amp;lt;-&amp;gt;8080,Open,in,out,R,-,8/60000,HttpConnection}{io=1,kio=0,kro=1}
      
15:06:47.503 [qtp1105322512-34-selector-ServerConnectorManager@1530c739/1]
       DEBUG o.e.jetty.io.SelectChannelEndPoint - Local interests
       updating 1 -&amp;gt; 0 for SelectChannelEndPoint@67b2af1b{/127.0.0.1:52024&amp;lt;-&amp;gt;8080,Open,in,out,R,-,8/60000,HttpConnection}{io=0,kio=0,kro=1}
      
15:06:47.503 [qtp1105322512-34-selector-ServerConnectorManager@1530c739/1]
       DEBUG org.eclipse.jetty.io.SelectorManager - Running change
       org.eclipse.jetty.io.SelectChannelEndPoint$1@67f65be
15:06:47.503
       [qtp1105322512-34-selector-ServerConnectorManager@1530c739/1]
       DEBUG o.e.jetty.io.AbstractConnection - FILL_INTERESTED--&amp;gt;FILLING
       HttpConnection@7447c65a{FILLING}
15:06:47.503 [qtp1105322512-34-selector-ServerConnectorManager@1530c739/1]
       DEBUG org.eclipse.jetty.io.SelectorManager - Selector loop
       waiting on select
15:06:47.503 [qtp1105322512-37-acceptor-0@59402b8f-ServerConnector@6892b3b6{HTTP/1.1}{0.0.0.0:8080}]
       DEBUG org.eclipse.jetty.io.SelectorManager - Queued change
       org.eclipse.jetty.io.SelectorManager$ManagedSelector$Accept@1622cd92
      
15:06:47.504 [qtp1105322512-33-selector-ServerConnectorManager@1530c739/0]
       DEBUG org.eclipse.jetty.io.SelectorManager - Selector loop
       woken up from select, 0/0 selected
15:06:47.504 [qtp1105322512-33-selector-ServerConnectorManager@1530c739/0]
       DEBUG org.eclipse.jetty.io.SelectorManager - Running change
       org.eclipse.jetty.io.SelectorManager$ManagedSelector$Accept@1622cd92
      
15:06:47.504 [qtp1105322512-33-selector-ServerConnectorManager@1530c739/0]
       DEBUG o.eclipse.jetty.io.AbstractEndPoint - onOpen SelectChannelEndPoint@2c946841{/127.0.0.1:52025&amp;lt;-&amp;gt;8080,Open,in,out,-,-,0/60000,null}{io=0,kio=0,kro=0}
      
15:06:47.504 [qtp1105322512-33-selector-ServerConnectorManager@1530c739/0]
       DEBUG org.eclipse.jetty.io.IdleTimeout - SelectChannelEndPoint@2c946841{/127.0.0.1:52025&amp;lt;-&amp;gt;8080,Open,in,out,-,-,0/60000,null}{io=0,kio=0,kro=0}
       idle timeout check, elapsed: 0 ms, remaining: 60000 ms
15:06:47.504
       [qtp1105322512-33-selector-ServerConnectorManager@1530c739/0]
       DEBUG org.eclipse.jetty.server.HttpChannel - new HttpChannelOverHttp@1dc891aa{r=0,c=false,a=IDLE,uri=-}
       -&amp;gt; SelectChannelEndPoint@2c946841{/127.0.0.1:52025&amp;lt;-&amp;gt;8080,Open,in,out,-,-,0/60000,null}{io=0,kio=0,kro=0},null,HttpChannelState@5df9b3af{s=IDLE
       i=true a=null}
15:06:47.504 [qtp1105322512-33-selector-ServerConnectorManager@1530c739/0]
       DEBUG o.e.jetty.server.HttpConnection - New HTTP Connection
       HttpConnection@2df04ae4{IDLE}
15:06:47.504 [qtp1105322512-33-selector-ServerConnectorManager@1530c739/0]
       DEBUG o.e.jetty.io.AbstractConnection - onOpen HttpConnection@2df04ae4{IDLE}
      
15:06:47.505 [qtp1105322512-33-selector-ServerConnectorManager@1530c739/0]
       DEBUG o.e.jetty.io.AbstractConnection - fillInterested HttpConnection@2df04ae4{IDLE}
      
15:06:47.505 [qtp1105322512-33-selector-ServerConnectorManager@1530c739/0]
       DEBUG o.e.jetty.io.AbstractConnection - IDLE--&amp;gt;FILL_INTERESTED
       HttpConnection@2df04ae4{FILL_INTERESTED}
15:06:47.505 [qtp1105322512-33-selector-ServerConnectorManager@1530c739/0]
       DEBUG o.e.jetty.io.SelectChannelEndPoint - Local interests
       updating 0 -&amp;gt; 1 for SelectChannelEndPoint@2c946841{/127.0.0.1:52025&amp;lt;-&amp;gt;8080,Open,in,out,R,-,0/60000,HttpConnection}{io=1,kio=0,kro=0}
      
15:06:47.505 [qtp1105322512-33-selector-ServerConnectorManager@1530c739/0]
       DEBUG org.eclipse.jetty.io.SelectorManager - Running change
       org.eclipse.jetty.io.SelectChannelEndPoint$1@22a9e97b
15:06:47.505
       [qtp1105322512-33-selector-ServerConnectorManager@1530c739/0]
       DEBUG o.e.jetty.io.SelectChannelEndPoint - Key interests updated
       0 -&amp;gt; 1 on SelectChannelEndPoint@2c946841{/127.0.0.1:52025&amp;lt;-&amp;gt;8080,Open,in,out,R,-,0/60000,HttpConnection}{io=1,kio=1,kro=0}
      
15:06:47.505 [qtp1105322512-33-selector-ServerConnectorManager@1530c739/0]
       DEBUG org.eclipse.jetty.io.SelectorManager - Created SelectChannelEndPoint@2c946841{/127.0.0.1:52025&amp;lt;-&amp;gt;8080,Open,in,out,R,-,0/60000,HttpConnection}{io=1,kio=1,kro=0}
      
15:06:47.505 [qtp1105322512-33-selector-ServerConnectorManager@1530c739/0]
       DEBUG org.eclipse.jetty.io.SelectorManager - Selector loop
       waiting on select
15:06:47.505 [qtp1105322512-33-selector-ServerConnectorManager@1530c739/0]
       DEBUG org.eclipse.jetty.io.SelectorManager - Selector loop
       woken up from select, 1/1 selected
15:06:47.505 [qtp1105322512-33-selector-ServerConnectorManager@1530c739/0]
       DEBUG o.e.jetty.io.SelectChannelEndPoint - Key interests updated
       1 -&amp;gt; 0 on SelectChannelEndPoint@2c946841{/127.0.0.1:52025&amp;lt;-&amp;gt;8080,Open,in,out,R,-,0/60000,HttpConnection}{io=1,kio=0,kro=1}
      
15:06:47.505 [qtp1105322512-33-selector-ServerConnectorManager@1530c739/0]
       DEBUG o.e.jetty.io.SelectChannelEndPoint - Local interests
       updating 1 -&amp;gt; 0 for SelectChannelEndPoint@2c946841{/127.0.0.1:52025&amp;lt;-&amp;gt;8080,Open,in,out,R,-,0/60000,HttpConnection}{io=0,kio=0,kro=1}
      
15:06:47.505 [qtp1105322512-33-selector-ServerConnectorManager@1530c739/0]
       DEBUG org.eclipse.jetty.io.SelectorManager - Running change
       org.eclipse.jetty.io.SelectChannelEndPoint$1@22a9e97b
15:06:47.505
       [qtp1105322512-33-selector-ServerConnectorManager@1530c739/0]
       DEBUG o.e.jetty.io.AbstractConnection - FILL_INTERESTED--&amp;gt;FILLING
       HttpConnection@2df04ae4{FILLING}
15:06:47.505 [qtp1105322512-33-selector-ServerConnectorManager@1530c739/0]
       DEBUG org.eclipse.jetty.io.SelectorManager - Selector loop
       waiting on select
15:06:47.506 [qtp1105322512-39] DEBUG o.e.jetty.server.HttpConnection
       - HttpConnection@7447c65a{FILLING} onFillable HttpChannelState@d9c7ba0{s=IDLE
       i=true a=null}
15:06:47.506 [qtp1105322512-39] DEBUG org.eclipse.jetty.io.ChannelEndPoint
       - filled -1 SelectChannelEndPoint@67b2af1b{/127.0.0.1:52024&amp;lt;-&amp;gt;8080,Open,in,out,-,-,11/60000,HttpConnection}{io=0,kio=0,kro=1}
      
15:06:47.506 [qtp1105322512-39] DEBUG org.eclipse.jetty.io.ChannelEndPoint
       - ishut SelectChannelEndPoint@67b2af1b{/127.0.0.1:52024&amp;lt;-&amp;gt;8080,Open,in,out,-,-,11/60000,HttpConnection}{io=0,kio=0,kro=1}
      
15:06:47.506 [qtp1105322512-39] DEBUG org.eclipse.jetty.http.HttpParser
       - atEOF HttpParser{s=START,0 of -1}
15:06:47.506 [qtp1105322512-39]
       DEBUG org.eclipse.jetty.http.HttpParser - parseNext s=START
       HeapByteBuffer@c9822eea[p=0,l=0,c=8192,r=0]={&amp;lt;&amp;lt;&amp;lt;&amp;gt;&amp;gt;&amp;gt;GET
       /rest HTTP/1....\x00\x00\x00\x00\x00\x00\x00\x00\x00\x00\x00\x00\x00\x00\x00}
      
15:06:47.506 [qtp1105322512-39] DEBUG org.eclipse.jetty.http.HttpParser
       - START --&amp;gt; CLOSED
15:06:47.506 [qtp1105322512-39]
       DEBUG o.eclipse.jetty.io.AbstractEndPoint - onClose SelectChannelEndPoint@67b2af1b{/127.0.0.1:52024&amp;lt;-&amp;gt;8080,CLOSED,ISHUT,out,-,-,11/60000,HttpConnection}{io=0,kio=0,kro=1}
      
15:06:47.506 [qtp1105322512-39] DEBUG org.eclipse.jetty.io.ChannelEndPoint
       - close SelectChannelEndPoint@67b2af1b{/127.0.0.1:52024&amp;lt;-&amp;gt;8080,CLOSED,ISHUT,out,-,-,11/60000,HttpConnection}{io=0,kio=0,kro=1}
      
15:06:47.506 [qtp1105322512-39] DEBUG org.eclipse.jetty.io.SelectorManager
       - Destroyed SelectChannelEndPoint@67b2af1b{/127.0.0.1:52024&amp;lt;-&amp;gt;8080,CLOSED,ISHUT,OSHUT,-,-,11/60000,HttpConnection}{io=0,kio=-1,kro=-1}
      
15:06:47.506 [qtp1105322512-39] DEBUG o.e.jetty.io.AbstractConnection
       - onClose HttpConnection@7447c65a{FILLING}
15:06:47.507 [qtp1105322512-39]
       DEBUG o.eclipse.jetty.io.AbstractEndPoint - onClose SelectChannelEndPoint@67b2af1b{/127.0.0.1:52024&amp;lt;-&amp;gt;8080,CLOSED,ISHUT,OSHUT,-,-,12/60000,HttpConnection}{io=0,kio=-1,kro=-1}
      
15:06:47.507 [qtp1105322512-39] DEBUG o.e.jetty.io.AbstractConnection
       - FILLING--&amp;gt;IDLE HttpConnection@7447c65a{IDLE}
15:06:47.507
       [qtp1105322512-39] DEBUG o.e.jetty.server.HttpConnection -
       HttpConnection@2df04ae4{FILLING} onFillable HttpChannelState@5df9b3af{s=IDLE
       i=true a=null}
15:06:47.507 [qtp1105322512-39] DEBUG org.eclipse.jetty.io.ChannelEndPoint
       - filled 159 SelectChannelEndPoint@2c946841{/127.0.0.1:52025&amp;lt;-&amp;gt;8080,Open,in,out,-,-,2/60000,HttpConnection}{io=0,kio=0,kro=1}
      
15:06:47.507 [qtp1105322512-39] DEBUG org.eclipse.jetty.http.HttpParser
       - parseNext s=START HeapByteBuffer@1c1779e9[p=0,l=159,c=8192,r=159]={&amp;lt;&amp;lt;&amp;lt;GET
       /filter HTTP/... keep-alive\r\n\r\n&amp;gt;&amp;gt;&amp;gt;\n\r\n\r\n\x00\x00\x00\x00\x00\x00\x00\x00\x00\x00\x00\x00...\x00\x00\x00\x00\x00\x00\x00\x00\x00\x00\x00\x00\x00\x00\x00}
      
15:06:47.507 [qtp1105322512-39] DEBUG org.eclipse.jetty.http.HttpParser
       - START --&amp;gt; SPACE1
15:06:47.507 [qtp1105322512-39]
       DEBUG org.eclipse.jetty.http.HttpParser - SPACE1 --&amp;gt;
       URI
15:06:47.507 [qtp1105322512-39] DEBUG org.eclipse.jetty.http.HttpParser
       - URI --&amp;gt; SPACE2
15:06:47.508 [qtp1105322512-39] DEBUG
       org.eclipse.jetty.http.HttpParser - SPACE2 --&amp;gt; REQUEST_VERSION
      
15:06:47.508 [qtp1105322512-39] DEBUG org.eclipse.jetty.http.HttpParser
       - REQUEST_VERSION --&amp;gt; HEADER
15:06:47.508 [qtp1105322512-39]
       DEBUG org.eclipse.jetty.http.HttpParser - HEADER --&amp;gt;
       HEADER_VALUE
15:06:47.508 [qtp1105322512-39] DEBUG org.eclipse.jetty.http.HttpParser
       - HEADER_VALUE --&amp;gt; HEADER_IN_VALUE
15:06:47.508 [qtp1105322512-39]
       DEBUG org.eclipse.jetty.http.HttpParser - HEADER_IN_VALUE
       --&amp;gt; HEADER
15:06:47.508 [qtp1105322512-39] DEBUG org.eclipse.jetty.http.HttpParser
       - HEADER --&amp;gt; HEADER_VALUE
15:06:47.508 [qtp1105322512-39]
       DEBUG org.eclipse.jetty.http.HttpParser - HEADER_VALUE --&amp;gt;
       HEADER_IN_VALUE
15:06:47.508 [qtp1105322512-39] DEBUG org.eclipse.jetty.http.HttpParser
       - HEADER_IN_VALUE --&amp;gt; HEADER
15:06:47.508 [qtp1105322512-39]
       DEBUG org.eclipse.jetty.http.HttpParser - HEADER --&amp;gt;
       HEADER_VALUE
15:06:47.508 [qtp1105322512-39] DEBUG org.eclipse.jetty.http.HttpParser
       - HEADER_VALUE --&amp;gt; HEADER_IN_VALUE
15:06:47.508 [qtp1105322512-39]
       DEBUG org.eclipse.jetty.http.HttpParser - HEADER_IN_VALUE
       --&amp;gt; HEADER
15:06:47.508 [qtp1105322512-39] DEBUG org.eclipse.jetty.http.HttpParser
       - HEADER --&amp;gt; HEADER_IN_VALUE
15:06:47.508 [qtp1105322512-39]
       DEBUG org.eclipse.jetty.http.HttpParser - HEADER_IN_VALUE
       --&amp;gt; HEADER
15:06:47.508 [qtp1105322512-39] DEBUG org.eclipse.jetty.http.HttpParser
       - HEADER --&amp;gt; END
15:06:47.508 [qtp1105322512-39] DEBUG
       org.eclipse.jetty.server.HttpChannel - HttpChannelOverHttp@1dc891aa{r=1,c=false,a=IDLE,uri=-}
       messageComplete
15:06:47.509 [qtp1105322512-39] DEBUG org.eclipse.jetty.server.HttpInput
       - HttpInputOverHTTP@763f894c EOF
15:06:47.509 [qtp1105322512-39]
       DEBUG org.eclipse.jetty.server.HttpChannel - HttpChannelOverHttp@1dc891aa{r=1,c=false,a=IDLE,uri=-}
       handle enter
15:06:47.509 [qtp1105322512-39 - /filter] DEBUG
       o.e.jetty.server.HttpChannelState - HttpChannelState@5df9b3af{s=IDLE
       i=true a=null} handling IDLE
15:06:47.509 [qtp1105322512-39
       - /filter] DEBUG org.eclipse.jetty.server.HttpChannel - HttpChannelOverHttp@1dc891aa{r=1,c=false,a=DISPATCHED,uri=/filter}
       action REQUEST_DISPATCH
15:06:47.509 [qtp1105322512-39 -
       /filter] DEBUG org.eclipse.jetty.server.Server - REQUEST GET
       /filter on HttpChannelOverHttp@1dc891aa{r=1,c=false,a=DISPATCHED,uri=/filter}
      
15:06:47.509 [qtp1105322512-39 - /filter] DEBUG o.e.j.server.handler.ContextHandler
       - scope null||/filter @ o.e.j.s.ServletContextHandler@6f46426d{/,null,AVAILABLE}
      
15:06:47.509 [qtp1105322512-39 - /filter] DEBUG o.e.j.server.handler.ContextHandler
       - context=||/filter @ o.e.j.s.ServletContextHandler@6f46426d{/,null,AVAILABLE}
      
15:06:47.509 [qtp1105322512-39 - /filter] DEBUG org.eclipse.jetty.server.session
       - sessionManager=org.eclipse.jetty.server.session.HashSessionManager@32ee6fee
      
15:06:47.509 [qtp1105322512-39 - /filter] DEBUG org.eclipse.jetty.server.session
       - session=null
15:06:47.509 [qtp1105322512-39 - /filter]
       DEBUG o.e.jetty.servlet.ServletHandler - servlet ||/filter
       -&amp;gt; org.apache.felix.http.base.internal.DispatcherServlet-4738a206@cebacce0==org.apache.felix.http.base.internal.DispatcherServlet,-1,true
      
15:06:47.509 [qtp1105322512-39 - /filter] DEBUG o.e.jetty.servlet.ServletHandler
       - chain=null
15:06:47.510 [qtp1105322512-39 - /filter] DEBUG
       o.e.jetty.server.HttpConnection - org.eclipse.jetty.server.HttpConnection$SendCallback@6eb9394a[PROCESSING][i=ResponseInfo{HTTP/1.1
       404 null,284,false},cb=org.eclipse.jetty.server.HttpChannel$CommitCallback@60f306b1]
       generate: NEED_HEADER (null,[p=0,l=284,c=2048,r=284],true)@START
      
15:06:47.510 [qtp1105322512-39 - /filter] DEBUG o.e.jetty.server.HttpConnection
       - org.eclipse.jetty.server.HttpConnection$SendCallback@6eb9394a[PROCESSING][i=ResponseInfo{HTTP/1.1
       404 null,284,false},cb=org.eclipse.jetty.server.HttpChannel$CommitCallback@60f306b1]
       generate: FLUSH ([p=0,l=249,c=16384,r=249],[p=0,l=284,c=2048,r=284],true)@COMPLETING
      
15:06:47.510 [qtp1105322512-39 - /filter] DEBUG org.eclipse.jetty.io.WriteFlusher
       - write: WriteFlusher@58ca7b97{IDLE} [HeapByteBuffer@f94054e2[p=0,l=249,c=16384,r=249]={&amp;lt;&amp;lt;&amp;lt;HTTP/1.1
       404 Not ....v20150224)\r\n\r\n&amp;gt;&amp;gt;&amp;gt;y(9.2.9.v20150224...\x00\x00\x00\x00\x00\x00\x00\x00\x00\x00\x00\x00\x00\x00\x00},HeapByteBuffer@512e049c[p=0,l=284,c=2048,r=284]={&amp;lt;&amp;lt;&amp;lt;&amp;lt;html&amp;gt;\n&amp;lt;head&amp;gt;\n&amp;lt;me.../body&amp;gt;\n&amp;lt;/html&amp;gt;\n&amp;gt;&amp;gt;&amp;gt;\x00\x00\x00\x00\x00\x00\x00\x00\x00\x00\x00\x00\x00\x00\x00\x00\x00...\x00\x00\x00\x00\x00\x00\x00\x00\x00\x00\x00\x00\x00\x00\x00}]
      
15:06:47.510 [qtp1105322512-39 - /filter] DEBUG org.eclipse.jetty.io.WriteFlusher
       - update WriteFlusher@58ca7b97{WRITING}:IDLE--&amp;gt;WRITING
      
15:06:47.510 [qtp1105322512-39 - /filter] DEBUG org.eclipse.jetty.io.ChannelEndPoint
       - flushed 533 SelectChannelEndPoint@2c946841{/127.0.0.1:52025&amp;lt;-&amp;gt;8080,Open,in,out,-,W,3/60000,HttpConnection}{io=0,kio=0,kro=1}
      
15:06:47.510 [qtp1105322512-39 - /filter] DEBUG org.eclipse.jetty.io.WriteFlusher
       - update WriteFlusher@58ca7b97{IDLE}:WRITING--&amp;gt;IDLE
      
15:06:47.510 [qtp1105322512-39 - /filter] DEBUG o.e.jetty.server.HttpConnection
       - org.eclipse.jetty.server.HttpConnection$SendCallback@6eb9394a[PROCESSING][i=ResponseInfo{HTTP/1.1
       404 null,284,false},cb=org.eclipse.jetty.server.HttpChannel$CommitCallback@60f306b1]
       generate: DONE ([p=249,l=249,c=16384,r=0],[p=284,l=284,c=2048,r=0],true)@END
      
15:06:47.510 [qtp1105322512-39 - /filter] DEBUG org.eclipse.jetty.server.Server
       - RESPONSE /filter  404 handled=true
15:06:47.511 [qtp1105322512-39
       - /filter] DEBUG o.e.jetty.server.HttpChannelState - HttpChannelState@5df9b3af{s=DISPATCHED
       i=true a=null} unhandle DISPATCHED
15:06:47.511 [qtp1105322512-39
       - /filter] DEBUG org.eclipse.jetty.http.HttpParser - reset
       HttpParser{s=END,0 of 0}
15:06:47.511 [qtp1105322512-39 -
       /filter] DEBUG org.eclipse.jetty.http.HttpParser - END --&amp;gt;
       START
15:06:47.511 [qtp1105322512-39] DEBUG org.eclipse.jetty.server.HttpChannel
       - HttpChannelOverHttp@1dc891aa{r=1,c=false,a=IDLE,uri=-} handle
       exit, result COMPLETE
15:06:47.512 [qtp1105322512-37-acceptor-0@59402b8f-ServerConnector@6892b3b6{HTTP/1.1}{0.0.0.0:8080}]
       DEBUG org.eclipse.jetty.io.SelectorManager - Queued change
       org.eclipse.jetty.io.SelectorManager$ManagedSelector$Accept@4617c112
      
15:06:47.513 [qtp1105322512-39] DEBUG org.eclipse.jetty.io.ChannelEndPoint
       - filled -1 SelectChannelEndPoint@2c946841{/127.0.0.1:52025&amp;lt;-&amp;gt;8080,Open,in,out,-,-,3/60000,HttpConnection}{io=0,kio=0,kro=1}
      
15:06:47.514 [qtp1105322512-39] DEBUG org.eclipse.jetty.io.ChannelEndPoint
       - ishut SelectChannelEndPoint@2c946841{/127.0.0.1:52025&amp;lt;-&amp;gt;8080,Open,in,out,-,-,3/60000,HttpConnection}{io=0,kio=0,kro=1}
      
15:06:47.514 [qtp1105322512-39] DEBUG org.eclipse.jetty.http.HttpParser
       - atEOF HttpParser{s=START,0 of -1}
15:06:47.514 [qtp1105322512-39]
       DEBUG org.eclipse.jetty.http.HttpParser - parseNext s=START
       HeapByteBuffer@c9822eea[p=0,l=0,c=8192,r=0]={&amp;lt;&amp;lt;&amp;lt;&amp;gt;&amp;gt;&amp;gt;GET
       /rest HTTP/1....\x00\x00\x00\x00\x00\x00\x00\x00\x00\x00\x00\x00\x00\x00\x00}
      
15:06:47.514 [qtp1105322512-39] DEBUG org.eclipse.jetty.http.HttpParser
       - START --&amp;gt; CLOSED
15:06:47.514 [qtp1105322512-39]
       DEBUG o.eclipse.jetty.io.AbstractEndPoint - onClose SelectChannelEndPoint@2c946841{/127.0.0.1:52025&amp;lt;-&amp;gt;8080,CLOSED,ISHUT,out,-,-,4/60000,HttpConnection}{io=0,kio=0,kro=1}
      
15:06:47.514 [qtp1105322512-39] DEBUG org.eclipse.jetty.io.ChannelEndPoint
       - close SelectChannelEndPoint@2c946841{/127.0.0.1:52025&amp;lt;-&amp;gt;8080,CLOSED,ISHUT,out,-,-,4/60000,HttpConnection}{io=0,kio=0,kro=1}
      
15:06:47.514 [qtp1105322512-39] DEBUG org.eclipse.jetty.io.SelectorManager
       - Destroyed SelectChannelEndPoint@2c946841{/127.0.0.1:52025&amp;lt;-&amp;gt;8080,CLOSED,ISHUT,OSHUT,-,-,4/60000,HttpConnection}{io=0,kio=-1,kro=-1}
      
15:06:47.514 [qtp1105322512-39] DEBUG o.e.jetty.io.AbstractConnection
       - onClose HttpConnection@2df04ae4{FILLING}
15:06:47.514 [qtp1105322512-39]
       DEBUG o.eclipse.jetty.io.AbstractEndPoint - onClose SelectChannelEndPoint@2c946841{/127.0.0.1:52025&amp;lt;-&amp;gt;8080,CLOSED,ISHUT,OSHUT,-,-,4/60000,HttpConnection}{io=0,kio=-1,kro=-1}
      
15:06:47.514 [qtp1105322512-39] DEBUG o.e.jetty.io.AbstractConnection
       - FILLING--&amp;gt;IDLE HttpConnection@2df04ae4{IDLE}
15:06:47.515
       [qtp1105322512-34-selector-ServerConnectorManager@1530c739/1]
       DEBUG org.eclipse.jetty.io.SelectorManager - Selector loop
       woken up from select, 0/0 selected
15:06:47.515 [qtp1105322512-34-selector-ServerConnectorManager@1530c739/1]
       DEBUG org.eclipse.jetty.io.SelectorManager - Running change
       org.eclipse.jetty.io.SelectorManager$ManagedSelector$Accept@4617c112
      
15:06:47.515 [qtp1105322512-34-selector-ServerConnectorManager@1530c739/1]
       DEBUG o.eclipse.jetty.io.AbstractEndPoint - onOpen SelectChannelEndPoint@3fea6448{/127.0.0.1:52026&amp;lt;-&amp;gt;8080,Open,in,out,-,-,0/60000,null}{io=0,kio=0,kro=0}
      
15:06:47.515 [qtp1105322512-34-selector-ServerConnectorManager@1530c739/1]
       DEBUG org.eclipse.jetty.io.IdleTimeout - SelectChannelEndPoint@3fea6448{/127.0.0.1:52026&amp;lt;-&amp;gt;8080,Open,in,out,-,-,0/60000,null}{io=0,kio=0,kro=0}
       idle timeout check, elapsed: 0 ms, remaining: 60000 ms
15:06:47.515
       [qtp1105322512-34-selector-ServerConnectorManager@1530c739/1]
       DEBUG org.eclipse.jetty.server.HttpChannel - new HttpChannelOverHttp@755510f9{r=0,c=false,a=IDLE,uri=-}
       -&amp;gt; SelectChannelEndPoint@3fea6448{/127.0.0.1:52026&amp;lt;-&amp;gt;8080,Open,in,out,-,-,0/60000,null}{io=0,kio=0,kro=0},null,HttpChannelState@8fad978{s=IDLE
       i=true a=null}
15:06:47.515 [qtp1105322512-34-selector-ServerConnectorManager@1530c739/1]
       DEBUG o.e.jetty.server.HttpConnection - New HTTP Connection
       HttpConnection@73e134d0{IDLE}
15:06:47.515 [qtp1105322512-34-selector-ServerConnectorManager@1530c739/1]
       DEBUG o.e.jetty.io.AbstractConnection - onOpen HttpConnection@73e134d0{IDLE}
      
15:06:47.515 [qtp1105322512-34-selector-ServerConnectorManager@1530c739/1]
       DEBUG o.e.jetty.io.AbstractConnection - fillInterested HttpConnection@73e134d0{IDLE}
      
15:06:47.515 [qtp1105322512-34-selector-ServerConnectorManager@1530c739/1]
       DEBUG o.e.jetty.io.AbstractConnection - IDLE--&amp;gt;FILL_INTERESTED
       HttpConnection@73e134d0{FILL_INTERESTED}
15:06:47.516 [qtp1105322512-34-selector-ServerConnectorManager@1530c739/1]
       DEBUG o.e.jetty.io.SelectChannelEndPoint - Local interests
       updating 0 -&amp;gt; 1 for SelectChannelEndPoint@3fea6448{/127.0.0.1:52026&amp;lt;-&amp;gt;8080,Open,in,out,R,-,0/60000,HttpConnection}{io=1,kio=0,kro=0}
      
15:06:47.516 [qtp1105322512-34-selector-ServerConnectorManager@1530c739/1]
       DEBUG org.eclipse.jetty.io.SelectorManager - Running change
       org.eclipse.jetty.io.SelectChannelEndPoint$1@1fc5d6c0
15:06:47.516
       [qtp1105322512-34-selector-ServerConnectorManager@1530c739/1]
       DEBUG o.e.jetty.io.SelectChannelEndPoint - Key interests updated
       0 -&amp;gt; 1 on SelectChannelEndPoint@3fea6448{/127.0.0.1:52026&amp;lt;-&amp;gt;8080,Open,in,out,R,-,0/60000,HttpConnection}{io=1,kio=1,kro=0}
      
15:06:47.516 [qtp1105322512-34-selector-ServerConnectorManager@1530c739/1]
       DEBUG org.eclipse.jetty.io.SelectorManager - Created SelectChannelEndPoint@3fea6448{/127.0.0.1:52026&amp;lt;-&amp;gt;8080,Open,in,out,R,-,0/60000,HttpConnection}{io=1,kio=1,kro=0}
      
15:06:47.516 [qtp1105322512-34-selector-ServerConnectorManager@1530c739/1]
       DEBUG org.eclipse.jetty.io.SelectorManager - Selector loop
       waiting on select
15:06:47.516 [qtp1105322512-34-selector-ServerConnectorManager@1530c739/1]
       DEBUG org.eclipse.jetty.io.SelectorManager - Selector loop
       woken up from select, 1/1 selected
15:06:47.516 [qtp1105322512-34-selector-ServerConnectorManager@1530c739/1]
       DEBUG o.e.jetty.io.SelectChannelEndPoint - Key interests updated
       1 -&amp;gt; 0 on SelectChannelEndPoint@3fea6448{/127.0.0.1:52026&amp;lt;-&amp;gt;8080,Open,in,out,R,-,0/60000,HttpConnection}{io=1,kio=0,kro=1}
      
15:06:47.516 [qtp1105322512-34-selector-ServerConnectorManager@1530c739/1]
       DEBUG o.e.jetty.io.SelectChannelEndPoint - Local interests
       updating 1 -&amp;gt; 0 for SelectChannelEndPoint@3fea6448{/127.0.0.1:52026&amp;lt;-&amp;gt;8080,Open,in,out,R,-,0/60000,HttpConnection}{io=0,kio=0,kro=1}
      
15:06:47.516 [qtp1105322512-34-selector-ServerConnectorManager@1530c739/1]
       DEBUG org.eclipse.jetty.io.SelectorManager - Running change
       org.eclipse.jetty.io.SelectChannelEndPoint$1@1fc5d6c0
15:06:47.516
       [qtp1105322512-34-selector-ServerConnectorManager@1530c739/1]
       DEBUG o.e.jetty.io.AbstractConnection - FILL_INTERESTED--&amp;gt;FILLING
       HttpConnection@73e134d0{FILLING}
15:06:47.516 [qtp1105322512-34-selector-ServerConnectorManager@1530c739/1]
       DEBUG org.eclipse.jetty.io.SelectorManager - Selector loop
       waiting on select
15:06:47.521 [qtp1105322512-32] DEBUG o.e.jetty.server.HttpConnection
       - HttpConnection@73e134d0{FILLING} onFillable HttpChannelState@8fad978{s=IDLE
       i=true a=null}
15:06:47.522 [qtp1105322512-32] DEBUG org.eclipse.jetty.io.ChannelEndPoint
       - filled 160 SelectChannelEndPoint@3fea6448{/127.0.0.1:52026&amp;lt;-&amp;gt;8080,Open,in,out,-,-,5/60000,HttpConnection}{io=0,kio=0,kro=1}
      
15:06:47.522 [qtp1105322512-32] DEBUG org.eclipse.jetty.http.HttpParser
       - parseNext s=START HeapByteBuffer@c306fb7a[p=0,l=160,c=8192,r=160]={&amp;lt;&amp;lt;&amp;lt;GET
       /servlet HTTP... keep-alive\r\n\r\n&amp;gt;&amp;gt;&amp;gt;\r\n\r\n\x00\x00\x00\x00\x00\x00\x00\x00\x00\x00\x00\x00\x00...\x00\x00\x00\x00\x00\x00\x00\x00\x00\x00\x00\x00\x00\x00\x00}
      
15:06:47.522 [qtp1105322512-32] DEBUG org.eclipse.jetty.http.HttpParser
       - START --&amp;gt; SPACE1
15:06:47.522 [qtp1105322512-32]
       DEBUG org.eclipse.jetty.http.HttpParser - SPACE1 --&amp;gt;
       URI
15:06:47.522 [qtp1105322512-32] DEBUG org.eclipse.jetty.http.HttpParser
       - URI --&amp;gt; SPACE2
15:06:47.522 [qtp1105322512-32] DEBUG
       org.eclipse.jetty.http.HttpParser - SPACE2 --&amp;gt; REQUEST_VERSION
      
15:06:47.522 [qtp1105322512-32] DEBUG org.eclipse.jetty.http.HttpParser
       - REQUEST_VERSION --&amp;gt; HEADER
15:06:47.523 [qtp1105322512-32]
       DEBUG org.eclipse.jetty.http.HttpParser - HEADER --&amp;gt;
       HEADER_VALUE
15:06:47.523 [qtp1105322512-32] DEBUG org.eclipse.jetty.http.HttpParser
       - HEADER_VALUE --&amp;gt; HEADER_IN_VALUE
15:06:47.523 [qtp1105322512-32]
       DEBUG org.eclipse.jetty.http.HttpParser - HEADER_IN_VALUE
       --&amp;gt; HEADER
15:06:47.523 [qtp1105322512-32] DEBUG org.eclipse.jetty.http.HttpParser
       - HEADER --&amp;gt; HEADER_VALUE
15:06:47.523 [qtp1105322512-32]
       DEBUG org.eclipse.jetty.http.HttpParser - HEADER_VALUE --&amp;gt;
       HEADER_IN_VALUE
15:06:47.523 [qtp1105322512-32] DEBUG org.eclipse.jetty.http.HttpParser
       - HEADER_IN_VALUE --&amp;gt; HEADER
15:06:47.523 [qtp1105322512-32]
       DEBUG org.eclipse.jetty.http.HttpParser - HEADER --&amp;gt;
       HEADER_VALUE
15:06:47.523 [qtp1105322512-32] DEBUG org.eclipse.jetty.http.HttpParser
       - HEADER_VALUE --&amp;gt; HEADER_IN_VALUE
15:06:47.523 [qtp1105322512-32]
       DEBUG org.eclipse.jetty.http.HttpParser - HEADER_IN_VALUE
       --&amp;gt; HEADER
15:06:47.523 [qtp1105322512-32] DEBUG org.eclipse.jetty.http.HttpParser
       - HEADER --&amp;gt; HEADER_IN_VALUE
15:06:47.523 [qtp1105322512-32]
       DEBUG org.eclipse.jetty.http.HttpParser - HEADER_IN_VALUE
       --&amp;gt; HEADER
15:06:47.524 [qtp1105322512-32] DEBUG org.eclipse.jetty.http.HttpParser
       - HEADER --&amp;gt; END
15:06:47.524 [qtp1105322512-32] DEBUG
       org.eclipse.jetty.server.HttpChannel - HttpChannelOverHttp@755510f9{r=1,c=false,a=IDLE,uri=-}
       messageComplete
15:06:47.524 [qtp1105322512-32] DEBUG org.eclipse.jetty.server.HttpInput
       - HttpInputOverHTTP@5b814465 EOF
15:06:47.524 [qtp1105322512-32]
       DEBUG org.eclipse.jetty.server.HttpChannel - HttpChannelOverHttp@755510f9{r=1,c=false,a=IDLE,uri=-}
       handle enter
15:06:47.524 [qtp1105322512-32 - /servlet] DEBUG
       o.e.jetty.server.HttpChannelState - HttpChannelState@8fad978{s=IDLE
       i=true a=null} handling IDLE
15:06:47.524 [qtp1105322512-32
       - /servlet] DEBUG org.eclipse.jetty.server.HttpChannel - HttpChannelOverHttp@755510f9{r=1,c=false,a=DISPATCHED,uri=/servlet}
       action REQUEST_DISPATCH
15:06:47.524 [qtp1105322512-32 -
       /servlet] DEBUG org.eclipse.jetty.server.Server - REQUEST
       GET /servlet on HttpChannelOverHttp@755510f9{r=1,c=false,a=DISPATCHED,uri=/servlet}
      
15:06:47.524 [qtp1105322512-32 - /servlet] DEBUG o.e.j.server.handler.ContextHandler
       - scope null||/servlet @ o.e.j.s.ServletContextHandler@6f46426d{/,null,AVAILABLE}
      
15:06:47.525 [qtp1105322512-32 - /servlet] DEBUG o.e.j.server.handler.ContextHandler
       - context=||/servlet @ o.e.j.s.ServletContextHandler@6f46426d{/,null,AVAILABLE}
      
15:06:47.525 [qtp1105322512-32 - /servlet] DEBUG org.eclipse.jetty.server.session
       - sessionManager=org.eclipse.jetty.server.session.HashSessionManager@32ee6fee
      
15:06:47.525 [qtp1105322512-32 - /servlet] DEBUG org.eclipse.jetty.server.session
       - session=null
15:06:47.525 [qtp1105322512-32 - /servlet]
       DEBUG o.e.jetty.servlet.ServletHandler - servlet ||/servlet
       -&amp;gt; org.apache.felix.http.base.internal.DispatcherServlet-4738a206@cebacce0==org.apache.felix.http.base.internal.DispatcherServlet,-1,true
      
15:06:47.525 [qtp1105322512-32 - /servlet] DEBUG o.e.jetty.servlet.ServletHandler
       - chain=null
15:06:47.525 [qtp1105322512-32 - /servlet] DEBUG
       o.e.jetty.server.HttpConnection - org.eclipse.jetty.server.HttpConnection$SendCallback@2858055d[PROCESSING][i=ResponseInfo{HTTP/1.1
       404 null,285,false},cb=org.eclipse.jetty.server.HttpChannel$CommitCallback@6b4ccf6e]
       generate: NEED_HEADER (null,[p=0,l=285,c=2048,r=285],true)@START
      
15:06:47.526 [qtp1105322512-32 - /servlet] DEBUG o.e.jetty.server.HttpConnection
       - org.eclipse.jetty.server.HttpConnection$SendCallback@2858055d[PROCESSING][i=ResponseInfo{HTTP/1.1
       404 null,285,false},cb=org.eclipse.jetty.server.HttpChannel$CommitCallback@6b4ccf6e]
       generate: FLUSH ([p=0,l=249,c=16384,r=249],[p=0,l=285,c=2048,r=285],true)@COMPLETING
      
15:06:47.526 [qtp1105322512-32 - /servlet] DEBUG org.eclipse.jetty.io.WriteFlusher
       - write: WriteFlusher@6053f1a4{IDLE} [HeapByteBuffer@fd7b9f01[p=0,l=249,c=16384,r=249]={&amp;lt;&amp;lt;&amp;lt;HTTP/1.1
       404 Not ....v20150224)\r\n\r\n&amp;gt;&amp;gt;&amp;gt;y(9.2.9.v20150224...\x00\x00\x00\x00\x00\x00\x00\x00\x00\x00\x00\x00\x00\x00\x00},HeapByteBuffer@73e579e1[p=0,l=285,c=2048,r=285]={&amp;lt;&amp;lt;&amp;lt;&amp;lt;html&amp;gt;\n&amp;lt;head&amp;gt;\n&amp;lt;me.../body&amp;gt;\n&amp;lt;/html&amp;gt;\n&amp;gt;&amp;gt;&amp;gt;\x00\x00\x00\x00\x00\x00\x00\x00\x00\x00\x00\x00\x00\x00\x00\x00\x00...\x00\x00\x00\x00\x00\x00\x00\x00\x00\x00\x00\x00\x00\x00\x00}]
      
15:06:47.526 [qtp1105322512-32 - /servlet] DEBUG org.eclipse.jetty.io.WriteFlusher
       - update WriteFlusher@6053f1a4{WRITING}:IDLE--&amp;gt;WRITING
    </system-out>
  </testcase>
  <testcase name='testProviderRegistration' time='0.123' classname='org.amdatu.web.rest.ProviderRegistrationTest'>
    <system-out>
      15:06:47.533 [qtp1105322512-37-acceptor-0@59402b8f-ServerConnector@6892b3b6{HTTP/1.1}{0.0.0.0:8080}]
       DEBUG org.eclipse.jetty.io.SelectorManager - Queued change
       org.eclipse.jetty.io.SelectorManager$ManagedSelector$Accept@50215511
      
15:06:47.533 [qtp1105322512-33-selector-ServerConnectorManager@1530c739/0]
       DEBUG org.eclipse.jetty.io.SelectorManager - Selector loop
       woken up from select, 0/0 selected
15:06:47.533 [qtp1105322512-33-selector-ServerConnectorManager@1530c739/0]
       DEBUG org.eclipse.jetty.io.SelectorManager - Running change
       org.eclipse.jetty.io.SelectorManager$ManagedSelector$Accept@50215511
      
15:06:47.533 [qtp1105322512-32 - /servlet] DEBUG org.eclipse.jetty.io.ChannelEndPoint
       - flushed 534 SelectChannelEndPoint@3fea6448{/127.0.0.1:52026&amp;lt;-&amp;gt;8080,Open,in,out,-,W,11/60000,HttpConnection}{io=0,kio=0,kro=1}
      
15:06:47.533 [qtp1105322512-33-selector-ServerConnectorManager@1530c739/0]
       DEBUG o.eclipse.jetty.io.AbstractEndPoint - onOpen SelectChannelEndPoint@6bc1d947{/127.0.0.1:52027&amp;lt;-&amp;gt;8080,Open,in,out,-,-,0/60000,null}{io=0,kio=0,kro=0}
      
15:06:47.533 [qtp1105322512-33-selector-ServerConnectorManager@1530c739/0]
       DEBUG org.eclipse.jetty.io.IdleTimeout - SelectChannelEndPoint@6bc1d947{/127.0.0.1:52027&amp;lt;-&amp;gt;8080,Open,in,out,-,-,0/60000,null}{io=0,kio=0,kro=0}
       idle timeout check, elapsed: 0 ms, remaining: 60000 ms
15:06:47.534
       [qtp1105322512-33-selector-ServerConnectorManager@1530c739/0]
       DEBUG org.eclipse.jetty.server.HttpChannel - new HttpChannelOverHttp@444919b1{r=0,c=false,a=IDLE,uri=-}
       -&amp;gt; SelectChannelEndPoint@6bc1d947{/127.0.0.1:52027&amp;lt;-&amp;gt;8080,Open,in,out,-,-,1/60000,null}{io=0,kio=0,kro=0},null,HttpChannelState@29c6c272{s=IDLE
       i=true a=null}
15:06:47.534 [qtp1105322512-33-selector-ServerConnectorManager@1530c739/0]
       DEBUG o.e.jetty.server.HttpConnection - New HTTP Connection
       HttpConnection@79e9f94e{IDLE}
15:06:47.534 [qtp1105322512-32
       - /servlet] DEBUG org.eclipse.jetty.io.WriteFlusher - update
       WriteFlusher@6053f1a4{IDLE}:WRITING--&amp;gt;IDLE
15:06:47.534
       [qtp1105322512-32 - /servlet] DEBUG o.e.jetty.server.HttpConnection
       - org.eclipse.jetty.server.HttpConnection$SendCallback@2858055d[PROCESSING][i=ResponseInfo{HTTP/1.1
       404 null,285,false},cb=org.eclipse.jetty.server.HttpChannel$CommitCallback@6b4ccf6e]
       generate: DONE ([p=249,l=249,c=16384,r=0],[p=285,l=285,c=2048,r=0],true)@END
      
15:06:47.534 [qtp1105322512-32 - /servlet] DEBUG org.eclipse.jetty.server.Server
       - RESPONSE /servlet  404 handled=true
15:06:47.534 [qtp1105322512-32
       - /servlet] DEBUG o.e.jetty.server.HttpChannelState - HttpChannelState@8fad978{s=DISPATCHED
       i=true a=null} unhandle DISPATCHED
15:06:47.534 [qtp1105322512-32
       - /servlet] DEBUG org.eclipse.jetty.http.HttpParser - reset
       HttpParser{s=END,0 of 0}
15:06:47.534 [qtp1105322512-32 -
       /servlet] DEBUG org.eclipse.jetty.http.HttpParser - END --&amp;gt;
       START
15:06:47.534 [qtp1105322512-32] DEBUG org.eclipse.jetty.server.HttpChannel
       - HttpChannelOverHttp@755510f9{r=1,c=false,a=IDLE,uri=-} handle
       exit, result COMPLETE
15:06:47.535 [qtp1105322512-32] DEBUG
       org.eclipse.jetty.io.ChannelEndPoint - filled -1 SelectChannelEndPoint@3fea6448{/127.0.0.1:52026&amp;lt;-&amp;gt;8080,Open,in,out,-,-,2/60000,HttpConnection}{io=0,kio=0,kro=1}
      
15:06:47.535 [qtp1105322512-33-selector-ServerConnectorManager@1530c739/0]
       DEBUG o.e.jetty.io.AbstractConnection - onOpen HttpConnection@79e9f94e{IDLE}
      
15:06:47.535 [qtp1105322512-32] DEBUG org.eclipse.jetty.io.ChannelEndPoint
       - ishut SelectChannelEndPoint@3fea6448{/127.0.0.1:52026&amp;lt;-&amp;gt;8080,Open,in,out,-,-,2/60000,HttpConnection}{io=0,kio=0,kro=1}
      
15:06:47.535 [qtp1105322512-33-selector-ServerConnectorManager@1530c739/0]
       DEBUG o.e.jetty.io.AbstractConnection - fillInterested HttpConnection@79e9f94e{IDLE}
      
15:06:47.535 [qtp1105322512-32] DEBUG org.eclipse.jetty.http.HttpParser
       - atEOF HttpParser{s=START,0 of -1}
15:06:47.535 [qtp1105322512-33-selector-ServerConnectorManager@1530c739/0]
       DEBUG o.e.jetty.io.AbstractConnection - IDLE--&amp;gt;FILL_INTERESTED
       HttpConnection@79e9f94e{FILL_INTERESTED}
15:06:47.535 [qtp1105322512-32]
       DEBUG org.eclipse.jetty.http.HttpParser - parseNext s=START
       HeapByteBuffer@c9822eea[p=0,l=0,c=8192,r=0]={&amp;lt;&amp;lt;&amp;lt;&amp;gt;&amp;gt;&amp;gt;GET
       /rest HTTP/1....\x00\x00\x00\x00\x00\x00\x00\x00\x00\x00\x00\x00\x00\x00\x00}
      
15:06:47.535 [qtp1105322512-32] DEBUG org.eclipse.jetty.http.HttpParser
       - START --&amp;gt; CLOSED
15:06:47.535 [qtp1105322512-33-selector-ServerConnectorManager@1530c739/0]
       DEBUG o.e.jetty.io.SelectChannelEndPoint - Local interests
       updating 0 -&amp;gt; 1 for SelectChannelEndPoint@6bc1d947{/127.0.0.1:52027&amp;lt;-&amp;gt;8080,Open,in,out,R,-,0/60000,HttpConnection}{io=1,kio=0,kro=0}
      
15:06:47.535 [qtp1105322512-33-selector-ServerConnectorManager@1530c739/0]
       DEBUG org.eclipse.jetty.io.SelectorManager - Running change
       org.eclipse.jetty.io.SelectChannelEndPoint$1@1c871cd5
15:06:47.535
       [qtp1105322512-32] DEBUG o.eclipse.jetty.io.AbstractEndPoint
       - onClose SelectChannelEndPoint@3fea6448{/127.0.0.1:52026&amp;lt;-&amp;gt;8080,CLOSED,ISHUT,out,-,-,2/60000,HttpConnection}{io=0,kio=0,kro=1}
      
15:06:47.535 [qtp1105322512-33-selector-ServerConnectorManager@1530c739/0]
       DEBUG o.e.jetty.io.SelectChannelEndPoint - Key interests updated
       0 -&amp;gt; 1 on SelectChannelEndPoint@6bc1d947{/127.0.0.1:52027&amp;lt;-&amp;gt;8080,Open,in,out,R,-,0/60000,HttpConnection}{io=1,kio=1,kro=0}
      
15:06:47.535 [qtp1105322512-32] DEBUG org.eclipse.jetty.io.ChannelEndPoint
       - close SelectChannelEndPoint@3fea6448{/127.0.0.1:52026&amp;lt;-&amp;gt;8080,CLOSED,ISHUT,out,-,-,2/60000,HttpConnection}{io=0,kio=0,kro=1}
      
15:06:47.535 [qtp1105322512-33-selector-ServerConnectorManager@1530c739/0]
       DEBUG org.eclipse.jetty.io.SelectorManager - Created SelectChannelEndPoint@6bc1d947{/127.0.0.1:52027&amp;lt;-&amp;gt;8080,Open,in,out,R,-,0/60000,HttpConnection}{io=1,kio=1,kro=0}
      
15:06:47.535 [qtp1105322512-33-selector-ServerConnectorManager@1530c739/0]
       DEBUG org.eclipse.jetty.io.SelectorManager - Selector loop
       waiting on select
15:06:47.535 [qtp1105322512-32] DEBUG org.eclipse.jetty.io.SelectorManager
       - Destroyed SelectChannelEndPoint@3fea6448{/127.0.0.1:52026&amp;lt;-&amp;gt;8080,CLOSED,ISHUT,OSHUT,-,-,2/60000,HttpConnection}{io=0,kio=-1,kro=-1}
      
15:06:47.535 [qtp1105322512-33-selector-ServerConnectorManager@1530c739/0]
       DEBUG org.eclipse.jetty.io.SelectorManager - Selector loop
       woken up from select, 1/1 selected
15:06:47.535 [qtp1105322512-33-selector-ServerConnectorManager@1530c739/0]
       DEBUG o.e.jetty.io.SelectChannelEndPoint - Key interests updated
       1 -&amp;gt; 0 on SelectChannelEndPoint@6bc1d947{/127.0.0.1:52027&amp;lt;-&amp;gt;8080,Open,in,out,R,-,0/60000,HttpConnection}{io=1,kio=0,kro=1}
      
15:06:47.536 [qtp1105322512-33-selector-ServerConnectorManager@1530c739/0]
       DEBUG o.e.jetty.io.SelectChannelEndPoint - Local interests
       updating 1 -&amp;gt; 0 for SelectChannelEndPoint@6bc1d947{/127.0.0.1:52027&amp;lt;-&amp;gt;8080,Open,in,out,R,-,1/60000,HttpConnection}{io=0,kio=0,kro=1}
      
15:06:47.536 [qtp1105322512-33-selector-ServerConnectorManager@1530c739/0]
       DEBUG org.eclipse.jetty.io.SelectorManager - Running change
       org.eclipse.jetty.io.SelectChannelEndPoint$1@1c871cd5
15:06:47.536
       [qtp1105322512-33-selector-ServerConnectorManager@1530c739/0]
       DEBUG o.e.jetty.io.AbstractConnection - FILL_INTERESTED--&amp;gt;FILLING
       HttpConnection@79e9f94e{FILLING}
15:06:47.536 [qtp1105322512-33-selector-ServerConnectorManager@1530c739/0]
       DEBUG org.eclipse.jetty.io.SelectorManager - Selector loop
       waiting on select
15:06:47.538 [qtp1105322512-32] DEBUG o.e.jetty.io.AbstractConnection
       - onClose HttpConnection@73e134d0{FILLING}
15:06:47.539 [qtp1105322512-32]
       DEBUG o.eclipse.jetty.io.AbstractEndPoint - onClose SelectChannelEndPoint@3fea6448{/127.0.0.1:52026&amp;lt;-&amp;gt;8080,CLOSED,ISHUT,OSHUT,-,-,6/60000,HttpConnection}{io=0,kio=-1,kro=-1}
      
15:06:47.539 [qtp1105322512-32] DEBUG o.e.jetty.io.AbstractConnection
       - FILLING--&amp;gt;IDLE HttpConnection@73e134d0{IDLE}
15:06:47.539
       [qtp1105322512-32] DEBUG o.e.jetty.server.HttpConnection -
       HttpConnection@79e9f94e{FILLING} onFillable HttpChannelState@29c6c272{s=IDLE
       i=true a=null}
15:06:47.539 [qtp1105322512-32] DEBUG org.eclipse.jetty.io.ChannelEndPoint
       - filled 157 SelectChannelEndPoint@6bc1d947{/127.0.0.1:52027&amp;lt;-&amp;gt;8080,Open,in,out,-,-,4/60000,HttpConnection}{io=0,kio=0,kro=1}
      
15:06:47.539 [qtp1105322512-32] DEBUG org.eclipse.jetty.http.HttpParser
       - parseNext s=START HeapByteBuffer@62f2d86c[p=0,l=157,c=8192,r=157]={&amp;lt;&amp;lt;&amp;lt;GET
       /test HTTP/1.... keep-alive\r\n\r\n&amp;gt;&amp;gt;&amp;gt;\n\r\n\r\n\r\n\x00\x00\x00\x00\x00\x00\x00\x00\x00\x00...\x00\x00\x00\x00\x00\x00\x00\x00\x00\x00\x00\x00\x00\x00\x00}
      
15:06:47.539 [qtp1105322512-32] DEBUG org.eclipse.jetty.http.HttpParser
       - START --&amp;gt; SPACE1
15:06:47.539 [qtp1105322512-32]
       DEBUG org.eclipse.jetty.http.HttpParser - SPACE1 --&amp;gt;
       URI
15:06:47.539 [qtp1105322512-32] DEBUG org.eclipse.jetty.http.HttpParser
       - URI --&amp;gt; SPACE2
15:06:47.539 [qtp1105322512-32] DEBUG
       org.eclipse.jetty.http.HttpParser - SPACE2 --&amp;gt; REQUEST_VERSION
      
15:06:47.539 [qtp1105322512-32] DEBUG org.eclipse.jetty.http.HttpParser
       - REQUEST_VERSION --&amp;gt; HEADER
15:06:47.539 [qtp1105322512-32]
       DEBUG org.eclipse.jetty.http.HttpParser - HEADER --&amp;gt;
       HEADER_VALUE
15:06:47.540 [qtp1105322512-32] DEBUG org.eclipse.jetty.http.HttpParser
       - HEADER_VALUE --&amp;gt; HEADER_IN_VALUE
15:06:47.540 [qtp1105322512-32]
       DEBUG org.eclipse.jetty.http.HttpParser - HEADER_IN_VALUE
       --&amp;gt; HEADER
15:06:47.540 [qtp1105322512-32] DEBUG org.eclipse.jetty.http.HttpParser
       - HEADER --&amp;gt; HEADER_VALUE
15:06:47.540 [qtp1105322512-32]
       DEBUG org.eclipse.jetty.http.HttpParser - HEADER_VALUE --&amp;gt;
       HEADER_IN_VALUE
15:06:47.540 [qtp1105322512-32] DEBUG org.eclipse.jetty.http.HttpParser
       - HEADER_IN_VALUE --&amp;gt; HEADER
15:06:47.540 [qtp1105322512-32]
       DEBUG org.eclipse.jetty.http.HttpParser - HEADER --&amp;gt;
       HEADER_VALUE
15:06:47.540 [qtp1105322512-32] DEBUG org.eclipse.jetty.http.HttpParser
       - HEADER_VALUE --&amp;gt; HEADER_IN_VALUE
15:06:47.540 [qtp1105322512-32]
       DEBUG org.eclipse.jetty.http.HttpParser - HEADER_IN_VALUE
       --&amp;gt; HEADER
15:06:47.540 [qtp1105322512-32] DEBUG org.eclipse.jetty.http.HttpParser
       - HEADER --&amp;gt; HEADER_IN_VALUE
15:06:47.540 [qtp1105322512-32]
       DEBUG org.eclipse.jetty.http.HttpParser - HEADER_IN_VALUE
       --&amp;gt; HEADER
15:06:47.540 [qtp1105322512-32] DEBUG org.eclipse.jetty.http.HttpParser
       - HEADER --&amp;gt; END
15:06:47.540 [qtp1105322512-32] DEBUG
       org.eclipse.jetty.server.HttpChannel - HttpChannelOverHttp@444919b1{r=1,c=false,a=IDLE,uri=-}
       messageComplete
15:06:47.540 [qtp1105322512-32] DEBUG org.eclipse.jetty.server.HttpInput
       - HttpInputOverHTTP@312023a7 EOF
15:06:47.540 [qtp1105322512-32]
       DEBUG org.eclipse.jetty.server.HttpChannel - HttpChannelOverHttp@444919b1{r=1,c=false,a=IDLE,uri=-}
       handle enter
15:06:47.540 [qtp1105322512-32 - /test] DEBUG
       o.e.jetty.server.HttpChannelState - HttpChannelState@29c6c272{s=IDLE
       i=true a=null} handling IDLE
15:06:47.541 [qtp1105322512-32
       - /test] DEBUG org.eclipse.jetty.server.HttpChannel - HttpChannelOverHttp@444919b1{r=1,c=false,a=DISPATCHED,uri=/test}
       action REQUEST_DISPATCH
15:06:47.541 [qtp1105322512-32 -
       /test] DEBUG org.eclipse.jetty.server.Server - REQUEST GET
       /test on HttpChannelOverHttp@444919b1{r=1,c=false,a=DISPATCHED,uri=/test}
      
15:06:47.541 [qtp1105322512-32 - /test] DEBUG o.e.j.server.handler.ContextHandler
       - scope null||/test @ o.e.j.s.ServletContextHandler@6f46426d{/,null,AVAILABLE}
      
15:06:47.541 [qtp1105322512-32 - /test] DEBUG o.e.j.server.handler.ContextHandler
       - context=||/test @ o.e.j.s.ServletContextHandler@6f46426d{/,null,AVAILABLE}
      
15:06:47.541 [qtp1105322512-32 - /test] DEBUG org.eclipse.jetty.server.session
       - sessionManager=org.eclipse.jetty.server.session.HashSessionManager@32ee6fee
      
15:06:47.541 [qtp1105322512-32 - /test] DEBUG org.eclipse.jetty.server.session
       - session=null
15:06:47.541 [qtp1105322512-32 - /test] DEBUG
       o.e.jetty.servlet.ServletHandler - servlet ||/test -&amp;gt;
       org.apache.felix.http.base.internal.DispatcherServlet-4738a206@cebacce0==org.apache.felix.http.base.internal.DispatcherServlet,-1,true
      
15:06:47.541 [qtp1105322512-32 - /test] DEBUG o.e.jetty.servlet.ServletHandler
       - chain=null
15:06:47.565 [qtp1105322512-32 - /test] DEBUG
       o.e.jetty.server.HttpConnection - org.eclipse.jetty.server.HttpConnection$SendCallback@55136736[PROCESSING][i=ResponseInfo{HTTP/1.1
       200 null,-1,false},cb=org.eclipse.jetty.server.HttpChannel$CommitCallback@18f1ac62]
       generate: NEED_HEADER (null,[p=0,l=11,c=24576,r=11],false)@START
      
15:06:47.565 [qtp1105322512-32 - /test] DEBUG o.e.jetty.server.HttpConnection
       - org.eclipse.jetty.server.HttpConnection$SendCallback@55136736[PROCESSING][i=ResponseInfo{HTTP/1.1
       200 null,-1,false},cb=org.eclipse.jetty.server.HttpChannel$CommitCallback@18f1ac62]
       generate: FLUSH ([p=0,l=182,c=16384,r=182],[p=0,l=11,c=24576,r=11],false)@COMMITTED
      
15:06:47.565 [qtp1105322512-32 - /test] DEBUG org.eclipse.jetty.io.WriteFlusher
       - write: WriteFlusher@40350270{IDLE} [HeapByteBuffer@c5e1ac32[p=0,l=182,c=16384,r=182]={&amp;lt;&amp;lt;&amp;lt;HTTP/1.1
       200 OK\r\n...0150224)\r\n\r\nB\r\n&amp;gt;&amp;gt;&amp;gt;r:
       Jetty(9.2.9.v2...\x00\x00\x00\x00\x00\x00\x00\x00\x00\x00\x00\x00\x00\x00\x00},HeapByteBuffer@7d64cffd[p=0,l=11,c=24576,r=11]={&amp;lt;&amp;lt;&amp;lt;Hello
       World&amp;gt;&amp;gt;&amp;gt;\x00\x00\x00\x00\x00\x00\x00\x00\x00\x00\x00\x00\x00\x00\x00\x00\x00...\x00\x00\x00\x00\x00\x00\x00\x00\x00\x00\x00\x00\x00\x00\x00}]
      
15:06:47.565 [qtp1105322512-32 - /test] DEBUG org.eclipse.jetty.io.WriteFlusher
       - update WriteFlusher@40350270{WRITING}:IDLE--&amp;gt;WRITING
      
15:06:47.565 [qtp1105322512-32 - /test] DEBUG org.eclipse.jetty.io.ChannelEndPoint
       - flushed 193 SelectChannelEndPoint@6bc1d947{/127.0.0.1:52027&amp;lt;-&amp;gt;8080,Open,in,out,-,W,26/60000,HttpConnection}{io=0,kio=0,kro=1}
      
15:06:47.565 [qtp1105322512-32 - /test] DEBUG org.eclipse.jetty.io.WriteFlusher
       - update WriteFlusher@40350270{IDLE}:WRITING--&amp;gt;IDLE
      
15:06:47.565 [qtp1105322512-32 - /test] DEBUG o.e.jetty.server.HttpConnection
       - org.eclipse.jetty.server.HttpConnection$SendCallback@55136736[PROCESSING][i=ResponseInfo{HTTP/1.1
       200 null,-1,false},cb=org.eclipse.jetty.server.HttpChannel$CommitCallback@18f1ac62]
       generate: DONE ([p=182,l=182,c=16384,r=0],[p=11,l=11,c=24576,r=0],false)@COMMITTED
      
15:06:47.569 [qtp1105322512-32 - /test] DEBUG org.eclipse.jetty.server.Server
       - RESPONSE /test  200 handled=true
15:06:47.569 [qtp1105322512-32
       - /test] DEBUG o.e.jetty.server.HttpChannelState - HttpChannelState@29c6c272{s=DISPATCHED
       i=true a=null} unhandle DISPATCHED
15:06:47.569 [qtp1105322512-32
       - /test] DEBUG o.e.jetty.server.HttpConnection - org.eclipse.jetty.server.HttpConnection$SendCallback@55136736[PROCESSING][i=null,cb=Blocker@6345d0e7{null}]
       generate: CONTINUE (null,[p=0,l=0,c=0,r=0],true)@COMPLETING
      
15:06:47.569 [qtp1105322512-32 - /test] DEBUG o.e.jetty.server.HttpConnection
       - org.eclipse.jetty.server.HttpConnection$SendCallback@55136736[PROCESSING][i=null,cb=Blocker@6345d0e7{null}]
       generate: NEED_CHUNK (null,[p=0,l=0,c=0,r=0],true)@COMPLETING
      
15:06:47.569 [qtp1105322512-32 - /test] DEBUG o.e.jetty.server.HttpConnection
       - org.eclipse.jetty.server.HttpConnection$SendCallback@55136736[PROCESSING][i=null,cb=Blocker@6345d0e7{null}]
       generate: FLUSH (null,[p=0,l=0,c=0,r=0],true)@COMPLETING
      
15:06:47.569 [qtp1105322512-32 - /test] DEBUG org.eclipse.jetty.io.WriteFlusher
       - write: WriteFlusher@40350270{IDLE} [HeapByteBuffer@6239c7f4[p=0,l=7,c=1024,r=7]={&amp;lt;&amp;lt;&amp;lt;\r\n0\r\n\r\n&amp;gt;&amp;gt;&amp;gt;\x00\x00\x00\x00\x00\x00\x00\x00\x00\x00\x00\x00\x00\x00\x00\x00\x00...\x00\x00\x00\x00\x00\x00\x00\x00\x00\x00\x00\x00\x00\x00\x00}]
      
15:06:47.569 [qtp1105322512-32 - /test] DEBUG org.eclipse.jetty.io.WriteFlusher
       - update WriteFlusher@40350270{WRITING}:IDLE--&amp;gt;WRITING
      
15:06:47.570 [qtp1105322512-32 - /test] DEBUG org.eclipse.jetty.io.ChannelEndPoint
       - flushed 7 SelectChannelEndPoint@6bc1d947{/127.0.0.1:52027&amp;lt;-&amp;gt;8080,Open,in,out,-,W,4/60000,HttpConnection}{io=0,kio=0,kro=1}
      
15:06:47.570 [qtp1105322512-32 - /test] DEBUG org.eclipse.jetty.io.WriteFlusher
       - update WriteFlusher@40350270{IDLE}:WRITING--&amp;gt;IDLE
      
15:06:47.570 [qtp1105322512-32 - /test] DEBUG o.e.jetty.server.HttpConnection
       - org.eclipse.jetty.server.HttpConnection$SendCallback@55136736[PROCESSING][i=null,cb=Blocker@6345d0e7{null}]
       generate: DONE (null,[p=0,l=0,c=0,r=0],true)@END
15:06:47.570
       [qtp1105322512-32 - /test] DEBUG org.eclipse.jetty.http.HttpParser
       - reset HttpParser{s=END,0 of 0}
15:06:47.570 [qtp1105322512-32
       - /test] DEBUG org.eclipse.jetty.http.HttpParser - END --&amp;gt;
       START
15:06:47.570 [qtp1105322512-32] DEBUG org.eclipse.jetty.server.HttpChannel
       - HttpChannelOverHttp@444919b1{r=1,c=false,a=IDLE,uri=-} handle
       exit, result COMPLETE
15:06:47.570 [qtp1105322512-32] DEBUG
       org.eclipse.jetty.io.ChannelEndPoint - filled 0 SelectChannelEndPoint@6bc1d947{/127.0.0.1:52027&amp;lt;-&amp;gt;8080,Open,in,out,-,-,0/60000,HttpConnection}{io=0,kio=0,kro=1}
      
15:06:47.570 [qtp1105322512-32] DEBUG org.eclipse.jetty.io.ChannelEndPoint
       - filled 0 SelectChannelEndPoint@6bc1d947{/127.0.0.1:52027&amp;lt;-&amp;gt;8080,Open,in,out,-,-,0/60000,HttpConnection}{io=0,kio=0,kro=1}
      
15:06:47.570 [qtp1105322512-32] DEBUG org.eclipse.jetty.http.HttpParser
       - parseNext s=START HeapByteBuffer@c9822eea[p=0,l=0,c=8192,r=0]={&amp;lt;&amp;lt;&amp;lt;&amp;gt;&amp;gt;&amp;gt;GET
       /rest HTTP/1....\x00\x00\x00\x00\x00\x00\x00\x00\x00\x00\x00\x00\x00\x00\x00}
      
15:06:47.571 [qtp1105322512-32] DEBUG o.e.jetty.io.AbstractConnection
       - fillInterested HttpConnection@79e9f94e{FILLING}
15:06:47.571
       [qtp1105322512-32] DEBUG o.e.jetty.io.AbstractConnection -
       FILLING--&amp;gt;FILLING_FILL_INTERESTED HttpConnection@79e9f94e{FILLING_FILL_INTERESTED}
      
15:06:47.571 [qtp1105322512-32] DEBUG o.e.jetty.io.AbstractConnection
       - FILLING_FILL_INTERESTED--&amp;gt;FILL_INTERESTED HttpConnection@79e9f94e{FILL_INTERESTED}
      
15:06:47.571 [qtp1105322512-32] DEBUG o.e.jetty.io.SelectChannelEndPoint
       - Local interests updating 0 -&amp;gt; 1 for SelectChannelEndPoint@6bc1d947{/127.0.0.1:52027&amp;lt;-&amp;gt;8080,Open,in,out,R,-,0/60000,HttpConnection}{io=1,kio=0,kro=1}
      
15:06:47.571 [qtp1105322512-32] DEBUG org.eclipse.jetty.io.SelectorManager
       - Running change org.eclipse.jetty.io.SelectChannelEndPoint$1@1c871cd5
      
15:06:47.571 [qtp1105322512-32] DEBUG o.e.jetty.io.SelectChannelEndPoint
       - Key interests updated 0 -&amp;gt; 1 on SelectChannelEndPoint@6bc1d947{/127.0.0.1:52027&amp;lt;-&amp;gt;8080,Open,in,out,R,-,0/60000,HttpConnection}{io=1,kio=1,kro=1}
      
15:06:47.571 [qtp1105322512-33-selector-ServerConnectorManager@1530c739/0]
       DEBUG org.eclipse.jetty.io.SelectorManager - Selector loop
       woken up from select, 0/1 selected
15:06:47.571 [qtp1105322512-33-selector-ServerConnectorManager@1530c739/0]
       DEBUG org.eclipse.jetty.io.SelectorManager - Selector loop
       waiting on select
15:06:47.574 [qtp1105322512-33-selector-ServerConnectorManager@1530c739/0]
       DEBUG org.eclipse.jetty.io.SelectorManager - Selector loop
       woken up from select, 1/1 selected
15:06:47.574 [qtp1105322512-33-selector-ServerConnectorManager@1530c739/0]
       DEBUG o.e.jetty.io.SelectChannelEndPoint - Key interests updated
       1 -&amp;gt; 0 on SelectChannelEndPoint@6bc1d947{/127.0.0.1:52027&amp;lt;-&amp;gt;8080,Open,in,out,R,-,3/60000,HttpConnection}{io=1,kio=0,kro=1}
      
15:06:47.574 [qtp1105322512-33-selector-ServerConnectorManager@1530c739/0]
       DEBUG o.e.jetty.io.SelectChannelEndPoint - Local interests
       updating 1 -&amp;gt; 0 for SelectChannelEndPoint@6bc1d947{/127.0.0.1:52027&amp;lt;-&amp;gt;8080,Open,in,out,R,-,3/60000,HttpConnection}{io=0,kio=0,kro=1}
      
15:06:47.574 [qtp1105322512-33-selector-ServerConnectorManager@1530c739/0]
       DEBUG org.eclipse.jetty.io.SelectorManager - Running change
       org.eclipse.jetty.io.SelectChannelEndPoint$1@1c871cd5
15:06:47.574
       [qtp1105322512-33-selector-ServerConnectorManager@1530c739/0]
       DEBUG o.e.jetty.io.AbstractConnection - FILL_INTERESTED--&amp;gt;FILLING
       HttpConnection@79e9f94e{FILLING}
15:06:47.574 [qtp1105322512-33-selector-ServerConnectorManager@1530c739/0]
       DEBUG org.eclipse.jetty.io.SelectorManager - Selector loop
       waiting on select
15:06:47.574 [qtp1105322512-38] DEBUG o.e.jetty.server.HttpConnection
       - HttpConnection@79e9f94e{FILLING} onFillable HttpChannelState@29c6c272{s=IDLE
       i=true a=null}
15:06:47.574 [qtp1105322512-38] DEBUG org.eclipse.jetty.io.ChannelEndPoint
       - filled 157 SelectChannelEndPoint@6bc1d947{/127.0.0.1:52027&amp;lt;-&amp;gt;8080,Open,in,out,-,-,3/60000,HttpConnection}{io=0,kio=0,kro=1}
      
15:06:47.575 [qtp1105322512-38] DEBUG org.eclipse.jetty.http.HttpParser
       - parseNext s=START HeapByteBuffer@62f2d86c[p=0,l=157,c=8192,r=157]={&amp;lt;&amp;lt;&amp;lt;GET
       /test HTTP/1.... keep-alive\r\n\r\n&amp;gt;&amp;gt;&amp;gt;\n\r\n\r\n\r\n\x00\x00\x00\x00\x00\x00\x00\x00\x00\x00...\x00\x00\x00\x00\x00\x00\x00\x00\x00\x00\x00\x00\x00\x00\x00}
      
15:06:47.575 [qtp1105322512-38] DEBUG org.eclipse.jetty.http.HttpParser
       - START --&amp;gt; SPACE1
15:06:47.575 [qtp1105322512-38]
       DEBUG org.eclipse.jetty.http.HttpParser - SPACE1 --&amp;gt;
       URI
15:06:47.575 [qtp1105322512-38] DEBUG org.eclipse.jetty.http.HttpParser
       - URI --&amp;gt; SPACE2
15:06:47.575 [qtp1105322512-38] DEBUG
       org.eclipse.jetty.http.HttpParser - SPACE2 --&amp;gt; REQUEST_VERSION
      
15:06:47.575 [qtp1105322512-38] DEBUG org.eclipse.jetty.http.HttpParser
       - REQUEST_VERSION --&amp;gt; HEADER
15:06:47.575 [qtp1105322512-38]
       DEBUG org.eclipse.jetty.http.HttpParser - HEADER --&amp;gt;
       HEADER_IN_VALUE
15:06:47.575 [qtp1105322512-38] DEBUG org.eclipse.jetty.http.HttpParser
       - HEADER_IN_VALUE --&amp;gt; HEADER
15:06:47.575 [qtp1105322512-38]
       DEBUG org.eclipse.jetty.http.HttpParser - HEADER --&amp;gt;
       HEADER_IN_VALUE
15:06:47.575 [qtp1105322512-38] DEBUG org.eclipse.jetty.http.HttpParser
       - HEADER_IN_VALUE --&amp;gt; HEADER
15:06:47.575 [qtp1105322512-38]
       DEBUG org.eclipse.jetty.http.HttpParser - HEADER --&amp;gt;
       HEADER_IN_VALUE
15:06:47.575 [qtp1105322512-38] DEBUG org.eclipse.jetty.http.HttpParser
       - HEADER_IN_VALUE --&amp;gt; HEADER
15:06:47.575 [qtp1105322512-38]
       DEBUG org.eclipse.jetty.http.HttpParser - HEADER --&amp;gt;
       HEADER_IN_VALUE
15:06:47.575 [qtp1105322512-38] DEBUG org.eclipse.jetty.http.HttpParser
       - HEADER_IN_VALUE --&amp;gt; HEADER
15:06:47.575 [qtp1105322512-38]
       DEBUG org.eclipse.jetty.http.HttpParser - HEADER --&amp;gt;
       END
15:06:47.576 [qtp1105322512-38] DEBUG org.eclipse.jetty.server.HttpChannel
       - HttpChannelOverHttp@444919b1{r=2,c=false,a=IDLE,uri=-} messageComplete
      
15:06:47.576 [qtp1105322512-38] DEBUG org.eclipse.jetty.server.HttpInput
       - HttpInputOverHTTP@312023a7 EOF
15:06:47.576 [qtp1105322512-38]
       DEBUG org.eclipse.jetty.server.HttpChannel - HttpChannelOverHttp@444919b1{r=2,c=false,a=IDLE,uri=-}
       handle enter
15:06:47.576 [qtp1105322512-38 - /test] DEBUG
       o.e.jetty.server.HttpChannelState - HttpChannelState@29c6c272{s=IDLE
       i=true a=null} handling IDLE
15:06:47.576 [qtp1105322512-38
       - /test] DEBUG org.eclipse.jetty.server.HttpChannel - HttpChannelOverHttp@444919b1{r=2,c=false,a=DISPATCHED,uri=/test}
       action REQUEST_DISPATCH
15:06:47.576 [qtp1105322512-38 -
       /test] DEBUG org.eclipse.jetty.server.Server - REQUEST GET
       /test on HttpChannelOverHttp@444919b1{r=2,c=false,a=DISPATCHED,uri=/test}
      
15:06:47.576 [qtp1105322512-38 - /test] DEBUG o.e.j.server.handler.ContextHandler
       - scope null||/test @ o.e.j.s.ServletContextHandler@6f46426d{/,null,AVAILABLE}
      
15:06:47.577 [qtp1105322512-38 - /test] DEBUG o.e.j.server.handler.ContextHandler
       - context=||/test @ o.e.j.s.ServletContextHandler@6f46426d{/,null,AVAILABLE}
      
15:06:47.577 [qtp1105322512-38 - /test] DEBUG org.eclipse.jetty.server.session
       - sessionManager=org.eclipse.jetty.server.session.HashSessionManager@32ee6fee
      
15:06:47.577 [qtp1105322512-38 - /test] DEBUG org.eclipse.jetty.server.session
       - session=null
15:06:47.577 [qtp1105322512-38 - /test] DEBUG
       o.e.jetty.servlet.ServletHandler - servlet ||/test -&amp;gt;
       org.apache.felix.http.base.internal.DispatcherServlet-4738a206@cebacce0==org.apache.felix.http.base.internal.DispatcherServlet,-1,true
      
15:06:47.577 [qtp1105322512-38 - /test] DEBUG o.e.jetty.servlet.ServletHandler
       - chain=null
15:06:47.607 [qtp1105322512-38 - /test] DEBUG
       o.e.jetty.server.HttpConnection - org.eclipse.jetty.server.HttpConnection$SendCallback@55136736[PROCESSING][i=ResponseInfo{HTTP/1.1
       200 null,-1,false},cb=org.eclipse.jetty.server.HttpChannel$CommitCallback@5b8a4ff0]
       generate: NEED_HEADER (null,[p=0,l=21,c=24576,r=21],true)@START
      
15:06:47.607 [qtp1105322512-38 - /test] DEBUG o.e.jetty.server.HttpConnection
       - org.eclipse.jetty.server.HttpConnection$SendCallback@55136736[PROCESSING][i=ResponseInfo{HTTP/1.1
       200 null,-1,false},cb=org.eclipse.jetty.server.HttpChannel$CommitCallback@5b8a4ff0]
       generate: FLUSH ([p=0,l=171,c=16384,r=171],[p=0,l=21,c=24576,r=21],true)@COMPLETING
      
15:06:47.607 [qtp1105322512-38 - /test] DEBUG org.eclipse.jetty.io.WriteFlusher
       - write: WriteFlusher@40350270{IDLE} [HeapByteBuffer@7679255[p=0,l=171,c=16384,r=171]={&amp;lt;&amp;lt;&amp;lt;HTTP/1.1
       200 OK\r\n....v20150224)\r\n\r\n&amp;gt;&amp;gt;&amp;gt;224)\r\n\r\nB\r\nr:
       Jet...\x00\x00\x00\x00\x00\x00\x00\x00\x00\x00\x00\x00\x00\x00\x00},HeapByteBuffer@12988094[p=0,l=21,c=24576,r=21]={&amp;lt;&amp;lt;&amp;lt;provider:
       Hello World&amp;gt;&amp;gt;&amp;gt;\x00\x00\x00\x00\x00\x00\x00\x00\x00\x00\x00\x00\x00\x00\x00\x00\x00...\x00\x00\x00\x00\x00\x00\x00\x00\x00\x00\x00\x00\x00\x00\x00}]
      
15:06:47.607 [qtp1105322512-38 - /test] DEBUG org.eclipse.jetty.io.WriteFlusher
       - update WriteFlusher@40350270{WRITING}:IDLE--&amp;gt;WRITING
      
15:06:47.607 [qtp1105322512-38 - /test] DEBUG org.eclipse.jetty.io.ChannelEndPoint
       - flushed 192 SelectChannelEndPoint@6bc1d947{/127.0.0.1:52027&amp;lt;-&amp;gt;8080,Open,in,out,-,W,33/60000,HttpConnection}{io=0,kio=0,kro=1}
      
15:06:47.607 [qtp1105322512-38 - /test] DEBUG org.eclipse.jetty.io.WriteFlusher
       - update WriteFlusher@40350270{IDLE}:WRITING--&amp;gt;IDLE
      
15:06:47.608 [qtp1105322512-38 - /test] DEBUG o.e.jetty.server.HttpConnection
       - org.eclipse.jetty.server.HttpConnection$SendCallback@55136736[PROCESSING][i=ResponseInfo{HTTP/1.1
       200 null,-1,false},cb=org.eclipse.jetty.server.HttpChannel$CommitCallback@5b8a4ff0]
       generate: DONE ([p=171,l=171,c=16384,r=0],[p=21,l=21,c=24576,r=0],true)@END
      
15:06:47.608 [qtp1105322512-38 - /test] DEBUG org.eclipse.jetty.server.Server
       - RESPONSE /test  200 handled=true
15:06:47.608 [qtp1105322512-38
       - /test] DEBUG o.e.jetty.server.HttpChannelState - HttpChannelState@29c6c272{s=DISPATCHED
       i=true a=null} unhandle DISPATCHED
15:06:47.608 [qtp1105322512-38
       - /test] DEBUG org.eclipse.jetty.http.HttpParser - reset HttpParser{s=END,0
       of -1}
15:06:47.608 [qtp1105322512-38 - /test] DEBUG org.eclipse.jetty.http.HttpParser
       - END --&amp;gt; START
15:06:47.609 [qtp1105322512-38] DEBUG
       org.eclipse.jetty.server.HttpChannel - HttpChannelOverHttp@444919b1{r=2,c=false,a=IDLE,uri=-}
       handle exit, result COMPLETE
15:06:47.609 [qtp1105322512-38]
       DEBUG org.eclipse.jetty.io.ChannelEndPoint - filled 0 SelectChannelEndPoint@6bc1d947{/127.0.0.1:52027&amp;lt;-&amp;gt;8080,Open,in,out,-,-,2/60000,HttpConnection}{io=0,kio=0,kro=1}
      
15:06:47.609 [qtp1105322512-38] DEBUG org.eclipse.jetty.io.ChannelEndPoint
       - filled 0 SelectChannelEndPoint@6bc1d947{/127.0.0.1:52027&amp;lt;-&amp;gt;8080,Open,in,out,-,-,2/60000,HttpConnection}{io=0,kio=0,kro=1}
      
15:06:47.609 [qtp1105322512-38] DEBUG org.eclipse.jetty.http.HttpParser
       - parseNext s=START HeapByteBuffer@c9822eea[p=0,l=0,c=8192,r=0]={&amp;lt;&amp;lt;&amp;lt;&amp;gt;&amp;gt;&amp;gt;GET
       /rest HTTP/1....\x00\x00\x00\x00\x00\x00\x00\x00\x00\x00\x00\x00\x00\x00\x00}
      
15:06:47.609 [qtp1105322512-38] DEBUG o.e.jetty.io.AbstractConnection
       - fillInterested HttpConnection@79e9f94e{FILLING}
15:06:47.609
       [qtp1105322512-38] DEBUG o.e.jetty.io.AbstractConnection -
       FILLING--&amp;gt;FILLING_FILL_INTERESTED HttpConnection@79e9f94e{FILLING_FILL_INTERESTED}
      
15:06:47.609 [qtp1105322512-38] DEBUG o.e.jetty.io.AbstractConnection
       - FILLING_FILL_INTERESTED--&amp;gt;FILL_INTERESTED HttpConnection@79e9f94e{FILL_INTERESTED}
      
15:06:47.609 [qtp1105322512-38] DEBUG o.e.jetty.io.SelectChannelEndPoint
       - Local interests updating 0 -&amp;gt; 1 for SelectChannelEndPoint@6bc1d947{/127.0.0.1:52027&amp;lt;-&amp;gt;8080,Open,in,out,R,-,0/60000,HttpConnection}{io=1,kio=0,kro=1}
      
15:06:47.610 [qtp1105322512-38] DEBUG org.eclipse.jetty.io.SelectorManager
       - Running change org.eclipse.jetty.io.SelectChannelEndPoint$1@1c871cd5
      
15:06:47.610 [qtp1105322512-38] DEBUG o.e.jetty.io.SelectChannelEndPoint
       - Key interests updated 0 -&amp;gt; 1 on SelectChannelEndPoint@6bc1d947{/127.0.0.1:52027&amp;lt;-&amp;gt;8080,Open,in,out,R,-,1/60000,HttpConnection}{io=1,kio=1,kro=1}
      
15:06:47.610 [qtp1105322512-33-selector-ServerConnectorManager@1530c739/0]
       DEBUG org.eclipse.jetty.io.SelectorManager - Selector loop
       woken up from select, 0/1 selected
15:06:47.610 [qtp1105322512-33-selector-ServerConnectorManager@1530c739/0]
       DEBUG org.eclipse.jetty.io.SelectorManager - Selector loop
       waiting on select
15:06:47.613 [qtp1105322512-33-selector-ServerConnectorManager@1530c739/0]
       DEBUG org.eclipse.jetty.io.SelectorManager - Selector loop
       woken up from select, 1/1 selected
15:06:47.613 [qtp1105322512-33-selector-ServerConnectorManager@1530c739/0]
       DEBUG o.e.jetty.io.SelectChannelEndPoint - Key interests updated
       1 -&amp;gt; 0 on SelectChannelEndPoint@6bc1d947{/127.0.0.1:52027&amp;lt;-&amp;gt;8080,Open,in,out,R,-,4/60000,HttpConnection}{io=1,kio=0,kro=1}
      
15:06:47.613 [qtp1105322512-33-selector-ServerConnectorManager@1530c739/0]
       DEBUG o.e.jetty.io.SelectChannelEndPoint - Local interests
       updating 1 -&amp;gt; 0 for SelectChannelEndPoint@6bc1d947{/127.0.0.1:52027&amp;lt;-&amp;gt;8080,Open,in,out,R,-,4/60000,HttpConnection}{io=0,kio=0,kro=1}
      
15:06:47.613 [qtp1105322512-33-selector-ServerConnectorManager@1530c739/0]
       DEBUG org.eclipse.jetty.io.SelectorManager - Running change
       org.eclipse.jetty.io.SelectChannelEndPoint$1@1c871cd5
15:06:47.613
       [qtp1105322512-33-selector-ServerConnectorManager@1530c739/0]
       DEBUG o.e.jetty.io.AbstractConnection - FILL_INTERESTED--&amp;gt;FILLING
       HttpConnection@79e9f94e{FILLING}
15:06:47.613 [qtp1105322512-33-selector-ServerConnectorManager@1530c739/0]
       DEBUG org.eclipse.jetty.io.SelectorManager - Selector loop
       waiting on select
15:06:47.617 [qtp1105322512-35] DEBUG o.e.jetty.server.HttpConnection
       - HttpConnection@79e9f94e{FILLING} onFillable HttpChannelState@29c6c272{s=IDLE
       i=true a=null}
15:06:47.617 [qtp1105322512-35] DEBUG org.eclipse.jetty.io.ChannelEndPoint
       - filled 157 SelectChannelEndPoint@6bc1d947{/127.0.0.1:52027&amp;lt;-&amp;gt;8080,Open,in,out,-,-,8/60000,HttpConnection}{io=0,kio=0,kro=1}
      
15:06:47.617 [qtp1105322512-35] DEBUG org.eclipse.jetty.http.HttpParser
       - parseNext s=START HeapByteBuffer@62f2d86c[p=0,l=157,c=8192,r=157]={&amp;lt;&amp;lt;&amp;lt;GET
       /test HTTP/1.... keep-alive\r\n\r\n&amp;gt;&amp;gt;&amp;gt;\n\r\n\r\n\r\n\x00\x00\x00\x00\x00\x00\x00\x00\x00\x00...\x00\x00\x00\x00\x00\x00\x00\x00\x00\x00\x00\x00\x00\x00\x00}
      
15:06:47.617 [qtp1105322512-35] DEBUG org.eclipse.jetty.http.HttpParser
       - START --&amp;gt; SPACE1
15:06:47.617 [qtp1105322512-35]
       DEBUG org.eclipse.jetty.http.HttpParser - SPACE1 --&amp;gt;
       URI
15:06:47.617 [qtp1105322512-35] DEBUG org.eclipse.jetty.http.HttpParser
       - URI --&amp;gt; SPACE2
15:06:47.618 [qtp1105322512-35] DEBUG
       org.eclipse.jetty.http.HttpParser - SPACE2 --&amp;gt; REQUEST_VERSION
      
15:06:47.618 [qtp1105322512-35] DEBUG org.eclipse.jetty.http.HttpParser
       - REQUEST_VERSION --&amp;gt; HEADER
15:06:47.618 [qtp1105322512-35]
       DEBUG org.eclipse.jetty.http.HttpParser - HEADER --&amp;gt;
       HEADER_IN_VALUE
15:06:47.618 [qtp1105322512-35] DEBUG org.eclipse.jetty.http.HttpParser
       - HEADER_IN_VALUE --&amp;gt; HEADER
15:06:47.618 [qtp1105322512-35]
       DEBUG org.eclipse.jetty.http.HttpParser - HEADER --&amp;gt;
       HEADER_IN_VALUE
15:06:47.618 [qtp1105322512-35] DEBUG org.eclipse.jetty.http.HttpParser
       - HEADER_IN_VALUE --&amp;gt; HEADER
15:06:47.618 [qtp1105322512-35]
       DEBUG org.eclipse.jetty.http.HttpParser - HEADER --&amp;gt;
       HEADER_IN_VALUE
15:06:47.618 [qtp1105322512-35] DEBUG org.eclipse.jetty.http.HttpParser
       - HEADER_IN_VALUE --&amp;gt; HEADER
15:06:47.618 [qtp1105322512-35]
       DEBUG org.eclipse.jetty.http.HttpParser - HEADER --&amp;gt;
       HEADER_IN_VALUE
15:06:47.618 [qtp1105322512-35] DEBUG org.eclipse.jetty.http.HttpParser
       - HEADER_IN_VALUE --&amp;gt; HEADER
15:06:47.618 [qtp1105322512-35]
       DEBUG org.eclipse.jetty.http.HttpParser - HEADER --&amp;gt;
       END
15:06:47.618 [qtp1105322512-35] DEBUG org.eclipse.jetty.server.HttpChannel
       - HttpChannelOverHttp@444919b1{r=3,c=false,a=IDLE,uri=-} messageComplete
      
15:06:47.618 [qtp1105322512-35] DEBUG org.eclipse.jetty.server.HttpInput
       - HttpInputOverHTTP@312023a7 EOF
15:06:47.618 [qtp1105322512-35]
       DEBUG org.eclipse.jetty.server.HttpChannel - HttpChannelOverHttp@444919b1{r=3,c=false,a=IDLE,uri=-}
       handle enter
15:06:47.618 [qtp1105322512-35 - /test] DEBUG
       o.e.jetty.server.HttpChannelState - HttpChannelState@29c6c272{s=IDLE
       i=true a=null} handling IDLE
15:06:47.618 [qtp1105322512-35
       - /test] DEBUG org.eclipse.jetty.server.HttpChannel - HttpChannelOverHttp@444919b1{r=3,c=false,a=DISPATCHED,uri=/test}
       action REQUEST_DISPATCH
15:06:47.618 [qtp1105322512-35 -
       /test] DEBUG org.eclipse.jetty.server.Server - REQUEST GET
       /test on HttpChannelOverHttp@444919b1{r=3,c=false,a=DISPATCHED,uri=/test}
      
15:06:47.618 [qtp1105322512-35 - /test] DEBUG o.e.j.server.handler.ContextHandler
       - scope null||/test @ o.e.j.s.ServletContextHandler@6f46426d{/,null,AVAILABLE}
      
15:06:47.618 [qtp1105322512-35 - /test] DEBUG o.e.j.server.handler.ContextHandler
       - context=||/test @ o.e.j.s.ServletContextHandler@6f46426d{/,null,AVAILABLE}
      
15:06:47.619 [qtp1105322512-35 - /test] DEBUG org.eclipse.jetty.server.session
       - sessionManager=org.eclipse.jetty.server.session.HashSessionManager@32ee6fee
      
15:06:47.619 [qtp1105322512-35 - /test] DEBUG org.eclipse.jetty.server.session
       - session=null
15:06:47.619 [qtp1105322512-35 - /test] DEBUG
       o.e.jetty.servlet.ServletHandler - servlet ||/test -&amp;gt;
       org.apache.felix.http.base.internal.DispatcherServlet-4738a206@cebacce0==org.apache.felix.http.base.internal.DispatcherServlet,-1,true
      
15:06:47.619 [qtp1105322512-35 - /test] DEBUG o.e.jetty.servlet.ServletHandler
       - chain=null
15:06:47.650 [qtp1105322512-35 - /test] DEBUG
       o.e.jetty.server.HttpConnection - org.eclipse.jetty.server.HttpConnection$SendCallback@55136736[PROCESSING][i=ResponseInfo{HTTP/1.1
       200 null,-1,false},cb=org.eclipse.jetty.server.HttpChannel$CommitCallback@71e7a050]
       generate: NEED_HEADER (null,[p=0,l=11,c=24576,r=11],false)@START
      
15:06:47.650 [qtp1105322512-35 - /test] DEBUG o.e.jetty.server.HttpConnection
       - org.eclipse.jetty.server.HttpConnection$SendCallback@55136736[PROCESSING][i=ResponseInfo{HTTP/1.1
       200 null,-1,false},cb=org.eclipse.jetty.server.HttpChannel$CommitCallback@71e7a050]
       generate: FLUSH ([p=0,l=182,c=16384,r=182],[p=0,l=11,c=24576,r=11],false)@COMMITTED
      
15:06:47.650 [qtp1105322512-35 - /test] DEBUG org.eclipse.jetty.io.WriteFlusher
       - write: WriteFlusher@40350270{IDLE} [HeapByteBuffer@c5e1ac32[p=0,l=182,c=16384,r=182]={&amp;lt;&amp;lt;&amp;lt;HTTP/1.1
       200 OK\r\n...0150224)\r\n\r\nB\r\n&amp;gt;&amp;gt;&amp;gt;r:
       Jetty(9.2.9.v2...\x00\x00\x00\x00\x00\x00\x00\x00\x00\x00\x00\x00\x00\x00\x00},HeapByteBuffer@aa80ce41[p=0,l=11,c=24576,r=11]={&amp;lt;&amp;lt;&amp;lt;Hello
       World&amp;gt;&amp;gt;&amp;gt;ello World\x00\x00\x00\x00\x00\x00\x00...\x00\x00\x00\x00\x00\x00\x00\x00\x00\x00\x00\x00\x00\x00\x00}]
      
15:06:47.650 [qtp1105322512-35 - /test] DEBUG org.eclipse.jetty.io.WriteFlusher
       - update WriteFlusher@40350270{WRITING}:IDLE--&amp;gt;WRITING
      
15:06:47.651 [qtp1105322512-35 - /test] DEBUG org.eclipse.jetty.io.ChannelEndPoint
       - flushed 193 SelectChannelEndPoint@6bc1d947{/127.0.0.1:52027&amp;lt;-&amp;gt;8080,Open,in,out,-,W,34/60000,HttpConnection}{io=0,kio=0,kro=1}
      
15:06:47.651 [qtp1105322512-35 - /test] DEBUG org.eclipse.jetty.io.WriteFlusher
       - update WriteFlusher@40350270{IDLE}:WRITING--&amp;gt;IDLE
      
15:06:47.651 [qtp1105322512-35 - /test] DEBUG o.e.jetty.server.HttpConnection
       - org.eclipse.jetty.server.HttpConnection$SendCallback@55136736[PROCESSING][i=ResponseInfo{HTTP/1.1
       200 null,-1,false},cb=org.eclipse.jetty.server.HttpChannel$CommitCallback@71e7a050]
       generate: DONE ([p=182,l=182,c=16384,r=0],[p=11,l=11,c=24576,r=0],false)@COMMITTED
      
15:06:47.651 [qtp1105322512-35 - /test] DEBUG org.eclipse.jetty.server.Server
       - RESPONSE /test  200 handled=true
15:06:47.651 [qtp1105322512-35
       - /test] DEBUG o.e.jetty.server.HttpChannelState - HttpChannelState@29c6c272{s=DISPATCHED
       i=true a=null} unhandle DISPATCHED
15:06:47.652 [qtp1105322512-35
       - /test] DEBUG o.e.jetty.server.HttpConnection - org.eclipse.jetty.server.HttpConnection$SendCallback@55136736[PROCESSING][i=null,cb=Blocker@6345d0e7{null}]
       generate: CONTINUE (null,[p=0,l=0,c=0,r=0],true)@COMPLETING
      
15:06:47.652 [qtp1105322512-35 - /test] DEBUG o.e.jetty.server.HttpConnection
       - org.eclipse.jetty.server.HttpConnection$SendCallback@55136736[PROCESSING][i=null,cb=Blocker@6345d0e7{null}]
       generate: NEED_CHUNK (null,[p=0,l=0,c=0,r=0],true)@COMPLETING
      
15:06:47.652 [qtp1105322512-35 - /test] DEBUG o.e.jetty.server.HttpConnection
       - org.eclipse.jetty.server.HttpConnection$SendCallback@55136736[PROCESSING][i=null,cb=Blocker@6345d0e7{null}]
       generate: FLUSH (null,[p=0,l=0,c=0,r=0],true)@COMPLETING
      
15:06:47.652 [qtp1105322512-35 - /test] DEBUG org.eclipse.jetty.io.WriteFlusher
       - write: WriteFlusher@40350270{IDLE} [HeapByteBuffer@6239c7f4[p=0,l=7,c=1024,r=7]={&amp;lt;&amp;lt;&amp;lt;\r\n0\r\n\r\n&amp;gt;&amp;gt;&amp;gt;\x00\x00\x00\x00\x00\x00\x00\x00\x00\x00\x00\x00\x00\x00\x00\x00\x00...\x00\x00\x00\x00\x00\x00\x00\x00\x00\x00\x00\x00\x00\x00\x00}]
      
15:06:47.652 [qtp1105322512-35 - /test] DEBUG org.eclipse.jetty.io.WriteFlusher
       - update WriteFlusher@40350270{WRITING}:IDLE--&amp;gt;WRITING
    </system-out>
  </testcase>
  <testcase name='testBaseWithSubResourceRegistrationWithPrefixOverride' time='0.495' classname='org.amdatu.web.rest.ResourceRegistrationTest'>
    <system-out>
      15:06:47.654 [qtp1105322512-35 - /test] DEBUG org.eclipse.jetty.io.ChannelEndPoint
       - flushed 7 SelectChannelEndPoint@6bc1d947{/127.0.0.1:52027&amp;lt;-&amp;gt;8080,Open,in,out,-,W,3/60000,HttpConnection}{io=0,kio=0,kro=1}
      
15:06:47.654 [qtp1105322512-35 - /test] DEBUG org.eclipse.jetty.io.WriteFlusher
       - update WriteFlusher@40350270{IDLE}:WRITING--&amp;gt;IDLE
      
15:06:47.654 [qtp1105322512-35 - /test] DEBUG o.e.jetty.server.HttpConnection
       - org.eclipse.jetty.server.HttpConnection$SendCallback@55136736[PROCESSING][i=null,cb=Blocker@6345d0e7{null}]
       generate: DONE (null,[p=0,l=0,c=0,r=0],true)@END
15:06:47.654
       [qtp1105322512-35 - /test] DEBUG org.eclipse.jetty.http.HttpParser
       - reset HttpParser{s=END,0 of -1}
15:06:47.654 [qtp1105322512-35
       - /test] DEBUG org.eclipse.jetty.http.HttpParser - END --&amp;gt;
       START
15:06:47.654 [qtp1105322512-35] DEBUG org.eclipse.jetty.server.HttpChannel
       - HttpChannelOverHttp@444919b1{r=3,c=false,a=IDLE,uri=-} handle
       exit, result COMPLETE
15:06:47.655 [qtp1105322512-35] DEBUG
       org.eclipse.jetty.io.ChannelEndPoint - filled 164 SelectChannelEndPoint@6bc1d947{/127.0.0.1:52027&amp;lt;-&amp;gt;8080,Open,in,out,-,-,1/60000,HttpConnection}{io=0,kio=0,kro=1}
      
15:06:47.655 [qtp1105322512-35] DEBUG org.eclipse.jetty.http.HttpParser
       - parseNext s=START HeapByteBuffer@a62eb869[p=0,l=164,c=8192,r=164]={&amp;lt;&amp;lt;&amp;lt;GET
       /prefix/base ... keep-alive\r\n\r\n&amp;gt;&amp;gt;&amp;gt;\x00\x00\x00\x00\x00\x00\x00\x00\x00\x00\x00\x00\x00\x00\x00\x00\x00...\x00\x00\x00\x00\x00\x00\x00\x00\x00\x00\x00\x00\x00\x00\x00}
      
15:06:47.655 [qtp1105322512-35] DEBUG org.eclipse.jetty.http.HttpParser
       - START --&amp;gt; SPACE1
15:06:47.655 [qtp1105322512-35]
       DEBUG org.eclipse.jetty.http.HttpParser - SPACE1 --&amp;gt;
       URI
15:06:47.655 [qtp1105322512-35] DEBUG org.eclipse.jetty.http.HttpParser
       - URI --&amp;gt; SPACE2
15:06:47.655 [qtp1105322512-35] DEBUG
       org.eclipse.jetty.http.HttpParser - SPACE2 --&amp;gt; REQUEST_VERSION
      
15:06:47.655 [qtp1105322512-35] DEBUG org.eclipse.jetty.http.HttpParser
       - REQUEST_VERSION --&amp;gt; HEADER
15:06:47.655 [qtp1105322512-35]
       DEBUG org.eclipse.jetty.http.HttpParser - HEADER --&amp;gt;
       HEADER_IN_VALUE
15:06:47.656 [qtp1105322512-35] DEBUG org.eclipse.jetty.http.HttpParser
       - HEADER_IN_VALUE --&amp;gt; HEADER
15:06:47.656 [qtp1105322512-35]
       DEBUG org.eclipse.jetty.http.HttpParser - HEADER --&amp;gt;
       HEADER_IN_VALUE
15:06:47.656 [qtp1105322512-35] DEBUG org.eclipse.jetty.http.HttpParser
       - HEADER_IN_VALUE --&amp;gt; HEADER
15:06:47.656 [qtp1105322512-35]
       DEBUG org.eclipse.jetty.http.HttpParser - HEADER --&amp;gt;
       HEADER_IN_VALUE
15:06:47.656 [qtp1105322512-35] DEBUG org.eclipse.jetty.http.HttpParser
       - HEADER_IN_VALUE --&amp;gt; HEADER
15:06:47.656 [qtp1105322512-35]
       DEBUG org.eclipse.jetty.http.HttpParser - HEADER --&amp;gt;
       HEADER_IN_VALUE
15:06:47.656 [qtp1105322512-35] DEBUG org.eclipse.jetty.http.HttpParser
       - HEADER_IN_VALUE --&amp;gt; HEADER
15:06:47.656 [qtp1105322512-35]
       DEBUG org.eclipse.jetty.http.HttpParser - HEADER --&amp;gt;
       END
15:06:47.656 [qtp1105322512-35] DEBUG org.eclipse.jetty.server.HttpChannel
       - HttpChannelOverHttp@444919b1{r=4,c=false,a=IDLE,uri=-} messageComplete
      
15:06:47.656 [qtp1105322512-35] DEBUG org.eclipse.jetty.server.HttpInput
       - HttpInputOverHTTP@312023a7 EOF
15:06:47.656 [qtp1105322512-35]
       DEBUG org.eclipse.jetty.server.HttpChannel - HttpChannelOverHttp@444919b1{r=4,c=false,a=IDLE,uri=-}
       handle enter
15:06:47.656 [qtp1105322512-35 - /prefix/base]
       DEBUG o.e.jetty.server.HttpChannelState - HttpChannelState@29c6c272{s=IDLE
       i=true a=null} handling IDLE
15:06:47.656 [qtp1105322512-35
       - /prefix/base] DEBUG org.eclipse.jetty.server.HttpChannel
       - HttpChannelOverHttp@444919b1{r=4,c=false,a=DISPATCHED,uri=/prefix/base}
       action REQUEST_DISPATCH
15:06:47.656 [qtp1105322512-35 -
       /prefix/base] DEBUG org.eclipse.jetty.server.Server - REQUEST
       GET /prefix/base on HttpChannelOverHttp@444919b1{r=4,c=false,a=DISPATCHED,uri=/prefix/base}
      
15:06:47.656 [qtp1105322512-35 - /prefix/base] DEBUG o.e.j.server.handler.ContextHandler
       - scope null||/prefix/base @ o.e.j.s.ServletContextHandler@6f46426d{/,null,AVAILABLE}
      
15:06:47.656 [qtp1105322512-35 - /prefix/base] DEBUG o.e.j.server.handler.ContextHandler
       - context=||/prefix/base @ o.e.j.s.ServletContextHandler@6f46426d{/,null,AVAILABLE}
      
15:06:47.656 [qtp1105322512-35 - /prefix/base] DEBUG org.eclipse.jetty.server.session
       - sessionManager=org.eclipse.jetty.server.session.HashSessionManager@32ee6fee
      
15:06:47.656 [qtp1105322512-35 - /prefix/base] DEBUG org.eclipse.jetty.server.session
       - session=null
15:06:47.656 [qtp1105322512-35 - /prefix/base]
       DEBUG o.e.jetty.servlet.ServletHandler - servlet ||/prefix/base
       -&amp;gt; org.apache.felix.http.base.internal.DispatcherServlet-4738a206@cebacce0==org.apache.felix.http.base.internal.DispatcherServlet,-1,true
      
15:06:47.656 [qtp1105322512-35 - /prefix/base] DEBUG o.e.jetty.servlet.ServletHandler
       - chain=null
15:06:47.673 [qtp1105322512-35 - /prefix/base]
       DEBUG o.e.jetty.server.HttpConnection - org.eclipse.jetty.server.HttpConnection$SendCallback@55136736[PROCESSING][i=ResponseInfo{HTTP/1.1
       404 null,289,false},cb=org.eclipse.jetty.server.HttpChannel$CommitCallback@ff431f8]
       generate: NEED_HEADER (null,[p=0,l=289,c=2048,r=289],true)@START
      
15:06:47.673 [qtp1105322512-35 - /prefix/base] DEBUG o.e.jetty.server.HttpConnection
       - org.eclipse.jetty.server.HttpConnection$SendCallback@55136736[PROCESSING][i=ResponseInfo{HTTP/1.1
       404 null,289,false},cb=org.eclipse.jetty.server.HttpChannel$CommitCallback@ff431f8]
       generate: FLUSH ([p=0,l=249,c=16384,r=249],[p=0,l=289,c=2048,r=289],true)@COMPLETING
      
15:06:47.674 [qtp1105322512-35 - /prefix/base] DEBUG org.eclipse.jetty.io.WriteFlusher
       - write: WriteFlusher@40350270{IDLE} [HeapByteBuffer@e68c77d[p=0,l=249,c=16384,r=249]={&amp;lt;&amp;lt;&amp;lt;HTTP/1.1
       404 Not ....v20150224)\r\n\r\n&amp;gt;&amp;gt;&amp;gt;y(9.2.9.v20150224...\x00\x00\x00\x00\x00\x00\x00\x00\x00\x00\x00\x00\x00\x00\x00},HeapByteBuffer@b401d98a[p=0,l=289,c=2048,r=289]={&amp;lt;&amp;lt;&amp;lt;&amp;lt;html&amp;gt;\n&amp;lt;head&amp;gt;\n&amp;lt;me.../body&amp;gt;\n&amp;lt;/html&amp;gt;\n&amp;gt;&amp;gt;&amp;gt;\x00\x00\x00\x00\x00\x00\x00\x00\x00\x00\x00\x00\x00\x00\x00\x00\x00...\x00\x00\x00\x00\x00\x00\x00\x00\x00\x00\x00\x00\x00\x00\x00}]
      
15:06:47.674 [qtp1105322512-35 - /prefix/base] DEBUG org.eclipse.jetty.io.WriteFlusher
       - update WriteFlusher@40350270{WRITING}:IDLE--&amp;gt;WRITING
      
15:06:47.675 [qtp1105322512-35 - /prefix/base] DEBUG org.eclipse.jetty.io.ChannelEndPoint
       - flushed 538 SelectChannelEndPoint@6bc1d947{/127.0.0.1:52027&amp;lt;-&amp;gt;8080,Open,in,out,-,W,20/60000,HttpConnection}{io=0,kio=0,kro=1}
      
15:06:47.675 [qtp1105322512-35 - /prefix/base] DEBUG org.eclipse.jetty.io.WriteFlusher
       - update WriteFlusher@40350270{IDLE}:WRITING--&amp;gt;IDLE
      
15:06:47.676 [qtp1105322512-35 - /prefix/base] DEBUG o.e.jetty.server.HttpConnection
       - org.eclipse.jetty.server.HttpConnection$SendCallback@55136736[PROCESSING][i=ResponseInfo{HTTP/1.1
       404 null,289,false},cb=org.eclipse.jetty.server.HttpChannel$CommitCallback@ff431f8]
       generate: DONE ([p=249,l=249,c=16384,r=0],[p=289,l=289,c=2048,r=0],true)@END
      
15:06:47.676 [qtp1105322512-35 - /prefix/base] DEBUG org.eclipse.jetty.server.Server
       - RESPONSE /prefix/base  404 handled=true
15:06:47.676 [qtp1105322512-35
       - /prefix/base] DEBUG o.e.jetty.server.HttpChannelState -
       HttpChannelState@29c6c272{s=DISPATCHED i=true a=null} unhandle
       DISPATCHED
15:06:47.676 [qtp1105322512-35 - /prefix/base]
       DEBUG org.eclipse.jetty.http.HttpParser - reset HttpParser{s=END,0
       of -1}
15:06:47.676 [qtp1105322512-35 - /prefix/base] DEBUG
       org.eclipse.jetty.http.HttpParser - END --&amp;gt; START
      
15:06:47.676 [qtp1105322512-35] DEBUG org.eclipse.jetty.server.HttpChannel
       - HttpChannelOverHttp@444919b1{r=4,c=false,a=IDLE,uri=-} handle
       exit, result COMPLETE
15:06:47.676 [qtp1105322512-35] DEBUG
       org.eclipse.jetty.io.ChannelEndPoint - filled -1 SelectChannelEndPoint@6bc1d947{/127.0.0.1:52027&amp;lt;-&amp;gt;8080,Open,in,out,-,-,1/60000,HttpConnection}{io=0,kio=0,kro=1}
      
15:06:47.677 [qtp1105322512-35] DEBUG org.eclipse.jetty.io.ChannelEndPoint
       - ishut SelectChannelEndPoint@6bc1d947{/127.0.0.1:52027&amp;lt;-&amp;gt;8080,Open,in,out,-,-,1/60000,HttpConnection}{io=0,kio=0,kro=1}
      
15:06:47.677 [qtp1105322512-35] DEBUG org.eclipse.jetty.http.HttpParser
       - atEOF HttpParser{s=START,0 of -1}
15:06:47.677 [qtp1105322512-35]
       DEBUG org.eclipse.jetty.http.HttpParser - parseNext s=START
       HeapByteBuffer@62f2d86c[p=0,l=0,c=8192,r=0]={&amp;lt;&amp;lt;&amp;lt;&amp;gt;&amp;gt;&amp;gt;GET
       /test HTTP/1....\x00\x00\x00\x00\x00\x00\x00\x00\x00\x00\x00\x00\x00\x00\x00}
      
15:06:47.677 [qtp1105322512-35] DEBUG org.eclipse.jetty.http.HttpParser
       - START --&amp;gt; CLOSED
15:06:47.677 [qtp1105322512-35]
       DEBUG o.eclipse.jetty.io.AbstractEndPoint - onClose SelectChannelEndPoint@6bc1d947{/127.0.0.1:52027&amp;lt;-&amp;gt;8080,CLOSED,ISHUT,out,-,-,2/60000,HttpConnection}{io=0,kio=0,kro=1}
      
15:06:47.677 [qtp1105322512-35] DEBUG org.eclipse.jetty.io.ChannelEndPoint
       - close SelectChannelEndPoint@6bc1d947{/127.0.0.1:52027&amp;lt;-&amp;gt;8080,CLOSED,ISHUT,out,-,-,2/60000,HttpConnection}{io=0,kio=0,kro=1}
      
15:06:47.677 [qtp1105322512-37-acceptor-0@59402b8f-ServerConnector@6892b3b6{HTTP/1.1}{0.0.0.0:8080}]
       DEBUG org.eclipse.jetty.io.SelectorManager - Queued change
       org.eclipse.jetty.io.SelectorManager$ManagedSelector$Accept@1621398e
      
15:06:47.677 [qtp1105322512-35] DEBUG org.eclipse.jetty.io.SelectorManager
       - Destroyed SelectChannelEndPoint@6bc1d947{/127.0.0.1:52027&amp;lt;-&amp;gt;8080,CLOSED,ISHUT,OSHUT,-,-,2/60000,HttpConnection}{io=0,kio=-1,kro=-1}
      
15:06:47.677 [qtp1105322512-35] DEBUG o.e.jetty.io.AbstractConnection
       - onClose HttpConnection@79e9f94e{FILLING}
15:06:47.677 [qtp1105322512-34-selector-ServerConnectorManager@1530c739/1]
       DEBUG org.eclipse.jetty.io.SelectorManager - Selector loop
       woken up from select, 0/0 selected
15:06:47.677 [qtp1105322512-35]
       DEBUG o.eclipse.jetty.io.AbstractEndPoint - onClose SelectChannelEndPoint@6bc1d947{/127.0.0.1:52027&amp;lt;-&amp;gt;8080,CLOSED,ISHUT,OSHUT,-,-,2/60000,HttpConnection}{io=0,kio=-1,kro=-1}
      
15:06:47.677 [qtp1105322512-34-selector-ServerConnectorManager@1530c739/1]
       DEBUG org.eclipse.jetty.io.SelectorManager - Running change
       org.eclipse.jetty.io.SelectorManager$ManagedSelector$Accept@1621398e
      
15:06:47.677 [qtp1105322512-35] DEBUG o.e.jetty.io.AbstractConnection
       - FILLING--&amp;gt;IDLE HttpConnection@79e9f94e{IDLE}
15:06:47.678
       [qtp1105322512-34-selector-ServerConnectorManager@1530c739/1]
       DEBUG o.eclipse.jetty.io.AbstractEndPoint - onOpen SelectChannelEndPoint@1ca5ef21{/127.0.0.1:52028&amp;lt;-&amp;gt;8080,Open,in,out,-,-,0/60000,null}{io=0,kio=0,kro=0}
      
15:06:47.678 [qtp1105322512-34-selector-ServerConnectorManager@1530c739/1]
       DEBUG org.eclipse.jetty.io.IdleTimeout - SelectChannelEndPoint@1ca5ef21{/127.0.0.1:52028&amp;lt;-&amp;gt;8080,Open,in,out,-,-,1/60000,null}{io=0,kio=0,kro=0}
       idle timeout check, elapsed: 1 ms, remaining: 59999 ms
15:06:47.678
       [qtp1105322512-34-selector-ServerConnectorManager@1530c739/1]
       DEBUG org.eclipse.jetty.server.HttpChannel - new HttpChannelOverHttp@66981fd1{r=0,c=false,a=IDLE,uri=-}
       -&amp;gt; SelectChannelEndPoint@1ca5ef21{/127.0.0.1:52028&amp;lt;-&amp;gt;8080,Open,in,out,-,-,1/60000,null}{io=0,kio=0,kro=0},null,HttpChannelState@575ab614{s=IDLE
       i=true a=null}
15:06:47.678 [qtp1105322512-34-selector-ServerConnectorManager@1530c739/1]
       DEBUG o.e.jetty.server.HttpConnection - New HTTP Connection
       HttpConnection@43fc19e1{IDLE}
15:06:47.678 [qtp1105322512-34-selector-ServerConnectorManager@1530c739/1]
       DEBUG o.e.jetty.io.AbstractConnection - onOpen HttpConnection@43fc19e1{IDLE}
      
15:06:47.678 [qtp1105322512-34-selector-ServerConnectorManager@1530c739/1]
       DEBUG o.e.jetty.io.AbstractConnection - fillInterested HttpConnection@43fc19e1{IDLE}
      
15:06:47.678 [qtp1105322512-34-selector-ServerConnectorManager@1530c739/1]
       DEBUG o.e.jetty.io.AbstractConnection - IDLE--&amp;gt;FILL_INTERESTED
       HttpConnection@43fc19e1{FILL_INTERESTED}
15:06:47.679 [qtp1105322512-34-selector-ServerConnectorManager@1530c739/1]
       DEBUG o.e.jetty.io.SelectChannelEndPoint - Local interests
       updating 0 -&amp;gt; 1 for SelectChannelEndPoint@1ca5ef21{/127.0.0.1:52028&amp;lt;-&amp;gt;8080,Open,in,out,R,-,0/60000,HttpConnection}{io=1,kio=0,kro=0}
      
15:06:47.679 [qtp1105322512-34-selector-ServerConnectorManager@1530c739/1]
       DEBUG org.eclipse.jetty.io.SelectorManager - Running change
       org.eclipse.jetty.io.SelectChannelEndPoint$1@70133a58
15:06:47.679
       [qtp1105322512-34-selector-ServerConnectorManager@1530c739/1]
       DEBUG o.e.jetty.io.SelectChannelEndPoint - Key interests updated
       0 -&amp;gt; 1 on SelectChannelEndPoint@1ca5ef21{/127.0.0.1:52028&amp;lt;-&amp;gt;8080,Open,in,out,R,-,1/60000,HttpConnection}{io=1,kio=1,kro=0}
      
15:06:47.679 [qtp1105322512-34-selector-ServerConnectorManager@1530c739/1]
       DEBUG org.eclipse.jetty.io.SelectorManager - Created SelectChannelEndPoint@1ca5ef21{/127.0.0.1:52028&amp;lt;-&amp;gt;8080,Open,in,out,R,-,1/60000,HttpConnection}{io=1,kio=1,kro=0}
      
15:06:47.679 [qtp1105322512-34-selector-ServerConnectorManager@1530c739/1]
       DEBUG org.eclipse.jetty.io.SelectorManager - Selector loop
       waiting on select
15:06:47.679 [qtp1105322512-34-selector-ServerConnectorManager@1530c739/1]
       DEBUG org.eclipse.jetty.io.SelectorManager - Selector loop
       woken up from select, 1/1 selected
15:06:47.679 [qtp1105322512-34-selector-ServerConnectorManager@1530c739/1]
       DEBUG o.e.jetty.io.SelectChannelEndPoint - Key interests updated
       1 -&amp;gt; 0 on SelectChannelEndPoint@1ca5ef21{/127.0.0.1:52028&amp;lt;-&amp;gt;8080,Open,in,out,R,-,1/60000,HttpConnection}{io=1,kio=0,kro=1}
      
15:06:47.679 [qtp1105322512-34-selector-ServerConnectorManager@1530c739/1]
       DEBUG o.e.jetty.io.SelectChannelEndPoint - Local interests
       updating 1 -&amp;gt; 0 for SelectChannelEndPoint@1ca5ef21{/127.0.0.1:52028&amp;lt;-&amp;gt;8080,Open,in,out,R,-,1/60000,HttpConnection}{io=0,kio=0,kro=1}
      
15:06:47.679 [qtp1105322512-34-selector-ServerConnectorManager@1530c739/1]
       DEBUG org.eclipse.jetty.io.SelectorManager - Running change
       org.eclipse.jetty.io.SelectChannelEndPoint$1@70133a58
15:06:47.679
       [qtp1105322512-34-selector-ServerConnectorManager@1530c739/1]
       DEBUG o.e.jetty.io.AbstractConnection - FILL_INTERESTED--&amp;gt;FILLING
       HttpConnection@43fc19e1{FILLING}
15:06:47.679 [qtp1105322512-34-selector-ServerConnectorManager@1530c739/1]
       DEBUG org.eclipse.jetty.io.SelectorManager - Selector loop
       waiting on select
15:06:47.680 [qtp1105322512-39] DEBUG o.e.jetty.server.HttpConnection
       - HttpConnection@43fc19e1{FILLING} onFillable HttpChannelState@575ab614{s=IDLE
       i=true a=null}
15:06:47.680 [qtp1105322512-39] DEBUG org.eclipse.jetty.io.ChannelEndPoint
       - filled 157 SelectChannelEndPoint@1ca5ef21{/127.0.0.1:52028&amp;lt;-&amp;gt;8080,Open,in,out,-,-,2/60000,HttpConnection}{io=0,kio=0,kro=1}
      
15:06:47.680 [qtp1105322512-39] DEBUG org.eclipse.jetty.http.HttpParser
       - parseNext s=START HeapByteBuffer@93bf48fe[p=0,l=157,c=8192,r=157]={&amp;lt;&amp;lt;&amp;lt;GET
       /base HTTP/1.... keep-alive\r\n\r\n&amp;gt;&amp;gt;&amp;gt;ive\r\n\r\n\x00\x00\x00\x00\x00\x00\x00\x00\x00\x00...\x00\x00\x00\x00\x00\x00\x00\x00\x00\x00\x00\x00\x00\x00\x00}
      
15:06:47.680 [qtp1105322512-39] DEBUG org.eclipse.jetty.http.HttpParser
       - START --&amp;gt; SPACE1
15:06:47.680 [qtp1105322512-39]
       DEBUG org.eclipse.jetty.http.HttpParser - SPACE1 --&amp;gt;
       URI
15:06:47.680 [qtp1105322512-39] DEBUG org.eclipse.jetty.http.HttpParser
       - URI --&amp;gt; SPACE2
15:06:47.680 [qtp1105322512-39] DEBUG
       org.eclipse.jetty.http.HttpParser - SPACE2 --&amp;gt; REQUEST_VERSION
      
15:06:47.680 [qtp1105322512-39] DEBUG org.eclipse.jetty.http.HttpParser
       - REQUEST_VERSION --&amp;gt; HEADER
15:06:47.680 [qtp1105322512-39]
       DEBUG org.eclipse.jetty.http.HttpParser - HEADER --&amp;gt;
       HEADER_VALUE
15:06:47.680 [qtp1105322512-39] DEBUG org.eclipse.jetty.http.HttpParser
       - HEADER_VALUE --&amp;gt; HEADER_IN_VALUE
15:06:47.680 [qtp1105322512-39]
       DEBUG org.eclipse.jetty.http.HttpParser - HEADER_IN_VALUE
       --&amp;gt; HEADER
15:06:47.680 [qtp1105322512-39] DEBUG org.eclipse.jetty.http.HttpParser
       - HEADER --&amp;gt; HEADER_VALUE
15:06:47.680 [qtp1105322512-39]
       DEBUG org.eclipse.jetty.http.HttpParser - HEADER_VALUE --&amp;gt;
       HEADER_IN_VALUE
15:06:47.680 [qtp1105322512-39] DEBUG org.eclipse.jetty.http.HttpParser
       - HEADER_IN_VALUE --&amp;gt; HEADER
15:06:47.680 [qtp1105322512-39]
       DEBUG org.eclipse.jetty.http.HttpParser - HEADER --&amp;gt;
       HEADER_VALUE
15:06:47.680 [qtp1105322512-39] DEBUG org.eclipse.jetty.http.HttpParser
       - HEADER_VALUE --&amp;gt; HEADER_IN_VALUE
15:06:47.681 [qtp1105322512-39]
       DEBUG org.eclipse.jetty.http.HttpParser - HEADER_IN_VALUE
       --&amp;gt; HEADER
15:06:47.681 [qtp1105322512-39] DEBUG org.eclipse.jetty.http.HttpParser
       - HEADER --&amp;gt; HEADER_IN_VALUE
15:06:47.681 [qtp1105322512-39]
       DEBUG org.eclipse.jetty.http.HttpParser - HEADER_IN_VALUE
       --&amp;gt; HEADER
15:06:47.681 [qtp1105322512-39] DEBUG org.eclipse.jetty.http.HttpParser
       - HEADER --&amp;gt; END
15:06:47.681 [qtp1105322512-39] DEBUG
       org.eclipse.jetty.server.HttpChannel - HttpChannelOverHttp@66981fd1{r=1,c=false,a=IDLE,uri=-}
       messageComplete
15:06:47.682 [qtp1105322512-39] DEBUG org.eclipse.jetty.server.HttpInput
       - HttpInputOverHTTP@5235ec2b EOF
15:06:47.682 [qtp1105322512-39]
       DEBUG org.eclipse.jetty.server.HttpChannel - HttpChannelOverHttp@66981fd1{r=1,c=false,a=IDLE,uri=-}
       handle enter
15:06:47.682 [qtp1105322512-39 - /base] DEBUG
       o.e.jetty.server.HttpChannelState - HttpChannelState@575ab614{s=IDLE
       i=true a=null} handling IDLE
15:06:47.682 [qtp1105322512-39
       - /base] DEBUG org.eclipse.jetty.server.HttpChannel - HttpChannelOverHttp@66981fd1{r=1,c=false,a=DISPATCHED,uri=/base}
       action REQUEST_DISPATCH
15:06:47.682 [qtp1105322512-39 -
       /base] DEBUG org.eclipse.jetty.server.Server - REQUEST GET
       /base on HttpChannelOverHttp@66981fd1{r=1,c=false,a=DISPATCHED,uri=/base}
      
15:06:47.682 [qtp1105322512-39 - /base] DEBUG o.e.j.server.handler.ContextHandler
       - scope null||/base @ o.e.j.s.ServletContextHandler@6f46426d{/,null,AVAILABLE}
      
15:06:47.682 [qtp1105322512-39 - /base] DEBUG o.e.j.server.handler.ContextHandler
       - context=||/base @ o.e.j.s.ServletContextHandler@6f46426d{/,null,AVAILABLE}
      
15:06:47.682 [qtp1105322512-39 - /base] DEBUG org.eclipse.jetty.server.session
       - sessionManager=org.eclipse.jetty.server.session.HashSessionManager@32ee6fee
      
15:06:47.682 [qtp1105322512-39 - /base] DEBUG org.eclipse.jetty.server.session
       - session=null
15:06:47.682 [qtp1105322512-39 - /base] DEBUG
       o.e.jetty.servlet.ServletHandler - servlet ||/base -&amp;gt;
       org.apache.felix.http.base.internal.DispatcherServlet-4738a206@cebacce0==org.apache.felix.http.base.internal.DispatcherServlet,-1,true
      
15:06:47.682 [qtp1105322512-39 - /base] DEBUG o.e.jetty.servlet.ServletHandler
       - chain=null
15:06:47.713 [qtp1105322512-39 - /base] DEBUG
       o.e.jetty.server.HttpConnection - org.eclipse.jetty.server.HttpConnection$SendCallback@75e1ec4e[PROCESSING][i=ResponseInfo{HTTP/1.1
       404 null,282,false},cb=org.eclipse.jetty.server.HttpChannel$CommitCallback@ddfaacd]
       generate: NEED_HEADER (null,[p=0,l=282,c=2048,r=282],true)@START
      
15:06:47.713 [qtp1105322512-39 - /base] DEBUG o.e.jetty.server.HttpConnection
       - org.eclipse.jetty.server.HttpConnection$SendCallback@75e1ec4e[PROCESSING][i=ResponseInfo{HTTP/1.1
       404 null,282,false},cb=org.eclipse.jetty.server.HttpChannel$CommitCallback@ddfaacd]
       generate: FLUSH ([p=0,l=249,c=16384,r=249],[p=0,l=282,c=2048,r=282],true)@COMPLETING
      
15:06:47.713 [qtp1105322512-39 - /base] DEBUG org.eclipse.jetty.io.WriteFlusher
       - write: WriteFlusher@6c26e22{IDLE} [HeapByteBuffer@f0c9c0a4[p=0,l=249,c=16384,r=249]={&amp;lt;&amp;lt;&amp;lt;HTTP/1.1
       404 Not ....v20150224)\r\n\r\n&amp;gt;&amp;gt;&amp;gt;y(9.2.9.v20150224...\x00\x00\x00\x00\x00\x00\x00\x00\x00\x00\x00\x00\x00\x00\x00},HeapByteBuffer@40c560e3[p=0,l=282,c=2048,r=282]={&amp;lt;&amp;lt;&amp;lt;&amp;lt;html&amp;gt;\n&amp;lt;head&amp;gt;\n&amp;lt;me.../body&amp;gt;\n&amp;lt;/html&amp;gt;\n&amp;gt;&amp;gt;&amp;gt;\x00\x00\x00\x00\x00\x00\x00\x00\x00\x00\x00\x00\x00\x00\x00\x00\x00...\x00\x00\x00\x00\x00\x00\x00\x00\x00\x00\x00\x00\x00\x00\x00}]
      
15:06:47.714 [qtp1105322512-39 - /base] DEBUG org.eclipse.jetty.io.WriteFlusher
       - update WriteFlusher@6c26e22{WRITING}:IDLE--&amp;gt;WRITING
      
15:06:47.714 [qtp1105322512-39 - /base] DEBUG org.eclipse.jetty.io.ChannelEndPoint
       - flushed 531 SelectChannelEndPoint@1ca5ef21{/127.0.0.1:52028&amp;lt;-&amp;gt;8080,Open,in,out,-,W,34/60000,HttpConnection}{io=0,kio=0,kro=1}
      
15:06:47.714 [qtp1105322512-39 - /base] DEBUG org.eclipse.jetty.io.WriteFlusher
       - update WriteFlusher@6c26e22{IDLE}:WRITING--&amp;gt;IDLE
      
15:06:47.714 [qtp1105322512-39 - /base] DEBUG o.e.jetty.server.HttpConnection
       - org.eclipse.jetty.server.HttpConnection$SendCallback@75e1ec4e[PROCESSING][i=ResponseInfo{HTTP/1.1
       404 null,282,false},cb=org.eclipse.jetty.server.HttpChannel$CommitCallback@ddfaacd]
       generate: DONE ([p=249,l=249,c=16384,r=0],[p=282,l=282,c=2048,r=0],true)@END
      
15:06:47.714 [qtp1105322512-39 - /base] DEBUG org.eclipse.jetty.server.Server
       - RESPONSE /base  404 handled=true
15:06:47.714 [qtp1105322512-39
       - /base] DEBUG o.e.jetty.server.HttpChannelState - HttpChannelState@575ab614{s=DISPATCHED
       i=true a=null} unhandle DISPATCHED
15:06:47.714 [qtp1105322512-39
       - /base] DEBUG org.eclipse.jetty.http.HttpParser - reset HttpParser{s=END,0
       of 0}
15:06:47.714 [qtp1105322512-39 - /base] DEBUG org.eclipse.jetty.http.HttpParser
       - END --&amp;gt; START
15:06:47.714 [qtp1105322512-39] DEBUG
       org.eclipse.jetty.server.HttpChannel - HttpChannelOverHttp@66981fd1{r=1,c=false,a=IDLE,uri=-}
       handle exit, result COMPLETE
15:06:47.715 [qtp1105322512-39]
       DEBUG org.eclipse.jetty.io.ChannelEndPoint - filled 0 SelectChannelEndPoint@1ca5ef21{/127.0.0.1:52028&amp;lt;-&amp;gt;8080,Open,in,out,-,-,1/60000,HttpConnection}{io=0,kio=0,kro=1}
      
15:06:47.715 [qtp1105322512-39] DEBUG org.eclipse.jetty.io.ChannelEndPoint
       - filled 0 SelectChannelEndPoint@1ca5ef21{/127.0.0.1:52028&amp;lt;-&amp;gt;8080,Open,in,out,-,-,1/60000,HttpConnection}{io=0,kio=0,kro=1}
      
15:06:47.715 [qtp1105322512-39] DEBUG org.eclipse.jetty.http.HttpParser
       - parseNext s=START HeapByteBuffer@62f2d86c[p=0,l=0,c=8192,r=0]={&amp;lt;&amp;lt;&amp;lt;&amp;gt;&amp;gt;&amp;gt;GET
       /test HTTP/1....\x00\x00\x00\x00\x00\x00\x00\x00\x00\x00\x00\x00\x00\x00\x00}
      
15:06:47.715 [qtp1105322512-39] DEBUG o.e.jetty.io.AbstractConnection
       - fillInterested HttpConnection@43fc19e1{FILLING}
15:06:47.715
       [qtp1105322512-39] DEBUG o.e.jetty.io.AbstractConnection -
       FILLING--&amp;gt;FILLING_FILL_INTERESTED HttpConnection@43fc19e1{FILLING_FILL_INTERESTED}
      
15:06:47.715 [qtp1105322512-39] DEBUG o.e.jetty.io.AbstractConnection
       - FILLING_FILL_INTERESTED--&amp;gt;FILL_INTERESTED HttpConnection@43fc19e1{FILL_INTERESTED}
      
15:06:47.715 [qtp1105322512-39] DEBUG o.e.jetty.io.SelectChannelEndPoint
       - Local interests updating 0 -&amp;gt; 1 for SelectChannelEndPoint@1ca5ef21{/127.0.0.1:52028&amp;lt;-&amp;gt;8080,Open,in,out,R,-,0/60000,HttpConnection}{io=1,kio=0,kro=1}
      
15:06:47.715 [qtp1105322512-39] DEBUG org.eclipse.jetty.io.SelectorManager
       - Running change org.eclipse.jetty.io.SelectChannelEndPoint$1@70133a58
      
15:06:47.715 [qtp1105322512-39] DEBUG o.e.jetty.io.SelectChannelEndPoint
       - Key interests updated 0 -&amp;gt; 1 on SelectChannelEndPoint@1ca5ef21{/127.0.0.1:52028&amp;lt;-&amp;gt;8080,Open,in,out,R,-,0/60000,HttpConnection}{io=1,kio=1,kro=1}
      
15:06:47.715 [qtp1105322512-34-selector-ServerConnectorManager@1530c739/1]
       DEBUG org.eclipse.jetty.io.SelectorManager - Selector loop
       woken up from select, 0/1 selected
15:06:47.715 [qtp1105322512-34-selector-ServerConnectorManager@1530c739/1]
       DEBUG org.eclipse.jetty.io.SelectorManager - Selector loop
       waiting on select
15:06:47.716 [qtp1105322512-34-selector-ServerConnectorManager@1530c739/1]
       DEBUG org.eclipse.jetty.io.SelectorManager - Selector loop
       woken up from select, 1/1 selected
15:06:47.716 [qtp1105322512-34-selector-ServerConnectorManager@1530c739/1]
       DEBUG o.e.jetty.io.SelectChannelEndPoint - Key interests updated
       1 -&amp;gt; 0 on SelectChannelEndPoint@1ca5ef21{/127.0.0.1:52028&amp;lt;-&amp;gt;8080,Open,in,out,R,-,1/60000,HttpConnection}{io=1,kio=0,kro=1}
      
15:06:47.716 [qtp1105322512-34-selector-ServerConnectorManager@1530c739/1]
       DEBUG o.e.jetty.io.SelectChannelEndPoint - Local interests
       updating 1 -&amp;gt; 0 for SelectChannelEndPoint@1ca5ef21{/127.0.0.1:52028&amp;lt;-&amp;gt;8080,Open,in,out,R,-,1/60000,HttpConnection}{io=0,kio=0,kro=1}
      
15:06:47.716 [qtp1105322512-34-selector-ServerConnectorManager@1530c739/1]
       DEBUG org.eclipse.jetty.io.SelectorManager - Running change
       org.eclipse.jetty.io.SelectChannelEndPoint$1@70133a58
15:06:47.716
       [qtp1105322512-34-selector-ServerConnectorManager@1530c739/1]
       DEBUG o.e.jetty.io.AbstractConnection - FILL_INTERESTED--&amp;gt;FILLING
       HttpConnection@43fc19e1{FILLING}
15:06:47.716 [qtp1105322512-34-selector-ServerConnectorManager@1530c739/1]
       DEBUG org.eclipse.jetty.io.SelectorManager - Selector loop
       waiting on select
15:06:47.716 [qtp1105322512-36] DEBUG o.e.jetty.server.HttpConnection
       - HttpConnection@43fc19e1{FILLING} onFillable HttpChannelState@575ab614{s=IDLE
       i=true a=null}
15:06:47.716 [qtp1105322512-36] DEBUG org.eclipse.jetty.io.ChannelEndPoint
       - filled -1 SelectChannelEndPoint@1ca5ef21{/127.0.0.1:52028&amp;lt;-&amp;gt;8080,Open,in,out,-,-,1/60000,HttpConnection}{io=0,kio=0,kro=1}
      
15:06:47.716 [qtp1105322512-36] DEBUG org.eclipse.jetty.io.ChannelEndPoint
       - ishut SelectChannelEndPoint@1ca5ef21{/127.0.0.1:52028&amp;lt;-&amp;gt;8080,Open,in,out,-,-,1/60000,HttpConnection}{io=0,kio=0,kro=1}
      
15:06:47.716 [qtp1105322512-36] DEBUG org.eclipse.jetty.http.HttpParser
       - atEOF HttpParser{s=START,0 of -1}
15:06:47.716 [qtp1105322512-36]
       DEBUG org.eclipse.jetty.http.HttpParser - parseNext s=START
       HeapByteBuffer@93bf48fe[p=0,l=0,c=8192,r=0]={&amp;lt;&amp;lt;&amp;lt;&amp;gt;&amp;gt;&amp;gt;GET
       /base HTTP/1....\x00\x00\x00\x00\x00\x00\x00\x00\x00\x00\x00\x00\x00\x00\x00}
      
15:06:47.716 [qtp1105322512-36] DEBUG org.eclipse.jetty.http.HttpParser
       - START --&amp;gt; CLOSED
15:06:47.717 [qtp1105322512-36]
       DEBUG o.eclipse.jetty.io.AbstractEndPoint - onClose SelectChannelEndPoint@1ca5ef21{/127.0.0.1:52028&amp;lt;-&amp;gt;8080,CLOSED,ISHUT,out,-,-,2/60000,HttpConnection}{io=0,kio=0,kro=1}
      
15:06:47.717 [qtp1105322512-36] DEBUG org.eclipse.jetty.io.ChannelEndPoint
       - close SelectChannelEndPoint@1ca5ef21{/127.0.0.1:52028&amp;lt;-&amp;gt;8080,CLOSED,ISHUT,out,-,-,2/60000,HttpConnection}{io=0,kio=0,kro=1}
      
15:06:47.717 [qtp1105322512-36] DEBUG org.eclipse.jetty.io.SelectorManager
       - Destroyed SelectChannelEndPoint@1ca5ef21{/127.0.0.1:52028&amp;lt;-&amp;gt;8080,CLOSED,ISHUT,OSHUT,-,-,2/60000,HttpConnection}{io=0,kio=-1,kro=-1}
      
15:06:47.717 [qtp1105322512-36] DEBUG o.e.jetty.io.AbstractConnection
       - onClose HttpConnection@43fc19e1{FILLING}
15:06:47.717 [qtp1105322512-36]
       DEBUG o.eclipse.jetty.io.AbstractEndPoint - onClose SelectChannelEndPoint@1ca5ef21{/127.0.0.1:52028&amp;lt;-&amp;gt;8080,CLOSED,ISHUT,OSHUT,-,-,2/60000,HttpConnection}{io=0,kio=-1,kro=-1}
      
15:06:47.717 [qtp1105322512-36] DEBUG o.e.jetty.io.AbstractConnection
       - FILLING--&amp;gt;IDLE HttpConnection@43fc19e1{IDLE}
15:06:47.724
       [qtp1105322512-37-acceptor-0@59402b8f-ServerConnector@6892b3b6{HTTP/1.1}{0.0.0.0:8080}]
       DEBUG org.eclipse.jetty.io.SelectorManager - Queued change
       org.eclipse.jetty.io.SelectorManager$ManagedSelector$Accept@16ef2885
      
15:06:47.725 [qtp1105322512-33-selector-ServerConnectorManager@1530c739/0]
       DEBUG org.eclipse.jetty.io.SelectorManager - Selector loop
       woken up from select, 0/0 selected
15:06:47.725 [qtp1105322512-33-selector-ServerConnectorManager@1530c739/0]
       DEBUG org.eclipse.jetty.io.SelectorManager - Running change
       org.eclipse.jetty.io.SelectorManager$ManagedSelector$Accept@16ef2885
      
15:06:47.725 [qtp1105322512-33-selector-ServerConnectorManager@1530c739/0]
       DEBUG o.eclipse.jetty.io.AbstractEndPoint - onOpen SelectChannelEndPoint@fc58f44{/127.0.0.1:52029&amp;lt;-&amp;gt;8080,Open,in,out,-,-,0/60000,null}{io=0,kio=0,kro=0}
      
15:06:47.725 [qtp1105322512-33-selector-ServerConnectorManager@1530c739/0]
       DEBUG org.eclipse.jetty.io.IdleTimeout - SelectChannelEndPoint@fc58f44{/127.0.0.1:52029&amp;lt;-&amp;gt;8080,Open,in,out,-,-,0/60000,null}{io=0,kio=0,kro=0}
       idle timeout check, elapsed: 0 ms, remaining: 60000 ms
15:06:47.725
       [qtp1105322512-33-selector-ServerConnectorManager@1530c739/0]
       DEBUG org.eclipse.jetty.server.HttpChannel - new HttpChannelOverHttp@39d0247b{r=0,c=false,a=IDLE,uri=-}
       -&amp;gt; SelectChannelEndPoint@fc58f44{/127.0.0.1:52029&amp;lt;-&amp;gt;8080,Open,in,out,-,-,0/60000,null}{io=0,kio=0,kro=0},null,HttpChannelState@1d95f620{s=IDLE
       i=true a=null}
15:06:47.725 [qtp1105322512-33-selector-ServerConnectorManager@1530c739/0]
       DEBUG o.e.jetty.server.HttpConnection - New HTTP Connection
       HttpConnection@75a18bd5{IDLE}
15:06:47.726 [qtp1105322512-33-selector-ServerConnectorManager@1530c739/0]
       DEBUG o.e.jetty.io.AbstractConnection - onOpen HttpConnection@75a18bd5{IDLE}
      
15:06:47.726 [qtp1105322512-33-selector-ServerConnectorManager@1530c739/0]
       DEBUG o.e.jetty.io.AbstractConnection - fillInterested HttpConnection@75a18bd5{IDLE}
      
15:06:47.726 [qtp1105322512-33-selector-ServerConnectorManager@1530c739/0]
       DEBUG o.e.jetty.io.AbstractConnection - IDLE--&amp;gt;FILL_INTERESTED
       HttpConnection@75a18bd5{FILL_INTERESTED}
15:06:47.726 [qtp1105322512-33-selector-ServerConnectorManager@1530c739/0]
       DEBUG o.e.jetty.io.SelectChannelEndPoint - Local interests
       updating 0 -&amp;gt; 1 for SelectChannelEndPoint@fc58f44{/127.0.0.1:52029&amp;lt;-&amp;gt;8080,Open,in,out,R,-,0/60000,HttpConnection}{io=1,kio=0,kro=0}
      
15:06:47.726 [qtp1105322512-33-selector-ServerConnectorManager@1530c739/0]
       DEBUG org.eclipse.jetty.io.SelectorManager - Running change
       org.eclipse.jetty.io.SelectChannelEndPoint$1@563d958a
15:06:47.726
       [qtp1105322512-33-selector-ServerConnectorManager@1530c739/0]
       DEBUG o.e.jetty.io.SelectChannelEndPoint - Key interests updated
       0 -&amp;gt; 1 on SelectChannelEndPoint@fc58f44{/127.0.0.1:52029&amp;lt;-&amp;gt;8080,Open,in,out,R,-,0/60000,HttpConnection}{io=1,kio=1,kro=0}
      
15:06:47.726 [qtp1105322512-33-selector-ServerConnectorManager@1530c739/0]
       DEBUG org.eclipse.jetty.io.SelectorManager - Created SelectChannelEndPoint@fc58f44{/127.0.0.1:52029&amp;lt;-&amp;gt;8080,Open,in,out,R,-,0/60000,HttpConnection}{io=1,kio=1,kro=0}
      
15:06:47.726 [qtp1105322512-33-selector-ServerConnectorManager@1530c739/0]
       DEBUG org.eclipse.jetty.io.SelectorManager - Selector loop
       waiting on select
15:06:47.726 [qtp1105322512-33-selector-ServerConnectorManager@1530c739/0]
       DEBUG org.eclipse.jetty.io.SelectorManager - Selector loop
       woken up from select, 1/1 selected
15:06:47.726 [qtp1105322512-33-selector-ServerConnectorManager@1530c739/0]
       DEBUG o.e.jetty.io.SelectChannelEndPoint - Key interests updated
       1 -&amp;gt; 0 on SelectChannelEndPoint@fc58f44{/127.0.0.1:52029&amp;lt;-&amp;gt;8080,Open,in,out,R,-,0/60000,HttpConnection}{io=1,kio=0,kro=1}
      
15:06:47.726 [qtp1105322512-33-selector-ServerConnectorManager@1530c739/0]
       DEBUG o.e.jetty.io.SelectChannelEndPoint - Local interests
       updating 1 -&amp;gt; 0 for SelectChannelEndPoint@fc58f44{/127.0.0.1:52029&amp;lt;-&amp;gt;8080,Open,in,out,R,-,0/60000,HttpConnection}{io=0,kio=0,kro=1}
      
15:06:47.726 [qtp1105322512-33-selector-ServerConnectorManager@1530c739/0]
       DEBUG org.eclipse.jetty.io.SelectorManager - Running change
       org.eclipse.jetty.io.SelectChannelEndPoint$1@563d958a
15:06:47.726
       [qtp1105322512-33-selector-ServerConnectorManager@1530c739/0]
       DEBUG o.e.jetty.io.AbstractConnection - FILL_INTERESTED--&amp;gt;FILLING
       HttpConnection@75a18bd5{FILLING}
15:06:47.730 [qtp1105322512-33-selector-ServerConnectorManager@1530c739/0]
       DEBUG org.eclipse.jetty.io.SelectorManager - Selector loop
       waiting on select
15:06:47.734 [qtp1105322512-32] DEBUG o.e.jetty.server.HttpConnection
       - HttpConnection@75a18bd5{FILLING} onFillable HttpChannelState@1d95f620{s=IDLE
       i=true a=null}
15:06:47.734 [qtp1105322512-32] DEBUG org.eclipse.jetty.io.ChannelEndPoint
       - filled 157 SelectChannelEndPoint@fc58f44{/127.0.0.1:52029&amp;lt;-&amp;gt;8080,Open,in,out,-,-,8/60000,HttpConnection}{io=0,kio=0,kro=1}
      
15:06:47.735 [qtp1105322512-32] DEBUG org.eclipse.jetty.http.HttpParser
       - parseNext s=START HeapByteBuffer@5b8ac34d[p=0,l=157,c=8192,r=157]={&amp;lt;&amp;lt;&amp;lt;GET
       /base HTTP/1.... keep-alive\r\n\r\n&amp;gt;&amp;gt;&amp;gt;\n\r\n\r\n\r\n\x00\x00\x00\x00\x00\x00\x00\x00\x00\x00...\x00\x00\x00\x00\x00\x00\x00\x00\x00\x00\x00\x00\x00\x00\x00}
      
15:06:47.735 [qtp1105322512-32] DEBUG org.eclipse.jetty.http.HttpParser
       - START --&amp;gt; SPACE1
15:06:47.735 [qtp1105322512-32]
       DEBUG org.eclipse.jetty.http.HttpParser - SPACE1 --&amp;gt;
       URI
15:06:47.735 [qtp1105322512-32] DEBUG org.eclipse.jetty.http.HttpParser
       - URI --&amp;gt; SPACE2
15:06:47.735 [qtp1105322512-32] DEBUG
       org.eclipse.jetty.http.HttpParser - SPACE2 --&amp;gt; REQUEST_VERSION
      
15:06:47.735 [qtp1105322512-32] DEBUG org.eclipse.jetty.http.HttpParser
       - REQUEST_VERSION --&amp;gt; HEADER
15:06:47.735 [qtp1105322512-32]
       DEBUG org.eclipse.jetty.http.HttpParser - HEADER --&amp;gt;
       HEADER_VALUE
15:06:47.735 [qtp1105322512-32] DEBUG org.eclipse.jetty.http.HttpParser
       - HEADER_VALUE --&amp;gt; HEADER_IN_VALUE
15:06:47.735 [qtp1105322512-32]
       DEBUG org.eclipse.jetty.http.HttpParser - HEADER_IN_VALUE
       --&amp;gt; HEADER
15:06:47.735 [qtp1105322512-32] DEBUG org.eclipse.jetty.http.HttpParser
       - HEADER --&amp;gt; HEADER_VALUE
15:06:47.735 [qtp1105322512-32]
       DEBUG org.eclipse.jetty.http.HttpParser - HEADER_VALUE --&amp;gt;
       HEADER_IN_VALUE
15:06:47.735 [qtp1105322512-32] DEBUG org.eclipse.jetty.http.HttpParser
       - HEADER_IN_VALUE --&amp;gt; HEADER
15:06:47.735 [qtp1105322512-32]
       DEBUG org.eclipse.jetty.http.HttpParser - HEADER --&amp;gt;
       HEADER_VALUE
15:06:47.735 [qtp1105322512-32] DEBUG org.eclipse.jetty.http.HttpParser
       - HEADER_VALUE --&amp;gt; HEADER_IN_VALUE
15:06:47.735 [qtp1105322512-32]
       DEBUG org.eclipse.jetty.http.HttpParser - HEADER_IN_VALUE
       --&amp;gt; HEADER
15:06:47.735 [qtp1105322512-32] DEBUG org.eclipse.jetty.http.HttpParser
       - HEADER --&amp;gt; HEADER_IN_VALUE
15:06:47.735 [qtp1105322512-32]
       DEBUG org.eclipse.jetty.http.HttpParser - HEADER_IN_VALUE
       --&amp;gt; HEADER
15:06:47.735 [qtp1105322512-32] DEBUG org.eclipse.jetty.http.HttpParser
       - HEADER --&amp;gt; END
15:06:47.736 [qtp1105322512-32] DEBUG
       org.eclipse.jetty.server.HttpChannel - HttpChannelOverHttp@39d0247b{r=1,c=false,a=IDLE,uri=-}
       messageComplete
15:06:47.736 [qtp1105322512-32] DEBUG org.eclipse.jetty.server.HttpInput
       - HttpInputOverHTTP@2da1216e EOF
15:06:47.736 [qtp1105322512-32]
       DEBUG org.eclipse.jetty.server.HttpChannel - HttpChannelOverHttp@39d0247b{r=1,c=false,a=IDLE,uri=-}
       handle enter
15:06:47.736 [qtp1105322512-32 - /base] DEBUG
       o.e.jetty.server.HttpChannelState - HttpChannelState@1d95f620{s=IDLE
       i=true a=null} handling IDLE
15:06:47.736 [qtp1105322512-32
       - /base] DEBUG org.eclipse.jetty.server.HttpChannel - HttpChannelOverHttp@39d0247b{r=1,c=false,a=DISPATCHED,uri=/base}
       action REQUEST_DISPATCH
15:06:47.736 [qtp1105322512-32 -
       /base] DEBUG org.eclipse.jetty.server.Server - REQUEST GET
       /base on HttpChannelOverHttp@39d0247b{r=1,c=false,a=DISPATCHED,uri=/base}
      
15:06:47.736 [qtp1105322512-32 - /base] DEBUG o.e.j.server.handler.ContextHandler
       - scope null||/base @ o.e.j.s.ServletContextHandler@6f46426d{/,null,AVAILABLE}
      
15:06:47.736 [qtp1105322512-32 - /base] DEBUG o.e.j.server.handler.ContextHandler
       - context=||/base @ o.e.j.s.ServletContextHandler@6f46426d{/,null,AVAILABLE}
      
15:06:47.736 [qtp1105322512-32 - /base] DEBUG org.eclipse.jetty.server.session
       - sessionManager=org.eclipse.jetty.server.session.HashSessionManager@32ee6fee
      
15:06:47.736 [qtp1105322512-32 - /base] DEBUG org.eclipse.jetty.server.session
       - session=null
15:06:47.736 [qtp1105322512-32 - /base] DEBUG
       o.e.jetty.servlet.ServletHandler - servlet ||/base -&amp;gt;
       org.apache.felix.http.base.internal.DispatcherServlet-4738a206@cebacce0==org.apache.felix.http.base.internal.DispatcherServlet,-1,true
      
15:06:47.737 [qtp1105322512-32 - /base] DEBUG o.e.jetty.servlet.ServletHandler
       - chain=null
15:06:47.756 [qtp1105322512-32 - /base] DEBUG
       o.e.jetty.server.HttpConnection - org.eclipse.jetty.server.HttpConnection$SendCallback@726b0365[PROCESSING][i=ResponseInfo{HTTP/1.1
       200 null,-1,false},cb=org.eclipse.jetty.server.HttpChannel$CommitCallback@484fab80]
       generate: NEED_HEADER (null,[p=0,l=4,c=24576,r=4],false)@START
      
15:06:47.756 [qtp1105322512-32 - /base] DEBUG o.e.jetty.server.HttpConnection
       - org.eclipse.jetty.server.HttpConnection$SendCallback@726b0365[PROCESSING][i=ResponseInfo{HTTP/1.1
       200 null,-1,false},cb=org.eclipse.jetty.server.HttpChannel$CommitCallback@484fab80]
       generate: FLUSH ([p=0,l=182,c=16384,r=182],[p=0,l=4,c=24576,r=4],false)@COMMITTED
      
15:06:47.756 [qtp1105322512-32 - /base] DEBUG org.eclipse.jetty.io.WriteFlusher
       - write: WriteFlusher@6937cf63{IDLE} [HeapByteBuffer@a5890124[p=0,l=182,c=16384,r=182]={&amp;lt;&amp;lt;&amp;lt;HTTP/1.1
       200 OK\r\n...0150224)\r\n\r\n4\r\n&amp;gt;&amp;gt;&amp;gt;r:
       Jetty(9.2.9.v2...\x00\x00\x00\x00\x00\x00\x00\x00\x00\x00\x00\x00\x00\x00\x00},HeapByteBuffer@bed06bb5[p=0,l=4,c=24576,r=4]={&amp;lt;&amp;lt;&amp;lt;base&amp;gt;&amp;gt;&amp;gt;o
       Worldello World...\x00\x00\x00\x00\x00\x00\x00\x00\x00\x00\x00\x00\x00\x00\x00}]
      
15:06:47.757 [qtp1105322512-32 - /base] DEBUG org.eclipse.jetty.io.WriteFlusher
       - update WriteFlusher@6937cf63{WRITING}:IDLE--&amp;gt;WRITING
      
15:06:47.757 [qtp1105322512-32 - /base] DEBUG org.eclipse.jetty.io.ChannelEndPoint
       - flushed 186 SelectChannelEndPoint@fc58f44{/127.0.0.1:52029&amp;lt;-&amp;gt;8080,Open,in,out,-,W,23/60000,HttpConnection}{io=0,kio=0,kro=1}
      
15:06:47.757 [qtp1105322512-32 - /base] DEBUG org.eclipse.jetty.io.WriteFlusher
       - update WriteFlusher@6937cf63{IDLE}:WRITING--&amp;gt;IDLE
      
15:06:47.757 [qtp1105322512-32 - /base] DEBUG o.e.jetty.server.HttpConnection
       - org.eclipse.jetty.server.HttpConnection$SendCallback@726b0365[PROCESSING][i=ResponseInfo{HTTP/1.1
       200 null,-1,false},cb=org.eclipse.jetty.server.HttpChannel$CommitCallback@484fab80]
       generate: DONE ([p=182,l=182,c=16384,r=0],[p=4,l=4,c=24576,r=0],false)@COMMITTED
      
15:06:47.757 [qtp1105322512-32 - /base] DEBUG org.eclipse.jetty.server.Server
       - RESPONSE /base  200 handled=true
15:06:47.757 [qtp1105322512-32
       - /base] DEBUG o.e.jetty.server.HttpChannelState - HttpChannelState@1d95f620{s=DISPATCHED
       i=true a=null} unhandle DISPATCHED
15:06:47.757 [qtp1105322512-32
       - /base] DEBUG o.e.jetty.server.HttpConnection - org.eclipse.jetty.server.HttpConnection$SendCallback@726b0365[PROCESSING][i=null,cb=Blocker@23f90b6f{null}]
       generate: CONTINUE (null,[p=0,l=0,c=0,r=0],true)@COMPLETING
      
15:06:47.757 [qtp1105322512-32 - /base] DEBUG o.e.jetty.server.HttpConnection
       - org.eclipse.jetty.server.HttpConnection$SendCallback@726b0365[PROCESSING][i=null,cb=Blocker@23f90b6f{null}]
       generate: NEED_CHUNK (null,[p=0,l=0,c=0,r=0],true)@COMPLETING
      
15:06:47.758 [qtp1105322512-32 - /base] DEBUG o.e.jetty.server.HttpConnection
       - org.eclipse.jetty.server.HttpConnection$SendCallback@726b0365[PROCESSING][i=null,cb=Blocker@23f90b6f{null}]
       generate: FLUSH (null,[p=0,l=0,c=0,r=0],true)@COMPLETING
      
15:06:47.758 [qtp1105322512-32 - /base] DEBUG org.eclipse.jetty.io.WriteFlusher
       - write: WriteFlusher@6937cf63{IDLE} [HeapByteBuffer@6239c7f4[p=0,l=7,c=1024,r=7]={&amp;lt;&amp;lt;&amp;lt;\r\n0\r\n\r\n&amp;gt;&amp;gt;&amp;gt;\x00\x00\x00\x00\x00\x00\x00\x00\x00\x00\x00\x00\x00\x00\x00\x00\x00...\x00\x00\x00\x00\x00\x00\x00\x00\x00\x00\x00\x00\x00\x00\x00}]
      
15:06:47.758 [qtp1105322512-32 - /base] DEBUG org.eclipse.jetty.io.WriteFlusher
       - update WriteFlusher@6937cf63{WRITING}:IDLE--&amp;gt;WRITING
      
15:06:47.758 [qtp1105322512-32 - /base] DEBUG org.eclipse.jetty.io.ChannelEndPoint
       - flushed 7 SelectChannelEndPoint@fc58f44{/127.0.0.1:52029&amp;lt;-&amp;gt;8080,Open,in,out,-,W,1/60000,HttpConnection}{io=0,kio=0,kro=1}
      
15:06:47.758 [qtp1105322512-32 - /base] DEBUG org.eclipse.jetty.io.WriteFlusher
       - update WriteFlusher@6937cf63{IDLE}:WRITING--&amp;gt;IDLE
      
15:06:47.758 [qtp1105322512-32 - /base] DEBUG o.e.jetty.server.HttpConnection
       - org.eclipse.jetty.server.HttpConnection$SendCallback@726b0365[PROCESSING][i=null,cb=Blocker@23f90b6f{null}]
       generate: DONE (null,[p=0,l=0,c=0,r=0],true)@END
15:06:47.758
       [qtp1105322512-32 - /base] DEBUG org.eclipse.jetty.http.HttpParser
       - reset HttpParser{s=END,0 of 0}
15:06:47.758 [qtp1105322512-32
       - /base] DEBUG org.eclipse.jetty.http.HttpParser - END --&amp;gt;
       START
15:06:47.758 [qtp1105322512-32] DEBUG org.eclipse.jetty.server.HttpChannel
       - HttpChannelOverHttp@39d0247b{r=1,c=false,a=IDLE,uri=-} handle
       exit, result COMPLETE
15:06:47.760 [qtp1105322512-32] DEBUG
       org.eclipse.jetty.io.ChannelEndPoint - filled 0 SelectChannelEndPoint@fc58f44{/127.0.0.1:52029&amp;lt;-&amp;gt;8080,Open,in,out,-,-,2/60000,HttpConnection}{io=0,kio=0,kro=1}
      
15:06:47.761 [qtp1105322512-32] DEBUG org.eclipse.jetty.io.ChannelEndPoint
       - filled 0 SelectChannelEndPoint@fc58f44{/127.0.0.1:52029&amp;lt;-&amp;gt;8080,Open,in,out,-,-,3/60000,HttpConnection}{io=0,kio=0,kro=1}
      
15:06:47.761 [qtp1105322512-32] DEBUG org.eclipse.jetty.http.HttpParser
       - parseNext s=START HeapByteBuffer@93bf48fe[p=0,l=0,c=8192,r=0]={&amp;lt;&amp;lt;&amp;lt;&amp;gt;&amp;gt;&amp;gt;GET
       /base HTTP/1....\x00\x00\x00\x00\x00\x00\x00\x00\x00\x00\x00\x00\x00\x00\x00}
      
15:06:47.761 [qtp1105322512-32] DEBUG o.e.jetty.io.AbstractConnection
       - fillInterested HttpConnection@75a18bd5{FILLING}
15:06:47.761
       [qtp1105322512-32] DEBUG o.e.jetty.io.AbstractConnection -
       FILLING--&amp;gt;FILLING_FILL_INTERESTED HttpConnection@75a18bd5{FILLING_FILL_INTERESTED}
      
15:06:47.761 [qtp1105322512-32] DEBUG o.e.jetty.io.AbstractConnection
       - FILLING_FILL_INTERESTED--&amp;gt;FILL_INTERESTED HttpConnection@75a18bd5{FILL_INTERESTED}
      
15:06:47.761 [qtp1105322512-32] DEBUG o.e.jetty.io.SelectChannelEndPoint
       - Local interests updating 0 -&amp;gt; 1 for SelectChannelEndPoint@fc58f44{/127.0.0.1:52029&amp;lt;-&amp;gt;8080,Open,in,out,R,-,0/60000,HttpConnection}{io=1,kio=0,kro=1}
      
15:06:47.761 [qtp1105322512-32] DEBUG org.eclipse.jetty.io.SelectorManager
       - Running change org.eclipse.jetty.io.SelectChannelEndPoint$1@563d958a
      
15:06:47.761 [qtp1105322512-32] DEBUG o.e.jetty.io.SelectChannelEndPoint
       - Key interests updated 0 -&amp;gt; 1 on SelectChannelEndPoint@fc58f44{/127.0.0.1:52029&amp;lt;-&amp;gt;8080,Open,in,out,R,-,0/60000,HttpConnection}{io=1,kio=1,kro=1}
      
15:06:47.764 [qtp1105322512-33-selector-ServerConnectorManager@1530c739/0]
       DEBUG org.eclipse.jetty.io.SelectorManager - Selector loop
       woken up from select, 0/1 selected
15:06:47.764 [qtp1105322512-33-selector-ServerConnectorManager@1530c739/0]
       DEBUG org.eclipse.jetty.io.SelectorManager - Selector loop
       waiting on select
15:06:47.768 [qtp1105322512-33-selector-ServerConnectorManager@1530c739/0]
       DEBUG org.eclipse.jetty.io.SelectorManager - Selector loop
       woken up from select, 1/1 selected
15:06:47.768 [qtp1105322512-33-selector-ServerConnectorManager@1530c739/0]
       DEBUG o.e.jetty.io.SelectChannelEndPoint - Key interests updated
       1 -&amp;gt; 0 on SelectChannelEndPoint@fc58f44{/127.0.0.1:52029&amp;lt;-&amp;gt;8080,Open,in,out,R,-,7/60000,HttpConnection}{io=1,kio=0,kro=1}
      
15:06:47.768 [qtp1105322512-33-selector-ServerConnectorManager@1530c739/0]
       DEBUG o.e.jetty.io.SelectChannelEndPoint - Local interests
       updating 1 -&amp;gt; 0 for SelectChannelEndPoint@fc58f44{/127.0.0.1:52029&amp;lt;-&amp;gt;8080,Open,in,out,R,-,7/60000,HttpConnection}{io=0,kio=0,kro=1}
      
15:06:47.768 [qtp1105322512-33-selector-ServerConnectorManager@1530c739/0]
       DEBUG org.eclipse.jetty.io.SelectorManager - Running change
       org.eclipse.jetty.io.SelectChannelEndPoint$1@563d958a
15:06:47.768
       [qtp1105322512-33-selector-ServerConnectorManager@1530c739/0]
       DEBUG o.e.jetty.io.AbstractConnection - FILL_INTERESTED--&amp;gt;FILLING
       HttpConnection@75a18bd5{FILLING}
15:06:47.768 [qtp1105322512-33-selector-ServerConnectorManager@1530c739/0]
       DEBUG org.eclipse.jetty.io.SelectorManager - Selector loop
       waiting on select
15:06:47.769 [qtp1105322512-37-acceptor-0@59402b8f-ServerConnector@6892b3b6{HTTP/1.1}{0.0.0.0:8080}]
       DEBUG org.eclipse.jetty.io.SelectorManager - Queued change
       org.eclipse.jetty.io.SelectorManager$ManagedSelector$Accept@6e88741b
      
15:06:47.769 [qtp1105322512-34-selector-ServerConnectorManager@1530c739/1]
       DEBUG org.eclipse.jetty.io.SelectorManager - Selector loop
       woken up from select, 0/0 selected
15:06:47.769 [qtp1105322512-34-selector-ServerConnectorManager@1530c739/1]
       DEBUG org.eclipse.jetty.io.SelectorManager - Running change
       org.eclipse.jetty.io.SelectorManager$ManagedSelector$Accept@6e88741b
      
15:06:47.769 [qtp1105322512-34-selector-ServerConnectorManager@1530c739/1]
       DEBUG o.eclipse.jetty.io.AbstractEndPoint - onOpen SelectChannelEndPoint@543b23c4{/127.0.0.1:52030&amp;lt;-&amp;gt;8080,Open,in,out,-,-,0/60000,null}{io=0,kio=0,kro=0}
      
15:06:47.769 [qtp1105322512-34-selector-ServerConnectorManager@1530c739/1]
       DEBUG org.eclipse.jetty.io.IdleTimeout - SelectChannelEndPoint@543b23c4{/127.0.0.1:52030&amp;lt;-&amp;gt;8080,Open,in,out,-,-,0/60000,null}{io=0,kio=0,kro=0}
       idle timeout check, elapsed: 0 ms, remaining: 60000 ms
15:06:47.769
       [qtp1105322512-34-selector-ServerConnectorManager@1530c739/1]
       DEBUG org.eclipse.jetty.server.HttpChannel - new HttpChannelOverHttp@772b0bb3{r=0,c=false,a=IDLE,uri=-}
       -&amp;gt; SelectChannelEndPoint@543b23c4{/127.0.0.1:52030&amp;lt;-&amp;gt;8080,Open,in,out,-,-,0/60000,null}{io=0,kio=0,kro=0},null,HttpChannelState@1e833ef4{s=IDLE
       i=true a=null}
15:06:47.769 [qtp1105322512-34-selector-ServerConnectorManager@1530c739/1]
       DEBUG o.e.jetty.server.HttpConnection - New HTTP Connection
       HttpConnection@5630730d{IDLE}
15:06:47.769 [qtp1105322512-34-selector-ServerConnectorManager@1530c739/1]
       DEBUG o.e.jetty.io.AbstractConnection - onOpen HttpConnection@5630730d{IDLE}
      
15:06:47.769 [qtp1105322512-34-selector-ServerConnectorManager@1530c739/1]
       DEBUG o.e.jetty.io.AbstractConnection - fillInterested HttpConnection@5630730d{IDLE}
      
15:06:47.770 [qtp1105322512-34-selector-ServerConnectorManager@1530c739/1]
       DEBUG o.e.jetty.io.AbstractConnection - IDLE--&amp;gt;FILL_INTERESTED
       HttpConnection@5630730d{FILL_INTERESTED}
15:06:47.770 [qtp1105322512-34-selector-ServerConnectorManager@1530c739/1]
       DEBUG o.e.jetty.io.SelectChannelEndPoint - Local interests
       updating 0 -&amp;gt; 1 for SelectChannelEndPoint@543b23c4{/127.0.0.1:52030&amp;lt;-&amp;gt;8080,Open,in,out,R,-,0/60000,HttpConnection}{io=1,kio=0,kro=0}
      
15:06:47.770 [qtp1105322512-34-selector-ServerConnectorManager@1530c739/1]
       DEBUG org.eclipse.jetty.io.SelectorManager - Running change
       org.eclipse.jetty.io.SelectChannelEndPoint$1@5b984f0c
15:06:47.770
       [qtp1105322512-34-selector-ServerConnectorManager@1530c739/1]
       DEBUG o.e.jetty.io.SelectChannelEndPoint - Key interests updated
       0 -&amp;gt; 1 on SelectChannelEndPoint@543b23c4{/127.0.0.1:52030&amp;lt;-&amp;gt;8080,Open,in,out,R,-,0/60000,HttpConnection}{io=1,kio=1,kro=0}
      
15:06:47.770 [qtp1105322512-34-selector-ServerConnectorManager@1530c739/1]
       DEBUG org.eclipse.jetty.io.SelectorManager - Created SelectChannelEndPoint@543b23c4{/127.0.0.1:52030&amp;lt;-&amp;gt;8080,Open,in,out,R,-,0/60000,HttpConnection}{io=1,kio=1,kro=0}
      
15:06:47.770 [qtp1105322512-34-selector-ServerConnectorManager@1530c739/1]
       DEBUG org.eclipse.jetty.io.SelectorManager - Selector loop
       waiting on select
15:06:47.770 [qtp1105322512-34-selector-ServerConnectorManager@1530c739/1]
       DEBUG org.eclipse.jetty.io.SelectorManager - Selector loop
       woken up from select, 1/1 selected
15:06:47.770 [qtp1105322512-34-selector-ServerConnectorManager@1530c739/1]
       DEBUG o.e.jetty.io.SelectChannelEndPoint - Key interests updated
       1 -&amp;gt; 0 on SelectChannelEndPoint@543b23c4{/127.0.0.1:52030&amp;lt;-&amp;gt;8080,Open,in,out,R,-,0/60000,HttpConnection}{io=1,kio=0,kro=1}
      
15:06:47.770 [qtp1105322512-34-selector-ServerConnectorManager@1530c739/1]
       DEBUG o.e.jetty.io.SelectChannelEndPoint - Local interests
       updating 1 -&amp;gt; 0 for SelectChannelEndPoint@543b23c4{/127.0.0.1:52030&amp;lt;-&amp;gt;8080,Open,in,out,R,-,0/60000,HttpConnection}{io=0,kio=0,kro=1}
      
15:06:47.770 [qtp1105322512-34-selector-ServerConnectorManager@1530c739/1]
       DEBUG org.eclipse.jetty.io.SelectorManager - Running change
       org.eclipse.jetty.io.SelectChannelEndPoint$1@5b984f0c
15:06:47.770
       [qtp1105322512-34-selector-ServerConnectorManager@1530c739/1]
       DEBUG o.e.jetty.io.AbstractConnection - FILL_INTERESTED--&amp;gt;FILLING
       HttpConnection@5630730d{FILLING}
15:06:47.770 [qtp1105322512-34-selector-ServerConnectorManager@1530c739/1]
       DEBUG org.eclipse.jetty.io.SelectorManager - Selector loop
       waiting on select
15:06:47.770 [qtp1105322512-38] DEBUG o.e.jetty.server.HttpConnection
       - HttpConnection@75a18bd5{FILLING} onFillable HttpChannelState@1d95f620{s=IDLE
       i=true a=null}
15:06:47.771 [qtp1105322512-38] DEBUG org.eclipse.jetty.io.ChannelEndPoint
       - filled -1 SelectChannelEndPoint@fc58f44{/127.0.0.1:52029&amp;lt;-&amp;gt;8080,Open,in,out,-,-,10/60000,HttpConnection}{io=0,kio=0,kro=1}
      
15:06:47.771 [qtp1105322512-38] DEBUG org.eclipse.jetty.io.ChannelEndPoint
       - ishut SelectChannelEndPoint@fc58f44{/127.0.0.1:52029&amp;lt;-&amp;gt;8080,Open,in,out,-,-,10/60000,HttpConnection}{io=0,kio=0,kro=1}
      
15:06:47.771 [qtp1105322512-38] DEBUG org.eclipse.jetty.http.HttpParser
       - atEOF HttpParser{s=START,0 of -1}
15:06:47.771 [qtp1105322512-38]
       DEBUG org.eclipse.jetty.http.HttpParser - parseNext s=START
       HeapByteBuffer@5b8ac34d[p=0,l=0,c=8192,r=0]={&amp;lt;&amp;lt;&amp;lt;&amp;gt;&amp;gt;&amp;gt;GET
       /base HTTP/1....\x00\x00\x00\x00\x00\x00\x00\x00\x00\x00\x00\x00\x00\x00\x00}
      
15:06:47.771 [qtp1105322512-38] DEBUG org.eclipse.jetty.http.HttpParser
       - START --&amp;gt; CLOSED
15:06:47.771 [qtp1105322512-38]
       DEBUG o.eclipse.jetty.io.AbstractEndPoint - onClose SelectChannelEndPoint@fc58f44{/127.0.0.1:52029&amp;lt;-&amp;gt;8080,CLOSED,ISHUT,out,-,-,10/60000,HttpConnection}{io=0,kio=0,kro=1}
      
15:06:47.771 [qtp1105322512-38] DEBUG org.eclipse.jetty.io.ChannelEndPoint
       - close SelectChannelEndPoint@fc58f44{/127.0.0.1:52029&amp;lt;-&amp;gt;8080,CLOSED,ISHUT,out,-,-,10/60000,HttpConnection}{io=0,kio=0,kro=1}
      
15:06:47.771 [qtp1105322512-38] DEBUG org.eclipse.jetty.io.SelectorManager
       - Destroyed SelectChannelEndPoint@fc58f44{/127.0.0.1:52029&amp;lt;-&amp;gt;8080,CLOSED,ISHUT,OSHUT,-,-,10/60000,HttpConnection}{io=0,kio=-1,kro=-1}
      
15:06:47.771 [qtp1105322512-38] DEBUG o.e.jetty.io.AbstractConnection
       - onClose HttpConnection@75a18bd5{FILLING}
15:06:47.771 [qtp1105322512-38]
       DEBUG o.eclipse.jetty.io.AbstractEndPoint - onClose SelectChannelEndPoint@fc58f44{/127.0.0.1:52029&amp;lt;-&amp;gt;8080,CLOSED,ISHUT,OSHUT,-,-,10/60000,HttpConnection}{io=0,kio=-1,kro=-1}
      
15:06:47.771 [qtp1105322512-38] DEBUG o.e.jetty.io.AbstractConnection
       - FILLING--&amp;gt;IDLE HttpConnection@75a18bd5{IDLE}
15:06:47.771
       [qtp1105322512-38] DEBUG o.e.jetty.server.HttpConnection -
       HttpConnection@5630730d{FILLING} onFillable HttpChannelState@1e833ef4{s=IDLE
       i=true a=null}
15:06:47.771 [qtp1105322512-38] DEBUG org.eclipse.jetty.io.ChannelEndPoint
       - filled 161 SelectChannelEndPoint@543b23c4{/127.0.0.1:52030&amp;lt;-&amp;gt;8080,Open,in,out,-,-,1/60000,HttpConnection}{io=0,kio=0,kro=1}
      
15:06:47.771 [qtp1105322512-38] DEBUG org.eclipse.jetty.http.HttpParser
       - parseNext s=START HeapByteBuffer@40ff2b02[p=0,l=161,c=8192,r=161]={&amp;lt;&amp;lt;&amp;lt;GET
       /base/sub HTT... keep-alive\r\n\r\n&amp;gt;&amp;gt;&amp;gt;\n\r\n\x00\x00\x00\x00\x00\x00\x00\x00\x00\x00\x00\x00\x00\x00...\x00\x00\x00\x00\x00\x00\x00\x00\x00\x00\x00\x00\x00\x00\x00}
      
15:06:47.771 [qtp1105322512-38] DEBUG org.eclipse.jetty.http.HttpParser
       - START --&amp;gt; SPACE1
15:06:47.771 [qtp1105322512-38]
       DEBUG org.eclipse.jetty.http.HttpParser - SPACE1 --&amp;gt;
       URI
15:06:47.772 [qtp1105322512-38] DEBUG org.eclipse.jetty.http.HttpParser
       - URI --&amp;gt; SPACE2
15:06:47.772 [qtp1105322512-38] DEBUG
       org.eclipse.jetty.http.HttpParser - SPACE2 --&amp;gt; REQUEST_VERSION
      
15:06:47.772 [qtp1105322512-38] DEBUG org.eclipse.jetty.http.HttpParser
       - REQUEST_VERSION --&amp;gt; HEADER
15:06:47.772 [qtp1105322512-38]
       DEBUG org.eclipse.jetty.http.HttpParser - HEADER --&amp;gt;
       HEADER_VALUE
15:06:47.772 [qtp1105322512-38] DEBUG org.eclipse.jetty.http.HttpParser
       - HEADER_VALUE --&amp;gt; HEADER_IN_VALUE
15:06:47.772 [qtp1105322512-38]
       DEBUG org.eclipse.jetty.http.HttpParser - HEADER_IN_VALUE
       --&amp;gt; HEADER
15:06:47.772 [qtp1105322512-38] DEBUG org.eclipse.jetty.http.HttpParser
       - HEADER --&amp;gt; HEADER_VALUE
15:06:47.772 [qtp1105322512-38]
       DEBUG org.eclipse.jetty.http.HttpParser - HEADER_VALUE --&amp;gt;
       HEADER_IN_VALUE
15:06:47.772 [qtp1105322512-38] DEBUG org.eclipse.jetty.http.HttpParser
       - HEADER_IN_VALUE --&amp;gt; HEADER
15:06:47.772 [qtp1105322512-38]
       DEBUG org.eclipse.jetty.http.HttpParser - HEADER --&amp;gt;
       HEADER_VALUE
15:06:47.772 [qtp1105322512-38] DEBUG org.eclipse.jetty.http.HttpParser
       - HEADER_VALUE --&amp;gt; HEADER_IN_VALUE
15:06:47.772 [qtp1105322512-38]
       DEBUG org.eclipse.jetty.http.HttpParser - HEADER_IN_VALUE
       --&amp;gt; HEADER
15:06:47.772 [qtp1105322512-38] DEBUG org.eclipse.jetty.http.HttpParser
       - HEADER --&amp;gt; HEADER_IN_VALUE
15:06:47.772 [qtp1105322512-38]
       DEBUG org.eclipse.jetty.http.HttpParser - HEADER_IN_VALUE
       --&amp;gt; HEADER
15:06:47.772 [qtp1105322512-38] DEBUG org.eclipse.jetty.http.HttpParser
       - HEADER --&amp;gt; END
15:06:47.772 [qtp1105322512-38] DEBUG
       org.eclipse.jetty.server.HttpChannel - HttpChannelOverHttp@772b0bb3{r=1,c=false,a=IDLE,uri=-}
       messageComplete
15:06:47.773 [qtp1105322512-38] DEBUG org.eclipse.jetty.server.HttpInput
       - HttpInputOverHTTP@9da939d EOF
15:06:47.773 [qtp1105322512-38]
       DEBUG org.eclipse.jetty.server.HttpChannel - HttpChannelOverHttp@772b0bb3{r=1,c=false,a=IDLE,uri=-}
       handle enter
15:06:47.773 [qtp1105322512-38 - /base/sub]
       DEBUG o.e.jetty.server.HttpChannelState - HttpChannelState@1e833ef4{s=IDLE
       i=true a=null} handling IDLE
15:06:47.773 [qtp1105322512-38
       - /base/sub] DEBUG org.eclipse.jetty.server.HttpChannel -
       HttpChannelOverHttp@772b0bb3{r=1,c=false,a=DISPATCHED,uri=/base/sub}
       action REQUEST_DISPATCH
15:06:47.773 [qtp1105322512-38 -
       /base/sub] DEBUG org.eclipse.jetty.server.Server - REQUEST
       GET /base/sub on HttpChannelOverHttp@772b0bb3{r=1,c=false,a=DISPATCHED,uri=/base/sub}
      
15:06:47.773 [qtp1105322512-38 - /base/sub] DEBUG o.e.j.server.handler.ContextHandler
       - scope null||/base/sub @ o.e.j.s.ServletContextHandler@6f46426d{/,null,AVAILABLE}
      
15:06:47.773 [qtp1105322512-38 - /base/sub] DEBUG o.e.j.server.handler.ContextHandler
       - context=||/base/sub @ o.e.j.s.ServletContextHandler@6f46426d{/,null,AVAILABLE}
      
15:06:47.773 [qtp1105322512-38 - /base/sub] DEBUG org.eclipse.jetty.server.session
       - sessionManager=org.eclipse.jetty.server.session.HashSessionManager@32ee6fee
      
15:06:47.773 [qtp1105322512-38 - /base/sub] DEBUG org.eclipse.jetty.server.session
       - session=null
15:06:47.773 [qtp1105322512-38 - /base/sub]
       DEBUG o.e.jetty.servlet.ServletHandler - servlet ||/base/sub
       -&amp;gt; org.apache.felix.http.base.internal.DispatcherServlet-4738a206@cebacce0==org.apache.felix.http.base.internal.DispatcherServlet,-1,true
      
15:06:47.773 [qtp1105322512-38 - /base/sub] DEBUG o.e.jetty.servlet.ServletHandler
       - chain=null
15:06:47.775 [qtp1105322512-38 - /base/sub]
       DEBUG o.e.jetty.server.HttpConnection - org.eclipse.jetty.server.HttpConnection$SendCallback@bebb188[PROCESSING][i=ResponseInfo{HTTP/1.1
       200 null,-1,false},cb=org.eclipse.jetty.server.HttpChannel$CommitCallback@3c09be4f]
       generate: NEED_HEADER (null,[p=0,l=3,c=24576,r=3],false)@START
      
15:06:47.775 [qtp1105322512-38 - /base/sub] DEBUG o.e.jetty.server.HttpConnection
       - org.eclipse.jetty.server.HttpConnection$SendCallback@bebb188[PROCESSING][i=ResponseInfo{HTTP/1.1
       200 null,-1,false},cb=org.eclipse.jetty.server.HttpChannel$CommitCallback@3c09be4f]
       generate: FLUSH ([p=0,l=182,c=16384,r=182],[p=0,l=3,c=24576,r=3],false)@COMMITTED
      
15:06:47.775 [qtp1105322512-38 - /base/sub] DEBUG org.eclipse.jetty.io.WriteFlusher
       - write: WriteFlusher@35f593f1{IDLE} [HeapByteBuffer@10f062a3[p=0,l=182,c=16384,r=182]={&amp;lt;&amp;lt;&amp;lt;HTTP/1.1
       200 OK\r\n...0150224)\r\n\r\n3\r\n&amp;gt;&amp;gt;&amp;gt;r:
       Jetty(9.2.9.v2...\x00\x00\x00\x00\x00\x00\x00\x00\x00\x00\x00\x00\x00\x00\x00},HeapByteBuffer@4d773909[p=0,l=3,c=24576,r=3]={&amp;lt;&amp;lt;&amp;lt;sub&amp;gt;&amp;gt;&amp;gt;eo
       Worldello Worl...\x00\x00\x00\x00\x00\x00\x00\x00\x00\x00\x00\x00\x00\x00\x00}]
      
15:06:47.775 [qtp1105322512-38 - /base/sub] DEBUG org.eclipse.jetty.io.WriteFlusher
       - update WriteFlusher@35f593f1{WRITING}:IDLE--&amp;gt;WRITING
      
15:06:47.775 [qtp1105322512-38 - /base/sub] DEBUG org.eclipse.jetty.io.ChannelEndPoint
       - flushed 185 SelectChannelEndPoint@543b23c4{/127.0.0.1:52030&amp;lt;-&amp;gt;8080,Open,in,out,-,W,4/60000,HttpConnection}{io=0,kio=0,kro=1}
      
15:06:47.775 [qtp1105322512-38 - /base/sub] DEBUG org.eclipse.jetty.io.WriteFlusher
       - update WriteFlusher@35f593f1{IDLE}:WRITING--&amp;gt;IDLE
      
15:06:47.775 [qtp1105322512-38 - /base/sub] DEBUG o.e.jetty.server.HttpConnection
       - org.eclipse.jetty.server.HttpConnection$SendCallback@bebb188[PROCESSING][i=ResponseInfo{HTTP/1.1
       200 null,-1,false},cb=org.eclipse.jetty.server.HttpChannel$CommitCallback@3c09be4f]
       generate: DONE ([p=182,l=182,c=16384,r=0],[p=3,l=3,c=24576,r=0],false)@COMMITTED
      
15:06:47.776 [qtp1105322512-38 - /base/sub] DEBUG org.eclipse.jetty.server.Server
       - RESPONSE /base/sub  200 handled=true
15:06:47.776 [qtp1105322512-38
       - /base/sub] DEBUG o.e.jetty.server.HttpChannelState - HttpChannelState@1e833ef4{s=DISPATCHED
       i=true a=null} unhandle DISPATCHED
15:06:47.776 [qtp1105322512-38
       - /base/sub] DEBUG o.e.jetty.server.HttpConnection - org.eclipse.jetty.server.HttpConnection$SendCallback@bebb188[PROCESSING][i=null,cb=Blocker@68eeb8a9{null}]
       generate: CONTINUE (null,[p=0,l=0,c=0,r=0],true)@COMPLETING
      
15:06:47.776 [qtp1105322512-38 - /base/sub] DEBUG o.e.jetty.server.HttpConnection
       - org.eclipse.jetty.server.HttpConnection$SendCallback@bebb188[PROCESSING][i=null,cb=Blocker@68eeb8a9{null}]
       generate: NEED_CHUNK (null,[p=0,l=0,c=0,r=0],true)@COMPLETING
      
15:06:47.776 [qtp1105322512-38 - /base/sub] DEBUG o.e.jetty.server.HttpConnection
       - org.eclipse.jetty.server.HttpConnection$SendCallback@bebb188[PROCESSING][i=null,cb=Blocker@68eeb8a9{null}]
       generate: FLUSH (null,[p=0,l=0,c=0,r=0],true)@COMPLETING
      
15:06:47.776 [qtp1105322512-38 - /base/sub] DEBUG org.eclipse.jetty.io.WriteFlusher
       - write: WriteFlusher@35f593f1{IDLE} [HeapByteBuffer@6239c7f4[p=0,l=7,c=1024,r=7]={&amp;lt;&amp;lt;&amp;lt;\r\n0\r\n\r\n&amp;gt;&amp;gt;&amp;gt;\x00\x00\x00\x00\x00\x00\x00\x00\x00\x00\x00\x00\x00\x00\x00\x00\x00...\x00\x00\x00\x00\x00\x00\x00\x00\x00\x00\x00\x00\x00\x00\x00}]
      
15:06:47.776 [qtp1105322512-38 - /base/sub] DEBUG org.eclipse.jetty.io.WriteFlusher
       - update WriteFlusher@35f593f1{WRITING}:IDLE--&amp;gt;WRITING
      
15:06:47.777 [qtp1105322512-38 - /base/sub] DEBUG org.eclipse.jetty.io.ChannelEndPoint
       - flushed 7 SelectChannelEndPoint@543b23c4{/127.0.0.1:52030&amp;lt;-&amp;gt;8080,Open,in,out,-,W,1/60000,HttpConnection}{io=0,kio=0,kro=1}
      
15:06:47.777 [qtp1105322512-38 - /base/sub] DEBUG org.eclipse.jetty.io.WriteFlusher
       - update WriteFlusher@35f593f1{IDLE}:WRITING--&amp;gt;IDLE
      
15:06:47.777 [qtp1105322512-38 - /base/sub] DEBUG o.e.jetty.server.HttpConnection
       - org.eclipse.jetty.server.HttpConnection$SendCallback@bebb188[PROCESSING][i=null,cb=Blocker@68eeb8a9{null}]
       generate: DONE (null,[p=0,l=0,c=0,r=0],true)@END
15:06:47.777
       [qtp1105322512-38 - /base/sub] DEBUG org.eclipse.jetty.http.HttpParser
       - reset HttpParser{s=END,0 of 0}
15:06:47.777 [qtp1105322512-38
       - /base/sub] DEBUG org.eclipse.jetty.http.HttpParser - END
       --&amp;gt; START
15:06:47.777 [qtp1105322512-38] DEBUG org.eclipse.jetty.server.HttpChannel
       - HttpChannelOverHttp@772b0bb3{r=1,c=false,a=IDLE,uri=-} handle
       exit, result COMPLETE
15:06:47.777 [qtp1105322512-38] DEBUG
       org.eclipse.jetty.io.ChannelEndPoint - filled 0 SelectChannelEndPoint@543b23c4{/127.0.0.1:52030&amp;lt;-&amp;gt;8080,Open,in,out,-,-,0/60000,HttpConnection}{io=0,kio=0,kro=1}
      
15:06:47.777 [qtp1105322512-38] DEBUG org.eclipse.jetty.io.ChannelEndPoint
       - filled 0 SelectChannelEndPoint@543b23c4{/127.0.0.1:52030&amp;lt;-&amp;gt;8080,Open,in,out,-,-,0/60000,HttpConnection}{io=0,kio=0,kro=1}
      
15:06:47.777 [qtp1105322512-38] DEBUG org.eclipse.jetty.http.HttpParser
       - parseNext s=START HeapByteBuffer@5b8ac34d[p=0,l=0,c=8192,r=0]={&amp;lt;&amp;lt;&amp;lt;&amp;gt;&amp;gt;&amp;gt;GET
       /base HTTP/1....\x00\x00\x00\x00\x00\x00\x00\x00\x00\x00\x00\x00\x00\x00\x00}
      
15:06:47.777 [qtp1105322512-38] DEBUG o.e.jetty.io.AbstractConnection
       - fillInterested HttpConnection@5630730d{FILLING}
15:06:47.777
       [qtp1105322512-38] DEBUG o.e.jetty.io.AbstractConnection -
       FILLING--&amp;gt;FILLING_FILL_INTERESTED HttpConnection@5630730d{FILLING_FILL_INTERESTED}
      
15:06:47.777 [qtp1105322512-38] DEBUG o.e.jetty.io.AbstractConnection
       - FILLING_FILL_INTERESTED--&amp;gt;FILL_INTERESTED HttpConnection@5630730d{FILL_INTERESTED}
      
15:06:47.777 [qtp1105322512-38] DEBUG o.e.jetty.io.SelectChannelEndPoint
       - Local interests updating 0 -&amp;gt; 1 for SelectChannelEndPoint@543b23c4{/127.0.0.1:52030&amp;lt;-&amp;gt;8080,Open,in,out,R,-,0/60000,HttpConnection}{io=1,kio=0,kro=1}
      
15:06:47.777 [qtp1105322512-38] DEBUG org.eclipse.jetty.io.SelectorManager
       - Running change org.eclipse.jetty.io.SelectChannelEndPoint$1@5b984f0c
      
15:06:47.777 [qtp1105322512-38] DEBUG o.e.jetty.io.SelectChannelEndPoint
       - Key interests updated 0 -&amp;gt; 1 on SelectChannelEndPoint@543b23c4{/127.0.0.1:52030&amp;lt;-&amp;gt;8080,Open,in,out,R,-,0/60000,HttpConnection}{io=1,kio=1,kro=1}
      
15:06:47.778 [qtp1105322512-34-selector-ServerConnectorManager@1530c739/1]
       DEBUG org.eclipse.jetty.io.SelectorManager - Selector loop
       woken up from select, 0/1 selected
15:06:47.778 [qtp1105322512-34-selector-ServerConnectorManager@1530c739/1]
       DEBUG org.eclipse.jetty.io.SelectorManager - Selector loop
       waiting on select
15:06:47.780 [qtp1105322512-34-selector-ServerConnectorManager@1530c739/1]
       DEBUG org.eclipse.jetty.io.SelectorManager - Selector loop
       woken up from select, 1/1 selected
15:06:47.780 [qtp1105322512-34-selector-ServerConnectorManager@1530c739/1]
       DEBUG o.e.jetty.io.SelectChannelEndPoint - Key interests updated
       1 -&amp;gt; 0 on SelectChannelEndPoint@543b23c4{/127.0.0.1:52030&amp;lt;-&amp;gt;8080,Open,in,out,R,-,3/60000,HttpConnection}{io=1,kio=0,kro=1}
      
15:06:47.780 [qtp1105322512-34-selector-ServerConnectorManager@1530c739/1]
       DEBUG o.e.jetty.io.SelectChannelEndPoint - Local interests
       updating 1 -&amp;gt; 0 for SelectChannelEndPoint@543b23c4{/127.0.0.1:52030&amp;lt;-&amp;gt;8080,Open,in,out,R,-,3/60000,HttpConnection}{io=0,kio=0,kro=1}
      
15:06:47.780 [qtp1105322512-34-selector-ServerConnectorManager@1530c739/1]
       DEBUG org.eclipse.jetty.io.SelectorManager - Running change
       org.eclipse.jetty.io.SelectChannelEndPoint$1@5b984f0c
15:06:47.780
       [qtp1105322512-34-selector-ServerConnectorManager@1530c739/1]
       DEBUG o.e.jetty.io.AbstractConnection - FILL_INTERESTED--&amp;gt;FILLING
       HttpConnection@5630730d{FILLING}
15:06:47.780 [qtp1105322512-34-selector-ServerConnectorManager@1530c739/1]
       DEBUG org.eclipse.jetty.io.SelectorManager - Selector loop
       waiting on select
15:06:47.781 [qtp1105322512-37-acceptor-0@59402b8f-ServerConnector@6892b3b6{HTTP/1.1}{0.0.0.0:8080}]
       DEBUG org.eclipse.jetty.io.SelectorManager - Queued change
       org.eclipse.jetty.io.SelectorManager$ManagedSelector$Accept@34db3d06
      
15:06:47.781 [qtp1105322512-33-selector-ServerConnectorManager@1530c739/0]
       DEBUG org.eclipse.jetty.io.SelectorManager - Selector loop
       woken up from select, 0/0 selected
15:06:47.781 [qtp1105322512-33-selector-ServerConnectorManager@1530c739/0]
       DEBUG org.eclipse.jetty.io.SelectorManager - Running change
       org.eclipse.jetty.io.SelectorManager$ManagedSelector$Accept@34db3d06
      
15:06:47.781 [qtp1105322512-33-selector-ServerConnectorManager@1530c739/0]
       DEBUG o.eclipse.jetty.io.AbstractEndPoint - onOpen SelectChannelEndPoint@5ce05fd2{/127.0.0.1:52031&amp;lt;-&amp;gt;8080,Open,in,out,-,-,0/60000,null}{io=0,kio=0,kro=0}
      
15:06:47.781 [qtp1105322512-33-selector-ServerConnectorManager@1530c739/0]
       DEBUG org.eclipse.jetty.io.IdleTimeout - SelectChannelEndPoint@5ce05fd2{/127.0.0.1:52031&amp;lt;-&amp;gt;8080,Open,in,out,-,-,0/60000,null}{io=0,kio=0,kro=0}
       idle timeout check, elapsed: 0 ms, remaining: 60000 ms
15:06:47.781
       [qtp1105322512-33-selector-ServerConnectorManager@1530c739/0]
       DEBUG org.eclipse.jetty.server.HttpChannel - new HttpChannelOverHttp@256688b8{r=0,c=false,a=IDLE,uri=-}
       -&amp;gt; SelectChannelEndPoint@5ce05fd2{/127.0.0.1:52031&amp;lt;-&amp;gt;8080,Open,in,out,-,-,0/60000,null}{io=0,kio=0,kro=0},null,HttpChannelState@1f4dd85b{s=IDLE
       i=true a=null}
15:06:47.782 [qtp1105322512-33-selector-ServerConnectorManager@1530c739/0]
       DEBUG o.e.jetty.server.HttpConnection - New HTTP Connection
       HttpConnection@45e7fbb8{IDLE}
15:06:47.782 [qtp1105322512-33-selector-ServerConnectorManager@1530c739/0]
       DEBUG o.e.jetty.io.AbstractConnection - onOpen HttpConnection@45e7fbb8{IDLE}
      
15:06:47.782 [qtp1105322512-33-selector-ServerConnectorManager@1530c739/0]
       DEBUG o.e.jetty.io.AbstractConnection - fillInterested HttpConnection@45e7fbb8{IDLE}
      
15:06:47.782 [qtp1105322512-33-selector-ServerConnectorManager@1530c739/0]
       DEBUG o.e.jetty.io.AbstractConnection - IDLE--&amp;gt;FILL_INTERESTED
       HttpConnection@45e7fbb8{FILL_INTERESTED}
15:06:47.782 [qtp1105322512-33-selector-ServerConnectorManager@1530c739/0]
       DEBUG o.e.jetty.io.SelectChannelEndPoint - Local interests
       updating 0 -&amp;gt; 1 for SelectChannelEndPoint@5ce05fd2{/127.0.0.1:52031&amp;lt;-&amp;gt;8080,Open,in,out,R,-,0/60000,HttpConnection}{io=1,kio=0,kro=0}
      
15:06:47.782 [qtp1105322512-33-selector-ServerConnectorManager@1530c739/0]
       DEBUG org.eclipse.jetty.io.SelectorManager - Running change
       org.eclipse.jetty.io.SelectChannelEndPoint$1@1ba73219
15:06:47.782
       [qtp1105322512-33-selector-ServerConnectorManager@1530c739/0]
       DEBUG o.e.jetty.io.SelectChannelEndPoint - Key interests updated
       0 -&amp;gt; 1 on SelectChannelEndPoint@5ce05fd2{/127.0.0.1:52031&amp;lt;-&amp;gt;8080,Open,in,out,R,-,0/60000,HttpConnection}{io=1,kio=1,kro=0}
      
15:06:47.782 [qtp1105322512-33-selector-ServerConnectorManager@1530c739/0]
       DEBUG org.eclipse.jetty.io.SelectorManager - Created SelectChannelEndPoint@5ce05fd2{/127.0.0.1:52031&amp;lt;-&amp;gt;8080,Open,in,out,R,-,0/60000,HttpConnection}{io=1,kio=1,kro=0}
      
15:06:47.782 [qtp1105322512-33-selector-ServerConnectorManager@1530c739/0]
       DEBUG org.eclipse.jetty.io.SelectorManager - Selector loop
       waiting on select
15:06:47.782 [qtp1105322512-33-selector-ServerConnectorManager@1530c739/0]
       DEBUG org.eclipse.jetty.io.SelectorManager - Selector loop
       woken up from select, 1/1 selected
15:06:47.782 [qtp1105322512-33-selector-ServerConnectorManager@1530c739/0]
       DEBUG o.e.jetty.io.SelectChannelEndPoint - Key interests updated
       1 -&amp;gt; 0 on SelectChannelEndPoint@5ce05fd2{/127.0.0.1:52031&amp;lt;-&amp;gt;8080,Open,in,out,R,-,0/60000,HttpConnection}{io=1,kio=0,kro=1}
      
15:06:47.782 [qtp1105322512-33-selector-ServerConnectorManager@1530c739/0]
       DEBUG o.e.jetty.io.SelectChannelEndPoint - Local interests
       updating 1 -&amp;gt; 0 for SelectChannelEndPoint@5ce05fd2{/127.0.0.1:52031&amp;lt;-&amp;gt;8080,Open,in,out,R,-,0/60000,HttpConnection}{io=0,kio=0,kro=1}
      
15:06:47.782 [qtp1105322512-33-selector-ServerConnectorManager@1530c739/0]
       DEBUG org.eclipse.jetty.io.SelectorManager - Running change
       org.eclipse.jetty.io.SelectChannelEndPoint$1@1ba73219
15:06:47.782
       [qtp1105322512-33-selector-ServerConnectorManager@1530c739/0]
       DEBUG o.e.jetty.io.AbstractConnection - FILL_INTERESTED--&amp;gt;FILLING
       HttpConnection@45e7fbb8{FILLING}
15:06:47.782 [qtp1105322512-33-selector-ServerConnectorManager@1530c739/0]
       DEBUG org.eclipse.jetty.io.SelectorManager - Selector loop
       waiting on select
15:06:47.783 [qtp1105322512-35] DEBUG o.e.jetty.server.HttpConnection
       - HttpConnection@5630730d{FILLING} onFillable HttpChannelState@1e833ef4{s=IDLE
       i=true a=null}
15:06:47.783 [qtp1105322512-35] DEBUG org.eclipse.jetty.io.ChannelEndPoint
       - filled -1 SelectChannelEndPoint@543b23c4{/127.0.0.1:52030&amp;lt;-&amp;gt;8080,Open,in,out,-,-,6/60000,HttpConnection}{io=0,kio=0,kro=1}
      
15:06:47.783 [qtp1105322512-35] DEBUG org.eclipse.jetty.io.ChannelEndPoint
       - ishut SelectChannelEndPoint@543b23c4{/127.0.0.1:52030&amp;lt;-&amp;gt;8080,Open,in,out,-,-,6/60000,HttpConnection}{io=0,kio=0,kro=1}
      
15:06:47.783 [qtp1105322512-35] DEBUG org.eclipse.jetty.http.HttpParser
       - atEOF HttpParser{s=START,0 of -1}
15:06:47.783 [qtp1105322512-35]
       DEBUG org.eclipse.jetty.http.HttpParser - parseNext s=START
       HeapByteBuffer@40ff2b02[p=0,l=0,c=8192,r=0]={&amp;lt;&amp;lt;&amp;lt;&amp;gt;&amp;gt;&amp;gt;GET
       /base/sub HTT...\x00\x00\x00\x00\x00\x00\x00\x00\x00\x00\x00\x00\x00\x00\x00}
      
15:06:47.783 [qtp1105322512-35] DEBUG org.eclipse.jetty.http.HttpParser
       - START --&amp;gt; CLOSED
15:06:47.783 [qtp1105322512-35]
       DEBUG o.eclipse.jetty.io.AbstractEndPoint - onClose SelectChannelEndPoint@543b23c4{/127.0.0.1:52030&amp;lt;-&amp;gt;8080,CLOSED,ISHUT,out,-,-,6/60000,HttpConnection}{io=0,kio=0,kro=1}
      
15:06:47.783 [qtp1105322512-35] DEBUG org.eclipse.jetty.io.ChannelEndPoint
       - close SelectChannelEndPoint@543b23c4{/127.0.0.1:52030&amp;lt;-&amp;gt;8080,CLOSED,ISHUT,out,-,-,6/60000,HttpConnection}{io=0,kio=0,kro=1}
      
15:06:47.783 [qtp1105322512-35] DEBUG org.eclipse.jetty.io.SelectorManager
       - Destroyed SelectChannelEndPoint@543b23c4{/127.0.0.1:52030&amp;lt;-&amp;gt;8080,CLOSED,ISHUT,OSHUT,-,-,6/60000,HttpConnection}{io=0,kio=-1,kro=-1}
      
15:06:47.783 [qtp1105322512-35] DEBUG o.e.jetty.io.AbstractConnection
       - onClose HttpConnection@5630730d{FILLING}
15:06:47.783 [qtp1105322512-35]
       DEBUG o.eclipse.jetty.io.AbstractEndPoint - onClose SelectChannelEndPoint@543b23c4{/127.0.0.1:52030&amp;lt;-&amp;gt;8080,CLOSED,ISHUT,OSHUT,-,-,6/60000,HttpConnection}{io=0,kio=-1,kro=-1}
      
15:06:47.784 [qtp1105322512-35] DEBUG o.e.jetty.io.AbstractConnection
       - FILLING--&amp;gt;IDLE HttpConnection@5630730d{IDLE}
15:06:47.784
       [qtp1105322512-35] DEBUG o.e.jetty.server.HttpConnection -
       HttpConnection@45e7fbb8{FILLING} onFillable HttpChannelState@1f4dd85b{s=IDLE
       i=true a=null}
15:06:47.784 [qtp1105322512-35] DEBUG org.eclipse.jetty.io.ChannelEndPoint
       - filled 164 SelectChannelEndPoint@5ce05fd2{/127.0.0.1:52031&amp;lt;-&amp;gt;8080,Open,in,out,-,-,2/60000,HttpConnection}{io=0,kio=0,kro=1}
      
15:06:47.784 [qtp1105322512-35] DEBUG org.eclipse.jetty.http.HttpParser
       - parseNext s=START HeapByteBuffer@a62eb869[p=0,l=164,c=8192,r=164]={&amp;lt;&amp;lt;&amp;lt;GET
       /prefix/base ... keep-alive\r\n\r\n&amp;gt;&amp;gt;&amp;gt;\x00\x00\x00\x00\x00\x00\x00\x00\x00\x00\x00\x00\x00\x00\x00\x00\x00...\x00\x00\x00\x00\x00\x00\x00\x00\x00\x00\x00\x00\x00\x00\x00}
      
15:06:47.784 [qtp1105322512-35] DEBUG org.eclipse.jetty.http.HttpParser
       - START --&amp;gt; SPACE1
15:06:47.784 [qtp1105322512-35]
       DEBUG org.eclipse.jetty.http.HttpParser - SPACE1 --&amp;gt;
       URI
15:06:47.784 [qtp1105322512-35] DEBUG org.eclipse.jetty.http.HttpParser
       - URI --&amp;gt; SPACE2
15:06:47.784 [qtp1105322512-35] DEBUG
       org.eclipse.jetty.http.HttpParser - SPACE2 --&amp;gt; REQUEST_VERSION
      
15:06:47.784 [qtp1105322512-35] DEBUG org.eclipse.jetty.http.HttpParser
       - REQUEST_VERSION --&amp;gt; HEADER
15:06:47.784 [qtp1105322512-35]
       DEBUG org.eclipse.jetty.http.HttpParser - HEADER --&amp;gt;
       HEADER_VALUE
15:06:47.784 [qtp1105322512-35] DEBUG org.eclipse.jetty.http.HttpParser
       - HEADER_VALUE --&amp;gt; HEADER_IN_VALUE
15:06:47.784 [qtp1105322512-35]
       DEBUG org.eclipse.jetty.http.HttpParser - HEADER_IN_VALUE
       --&amp;gt; HEADER
15:06:47.784 [qtp1105322512-35] DEBUG org.eclipse.jetty.http.HttpParser
       - HEADER --&amp;gt; HEADER_VALUE
15:06:47.784 [qtp1105322512-35]
       DEBUG org.eclipse.jetty.http.HttpParser - HEADER_VALUE --&amp;gt;
       HEADER_IN_VALUE
15:06:47.784 [qtp1105322512-35] DEBUG org.eclipse.jetty.http.HttpParser
       - HEADER_IN_VALUE --&amp;gt; HEADER
15:06:47.784 [qtp1105322512-35]
       DEBUG org.eclipse.jetty.http.HttpParser - HEADER --&amp;gt;
       HEADER_VALUE
15:06:47.784 [qtp1105322512-35] DEBUG org.eclipse.jetty.http.HttpParser
       - HEADER_VALUE --&amp;gt; HEADER_IN_VALUE
15:06:47.784 [qtp1105322512-35]
       DEBUG org.eclipse.jetty.http.HttpParser - HEADER_IN_VALUE
       --&amp;gt; HEADER
15:06:47.784 [qtp1105322512-35] DEBUG org.eclipse.jetty.http.HttpParser
       - HEADER --&amp;gt; HEADER_IN_VALUE
15:06:47.784 [qtp1105322512-35]
       DEBUG org.eclipse.jetty.http.HttpParser - HEADER_IN_VALUE
       --&amp;gt; HEADER
15:06:47.785 [qtp1105322512-35] DEBUG org.eclipse.jetty.http.HttpParser
       - HEADER --&amp;gt; END
15:06:47.785 [qtp1105322512-35] DEBUG
       org.eclipse.jetty.server.HttpChannel - HttpChannelOverHttp@256688b8{r=1,c=false,a=IDLE,uri=-}
       messageComplete
15:06:47.785 [qtp1105322512-35] DEBUG org.eclipse.jetty.server.HttpInput
       - HttpInputOverHTTP@21f8b022 EOF
15:06:47.785 [qtp1105322512-35]
       DEBUG org.eclipse.jetty.server.HttpChannel - HttpChannelOverHttp@256688b8{r=1,c=false,a=IDLE,uri=-}
       handle enter
15:06:47.785 [qtp1105322512-35 - /prefix/base]
       DEBUG o.e.jetty.server.HttpChannelState - HttpChannelState@1f4dd85b{s=IDLE
       i=true a=null} handling IDLE
15:06:47.785 [qtp1105322512-35
       - /prefix/base] DEBUG org.eclipse.jetty.server.HttpChannel
       - HttpChannelOverHttp@256688b8{r=1,c=false,a=DISPATCHED,uri=/prefix/base}
       action REQUEST_DISPATCH
15:06:47.785 [qtp1105322512-35 -
       /prefix/base] DEBUG org.eclipse.jetty.server.Server - REQUEST
       GET /prefix/base on HttpChannelOverHttp@256688b8{r=1,c=false,a=DISPATCHED,uri=/prefix/base}
      
15:06:47.785 [qtp1105322512-35 - /prefix/base] DEBUG o.e.j.server.handler.ContextHandler
       - scope null||/prefix/base @ o.e.j.s.ServletContextHandler@6f46426d{/,null,AVAILABLE}
      
15:06:47.785 [qtp1105322512-35 - /prefix/base] DEBUG o.e.j.server.handler.ContextHandler
       - context=||/prefix/base @ o.e.j.s.ServletContextHandler@6f46426d{/,null,AVAILABLE}
      
15:06:47.785 [qtp1105322512-35 - /prefix/base] DEBUG org.eclipse.jetty.server.session
       - sessionManager=org.eclipse.jetty.server.session.HashSessionManager@32ee6fee
      
15:06:47.785 [qtp1105322512-35 - /prefix/base] DEBUG org.eclipse.jetty.server.session
       - session=null
15:06:47.786 [qtp1105322512-35 - /prefix/base]
       DEBUG o.e.jetty.servlet.ServletHandler - servlet ||/prefix/base
       -&amp;gt; org.apache.felix.http.base.internal.DispatcherServlet-4738a206@cebacce0==org.apache.felix.http.base.internal.DispatcherServlet,-1,true
      
15:06:47.786 [qtp1105322512-35 - /prefix/base] DEBUG o.e.jetty.servlet.ServletHandler
       - chain=null
15:06:47.800 [qtp1105322512-35 - /prefix/base]
       DEBUG o.e.jetty.server.HttpConnection - org.eclipse.jetty.server.HttpConnection$SendCallback@2436098c[PROCESSING][i=ResponseInfo{HTTP/1.1
       200 null,-1,false},cb=org.eclipse.jetty.server.HttpChannel$CommitCallback@1cf3ca01]
       generate: NEED_HEADER (null,[p=0,l=4,c=24576,r=4],false)@START
      
15:06:47.800 [qtp1105322512-35 - /prefix/base] DEBUG o.e.jetty.server.HttpConnection
       - org.eclipse.jetty.server.HttpConnection$SendCallback@2436098c[PROCESSING][i=ResponseInfo{HTTP/1.1
       200 null,-1,false},cb=org.eclipse.jetty.server.HttpChannel$CommitCallback@1cf3ca01]
       generate: FLUSH ([p=0,l=182,c=16384,r=182],[p=0,l=4,c=24576,r=4],false)@COMMITTED
      
15:06:47.800 [qtp1105322512-35 - /prefix/base] DEBUG org.eclipse.jetty.io.WriteFlusher
       - write: WriteFlusher@416e42a7{IDLE} [HeapByteBuffer@a5890124[p=0,l=182,c=16384,r=182]={&amp;lt;&amp;lt;&amp;lt;HTTP/1.1
       200 OK\r\n...0150224)\r\n\r\n4\r\n&amp;gt;&amp;gt;&amp;gt;r:
       Jetty(9.2.9.v2...\x00\x00\x00\x00\x00\x00\x00\x00\x00\x00\x00\x00\x00\x00\x00},HeapByteBuffer@bed06bb5[p=0,l=4,c=24576,r=4]={&amp;lt;&amp;lt;&amp;lt;base&amp;gt;&amp;gt;&amp;gt;o
       Worldello World...\x00\x00\x00\x00\x00\x00\x00\x00\x00\x00\x00\x00\x00\x00\x00}]
      
15:06:47.800 [qtp1105322512-35 - /prefix/base] DEBUG org.eclipse.jetty.io.WriteFlusher
       - update WriteFlusher@416e42a7{WRITING}:IDLE--&amp;gt;WRITING
      
15:06:47.801 [qtp1105322512-35 - /prefix/base] DEBUG org.eclipse.jetty.io.ChannelEndPoint
       - flushed 186 SelectChannelEndPoint@5ce05fd2{/127.0.0.1:52031&amp;lt;-&amp;gt;8080,Open,in,out,-,W,17/60000,HttpConnection}{io=0,kio=0,kro=1}
      
15:06:47.801 [qtp1105322512-35 - /prefix/base] DEBUG org.eclipse.jetty.io.WriteFlusher
       - update WriteFlusher@416e42a7{IDLE}:WRITING--&amp;gt;IDLE
      
15:06:47.801 [qtp1105322512-35 - /prefix/base] DEBUG o.e.jetty.server.HttpConnection
       - org.eclipse.jetty.server.HttpConnection$SendCallback@2436098c[PROCESSING][i=ResponseInfo{HTTP/1.1
       200 null,-1,false},cb=org.eclipse.jetty.server.HttpChannel$CommitCallback@1cf3ca01]
       generate: DONE ([p=182,l=182,c=16384,r=0],[p=4,l=4,c=24576,r=0],false)@COMMITTED
      
15:06:47.801 [qtp1105322512-35 - /prefix/base] DEBUG org.eclipse.jetty.server.Server
       - RESPONSE /prefix/base  200 handled=true
15:06:47.801 [qtp1105322512-35
       - /prefix/base] DEBUG o.e.jetty.server.HttpChannelState -
       HttpChannelState@1f4dd85b{s=DISPATCHED i=true a=null} unhandle
       DISPATCHED
15:06:47.801 [qtp1105322512-35 - /prefix/base]
       DEBUG o.e.jetty.server.HttpConnection - org.eclipse.jetty.server.HttpConnection$SendCallback@2436098c[PROCESSING][i=null,cb=Blocker@592d307{null}]
       generate: CONTINUE (null,[p=0,l=0,c=0,r=0],true)@COMPLETING
      
15:06:47.801 [qtp1105322512-35 - /prefix/base] DEBUG o.e.jetty.server.HttpConnection
       - org.eclipse.jetty.server.HttpConnection$SendCallback@2436098c[PROCESSING][i=null,cb=Blocker@592d307{null}]
       generate: NEED_CHUNK (null,[p=0,l=0,c=0,r=0],true)@COMPLETING
      
15:06:47.801 [qtp1105322512-35 - /prefix/base] DEBUG o.e.jetty.server.HttpConnection
       - org.eclipse.jetty.server.HttpConnection$SendCallback@2436098c[PROCESSING][i=null,cb=Blocker@592d307{null}]
       generate: FLUSH (null,[p=0,l=0,c=0,r=0],true)@COMPLETING
      
15:06:47.801 [qtp1105322512-35 - /prefix/base] DEBUG org.eclipse.jetty.io.WriteFlusher
       - write: WriteFlusher@416e42a7{IDLE} [HeapByteBuffer@6239c7f4[p=0,l=7,c=1024,r=7]={&amp;lt;&amp;lt;&amp;lt;\r\n0\r\n\r\n&amp;gt;&amp;gt;&amp;gt;\x00\x00\x00\x00\x00\x00\x00\x00\x00\x00\x00\x00\x00\x00\x00\x00\x00...\x00\x00\x00\x00\x00\x00\x00\x00\x00\x00\x00\x00\x00\x00\x00}]
      
15:06:47.801 [qtp1105322512-35 - /prefix/base] DEBUG org.eclipse.jetty.io.WriteFlusher
       - update WriteFlusher@416e42a7{WRITING}:IDLE--&amp;gt;WRITING
      
15:06:47.801 [qtp1105322512-35 - /prefix/base] DEBUG org.eclipse.jetty.io.ChannelEndPoint
       - flushed 7 SelectChannelEndPoint@5ce05fd2{/127.0.0.1:52031&amp;lt;-&amp;gt;8080,Open,in,out,-,W,0/60000,HttpConnection}{io=0,kio=0,kro=1}
      
15:06:47.802 [qtp1105322512-35 - /prefix/base] DEBUG org.eclipse.jetty.io.WriteFlusher
       - update WriteFlusher@416e42a7{IDLE}:WRITING--&amp;gt;IDLE
      
15:06:47.802 [qtp1105322512-35 - /prefix/base] DEBUG o.e.jetty.server.HttpConnection
       - org.eclipse.jetty.server.HttpConnection$SendCallback@2436098c[PROCESSING][i=null,cb=Blocker@592d307{null}]
       generate: DONE (null,[p=0,l=0,c=0,r=0],true)@END
15:06:47.802
       [qtp1105322512-35 - /prefix/base] DEBUG org.eclipse.jetty.http.HttpParser
       - reset HttpParser{s=END,0 of 0}
15:06:47.802 [qtp1105322512-35
       - /prefix/base] DEBUG org.eclipse.jetty.http.HttpParser -
       END --&amp;gt; START
15:06:47.808 [qtp1105322512-37-acceptor-0@59402b8f-ServerConnector@6892b3b6{HTTP/1.1}{0.0.0.0:8080}]
       DEBUG org.eclipse.jetty.io.SelectorManager - Queued change
       org.eclipse.jetty.io.SelectorManager$ManagedSelector$Accept@2b299f5a
      
15:06:47.808 [qtp1105322512-35] DEBUG org.eclipse.jetty.server.HttpChannel
       - HttpChannelOverHttp@256688b8{r=1,c=false,a=IDLE,uri=-} handle
       exit, result COMPLETE
15:06:47.808 [qtp1105322512-34-selector-ServerConnectorManager@1530c739/1]
       DEBUG org.eclipse.jetty.io.SelectorManager - Selector loop
       woken up from select, 0/0 selected
15:06:47.809 [qtp1105322512-35]
       DEBUG org.eclipse.jetty.io.ChannelEndPoint - filled -1 SelectChannelEndPoint@5ce05fd2{/127.0.0.1:52031&amp;lt;-&amp;gt;8080,Open,in,out,-,-,7/60000,HttpConnection}{io=0,kio=0,kro=1}
      
15:06:47.809 [qtp1105322512-34-selector-ServerConnectorManager@1530c739/1]
       DEBUG org.eclipse.jetty.io.SelectorManager - Running change
       org.eclipse.jetty.io.SelectorManager$ManagedSelector$Accept@2b299f5a
      
15:06:47.809 [qtp1105322512-35] DEBUG org.eclipse.jetty.io.ChannelEndPoint
       - ishut SelectChannelEndPoint@5ce05fd2{/127.0.0.1:52031&amp;lt;-&amp;gt;8080,Open,in,out,-,-,7/60000,HttpConnection}{io=0,kio=0,kro=1}
      
15:06:47.809 [qtp1105322512-34-selector-ServerConnectorManager@1530c739/1]
       DEBUG o.eclipse.jetty.io.AbstractEndPoint - onOpen SelectChannelEndPoint@73b245ad{/127.0.0.1:52032&amp;lt;-&amp;gt;8080,Open,in,out,-,-,0/60000,null}{io=0,kio=0,kro=0}
      
15:06:47.809 [qtp1105322512-35] DEBUG org.eclipse.jetty.http.HttpParser
       - atEOF HttpParser{s=START,0 of -1}
15:06:47.809 [qtp1105322512-34-selector-ServerConnectorManager@1530c739/1]
       DEBUG org.eclipse.jetty.io.IdleTimeout - SelectChannelEndPoint@73b245ad{/127.0.0.1:52032&amp;lt;-&amp;gt;8080,Open,in,out,-,-,0/60000,null}{io=0,kio=0,kro=0}
       idle timeout check, elapsed: 0 ms, remaining: 60000 ms
15:06:47.809
       [qtp1105322512-35] DEBUG org.eclipse.jetty.http.HttpParser
       - parseNext s=START HeapByteBuffer@40ff2b02[p=0,l=0,c=8192,r=0]={&amp;lt;&amp;lt;&amp;lt;&amp;gt;&amp;gt;&amp;gt;GET
       /base/sub HTT...\x00\x00\x00\x00\x00\x00\x00\x00\x00\x00\x00\x00\x00\x00\x00}
      
15:06:47.810 [qtp1105322512-34-selector-ServerConnectorManager@1530c739/1]
       DEBUG org.eclipse.jetty.server.HttpChannel - new HttpChannelOverHttp@264ff8cd{r=0,c=false,a=IDLE,uri=-}
       -&amp;gt; SelectChannelEndPoint@73b245ad{/127.0.0.1:52032&amp;lt;-&amp;gt;8080,Open,in,out,-,-,0/60000,null}{io=0,kio=0,kro=0},null,HttpChannelState@3f363327{s=IDLE
       i=true a=null}
15:06:47.817 [qtp1105322512-35] DEBUG org.eclipse.jetty.http.HttpParser
       - START --&amp;gt; CLOSED
15:06:47.818 [qtp1105322512-34-selector-ServerConnectorManager@1530c739/1]
       DEBUG o.e.jetty.server.HttpConnection - New HTTP Connection
       HttpConnection@4684b6c7{IDLE}
15:06:47.849 [qtp1105322512-35]
       DEBUG o.eclipse.jetty.io.AbstractEndPoint - onClose SelectChannelEndPoint@5ce05fd2{/127.0.0.1:52031&amp;lt;-&amp;gt;8080,CLOSED,ISHUT,out,-,-,47/60000,HttpConnection}{io=0,kio=0,kro=1}
      
15:06:47.849 [qtp1105322512-34-selector-ServerConnectorManager@1530c739/1]
       DEBUG o.e.jetty.io.AbstractConnection - onOpen HttpConnection@4684b6c7{IDLE}
      
15:06:47.857 [qtp1105322512-35] DEBUG org.eclipse.jetty.io.ChannelEndPoint
       - close SelectChannelEndPoint@5ce05fd2{/127.0.0.1:52031&amp;lt;-&amp;gt;8080,CLOSED,ISHUT,out,-,-,55/60000,HttpConnection}{io=0,kio=0,kro=1}
      
15:06:47.858 [qtp1105322512-35] DEBUG org.eclipse.jetty.io.SelectorManager
       - Destroyed SelectChannelEndPoint@5ce05fd2{/127.0.0.1:52031&amp;lt;-&amp;gt;8080,CLOSED,ISHUT,OSHUT,-,-,56/60000,HttpConnection}{io=0,kio=-1,kro=-1}
      
15:06:47.858 [qtp1105322512-35] DEBUG o.e.jetty.io.AbstractConnection
       - onClose HttpConnection@45e7fbb8{FILLING}
15:06:47.858 [qtp1105322512-35]
       DEBUG o.eclipse.jetty.io.AbstractEndPoint - onClose SelectChannelEndPoint@5ce05fd2{/127.0.0.1:52031&amp;lt;-&amp;gt;8080,CLOSED,ISHUT,OSHUT,-,-,56/60000,HttpConnection}{io=0,kio=-1,kro=-1}
      
15:06:47.858 [qtp1105322512-35] DEBUG o.e.jetty.io.AbstractConnection
       - FILLING--&amp;gt;IDLE HttpConnection@45e7fbb8{IDLE}
15:06:47.858
       [qtp1105322512-34-selector-ServerConnectorManager@1530c739/1]
       DEBUG o.e.jetty.io.AbstractConnection - fillInterested HttpConnection@4684b6c7{IDLE}
      
15:06:47.858 [qtp1105322512-34-selector-ServerConnectorManager@1530c739/1]
       DEBUG o.e.jetty.io.AbstractConnection - IDLE--&amp;gt;FILL_INTERESTED
       HttpConnection@4684b6c7{FILL_INTERESTED}
15:06:47.858 [qtp1105322512-34-selector-ServerConnectorManager@1530c739/1]
       DEBUG o.e.jetty.io.SelectChannelEndPoint - Local interests
       updating 0 -&amp;gt; 1 for SelectChannelEndPoint@73b245ad{/127.0.0.1:52032&amp;lt;-&amp;gt;8080,Open,in,out,R,-,0/60000,HttpConnection}{io=1,kio=0,kro=0}
      
15:06:47.858 [qtp1105322512-34-selector-ServerConnectorManager@1530c739/1]
       DEBUG org.eclipse.jetty.io.SelectorManager - Running change
       org.eclipse.jetty.io.SelectChannelEndPoint$1@27fa1c97
15:06:47.858
       [qtp1105322512-34-selector-ServerConnectorManager@1530c739/1]
       DEBUG o.e.jetty.io.SelectChannelEndPoint - Key interests updated
       0 -&amp;gt; 1 on SelectChannelEndPoint@73b245ad{/127.0.0.1:52032&amp;lt;-&amp;gt;8080,Open,in,out,R,-,0/60000,HttpConnection}{io=1,kio=1,kro=0}
      
15:06:47.858 [qtp1105322512-34-selector-ServerConnectorManager@1530c739/1]
       DEBUG org.eclipse.jetty.io.SelectorManager - Created SelectChannelEndPoint@73b245ad{/127.0.0.1:52032&amp;lt;-&amp;gt;8080,Open,in,out,R,-,0/60000,HttpConnection}{io=1,kio=1,kro=0}
      
15:06:47.858 [qtp1105322512-34-selector-ServerConnectorManager@1530c739/1]
       DEBUG org.eclipse.jetty.io.SelectorManager - Selector loop
       waiting on select
15:06:47.858 [qtp1105322512-34-selector-ServerConnectorManager@1530c739/1]
       DEBUG org.eclipse.jetty.io.SelectorManager - Selector loop
       woken up from select, 1/1 selected
15:06:47.858 [qtp1105322512-34-selector-ServerConnectorManager@1530c739/1]
       DEBUG o.e.jetty.io.SelectChannelEndPoint - Key interests updated
       1 -&amp;gt; 0 on SelectChannelEndPoint@73b245ad{/127.0.0.1:52032&amp;lt;-&amp;gt;8080,Open,in,out,R,-,0/60000,HttpConnection}{io=1,kio=0,kro=1}
      
15:06:47.859 [qtp1105322512-34-selector-ServerConnectorManager@1530c739/1]
       DEBUG o.e.jetty.io.SelectChannelEndPoint - Local interests
       updating 1 -&amp;gt; 0 for SelectChannelEndPoint@73b245ad{/127.0.0.1:52032&amp;lt;-&amp;gt;8080,Open,in,out,R,-,1/60000,HttpConnection}{io=0,kio=0,kro=1}
      
15:06:47.859 [qtp1105322512-34-selector-ServerConnectorManager@1530c739/1]
       DEBUG org.eclipse.jetty.io.SelectorManager - Running change
       org.eclipse.jetty.io.SelectChannelEndPoint$1@27fa1c97
15:06:47.859
       [qtp1105322512-34-selector-ServerConnectorManager@1530c739/1]
       DEBUG o.e.jetty.io.AbstractConnection - FILL_INTERESTED--&amp;gt;FILLING
       HttpConnection@4684b6c7{FILLING}
15:06:47.859 [qtp1105322512-34-selector-ServerConnectorManager@1530c739/1]
       DEBUG org.eclipse.jetty.io.SelectorManager - Selector loop
       waiting on select
15:06:47.859 [qtp1105322512-32] DEBUG o.e.jetty.server.HttpConnection
       - HttpConnection@4684b6c7{FILLING} onFillable HttpChannelState@3f363327{s=IDLE
       i=true a=null}
15:06:47.859 [qtp1105322512-32] DEBUG org.eclipse.jetty.io.ChannelEndPoint
       - filled 168 SelectChannelEndPoint@73b245ad{/127.0.0.1:52032&amp;lt;-&amp;gt;8080,Open,in,out,-,-,1/60000,HttpConnection}{io=0,kio=0,kro=1}
      
15:06:47.859 [qtp1105322512-32] DEBUG org.eclipse.jetty.http.HttpParser
       - parseNext s=START HeapByteBuffer@22133e1a[p=0,l=168,c=8192,r=168]={&amp;lt;&amp;lt;&amp;lt;GET
       /prefix/base/... keep-alive\r\n\r\n&amp;gt;&amp;gt;&amp;gt;\x00\x00\x00\x00\x00\x00\x00\x00\x00\x00\x00\x00\x00\x00\x00\x00\x00...\x00\x00\x00\x00\x00\x00\x00\x00\x00\x00\x00\x00\x00\x00\x00}
      
15:06:47.859 [qtp1105322512-32] DEBUG org.eclipse.jetty.http.HttpParser
       - START --&amp;gt; SPACE1
15:06:47.859 [qtp1105322512-32]
       DEBUG org.eclipse.jetty.http.HttpParser - SPACE1 --&amp;gt;
       URI
15:06:47.859 [qtp1105322512-32] DEBUG org.eclipse.jetty.http.HttpParser
       - URI --&amp;gt; SPACE2
15:06:47.859 [qtp1105322512-32] DEBUG
       org.eclipse.jetty.http.HttpParser - SPACE2 --&amp;gt; REQUEST_VERSION
      
15:06:47.859 [qtp1105322512-32] DEBUG org.eclipse.jetty.http.HttpParser
       - REQUEST_VERSION --&amp;gt; HEADER
15:06:47.859 [qtp1105322512-32]
       DEBUG org.eclipse.jetty.http.HttpParser - HEADER --&amp;gt;
       HEADER_VALUE
15:06:47.859 [qtp1105322512-32] DEBUG org.eclipse.jetty.http.HttpParser
       - HEADER_VALUE --&amp;gt; HEADER_IN_VALUE
15:06:47.859 [qtp1105322512-32]
       DEBUG org.eclipse.jetty.http.HttpParser - HEADER_IN_VALUE
       --&amp;gt; HEADER
15:06:47.859 [qtp1105322512-32] DEBUG org.eclipse.jetty.http.HttpParser
       - HEADER --&amp;gt; HEADER_VALUE
15:06:47.859 [qtp1105322512-32]
       DEBUG org.eclipse.jetty.http.HttpParser - HEADER_VALUE --&amp;gt;
       HEADER_IN_VALUE
15:06:47.859 [qtp1105322512-32] DEBUG org.eclipse.jetty.http.HttpParser
       - HEADER_IN_VALUE --&amp;gt; HEADER
15:06:47.860 [qtp1105322512-32]
       DEBUG org.eclipse.jetty.http.HttpParser - HEADER --&amp;gt;
       HEADER_VALUE
15:06:47.860 [qtp1105322512-32] DEBUG org.eclipse.jetty.http.HttpParser
       - HEADER_VALUE --&amp;gt; HEADER_IN_VALUE
15:06:47.860 [qtp1105322512-32]
       DEBUG org.eclipse.jetty.http.HttpParser - HEADER_IN_VALUE
       --&amp;gt; HEADER
15:06:47.860 [qtp1105322512-32] DEBUG org.eclipse.jetty.http.HttpParser
       - HEADER --&amp;gt; HEADER_IN_VALUE
15:06:47.860 [qtp1105322512-32]
       DEBUG org.eclipse.jetty.http.HttpParser - HEADER_IN_VALUE
       --&amp;gt; HEADER
15:06:47.860 [qtp1105322512-32] DEBUG org.eclipse.jetty.http.HttpParser
       - HEADER --&amp;gt; END
15:06:47.860 [qtp1105322512-32] DEBUG
       org.eclipse.jetty.server.HttpChannel - HttpChannelOverHttp@264ff8cd{r=1,c=false,a=IDLE,uri=-}
       messageComplete
15:06:47.860 [qtp1105322512-32] DEBUG org.eclipse.jetty.server.HttpInput
       - HttpInputOverHTTP@923545e EOF
15:06:47.860 [qtp1105322512-32]
       DEBUG org.eclipse.jetty.server.HttpChannel - HttpChannelOverHttp@264ff8cd{r=1,c=false,a=IDLE,uri=-}
       handle enter
15:06:47.860 [qtp1105322512-32 - /prefix/base/sub]
       DEBUG o.e.jetty.server.HttpChannelState - HttpChannelState@3f363327{s=IDLE
       i=true a=null} handling IDLE
15:06:47.860 [qtp1105322512-32
       - /prefix/base/sub] DEBUG org.eclipse.jetty.server.HttpChannel
       - HttpChannelOverHttp@264ff8cd{r=1,c=false,a=DISPATCHED,uri=/prefix/base/sub}
       action REQUEST_DISPATCH
15:06:47.860 [qtp1105322512-32 -
       /prefix/base/sub] DEBUG org.eclipse.jetty.server.Server -
       REQUEST GET /prefix/base/sub on HttpChannelOverHttp@264ff8cd{r=1,c=false,a=DISPATCHED,uri=/prefix/base/sub}
      
15:06:47.860 [qtp1105322512-32 - /prefix/base/sub] DEBUG
       o.e.j.server.handler.ContextHandler - scope null||/prefix/base/sub
       @ o.e.j.s.ServletContextHandler@6f46426d{/,null,AVAILABLE}
      
15:06:47.860 [qtp1105322512-32 - /prefix/base/sub] DEBUG
       o.e.j.server.handler.ContextHandler - context=||/prefix/base/sub
       @ o.e.j.s.ServletContextHandler@6f46426d{/,null,AVAILABLE}
      
15:06:47.860 [qtp1105322512-32 - /prefix/base/sub] DEBUG
       org.eclipse.jetty.server.session - sessionManager=org.eclipse.jetty.server.session.HashSessionManager@32ee6fee
      
15:06:47.861 [qtp1105322512-32 - /prefix/base/sub] DEBUG
       org.eclipse.jetty.server.session - session=null
15:06:47.861
       [qtp1105322512-32 - /prefix/base/sub] DEBUG o.e.jetty.servlet.ServletHandler
       - servlet ||/prefix/base/sub -&amp;gt; org.apache.felix.http.base.internal.DispatcherServlet-4738a206@cebacce0==org.apache.felix.http.base.internal.DispatcherServlet,-1,true
      
15:06:47.861 [qtp1105322512-32 - /prefix/base/sub] DEBUG
       o.e.jetty.servlet.ServletHandler - chain=null
15:06:47.863
       [qtp1105322512-32 - /prefix/base/sub] DEBUG o.e.jetty.server.HttpConnection
       - org.eclipse.jetty.server.HttpConnection$SendCallback@3c05fd51[PROCESSING][i=ResponseInfo{HTTP/1.1
       200 null,-1,false},cb=org.eclipse.jetty.server.HttpChannel$CommitCallback@6b1e7165]
       generate: NEED_HEADER (null,[p=0,l=3,c=24576,r=3],false)@START
      
15:06:47.863 [qtp1105322512-32 - /prefix/base/sub] DEBUG
       o.e.jetty.server.HttpConnection - org.eclipse.jetty.server.HttpConnection$SendCallback@3c05fd51[PROCESSING][i=ResponseInfo{HTTP/1.1
       200 null,-1,false},cb=org.eclipse.jetty.server.HttpChannel$CommitCallback@6b1e7165]
       generate: FLUSH ([p=0,l=182,c=16384,r=182],[p=0,l=3,c=24576,r=3],false)@COMMITTED
      
15:06:47.863 [qtp1105322512-32 - /prefix/base/sub] DEBUG
       org.eclipse.jetty.io.WriteFlusher - write: WriteFlusher@57bd1a{IDLE}
       [HeapByteBuffer@10f062a3[p=0,l=182,c=16384,r=182]={&amp;lt;&amp;lt;&amp;lt;HTTP/1.1
       200 OK\r\n...0150224)\r\n\r\n3\r\n&amp;gt;&amp;gt;&amp;gt;r:
       Jetty(9.2.9.v2...\x00\x00\x00\x00\x00\x00\x00\x00\x00\x00\x00\x00\x00\x00\x00},HeapByteBuffer@4d773909[p=0,l=3,c=24576,r=3]={&amp;lt;&amp;lt;&amp;lt;sub&amp;gt;&amp;gt;&amp;gt;eo
       Worldello Worl...\x00\x00\x00\x00\x00\x00\x00\x00\x00\x00\x00\x00\x00\x00\x00}]
      
15:06:47.863 [qtp1105322512-32 - /prefix/base/sub] DEBUG
       org.eclipse.jetty.io.WriteFlusher - update WriteFlusher@57bd1a{WRITING}:IDLE--&amp;gt;WRITING
      
15:06:47.863 [qtp1105322512-32 - /prefix/base/sub] DEBUG
       org.eclipse.jetty.io.ChannelEndPoint - flushed 185 SelectChannelEndPoint@73b245ad{/127.0.0.1:52032&amp;lt;-&amp;gt;8080,Open,in,out,-,W,4/60000,HttpConnection}{io=0,kio=0,kro=1}
      
15:06:47.863 [qtp1105322512-32 - /prefix/base/sub] DEBUG
       org.eclipse.jetty.io.WriteFlusher - update WriteFlusher@57bd1a{IDLE}:WRITING--&amp;gt;IDLE
      
15:06:47.863 [qtp1105322512-32 - /prefix/base/sub] DEBUG
       o.e.jetty.server.HttpConnection - org.eclipse.jetty.server.HttpConnection$SendCallback@3c05fd51[PROCESSING][i=ResponseInfo{HTTP/1.1
       200 null,-1,false},cb=org.eclipse.jetty.server.HttpChannel$CommitCallback@6b1e7165]
       generate: DONE ([p=182,l=182,c=16384,r=0],[p=3,l=3,c=24576,r=0],false)@COMMITTED
      
15:06:47.864 [qtp1105322512-32 - /prefix/base/sub] DEBUG
       org.eclipse.jetty.server.Server - RESPONSE /prefix/base/sub
        200 handled=true
15:06:47.864 [qtp1105322512-32 - /prefix/base/sub]
       DEBUG o.e.jetty.server.HttpChannelState - HttpChannelState@3f363327{s=DISPATCHED
       i=true a=null} unhandle DISPATCHED
15:06:47.864 [qtp1105322512-32
       - /prefix/base/sub] DEBUG o.e.jetty.server.HttpConnection
       - org.eclipse.jetty.server.HttpConnection$SendCallback@3c05fd51[PROCESSING][i=null,cb=Blocker@134598ea{null}]
       generate: CONTINUE (null,[p=0,l=0,c=0,r=0],true)@COMPLETING
      
15:06:47.864 [qtp1105322512-32 - /prefix/base/sub] DEBUG
       o.e.jetty.server.HttpConnection - org.eclipse.jetty.server.HttpConnection$SendCallback@3c05fd51[PROCESSING][i=null,cb=Blocker@134598ea{null}]
       generate: NEED_CHUNK (null,[p=0,l=0,c=0,r=0],true)@COMPLETING
      
15:06:47.864 [qtp1105322512-32 - /prefix/base/sub] DEBUG
       o.e.jetty.server.HttpConnection - org.eclipse.jetty.server.HttpConnection$SendCallback@3c05fd51[PROCESSING][i=null,cb=Blocker@134598ea{null}]
       generate: FLUSH (null,[p=0,l=0,c=0,r=0],true)@COMPLETING
      
15:06:47.864 [qtp1105322512-32 - /prefix/base/sub] DEBUG org.eclipse.jetty.io.WriteFlusher
       - write: WriteFlusher@57bd1a{IDLE} [HeapByteBuffer@6239c7f4[p=0,l=7,c=1024,r=7]={&amp;lt;&amp;lt;&amp;lt;\r\n0\r\n\r\n&amp;gt;&amp;gt;&amp;gt;\x00\x00\x00\x00\x00\x00\x00\x00\x00\x00\x00\x00\x00\x00\x00\x00\x00...\x00\x00\x00\x00\x00\x00\x00\x00\x00\x00\x00\x00\x00\x00\x00}]
      
15:06:47.864 [qtp1105322512-32 - /prefix/base/sub] DEBUG
       org.eclipse.jetty.io.WriteFlusher - update WriteFlusher@57bd1a{WRITING}:IDLE--&amp;gt;WRITING
      
15:06:47.864 [qtp1105322512-32 - /prefix/base/sub] DEBUG
       org.eclipse.jetty.io.ChannelEndPoint - flushed 7 SelectChannelEndPoint@73b245ad{/127.0.0.1:52032&amp;lt;-&amp;gt;8080,Open,in,out,-,W,1/60000,HttpConnection}{io=0,kio=0,kro=1}
      
15:06:47.865 [qtp1105322512-32 - /prefix/base/sub] DEBUG
       org.eclipse.jetty.io.WriteFlusher - update WriteFlusher@57bd1a{IDLE}:WRITING--&amp;gt;IDLE
      
15:06:47.865 [qtp1105322512-32 - /prefix/base/sub] DEBUG
       o.e.jetty.server.HttpConnection - org.eclipse.jetty.server.HttpConnection$SendCallback@3c05fd51[PROCESSING][i=null,cb=Blocker@134598ea{null}]
       generate: DONE (null,[p=0,l=0,c=0,r=0],true)@END
15:06:47.865
       [qtp1105322512-32 - /prefix/base/sub] DEBUG org.eclipse.jetty.http.HttpParser
       - reset HttpParser{s=END,0 of 0}
15:06:47.865 [qtp1105322512-32
       - /prefix/base/sub] DEBUG org.eclipse.jetty.http.HttpParser
       - END --&amp;gt; START
15:06:47.865 [qtp1105322512-32] DEBUG
       org.eclipse.jetty.server.HttpChannel - HttpChannelOverHttp@264ff8cd{r=1,c=false,a=IDLE,uri=-}
       handle exit, result COMPLETE
15:06:47.865 [qtp1105322512-32]
       DEBUG org.eclipse.jetty.io.ChannelEndPoint - filled 0 SelectChannelEndPoint@73b245ad{/127.0.0.1:52032&amp;lt;-&amp;gt;8080,Open,in,out,-,-,1/60000,HttpConnection}{io=0,kio=0,kro=1}
      
15:06:47.865 [qtp1105322512-32] DEBUG org.eclipse.jetty.io.ChannelEndPoint
       - filled 0 SelectChannelEndPoint@73b245ad{/127.0.0.1:52032&amp;lt;-&amp;gt;8080,Open,in,out,-,-,1/60000,HttpConnection}{io=0,kio=0,kro=1}
      
15:06:47.865 [qtp1105322512-32] DEBUG org.eclipse.jetty.http.HttpParser
       - parseNext s=START HeapByteBuffer@40ff2b02[p=0,l=0,c=8192,r=0]={&amp;lt;&amp;lt;&amp;lt;&amp;gt;&amp;gt;&amp;gt;GET
       /base/sub HTT...\x00\x00\x00\x00\x00\x00\x00\x00\x00\x00\x00\x00\x00\x00\x00}
      
15:06:47.865 [qtp1105322512-32] DEBUG o.e.jetty.io.AbstractConnection
       - fillInterested HttpConnection@4684b6c7{FILLING}
15:06:47.865
       [qtp1105322512-32] DEBUG o.e.jetty.io.AbstractConnection -
       FILLING--&amp;gt;FILLING_FILL_INTERESTED HttpConnection@4684b6c7{FILLING_FILL_INTERESTED}
      
15:06:47.865 [qtp1105322512-32] DEBUG o.e.jetty.io.AbstractConnection
       - FILLING_FILL_INTERESTED--&amp;gt;FILL_INTERESTED HttpConnection@4684b6c7{FILL_INTERESTED}
      
15:06:47.865 [qtp1105322512-32] DEBUG o.e.jetty.io.SelectChannelEndPoint
       - Local interests updating 0 -&amp;gt; 1 for SelectChannelEndPoint@73b245ad{/127.0.0.1:52032&amp;lt;-&amp;gt;8080,Open,in,out,R,-,0/60000,HttpConnection}{io=1,kio=0,kro=1}
      
15:06:47.865 [qtp1105322512-32] DEBUG org.eclipse.jetty.io.SelectorManager
       - Running change org.eclipse.jetty.io.SelectChannelEndPoint$1@27fa1c97
      
15:06:47.866 [qtp1105322512-32] DEBUG o.e.jetty.io.SelectChannelEndPoint
       - Key interests updated 0 -&amp;gt; 1 on SelectChannelEndPoint@73b245ad{/127.0.0.1:52032&amp;lt;-&amp;gt;8080,Open,in,out,R,-,0/60000,HttpConnection}{io=1,kio=1,kro=1}
      
15:06:47.866 [qtp1105322512-34-selector-ServerConnectorManager@1530c739/1]
       DEBUG org.eclipse.jetty.io.SelectorManager - Selector loop
       woken up from select, 0/1 selected
15:06:47.866 [qtp1105322512-34-selector-ServerConnectorManager@1530c739/1]
       DEBUG org.eclipse.jetty.io.SelectorManager - Selector loop
       waiting on select
15:06:47.869 [qtp1105322512-37-acceptor-0@59402b8f-ServerConnector@6892b3b6{HTTP/1.1}{0.0.0.0:8080}]
       DEBUG org.eclipse.jetty.io.SelectorManager - Queued change
       org.eclipse.jetty.io.SelectorManager$ManagedSelector$Accept@446d31ba
      
15:06:47.869 [qtp1105322512-33-selector-ServerConnectorManager@1530c739/0]
       DEBUG org.eclipse.jetty.io.SelectorManager - Selector loop
       woken up from select, 0/0 selected
15:06:47.869 [qtp1105322512-33-selector-ServerConnectorManager@1530c739/0]
       DEBUG org.eclipse.jetty.io.SelectorManager - Running change
       org.eclipse.jetty.io.SelectorManager$ManagedSelector$Accept@446d31ba
      
15:06:47.869 [qtp1105322512-33-selector-ServerConnectorManager@1530c739/0]
       DEBUG o.eclipse.jetty.io.AbstractEndPoint - onOpen SelectChannelEndPoint@7bebd494{/127.0.0.1:52033&amp;lt;-&amp;gt;8080,Open,in,out,-,-,0/60000,null}{io=0,kio=0,kro=0}
      
15:06:47.869 [qtp1105322512-33-selector-ServerConnectorManager@1530c739/0]
       DEBUG org.eclipse.jetty.io.IdleTimeout - SelectChannelEndPoint@7bebd494{/127.0.0.1:52033&amp;lt;-&amp;gt;8080,Open,in,out,-,-,0/60000,null}{io=0,kio=0,kro=0}
       idle timeout check, elapsed: 0 ms, remaining: 60000 ms
15:06:47.869
       [qtp1105322512-33-selector-ServerConnectorManager@1530c739/0]
       DEBUG org.eclipse.jetty.server.HttpChannel - new HttpChannelOverHttp@12bda6a{r=0,c=false,a=IDLE,uri=-}
       -&amp;gt; SelectChannelEndPoint@7bebd494{/127.0.0.1:52033&amp;lt;-&amp;gt;8080,Open,in,out,-,-,0/60000,null}{io=0,kio=0,kro=0},null,HttpChannelState@23be07ac{s=IDLE
       i=true a=null}
15:06:47.869 [qtp1105322512-33-selector-ServerConnectorManager@1530c739/0]
       DEBUG o.e.jetty.server.HttpConnection - New HTTP Connection
       HttpConnection@35f60e4{IDLE}
15:06:47.870 [qtp1105322512-33-selector-ServerConnectorManager@1530c739/0]
       DEBUG o.e.jetty.io.AbstractConnection - onOpen HttpConnection@35f60e4{IDLE}
      
15:06:47.870 [qtp1105322512-33-selector-ServerConnectorManager@1530c739/0]
       DEBUG o.e.jetty.io.AbstractConnection - fillInterested HttpConnection@35f60e4{IDLE}
      
15:06:47.870 [qtp1105322512-33-selector-ServerConnectorManager@1530c739/0]
       DEBUG o.e.jetty.io.AbstractConnection - IDLE--&amp;gt;FILL_INTERESTED
       HttpConnection@35f60e4{FILL_INTERESTED}
15:06:47.870 [qtp1105322512-33-selector-ServerConnectorManager@1530c739/0]
       DEBUG o.e.jetty.io.SelectChannelEndPoint - Local interests
       updating 0 -&amp;gt; 1 for SelectChannelEndPoint@7bebd494{/127.0.0.1:52033&amp;lt;-&amp;gt;8080,Open,in,out,R,-,0/60000,HttpConnection}{io=1,kio=0,kro=0}
      
15:06:47.870 [qtp1105322512-33-selector-ServerConnectorManager@1530c739/0]
       DEBUG org.eclipse.jetty.io.SelectorManager - Running change
       org.eclipse.jetty.io.SelectChannelEndPoint$1@26355b6f
15:06:47.870
       [qtp1105322512-33-selector-ServerConnectorManager@1530c739/0]
       DEBUG o.e.jetty.io.SelectChannelEndPoint - Key interests updated
       0 -&amp;gt; 1 on SelectChannelEndPoint@7bebd494{/127.0.0.1:52033&amp;lt;-&amp;gt;8080,Open,in,out,R,-,0/60000,HttpConnection}{io=1,kio=1,kro=0}
      
15:06:47.870 [qtp1105322512-33-selector-ServerConnectorManager@1530c739/0]
       DEBUG org.eclipse.jetty.io.SelectorManager - Created SelectChannelEndPoint@7bebd494{/127.0.0.1:52033&amp;lt;-&amp;gt;8080,Open,in,out,R,-,0/60000,HttpConnection}{io=1,kio=1,kro=0}
      
15:06:47.870 [qtp1105322512-33-selector-ServerConnectorManager@1530c739/0]
       DEBUG org.eclipse.jetty.io.SelectorManager - Selector loop
       waiting on select
15:06:47.870 [qtp1105322512-33-selector-ServerConnectorManager@1530c739/0]
       DEBUG org.eclipse.jetty.io.SelectorManager - Selector loop
       woken up from select, 1/1 selected
15:06:47.870 [qtp1105322512-33-selector-ServerConnectorManager@1530c739/0]
       DEBUG o.e.jetty.io.SelectChannelEndPoint - Key interests updated
       1 -&amp;gt; 0 on SelectChannelEndPoint@7bebd494{/127.0.0.1:52033&amp;lt;-&amp;gt;8080,Open,in,out,R,-,0/60000,HttpConnection}{io=1,kio=0,kro=1}
      
15:06:47.870 [qtp1105322512-33-selector-ServerConnectorManager@1530c739/0]
       DEBUG o.e.jetty.io.SelectChannelEndPoint - Local interests
       updating 1 -&amp;gt; 0 for SelectChannelEndPoint@7bebd494{/127.0.0.1:52033&amp;lt;-&amp;gt;8080,Open,in,out,R,-,0/60000,HttpConnection}{io=0,kio=0,kro=1}
      
15:06:47.870 [qtp1105322512-33-selector-ServerConnectorManager@1530c739/0]
       DEBUG org.eclipse.jetty.io.SelectorManager - Running change
       org.eclipse.jetty.io.SelectChannelEndPoint$1@26355b6f
15:06:47.870
       [qtp1105322512-33-selector-ServerConnectorManager@1530c739/0]
       DEBUG o.e.jetty.io.AbstractConnection - FILL_INTERESTED--&amp;gt;FILLING
       HttpConnection@35f60e4{FILLING}
15:06:47.870 [qtp1105322512-34-selector-ServerConnectorManager@1530c739/1]
       DEBUG org.eclipse.jetty.io.SelectorManager - Selector loop
       woken up from select, 1/1 selected
15:06:47.870 [qtp1105322512-33-selector-ServerConnectorManager@1530c739/0]
       DEBUG org.eclipse.jetty.io.SelectorManager - Selector loop
       waiting on select
15:06:47.871 [qtp1105322512-34-selector-ServerConnectorManager@1530c739/1]
       DEBUG o.e.jetty.io.SelectChannelEndPoint - Key interests updated
       1 -&amp;gt; 0 on SelectChannelEndPoint@73b245ad{/127.0.0.1:52032&amp;lt;-&amp;gt;8080,Open,in,out,R,-,5/60000,HttpConnection}{io=1,kio=0,kro=1}
      
15:06:47.871 [qtp1105322512-34-selector-ServerConnectorManager@1530c739/1]
       DEBUG o.e.jetty.io.SelectChannelEndPoint - Local interests
       updating 1 -&amp;gt; 0 for SelectChannelEndPoint@73b245ad{/127.0.0.1:52032&amp;lt;-&amp;gt;8080,Open,in,out,R,-,6/60000,HttpConnection}{io=0,kio=0,kro=1}
      
15:06:47.871 [qtp1105322512-34-selector-ServerConnectorManager@1530c739/1]
       DEBUG org.eclipse.jetty.io.SelectorManager - Running change
       org.eclipse.jetty.io.SelectChannelEndPoint$1@27fa1c97
15:06:47.871
       [qtp1105322512-34-selector-ServerConnectorManager@1530c739/1]
       DEBUG o.e.jetty.io.AbstractConnection - FILL_INTERESTED--&amp;gt;FILLING
       HttpConnection@4684b6c7{FILLING}
15:06:47.871 [qtp1105322512-34-selector-ServerConnectorManager@1530c739/1]
       DEBUG org.eclipse.jetty.io.SelectorManager - Selector loop
       waiting on select
15:06:47.871 [qtp1105322512-38] DEBUG o.e.jetty.server.HttpConnection
       - HttpConnection@35f60e4{FILLING} onFillable HttpChannelState@23be07ac{s=IDLE
       i=true a=null}
15:06:47.871 [qtp1105322512-38] DEBUG org.eclipse.jetty.io.ChannelEndPoint
       - filled 164 SelectChannelEndPoint@7bebd494{/127.0.0.1:52033&amp;lt;-&amp;gt;8080,Open,in,out,-,-,1/60000,HttpConnection}{io=0,kio=0,kro=1}
      
15:06:47.871 [qtp1105322512-38] DEBUG org.eclipse.jetty.http.HttpParser
       - parseNext s=START HeapByteBuffer@51216a63[p=0,l=164,c=8192,r=164]={&amp;lt;&amp;lt;&amp;lt;GET
       /prefix/base ... keep-alive\r\n\r\n&amp;gt;&amp;gt;&amp;gt;\r\n\r\n\x00\x00\x00\x00\x00\x00\x00\x00\x00\x00\x00\x00\x00...\x00\x00\x00\x00\x00\x00\x00\x00\x00\x00\x00\x00\x00\x00\x00}
      
15:06:47.871 [qtp1105322512-38] DEBUG org.eclipse.jetty.http.HttpParser
       - START --&amp;gt; SPACE1
15:06:47.871 [qtp1105322512-38]
       DEBUG org.eclipse.jetty.http.HttpParser - SPACE1 --&amp;gt;
       URI
15:06:47.871 [qtp1105322512-38] DEBUG org.eclipse.jetty.http.HttpParser
       - URI --&amp;gt; SPACE2
15:06:47.871 [qtp1105322512-38] DEBUG
       org.eclipse.jetty.http.HttpParser - SPACE2 --&amp;gt; REQUEST_VERSION
      
15:06:47.871 [qtp1105322512-38] DEBUG org.eclipse.jetty.http.HttpParser
       - REQUEST_VERSION --&amp;gt; HEADER
15:06:47.871 [qtp1105322512-38]
       DEBUG org.eclipse.jetty.http.HttpParser - HEADER --&amp;gt;
       HEADER_VALUE
15:06:47.871 [qtp1105322512-38] DEBUG org.eclipse.jetty.http.HttpParser
       - HEADER_VALUE --&amp;gt; HEADER_IN_VALUE
15:06:47.871 [qtp1105322512-38]
       DEBUG org.eclipse.jetty.http.HttpParser - HEADER_IN_VALUE
       --&amp;gt; HEADER
15:06:47.871 [qtp1105322512-38] DEBUG org.eclipse.jetty.http.HttpParser
       - HEADER --&amp;gt; HEADER_VALUE
15:06:47.871 [qtp1105322512-38]
       DEBUG org.eclipse.jetty.http.HttpParser - HEADER_VALUE --&amp;gt;
       HEADER_IN_VALUE
15:06:47.872 [qtp1105322512-38] DEBUG org.eclipse.jetty.http.HttpParser
       - HEADER_IN_VALUE --&amp;gt; HEADER
15:06:47.872 [qtp1105322512-38]
       DEBUG org.eclipse.jetty.http.HttpParser - HEADER --&amp;gt;
       HEADER_VALUE
15:06:47.872 [qtp1105322512-38] DEBUG org.eclipse.jetty.http.HttpParser
       - HEADER_VALUE --&amp;gt; HEADER_IN_VALUE
15:06:47.872 [qtp1105322512-38]
       DEBUG org.eclipse.jetty.http.HttpParser - HEADER_IN_VALUE
       --&amp;gt; HEADER
15:06:47.872 [qtp1105322512-38] DEBUG org.eclipse.jetty.http.HttpParser
       - HEADER --&amp;gt; HEADER_IN_VALUE
15:06:47.872 [qtp1105322512-38]
       DEBUG org.eclipse.jetty.http.HttpParser - HEADER_IN_VALUE
       --&amp;gt; HEADER
15:06:47.872 [qtp1105322512-38] DEBUG org.eclipse.jetty.http.HttpParser
       - HEADER --&amp;gt; END
15:06:47.872 [qtp1105322512-38] DEBUG
       org.eclipse.jetty.server.HttpChannel - HttpChannelOverHttp@12bda6a{r=1,c=false,a=IDLE,uri=-}
       messageComplete
15:06:47.872 [qtp1105322512-38] DEBUG org.eclipse.jetty.server.HttpInput
       - HttpInputOverHTTP@3e5f33cd EOF
15:06:47.872 [qtp1105322512-38]
       DEBUG org.eclipse.jetty.server.HttpChannel - HttpChannelOverHttp@12bda6a{r=1,c=false,a=IDLE,uri=-}
       handle enter
15:06:47.872 [qtp1105322512-38 - /prefix/base]
       DEBUG o.e.jetty.server.HttpChannelState - HttpChannelState@23be07ac{s=IDLE
       i=true a=null} handling IDLE
15:06:47.872 [qtp1105322512-38
       - /prefix/base] DEBUG org.eclipse.jetty.server.HttpChannel
       - HttpChannelOverHttp@12bda6a{r=1,c=false,a=DISPATCHED,uri=/prefix/base}
       action REQUEST_DISPATCH
15:06:47.872 [qtp1105322512-38 -
       /prefix/base] DEBUG org.eclipse.jetty.server.Server - REQUEST
       GET /prefix/base on HttpChannelOverHttp@12bda6a{r=1,c=false,a=DISPATCHED,uri=/prefix/base}
      
15:06:47.872 [qtp1105322512-38 - /prefix/base] DEBUG o.e.j.server.handler.ContextHandler
       - scope null||/prefix/base @ o.e.j.s.ServletContextHandler@6f46426d{/,null,AVAILABLE}
      
15:06:47.872 [qtp1105322512-38 - /prefix/base] DEBUG o.e.j.server.handler.ContextHandler
       - context=||/prefix/base @ o.e.j.s.ServletContextHandler@6f46426d{/,null,AVAILABLE}
      
15:06:47.873 [qtp1105322512-38 - /prefix/base] DEBUG org.eclipse.jetty.server.session
       - sessionManager=org.eclipse.jetty.server.session.HashSessionManager@32ee6fee
      
15:06:47.873 [qtp1105322512-38 - /prefix/base] DEBUG org.eclipse.jetty.server.session
       - session=null
15:06:47.873 [qtp1105322512-38 - /prefix/base]
       DEBUG o.e.jetty.servlet.ServletHandler - servlet ||/prefix/base
       -&amp;gt; org.apache.felix.http.base.internal.DispatcherServlet-4738a206@cebacce0==org.apache.felix.http.base.internal.DispatcherServlet,-1,true
      
15:06:47.873 [qtp1105322512-38 - /prefix/base] DEBUG o.e.jetty.servlet.ServletHandler
       - chain=null
15:06:47.886 [qtp1105322512-38 - /prefix/base]
       DEBUG o.e.jetty.server.HttpConnection - org.eclipse.jetty.server.HttpConnection$SendCallback@43aa11a4[PROCESSING][i=ResponseInfo{HTTP/1.1
       404 null,289,false},cb=org.eclipse.jetty.server.HttpChannel$CommitCallback@2eb057b1]
       generate: NEED_HEADER (null,[p=0,l=289,c=2048,r=289],true)@START
      
15:06:47.886 [qtp1105322512-38 - /prefix/base] DEBUG o.e.jetty.server.HttpConnection
       - org.eclipse.jetty.server.HttpConnection$SendCallback@43aa11a4[PROCESSING][i=ResponseInfo{HTTP/1.1
       404 null,289,false},cb=org.eclipse.jetty.server.HttpChannel$CommitCallback@2eb057b1]
       generate: FLUSH ([p=0,l=249,c=16384,r=249],[p=0,l=289,c=2048,r=289],true)@COMPLETING
      
15:06:47.886 [qtp1105322512-38 - /prefix/base] DEBUG org.eclipse.jetty.io.WriteFlusher
       - write: WriteFlusher@7423f91e{IDLE} [HeapByteBuffer@e68c77d[p=0,l=249,c=16384,r=249]={&amp;lt;&amp;lt;&amp;lt;HTTP/1.1
       404 Not ....v20150224)\r\n\r\n&amp;gt;&amp;gt;&amp;gt;y(9.2.9.v20150224...\x00\x00\x00\x00\x00\x00\x00\x00\x00\x00\x00\x00\x00\x00\x00},HeapByteBuffer@b401d98a[p=0,l=289,c=2048,r=289]={&amp;lt;&amp;lt;&amp;lt;&amp;lt;html&amp;gt;\n&amp;lt;head&amp;gt;\n&amp;lt;me.../body&amp;gt;\n&amp;lt;/html&amp;gt;\n&amp;gt;&amp;gt;&amp;gt;\x00\x00\x00\x00\x00\x00\x00\x00\x00\x00\x00\x00\x00\x00\x00\x00\x00...\x00\x00\x00\x00\x00\x00\x00\x00\x00\x00\x00\x00\x00\x00\x00}]
      
15:06:47.886 [qtp1105322512-38 - /prefix/base] DEBUG org.eclipse.jetty.io.WriteFlusher
       - update WriteFlusher@7423f91e{WRITING}:IDLE--&amp;gt;WRITING
      
15:06:47.886 [qtp1105322512-38 - /prefix/base] DEBUG org.eclipse.jetty.io.ChannelEndPoint
       - flushed 538 SelectChannelEndPoint@7bebd494{/127.0.0.1:52033&amp;lt;-&amp;gt;8080,Open,in,out,-,W,15/60000,HttpConnection}{io=0,kio=0,kro=1}
      
15:06:47.886 [qtp1105322512-38 - /prefix/base] DEBUG org.eclipse.jetty.io.WriteFlusher
       - update WriteFlusher@7423f91e{IDLE}:WRITING--&amp;gt;IDLE
      
15:06:47.886 [qtp1105322512-38 - /prefix/base] DEBUG o.e.jetty.server.HttpConnection
       - org.eclipse.jetty.server.HttpConnection$SendCallback@43aa11a4[PROCESSING][i=ResponseInfo{HTTP/1.1
       404 null,289,false},cb=org.eclipse.jetty.server.HttpChannel$CommitCallback@2eb057b1]
       generate: DONE ([p=249,l=249,c=16384,r=0],[p=289,l=289,c=2048,r=0],true)@END
      
15:06:47.886 [qtp1105322512-38 - /prefix/base] DEBUG org.eclipse.jetty.server.Server
       - RESPONSE /prefix/base  404 handled=true
15:06:47.887 [qtp1105322512-38
       - /prefix/base] DEBUG o.e.jetty.server.HttpChannelState -
       HttpChannelState@23be07ac{s=DISPATCHED i=true a=null} unhandle
       DISPATCHED
15:06:47.887 [qtp1105322512-38 - /prefix/base]
       DEBUG org.eclipse.jetty.http.HttpParser - reset HttpParser{s=END,0
       of 0}
15:06:47.887 [qtp1105322512-38 - /prefix/base] DEBUG
       org.eclipse.jetty.http.HttpParser - END --&amp;gt; START
      
15:06:47.887 [qtp1105322512-38] DEBUG org.eclipse.jetty.server.HttpChannel
       - HttpChannelOverHttp@12bda6a{r=1,c=false,a=IDLE,uri=-} handle
       exit, result COMPLETE
15:06:47.887 [qtp1105322512-38] DEBUG
       org.eclipse.jetty.io.ChannelEndPoint - filled 0 SelectChannelEndPoint@7bebd494{/127.0.0.1:52033&amp;lt;-&amp;gt;8080,Open,in,out,-,-,1/60000,HttpConnection}{io=0,kio=0,kro=1}
      
15:06:47.887 [qtp1105322512-38] DEBUG org.eclipse.jetty.io.ChannelEndPoint
       - filled 0 SelectChannelEndPoint@7bebd494{/127.0.0.1:52033&amp;lt;-&amp;gt;8080,Open,in,out,-,-,1/60000,HttpConnection}{io=0,kio=0,kro=1}
      
15:06:47.887 [qtp1105322512-38] DEBUG org.eclipse.jetty.http.HttpParser
       - parseNext s=START HeapByteBuffer@40ff2b02[p=0,l=0,c=8192,r=0]={&amp;lt;&amp;lt;&amp;lt;&amp;gt;&amp;gt;&amp;gt;GET
       /base/sub HTT...\x00\x00\x00\x00\x00\x00\x00\x00\x00\x00\x00\x00\x00\x00\x00}
      
15:06:47.887 [qtp1105322512-38] DEBUG o.e.jetty.io.AbstractConnection
       - fillInterested HttpConnection@35f60e4{FILLING}
15:06:47.887
       [qtp1105322512-38] DEBUG o.e.jetty.io.AbstractConnection -
       FILLING--&amp;gt;FILLING_FILL_INTERESTED HttpConnection@35f60e4{FILLING_FILL_INTERESTED}
      
15:06:47.887 [qtp1105322512-38] DEBUG o.e.jetty.io.AbstractConnection
       - FILLING_FILL_INTERESTED--&amp;gt;FILL_INTERESTED HttpConnection@35f60e4{FILL_INTERESTED}
      
15:06:47.887 [qtp1105322512-38] DEBUG o.e.jetty.io.SelectChannelEndPoint
       - Local interests updating 0 -&amp;gt; 1 for SelectChannelEndPoint@7bebd494{/127.0.0.1:52033&amp;lt;-&amp;gt;8080,Open,in,out,R,-,0/60000,HttpConnection}{io=1,kio=0,kro=1}
      
15:06:47.887 [qtp1105322512-38] DEBUG org.eclipse.jetty.io.SelectorManager
       - Running change org.eclipse.jetty.io.SelectChannelEndPoint$1@26355b6f
      
15:06:47.887 [qtp1105322512-38] DEBUG o.e.jetty.io.SelectChannelEndPoint
       - Key interests updated 0 -&amp;gt; 1 on SelectChannelEndPoint@7bebd494{/127.0.0.1:52033&amp;lt;-&amp;gt;8080,Open,in,out,R,-,0/60000,HttpConnection}{io=1,kio=1,kro=1}
      
15:06:47.888 [qtp1105322512-38] DEBUG o.e.jetty.server.HttpConnection
       - HttpConnection@4684b6c7{FILLING} onFillable HttpChannelState@3f363327{s=IDLE
       i=true a=null}
15:06:47.888 [qtp1105322512-38] DEBUG org.eclipse.jetty.io.ChannelEndPoint
       - filled -1 SelectChannelEndPoint@73b245ad{/127.0.0.1:52032&amp;lt;-&amp;gt;8080,Open,in,out,-,-,23/60000,HttpConnection}{io=0,kio=0,kro=1}
      
15:06:47.888 [qtp1105322512-38] DEBUG org.eclipse.jetty.io.ChannelEndPoint
       - ishut SelectChannelEndPoint@73b245ad{/127.0.0.1:52032&amp;lt;-&amp;gt;8080,Open,in,out,-,-,23/60000,HttpConnection}{io=0,kio=0,kro=1}
      
15:06:47.888 [qtp1105322512-38] DEBUG org.eclipse.jetty.http.HttpParser
       - atEOF HttpParser{s=START,0 of -1}
15:06:47.888 [qtp1105322512-38]
       DEBUG org.eclipse.jetty.http.HttpParser - parseNext s=START
       HeapByteBuffer@51216a63[p=0,l=0,c=8192,r=0]={&amp;lt;&amp;lt;&amp;lt;&amp;gt;&amp;gt;&amp;gt;GET
       /prefix/base ...\x00\x00\x00\x00\x00\x00\x00\x00\x00\x00\x00\x00\x00\x00\x00}
      
15:06:47.888 [qtp1105322512-38] DEBUG org.eclipse.jetty.http.HttpParser
       - START --&amp;gt; CLOSED
15:06:47.888 [qtp1105322512-38]
       DEBUG o.eclipse.jetty.io.AbstractEndPoint - onClose SelectChannelEndPoint@73b245ad{/127.0.0.1:52032&amp;lt;-&amp;gt;8080,CLOSED,ISHUT,out,-,-,23/60000,HttpConnection}{io=0,kio=0,kro=1}
      
15:06:47.888 [qtp1105322512-38] DEBUG org.eclipse.jetty.io.ChannelEndPoint
       - close SelectChannelEndPoint@73b245ad{/127.0.0.1:52032&amp;lt;-&amp;gt;8080,CLOSED,ISHUT,out,-,-,23/60000,HttpConnection}{io=0,kio=0,kro=1}
      
15:06:47.888 [qtp1105322512-38] DEBUG org.eclipse.jetty.io.SelectorManager
       - Destroyed SelectChannelEndPoint@73b245ad{/127.0.0.1:52032&amp;lt;-&amp;gt;8080,CLOSED,ISHUT,OSHUT,-,-,23/60000,HttpConnection}{io=0,kio=-1,kro=-1}
      
15:06:47.888 [qtp1105322512-38] DEBUG o.e.jetty.io.AbstractConnection
       - onClose HttpConnection@4684b6c7{FILLING}
15:06:47.888 [qtp1105322512-38]
       DEBUG o.eclipse.jetty.io.AbstractEndPoint - onClose SelectChannelEndPoint@73b245ad{/127.0.0.1:52032&amp;lt;-&amp;gt;8080,CLOSED,ISHUT,OSHUT,-,-,23/60000,HttpConnection}{io=0,kio=-1,kro=-1}
      
15:06:47.888 [qtp1105322512-38] DEBUG o.e.jetty.io.AbstractConnection
       - FILLING--&amp;gt;IDLE HttpConnection@4684b6c7{IDLE}
15:06:47.889
       [qtp1105322512-33-selector-ServerConnectorManager@1530c739/0]
       DEBUG org.eclipse.jetty.io.SelectorManager - Selector loop
       woken up from select, 0/1 selected
15:06:47.889 [qtp1105322512-33-selector-ServerConnectorManager@1530c739/0]
       DEBUG org.eclipse.jetty.io.SelectorManager - Selector loop
       waiting on select
15:06:47.890 [qtp1105322512-33-selector-ServerConnectorManager@1530c739/0]
       DEBUG org.eclipse.jetty.io.SelectorManager - Selector loop
       woken up from select, 1/1 selected
15:06:47.890 [qtp1105322512-33-selector-ServerConnectorManager@1530c739/0]
       DEBUG o.e.jetty.io.SelectChannelEndPoint - Key interests updated
       1 -&amp;gt; 0 on SelectChannelEndPoint@7bebd494{/127.0.0.1:52033&amp;lt;-&amp;gt;8080,Open,in,out,R,-,3/60000,HttpConnection}{io=1,kio=0,kro=1}
      
15:06:47.890 [qtp1105322512-33-selector-ServerConnectorManager@1530c739/0]
       DEBUG o.e.jetty.io.SelectChannelEndPoint - Local interests
       updating 1 -&amp;gt; 0 for SelectChannelEndPoint@7bebd494{/127.0.0.1:52033&amp;lt;-&amp;gt;8080,Open,in,out,R,-,3/60000,HttpConnection}{io=0,kio=0,kro=1}
      
15:06:47.890 [qtp1105322512-33-selector-ServerConnectorManager@1530c739/0]
       DEBUG org.eclipse.jetty.io.SelectorManager - Running change
       org.eclipse.jetty.io.SelectChannelEndPoint$1@26355b6f
15:06:47.890
       [qtp1105322512-33-selector-ServerConnectorManager@1530c739/0]
       DEBUG o.e.jetty.io.AbstractConnection - FILL_INTERESTED--&amp;gt;FILLING
       HttpConnection@35f60e4{FILLING}
15:06:47.890 [qtp1105322512-33-selector-ServerConnectorManager@1530c739/0]
       DEBUG org.eclipse.jetty.io.SelectorManager - Selector loop
       waiting on select
15:06:47.891 [qtp1105322512-37-acceptor-0@59402b8f-ServerConnector@6892b3b6{HTTP/1.1}{0.0.0.0:8080}]
       DEBUG org.eclipse.jetty.io.SelectorManager - Queued change
       org.eclipse.jetty.io.SelectorManager$ManagedSelector$Accept@69e8ad80
      
15:06:47.891 [qtp1105322512-34-selector-ServerConnectorManager@1530c739/1]
       DEBUG org.eclipse.jetty.io.SelectorManager - Selector loop
       woken up from select, 0/0 selected
15:06:47.891 [qtp1105322512-34-selector-ServerConnectorManager@1530c739/1]
       DEBUG org.eclipse.jetty.io.SelectorManager - Running change
       org.eclipse.jetty.io.SelectorManager$ManagedSelector$Accept@69e8ad80
      
15:06:47.891 [qtp1105322512-34-selector-ServerConnectorManager@1530c739/1]
       DEBUG o.eclipse.jetty.io.AbstractEndPoint - onOpen SelectChannelEndPoint@708baadc{/127.0.0.1:52034&amp;lt;-&amp;gt;8080,Open,in,out,-,-,0/60000,null}{io=0,kio=0,kro=0}
      
15:06:47.891 [qtp1105322512-34-selector-ServerConnectorManager@1530c739/1]
       DEBUG org.eclipse.jetty.io.IdleTimeout - SelectChannelEndPoint@708baadc{/127.0.0.1:52034&amp;lt;-&amp;gt;8080,Open,in,out,-,-,0/60000,null}{io=0,kio=0,kro=0}
       idle timeout check, elapsed: 0 ms, remaining: 60000 ms
15:06:47.891
       [qtp1105322512-34-selector-ServerConnectorManager@1530c739/1]
       DEBUG org.eclipse.jetty.server.HttpChannel - new HttpChannelOverHttp@135a1884{r=0,c=false,a=IDLE,uri=-}
       -&amp;gt; SelectChannelEndPoint@708baadc{/127.0.0.1:52034&amp;lt;-&amp;gt;8080,Open,in,out,-,-,0/60000,null}{io=0,kio=0,kro=0},null,HttpChannelState@64b3b0dc{s=IDLE
       i=true a=null}
15:06:47.892 [qtp1105322512-34-selector-ServerConnectorManager@1530c739/1]
       DEBUG o.e.jetty.server.HttpConnection - New HTTP Connection
       HttpConnection@4abe36d6{IDLE}
15:06:47.892 [qtp1105322512-34-selector-ServerConnectorManager@1530c739/1]
       DEBUG o.e.jetty.io.AbstractConnection - onOpen HttpConnection@4abe36d6{IDLE}
      
15:06:47.892 [qtp1105322512-34-selector-ServerConnectorManager@1530c739/1]
       DEBUG o.e.jetty.io.AbstractConnection - fillInterested HttpConnection@4abe36d6{IDLE}
      
15:06:47.892 [qtp1105322512-34-selector-ServerConnectorManager@1530c739/1]
       DEBUG o.e.jetty.io.AbstractConnection - IDLE--&amp;gt;FILL_INTERESTED
       HttpConnection@4abe36d6{FILL_INTERESTED}
15:06:47.892 [qtp1105322512-34-selector-ServerConnectorManager@1530c739/1]
       DEBUG o.e.jetty.io.SelectChannelEndPoint - Local interests
       updating 0 -&amp;gt; 1 for SelectChannelEndPoint@708baadc{/127.0.0.1:52034&amp;lt;-&amp;gt;8080,Open,in,out,R,-,0/60000,HttpConnection}{io=1,kio=0,kro=0}
      
15:06:47.892 [qtp1105322512-34-selector-ServerConnectorManager@1530c739/1]
       DEBUG org.eclipse.jetty.io.SelectorManager - Running change
       org.eclipse.jetty.io.SelectChannelEndPoint$1@674ea817
15:06:47.892
       [qtp1105322512-34-selector-ServerConnectorManager@1530c739/1]
       DEBUG o.e.jetty.io.SelectChannelEndPoint - Key interests updated
       0 -&amp;gt; 1 on SelectChannelEndPoint@708baadc{/127.0.0.1:52034&amp;lt;-&amp;gt;8080,Open,in,out,R,-,0/60000,HttpConnection}{io=1,kio=1,kro=0}
      
15:06:47.892 [qtp1105322512-34-selector-ServerConnectorManager@1530c739/1]
       DEBUG org.eclipse.jetty.io.SelectorManager - Created SelectChannelEndPoint@708baadc{/127.0.0.1:52034&amp;lt;-&amp;gt;8080,Open,in,out,R,-,0/60000,HttpConnection}{io=1,kio=1,kro=0}
      
15:06:47.892 [qtp1105322512-34-selector-ServerConnectorManager@1530c739/1]
       DEBUG org.eclipse.jetty.io.SelectorManager - Selector loop
       waiting on select
15:06:47.892 [qtp1105322512-34-selector-ServerConnectorManager@1530c739/1]
       DEBUG org.eclipse.jetty.io.SelectorManager - Selector loop
       woken up from select, 1/1 selected
15:06:47.892 [qtp1105322512-34-selector-ServerConnectorManager@1530c739/1]
       DEBUG o.e.jetty.io.SelectChannelEndPoint - Key interests updated
       1 -&amp;gt; 0 on SelectChannelEndPoint@708baadc{/127.0.0.1:52034&amp;lt;-&amp;gt;8080,Open,in,out,R,-,0/60000,HttpConnection}{io=1,kio=0,kro=1}
      
15:06:47.892 [qtp1105322512-34-selector-ServerConnectorManager@1530c739/1]
       DEBUG o.e.jetty.io.SelectChannelEndPoint - Local interests
       updating 1 -&amp;gt; 0 for SelectChannelEndPoint@708baadc{/127.0.0.1:52034&amp;lt;-&amp;gt;8080,Open,in,out,R,-,0/60000,HttpConnection}{io=0,kio=0,kro=1}
      
15:06:47.892 [qtp1105322512-34-selector-ServerConnectorManager@1530c739/1]
       DEBUG org.eclipse.jetty.io.SelectorManager - Running change
       org.eclipse.jetty.io.SelectChannelEndPoint$1@674ea817
15:06:47.892
       [qtp1105322512-34-selector-ServerConnectorManager@1530c739/1]
       DEBUG o.e.jetty.io.AbstractConnection - FILL_INTERESTED--&amp;gt;FILLING
       HttpConnection@4abe36d6{FILLING}
15:06:47.892 [qtp1105322512-34-selector-ServerConnectorManager@1530c739/1]
       DEBUG org.eclipse.jetty.io.SelectorManager - Selector loop
       waiting on select
15:06:47.893 [qtp1105322512-39] DEBUG o.e.jetty.server.HttpConnection
       - HttpConnection@35f60e4{FILLING} onFillable HttpChannelState@23be07ac{s=IDLE
       i=true a=null}
15:06:47.893 [qtp1105322512-39] DEBUG org.eclipse.jetty.io.ChannelEndPoint
       - filled -1 SelectChannelEndPoint@7bebd494{/127.0.0.1:52033&amp;lt;-&amp;gt;8080,Open,in,out,-,-,6/60000,HttpConnection}{io=0,kio=0,kro=1}
      
15:06:47.893 [qtp1105322512-39] DEBUG org.eclipse.jetty.io.ChannelEndPoint
       - ishut SelectChannelEndPoint@7bebd494{/127.0.0.1:52033&amp;lt;-&amp;gt;8080,Open,in,out,-,-,6/60000,HttpConnection}{io=0,kio=0,kro=1}
      
15:06:47.893 [qtp1105322512-39] DEBUG org.eclipse.jetty.http.HttpParser
       - atEOF HttpParser{s=START,0 of -1}
15:06:47.893 [qtp1105322512-39]
       DEBUG org.eclipse.jetty.http.HttpParser - parseNext s=START
       HeapByteBuffer@40ff2b02[p=0,l=0,c=8192,r=0]={&amp;lt;&amp;lt;&amp;lt;&amp;gt;&amp;gt;&amp;gt;GET
       /base/sub HTT...\x00\x00\x00\x00\x00\x00\x00\x00\x00\x00\x00\x00\x00\x00\x00}
      
15:06:47.893 [qtp1105322512-39] DEBUG org.eclipse.jetty.http.HttpParser
       - START --&amp;gt; CLOSED
15:06:47.893 [qtp1105322512-39]
       DEBUG o.eclipse.jetty.io.AbstractEndPoint - onClose SelectChannelEndPoint@7bebd494{/127.0.0.1:52033&amp;lt;-&amp;gt;8080,CLOSED,ISHUT,out,-,-,6/60000,HttpConnection}{io=0,kio=0,kro=1}
      
15:06:47.893 [qtp1105322512-39] DEBUG org.eclipse.jetty.io.ChannelEndPoint
       - close SelectChannelEndPoint@7bebd494{/127.0.0.1:52033&amp;lt;-&amp;gt;8080,CLOSED,ISHUT,out,-,-,6/60000,HttpConnection}{io=0,kio=0,kro=1}
      
15:06:47.894 [qtp1105322512-39] DEBUG org.eclipse.jetty.io.SelectorManager
       - Destroyed SelectChannelEndPoint@7bebd494{/127.0.0.1:52033&amp;lt;-&amp;gt;8080,CLOSED,ISHUT,OSHUT,-,-,7/60000,HttpConnection}{io=0,kio=-1,kro=-1}
      
15:06:47.894 [qtp1105322512-39] DEBUG o.e.jetty.io.AbstractConnection
       - onClose HttpConnection@35f60e4{FILLING}
15:06:47.894 [qtp1105322512-39]
       DEBUG o.eclipse.jetty.io.AbstractEndPoint - onClose SelectChannelEndPoint@7bebd494{/127.0.0.1:52033&amp;lt;-&amp;gt;8080,CLOSED,ISHUT,OSHUT,-,-,7/60000,HttpConnection}{io=0,kio=-1,kro=-1}
      
15:06:47.894 [qtp1105322512-39] DEBUG o.e.jetty.io.AbstractConnection
       - FILLING--&amp;gt;IDLE HttpConnection@35f60e4{IDLE}
15:06:47.894
       [qtp1105322512-39] DEBUG o.e.jetty.server.HttpConnection -
       HttpConnection@4abe36d6{FILLING} onFillable HttpChannelState@64b3b0dc{s=IDLE
       i=true a=null}
15:06:47.894 [qtp1105322512-39] DEBUG org.eclipse.jetty.io.ChannelEndPoint
       - filled 157 SelectChannelEndPoint@708baadc{/127.0.0.1:52034&amp;lt;-&amp;gt;8080,Open,in,out,-,-,2/60000,HttpConnection}{io=0,kio=0,kro=1}
      
15:06:47.894 [qtp1105322512-39] DEBUG org.eclipse.jetty.http.HttpParser
       - parseNext s=START HeapByteBuffer@3eb1faf8[p=0,l=157,c=8192,r=157]={&amp;lt;&amp;lt;&amp;lt;GET
       /base HTTP/1.... keep-alive\r\n\r\n&amp;gt;&amp;gt;&amp;gt;ive\r\n\r\n\r\n\r\n\x00\x00\x00\x00\x00\x00...\x00\x00\x00\x00\x00\x00\x00\x00\x00\x00\x00\x00\x00\x00\x00}
      
15:06:47.894 [qtp1105322512-39] DEBUG org.eclipse.jetty.http.HttpParser
       - START --&amp;gt; SPACE1
15:06:47.894 [qtp1105322512-39]
       DEBUG org.eclipse.jetty.http.HttpParser - SPACE1 --&amp;gt;
       URI
15:06:47.894 [qtp1105322512-39] DEBUG org.eclipse.jetty.http.HttpParser
       - URI --&amp;gt; SPACE2
15:06:47.895 [qtp1105322512-39] DEBUG
       org.eclipse.jetty.http.HttpParser - SPACE2 --&amp;gt; REQUEST_VERSION
      
15:06:47.895 [qtp1105322512-39] DEBUG org.eclipse.jetty.http.HttpParser
       - REQUEST_VERSION --&amp;gt; HEADER
15:06:47.895 [qtp1105322512-39]
       DEBUG org.eclipse.jetty.http.HttpParser - HEADER --&amp;gt;
       HEADER_VALUE
15:06:47.895 [qtp1105322512-39] DEBUG org.eclipse.jetty.http.HttpParser
       - HEADER_VALUE --&amp;gt; HEADER_IN_VALUE
15:06:47.895 [qtp1105322512-39]
       DEBUG org.eclipse.jetty.http.HttpParser - HEADER_IN_VALUE
       --&amp;gt; HEADER
15:06:47.895 [qtp1105322512-39] DEBUG org.eclipse.jetty.http.HttpParser
       - HEADER --&amp;gt; HEADER_VALUE
15:06:47.895 [qtp1105322512-39]
       DEBUG org.eclipse.jetty.http.HttpParser - HEADER_VALUE --&amp;gt;
       HEADER_IN_VALUE
15:06:47.895 [qtp1105322512-39] DEBUG org.eclipse.jetty.http.HttpParser
       - HEADER_IN_VALUE --&amp;gt; HEADER
15:06:47.895 [qtp1105322512-39]
       DEBUG org.eclipse.jetty.http.HttpParser - HEADER --&amp;gt;
       HEADER_VALUE
15:06:47.895 [qtp1105322512-39] DEBUG org.eclipse.jetty.http.HttpParser
       - HEADER_VALUE --&amp;gt; HEADER_IN_VALUE
15:06:47.895 [qtp1105322512-39]
       DEBUG org.eclipse.jetty.http.HttpParser - HEADER_IN_VALUE
       --&amp;gt; HEADER
15:06:47.895 [qtp1105322512-39] DEBUG org.eclipse.jetty.http.HttpParser
       - HEADER --&amp;gt; HEADER_IN_VALUE
15:06:47.895 [qtp1105322512-39]
       DEBUG org.eclipse.jetty.http.HttpParser - HEADER_IN_VALUE
       --&amp;gt; HEADER
15:06:47.895 [qtp1105322512-39] DEBUG org.eclipse.jetty.http.HttpParser
       - HEADER --&amp;gt; END
15:06:47.895 [qtp1105322512-39] DEBUG
       org.eclipse.jetty.server.HttpChannel - HttpChannelOverHttp@135a1884{r=1,c=false,a=IDLE,uri=-}
       messageComplete
15:06:47.896 [qtp1105322512-39] DEBUG org.eclipse.jetty.server.HttpInput
       - HttpInputOverHTTP@7beb9e65 EOF
15:06:47.896 [qtp1105322512-39]
       DEBUG org.eclipse.jetty.server.HttpChannel - HttpChannelOverHttp@135a1884{r=1,c=false,a=IDLE,uri=-}
       handle enter
15:06:47.896 [qtp1105322512-39 - /base] DEBUG
       o.e.jetty.server.HttpChannelState - HttpChannelState@64b3b0dc{s=IDLE
       i=true a=null} handling IDLE
15:06:47.896 [qtp1105322512-39
       - /base] DEBUG org.eclipse.jetty.server.HttpChannel - HttpChannelOverHttp@135a1884{r=1,c=false,a=DISPATCHED,uri=/base}
       action REQUEST_DISPATCH
15:06:47.896 [qtp1105322512-39 -
       /base] DEBUG org.eclipse.jetty.server.Server - REQUEST GET
       /base on HttpChannelOverHttp@135a1884{r=1,c=false,a=DISPATCHED,uri=/base}
      
15:06:47.896 [qtp1105322512-39 - /base] DEBUG o.e.j.server.handler.ContextHandler
       - scope null||/base @ o.e.j.s.ServletContextHandler@6f46426d{/,null,AVAILABLE}
      
15:06:47.896 [qtp1105322512-39 - /base] DEBUG o.e.j.server.handler.ContextHandler
       - context=||/base @ o.e.j.s.ServletContextHandler@6f46426d{/,null,AVAILABLE}
      
15:06:47.896 [qtp1105322512-39 - /base] DEBUG org.eclipse.jetty.server.session
       - sessionManager=org.eclipse.jetty.server.session.HashSessionManager@32ee6fee
      
15:06:47.896 [qtp1105322512-39 - /base] DEBUG org.eclipse.jetty.server.session
       - session=null
15:06:47.896 [qtp1105322512-39 - /base] DEBUG
       o.e.jetty.servlet.ServletHandler - servlet ||/base -&amp;gt;
       org.apache.felix.http.base.internal.DispatcherServlet-4738a206@cebacce0==org.apache.felix.http.base.internal.DispatcherServlet,-1,true
      
15:06:47.896 [qtp1105322512-39 - /base] DEBUG o.e.jetty.servlet.ServletHandler
       - chain=null
15:06:47.898 [qtp1105322512-39 - /base] DEBUG
       o.e.jetty.server.HttpConnection - org.eclipse.jetty.server.HttpConnection$SendCallback@71ebc5e7[PROCESSING][i=ResponseInfo{HTTP/1.1
       200 null,-1,false},cb=org.eclipse.jetty.server.HttpChannel$CommitCallback@64cd1686]
       generate: NEED_HEADER (null,[p=0,l=4,c=24576,r=4],false)@START
      
15:06:47.898 [qtp1105322512-39 - /base] DEBUG o.e.jetty.server.HttpConnection
       - org.eclipse.jetty.server.HttpConnection$SendCallback@71ebc5e7[PROCESSING][i=ResponseInfo{HTTP/1.1
       200 null,-1,false},cb=org.eclipse.jetty.server.HttpChannel$CommitCallback@64cd1686]
       generate: FLUSH ([p=0,l=182,c=16384,r=182],[p=0,l=4,c=24576,r=4],false)@COMMITTED
      
15:06:47.898 [qtp1105322512-39 - /base] DEBUG org.eclipse.jetty.io.WriteFlusher
       - write: WriteFlusher@4372b4cc{IDLE} [HeapByteBuffer@a5890124[p=0,l=182,c=16384,r=182]={&amp;lt;&amp;lt;&amp;lt;HTTP/1.1
       200 OK\r\n...0150224)\r\n\r\n4\r\n&amp;gt;&amp;gt;&amp;gt;r:
       Jetty(9.2.9.v2...\x00\x00\x00\x00\x00\x00\x00\x00\x00\x00\x00\x00\x00\x00\x00},HeapByteBuffer@bed06bb5[p=0,l=4,c=24576,r=4]={&amp;lt;&amp;lt;&amp;lt;base&amp;gt;&amp;gt;&amp;gt;o
       Worldello World...\x00\x00\x00\x00\x00\x00\x00\x00\x00\x00\x00\x00\x00\x00\x00}]
      
15:06:47.899 [qtp1105322512-39 - /base] DEBUG org.eclipse.jetty.io.WriteFlusher
       - update WriteFlusher@4372b4cc{WRITING}:IDLE--&amp;gt;WRITING
      
15:06:47.899 [qtp1105322512-39 - /base] DEBUG org.eclipse.jetty.io.ChannelEndPoint
       - flushed 186 SelectChannelEndPoint@708baadc{/127.0.0.1:52034&amp;lt;-&amp;gt;8080,Open,in,out,-,W,5/60000,HttpConnection}{io=0,kio=0,kro=1}
      
15:06:47.899 [qtp1105322512-39 - /base] DEBUG org.eclipse.jetty.io.WriteFlusher
       - update WriteFlusher@4372b4cc{IDLE}:WRITING--&amp;gt;IDLE
      
15:06:47.899 [qtp1105322512-39 - /base] DEBUG o.e.jetty.server.HttpConnection
       - org.eclipse.jetty.server.HttpConnection$SendCallback@71ebc5e7[PROCESSING][i=ResponseInfo{HTTP/1.1
       200 null,-1,false},cb=org.eclipse.jetty.server.HttpChannel$CommitCallback@64cd1686]
       generate: DONE ([p=182,l=182,c=16384,r=0],[p=4,l=4,c=24576,r=0],false)@COMMITTED
      
15:06:47.899 [qtp1105322512-39 - /base] DEBUG org.eclipse.jetty.server.Server
       - RESPONSE /base  200 handled=true
15:06:47.899 [qtp1105322512-39
       - /base] DEBUG o.e.jetty.server.HttpChannelState - HttpChannelState@64b3b0dc{s=DISPATCHED
       i=true a=null} unhandle DISPATCHED
15:06:47.899 [qtp1105322512-39
       - /base] DEBUG o.e.jetty.server.HttpConnection - org.eclipse.jetty.server.HttpConnection$SendCallback@71ebc5e7[PROCESSING][i=null,cb=Blocker@568386a6{null}]
       generate: CONTINUE (null,[p=0,l=0,c=0,r=0],true)@COMPLETING
      
15:06:47.899 [qtp1105322512-39 - /base] DEBUG o.e.jetty.server.HttpConnection
       - org.eclipse.jetty.server.HttpConnection$SendCallback@71ebc5e7[PROCESSING][i=null,cb=Blocker@568386a6{null}]
       generate: NEED_CHUNK (null,[p=0,l=0,c=0,r=0],true)@COMPLETING
      
15:06:47.901 [qtp1105322512-37-acceptor-0@59402b8f-ServerConnector@6892b3b6{HTTP/1.1}{0.0.0.0:8080}]
       DEBUG org.eclipse.jetty.io.SelectorManager - Queued change
       org.eclipse.jetty.io.SelectorManager$ManagedSelector$Accept@4369eb6
      
15:06:47.901 [qtp1105322512-39 - /base] DEBUG o.e.jetty.server.HttpConnection
       - org.eclipse.jetty.server.HttpConnection$SendCallback@71ebc5e7[PROCESSING][i=null,cb=Blocker@568386a6{null}]
       generate: FLUSH (null,[p=0,l=0,c=0,r=0],true)@COMPLETING
      
15:06:47.901 [qtp1105322512-33-selector-ServerConnectorManager@1530c739/0]
       DEBUG org.eclipse.jetty.io.SelectorManager - Selector loop
       woken up from select, 0/0 selected
15:06:47.901 [qtp1105322512-39
       - /base] DEBUG org.eclipse.jetty.io.WriteFlusher - write:
       WriteFlusher@4372b4cc{IDLE} [HeapByteBuffer@6239c7f4[p=0,l=7,c=1024,r=7]={&amp;lt;&amp;lt;&amp;lt;\r\n0\r\n\r\n&amp;gt;&amp;gt;&amp;gt;\x00\x00\x00\x00\x00\x00\x00\x00\x00\x00\x00\x00\x00\x00\x00\x00\x00...\x00\x00\x00\x00\x00\x00\x00\x00\x00\x00\x00\x00\x00\x00\x00}]
      
15:06:47.901 [qtp1105322512-33-selector-ServerConnectorManager@1530c739/0]
       DEBUG org.eclipse.jetty.io.SelectorManager - Running change
       org.eclipse.jetty.io.SelectorManager$ManagedSelector$Accept@4369eb6
      
15:06:47.903 [qtp1105322512-39 - /base] DEBUG org.eclipse.jetty.io.WriteFlusher
       - update WriteFlusher@4372b4cc{WRITING}:IDLE--&amp;gt;WRITING
      
15:06:47.904 [qtp1105322512-33-selector-ServerConnectorManager@1530c739/0]
       DEBUG o.eclipse.jetty.io.AbstractEndPoint - onOpen SelectChannelEndPoint@2a42d6a0{/127.0.0.1:52035&amp;lt;-&amp;gt;8080,Open,in,out,-,-,0/60000,null}{io=0,kio=0,kro=0}
      
15:06:47.904 [qtp1105322512-39 - /base] DEBUG org.eclipse.jetty.io.ChannelEndPoint
       - flushed 7 SelectChannelEndPoint@708baadc{/127.0.0.1:52034&amp;lt;-&amp;gt;8080,Open,in,out,-,W,5/60000,HttpConnection}{io=0,kio=0,kro=1}
      
15:06:47.904 [qtp1105322512-33-selector-ServerConnectorManager@1530c739/0]
       DEBUG org.eclipse.jetty.io.IdleTimeout - SelectChannelEndPoint@2a42d6a0{/127.0.0.1:52035&amp;lt;-&amp;gt;8080,Open,in,out,-,-,0/60000,null}{io=0,kio=0,kro=0}
       idle timeout check, elapsed: 0 ms, remaining: 60000 ms
15:06:47.904
       [qtp1105322512-39 - /base] DEBUG org.eclipse.jetty.io.WriteFlusher
       - update WriteFlusher@4372b4cc{IDLE}:WRITING--&amp;gt;IDLE
      
15:06:47.905 [qtp1105322512-33-selector-ServerConnectorManager@1530c739/0]
       DEBUG org.eclipse.jetty.server.HttpChannel - new HttpChannelOverHttp@52e2cb4c{r=0,c=false,a=IDLE,uri=-}
       -&amp;gt; SelectChannelEndPoint@2a42d6a0{/127.0.0.1:52035&amp;lt;-&amp;gt;8080,Open,in,out,-,-,1/60000,null}{io=0,kio=0,kro=0},null,HttpChannelState@5e801c5c{s=IDLE
       i=true a=null}
15:06:47.905 [qtp1105322512-39 - /base] DEBUG
       o.e.jetty.server.HttpConnection - org.eclipse.jetty.server.HttpConnection$SendCallback@71ebc5e7[PROCESSING][i=null,cb=Blocker@568386a6{null}]
       generate: DONE (null,[p=0,l=0,c=0,r=0],true)@END
15:06:47.906
       [qtp1105322512-33-selector-ServerConnectorManager@1530c739/0]
       DEBUG o.e.jetty.server.HttpConnection - New HTTP Connection
       HttpConnection@36900aa0{IDLE}
15:06:47.907 [qtp1105322512-39
       - /base] DEBUG org.eclipse.jetty.http.HttpParser - reset HttpParser{s=END,0
       of 0}
15:06:47.907 [qtp1105322512-33-selector-ServerConnectorManager@1530c739/0]
       DEBUG o.e.jetty.io.AbstractConnection - onOpen HttpConnection@36900aa0{IDLE}
      
15:06:47.907 [qtp1105322512-39 - /base] DEBUG org.eclipse.jetty.http.HttpParser
       - END --&amp;gt; START
15:06:47.907 [qtp1105322512-33-selector-ServerConnectorManager@1530c739/0]
       DEBUG o.e.jetty.io.AbstractConnection - fillInterested HttpConnection@36900aa0{IDLE}
      
15:06:47.907 [qtp1105322512-39] DEBUG org.eclipse.jetty.server.HttpChannel
       - HttpChannelOverHttp@135a1884{r=1,c=false,a=IDLE,uri=-} handle
       exit, result COMPLETE
15:06:47.908 [qtp1105322512-33-selector-ServerConnectorManager@1530c739/0]
       DEBUG o.e.jetty.io.AbstractConnection - IDLE--&amp;gt;FILL_INTERESTED
       HttpConnection@36900aa0{FILL_INTERESTED}
15:06:47.909 [qtp1105322512-39]
       DEBUG org.eclipse.jetty.io.ChannelEndPoint - 
java.io.IOException:
       An established connection was aborted by the software in your
       host machine
	at sun.nio.ch.SocketDispatcher.read0(Native
       Method) ~[na:1.8.0_40]
	at sun.nio.ch.SocketDispatcher.read(Unknown
       Source) ~[na:1.8.0_40]
	at sun.nio.ch.IOUtil.readIntoNativeBuffer(Unknown
       Source) ~[na:1.8.0_40]
	at sun.nio.ch.IOUtil.read(Unknown
       Source) ~[na:1.8.0_40]
	at sun.nio.ch.SocketChannelImpl.read(Unknown
       Source) ~[na:1.8.0_40]
	at org.eclipse.jetty.io.ChannelEndPoint.fill(ChannelEndPoint.java:140)
       ~[na:na]
	at org.eclipse.jetty.server.HttpConnection.onFillable(HttpConnection.java:239)
       ~[na:na]
	at org.eclipse.jetty.io.AbstractConnection$2.run(AbstractConnection.java:540)
       ~[na:na]
	at org.eclipse.jetty.util.thread.QueuedThreadPool.runJob(QueuedThreadPool.java:635)
       ~[na:na]
	at org.eclipse.jetty.util.thread.QueuedThreadPool$3.run(QueuedThreadPool.java:555)
       ~[na:na]
	at java.lang.Thread.run(Unknown Source) ~[na:1.8.0_40]
      
15:06:47.909 [qtp1105322512-33-selector-ServerConnectorManager@1530c739/0]
       DEBUG o.e.jetty.io.SelectChannelEndPoint - Local interests
       updating 0 -&amp;gt; 1 for SelectChannelEndPoint@2a42d6a0{/127.0.0.1:52035&amp;lt;-&amp;gt;8080,Open,in,out,R,-,0/60000,HttpConnection}{io=1,kio=0,kro=0}
      
15:06:47.911 [qtp1105322512-39] DEBUG org.eclipse.jetty.io.ChannelEndPoint
       - ishut SelectChannelEndPoint@708baadc{/127.0.0.1:52034&amp;lt;-&amp;gt;8080,Open,in,out,-,-,7/60000,HttpConnection}{io=0,kio=0,kro=1}
      
15:06:47.913 [qtp1105322512-33-selector-ServerConnectorManager@1530c739/0]
       DEBUG org.eclipse.jetty.io.SelectorManager - Running change
       org.eclipse.jetty.io.SelectChannelEndPoint$1@a5b2d04
15:06:47.913
       [qtp1105322512-39] DEBUG org.eclipse.jetty.http.HttpParser
       - atEOF HttpParser{s=START,0 of -1}
15:06:47.914 [qtp1105322512-33-selector-ServerConnectorManager@1530c739/0]
       DEBUG o.e.jetty.io.SelectChannelEndPoint - Key interests updated
       0 -&amp;gt; 1 on SelectChannelEndPoint@2a42d6a0{/127.0.0.1:52035&amp;lt;-&amp;gt;8080,Open,in,out,R,-,5/60000,HttpConnection}{io=1,kio=1,kro=0}
      
15:06:47.914 [qtp1105322512-39] DEBUG org.eclipse.jetty.http.HttpParser
       - parseNext s=START HeapByteBuffer@40ff2b02[p=0,l=0,c=8192,r=0]={&amp;lt;&amp;lt;&amp;lt;&amp;gt;&amp;gt;&amp;gt;GET
       /base/sub HTT...\x00\x00\x00\x00\x00\x00\x00\x00\x00\x00\x00\x00\x00\x00\x00}
      
15:06:47.914 [qtp1105322512-33-selector-ServerConnectorManager@1530c739/0]
       DEBUG org.eclipse.jetty.io.SelectorManager - Created SelectChannelEndPoint@2a42d6a0{/127.0.0.1:52035&amp;lt;-&amp;gt;8080,Open,in,out,R,-,5/60000,HttpConnection}{io=1,kio=1,kro=0}
      
15:06:47.914 [qtp1105322512-39] DEBUG org.eclipse.jetty.http.HttpParser
       - START --&amp;gt; CLOSED
15:06:47.915 [qtp1105322512-33-selector-ServerConnectorManager@1530c739/0]
       DEBUG org.eclipse.jetty.io.SelectorManager - Selector loop
       waiting on select
15:06:47.915 [qtp1105322512-39] DEBUG o.eclipse.jetty.io.AbstractEndPoint
       - onClose SelectChannelEndPoint@708baadc{/127.0.0.1:52034&amp;lt;-&amp;gt;8080,CLOSED,ISHUT,out,-,-,11/60000,HttpConnection}{io=0,kio=0,kro=1}
      
15:06:47.915 [qtp1105322512-33-selector-ServerConnectorManager@1530c739/0]
       DEBUG org.eclipse.jetty.io.SelectorManager - Selector loop
       woken up from select, 1/1 selected
15:06:47.915 [qtp1105322512-39]
       DEBUG org.eclipse.jetty.io.ChannelEndPoint - close SelectChannelEndPoint@708baadc{/127.0.0.1:52034&amp;lt;-&amp;gt;8080,CLOSED,ISHUT,out,-,-,11/60000,HttpConnection}{io=0,kio=0,kro=1}
      
15:06:47.915 [qtp1105322512-33-selector-ServerConnectorManager@1530c739/0]
       DEBUG o.e.jetty.io.SelectChannelEndPoint - Key interests updated
       1 -&amp;gt; 0 on SelectChannelEndPoint@2a42d6a0{/127.0.0.1:52035&amp;lt;-&amp;gt;8080,Open,in,out,R,-,6/60000,HttpConnection}{io=1,kio=0,kro=1}
      
15:06:47.915 [qtp1105322512-39] DEBUG org.eclipse.jetty.io.SelectorManager
       - Destroyed SelectChannelEndPoint@708baadc{/127.0.0.1:52034&amp;lt;-&amp;gt;8080,CLOSED,ISHUT,OSHUT,-,-,11/60000,HttpConnection}{io=0,kio=-1,kro=-1}
      
15:06:47.916 [qtp1105322512-33-selector-ServerConnectorManager@1530c739/0]
       DEBUG o.e.jetty.io.SelectChannelEndPoint - Local interests
       updating 1 -&amp;gt; 0 for SelectChannelEndPoint@2a42d6a0{/127.0.0.1:52035&amp;lt;-&amp;gt;8080,Open,in,out,R,-,6/60000,HttpConnection}{io=0,kio=0,kro=1}
      
15:06:47.916 [qtp1105322512-39] DEBUG o.e.jetty.io.AbstractConnection
       - onClose HttpConnection@4abe36d6{FILLING}
15:06:47.916 [qtp1105322512-33-selector-ServerConnectorManager@1530c739/0]
       DEBUG org.eclipse.jetty.io.SelectorManager - Running change
       org.eclipse.jetty.io.SelectChannelEndPoint$1@a5b2d04
15:06:47.916
       [qtp1105322512-39] DEBUG o.eclipse.jetty.io.AbstractEndPoint
       - onClose SelectChannelEndPoint@708baadc{/127.0.0.1:52034&amp;lt;-&amp;gt;8080,CLOSED,ISHUT,OSHUT,-,-,12/60000,HttpConnection}{io=0,kio=-1,kro=-1}
      
15:06:47.916 [qtp1105322512-33-selector-ServerConnectorManager@1530c739/0]
       DEBUG o.e.jetty.io.AbstractConnection - FILL_INTERESTED--&amp;gt;FILLING
       HttpConnection@36900aa0{FILLING}
15:06:47.916 [qtp1105322512-39]
       DEBUG o.e.jetty.io.AbstractConnection - FILLING--&amp;gt;IDLE
       HttpConnection@4abe36d6{IDLE}
15:06:47.916 [qtp1105322512-33-selector-ServerConnectorManager@1530c739/0]
       DEBUG org.eclipse.jetty.io.SelectorManager - Selector loop
       waiting on select
15:06:47.916 [qtp1105322512-39] DEBUG o.e.jetty.server.HttpConnection
       - HttpConnection@36900aa0{FILLING} onFillable HttpChannelState@5e801c5c{s=IDLE
       i=true a=null}
15:06:47.916 [qtp1105322512-39] DEBUG org.eclipse.jetty.io.ChannelEndPoint
       - filled 161 SelectChannelEndPoint@2a42d6a0{/127.0.0.1:52035&amp;lt;-&amp;gt;8080,Open,in,out,-,-,7/60000,HttpConnection}{io=0,kio=0,kro=1}
      
15:06:47.917 [qtp1105322512-39] DEBUG org.eclipse.jetty.http.HttpParser
       - parseNext s=START HeapByteBuffer@ebf1dcfc[p=0,l=161,c=8192,r=161]={&amp;lt;&amp;lt;&amp;lt;GET
       /base/sub HTT... keep-alive\r\n\r\n&amp;gt;&amp;gt;&amp;gt;\n\r\n\r\n\r\n\x00\x00\x00\x00\x00\x00\x00\x00\x00\x00...\x00\x00\x00\x00\x00\x00\x00\x00\x00\x00\x00\x00\x00\x00\x00}
      
15:06:47.917 [qtp1105322512-39] DEBUG org.eclipse.jetty.http.HttpParser
       - START --&amp;gt; SPACE1
15:06:47.917 [qtp1105322512-39]
       DEBUG org.eclipse.jetty.http.HttpParser - SPACE1 --&amp;gt;
       URI
15:06:47.917 [qtp1105322512-39] DEBUG org.eclipse.jetty.http.HttpParser
       - URI --&amp;gt; SPACE2
15:06:47.917 [qtp1105322512-39] DEBUG
       org.eclipse.jetty.http.HttpParser - SPACE2 --&amp;gt; REQUEST_VERSION
      
15:06:47.917 [qtp1105322512-39] DEBUG org.eclipse.jetty.http.HttpParser
       - REQUEST_VERSION --&amp;gt; HEADER
15:06:47.917 [qtp1105322512-39]
       DEBUG org.eclipse.jetty.http.HttpParser - HEADER --&amp;gt;
       HEADER_VALUE
15:06:47.917 [qtp1105322512-39] DEBUG org.eclipse.jetty.http.HttpParser
       - HEADER_VALUE --&amp;gt; HEADER_IN_VALUE
15:06:47.917 [qtp1105322512-39]
       DEBUG org.eclipse.jetty.http.HttpParser - HEADER_IN_VALUE
       --&amp;gt; HEADER
15:06:47.917 [qtp1105322512-39] DEBUG org.eclipse.jetty.http.HttpParser
       - HEADER --&amp;gt; HEADER_VALUE
15:06:47.917 [qtp1105322512-39]
       DEBUG org.eclipse.jetty.http.HttpParser - HEADER_VALUE --&amp;gt;
       HEADER_IN_VALUE
15:06:47.917 [qtp1105322512-39] DEBUG org.eclipse.jetty.http.HttpParser
       - HEADER_IN_VALUE --&amp;gt; HEADER
15:06:47.917 [qtp1105322512-39]
       DEBUG org.eclipse.jetty.http.HttpParser - HEADER --&amp;gt;
       HEADER_VALUE
15:06:47.917 [qtp1105322512-39] DEBUG org.eclipse.jetty.http.HttpParser
       - HEADER_VALUE --&amp;gt; HEADER_IN_VALUE
15:06:47.917 [qtp1105322512-39]
       DEBUG org.eclipse.jetty.http.HttpParser - HEADER_IN_VALUE
       --&amp;gt; HEADER
15:06:47.917 [qtp1105322512-39] DEBUG org.eclipse.jetty.http.HttpParser
       - HEADER --&amp;gt; HEADER_IN_VALUE
15:06:47.917 [qtp1105322512-39]
       DEBUG org.eclipse.jetty.http.HttpParser - HEADER_IN_VALUE
       --&amp;gt; HEADER
15:06:47.917 [qtp1105322512-39] DEBUG org.eclipse.jetty.http.HttpParser
       - HEADER --&amp;gt; END
15:06:47.917 [qtp1105322512-39] DEBUG
       org.eclipse.jetty.server.HttpChannel - HttpChannelOverHttp@52e2cb4c{r=1,c=false,a=IDLE,uri=-}
       messageComplete
15:06:47.917 [qtp1105322512-39] DEBUG org.eclipse.jetty.server.HttpInput
       - HttpInputOverHTTP@79e8a56c EOF
15:06:47.918 [qtp1105322512-39]
       DEBUG org.eclipse.jetty.server.HttpChannel - HttpChannelOverHttp@52e2cb4c{r=1,c=false,a=IDLE,uri=-}
       handle enter
15:06:47.918 [qtp1105322512-39 - /base/sub]
       DEBUG o.e.jetty.server.HttpChannelState - HttpChannelState@5e801c5c{s=IDLE
       i=true a=null} handling IDLE
15:06:47.918 [qtp1105322512-39
       - /base/sub] DEBUG org.eclipse.jetty.server.HttpChannel -
       HttpChannelOverHttp@52e2cb4c{r=1,c=false,a=DISPATCHED,uri=/base/sub}
       action REQUEST_DISPATCH
15:06:47.918 [qtp1105322512-39 -
       /base/sub] DEBUG org.eclipse.jetty.server.Server - REQUEST
       GET /base/sub on HttpChannelOverHttp@52e2cb4c{r=1,c=false,a=DISPATCHED,uri=/base/sub}
      
15:06:47.918 [qtp1105322512-39 - /base/sub] DEBUG o.e.j.server.handler.ContextHandler
       - scope null||/base/sub @ o.e.j.s.ServletContextHandler@6f46426d{/,null,AVAILABLE}
      
15:06:47.918 [qtp1105322512-39 - /base/sub] DEBUG o.e.j.server.handler.ContextHandler
       - context=||/base/sub @ o.e.j.s.ServletContextHandler@6f46426d{/,null,AVAILABLE}
      
15:06:47.918 [qtp1105322512-39 - /base/sub] DEBUG org.eclipse.jetty.server.session
       - sessionManager=org.eclipse.jetty.server.session.HashSessionManager@32ee6fee
      
15:06:47.918 [qtp1105322512-39 - /base/sub] DEBUG org.eclipse.jetty.server.session
       - session=null
15:06:47.918 [qtp1105322512-39 - /base/sub]
       DEBUG o.e.jetty.servlet.ServletHandler - servlet ||/base/sub
       -&amp;gt; org.apache.felix.http.base.internal.DispatcherServlet-4738a206@cebacce0==org.apache.felix.http.base.internal.DispatcherServlet,-1,true
      
15:06:47.918 [qtp1105322512-39 - /base/sub] DEBUG o.e.jetty.servlet.ServletHandler
       - chain=null
15:06:47.919 [qtp1105322512-39 - /base/sub]
       DEBUG o.e.jetty.server.HttpConnection - org.eclipse.jetty.server.HttpConnection$SendCallback@759df5f1[PROCESSING][i=ResponseInfo{HTTP/1.1
       200 null,-1,false},cb=org.eclipse.jetty.server.HttpChannel$CommitCallback@231ffb5a]
       generate: NEED_HEADER (null,[p=0,l=3,c=24576,r=3],false)@START
      
15:06:47.919 [qtp1105322512-39 - /base/sub] DEBUG o.e.jetty.server.HttpConnection
       - org.eclipse.jetty.server.HttpConnection$SendCallback@759df5f1[PROCESSING][i=ResponseInfo{HTTP/1.1
       200 null,-1,false},cb=org.eclipse.jetty.server.HttpChannel$CommitCallback@231ffb5a]
       generate: FLUSH ([p=0,l=182,c=16384,r=182],[p=0,l=3,c=24576,r=3],false)@COMMITTED
      
15:06:47.920 [qtp1105322512-39 - /base/sub] DEBUG org.eclipse.jetty.io.WriteFlusher
       - write: WriteFlusher@6963ff29{IDLE} [HeapByteBuffer@10f062a3[p=0,l=182,c=16384,r=182]={&amp;lt;&amp;lt;&amp;lt;HTTP/1.1
       200 OK\r\n...0150224)\r\n\r\n3\r\n&amp;gt;&amp;gt;&amp;gt;r:
       Jetty(9.2.9.v2...\x00\x00\x00\x00\x00\x00\x00\x00\x00\x00\x00\x00\x00\x00\x00},HeapByteBuffer@4d773909[p=0,l=3,c=24576,r=3]={&amp;lt;&amp;lt;&amp;lt;sub&amp;gt;&amp;gt;&amp;gt;eo
       Worldello Worl...\x00\x00\x00\x00\x00\x00\x00\x00\x00\x00\x00\x00\x00\x00\x00}]
      
15:06:47.920 [qtp1105322512-39 - /base/sub] DEBUG org.eclipse.jetty.io.WriteFlusher
       - update WriteFlusher@6963ff29{WRITING}:IDLE--&amp;gt;WRITING
      
15:06:47.920 [qtp1105322512-39 - /base/sub] DEBUG org.eclipse.jetty.io.ChannelEndPoint
       - flushed 185 SelectChannelEndPoint@2a42d6a0{/127.0.0.1:52035&amp;lt;-&amp;gt;8080,Open,in,out,-,W,3/60000,HttpConnection}{io=0,kio=0,kro=1}
      
15:06:47.920 [qtp1105322512-39 - /base/sub] DEBUG org.eclipse.jetty.io.WriteFlusher
       - update WriteFlusher@6963ff29{IDLE}:WRITING--&amp;gt;IDLE
      
15:06:47.920 [qtp1105322512-39 - /base/sub] DEBUG o.e.jetty.server.HttpConnection
       - org.eclipse.jetty.server.HttpConnection$SendCallback@759df5f1[PROCESSING][i=ResponseInfo{HTTP/1.1
       200 null,-1,false},cb=org.eclipse.jetty.server.HttpChannel$CommitCallback@231ffb5a]
       generate: DONE ([p=182,l=182,c=16384,r=0],[p=3,l=3,c=24576,r=0],false)@COMMITTED
      
15:06:47.920 [qtp1105322512-39 - /base/sub] DEBUG org.eclipse.jetty.server.Server
       - RESPONSE /base/sub  200 handled=true
15:06:47.920 [qtp1105322512-39
       - /base/sub] DEBUG o.e.jetty.server.HttpChannelState - HttpChannelState@5e801c5c{s=DISPATCHED
       i=true a=null} unhandle DISPATCHED
15:06:47.920 [qtp1105322512-39
       - /base/sub] DEBUG o.e.jetty.server.HttpConnection - org.eclipse.jetty.server.HttpConnection$SendCallback@759df5f1[PROCESSING][i=null,cb=Blocker@559ce4ac{null}]
       generate: CONTINUE (null,[p=0,l=0,c=0,r=0],true)@COMPLETING
      
15:06:47.920 [qtp1105322512-39 - /base/sub] DEBUG o.e.jetty.server.HttpConnection
       - org.eclipse.jetty.server.HttpConnection$SendCallback@759df5f1[PROCESSING][i=null,cb=Blocker@559ce4ac{null}]
       generate: NEED_CHUNK (null,[p=0,l=0,c=0,r=0],true)@COMPLETING
      
15:06:47.922 [qtp1105322512-37-acceptor-0@59402b8f-ServerConnector@6892b3b6{HTTP/1.1}{0.0.0.0:8080}]
       DEBUG org.eclipse.jetty.io.SelectorManager - Queued change
       org.eclipse.jetty.io.SelectorManager$ManagedSelector$Accept@63821225
      
15:06:47.922 [qtp1105322512-39 - /base/sub] DEBUG o.e.jetty.server.HttpConnection
       - org.eclipse.jetty.server.HttpConnection$SendCallback@759df5f1[PROCESSING][i=null,cb=Blocker@559ce4ac{null}]
       generate: FLUSH (null,[p=0,l=0,c=0,r=0],true)@COMPLETING
      
15:06:47.923 [qtp1105322512-39 - /base/sub] DEBUG org.eclipse.jetty.io.WriteFlusher
       - write: WriteFlusher@6963ff29{IDLE} [HeapByteBuffer@6239c7f4[p=0,l=7,c=1024,r=7]={&amp;lt;&amp;lt;&amp;lt;\r\n0\r\n\r\n&amp;gt;&amp;gt;&amp;gt;\x00\x00\x00\x00\x00\x00\x00\x00\x00\x00\x00\x00\x00\x00\x00\x00\x00...\x00\x00\x00\x00\x00\x00\x00\x00\x00\x00\x00\x00\x00\x00\x00}]
      
15:06:47.923 [qtp1105322512-39 - /base/sub] DEBUG org.eclipse.jetty.io.WriteFlusher
       - update WriteFlusher@6963ff29{WRITING}:IDLE--&amp;gt;WRITING
      
15:06:47.923 [qtp1105322512-39 - /base/sub] DEBUG org.eclipse.jetty.io.ChannelEndPoint
       - flushed 7 SelectChannelEndPoint@2a42d6a0{/127.0.0.1:52035&amp;lt;-&amp;gt;8080,Open,in,out,-,W,3/60000,HttpConnection}{io=0,kio=0,kro=1}
      
15:06:47.923 [qtp1105322512-39 - /base/sub] DEBUG org.eclipse.jetty.io.WriteFlusher
       - update WriteFlusher@6963ff29{IDLE}:WRITING--&amp;gt;IDLE
      
15:06:47.923 [qtp1105322512-39 - /base/sub] DEBUG o.e.jetty.server.HttpConnection
       - org.eclipse.jetty.server.HttpConnection$SendCallback@759df5f1[PROCESSING][i=null,cb=Blocker@559ce4ac{null}]
       generate: DONE (null,[p=0,l=0,c=0,r=0],true)@END
15:06:47.923
       [qtp1105322512-39 - /base/sub] DEBUG org.eclipse.jetty.http.HttpParser
       - reset HttpParser{s=END,0 of 0}
15:06:47.923 [qtp1105322512-39
       - /base/sub] DEBUG org.eclipse.jetty.http.HttpParser - END
       --&amp;gt; START
15:06:47.923 [qtp1105322512-39] DEBUG org.eclipse.jetty.server.HttpChannel
       - HttpChannelOverHttp@52e2cb4c{r=1,c=false,a=IDLE,uri=-} handle
       exit, result COMPLETE
15:06:47.924 [qtp1105322512-34-selector-ServerConnectorManager@1530c739/1]
       DEBUG org.eclipse.jetty.io.SelectorManager - Selector loop
       woken up from select, 0/0 selected
15:06:47.924 [qtp1105322512-34-selector-ServerConnectorManager@1530c739/1]
       DEBUG org.eclipse.jetty.io.SelectorManager - Running change
       org.eclipse.jetty.io.SelectorManager$ManagedSelector$Accept@63821225
      
15:06:47.924 [qtp1105322512-34-selector-ServerConnectorManager@1530c739/1]
       DEBUG o.eclipse.jetty.io.AbstractEndPoint - onOpen SelectChannelEndPoint@5d5f635c{/127.0.0.1:52036&amp;lt;-&amp;gt;8080,Open,in,out,-,-,0/60000,null}{io=0,kio=0,kro=0}
      
15:06:47.924 [qtp1105322512-34-selector-ServerConnectorManager@1530c739/1]
       DEBUG org.eclipse.jetty.io.IdleTimeout - SelectChannelEndPoint@5d5f635c{/127.0.0.1:52036&amp;lt;-&amp;gt;8080,Open,in,out,-,-,0/60000,null}{io=0,kio=0,kro=0}
       idle timeout check, elapsed: 0 ms, remaining: 60000 ms
15:06:47.924
       [qtp1105322512-34-selector-ServerConnectorManager@1530c739/1]
       DEBUG org.eclipse.jetty.server.HttpChannel - new HttpChannelOverHttp@66ecf6a7{r=0,c=false,a=IDLE,uri=-}
       -&amp;gt; SelectChannelEndPoint@5d5f635c{/127.0.0.1:52036&amp;lt;-&amp;gt;8080,Open,in,out,-,-,0/60000,null}{io=0,kio=0,kro=0},null,HttpChannelState@74f0e47d{s=IDLE
       i=true a=null}
15:06:47.924 [qtp1105322512-34-selector-ServerConnectorManager@1530c739/1]
       DEBUG o.e.jetty.server.HttpConnection - New HTTP Connection
       HttpConnection@48cd79b3{IDLE}
15:06:47.924 [qtp1105322512-34-selector-ServerConnectorManager@1530c739/1]
       DEBUG o.e.jetty.io.AbstractConnection - onOpen HttpConnection@48cd79b3{IDLE}
      
15:06:47.924 [qtp1105322512-34-selector-ServerConnectorManager@1530c739/1]
       DEBUG o.e.jetty.io.AbstractConnection - fillInterested HttpConnection@48cd79b3{IDLE}
      
15:06:47.924 [qtp1105322512-34-selector-ServerConnectorManager@1530c739/1]
       DEBUG o.e.jetty.io.AbstractConnection - IDLE--&amp;gt;FILL_INTERESTED
       HttpConnection@48cd79b3{FILL_INTERESTED}
15:06:47.924 [qtp1105322512-34-selector-ServerConnectorManager@1530c739/1]
       DEBUG o.e.jetty.io.SelectChannelEndPoint - Local interests
       updating 0 -&amp;gt; 1 for SelectChannelEndPoint@5d5f635c{/127.0.0.1:52036&amp;lt;-&amp;gt;8080,Open,in,out,R,-,0/60000,HttpConnection}{io=1,kio=0,kro=0}
      
15:06:47.924 [qtp1105322512-39] DEBUG org.eclipse.jetty.io.ChannelEndPoint
       - 
java.io.IOException: An established connection was aborted
       by the software in your host machine
	at sun.nio.ch.SocketDispatcher.read0(Native
       Method) ~[na:1.8.0_40]
	at sun.nio.ch.SocketDispatcher.read(Unknown
       Source) ~[na:1.8.0_40]
	at sun.nio.ch.IOUtil.readIntoNativeBuffer(Unknown
       Source) ~[na:1.8.0_40]
	at sun.nio.ch.IOUtil.read(Unknown
       Source) ~[na:1.8.0_40]
	at sun.nio.ch.SocketChannelImpl.read(Unknown
       Source) ~[na:1.8.0_40]
	at org.eclipse.jetty.io.ChannelEndPoint.fill(ChannelEndPoint.java:140)
       ~[na:na]
	at org.eclipse.jetty.server.HttpConnection.onFillable(HttpConnection.java:239)
       ~[na:na]
	at org.eclipse.jetty.io.AbstractConnection$2.run(AbstractConnection.java:540)
       ~[na:na]
	at org.eclipse.jetty.util.thread.QueuedThreadPool.runJob(QueuedThreadPool.java:635)
       ~[na:na]
	at org.eclipse.jetty.util.thread.QueuedThreadPool$3.run(QueuedThreadPool.java:555)
       ~[na:na]
	at java.lang.Thread.run(Unknown Source) ~[na:1.8.0_40]
      
15:06:47.924 [qtp1105322512-34-selector-ServerConnectorManager@1530c739/1]
       DEBUG org.eclipse.jetty.io.SelectorManager - Running change
       org.eclipse.jetty.io.SelectChannelEndPoint$1@6eaea675
15:06:47.925
       [qtp1105322512-39] DEBUG org.eclipse.jetty.io.ChannelEndPoint
       - ishut SelectChannelEndPoint@2a42d6a0{/127.0.0.1:52035&amp;lt;-&amp;gt;8080,Open,in,out,-,-,2/60000,HttpConnection}{io=0,kio=0,kro=1}
      
15:06:47.925 [qtp1105322512-34-selector-ServerConnectorManager@1530c739/1]
       DEBUG o.e.jetty.io.SelectChannelEndPoint - Key interests updated
       0 -&amp;gt; 1 on SelectChannelEndPoint@5d5f635c{/127.0.0.1:52036&amp;lt;-&amp;gt;8080,Open,in,out,R,-,1/60000,HttpConnection}{io=1,kio=1,kro=0}
      
15:06:47.925 [qtp1105322512-39] DEBUG org.eclipse.jetty.http.HttpParser
       - atEOF HttpParser{s=START,0 of -1}
15:06:47.925 [qtp1105322512-39]
       DEBUG org.eclipse.jetty.http.HttpParser - parseNext s=START
       HeapByteBuffer@40ff2b02[p=0,l=0,c=8192,r=0]={&amp;lt;&amp;lt;&amp;lt;&amp;gt;&amp;gt;&amp;gt;GET
       /base/sub HTT...\x00\x00\x00\x00\x00\x00\x00\x00\x00\x00\x00\x00\x00\x00\x00}
      
15:06:47.925 [qtp1105322512-39] DEBUG org.eclipse.jetty.http.HttpParser
       - START --&amp;gt; CLOSED
15:06:47.949 [qtp1105322512-34-selector-ServerConnectorManager@1530c739/1]
       DEBUG org.eclipse.jetty.io.SelectorManager - Created SelectChannelEndPoint@5d5f635c{/127.0.0.1:52036&amp;lt;-&amp;gt;8080,Open,in,out,R,-,1/60000,HttpConnection}{io=1,kio=1,kro=0}
      
15:06:47.949 [qtp1105322512-39] DEBUG o.eclipse.jetty.io.AbstractEndPoint
       - onClose SelectChannelEndPoint@2a42d6a0{/127.0.0.1:52035&amp;lt;-&amp;gt;8080,CLOSED,ISHUT,out,-,-,26/60000,HttpConnection}{io=0,kio=0,kro=1}
      
15:06:47.949 [qtp1105322512-34-selector-ServerConnectorManager@1530c739/1]
       DEBUG org.eclipse.jetty.io.SelectorManager - Selector loop
       waiting on select
15:06:47.949 [qtp1105322512-39] DEBUG org.eclipse.jetty.io.ChannelEndPoint
       - close SelectChannelEndPoint@2a42d6a0{/127.0.0.1:52035&amp;lt;-&amp;gt;8080,CLOSED,ISHUT,out,-,-,26/60000,HttpConnection}{io=0,kio=0,kro=1}
      
15:06:47.949 [qtp1105322512-34-selector-ServerConnectorManager@1530c739/1]
       DEBUG org.eclipse.jetty.io.SelectorManager - Selector loop
       woken up from select, 1/1 selected
15:06:47.950 [qtp1105322512-39]
       DEBUG org.eclipse.jetty.io.SelectorManager - Destroyed SelectChannelEndPoint@2a42d6a0{/127.0.0.1:52035&amp;lt;-&amp;gt;8080,CLOSED,ISHUT,OSHUT,-,-,27/60000,HttpConnection}{io=0,kio=-1,kro=-1}
      
15:06:47.950 [qtp1105322512-34-selector-ServerConnectorManager@1530c739/1]
       DEBUG o.e.jetty.io.SelectChannelEndPoint - Key interests updated
       1 -&amp;gt; 0 on SelectChannelEndPoint@5d5f635c{/127.0.0.1:52036&amp;lt;-&amp;gt;8080,Open,in,out,R,-,26/60000,HttpConnection}{io=1,kio=0,kro=1}
      
15:06:47.950 [qtp1105322512-39] DEBUG o.e.jetty.io.AbstractConnection
       - onClose HttpConnection@36900aa0{FILLING}
15:06:47.950 [qtp1105322512-34-selector-ServerConnectorManager@1530c739/1]
       DEBUG o.e.jetty.io.SelectChannelEndPoint - Local interests
       updating 1 -&amp;gt; 0 for SelectChannelEndPoint@5d5f635c{/127.0.0.1:52036&amp;lt;-&amp;gt;8080,Open,in,out,R,-,26/60000,HttpConnection}{io=0,kio=0,kro=1}
      
15:06:47.950 [qtp1105322512-39] DEBUG o.eclipse.jetty.io.AbstractEndPoint
       - onClose SelectChannelEndPoint@2a42d6a0{/127.0.0.1:52035&amp;lt;-&amp;gt;8080,CLOSED,ISHUT,OSHUT,-,-,27/60000,HttpConnection}{io=0,kio=-1,kro=-1}
      
15:06:47.950 [qtp1105322512-34-selector-ServerConnectorManager@1530c739/1]
       DEBUG org.eclipse.jetty.io.SelectorManager - Running change
       org.eclipse.jetty.io.SelectChannelEndPoint$1@6eaea675
15:06:47.950
       [qtp1105322512-39] DEBUG o.e.jetty.io.AbstractConnection -
       FILLING--&amp;gt;IDLE HttpConnection@36900aa0{IDLE}
15:06:47.950
       [qtp1105322512-34-selector-ServerConnectorManager@1530c739/1]
       DEBUG o.e.jetty.io.AbstractConnection - FILL_INTERESTED--&amp;gt;FILLING
       HttpConnection@48cd79b3{FILLING}
15:06:47.950 [qtp1105322512-34-selector-ServerConnectorManager@1530c739/1]
       DEBUG org.eclipse.jetty.io.SelectorManager - Selector loop
       waiting on select
15:06:47.951 [qtp1105322512-38] DEBUG o.e.jetty.server.HttpConnection
       - HttpConnection@48cd79b3{FILLING} onFillable HttpChannelState@74f0e47d{s=IDLE
       i=true a=null}
15:06:47.951 [qtp1105322512-38] DEBUG org.eclipse.jetty.io.ChannelEndPoint
       - filled 164 SelectChannelEndPoint@5d5f635c{/127.0.0.1:52036&amp;lt;-&amp;gt;8080,Open,in,out,-,-,27/60000,HttpConnection}{io=0,kio=0,kro=1}
      
15:06:47.951 [qtp1105322512-38] DEBUG org.eclipse.jetty.http.HttpParser
       - parseNext s=START HeapByteBuffer@51216a63[p=0,l=164,c=8192,r=164]={&amp;lt;&amp;lt;&amp;lt;GET
       /prefix/base ... keep-alive\r\n\r\n&amp;gt;&amp;gt;&amp;gt;\r\n\r\n\x00\x00\x00\x00\x00\x00\x00\x00\x00\x00\x00\x00\x00...\x00\x00\x00\x00\x00\x00\x00\x00\x00\x00\x00\x00\x00\x00\x00}
      
15:06:47.951 [qtp1105322512-38] DEBUG org.eclipse.jetty.http.HttpParser
       - START --&amp;gt; SPACE1
15:06:47.951 [qtp1105322512-38]
       DEBUG org.eclipse.jetty.http.HttpParser - SPACE1 --&amp;gt;
       URI
15:06:47.951 [qtp1105322512-38] DEBUG org.eclipse.jetty.http.HttpParser
       - URI --&amp;gt; SPACE2
15:06:47.951 [qtp1105322512-38] DEBUG
       org.eclipse.jetty.http.HttpParser - SPACE2 --&amp;gt; REQUEST_VERSION
      
15:06:47.951 [qtp1105322512-38] DEBUG org.eclipse.jetty.http.HttpParser
       - REQUEST_VERSION --&amp;gt; HEADER
15:06:47.951 [qtp1105322512-38]
       DEBUG org.eclipse.jetty.http.HttpParser - HEADER --&amp;gt;
       HEADER_VALUE
15:06:47.951 [qtp1105322512-38] DEBUG org.eclipse.jetty.http.HttpParser
       - HEADER_VALUE --&amp;gt; HEADER_IN_VALUE
15:06:47.951 [qtp1105322512-38]
       DEBUG org.eclipse.jetty.http.HttpParser - HEADER_IN_VALUE
       --&amp;gt; HEADER
15:06:47.951 [qtp1105322512-38] DEBUG org.eclipse.jetty.http.HttpParser
       - HEADER --&amp;gt; HEADER_VALUE
15:06:47.951 [qtp1105322512-38]
       DEBUG org.eclipse.jetty.http.HttpParser - HEADER_VALUE --&amp;gt;
       HEADER_IN_VALUE
15:06:47.951 [qtp1105322512-38] DEBUG org.eclipse.jetty.http.HttpParser
       - HEADER_IN_VALUE --&amp;gt; HEADER
15:06:47.951 [qtp1105322512-38]
       DEBUG org.eclipse.jetty.http.HttpParser - HEADER --&amp;gt;
       HEADER_VALUE
15:06:47.951 [qtp1105322512-38] DEBUG org.eclipse.jetty.http.HttpParser
       - HEADER_VALUE --&amp;gt; HEADER_IN_VALUE
15:06:47.951 [qtp1105322512-38]
       DEBUG org.eclipse.jetty.http.HttpParser - HEADER_IN_VALUE
       --&amp;gt; HEADER
15:06:47.951 [qtp1105322512-38] DEBUG org.eclipse.jetty.http.HttpParser
       - HEADER --&amp;gt; HEADER_IN_VALUE
15:06:47.951 [qtp1105322512-38]
       DEBUG org.eclipse.jetty.http.HttpParser - HEADER_IN_VALUE
       --&amp;gt; HEADER
15:06:47.951 [qtp1105322512-38] DEBUG org.eclipse.jetty.http.HttpParser
       - HEADER --&amp;gt; END
15:06:47.951 [qtp1105322512-38] DEBUG
       org.eclipse.jetty.server.HttpChannel - HttpChannelOverHttp@66ecf6a7{r=1,c=false,a=IDLE,uri=-}
       messageComplete
15:06:47.952 [qtp1105322512-38] DEBUG org.eclipse.jetty.server.HttpInput
       - HttpInputOverHTTP@24c974d4 EOF
15:06:47.952 [qtp1105322512-38]
       DEBUG org.eclipse.jetty.server.HttpChannel - HttpChannelOverHttp@66ecf6a7{r=1,c=false,a=IDLE,uri=-}
       handle enter
15:06:47.952 [qtp1105322512-38 - /prefix/base]
       DEBUG o.e.jetty.server.HttpChannelState - HttpChannelState@74f0e47d{s=IDLE
       i=true a=null} handling IDLE
15:06:47.952 [qtp1105322512-38
       - /prefix/base] DEBUG org.eclipse.jetty.server.HttpChannel
       - HttpChannelOverHttp@66ecf6a7{r=1,c=false,a=DISPATCHED,uri=/prefix/base}
       action REQUEST_DISPATCH
15:06:47.952 [qtp1105322512-38 -
       /prefix/base] DEBUG org.eclipse.jetty.server.Server - REQUEST
       GET /prefix/base on HttpChannelOverHttp@66ecf6a7{r=1,c=false,a=DISPATCHED,uri=/prefix/base}
      
15:06:47.952 [qtp1105322512-38 - /prefix/base] DEBUG o.e.j.server.handler.ContextHandler
       - scope null||/prefix/base @ o.e.j.s.ServletContextHandler@6f46426d{/,null,AVAILABLE}
      
15:06:47.952 [qtp1105322512-38 - /prefix/base] DEBUG o.e.j.server.handler.ContextHandler
       - context=||/prefix/base @ o.e.j.s.ServletContextHandler@6f46426d{/,null,AVAILABLE}
      
15:06:47.952 [qtp1105322512-38 - /prefix/base] DEBUG org.eclipse.jetty.server.session
       - sessionManager=org.eclipse.jetty.server.session.HashSessionManager@32ee6fee
      
15:06:47.952 [qtp1105322512-38 - /prefix/base] DEBUG org.eclipse.jetty.server.session
       - session=null
15:06:47.952 [qtp1105322512-38 - /prefix/base]
       DEBUG o.e.jetty.servlet.ServletHandler - servlet ||/prefix/base
       -&amp;gt; org.apache.felix.http.base.internal.DispatcherServlet-4738a206@cebacce0==org.apache.felix.http.base.internal.DispatcherServlet,-1,true
      
15:06:47.952 [qtp1105322512-38 - /prefix/base] DEBUG o.e.jetty.servlet.ServletHandler
       - chain=null
15:06:47.965 [qtp1105322512-38 - /prefix/base]
       DEBUG o.e.jetty.server.HttpConnection - org.eclipse.jetty.server.HttpConnection$SendCallback@4e410e30[PROCESSING][i=ResponseInfo{HTTP/1.1
       404 null,289,false},cb=org.eclipse.jetty.server.HttpChannel$CommitCallback@3db8c7a7]
       generate: NEED_HEADER (null,[p=0,l=289,c=2048,r=289],true)@START
      
15:06:47.965 [qtp1105322512-38 - /prefix/base] DEBUG o.e.jetty.server.HttpConnection
       - org.eclipse.jetty.server.HttpConnection$SendCallback@4e410e30[PROCESSING][i=ResponseInfo{HTTP/1.1
       404 null,289,false},cb=org.eclipse.jetty.server.HttpChannel$CommitCallback@3db8c7a7]
       generate: FLUSH ([p=0,l=249,c=16384,r=249],[p=0,l=289,c=2048,r=289],true)@COMPLETING
      
15:06:47.965 [qtp1105322512-38 - /prefix/base] DEBUG org.eclipse.jetty.io.WriteFlusher
       - write: WriteFlusher@79abcf01{IDLE} [HeapByteBuffer@e68c77d[p=0,l=249,c=16384,r=249]={&amp;lt;&amp;lt;&amp;lt;HTTP/1.1
       404 Not ....v20150224)\r\n\r\n&amp;gt;&amp;gt;&amp;gt;y(9.2.9.v20150224...\x00\x00\x00\x00\x00\x00\x00\x00\x00\x00\x00\x00\x00\x00\x00},HeapByteBuffer@b401d98a[p=0,l=289,c=2048,r=289]={&amp;lt;&amp;lt;&amp;lt;&amp;lt;html&amp;gt;\n&amp;lt;head&amp;gt;\n&amp;lt;me.../body&amp;gt;\n&amp;lt;/html&amp;gt;\n&amp;gt;&amp;gt;&amp;gt;\x00\x00\x00\x00\x00\x00\x00\x00\x00\x00\x00\x00\x00\x00\x00\x00\x00...\x00\x00\x00\x00\x00\x00\x00\x00\x00\x00\x00\x00\x00\x00\x00}]
      
15:06:47.965 [qtp1105322512-38 - /prefix/base] DEBUG org.eclipse.jetty.io.WriteFlusher
       - update WriteFlusher@79abcf01{WRITING}:IDLE--&amp;gt;WRITING
      
15:06:47.966 [qtp1105322512-38 - /prefix/base] DEBUG org.eclipse.jetty.io.ChannelEndPoint
       - flushed 538 SelectChannelEndPoint@5d5f635c{/127.0.0.1:52036&amp;lt;-&amp;gt;8080,Open,in,out,-,W,14/60000,HttpConnection}{io=0,kio=0,kro=1}
      
15:06:47.967 [qtp1105322512-38 - /prefix/base] DEBUG org.eclipse.jetty.io.WriteFlusher
       - update WriteFlusher@79abcf01{IDLE}:WRITING--&amp;gt;IDLE
      
15:06:47.967 [qtp1105322512-38 - /prefix/base] DEBUG o.e.jetty.server.HttpConnection
       - org.eclipse.jetty.server.HttpConnection$SendCallback@4e410e30[PROCESSING][i=ResponseInfo{HTTP/1.1
       404 null,289,false},cb=org.eclipse.jetty.server.HttpChannel$CommitCallback@3db8c7a7]
       generate: DONE ([p=249,l=249,c=16384,r=0],[p=289,l=289,c=2048,r=0],true)@END
      
15:06:47.967 [qtp1105322512-38 - /prefix/base] DEBUG org.eclipse.jetty.server.Server
       - RESPONSE /prefix/base  404 handled=true
15:06:47.967 [qtp1105322512-38
       - /prefix/base] DEBUG o.e.jetty.server.HttpChannelState -
       HttpChannelState@74f0e47d{s=DISPATCHED i=true a=null} unhandle
       DISPATCHED
15:06:47.967 [qtp1105322512-38 - /prefix/base]
       DEBUG org.eclipse.jetty.http.HttpParser - reset HttpParser{s=END,0
       of 0}
15:06:47.967 [qtp1105322512-38 - /prefix/base] DEBUG
       org.eclipse.jetty.http.HttpParser - END --&amp;gt; START
      
15:06:47.967 [qtp1105322512-38] DEBUG org.eclipse.jetty.server.HttpChannel
       - HttpChannelOverHttp@66ecf6a7{r=1,c=false,a=IDLE,uri=-} handle
       exit, result COMPLETE
15:06:47.968 [qtp1105322512-38] DEBUG
       org.eclipse.jetty.io.ChannelEndPoint - filled 0 SelectChannelEndPoint@5d5f635c{/127.0.0.1:52036&amp;lt;-&amp;gt;8080,Open,in,out,-,-,1/60000,HttpConnection}{io=0,kio=0,kro=1}
      
15:06:47.968 [qtp1105322512-38] DEBUG org.eclipse.jetty.io.ChannelEndPoint
       - filled 0 SelectChannelEndPoint@5d5f635c{/127.0.0.1:52036&amp;lt;-&amp;gt;8080,Open,in,out,-,-,1/60000,HttpConnection}{io=0,kio=0,kro=1}
      
15:06:47.968 [qtp1105322512-38] DEBUG org.eclipse.jetty.http.HttpParser
       - parseNext s=START HeapByteBuffer@40ff2b02[p=0,l=0,c=8192,r=0]={&amp;lt;&amp;lt;&amp;lt;&amp;gt;&amp;gt;&amp;gt;GET
       /base/sub HTT...\x00\x00\x00\x00\x00\x00\x00\x00\x00\x00\x00\x00\x00\x00\x00}
      
15:06:47.968 [qtp1105322512-38] DEBUG o.e.jetty.io.AbstractConnection
       - fillInterested HttpConnection@48cd79b3{FILLING}
15:06:47.968
       [qtp1105322512-38] DEBUG o.e.jetty.io.AbstractConnection -
       FILLING--&amp;gt;FILLING_FILL_INTERESTED HttpConnection@48cd79b3{FILLING_FILL_INTERESTED}
      
15:06:47.968 [qtp1105322512-38] DEBUG o.e.jetty.io.AbstractConnection
       - FILLING_FILL_INTERESTED--&amp;gt;FILL_INTERESTED HttpConnection@48cd79b3{FILL_INTERESTED}
      
15:06:47.968 [qtp1105322512-38] DEBUG o.e.jetty.io.SelectChannelEndPoint
       - Local interests updating 0 -&amp;gt; 1 for SelectChannelEndPoint@5d5f635c{/127.0.0.1:52036&amp;lt;-&amp;gt;8080,Open,in,out,R,-,0/60000,HttpConnection}{io=1,kio=0,kro=1}
      
15:06:47.968 [qtp1105322512-38] DEBUG org.eclipse.jetty.io.SelectorManager
       - Running change org.eclipse.jetty.io.SelectChannelEndPoint$1@6eaea675
      
15:06:47.968 [qtp1105322512-38] DEBUG o.e.jetty.io.SelectChannelEndPoint
       - Key interests updated 0 -&amp;gt; 1 on SelectChannelEndPoint@5d5f635c{/127.0.0.1:52036&amp;lt;-&amp;gt;8080,Open,in,out,R,-,0/60000,HttpConnection}{io=1,kio=1,kro=1}
      
15:06:47.969 [qtp1105322512-34-selector-ServerConnectorManager@1530c739/1]
       DEBUG org.eclipse.jetty.io.SelectorManager - Selector loop
       woken up from select, 0/1 selected
15:06:47.969 [qtp1105322512-34-selector-ServerConnectorManager@1530c739/1]
       DEBUG org.eclipse.jetty.io.SelectorManager - Selector loop
       waiting on select
15:06:47.995 [qtp1105322512-34-selector-ServerConnectorManager@1530c739/1]
       DEBUG org.eclipse.jetty.io.SelectorManager - Selector loop
       woken up from select, 1/1 selected
15:06:47.995 [qtp1105322512-34-selector-ServerConnectorManager@1530c739/1]
       DEBUG o.e.jetty.io.SelectChannelEndPoint - Key interests updated
       1 -&amp;gt; 0 on SelectChannelEndPoint@5d5f635c{/127.0.0.1:52036&amp;lt;-&amp;gt;8080,Open,in,out,R,-,27/60000,HttpConnection}{io=1,kio=0,kro=1}
      
15:06:47.995 [qtp1105322512-34-selector-ServerConnectorManager@1530c739/1]
       DEBUG o.e.jetty.io.SelectChannelEndPoint - Local interests
       updating 1 -&amp;gt; 0 for SelectChannelEndPoint@5d5f635c{/127.0.0.1:52036&amp;lt;-&amp;gt;8080,Open,in,out,R,-,27/60000,HttpConnection}{io=0,kio=0,kro=1}
      
15:06:47.996 [qtp1105322512-34-selector-ServerConnectorManager@1530c739/1]
       DEBUG org.eclipse.jetty.io.SelectorManager - Running change
       org.eclipse.jetty.io.SelectChannelEndPoint$1@6eaea675
15:06:47.996
       [qtp1105322512-34-selector-ServerConnectorManager@1530c739/1]
       DEBUG o.e.jetty.io.AbstractConnection - FILL_INTERESTED--&amp;gt;FILLING
       HttpConnection@48cd79b3{FILLING}
15:06:47.996 [qtp1105322512-34-selector-ServerConnectorManager@1530c739/1]
       DEBUG org.eclipse.jetty.io.SelectorManager - Selector loop
       waiting on select
15:06:47.996 [qtp1105322512-36] DEBUG o.e.jetty.server.HttpConnection
       - HttpConnection@48cd79b3{FILLING} onFillable HttpChannelState@74f0e47d{s=IDLE
       i=true a=null}
15:06:47.996 [qtp1105322512-36] DEBUG org.eclipse.jetty.io.ChannelEndPoint
       - filled -1 SelectChannelEndPoint@5d5f635c{/127.0.0.1:52036&amp;lt;-&amp;gt;8080,Open,in,out,-,-,28/60000,HttpConnection}{io=0,kio=0,kro=1}
      
15:06:47.996 [qtp1105322512-36] DEBUG org.eclipse.jetty.io.ChannelEndPoint
       - ishut SelectChannelEndPoint@5d5f635c{/127.0.0.1:52036&amp;lt;-&amp;gt;8080,Open,in,out,-,-,28/60000,HttpConnection}{io=0,kio=0,kro=1}
      
15:06:47.996 [qtp1105322512-36] DEBUG org.eclipse.jetty.http.HttpParser
       - atEOF HttpParser{s=START,0 of -1}
15:06:47.996 [qtp1105322512-36]
       DEBUG org.eclipse.jetty.http.HttpParser - parseNext s=START
       HeapByteBuffer@51216a63[p=0,l=0,c=8192,r=0]={&amp;lt;&amp;lt;&amp;lt;&amp;gt;&amp;gt;&amp;gt;GET
       /prefix/base ...\x00\x00\x00\x00\x00\x00\x00\x00\x00\x00\x00\x00\x00\x00\x00}
      
15:06:47.997 [qtp1105322512-36] DEBUG org.eclipse.jetty.http.HttpParser
       - START --&amp;gt; CLOSED
15:06:47.997 [qtp1105322512-36]
       DEBUG o.eclipse.jetty.io.AbstractEndPoint - onClose SelectChannelEndPoint@5d5f635c{/127.0.0.1:52036&amp;lt;-&amp;gt;8080,CLOSED,ISHUT,out,-,-,29/60000,HttpConnection}{io=0,kio=0,kro=1}
      
15:06:47.997 [qtp1105322512-36] DEBUG org.eclipse.jetty.io.ChannelEndPoint
       - close SelectChannelEndPoint@5d5f635c{/127.0.0.1:52036&amp;lt;-&amp;gt;8080,CLOSED,ISHUT,out,-,-,29/60000,HttpConnection}{io=0,kio=0,kro=1}
      
15:06:47.997 [qtp1105322512-36] DEBUG org.eclipse.jetty.io.SelectorManager
       - Destroyed SelectChannelEndPoint@5d5f635c{/127.0.0.1:52036&amp;lt;-&amp;gt;8080,CLOSED,ISHUT,OSHUT,-,-,29/60000,HttpConnection}{io=0,kio=-1,kro=-1}
      
15:06:47.997 [qtp1105322512-36] DEBUG o.e.jetty.io.AbstractConnection
       - onClose HttpConnection@48cd79b3{FILLING}
15:06:47.997 [qtp1105322512-36]
       DEBUG o.eclipse.jetty.io.AbstractEndPoint - onClose SelectChannelEndPoint@5d5f635c{/127.0.0.1:52036&amp;lt;-&amp;gt;8080,CLOSED,ISHUT,OSHUT,-,-,29/60000,HttpConnection}{io=0,kio=-1,kro=-1}
      
15:06:47.997 [qtp1105322512-36] DEBUG o.e.jetty.io.AbstractConnection
       - FILLING--&amp;gt;IDLE HttpConnection@48cd79b3{IDLE}
15:06:47.998
       [qtp1105322512-37-acceptor-0@59402b8f-ServerConnector@6892b3b6{HTTP/1.1}{0.0.0.0:8080}]
       DEBUG org.eclipse.jetty.io.SelectorManager - Queued change
       org.eclipse.jetty.io.SelectorManager$ManagedSelector$Accept@4ecf0f0e
      
15:06:47.998 [qtp1105322512-33-selector-ServerConnectorManager@1530c739/0]
       DEBUG org.eclipse.jetty.io.SelectorManager - Selector loop
       woken up from select, 0/0 selected
15:06:47.998 [qtp1105322512-33-selector-ServerConnectorManager@1530c739/0]
       DEBUG org.eclipse.jetty.io.SelectorManager - Running change
       org.eclipse.jetty.io.SelectorManager$ManagedSelector$Accept@4ecf0f0e
      
15:06:47.998 [qtp1105322512-33-selector-ServerConnectorManager@1530c739/0]
       DEBUG o.eclipse.jetty.io.AbstractEndPoint - onOpen SelectChannelEndPoint@101bb8cc{/127.0.0.1:52037&amp;lt;-&amp;gt;8080,Open,in,out,-,-,0/60000,null}{io=0,kio=0,kro=0}
      
15:06:47.998 [qtp1105322512-33-selector-ServerConnectorManager@1530c739/0]
       DEBUG org.eclipse.jetty.io.IdleTimeout - SelectChannelEndPoint@101bb8cc{/127.0.0.1:52037&amp;lt;-&amp;gt;8080,Open,in,out,-,-,0/60000,null}{io=0,kio=0,kro=0}
       idle timeout check, elapsed: 0 ms, remaining: 60000 ms
15:06:47.998
       [qtp1105322512-33-selector-ServerConnectorManager@1530c739/0]
       DEBUG org.eclipse.jetty.server.HttpChannel - new HttpChannelOverHttp@26686565{r=0,c=false,a=IDLE,uri=-}
       -&amp;gt; SelectChannelEndPoint@101bb8cc{/127.0.0.1:52037&amp;lt;-&amp;gt;8080,Open,in,out,-,-,0/60000,null}{io=0,kio=0,kro=0},null,HttpChannelState@75885fa1{s=IDLE
       i=true a=null}
15:06:47.998 [qtp1105322512-33-selector-ServerConnectorManager@1530c739/0]
       DEBUG o.e.jetty.server.HttpConnection - New HTTP Connection
       HttpConnection@2a5e4c7{IDLE}
15:06:47.998 [qtp1105322512-33-selector-ServerConnectorManager@1530c739/0]
       DEBUG o.e.jetty.io.AbstractConnection - onOpen HttpConnection@2a5e4c7{IDLE}
      
15:06:47.998 [qtp1105322512-33-selector-ServerConnectorManager@1530c739/0]
       DEBUG o.e.jetty.io.AbstractConnection - fillInterested HttpConnection@2a5e4c7{IDLE}
      
15:06:47.998 [qtp1105322512-33-selector-ServerConnectorManager@1530c739/0]
       DEBUG o.e.jetty.io.AbstractConnection - IDLE--&amp;gt;FILL_INTERESTED
       HttpConnection@2a5e4c7{FILL_INTERESTED}
15:06:47.999 [qtp1105322512-33-selector-ServerConnectorManager@1530c739/0]
       DEBUG o.e.jetty.io.SelectChannelEndPoint - Local interests
       updating 0 -&amp;gt; 1 for SelectChannelEndPoint@101bb8cc{/127.0.0.1:52037&amp;lt;-&amp;gt;8080,Open,in,out,R,-,0/60000,HttpConnection}{io=1,kio=0,kro=0}
      
15:06:47.999 [qtp1105322512-33-selector-ServerConnectorManager@1530c739/0]
       DEBUG org.eclipse.jetty.io.SelectorManager - Running change
       org.eclipse.jetty.io.SelectChannelEndPoint$1@4f35e187
15:06:47.999
       [qtp1105322512-33-selector-ServerConnectorManager@1530c739/0]
       DEBUG o.e.jetty.io.SelectChannelEndPoint - Key interests updated
       0 -&amp;gt; 1 on SelectChannelEndPoint@101bb8cc{/127.0.0.1:52037&amp;lt;-&amp;gt;8080,Open,in,out,R,-,1/60000,HttpConnection}{io=1,kio=1,kro=0}
      
15:06:47.999 [qtp1105322512-33-selector-ServerConnectorManager@1530c739/0]
       DEBUG org.eclipse.jetty.io.SelectorManager - Created SelectChannelEndPoint@101bb8cc{/127.0.0.1:52037&amp;lt;-&amp;gt;8080,Open,in,out,R,-,1/60000,HttpConnection}{io=1,kio=1,kro=0}
      
15:06:47.999 [qtp1105322512-33-selector-ServerConnectorManager@1530c739/0]
       DEBUG org.eclipse.jetty.io.SelectorManager - Selector loop
       waiting on select
15:06:47.999 [qtp1105322512-33-selector-ServerConnectorManager@1530c739/0]
       DEBUG org.eclipse.jetty.io.SelectorManager - Selector loop
       woken up from select, 1/1 selected
15:06:47.999 [qtp1105322512-33-selector-ServerConnectorManager@1530c739/0]
       DEBUG o.e.jetty.io.SelectChannelEndPoint - Key interests updated
       1 -&amp;gt; 0 on SelectChannelEndPoint@101bb8cc{/127.0.0.1:52037&amp;lt;-&amp;gt;8080,Open,in,out,R,-,1/60000,HttpConnection}{io=1,kio=0,kro=1}
      
15:06:47.999 [qtp1105322512-33-selector-ServerConnectorManager@1530c739/0]
       DEBUG o.e.jetty.io.SelectChannelEndPoint - Local interests
       updating 1 -&amp;gt; 0 for SelectChannelEndPoint@101bb8cc{/127.0.0.1:52037&amp;lt;-&amp;gt;8080,Open,in,out,R,-,1/60000,HttpConnection}{io=0,kio=0,kro=1}
      
15:06:47.999 [qtp1105322512-33-selector-ServerConnectorManager@1530c739/0]
       DEBUG org.eclipse.jetty.io.SelectorManager - Running change
       org.eclipse.jetty.io.SelectChannelEndPoint$1@4f35e187
15:06:47.999
       [qtp1105322512-33-selector-ServerConnectorManager@1530c739/0]
       DEBUG o.e.jetty.io.AbstractConnection - FILL_INTERESTED--&amp;gt;FILLING
       HttpConnection@2a5e4c7{FILLING}
15:06:47.999 [qtp1105322512-33-selector-ServerConnectorManager@1530c739/0]
       DEBUG org.eclipse.jetty.io.SelectorManager - Selector loop
       waiting on select
15:06:48.048 [qtp1105322512-35] DEBUG o.e.jetty.server.HttpConnection
       - HttpConnection@2a5e4c7{FILLING} onFillable HttpChannelState@75885fa1{s=IDLE
       i=true a=null}
15:06:48.048 [qtp1105322512-35] DEBUG org.eclipse.jetty.io.ChannelEndPoint
       - filled 157 SelectChannelEndPoint@101bb8cc{/127.0.0.1:52037&amp;lt;-&amp;gt;8080,Open,in,out,-,-,50/60000,HttpConnection}{io=0,kio=0,kro=1}
      
15:06:48.048 [qtp1105322512-35] DEBUG org.eclipse.jetty.http.HttpParser
       - parseNext s=START HeapByteBuffer@f91d4a99[p=0,l=157,c=8192,r=157]={&amp;lt;&amp;lt;&amp;lt;GET
       /base HTTP/1.... keep-alive\r\n\r\n&amp;gt;&amp;gt;&amp;gt;\r\n\r\n\n\r\n\x00\x00\x00\x00\x00\x00\x00\x00\x00\x00...\x00\x00\x00\x00\x00\x00\x00\x00\x00\x00\x00\x00\x00\x00\x00}
      
15:06:48.048 [qtp1105322512-35] DEBUG org.eclipse.jetty.http.HttpParser
       - START --&amp;gt; SPACE1
15:06:48.048 [qtp1105322512-35]
       DEBUG org.eclipse.jetty.http.HttpParser - SPACE1 --&amp;gt;
       URI
15:06:48.048 [qtp1105322512-35] DEBUG org.eclipse.jetty.http.HttpParser
       - URI --&amp;gt; SPACE2
15:06:48.048 [qtp1105322512-35] DEBUG
       org.eclipse.jetty.http.HttpParser - SPACE2 --&amp;gt; REQUEST_VERSION
      
15:06:48.048 [qtp1105322512-35] DEBUG org.eclipse.jetty.http.HttpParser
       - REQUEST_VERSION --&amp;gt; HEADER
15:06:48.048 [qtp1105322512-35]
       DEBUG org.eclipse.jetty.http.HttpParser - HEADER --&amp;gt;
       HEADER_VALUE
15:06:48.048 [qtp1105322512-35] DEBUG org.eclipse.jetty.http.HttpParser
       - HEADER_VALUE --&amp;gt; HEADER_IN_VALUE
15:06:48.049 [qtp1105322512-35]
       DEBUG org.eclipse.jetty.http.HttpParser - HEADER_IN_VALUE
       --&amp;gt; HEADER
15:06:48.049 [qtp1105322512-35] DEBUG org.eclipse.jetty.http.HttpParser
       - HEADER --&amp;gt; HEADER_VALUE
15:06:48.049 [qtp1105322512-35]
       DEBUG org.eclipse.jetty.http.HttpParser - HEADER_VALUE --&amp;gt;
       HEADER_IN_VALUE
15:06:48.049 [qtp1105322512-35] DEBUG org.eclipse.jetty.http.HttpParser
       - HEADER_IN_VALUE --&amp;gt; HEADER
15:06:48.049 [qtp1105322512-35]
       DEBUG org.eclipse.jetty.http.HttpParser - HEADER --&amp;gt;
       HEADER_VALUE
15:06:48.049 [qtp1105322512-35] DEBUG org.eclipse.jetty.http.HttpParser
       - HEADER_VALUE --&amp;gt; HEADER_IN_VALUE
15:06:48.049 [qtp1105322512-35]
       DEBUG org.eclipse.jetty.http.HttpParser - HEADER_IN_VALUE
       --&amp;gt; HEADER
15:06:48.050 [qtp1105322512-35] DEBUG org.eclipse.jetty.http.HttpParser
       - HEADER --&amp;gt; HEADER_IN_VALUE
15:06:48.050 [qtp1105322512-35]
       DEBUG org.eclipse.jetty.http.HttpParser - HEADER_IN_VALUE
       --&amp;gt; HEADER
15:06:48.050 [qtp1105322512-35] DEBUG org.eclipse.jetty.http.HttpParser
       - HEADER --&amp;gt; END
15:06:48.051 [qtp1105322512-35] DEBUG
       org.eclipse.jetty.server.HttpChannel - HttpChannelOverHttp@26686565{r=1,c=false,a=IDLE,uri=-}
       messageComplete
15:06:48.051 [qtp1105322512-35] DEBUG org.eclipse.jetty.server.HttpInput
       - HttpInputOverHTTP@11fcd050 EOF
15:06:48.051 [qtp1105322512-35]
       DEBUG org.eclipse.jetty.server.HttpChannel - HttpChannelOverHttp@26686565{r=1,c=false,a=IDLE,uri=-}
       handle enter
15:06:48.051 [qtp1105322512-35 - /base] DEBUG
       o.e.jetty.server.HttpChannelState - HttpChannelState@75885fa1{s=IDLE
       i=true a=null} handling IDLE
15:06:48.051 [qtp1105322512-35
       - /base] DEBUG org.eclipse.jetty.server.HttpChannel - HttpChannelOverHttp@26686565{r=1,c=false,a=DISPATCHED,uri=/base}
       action REQUEST_DISPATCH
15:06:48.051 [qtp1105322512-35 -
       /base] DEBUG org.eclipse.jetty.server.Server - REQUEST GET
       /base on HttpChannelOverHttp@26686565{r=1,c=false,a=DISPATCHED,uri=/base}
      
15:06:48.051 [qtp1105322512-35 - /base] DEBUG o.e.j.server.handler.ContextHandler
       - scope null||/base @ o.e.j.s.ServletContextHandler@6f46426d{/,null,AVAILABLE}
      
15:06:48.051 [qtp1105322512-35 - /base] DEBUG o.e.j.server.handler.ContextHandler
       - context=||/base @ o.e.j.s.ServletContextHandler@6f46426d{/,null,AVAILABLE}
      
15:06:48.051 [qtp1105322512-35 - /base] DEBUG org.eclipse.jetty.server.session
       - sessionManager=org.eclipse.jetty.server.session.HashSessionManager@32ee6fee
      
15:06:48.051 [qtp1105322512-35 - /base] DEBUG org.eclipse.jetty.server.session
       - session=null
15:06:48.051 [qtp1105322512-35 - /base] DEBUG
       o.e.jetty.servlet.ServletHandler - servlet ||/base -&amp;gt;
       org.apache.felix.http.base.internal.DispatcherServlet-4738a206@cebacce0==org.apache.felix.http.base.internal.DispatcherServlet,-1,true
      
15:06:48.051 [qtp1105322512-35 - /base] DEBUG o.e.jetty.servlet.ServletHandler
       - chain=null
15:06:48.053 [qtp1105322512-35 - /base] DEBUG
       o.e.jetty.server.HttpConnection - org.eclipse.jetty.server.HttpConnection$SendCallback@135da3ac[PROCESSING][i=ResponseInfo{HTTP/1.1
       404 null,282,false},cb=org.eclipse.jetty.server.HttpChannel$CommitCallback@2015b01a]
       generate: NEED_HEADER (null,[p=0,l=282,c=2048,r=282],true)@START
      
15:06:48.053 [qtp1105322512-35 - /base] DEBUG o.e.jetty.server.HttpConnection
       - org.eclipse.jetty.server.HttpConnection$SendCallback@135da3ac[PROCESSING][i=ResponseInfo{HTTP/1.1
       404 null,282,false},cb=org.eclipse.jetty.server.HttpChannel$CommitCallback@2015b01a]
       generate: FLUSH ([p=0,l=249,c=16384,r=249],[p=0,l=282,c=2048,r=282],true)@COMPLETING
      
15:06:48.053 [qtp1105322512-35 - /base] DEBUG org.eclipse.jetty.io.WriteFlusher
       - write: WriteFlusher@330c45f4{IDLE} [HeapByteBuffer@4633a9c3[p=0,l=249,c=16384,r=249]={&amp;lt;&amp;lt;&amp;lt;HTTP/1.1
       404 Not ....v20150224)\r\n\r\n&amp;gt;&amp;gt;&amp;gt;y(9.2.9.v20150224...\x00\x00\x00\x00\x00\x00\x00\x00\x00\x00\x00\x00\x00\x00\x00},HeapByteBuffer@40c560e3[p=0,l=282,c=2048,r=282]={&amp;lt;&amp;lt;&amp;lt;&amp;lt;html&amp;gt;\n&amp;lt;head&amp;gt;\n&amp;lt;me.../body&amp;gt;\n&amp;lt;/html&amp;gt;\n&amp;gt;&amp;gt;&amp;gt;\x00\x00\x00\x00\x00\x00\x00\x00\x00\x00\x00\x00\x00\x00\x00\x00\x00...\x00\x00\x00\x00\x00\x00\x00\x00\x00\x00\x00\x00\x00\x00\x00}]
      
15:06:48.053 [qtp1105322512-35 - /base] DEBUG org.eclipse.jetty.io.WriteFlusher
       - update WriteFlusher@330c45f4{WRITING}:IDLE--&amp;gt;WRITING
      
15:06:48.057 [qtp1105322512-35 - /base] DEBUG org.eclipse.jetty.io.ChannelEndPoint
       - flushed 531 SelectChannelEndPoint@101bb8cc{/127.0.0.1:52037&amp;lt;-&amp;gt;8080,Open,in,out,-,W,9/60000,HttpConnection}{io=0,kio=0,kro=1}
      
15:06:48.057 [qtp1105322512-35 - /base] DEBUG org.eclipse.jetty.io.WriteFlusher
       - update WriteFlusher@330c45f4{IDLE}:WRITING--&amp;gt;IDLE
      
15:06:48.057 [qtp1105322512-35 - /base] DEBUG o.e.jetty.server.HttpConnection
       - org.eclipse.jetty.server.HttpConnection$SendCallback@135da3ac[PROCESSING][i=ResponseInfo{HTTP/1.1
       404 null,282,false},cb=org.eclipse.jetty.server.HttpChannel$CommitCallback@2015b01a]
       generate: DONE ([p=249,l=249,c=16384,r=0],[p=282,l=282,c=2048,r=0],true)@END
      
15:06:48.058 [qtp1105322512-35 - /base] DEBUG org.eclipse.jetty.server.Server
       - RESPONSE /base  404 handled=true
15:06:48.058 [qtp1105322512-35
       - /base] DEBUG o.e.jetty.server.HttpChannelState - HttpChannelState@75885fa1{s=DISPATCHED
       i=true a=null} unhandle DISPATCHED
15:06:48.058 [qtp1105322512-35
       - /base] DEBUG org.eclipse.jetty.http.HttpParser - reset HttpParser{s=END,0
       of 0}
15:06:48.058 [qtp1105322512-35 - /base] DEBUG org.eclipse.jetty.http.HttpParser
       - END --&amp;gt; START
15:06:48.058 [qtp1105322512-35] DEBUG
       org.eclipse.jetty.server.HttpChannel - HttpChannelOverHttp@26686565{r=1,c=false,a=IDLE,uri=-}
       handle exit, result COMPLETE
15:06:48.058 [qtp1105322512-35]
       DEBUG org.eclipse.jetty.io.ChannelEndPoint - filled -1 SelectChannelEndPoint@101bb8cc{/127.0.0.1:52037&amp;lt;-&amp;gt;8080,Open,in,out,-,-,1/60000,HttpConnection}{io=0,kio=0,kro=1}
      
15:06:48.058 [qtp1105322512-35] DEBUG org.eclipse.jetty.io.ChannelEndPoint
       - ishut SelectChannelEndPoint@101bb8cc{/127.0.0.1:52037&amp;lt;-&amp;gt;8080,Open,in,out,-,-,1/60000,HttpConnection}{io=0,kio=0,kro=1}
      
15:06:48.058 [qtp1105322512-35] DEBUG org.eclipse.jetty.http.HttpParser
       - atEOF HttpParser{s=START,0 of -1}
15:06:48.059 [qtp1105322512-35]
       DEBUG org.eclipse.jetty.http.HttpParser - parseNext s=START
       HeapByteBuffer@51216a63[p=0,l=0,c=8192,r=0]={&amp;lt;&amp;lt;&amp;lt;&amp;gt;&amp;gt;&amp;gt;GET
       /prefix/base ...\x00\x00\x00\x00\x00\x00\x00\x00\x00\x00\x00\x00\x00\x00\x00}
      
15:06:48.059 [qtp1105322512-35] DEBUG org.eclipse.jetty.http.HttpParser
       - START --&amp;gt; CLOSED
15:06:48.059 [qtp1105322512-35]
       DEBUG o.eclipse.jetty.io.AbstractEndPoint - onClose SelectChannelEndPoint@101bb8cc{/127.0.0.1:52037&amp;lt;-&amp;gt;8080,CLOSED,ISHUT,out,-,-,2/60000,HttpConnection}{io=0,kio=0,kro=1}
      
15:06:48.059 [qtp1105322512-35] DEBUG org.eclipse.jetty.io.ChannelEndPoint
       - close SelectChannelEndPoint@101bb8cc{/127.0.0.1:52037&amp;lt;-&amp;gt;8080,CLOSED,ISHUT,out,-,-,2/60000,HttpConnection}{io=0,kio=0,kro=1}
      
15:06:48.059 [qtp1105322512-35] DEBUG org.eclipse.jetty.io.SelectorManager
       - Destroyed SelectChannelEndPoint@101bb8cc{/127.0.0.1:52037&amp;lt;-&amp;gt;8080,CLOSED,ISHUT,OSHUT,-,-,2/60000,HttpConnection}{io=0,kio=-1,kro=-1}
      
15:06:48.059 [qtp1105322512-35] DEBUG o.e.jetty.io.AbstractConnection
       - onClose HttpConnection@2a5e4c7{FILLING}
15:06:48.059 [qtp1105322512-35]
       DEBUG o.eclipse.jetty.io.AbstractEndPoint - onClose SelectChannelEndPoint@101bb8cc{/127.0.0.1:52037&amp;lt;-&amp;gt;8080,CLOSED,ISHUT,OSHUT,-,-,2/60000,HttpConnection}{io=0,kio=-1,kro=-1}
      
15:06:48.059 [qtp1105322512-35] DEBUG o.e.jetty.io.AbstractConnection
       - FILLING--&amp;gt;IDLE HttpConnection@2a5e4c7{IDLE}
15:06:48.078
       [qtp1105322512-37-acceptor-0@59402b8f-ServerConnector@6892b3b6{HTTP/1.1}{0.0.0.0:8080}]
       DEBUG org.eclipse.jetty.io.SelectorManager - Queued change
       org.eclipse.jetty.io.SelectorManager$ManagedSelector$Accept@62672ffa
      
15:06:48.081 [qtp1105322512-34-selector-ServerConnectorManager@1530c739/1]
       DEBUG org.eclipse.jetty.io.SelectorManager - Selector loop
       woken up from select, 0/0 selected
15:06:48.081 [qtp1105322512-34-selector-ServerConnectorManager@1530c739/1]
       DEBUG org.eclipse.jetty.io.SelectorManager - Running change
       org.eclipse.jetty.io.SelectorManager$ManagedSelector$Accept@62672ffa
      
15:06:48.081 [qtp1105322512-34-selector-ServerConnectorManager@1530c739/1]
       DEBUG o.eclipse.jetty.io.AbstractEndPoint - onOpen SelectChannelEndPoint@1cd6ee46{/127.0.0.1:52038&amp;lt;-&amp;gt;8080,Open,in,out,-,-,0/60000,null}{io=0,kio=0,kro=0}
      
15:06:48.081 [qtp1105322512-34-selector-ServerConnectorManager@1530c739/1]
       DEBUG org.eclipse.jetty.io.IdleTimeout - SelectChannelEndPoint@1cd6ee46{/127.0.0.1:52038&amp;lt;-&amp;gt;8080,Open,in,out,-,-,0/60000,null}{io=0,kio=0,kro=0}
       idle timeout check, elapsed: 0 ms, remaining: 60000 ms
15:06:48.082
       [qtp1105322512-34-selector-ServerConnectorManager@1530c739/1]
       DEBUG org.eclipse.jetty.server.HttpChannel - new HttpChannelOverHttp@3f750c8e{r=0,c=false,a=IDLE,uri=-}
       -&amp;gt; SelectChannelEndPoint@1cd6ee46{/127.0.0.1:52038&amp;lt;-&amp;gt;8080,Open,in,out,-,-,1/60000,null}{io=0,kio=0,kro=0},null,HttpChannelState@2473881b{s=IDLE
       i=true a=null}
15:06:48.082 [qtp1105322512-34-selector-ServerConnectorManager@1530c739/1]
       DEBUG o.e.jetty.server.HttpConnection - New HTTP Connection
       HttpConnection@7abd7838{IDLE}
15:06:48.082 [qtp1105322512-34-selector-ServerConnectorManager@1530c739/1]
       DEBUG o.e.jetty.io.AbstractConnection - onOpen HttpConnection@7abd7838{IDLE}
      
15:06:48.082 [qtp1105322512-34-selector-ServerConnectorManager@1530c739/1]
       DEBUG o.e.jetty.io.AbstractConnection - fillInterested HttpConnection@7abd7838{IDLE}
      
15:06:48.082 [qtp1105322512-34-selector-ServerConnectorManager@1530c739/1]
       DEBUG o.e.jetty.io.AbstractConnection - IDLE--&amp;gt;FILL_INTERESTED
       HttpConnection@7abd7838{FILL_INTERESTED}
15:06:48.082 [qtp1105322512-34-selector-ServerConnectorManager@1530c739/1]
       DEBUG o.e.jetty.io.SelectChannelEndPoint - Local interests
       updating 0 -&amp;gt; 1 for SelectChannelEndPoint@1cd6ee46{/127.0.0.1:52038&amp;lt;-&amp;gt;8080,Open,in,out,R,-,0/60000,HttpConnection}{io=1,kio=0,kro=0}
      
15:06:48.082 [qtp1105322512-34-selector-ServerConnectorManager@1530c739/1]
       DEBUG org.eclipse.jetty.io.SelectorManager - Running change
       org.eclipse.jetty.io.SelectChannelEndPoint$1@51b20df7
15:06:48.082
       [qtp1105322512-34-selector-ServerConnectorManager@1530c739/1]
       DEBUG o.e.jetty.io.SelectChannelEndPoint - Key interests updated
       0 -&amp;gt; 1 on SelectChannelEndPoint@1cd6ee46{/127.0.0.1:52038&amp;lt;-&amp;gt;8080,Open,in,out,R,-,0/60000,HttpConnection}{io=1,kio=1,kro=0}
      
15:06:48.082 [qtp1105322512-34-selector-ServerConnectorManager@1530c739/1]
       DEBUG org.eclipse.jetty.io.SelectorManager - Created SelectChannelEndPoint@1cd6ee46{/127.0.0.1:52038&amp;lt;-&amp;gt;8080,Open,in,out,R,-,0/60000,HttpConnection}{io=1,kio=1,kro=0}
      
15:06:48.082 [qtp1105322512-34-selector-ServerConnectorManager@1530c739/1]
       DEBUG org.eclipse.jetty.io.SelectorManager - Selector loop
       waiting on select
15:06:48.082 [qtp1105322512-34-selector-ServerConnectorManager@1530c739/1]
       DEBUG org.eclipse.jetty.io.SelectorManager - Selector loop
       woken up from select, 1/1 selected
15:06:48.082 [qtp1105322512-34-selector-ServerConnectorManager@1530c739/1]
       DEBUG o.e.jetty.io.SelectChannelEndPoint - Key interests updated
       1 -&amp;gt; 0 on SelectChannelEndPoint@1cd6ee46{/127.0.0.1:52038&amp;lt;-&amp;gt;8080,Open,in,out,R,-,0/60000,HttpConnection}{io=1,kio=0,kro=1}
      
15:06:48.082 [qtp1105322512-34-selector-ServerConnectorManager@1530c739/1]
       DEBUG o.e.jetty.io.SelectChannelEndPoint - Local interests
       updating 1 -&amp;gt; 0 for SelectChannelEndPoint@1cd6ee46{/127.0.0.1:52038&amp;lt;-&amp;gt;8080,Open,in,out,R,-,0/60000,HttpConnection}{io=0,kio=0,kro=1}
      
15:06:48.082 [qtp1105322512-34-selector-ServerConnectorManager@1530c739/1]
       DEBUG org.eclipse.jetty.io.SelectorManager - Running change
       org.eclipse.jetty.io.SelectChannelEndPoint$1@51b20df7
15:06:48.082
       [qtp1105322512-34-selector-ServerConnectorManager@1530c739/1]
       DEBUG o.e.jetty.io.AbstractConnection - FILL_INTERESTED--&amp;gt;FILLING
       HttpConnection@7abd7838{FILLING}
15:06:48.082 [qtp1105322512-34-selector-ServerConnectorManager@1530c739/1]
       DEBUG org.eclipse.jetty.io.SelectorManager - Selector loop
       waiting on select
15:06:48.083 [qtp1105322512-32] DEBUG o.e.jetty.server.HttpConnection
       - HttpConnection@7abd7838{FILLING} onFillable HttpChannelState@2473881b{s=IDLE
       i=true a=null}
15:06:48.083 [qtp1105322512-32] DEBUG org.eclipse.jetty.io.ChannelEndPoint
       - filled 161 SelectChannelEndPoint@1cd6ee46{/127.0.0.1:52038&amp;lt;-&amp;gt;8080,Open,in,out,-,-,1/60000,HttpConnection}{io=0,kio=0,kro=1}
      
15:06:48.083 [qtp1105322512-32] DEBUG org.eclipse.jetty.http.HttpParser
       - parseNext s=START HeapByteBuffer@40ff2b02[p=0,l=161,c=8192,r=161]={&amp;lt;&amp;lt;&amp;lt;GET
       /base/sub HTT... keep-alive\r\n\r\n&amp;gt;&amp;gt;&amp;gt;\n\r\n\x00\x00\x00\x00\x00\x00\x00\x00\x00\x00\x00\x00\x00\x00...\x00\x00\x00\x00\x00\x00\x00\x00\x00\x00\x00\x00\x00\x00\x00}
      
15:06:48.083 [qtp1105322512-32] DEBUG org.eclipse.jetty.http.HttpParser
       - START --&amp;gt; SPACE1
15:06:48.083 [qtp1105322512-32]
       DEBUG org.eclipse.jetty.http.HttpParser - SPACE1 --&amp;gt;
       URI
15:06:48.083 [qtp1105322512-32] DEBUG org.eclipse.jetty.http.HttpParser
       - URI --&amp;gt; SPACE2
15:06:48.083 [qtp1105322512-32] DEBUG
       org.eclipse.jetty.http.HttpParser - SPACE2 --&amp;gt; REQUEST_VERSION
      
15:06:48.083 [qtp1105322512-32] DEBUG org.eclipse.jetty.http.HttpParser
       - REQUEST_VERSION --&amp;gt; HEADER
15:06:48.083 [qtp1105322512-32]
       DEBUG org.eclipse.jetty.http.HttpParser - HEADER --&amp;gt;
       HEADER_VALUE
15:06:48.083 [qtp1105322512-32] DEBUG org.eclipse.jetty.http.HttpParser
       - HEADER_VALUE --&amp;gt; HEADER_IN_VALUE
15:06:48.084 [qtp1105322512-32]
       DEBUG org.eclipse.jetty.http.HttpParser - HEADER_IN_VALUE
       --&amp;gt; HEADER
15:06:48.084 [qtp1105322512-32] DEBUG org.eclipse.jetty.http.HttpParser
       - HEADER --&amp;gt; HEADER_VALUE
15:06:48.084 [qtp1105322512-32]
       DEBUG org.eclipse.jetty.http.HttpParser - HEADER_VALUE --&amp;gt;
       HEADER_IN_VALUE
15:06:48.084 [qtp1105322512-32] DEBUG org.eclipse.jetty.http.HttpParser
       - HEADER_IN_VALUE --&amp;gt; HEADER
15:06:48.084 [qtp1105322512-32]
       DEBUG org.eclipse.jetty.http.HttpParser - HEADER --&amp;gt;
       HEADER_VALUE
15:06:48.084 [qtp1105322512-32] DEBUG org.eclipse.jetty.http.HttpParser
       - HEADER_VALUE --&amp;gt; HEADER_IN_VALUE
15:06:48.084 [qtp1105322512-32]
       DEBUG org.eclipse.jetty.http.HttpParser - HEADER_IN_VALUE
       --&amp;gt; HEADER
15:06:48.084 [qtp1105322512-32] DEBUG org.eclipse.jetty.http.HttpParser
       - HEADER --&amp;gt; HEADER_IN_VALUE
15:06:48.084 [qtp1105322512-32]
       DEBUG org.eclipse.jetty.http.HttpParser - HEADER_IN_VALUE
       --&amp;gt; HEADER
15:06:48.084 [qtp1105322512-32] DEBUG org.eclipse.jetty.http.HttpParser
       - HEADER --&amp;gt; END
15:06:48.084 [qtp1105322512-32] DEBUG
       org.eclipse.jetty.server.HttpChannel - HttpChannelOverHttp@3f750c8e{r=1,c=false,a=IDLE,uri=-}
       messageComplete
15:06:48.084 [qtp1105322512-32] DEBUG org.eclipse.jetty.server.HttpInput
       - HttpInputOverHTTP@3910a6 EOF
15:06:48.084 [qtp1105322512-32]
       DEBUG org.eclipse.jetty.server.HttpChannel - HttpChannelOverHttp@3f750c8e{r=1,c=false,a=IDLE,uri=-}
       handle enter
15:06:48.084 [qtp1105322512-32 - /base/sub]
       DEBUG o.e.jetty.server.HttpChannelState - HttpChannelState@2473881b{s=IDLE
       i=true a=null} handling IDLE
15:06:48.084 [qtp1105322512-32
       - /base/sub] DEBUG org.eclipse.jetty.server.HttpChannel -
       HttpChannelOverHttp@3f750c8e{r=1,c=false,a=DISPATCHED,uri=/base/sub}
       action REQUEST_DISPATCH
15:06:48.084 [qtp1105322512-32 -
       /base/sub] DEBUG org.eclipse.jetty.server.Server - REQUEST
       GET /base/sub on HttpChannelOverHttp@3f750c8e{r=1,c=false,a=DISPATCHED,uri=/base/sub}
      
15:06:48.085 [qtp1105322512-32 - /base/sub] DEBUG o.e.j.server.handler.ContextHandler
       - scope null||/base/sub @ o.e.j.s.ServletContextHandler@6f46426d{/,null,AVAILABLE}
      
15:06:48.085 [qtp1105322512-32 - /base/sub] DEBUG o.e.j.server.handler.ContextHandler
       - context=||/base/sub @ o.e.j.s.ServletContextHandler@6f46426d{/,null,AVAILABLE}
      
15:06:48.085 [qtp1105322512-32 - /base/sub] DEBUG org.eclipse.jetty.server.session
       - sessionManager=org.eclipse.jetty.server.session.HashSessionManager@32ee6fee
      
15:06:48.085 [qtp1105322512-32 - /base/sub] DEBUG org.eclipse.jetty.server.session
       - session=null
15:06:48.085 [qtp1105322512-32 - /base/sub]
       DEBUG o.e.jetty.servlet.ServletHandler - servlet ||/base/sub
       -&amp;gt; org.apache.felix.http.base.internal.DispatcherServlet-4738a206@cebacce0==org.apache.felix.http.base.internal.DispatcherServlet,-1,true
      
15:06:48.085 [qtp1105322512-32 - /base/sub] DEBUG o.e.jetty.servlet.ServletHandler
       - chain=null
15:06:48.086 [qtp1105322512-32 - /base/sub]
       DEBUG o.e.jetty.server.HttpConnection - org.eclipse.jetty.server.HttpConnection$SendCallback@25b60dfc[PROCESSING][i=ResponseInfo{HTTP/1.1
       200 null,-1,false},cb=org.eclipse.jetty.server.HttpChannel$CommitCallback@1a8b5368]
       generate: NEED_HEADER (null,[p=0,l=3,c=24576,r=3],false)@START
      
15:06:48.087 [qtp1105322512-32 - /base/sub] DEBUG o.e.jetty.server.HttpConnection
       - org.eclipse.jetty.server.HttpConnection$SendCallback@25b60dfc[PROCESSING][i=ResponseInfo{HTTP/1.1
       200 null,-1,false},cb=org.eclipse.jetty.server.HttpChannel$CommitCallback@1a8b5368]
       generate: FLUSH ([p=0,l=182,c=16384,r=182],[p=0,l=3,c=24576,r=3],false)@COMMITTED
      
15:06:48.087 [qtp1105322512-32 - /base/sub] DEBUG org.eclipse.jetty.io.WriteFlusher
       - write: WriteFlusher@52ffccbf{IDLE} [HeapByteBuffer@982c8a4[p=0,l=182,c=16384,r=182]={&amp;lt;&amp;lt;&amp;lt;HTTP/1.1
       200 OK\r\n...0150224)\r\n\r\n3\r\n&amp;gt;&amp;gt;&amp;gt;r:
       Jetty(9.2.9.v2...\x00\x00\x00\x00\x00\x00\x00\x00\x00\x00\x00\x00\x00\x00\x00},HeapByteBuffer@4d773909[p=0,l=3,c=24576,r=3]={&amp;lt;&amp;lt;&amp;lt;sub&amp;gt;&amp;gt;&amp;gt;eo
       Worldello Worl...\x00\x00\x00\x00\x00\x00\x00\x00\x00\x00\x00\x00\x00\x00\x00}]
      
15:06:48.087 [qtp1105322512-32 - /base/sub] DEBUG org.eclipse.jetty.io.WriteFlusher
       - update WriteFlusher@52ffccbf{WRITING}:IDLE--&amp;gt;WRITING
      
15:06:48.087 [qtp1105322512-32 - /base/sub] DEBUG org.eclipse.jetty.io.ChannelEndPoint
       - flushed 185 SelectChannelEndPoint@1cd6ee46{/127.0.0.1:52038&amp;lt;-&amp;gt;8080,Open,in,out,-,W,4/60000,HttpConnection}{io=0,kio=0,kro=1}
      
15:06:48.087 [qtp1105322512-32 - /base/sub] DEBUG org.eclipse.jetty.io.WriteFlusher
       - update WriteFlusher@52ffccbf{IDLE}:WRITING--&amp;gt;IDLE
      
15:06:48.087 [qtp1105322512-32 - /base/sub] DEBUG o.e.jetty.server.HttpConnection
       - org.eclipse.jetty.server.HttpConnection$SendCallback@25b60dfc[PROCESSING][i=ResponseInfo{HTTP/1.1
       200 null,-1,false},cb=org.eclipse.jetty.server.HttpChannel$CommitCallback@1a8b5368]
       generate: DONE ([p=182,l=182,c=16384,r=0],[p=3,l=3,c=24576,r=0],false)@COMMITTED
      
15:06:48.087 [qtp1105322512-32 - /base/sub] DEBUG org.eclipse.jetty.server.Server
       - RESPONSE /base/sub  200 handled=true
15:06:48.087 [qtp1105322512-32
       - /base/sub] DEBUG o.e.jetty.server.HttpChannelState - HttpChannelState@2473881b{s=DISPATCHED
       i=true a=null} unhandle DISPATCHED
15:06:48.087 [qtp1105322512-32
       - /base/sub] DEBUG o.e.jetty.server.HttpConnection - org.eclipse.jetty.server.HttpConnection$SendCallback@25b60dfc[PROCESSING][i=null,cb=Blocker@6c11b249{null}]
       generate: CONTINUE (null,[p=0,l=0,c=0,r=0],true)@COMPLETING
      
15:06:48.087 [qtp1105322512-32 - /base/sub] DEBUG o.e.jetty.server.HttpConnection
       - org.eclipse.jetty.server.HttpConnection$SendCallback@25b60dfc[PROCESSING][i=null,cb=Blocker@6c11b249{null}]
       generate: NEED_CHUNK (null,[p=0,l=0,c=0,r=0],true)@COMPLETING
      
15:06:48.107 [qtp1105322512-37-acceptor-0@59402b8f-ServerConnector@6892b3b6{HTTP/1.1}{0.0.0.0:8080}]
       DEBUG org.eclipse.jetty.io.SelectorManager - Queued change
       org.eclipse.jetty.io.SelectorManager$ManagedSelector$Accept@5294ce2e
      
15:06:48.108 [qtp1105322512-32 - /base/sub] DEBUG o.e.jetty.server.HttpConnection
       - org.eclipse.jetty.server.HttpConnection$SendCallback@25b60dfc[PROCESSING][i=null,cb=Blocker@6c11b249{null}]
       generate: FLUSH (null,[p=0,l=0,c=0,r=0],true)@COMPLETING
      
15:06:48.108 [qtp1105322512-32 - /base/sub] DEBUG org.eclipse.jetty.io.WriteFlusher
       - write: WriteFlusher@52ffccbf{IDLE} [HeapByteBuffer@6239c7f4[p=0,l=7,c=1024,r=7]={&amp;lt;&amp;lt;&amp;lt;\r\n0\r\n\r\n&amp;gt;&amp;gt;&amp;gt;\x00\x00\x00\x00\x00\x00\x00\x00\x00\x00\x00\x00\x00\x00\x00\x00\x00...\x00\x00\x00\x00\x00\x00\x00\x00\x00\x00\x00\x00\x00\x00\x00}]
      
15:06:48.108 [qtp1105322512-33-selector-ServerConnectorManager@1530c739/0]
       DEBUG org.eclipse.jetty.io.SelectorManager - Selector loop
       woken up from select, 0/0 selected
15:06:48.108 [qtp1105322512-32
       - /base/sub] DEBUG org.eclipse.jetty.io.WriteFlusher - update
       WriteFlusher@52ffccbf{WRITING}:IDLE--&amp;gt;WRITING
15:06:48.108
       [qtp1105322512-33-selector-ServerConnectorManager@1530c739/0]
       DEBUG org.eclipse.jetty.io.SelectorManager - Running change
       org.eclipse.jetty.io.SelectorManager$ManagedSelector$Accept@5294ce2e
      
15:06:48.108 [qtp1105322512-32 - /base/sub] DEBUG org.eclipse.jetty.io.ChannelEndPoint
       - flushed 7 SelectChannelEndPoint@1cd6ee46{/127.0.0.1:52038&amp;lt;-&amp;gt;8080,Open,in,out,-,W,21/60000,HttpConnection}{io=0,kio=0,kro=1}
      
15:06:48.108 [qtp1105322512-33-selector-ServerConnectorManager@1530c739/0]
       DEBUG o.eclipse.jetty.io.AbstractEndPoint - onOpen SelectChannelEndPoint@1dd1c1fd{/127.0.0.1:52039&amp;lt;-&amp;gt;8080,Open,in,out,-,-,0/60000,null}{io=0,kio=0,kro=0}
      
15:06:48.109 [qtp1105322512-32 - /base/sub] DEBUG org.eclipse.jetty.io.WriteFlusher
       - update WriteFlusher@52ffccbf{IDLE}:WRITING--&amp;gt;IDLE
      
15:06:48.109 [qtp1105322512-33-selector-ServerConnectorManager@1530c739/0]
       DEBUG org.eclipse.jetty.io.IdleTimeout - SelectChannelEndPoint@1dd1c1fd{/127.0.0.1:52039&amp;lt;-&amp;gt;8080,Open,in,out,-,-,1/60000,null}{io=0,kio=0,kro=0}
       idle timeout check, elapsed: 1 ms, remaining: 59999 ms
15:06:48.109
       [qtp1105322512-32 - /base/sub] DEBUG o.e.jetty.server.HttpConnection
       - org.eclipse.jetty.server.HttpConnection$SendCallback@25b60dfc[PROCESSING][i=null,cb=Blocker@6c11b249{null}]
       generate: DONE (null,[p=0,l=0,c=0,r=0],true)@END
15:06:48.109
       [qtp1105322512-32 - /base/sub] DEBUG org.eclipse.jetty.http.HttpParser
       - reset HttpParser{s=END,0 of 0}
15:06:48.109 [qtp1105322512-32
       - /base/sub] DEBUG org.eclipse.jetty.http.HttpParser - END
       --&amp;gt; START
15:06:48.109 [qtp1105322512-33-selector-ServerConnectorManager@1530c739/0]
       DEBUG org.eclipse.jetty.server.HttpChannel - new HttpChannelOverHttp@307f8d5c{r=0,c=false,a=IDLE,uri=-}
       -&amp;gt; SelectChannelEndPoint@1dd1c1fd{/127.0.0.1:52039&amp;lt;-&amp;gt;8080,Open,in,out,-,-,1/60000,null}{io=0,kio=0,kro=0},null,HttpChannelState@50a67b0d{s=IDLE
       i=true a=null}
15:06:48.109 [qtp1105322512-32] DEBUG org.eclipse.jetty.server.HttpChannel
       - HttpChannelOverHttp@3f750c8e{r=1,c=false,a=IDLE,uri=-} handle
       exit, result COMPLETE
15:06:48.110 [qtp1105322512-33-selector-ServerConnectorManager@1530c739/0]
       DEBUG o.e.jetty.server.HttpConnection - New HTTP Connection
       HttpConnection@6532fefe{IDLE}
15:06:48.110 [qtp1105322512-33-selector-ServerConnectorManager@1530c739/0]
       DEBUG o.e.jetty.io.AbstractConnection - onOpen HttpConnection@6532fefe{IDLE}
      
15:06:48.110 [qtp1105322512-33-selector-ServerConnectorManager@1530c739/0]
       DEBUG o.e.jetty.io.AbstractConnection - fillInterested HttpConnection@6532fefe{IDLE}
      
15:06:48.110 [qtp1105322512-33-selector-ServerConnectorManager@1530c739/0]
       DEBUG o.e.jetty.io.AbstractConnection - IDLE--&amp;gt;FILL_INTERESTED
       HttpConnection@6532fefe{FILL_INTERESTED}
15:06:48.110 [qtp1105322512-33-selector-ServerConnectorManager@1530c739/0]
       DEBUG o.e.jetty.io.SelectChannelEndPoint - Local interests
       updating 0 -&amp;gt; 1 for SelectChannelEndPoint@1dd1c1fd{/127.0.0.1:52039&amp;lt;-&amp;gt;8080,Open,in,out,R,-,0/60000,HttpConnection}{io=1,kio=0,kro=0}
      
15:06:48.110 [qtp1105322512-33-selector-ServerConnectorManager@1530c739/0]
       DEBUG org.eclipse.jetty.io.SelectorManager - Running change
       org.eclipse.jetty.io.SelectChannelEndPoint$1@76ff158c
15:06:48.110
       [qtp1105322512-32] DEBUG org.eclipse.jetty.io.ChannelEndPoint
       - 
java.io.IOException: An established connection was aborted
       by the software in your host machine
	at sun.nio.ch.SocketDispatcher.read0(Native
       Method) ~[na:1.8.0_40]
	at sun.nio.ch.SocketDispatcher.read(Unknown
       Source) ~[na:1.8.0_40]
	at sun.nio.ch.IOUtil.readIntoNativeBuffer(Unknown
       Source) ~[na:1.8.0_40]
	at sun.nio.ch.IOUtil.read(Unknown
       Source) ~[na:1.8.0_40]
	at sun.nio.ch.SocketChannelImpl.read(Unknown
       Source) ~[na:1.8.0_40]
	at org.eclipse.jetty.io.ChannelEndPoint.fill(ChannelEndPoint.java:140)
       ~[na:na]
	at org.eclipse.jetty.server.HttpConnection.onFillable(HttpConnection.java:239)
       ~[na:na]
	at org.eclipse.jetty.io.AbstractConnection$2.run(AbstractConnection.java:540)
       ~[na:na]
	at org.eclipse.jetty.util.thread.QueuedThreadPool.runJob(QueuedThreadPool.java:635)
       ~[na:na]
	at org.eclipse.jetty.util.thread.QueuedThreadPool$3.run(QueuedThreadPool.java:555)
       ~[na:na]
	at java.lang.Thread.run(Unknown Source) ~[na:1.8.0_40]
      
15:06:48.110 [qtp1105322512-33-selector-ServerConnectorManager@1530c739/0]
       DEBUG o.e.jetty.io.SelectChannelEndPoint - Key interests updated
       0 -&amp;gt; 1 on SelectChannelEndPoint@1dd1c1fd{/127.0.0.1:52039&amp;lt;-&amp;gt;8080,Open,in,out,R,-,0/60000,HttpConnection}{io=1,kio=1,kro=0}
      
15:06:48.111 [qtp1105322512-32] DEBUG org.eclipse.jetty.io.ChannelEndPoint
       - ishut SelectChannelEndPoint@1cd6ee46{/127.0.0.1:52038&amp;lt;-&amp;gt;8080,Open,in,out,-,-,3/60000,HttpConnection}{io=0,kio=0,kro=1}
      
15:06:48.111 [qtp1105322512-33-selector-ServerConnectorManager@1530c739/0]
       DEBUG org.eclipse.jetty.io.SelectorManager - Created SelectChannelEndPoint@1dd1c1fd{/127.0.0.1:52039&amp;lt;-&amp;gt;8080,Open,in,out,R,-,1/60000,HttpConnection}{io=1,kio=1,kro=0}
      
15:06:48.111 [qtp1105322512-32] DEBUG org.eclipse.jetty.http.HttpParser
       - atEOF HttpParser{s=START,0 of -1}
15:06:48.111 [qtp1105322512-33-selector-ServerConnectorManager@1530c739/0]
       DEBUG org.eclipse.jetty.io.SelectorManager - Selector loop
       waiting on select
15:06:48.111 [qtp1105322512-32] DEBUG org.eclipse.jetty.http.HttpParser
       - parseNext s=START HeapByteBuffer@51216a63[p=0,l=0,c=8192,r=0]={&amp;lt;&amp;lt;&amp;lt;&amp;gt;&amp;gt;&amp;gt;GET
       /prefix/base ...\x00\x00\x00\x00\x00\x00\x00\x00\x00\x00\x00\x00\x00\x00\x00}
      
15:06:48.111 [qtp1105322512-33-selector-ServerConnectorManager@1530c739/0]
       DEBUG org.eclipse.jetty.io.SelectorManager - Selector loop
       woken up from select, 1/1 selected
15:06:48.111 [qtp1105322512-32]
       DEBUG org.eclipse.jetty.http.HttpParser - START --&amp;gt;
       CLOSED
15:06:48.111 [qtp1105322512-33-selector-ServerConnectorManager@1530c739/0]
       DEBUG o.e.jetty.io.SelectChannelEndPoint - Key interests updated
       1 -&amp;gt; 0 on SelectChannelEndPoint@1dd1c1fd{/127.0.0.1:52039&amp;lt;-&amp;gt;8080,Open,in,out,R,-,1/60000,HttpConnection}{io=1,kio=0,kro=1}
      
15:06:48.111 [qtp1105322512-32] DEBUG o.eclipse.jetty.io.AbstractEndPoint
       - onClose SelectChannelEndPoint@1cd6ee46{/127.0.0.1:52038&amp;lt;-&amp;gt;8080,CLOSED,ISHUT,out,-,-,3/60000,HttpConnection}{io=0,kio=0,kro=1}
      
15:06:48.111 [qtp1105322512-33-selector-ServerConnectorManager@1530c739/0]
       DEBUG o.e.jetty.io.SelectChannelEndPoint - Local interests
       updating 1 -&amp;gt; 0 for SelectChannelEndPoint@1dd1c1fd{/127.0.0.1:52039&amp;lt;-&amp;gt;8080,Open,in,out,R,-,1/60000,HttpConnection}{io=0,kio=0,kro=1}
      
15:06:48.112 [qtp1105322512-32] DEBUG org.eclipse.jetty.io.ChannelEndPoint
       - close SelectChannelEndPoint@1cd6ee46{/127.0.0.1:52038&amp;lt;-&amp;gt;8080,CLOSED,ISHUT,out,-,-,4/60000,HttpConnection}{io=0,kio=0,kro=1}
      
15:06:48.112 [qtp1105322512-33-selector-ServerConnectorManager@1530c739/0]
       DEBUG org.eclipse.jetty.io.SelectorManager - Running change
       org.eclipse.jetty.io.SelectChannelEndPoint$1@76ff158c
15:06:48.112
       [qtp1105322512-33-selector-ServerConnectorManager@1530c739/0]
       DEBUG o.e.jetty.io.AbstractConnection - FILL_INTERESTED--&amp;gt;FILLING
       HttpConnection@6532fefe{FILLING}
15:06:48.112 [qtp1105322512-32]
       DEBUG org.eclipse.jetty.io.SelectorManager - Destroyed SelectChannelEndPoint@1cd6ee46{/127.0.0.1:52038&amp;lt;-&amp;gt;8080,CLOSED,ISHUT,OSHUT,-,-,4/60000,HttpConnection}{io=0,kio=-1,kro=-1}
      
15:06:48.112 [qtp1105322512-33-selector-ServerConnectorManager@1530c739/0]
       DEBUG org.eclipse.jetty.io.SelectorManager - Selector loop
       waiting on select
15:06:48.112 [qtp1105322512-32] DEBUG o.e.jetty.io.AbstractConnection
       - onClose HttpConnection@7abd7838{FILLING}
15:06:48.112 [qtp1105322512-32]
       DEBUG o.eclipse.jetty.io.AbstractEndPoint - onClose SelectChannelEndPoint@1cd6ee46{/127.0.0.1:52038&amp;lt;-&amp;gt;8080,CLOSED,ISHUT,OSHUT,-,-,4/60000,HttpConnection}{io=0,kio=-1,kro=-1}
      
15:06:48.112 [qtp1105322512-32] DEBUG o.e.jetty.io.AbstractConnection
       - FILLING--&amp;gt;IDLE HttpConnection@7abd7838{IDLE}
15:06:48.112
       [qtp1105322512-32] DEBUG o.e.jetty.server.HttpConnection -
       HttpConnection@6532fefe{FILLING} onFillable HttpChannelState@50a67b0d{s=IDLE
       i=true a=null}
15:06:48.112 [qtp1105322512-32] DEBUG org.eclipse.jetty.io.ChannelEndPoint
       - filled 164 SelectChannelEndPoint@1dd1c1fd{/127.0.0.1:52039&amp;lt;-&amp;gt;8080,Open,in,out,-,-,2/60000,HttpConnection}{io=0,kio=0,kro=1}
      
15:06:48.113 [qtp1105322512-32] DEBUG org.eclipse.jetty.http.HttpParser
       - parseNext s=START HeapByteBuffer@a62eb869[p=0,l=164,c=8192,r=164]={&amp;lt;&amp;lt;&amp;lt;GET
       /prefix/base ... keep-alive\r\n\r\n&amp;gt;&amp;gt;&amp;gt;\x00\x00\x00\x00\x00\x00\x00\x00\x00\x00\x00\x00\x00\x00\x00\x00\x00...\x00\x00\x00\x00\x00\x00\x00\x00\x00\x00\x00\x00\x00\x00\x00}
      
15:06:48.113 [qtp1105322512-32] DEBUG org.eclipse.jetty.http.HttpParser
       - START --&amp;gt; SPACE1
15:06:48.113 [qtp1105322512-32]
       DEBUG org.eclipse.jetty.http.HttpParser - SPACE1 --&amp;gt;
       URI
15:06:48.113 [qtp1105322512-32] DEBUG org.eclipse.jetty.http.HttpParser
       - URI --&amp;gt; SPACE2
15:06:48.113 [qtp1105322512-32] DEBUG
       org.eclipse.jetty.http.HttpParser - SPACE2 --&amp;gt; REQUEST_VERSION
      
15:06:48.113 [qtp1105322512-32] DEBUG org.eclipse.jetty.http.HttpParser
       - REQUEST_VERSION --&amp;gt; HEADER
15:06:48.113 [qtp1105322512-32]
       DEBUG org.eclipse.jetty.http.HttpParser - HEADER --&amp;gt;
       HEADER_VALUE
15:06:48.113 [qtp1105322512-32] DEBUG org.eclipse.jetty.http.HttpParser
       - HEADER_VALUE --&amp;gt; HEADER_IN_VALUE
15:06:48.113 [qtp1105322512-32]
       DEBUG org.eclipse.jetty.http.HttpParser - HEADER_IN_VALUE
       --&amp;gt; HEADER
15:06:48.113 [qtp1105322512-32] DEBUG org.eclipse.jetty.http.HttpParser
       - HEADER --&amp;gt; HEADER_VALUE
15:06:48.113 [qtp1105322512-32]
       DEBUG org.eclipse.jetty.http.HttpParser - HEADER_VALUE --&amp;gt;
       HEADER_IN_VALUE
15:06:48.113 [qtp1105322512-32] DEBUG org.eclipse.jetty.http.HttpParser
       - HEADER_IN_VALUE --&amp;gt; HEADER
15:06:48.113 [qtp1105322512-32]
       DEBUG org.eclipse.jetty.http.HttpParser - HEADER --&amp;gt;
       HEADER_VALUE
15:06:48.113 [qtp1105322512-32] DEBUG org.eclipse.jetty.http.HttpParser
       - HEADER_VALUE --&amp;gt; HEADER_IN_VALUE
15:06:48.113 [qtp1105322512-32]
       DEBUG org.eclipse.jetty.http.HttpParser - HEADER_IN_VALUE
       --&amp;gt; HEADER
15:06:48.113 [qtp1105322512-32] DEBUG org.eclipse.jetty.http.HttpParser
       - HEADER --&amp;gt; HEADER_IN_VALUE
15:06:48.113 [qtp1105322512-32]
       DEBUG org.eclipse.jetty.http.HttpParser - HEADER_IN_VALUE
       --&amp;gt; HEADER
15:06:48.113 [qtp1105322512-32] DEBUG org.eclipse.jetty.http.HttpParser
       - HEADER --&amp;gt; END
15:06:48.113 [qtp1105322512-32] DEBUG
       org.eclipse.jetty.server.HttpChannel - HttpChannelOverHttp@307f8d5c{r=1,c=false,a=IDLE,uri=-}
       messageComplete
15:06:48.114 [qtp1105322512-32] DEBUG org.eclipse.jetty.server.HttpInput
       - HttpInputOverHTTP@79dd8bda EOF
15:06:48.114 [qtp1105322512-32]
       DEBUG org.eclipse.jetty.server.HttpChannel - HttpChannelOverHttp@307f8d5c{r=1,c=false,a=IDLE,uri=-}
       handle enter
15:06:48.114 [qtp1105322512-32 - /prefix/base]
       DEBUG o.e.jetty.server.HttpChannelState - HttpChannelState@50a67b0d{s=IDLE
       i=true a=null} handling IDLE
15:06:48.114 [qtp1105322512-32
       - /prefix/base] DEBUG org.eclipse.jetty.server.HttpChannel
       - HttpChannelOverHttp@307f8d5c{r=1,c=false,a=DISPATCHED,uri=/prefix/base}
       action REQUEST_DISPATCH
15:06:48.114 [qtp1105322512-32 -
       /prefix/base] DEBUG org.eclipse.jetty.server.Server - REQUEST
       GET /prefix/base on HttpChannelOverHttp@307f8d5c{r=1,c=false,a=DISPATCHED,uri=/prefix/base}
      
15:06:48.114 [qtp1105322512-32 - /prefix/base] DEBUG o.e.j.server.handler.ContextHandler
       - scope null||/prefix/base @ o.e.j.s.ServletContextHandler@6f46426d{/,null,AVAILABLE}
      
15:06:48.114 [qtp1105322512-32 - /prefix/base] DEBUG o.e.j.server.handler.ContextHandler
       - context=||/prefix/base @ o.e.j.s.ServletContextHandler@6f46426d{/,null,AVAILABLE}
      
15:06:48.114 [qtp1105322512-32 - /prefix/base] DEBUG org.eclipse.jetty.server.session
       - sessionManager=org.eclipse.jetty.server.session.HashSessionManager@32ee6fee
      
15:06:48.114 [qtp1105322512-32 - /prefix/base] DEBUG org.eclipse.jetty.server.session
       - session=null
15:06:48.114 [qtp1105322512-32 - /prefix/base]
       DEBUG o.e.jetty.servlet.ServletHandler - servlet ||/prefix/base
       -&amp;gt; org.apache.felix.http.base.internal.DispatcherServlet-4738a206@cebacce0==org.apache.felix.http.base.internal.DispatcherServlet,-1,true
      
15:06:48.114 [qtp1105322512-32 - /prefix/base] DEBUG o.e.jetty.servlet.ServletHandler
       - chain=null
15:06:48.126 [qtp1105322512-32 - /prefix/base]
       DEBUG o.e.jetty.server.HttpConnection - org.eclipse.jetty.server.HttpConnection$SendCallback@5f6f8be6[PROCESSING][i=ResponseInfo{HTTP/1.1
       404 null,289,false},cb=org.eclipse.jetty.server.HttpChannel$CommitCallback@3d377022]
       generate: NEED_HEADER (null,[p=0,l=289,c=2048,r=289],true)@START
      
15:06:48.126 [qtp1105322512-32 - /prefix/base] DEBUG o.e.jetty.server.HttpConnection
       - org.eclipse.jetty.server.HttpConnection$SendCallback@5f6f8be6[PROCESSING][i=ResponseInfo{HTTP/1.1
       404 null,289,false},cb=org.eclipse.jetty.server.HttpChannel$CommitCallback@3d377022]
       generate: FLUSH ([p=0,l=249,c=16384,r=249],[p=0,l=289,c=2048,r=289],true)@COMPLETING
      
15:06:48.126 [qtp1105322512-32 - /prefix/base] DEBUG org.eclipse.jetty.io.WriteFlusher
       - write: WriteFlusher@1cad550f{IDLE} [HeapByteBuffer@63d2b09c[p=0,l=249,c=16384,r=249]={&amp;lt;&amp;lt;&amp;lt;HTTP/1.1
       404 Not ....v20150224)\r\n\r\n&amp;gt;&amp;gt;&amp;gt;y(9.2.9.v20150224...\x00\x00\x00\x00\x00\x00\x00\x00\x00\x00\x00\x00\x00\x00\x00},HeapByteBuffer@b401d98a[p=0,l=289,c=2048,r=289]={&amp;lt;&amp;lt;&amp;lt;&amp;lt;html&amp;gt;\n&amp;lt;head&amp;gt;\n&amp;lt;me.../body&amp;gt;\n&amp;lt;/html&amp;gt;\n&amp;gt;&amp;gt;&amp;gt;\x00\x00\x00\x00\x00\x00\x00\x00\x00\x00\x00\x00\x00\x00\x00\x00\x00...\x00\x00\x00\x00\x00\x00\x00\x00\x00\x00\x00\x00\x00\x00\x00}]
      
15:06:48.126 [qtp1105322512-32 - /prefix/base] DEBUG org.eclipse.jetty.io.WriteFlusher
       - update WriteFlusher@1cad550f{WRITING}:IDLE--&amp;gt;WRITING
      
15:06:48.127 [qtp1105322512-32 - /prefix/base] DEBUG org.eclipse.jetty.io.ChannelEndPoint
       - flushed 538 SelectChannelEndPoint@1dd1c1fd{/127.0.0.1:52039&amp;lt;-&amp;gt;8080,Open,in,out,-,W,14/60000,HttpConnection}{io=0,kio=0,kro=1}
      
15:06:48.127 [qtp1105322512-32 - /prefix/base] DEBUG org.eclipse.jetty.io.WriteFlusher
       - update WriteFlusher@1cad550f{IDLE}:WRITING--&amp;gt;IDLE
      
15:06:48.127 [qtp1105322512-32 - /prefix/base] DEBUG o.e.jetty.server.HttpConnection
       - org.eclipse.jetty.server.HttpConnection$SendCallback@5f6f8be6[PROCESSING][i=ResponseInfo{HTTP/1.1
       404 null,289,false},cb=org.eclipse.jetty.server.HttpChannel$CommitCallback@3d377022]
       generate: DONE ([p=249,l=249,c=16384,r=0],[p=289,l=289,c=2048,r=0],true)@END
      
15:06:48.127 [qtp1105322512-32 - /prefix/base] DEBUG org.eclipse.jetty.server.Server
       - RESPONSE /prefix/base  404 handled=true
15:06:48.127 [qtp1105322512-32
       - /prefix/base] DEBUG o.e.jetty.server.HttpChannelState -
       HttpChannelState@50a67b0d{s=DISPATCHED i=true a=null} unhandle
       DISPATCHED
15:06:48.127 [qtp1105322512-32 - /prefix/base]
       DEBUG org.eclipse.jetty.http.HttpParser - reset HttpParser{s=END,0
       of 0}
15:06:48.127 [qtp1105322512-32 - /prefix/base] DEBUG
       org.eclipse.jetty.http.HttpParser - END --&amp;gt; START
      
15:06:48.127 [qtp1105322512-32] DEBUG org.eclipse.jetty.server.HttpChannel
       - HttpChannelOverHttp@307f8d5c{r=1,c=false,a=IDLE,uri=-} handle
       exit, result COMPLETE
15:06:48.127 [qtp1105322512-32] DEBUG
       org.eclipse.jetty.io.ChannelEndPoint - filled 0 SelectChannelEndPoint@1dd1c1fd{/127.0.0.1:52039&amp;lt;-&amp;gt;8080,Open,in,out,-,-,0/60000,HttpConnection}{io=0,kio=0,kro=1}
      
15:06:48.127 [qtp1105322512-32] DEBUG org.eclipse.jetty.io.ChannelEndPoint
       - filled 0 SelectChannelEndPoint@1dd1c1fd{/127.0.0.1:52039&amp;lt;-&amp;gt;8080,Open,in,out,-,-,0/60000,HttpConnection}{io=0,kio=0,kro=1}
      
15:06:48.127 [qtp1105322512-32] DEBUG org.eclipse.jetty.http.HttpParser
       - parseNext s=START HeapByteBuffer@51216a63[p=0,l=0,c=8192,r=0]={&amp;lt;&amp;lt;&amp;lt;&amp;gt;&amp;gt;&amp;gt;GET
       /prefix/base ...\x00\x00\x00\x00\x00\x00\x00\x00\x00\x00\x00\x00\x00\x00\x00}
      
15:06:48.127 [qtp1105322512-32] DEBUG o.e.jetty.io.AbstractConnection
       - fillInterested HttpConnection@6532fefe{FILLING}
15:06:48.127
       [qtp1105322512-32] DEBUG o.e.jetty.io.AbstractConnection -
       FILLING--&amp;gt;FILLING_FILL_INTERESTED HttpConnection@6532fefe{FILLING_FILL_INTERESTED}
      
15:06:48.127 [qtp1105322512-32] DEBUG o.e.jetty.io.AbstractConnection
       - FILLING_FILL_INTERESTED--&amp;gt;FILL_INTERESTED HttpConnection@6532fefe{FILL_INTERESTED}
      
15:06:48.127 [qtp1105322512-32] DEBUG o.e.jetty.io.SelectChannelEndPoint
       - Local interests updating 0 -&amp;gt; 1 for SelectChannelEndPoint@1dd1c1fd{/127.0.0.1:52039&amp;lt;-&amp;gt;8080,Open,in,out,R,-,0/60000,HttpConnection}{io=1,kio=0,kro=1}
      
15:06:48.128 [qtp1105322512-32] DEBUG org.eclipse.jetty.io.SelectorManager
       - Running change org.eclipse.jetty.io.SelectChannelEndPoint$1@76ff158c
      
15:06:48.128 [qtp1105322512-32] DEBUG o.e.jetty.io.SelectChannelEndPoint
       - Key interests updated 0 -&amp;gt; 1 on SelectChannelEndPoint@1dd1c1fd{/127.0.0.1:52039&amp;lt;-&amp;gt;8080,Open,in,out,R,-,1/60000,HttpConnection}{io=1,kio=1,kro=1}
      
15:06:48.128 [qtp1105322512-33-selector-ServerConnectorManager@1530c739/0]
       DEBUG org.eclipse.jetty.io.SelectorManager - Selector loop
       woken up from select, 0/1 selected
15:06:48.128 [qtp1105322512-33-selector-ServerConnectorManager@1530c739/0]
       DEBUG org.eclipse.jetty.io.SelectorManager - Selector loop
       waiting on select
15:06:48.134 [qtp1105322512-33-selector-ServerConnectorManager@1530c739/0]
       DEBUG org.eclipse.jetty.io.SelectorManager - Selector loop
       woken up from select, 1/1 selected
15:06:48.135 [qtp1105322512-33-selector-ServerConnectorManager@1530c739/0]
       DEBUG o.e.jetty.io.SelectChannelEndPoint - Key interests updated
       1 -&amp;gt; 0 on SelectChannelEndPoint@1dd1c1fd{/127.0.0.1:52039&amp;lt;-&amp;gt;8080,Open,in,out,R,-,8/60000,HttpConnection}{io=1,kio=0,kro=1}
      
15:06:48.135 [qtp1105322512-33-selector-ServerConnectorManager@1530c739/0]
       DEBUG o.e.jetty.io.SelectChannelEndPoint - Local interests
       updating 1 -&amp;gt; 0 for SelectChannelEndPoint@1dd1c1fd{/127.0.0.1:52039&amp;lt;-&amp;gt;8080,Open,in,out,R,-,8/60000,HttpConnection}{io=0,kio=0,kro=1}
      
15:06:48.135 [qtp1105322512-33-selector-ServerConnectorManager@1530c739/0]
       DEBUG org.eclipse.jetty.io.SelectorManager - Running change
       org.eclipse.jetty.io.SelectChannelEndPoint$1@76ff158c
15:06:48.135
       [qtp1105322512-33-selector-ServerConnectorManager@1530c739/0]
       DEBUG o.e.jetty.io.AbstractConnection - FILL_INTERESTED--&amp;gt;FILLING
       HttpConnection@6532fefe{FILLING}
15:06:48.135 [qtp1105322512-33-selector-ServerConnectorManager@1530c739/0]
       DEBUG org.eclipse.jetty.io.SelectorManager - Selector loop
       waiting on select
15:06:48.135 [qtp1105322512-37-acceptor-0@59402b8f-ServerConnector@6892b3b6{HTTP/1.1}{0.0.0.0:8080}]
       DEBUG org.eclipse.jetty.io.SelectorManager - Queued change
       org.eclipse.jetty.io.SelectorManager$ManagedSelector$Accept@2174ed63
      
15:06:48.135 [qtp1105322512-34-selector-ServerConnectorManager@1530c739/1]
       DEBUG org.eclipse.jetty.io.SelectorManager - Selector loop
       woken up from select, 0/0 selected
15:06:48.135 [qtp1105322512-34-selector-ServerConnectorManager@1530c739/1]
       DEBUG org.eclipse.jetty.io.SelectorManager - Running change
       org.eclipse.jetty.io.SelectorManager$ManagedSelector$Accept@2174ed63
      
15:06:48.136 [qtp1105322512-34-selector-ServerConnectorManager@1530c739/1]
       DEBUG o.eclipse.jetty.io.AbstractEndPoint - onOpen SelectChannelEndPoint@7e3f01ae{/127.0.0.1:52040&amp;lt;-&amp;gt;8080,Open,in,out,-,-,0/60000,null}{io=0,kio=0,kro=0}
      
15:06:48.136 [qtp1105322512-34-selector-ServerConnectorManager@1530c739/1]
       DEBUG org.eclipse.jetty.io.IdleTimeout - SelectChannelEndPoint@7e3f01ae{/127.0.0.1:52040&amp;lt;-&amp;gt;8080,Open,in,out,-,-,0/60000,null}{io=0,kio=0,kro=0}
       idle timeout check, elapsed: 0 ms, remaining: 60000 ms
15:06:48.136
       [qtp1105322512-34-selector-ServerConnectorManager@1530c739/1]
       DEBUG org.eclipse.jetty.server.HttpChannel - new HttpChannelOverHttp@6fd2cae9{r=0,c=false,a=IDLE,uri=-}
       -&amp;gt; SelectChannelEndPoint@7e3f01ae{/127.0.0.1:52040&amp;lt;-&amp;gt;8080,Open,in,out,-,-,0/60000,null}{io=0,kio=0,kro=0},null,HttpChannelState@2e4ebf51{s=IDLE
       i=true a=null}
15:06:48.136 [qtp1105322512-34-selector-ServerConnectorManager@1530c739/1]
       DEBUG o.e.jetty.server.HttpConnection - New HTTP Connection
       HttpConnection@4b4e2d49{IDLE}
15:06:48.136 [qtp1105322512-34-selector-ServerConnectorManager@1530c739/1]
       DEBUG o.e.jetty.io.AbstractConnection - onOpen HttpConnection@4b4e2d49{IDLE}
      
15:06:48.136 [qtp1105322512-34-selector-ServerConnectorManager@1530c739/1]
       DEBUG o.e.jetty.io.AbstractConnection - fillInterested HttpConnection@4b4e2d49{IDLE}
      
15:06:48.136 [qtp1105322512-34-selector-ServerConnectorManager@1530c739/1]
       DEBUG o.e.jetty.io.AbstractConnection - IDLE--&amp;gt;FILL_INTERESTED
       HttpConnection@4b4e2d49{FILL_INTERESTED}
15:06:48.136 [qtp1105322512-34-selector-ServerConnectorManager@1530c739/1]
       DEBUG o.e.jetty.io.SelectChannelEndPoint - Local interests
       updating 0 -&amp;gt; 1 for SelectChannelEndPoint@7e3f01ae{/127.0.0.1:52040&amp;lt;-&amp;gt;8080,Open,in,out,R,-,0/60000,HttpConnection}{io=1,kio=0,kro=0}
      
15:06:48.136 [qtp1105322512-34-selector-ServerConnectorManager@1530c739/1]
       DEBUG org.eclipse.jetty.io.SelectorManager - Running change
       org.eclipse.jetty.io.SelectChannelEndPoint$1@4dfa77ff
15:06:48.137
       [qtp1105322512-34-selector-ServerConnectorManager@1530c739/1]
       DEBUG o.e.jetty.io.SelectChannelEndPoint - Key interests updated
       0 -&amp;gt; 1 on SelectChannelEndPoint@7e3f01ae{/127.0.0.1:52040&amp;lt;-&amp;gt;8080,Open,in,out,R,-,1/60000,HttpConnection}{io=1,kio=1,kro=0}
      
15:06:48.137 [qtp1105322512-34-selector-ServerConnectorManager@1530c739/1]
       DEBUG org.eclipse.jetty.io.SelectorManager - Created SelectChannelEndPoint@7e3f01ae{/127.0.0.1:52040&amp;lt;-&amp;gt;8080,Open,in,out,R,-,1/60000,HttpConnection}{io=1,kio=1,kro=0}
      
15:06:48.137 [qtp1105322512-34-selector-ServerConnectorManager@1530c739/1]
       DEBUG org.eclipse.jetty.io.SelectorManager - Selector loop
       waiting on select
15:06:48.137 [qtp1105322512-34-selector-ServerConnectorManager@1530c739/1]
       DEBUG org.eclipse.jetty.io.SelectorManager - Selector loop
       woken up from select, 1/1 selected
15:06:48.137 [qtp1105322512-34-selector-ServerConnectorManager@1530c739/1]
       DEBUG o.e.jetty.io.SelectChannelEndPoint - Key interests updated
       1 -&amp;gt; 0 on SelectChannelEndPoint@7e3f01ae{/127.0.0.1:52040&amp;lt;-&amp;gt;8080,Open,in,out,R,-,1/60000,HttpConnection}{io=1,kio=0,kro=1}
      
15:06:48.137 [qtp1105322512-34-selector-ServerConnectorManager@1530c739/1]
       DEBUG o.e.jetty.io.SelectChannelEndPoint - Local interests
       updating 1 -&amp;gt; 0 for SelectChannelEndPoint@7e3f01ae{/127.0.0.1:52040&amp;lt;-&amp;gt;8080,Open,in,out,R,-,1/60000,HttpConnection}{io=0,kio=0,kro=1}
      
15:06:48.137 [qtp1105322512-34-selector-ServerConnectorManager@1530c739/1]
       DEBUG org.eclipse.jetty.io.SelectorManager - Running change
       org.eclipse.jetty.io.SelectChannelEndPoint$1@4dfa77ff
15:06:48.137
       [qtp1105322512-34-selector-ServerConnectorManager@1530c739/1]
       DEBUG o.e.jetty.io.AbstractConnection - FILL_INTERESTED--&amp;gt;FILLING
       HttpConnection@4b4e2d49{FILLING}
15:06:48.137 [qtp1105322512-34-selector-ServerConnectorManager@1530c739/1]
       DEBUG org.eclipse.jetty.io.SelectorManager - Selector loop
       waiting on select
15:06:48.137 [qtp1105322512-38] DEBUG o.e.jetty.server.HttpConnection
       - HttpConnection@6532fefe{FILLING} onFillable HttpChannelState@50a67b0d{s=IDLE
       i=true a=null}
15:06:48.137 [qtp1105322512-38] DEBUG org.eclipse.jetty.io.ChannelEndPoint
       - filled -1 SelectChannelEndPoint@1dd1c1fd{/127.0.0.1:52039&amp;lt;-&amp;gt;8080,Open,in,out,-,-,10/60000,HttpConnection}{io=0,kio=0,kro=1}
      
15:06:48.137 [qtp1105322512-38] DEBUG org.eclipse.jetty.io.ChannelEndPoint
       - ishut SelectChannelEndPoint@1dd1c1fd{/127.0.0.1:52039&amp;lt;-&amp;gt;8080,Open,in,out,-,-,10/60000,HttpConnection}{io=0,kio=0,kro=1}
      
15:06:48.137 [qtp1105322512-38] DEBUG org.eclipse.jetty.http.HttpParser
       - atEOF HttpParser{s=START,0 of -1}
15:06:48.137 [qtp1105322512-38]
       DEBUG org.eclipse.jetty.http.HttpParser - parseNext s=START
       HeapByteBuffer@a62eb869[p=0,l=0,c=8192,r=0]={&amp;lt;&amp;lt;&amp;lt;&amp;gt;&amp;gt;&amp;gt;GET
       /prefix/base ...\x00\x00\x00\x00\x00\x00\x00\x00\x00\x00\x00\x00\x00\x00\x00}
      
15:06:48.138 [qtp1105322512-38] DEBUG org.eclipse.jetty.http.HttpParser
       - START --&amp;gt; CLOSED
15:06:48.138 [qtp1105322512-38]
       DEBUG o.eclipse.jetty.io.AbstractEndPoint - onClose SelectChannelEndPoint@1dd1c1fd{/127.0.0.1:52039&amp;lt;-&amp;gt;8080,CLOSED,ISHUT,out,-,-,11/60000,HttpConnection}{io=0,kio=0,kro=1}
      
15:06:48.138 [qtp1105322512-38] DEBUG org.eclipse.jetty.io.ChannelEndPoint
       - close SelectChannelEndPoint@1dd1c1fd{/127.0.0.1:52039&amp;lt;-&amp;gt;8080,CLOSED,ISHUT,out,-,-,11/60000,HttpConnection}{io=0,kio=0,kro=1}
      
15:06:48.138 [qtp1105322512-38] DEBUG org.eclipse.jetty.io.SelectorManager
       - Destroyed SelectChannelEndPoint@1dd1c1fd{/127.0.0.1:52039&amp;lt;-&amp;gt;8080,CLOSED,ISHUT,OSHUT,-,-,11/60000,HttpConnection}{io=0,kio=-1,kro=-1}
      
15:06:48.138 [qtp1105322512-38] DEBUG o.e.jetty.io.AbstractConnection
       - onClose HttpConnection@6532fefe{FILLING}
15:06:48.138 [qtp1105322512-38]
       DEBUG o.eclipse.jetty.io.AbstractEndPoint - onClose SelectChannelEndPoint@1dd1c1fd{/127.0.0.1:52039&amp;lt;-&amp;gt;8080,CLOSED,ISHUT,OSHUT,-,-,11/60000,HttpConnection}{io=0,kio=-1,kro=-1}
      
15:06:48.138 [qtp1105322512-38] DEBUG o.e.jetty.io.AbstractConnection
       - FILLING--&amp;gt;IDLE HttpConnection@6532fefe{IDLE}
15:06:48.138
       [qtp1105322512-38] DEBUG o.e.jetty.server.HttpConnection -
       HttpConnection@4b4e2d49{FILLING} onFillable HttpChannelState@2e4ebf51{s=IDLE
       i=true a=null}
15:06:48.138 [qtp1105322512-38] DEBUG org.eclipse.jetty.io.ChannelEndPoint
       - filled 157 SelectChannelEndPoint@7e3f01ae{/127.0.0.1:52040&amp;lt;-&amp;gt;8080,Open,in,out,-,-,2/60000,HttpConnection}{io=0,kio=0,kro=1}
      
15:06:48.138 [qtp1105322512-38] DEBUG org.eclipse.jetty.http.HttpParser
       - parseNext s=START HeapByteBuffer@3eb1faf8[p=0,l=157,c=8192,r=157]={&amp;lt;&amp;lt;&amp;lt;GET
       /base HTTP/1.... keep-alive\r\n\r\n&amp;gt;&amp;gt;&amp;gt;ive\r\n\r\n\r\n\r\n\x00\x00\x00\x00\x00\x00...\x00\x00\x00\x00\x00\x00\x00\x00\x00\x00\x00\x00\x00\x00\x00}
      
15:06:48.138 [qtp1105322512-38] DEBUG org.eclipse.jetty.http.HttpParser
       - START --&amp;gt; SPACE1
15:06:48.138 [qtp1105322512-38]
       DEBUG org.eclipse.jetty.http.HttpParser - SPACE1 --&amp;gt;
       URI
15:06:48.138 [qtp1105322512-38] DEBUG org.eclipse.jetty.http.HttpParser
       - URI --&amp;gt; SPACE2
15:06:48.138 [qtp1105322512-38] DEBUG
       org.eclipse.jetty.http.HttpParser - SPACE2 --&amp;gt; REQUEST_VERSION
      
15:06:48.138 [qtp1105322512-38] DEBUG org.eclipse.jetty.http.HttpParser
       - REQUEST_VERSION --&amp;gt; HEADER
15:06:48.138 [qtp1105322512-38]
       DEBUG org.eclipse.jetty.http.HttpParser - HEADER --&amp;gt;
       HEADER_VALUE
15:06:48.138 [qtp1105322512-38] DEBUG org.eclipse.jetty.http.HttpParser
       - HEADER_VALUE --&amp;gt; HEADER_IN_VALUE
15:06:48.138 [qtp1105322512-38]
       DEBUG org.eclipse.jetty.http.HttpParser - HEADER_IN_VALUE
       --&amp;gt; HEADER
15:06:48.138 [qtp1105322512-38] DEBUG org.eclipse.jetty.http.HttpParser
       - HEADER --&amp;gt; HEADER_VALUE
15:06:48.138 [qtp1105322512-38]
       DEBUG org.eclipse.jetty.http.HttpParser - HEADER_VALUE --&amp;gt;
       HEADER_IN_VALUE
15:06:48.138 [qtp1105322512-38] DEBUG org.eclipse.jetty.http.HttpParser
       - HEADER_IN_VALUE --&amp;gt; HEADER
15:06:48.139 [qtp1105322512-38]
       DEBUG org.eclipse.jetty.http.HttpParser - HEADER --&amp;gt;
       HEADER_VALUE
15:06:48.139 [qtp1105322512-38] DEBUG org.eclipse.jetty.http.HttpParser
       - HEADER_VALUE --&amp;gt; HEADER_IN_VALUE
15:06:48.139 [qtp1105322512-38]
       DEBUG org.eclipse.jetty.http.HttpParser - HEADER_IN_VALUE
       --&amp;gt; HEADER
15:06:48.139 [qtp1105322512-38] DEBUG org.eclipse.jetty.http.HttpParser
       - HEADER --&amp;gt; HEADER_IN_VALUE
15:06:48.139 [qtp1105322512-38]
       DEBUG org.eclipse.jetty.http.HttpParser - HEADER_IN_VALUE
       --&amp;gt; HEADER
15:06:48.139 [qtp1105322512-38] DEBUG org.eclipse.jetty.http.HttpParser
       - HEADER --&amp;gt; END
15:06:48.139 [qtp1105322512-38] DEBUG
       org.eclipse.jetty.server.HttpChannel - HttpChannelOverHttp@6fd2cae9{r=1,c=false,a=IDLE,uri=-}
       messageComplete
15:06:48.139 [qtp1105322512-38] DEBUG org.eclipse.jetty.server.HttpInput
       - HttpInputOverHTTP@5fdc2676 EOF
15:06:48.139 [qtp1105322512-38]
       DEBUG org.eclipse.jetty.server.HttpChannel - HttpChannelOverHttp@6fd2cae9{r=1,c=false,a=IDLE,uri=-}
       handle enter
15:06:48.139 [qtp1105322512-38 - /base] DEBUG
       o.e.jetty.server.HttpChannelState - HttpChannelState@2e4ebf51{s=IDLE
       i=true a=null} handling IDLE
15:06:48.139 [qtp1105322512-38
       - /base] DEBUG org.eclipse.jetty.server.HttpChannel - HttpChannelOverHttp@6fd2cae9{r=1,c=false,a=DISPATCHED,uri=/base}
       action REQUEST_DISPATCH
15:06:48.139 [qtp1105322512-38 -
       /base] DEBUG org.eclipse.jetty.server.Server - REQUEST GET
       /base on HttpChannelOverHttp@6fd2cae9{r=1,c=false,a=DISPATCHED,uri=/base}
      
15:06:48.139 [qtp1105322512-38 - /base] DEBUG o.e.j.server.handler.ContextHandler
       - scope null||/base @ o.e.j.s.ServletContextHandler@6f46426d{/,null,AVAILABLE}
      
15:06:48.139 [qtp1105322512-38 - /base] DEBUG o.e.j.server.handler.ContextHandler
       - context=||/base @ o.e.j.s.ServletContextHandler@6f46426d{/,null,AVAILABLE}
      
15:06:48.139 [qtp1105322512-38 - /base] DEBUG org.eclipse.jetty.server.session
       - sessionManager=org.eclipse.jetty.server.session.HashSessionManager@32ee6fee
      
15:06:48.139 [qtp1105322512-38 - /base] DEBUG org.eclipse.jetty.server.session
       - session=null
15:06:48.139 [qtp1105322512-38 - /base] DEBUG
       o.e.jetty.servlet.ServletHandler - servlet ||/base -&amp;gt;
       org.apache.felix.http.base.internal.DispatcherServlet-4738a206@cebacce0==org.apache.felix.http.base.internal.DispatcherServlet,-1,true
      
15:06:48.139 [qtp1105322512-38 - /base] DEBUG o.e.jetty.servlet.ServletHandler
       - chain=null
15:06:48.140 [qtp1105322512-38 - /base] DEBUG
       o.e.jetty.server.HttpConnection - org.eclipse.jetty.server.HttpConnection$SendCallback@192a9333[PROCESSING][i=ResponseInfo{HTTP/1.1
       404 null,282,false},cb=org.eclipse.jetty.server.HttpChannel$CommitCallback@6254fa4e]
       generate: NEED_HEADER (null,[p=0,l=282,c=2048,r=282],true)@START
      
15:06:48.140 [qtp1105322512-38 - /base] DEBUG o.e.jetty.server.HttpConnection
       - org.eclipse.jetty.server.HttpConnection$SendCallback@192a9333[PROCESSING][i=ResponseInfo{HTTP/1.1
       404 null,282,false},cb=org.eclipse.jetty.server.HttpChannel$CommitCallback@6254fa4e]
       generate: FLUSH ([p=0,l=249,c=16384,r=249],[p=0,l=282,c=2048,r=282],true)@COMPLETING
      
15:06:48.140 [qtp1105322512-38 - /base] DEBUG org.eclipse.jetty.io.WriteFlusher
       - write: WriteFlusher@45a0e2c2{IDLE} [HeapByteBuffer@4633a9c3[p=0,l=249,c=16384,r=249]={&amp;lt;&amp;lt;&amp;lt;HTTP/1.1
       404 Not ....v20150224)\r\n\r\n&amp;gt;&amp;gt;&amp;gt;y(9.2.9.v20150224...\x00\x00\x00\x00\x00\x00\x00\x00\x00\x00\x00\x00\x00\x00\x00},HeapByteBuffer@40c560e3[p=0,l=282,c=2048,r=282]={&amp;lt;&amp;lt;&amp;lt;&amp;lt;html&amp;gt;\n&amp;lt;head&amp;gt;\n&amp;lt;me.../body&amp;gt;\n&amp;lt;/html&amp;gt;\n&amp;gt;&amp;gt;&amp;gt;\x00\x00\x00\x00\x00\x00\x00\x00\x00\x00\x00\x00\x00\x00\x00\x00\x00...\x00\x00\x00\x00\x00\x00\x00\x00\x00\x00\x00\x00\x00\x00\x00}]
      
15:06:48.140 [qtp1105322512-38 - /base] DEBUG org.eclipse.jetty.io.WriteFlusher
       - update WriteFlusher@45a0e2c2{WRITING}:IDLE--&amp;gt;WRITING
      
15:06:48.140 [qtp1105322512-38 - /base] DEBUG org.eclipse.jetty.io.ChannelEndPoint
       - flushed 531 SelectChannelEndPoint@7e3f01ae{/127.0.0.1:52040&amp;lt;-&amp;gt;8080,Open,in,out,-,W,2/60000,HttpConnection}{io=0,kio=0,kro=1}
      
15:06:48.140 [qtp1105322512-38 - /base] DEBUG org.eclipse.jetty.io.WriteFlusher
       - update WriteFlusher@45a0e2c2{IDLE}:WRITING--&amp;gt;IDLE
      
15:06:48.141 [qtp1105322512-38 - /base] DEBUG o.e.jetty.server.HttpConnection
       - org.eclipse.jetty.server.HttpConnection$SendCallback@192a9333[PROCESSING][i=ResponseInfo{HTTP/1.1
       404 null,282,false},cb=org.eclipse.jetty.server.HttpChannel$CommitCallback@6254fa4e]
       generate: DONE ([p=249,l=249,c=16384,r=0],[p=282,l=282,c=2048,r=0],true)@END
      
15:06:48.141 [qtp1105322512-38 - /base] DEBUG org.eclipse.jetty.server.Server
       - RESPONSE /base  404 handled=true
15:06:48.141 [qtp1105322512-38
       - /base] DEBUG o.e.jetty.server.HttpChannelState - HttpChannelState@2e4ebf51{s=DISPATCHED
       i=true a=null} unhandle DISPATCHED
15:06:48.141 [qtp1105322512-38
       - /base] DEBUG org.eclipse.jetty.http.HttpParser - reset HttpParser{s=END,0
       of 0}
15:06:48.141 [qtp1105322512-38 - /base] DEBUG org.eclipse.jetty.http.HttpParser
       - END --&amp;gt; START
15:06:48.141 [qtp1105322512-38] DEBUG
       org.eclipse.jetty.server.HttpChannel - HttpChannelOverHttp@6fd2cae9{r=1,c=false,a=IDLE,uri=-}
       handle exit, result COMPLETE
15:06:48.141 [qtp1105322512-38]
       DEBUG org.eclipse.jetty.io.ChannelEndPoint - filled 0 SelectChannelEndPoint@7e3f01ae{/127.0.0.1:52040&amp;lt;-&amp;gt;8080,Open,in,out,-,-,1/60000,HttpConnection}{io=0,kio=0,kro=1}
      
15:06:48.141 [qtp1105322512-38] DEBUG org.eclipse.jetty.io.ChannelEndPoint
       - filled 0 SelectChannelEndPoint@7e3f01ae{/127.0.0.1:52040&amp;lt;-&amp;gt;8080,Open,in,out,-,-,1/60000,HttpConnection}{io=0,kio=0,kro=1}
      
15:06:48.141 [qtp1105322512-38] DEBUG org.eclipse.jetty.http.HttpParser
       - parseNext s=START HeapByteBuffer@a62eb869[p=0,l=0,c=8192,r=0]={&amp;lt;&amp;lt;&amp;lt;&amp;gt;&amp;gt;&amp;gt;GET
       /prefix/base ...\x00\x00\x00\x00\x00\x00\x00\x00\x00\x00\x00\x00\x00\x00\x00}
      
15:06:48.141 [qtp1105322512-38] DEBUG o.e.jetty.io.AbstractConnection
       - fillInterested HttpConnection@4b4e2d49{FILLING}
15:06:48.141
       [qtp1105322512-38] DEBUG o.e.jetty.io.AbstractConnection -
       FILLING--&amp;gt;FILLING_FILL_INTERESTED HttpConnection@4b4e2d49{FILLING_FILL_INTERESTED}
      
15:06:48.141 [qtp1105322512-38] DEBUG o.e.jetty.io.AbstractConnection
       - FILLING_FILL_INTERESTED--&amp;gt;FILL_INTERESTED HttpConnection@4b4e2d49{FILL_INTERESTED}
      
15:06:48.141 [qtp1105322512-38] DEBUG o.e.jetty.io.SelectChannelEndPoint
       - Local interests updating 0 -&amp;gt; 1 for SelectChannelEndPoint@7e3f01ae{/127.0.0.1:52040&amp;lt;-&amp;gt;8080,Open,in,out,R,-,0/60000,HttpConnection}{io=1,kio=0,kro=1}
      
15:06:48.141 [qtp1105322512-38] DEBUG org.eclipse.jetty.io.SelectorManager
       - Running change org.eclipse.jetty.io.SelectChannelEndPoint$1@4dfa77ff
      
15:06:48.141 [qtp1105322512-38] DEBUG o.e.jetty.io.SelectChannelEndPoint
       - Key interests updated 0 -&amp;gt; 1 on SelectChannelEndPoint@7e3f01ae{/127.0.0.1:52040&amp;lt;-&amp;gt;8080,Open,in,out,R,-,0/60000,HttpConnection}{io=1,kio=1,kro=1}
      
15:06:48.142 [qtp1105322512-34-selector-ServerConnectorManager@1530c739/1]
       DEBUG org.eclipse.jetty.io.SelectorManager - Selector loop
       woken up from select, 0/1 selected
15:06:48.142 [qtp1105322512-34-selector-ServerConnectorManager@1530c739/1]
       DEBUG org.eclipse.jetty.io.SelectorManager - Selector loop
       waiting on select
15:06:48.143 [qtp1105322512-34-selector-ServerConnectorManager@1530c739/1]
       DEBUG org.eclipse.jetty.io.SelectorManager - Selector loop
       woken up from select, 1/1 selected
15:06:48.143 [qtp1105322512-34-selector-ServerConnectorManager@1530c739/1]
       DEBUG o.e.jetty.io.SelectChannelEndPoint - Key interests updated
       1 -&amp;gt; 0 on SelectChannelEndPoint@7e3f01ae{/127.0.0.1:52040&amp;lt;-&amp;gt;8080,Open,in,out,R,-,2/60000,HttpConnection}{io=1,kio=0,kro=1}
      
15:06:48.143 [qtp1105322512-34-selector-ServerConnectorManager@1530c739/1]
       DEBUG o.e.jetty.io.SelectChannelEndPoint - Local interests
       updating 1 -&amp;gt; 0 for SelectChannelEndPoint@7e3f01ae{/127.0.0.1:52040&amp;lt;-&amp;gt;8080,Open,in,out,R,-,2/60000,HttpConnection}{io=0,kio=0,kro=1}
      
15:06:48.143 [qtp1105322512-34-selector-ServerConnectorManager@1530c739/1]
       DEBUG org.eclipse.jetty.io.SelectorManager - Running change
       org.eclipse.jetty.io.SelectChannelEndPoint$1@4dfa77ff
15:06:48.143
       [qtp1105322512-34-selector-ServerConnectorManager@1530c739/1]
       DEBUG o.e.jetty.io.AbstractConnection - FILL_INTERESTED--&amp;gt;FILLING
       HttpConnection@4b4e2d49{FILLING}
15:06:48.143 [qtp1105322512-34-selector-ServerConnectorManager@1530c739/1]
       DEBUG org.eclipse.jetty.io.SelectorManager - Selector loop
       waiting on select
15:06:48.143 [qtp1105322512-35] DEBUG o.e.jetty.server.HttpConnection
       - HttpConnection@4b4e2d49{FILLING} onFillable HttpChannelState@2e4ebf51{s=IDLE
       i=true a=null}
15:06:48.143 [qtp1105322512-35] DEBUG org.eclipse.jetty.io.ChannelEndPoint
       - filled -1 SelectChannelEndPoint@7e3f01ae{/127.0.0.1:52040&amp;lt;-&amp;gt;8080,Open,in,out,-,-,2/60000,HttpConnection}{io=0,kio=0,kro=1}
      
15:06:48.143 [qtp1105322512-35] DEBUG org.eclipse.jetty.io.ChannelEndPoint
       - ishut SelectChannelEndPoint@7e3f01ae{/127.0.0.1:52040&amp;lt;-&amp;gt;8080,Open,in,out,-,-,2/60000,HttpConnection}{io=0,kio=0,kro=1}
      
15:06:48.143 [qtp1105322512-37-acceptor-0@59402b8f-ServerConnector@6892b3b6{HTTP/1.1}{0.0.0.0:8080}]
       DEBUG org.eclipse.jetty.io.SelectorManager - Queued change
       org.eclipse.jetty.io.SelectorManager$ManagedSelector$Accept@17f5313c
      
15:06:48.143 [qtp1105322512-35] DEBUG org.eclipse.jetty.http.HttpParser
       - atEOF HttpParser{s=START,0 of -1}
15:06:48.143 [qtp1105322512-35]
       DEBUG org.eclipse.jetty.http.HttpParser - parseNext s=START
       HeapByteBuffer@3eb1faf8[p=0,l=0,c=8192,r=0]={&amp;lt;&amp;lt;&amp;lt;&amp;gt;&amp;gt;&amp;gt;GET
       /base HTTP/1....\x00\x00\x00\x00\x00\x00\x00\x00\x00\x00\x00\x00\x00\x00\x00}
      
15:06:48.144 [qtp1105322512-35] DEBUG org.eclipse.jetty.http.HttpParser
       - START --&amp;gt; CLOSED
15:06:48.144 [qtp1105322512-33-selector-ServerConnectorManager@1530c739/0]
       DEBUG org.eclipse.jetty.io.SelectorManager - Selector loop
       woken up from select, 0/0 selected
15:06:48.144 [qtp1105322512-35]
       DEBUG o.eclipse.jetty.io.AbstractEndPoint - onClose SelectChannelEndPoint@7e3f01ae{/127.0.0.1:52040&amp;lt;-&amp;gt;8080,CLOSED,ISHUT,out,-,-,3/60000,HttpConnection}{io=0,kio=0,kro=1}
      
15:06:48.144 [qtp1105322512-33-selector-ServerConnectorManager@1530c739/0]
       DEBUG org.eclipse.jetty.io.SelectorManager - Running change
       org.eclipse.jetty.io.SelectorManager$ManagedSelector$Accept@17f5313c
      
15:06:48.144 [qtp1105322512-35] DEBUG org.eclipse.jetty.io.ChannelEndPoint
       - close SelectChannelEndPoint@7e3f01ae{/127.0.0.1:52040&amp;lt;-&amp;gt;8080,CLOSED,ISHUT,out,-,-,3/60000,HttpConnection}{io=0,kio=0,kro=1}
      
15:06:48.144 [qtp1105322512-35] DEBUG org.eclipse.jetty.io.SelectorManager
       - Destroyed SelectChannelEndPoint@7e3f01ae{/127.0.0.1:52040&amp;lt;-&amp;gt;8080,CLOSED,ISHUT,OSHUT,-,-,3/60000,HttpConnection}{io=0,kio=-1,kro=-1}
      
15:06:48.144 [qtp1105322512-33-selector-ServerConnectorManager@1530c739/0]
       DEBUG o.eclipse.jetty.io.AbstractEndPoint - onOpen SelectChannelEndPoint@59bb0928{/127.0.0.1:52041&amp;lt;-&amp;gt;8080,Open,in,out,-,-,0/60000,null}{io=0,kio=0,kro=0}
      
15:06:48.144 [qtp1105322512-35] DEBUG o.e.jetty.io.AbstractConnection
       - onClose HttpConnection@4b4e2d49{FILLING}
15:06:48.144 [qtp1105322512-33-selector-ServerConnectorManager@1530c739/0]
       DEBUG org.eclipse.jetty.io.IdleTimeout - SelectChannelEndPoint@59bb0928{/127.0.0.1:52041&amp;lt;-&amp;gt;8080,Open,in,out,-,-,0/60000,null}{io=0,kio=0,kro=0}
       idle timeout check, elapsed: 0 ms, remaining: 60000 ms
15:06:48.144
       [qtp1105322512-35] DEBUG o.eclipse.jetty.io.AbstractEndPoint
       - onClose SelectChannelEndPoint@7e3f01ae{/127.0.0.1:52040&amp;lt;-&amp;gt;8080,CLOSED,ISHUT,OSHUT,-,-,3/60000,HttpConnection}{io=0,kio=-1,kro=-1}
      
15:06:48.144 [qtp1105322512-33-selector-ServerConnectorManager@1530c739/0]
       DEBUG org.eclipse.jetty.server.HttpChannel - new HttpChannelOverHttp@2b0cd9ef{r=0,c=false,a=IDLE,uri=-}
       -&amp;gt; SelectChannelEndPoint@59bb0928{/127.0.0.1:52041&amp;lt;-&amp;gt;8080,Open,in,out,-,-,0/60000,null}{io=0,kio=0,kro=0},null,HttpChannelState@2551ea77{s=IDLE
       i=true a=null}
15:06:48.144 [qtp1105322512-35] DEBUG o.e.jetty.io.AbstractConnection
       - FILLING--&amp;gt;IDLE HttpConnection@4b4e2d49{IDLE}
15:06:48.144
       [qtp1105322512-33-selector-ServerConnectorManager@1530c739/0]
       DEBUG o.e.jetty.server.HttpConnection - New HTTP Connection
       HttpConnection@2ce5a0dc{IDLE}
15:06:48.144 [qtp1105322512-33-selector-ServerConnectorManager@1530c739/0]
       DEBUG o.e.jetty.io.AbstractConnection - onOpen HttpConnection@2ce5a0dc{IDLE}
      
15:06:48.144 [qtp1105322512-33-selector-ServerConnectorManager@1530c739/0]
       DEBUG o.e.jetty.io.AbstractConnection - fillInterested HttpConnection@2ce5a0dc{IDLE}
      
15:06:48.144 [qtp1105322512-33-selector-ServerConnectorManager@1530c739/0]
       DEBUG o.e.jetty.io.AbstractConnection - IDLE--&amp;gt;FILL_INTERESTED
       HttpConnection@2ce5a0dc{FILL_INTERESTED}
15:06:48.144 [qtp1105322512-33-selector-ServerConnectorManager@1530c739/0]
       DEBUG o.e.jetty.io.SelectChannelEndPoint - Local interests
       updating 0 -&amp;gt; 1 for SelectChannelEndPoint@59bb0928{/127.0.0.1:52041&amp;lt;-&amp;gt;8080,Open,in,out,R,-,0/60000,HttpConnection}{io=1,kio=0,kro=0}
      
15:06:48.144 [qtp1105322512-33-selector-ServerConnectorManager@1530c739/0]
       DEBUG org.eclipse.jetty.io.SelectorManager - Running change
       org.eclipse.jetty.io.SelectChannelEndPoint$1@2d161e21
15:06:48.144
       [qtp1105322512-33-selector-ServerConnectorManager@1530c739/0]
       DEBUG o.e.jetty.io.SelectChannelEndPoint - Key interests updated
       0 -&amp;gt; 1 on SelectChannelEndPoint@59bb0928{/127.0.0.1:52041&amp;lt;-&amp;gt;8080,Open,in,out,R,-,0/60000,HttpConnection}{io=1,kio=1,kro=0}
      
15:06:48.145 [qtp1105322512-33-selector-ServerConnectorManager@1530c739/0]
       DEBUG org.eclipse.jetty.io.SelectorManager - Created SelectChannelEndPoint@59bb0928{/127.0.0.1:52041&amp;lt;-&amp;gt;8080,Open,in,out,R,-,1/60000,HttpConnection}{io=1,kio=1,kro=0}
      
15:06:48.145 [qtp1105322512-33-selector-ServerConnectorManager@1530c739/0]
       DEBUG org.eclipse.jetty.io.SelectorManager - Selector loop
       waiting on select
15:06:48.145 [qtp1105322512-33-selector-ServerConnectorManager@1530c739/0]
       DEBUG org.eclipse.jetty.io.SelectorManager - Selector loop
       woken up from select, 1/1 selected
15:06:48.145 [qtp1105322512-33-selector-ServerConnectorManager@1530c739/0]
       DEBUG o.e.jetty.io.SelectChannelEndPoint - Key interests updated
       1 -&amp;gt; 0 on SelectChannelEndPoint@59bb0928{/127.0.0.1:52041&amp;lt;-&amp;gt;8080,Open,in,out,R,-,1/60000,HttpConnection}{io=1,kio=0,kro=1}
      
15:06:48.145 [qtp1105322512-33-selector-ServerConnectorManager@1530c739/0]
       DEBUG o.e.jetty.io.SelectChannelEndPoint - Local interests
       updating 1 -&amp;gt; 0 for SelectChannelEndPoint@59bb0928{/127.0.0.1:52041&amp;lt;-&amp;gt;8080,Open,in,out,R,-,1/60000,HttpConnection}{io=0,kio=0,kro=1}
      
15:06:48.145 [qtp1105322512-33-selector-ServerConnectorManager@1530c739/0]
       DEBUG org.eclipse.jetty.io.SelectorManager - Running change
       org.eclipse.jetty.io.SelectChannelEndPoint$1@2d161e21
15:06:48.145
       [qtp1105322512-33-selector-ServerConnectorManager@1530c739/0]
       DEBUG o.e.jetty.io.AbstractConnection - FILL_INTERESTED--&amp;gt;FILLING
       HttpConnection@2ce5a0dc{FILLING}
15:06:48.145 [qtp1105322512-33-selector-ServerConnectorManager@1530c739/0]
       DEBUG org.eclipse.jetty.io.SelectorManager - Selector loop
       waiting on select
15:06:48.145 [qtp1105322512-39] DEBUG o.e.jetty.server.HttpConnection
       - HttpConnection@2ce5a0dc{FILLING} onFillable HttpChannelState@2551ea77{s=IDLE
       i=true a=null}
15:06:48.145 [qtp1105322512-39] DEBUG org.eclipse.jetty.io.ChannelEndPoint
       - filled 161 SelectChannelEndPoint@59bb0928{/127.0.0.1:52041&amp;lt;-&amp;gt;8080,Open,in,out,-,-,1/60000,HttpConnection}{io=0,kio=0,kro=1}
      
15:06:48.145 [qtp1105322512-39] DEBUG org.eclipse.jetty.http.HttpParser
       - parseNext s=START HeapByteBuffer@40ff2b02[p=0,l=161,c=8192,r=161]={&amp;lt;&amp;lt;&amp;lt;GET
       /base/sub HTT... keep-alive\r\n\r\n&amp;gt;&amp;gt;&amp;gt;\n\r\n\x00\x00\x00\x00\x00\x00\x00\x00\x00\x00\x00\x00\x00\x00...\x00\x00\x00\x00\x00\x00\x00\x00\x00\x00\x00\x00\x00\x00\x00}
      
15:06:48.145 [qtp1105322512-39] DEBUG org.eclipse.jetty.http.HttpParser
       - START --&amp;gt; SPACE1
15:06:48.145 [qtp1105322512-39]
       DEBUG org.eclipse.jetty.http.HttpParser - SPACE1 --&amp;gt;
       URI
15:06:48.145 [qtp1105322512-39] DEBUG org.eclipse.jetty.http.HttpParser
       - URI --&amp;gt; SPACE2
15:06:48.145 [qtp1105322512-39] DEBUG
       org.eclipse.jetty.http.HttpParser - SPACE2 --&amp;gt; REQUEST_VERSION
      
15:06:48.145 [qtp1105322512-39] DEBUG org.eclipse.jetty.http.HttpParser
       - REQUEST_VERSION --&amp;gt; HEADER
15:06:48.145 [qtp1105322512-39]
       DEBUG org.eclipse.jetty.http.HttpParser - HEADER --&amp;gt;
       HEADER_VALUE
15:06:48.145 [qtp1105322512-39] DEBUG org.eclipse.jetty.http.HttpParser
       - HEADER_VALUE --&amp;gt; HEADER_IN_VALUE
15:06:48.145 [qtp1105322512-39]
       DEBUG org.eclipse.jetty.http.HttpParser - HEADER_IN_VALUE
       --&amp;gt; HEADER
15:06:48.145 [qtp1105322512-39] DEBUG org.eclipse.jetty.http.HttpParser
       - HEADER --&amp;gt; HEADER_VALUE
15:06:48.145 [qtp1105322512-39]
       DEBUG org.eclipse.jetty.http.HttpParser - HEADER_VALUE --&amp;gt;
       HEADER_IN_VALUE
15:06:48.145 [qtp1105322512-39] DEBUG org.eclipse.jetty.http.HttpParser
       - HEADER_IN_VALUE --&amp;gt; HEADER
15:06:48.145 [qtp1105322512-39]
       DEBUG org.eclipse.jetty.http.HttpParser - HEADER --&amp;gt;
       HEADER_VALUE
15:06:48.145 [qtp1105322512-39] DEBUG org.eclipse.jetty.http.HttpParser
       - HEADER_VALUE --&amp;gt; HEADER_IN_VALUE
15:06:48.145 [qtp1105322512-39]
       DEBUG org.eclipse.jetty.http.HttpParser - HEADER_IN_VALUE
       --&amp;gt; HEADER
15:06:48.145 [qtp1105322512-39] DEBUG org.eclipse.jetty.http.HttpParser
       - HEADER --&amp;gt; HEADER_IN_VALUE
15:06:48.145 [qtp1105322512-39]
       DEBUG org.eclipse.jetty.http.HttpParser - HEADER_IN_VALUE
       --&amp;gt; HEADER
15:06:48.146 [qtp1105322512-39] DEBUG org.eclipse.jetty.http.HttpParser
       - HEADER --&amp;gt; END
15:06:48.146 [qtp1105322512-39] DEBUG
       org.eclipse.jetty.server.HttpChannel - HttpChannelOverHttp@2b0cd9ef{r=1,c=false,a=IDLE,uri=-}
       messageComplete
15:06:48.146 [qtp1105322512-39] DEBUG org.eclipse.jetty.server.HttpInput
       - HttpInputOverHTTP@4f34b193 EOF
15:06:48.146 [qtp1105322512-39]
       DEBUG org.eclipse.jetty.server.HttpChannel - HttpChannelOverHttp@2b0cd9ef{r=1,c=false,a=IDLE,uri=-}
       handle enter
15:06:48.146 [qtp1105322512-39 - /base/sub]
       DEBUG o.e.jetty.server.HttpChannelState - HttpChannelState@2551ea77{s=IDLE
       i=true a=null} handling IDLE
15:06:48.146 [qtp1105322512-39
       - /base/sub] DEBUG org.eclipse.jetty.server.HttpChannel -
       HttpChannelOverHttp@2b0cd9ef{r=1,c=false,a=DISPATCHED,uri=/base/sub}
       action REQUEST_DISPATCH
15:06:48.146 [qtp1105322512-39 -
       /base/sub] DEBUG org.eclipse.jetty.server.Server - REQUEST
       GET /base/sub on HttpChannelOverHttp@2b0cd9ef{r=1,c=false,a=DISPATCHED,uri=/base/sub}
      
15:06:48.146 [qtp1105322512-39 - /base/sub] DEBUG o.e.j.server.handler.ContextHandler
       - scope null||/base/sub @ o.e.j.s.ServletContextHandler@6f46426d{/,null,AVAILABLE}
      
15:06:48.146 [qtp1105322512-39 - /base/sub] DEBUG o.e.j.server.handler.ContextHandler
       - context=||/base/sub @ o.e.j.s.ServletContextHandler@6f46426d{/,null,AVAILABLE}
      
15:06:48.146 [qtp1105322512-39 - /base/sub] DEBUG org.eclipse.jetty.server.session
       - sessionManager=org.eclipse.jetty.server.session.HashSessionManager@32ee6fee
      
15:06:48.146 [qtp1105322512-39 - /base/sub] DEBUG org.eclipse.jetty.server.session
       - session=null
15:06:48.146 [qtp1105322512-39 - /base/sub]
       DEBUG o.e.jetty.servlet.ServletHandler - servlet ||/base/sub
       -&amp;gt; org.apache.felix.http.base.internal.DispatcherServlet-4738a206@cebacce0==org.apache.felix.http.base.internal.DispatcherServlet,-1,true
      
15:06:48.146 [qtp1105322512-39 - /base/sub] DEBUG o.e.jetty.servlet.ServletHandler
       - chain=null
15:06:48.146 [qtp1105322512-39 - /base/sub]
       DEBUG o.e.jetty.server.HttpConnection - org.eclipse.jetty.server.HttpConnection$SendCallback@132d5604[PROCESSING][i=ResponseInfo{HTTP/1.1
       404 null,286,false},cb=org.eclipse.jetty.server.HttpChannel$CommitCallback@654169ff]
       generate: NEED_HEADER (null,[p=0,l=286,c=2048,r=286],true)@START
      
15:06:48.146 [qtp1105322512-39 - /base/sub] DEBUG o.e.jetty.server.HttpConnection
       - org.eclipse.jetty.server.HttpConnection$SendCallback@132d5604[PROCESSING][i=ResponseInfo{HTTP/1.1
       404 null,286,false},cb=org.eclipse.jetty.server.HttpChannel$CommitCallback@654169ff]
       generate: FLUSH ([p=0,l=249,c=16384,r=249],[p=0,l=286,c=2048,r=286],true)@COMPLETING
      
15:06:48.147 [qtp1105322512-39 - /base/sub] DEBUG org.eclipse.jetty.io.WriteFlusher
       - write: WriteFlusher@57ca587f{IDLE} [HeapByteBuffer@5720d23f[p=0,l=249,c=16384,r=249]={&amp;lt;&amp;lt;&amp;lt;HTTP/1.1
       404 Not ....v20150224)\r\n\r\n&amp;gt;&amp;gt;&amp;gt;y(9.2.9.v20150224...\x00\x00\x00\x00\x00\x00\x00\x00\x00\x00\x00\x00\x00\x00\x00},HeapByteBuffer@61941252[p=0,l=286,c=2048,r=286]={&amp;lt;&amp;lt;&amp;lt;&amp;lt;html&amp;gt;\n&amp;lt;head&amp;gt;\n&amp;lt;me.../body&amp;gt;\n&amp;lt;/html&amp;gt;\n&amp;gt;&amp;gt;&amp;gt;\x00\x00\x00\x00\x00\x00\x00\x00\x00\x00\x00\x00\x00\x00\x00\x00\x00...\x00\x00\x00\x00\x00\x00\x00\x00\x00\x00\x00\x00\x00\x00\x00}]
      
15:06:48.147 [qtp1105322512-39 - /base/sub] DEBUG org.eclipse.jetty.io.WriteFlusher
       - update WriteFlusher@57ca587f{WRITING}:IDLE--&amp;gt;WRITING
    </system-out>
  </testcase>
  <testcase name='testBaseResourceRegistration' time='0.46' classname='org.amdatu.web.rest.ResourceRegistrationTest'>
    <system-out>
      15:06:48.148 [qtp1105322512-39 - /base/sub] DEBUG org.eclipse.jetty.http.HttpParser
       - reset HttpParser{s=END,0 of 0}
15:06:48.148 [qtp1105322512-39
       - /base/sub] DEBUG org.eclipse.jetty.http.HttpParser - END
       --&amp;gt; START
15:06:48.148 [qtp1105322512-39] DEBUG org.eclipse.jetty.server.HttpChannel
       - HttpChannelOverHttp@2b0cd9ef{r=1,c=false,a=IDLE,uri=-} handle
       exit, result COMPLETE
15:06:48.148 [qtp1105322512-39] DEBUG
       org.eclipse.jetty.io.ChannelEndPoint - filled -1 SelectChannelEndPoint@59bb0928{/127.0.0.1:52041&amp;lt;-&amp;gt;8080,Open,in,out,-,-,0/60000,HttpConnection}{io=0,kio=0,kro=1}
      
15:06:48.148 [qtp1105322512-39] DEBUG org.eclipse.jetty.io.ChannelEndPoint
       - ishut SelectChannelEndPoint@59bb0928{/127.0.0.1:52041&amp;lt;-&amp;gt;8080,Open,in,out,-,-,0/60000,HttpConnection}{io=0,kio=0,kro=1}
      
15:06:48.148 [qtp1105322512-39] DEBUG org.eclipse.jetty.http.HttpParser
       - atEOF HttpParser{s=START,0 of -1}
15:06:48.148 [qtp1105322512-39]
       DEBUG org.eclipse.jetty.http.HttpParser - parseNext s=START
       HeapByteBuffer@3eb1faf8[p=0,l=0,c=8192,r=0]={&amp;lt;&amp;lt;&amp;lt;&amp;gt;&amp;gt;&amp;gt;GET
       /base HTTP/1....\x00\x00\x00\x00\x00\x00\x00\x00\x00\x00\x00\x00\x00\x00\x00}
      
15:06:48.148 [qtp1105322512-39] DEBUG org.eclipse.jetty.http.HttpParser
       - START --&amp;gt; CLOSED
15:06:48.148 [qtp1105322512-39]
       DEBUG o.eclipse.jetty.io.AbstractEndPoint - onClose SelectChannelEndPoint@59bb0928{/127.0.0.1:52041&amp;lt;-&amp;gt;8080,CLOSED,ISHUT,out,-,-,0/60000,HttpConnection}{io=0,kio=0,kro=1}
      
15:06:48.149 [qtp1105322512-37-acceptor-0@59402b8f-ServerConnector@6892b3b6{HTTP/1.1}{0.0.0.0:8080}]
       DEBUG org.eclipse.jetty.io.SelectorManager - Queued change
       org.eclipse.jetty.io.SelectorManager$ManagedSelector$Accept@4cb6c4c7
      
15:06:48.149 [qtp1105322512-39] DEBUG org.eclipse.jetty.io.ChannelEndPoint
       - close SelectChannelEndPoint@59bb0928{/127.0.0.1:52041&amp;lt;-&amp;gt;8080,CLOSED,ISHUT,out,-,-,0/60000,HttpConnection}{io=0,kio=0,kro=1}
      
15:06:48.149 [qtp1105322512-39] DEBUG org.eclipse.jetty.io.SelectorManager
       - Destroyed SelectChannelEndPoint@59bb0928{/127.0.0.1:52041&amp;lt;-&amp;gt;8080,CLOSED,ISHUT,OSHUT,-,-,1/60000,HttpConnection}{io=0,kio=-1,kro=-1}
      
15:06:48.149 [qtp1105322512-39] DEBUG o.e.jetty.io.AbstractConnection
       - onClose HttpConnection@2ce5a0dc{FILLING}
15:06:48.149 [qtp1105322512-39]
       DEBUG o.eclipse.jetty.io.AbstractEndPoint - onClose SelectChannelEndPoint@59bb0928{/127.0.0.1:52041&amp;lt;-&amp;gt;8080,CLOSED,ISHUT,OSHUT,-,-,1/60000,HttpConnection}{io=0,kio=-1,kro=-1}
      
15:06:48.149 [qtp1105322512-39] DEBUG o.e.jetty.io.AbstractConnection
       - FILLING--&amp;gt;IDLE HttpConnection@2ce5a0dc{IDLE}
15:06:48.149
       [qtp1105322512-34-selector-ServerConnectorManager@1530c739/1]
       DEBUG org.eclipse.jetty.io.SelectorManager - Selector loop
       woken up from select, 0/0 selected
15:06:48.149 [qtp1105322512-34-selector-ServerConnectorManager@1530c739/1]
       DEBUG org.eclipse.jetty.io.SelectorManager - Running change
       org.eclipse.jetty.io.SelectorManager$ManagedSelector$Accept@4cb6c4c7
      
15:06:48.149 [qtp1105322512-34-selector-ServerConnectorManager@1530c739/1]
       DEBUG o.eclipse.jetty.io.AbstractEndPoint - onOpen SelectChannelEndPoint@6f69fccd{/127.0.0.1:52042&amp;lt;-&amp;gt;8080,Open,in,out,-,-,0/60000,null}{io=0,kio=0,kro=0}
      
15:06:48.149 [qtp1105322512-34-selector-ServerConnectorManager@1530c739/1]
       DEBUG org.eclipse.jetty.io.IdleTimeout - SelectChannelEndPoint@6f69fccd{/127.0.0.1:52042&amp;lt;-&amp;gt;8080,Open,in,out,-,-,0/60000,null}{io=0,kio=0,kro=0}
       idle timeout check, elapsed: 0 ms, remaining: 60000 ms
15:06:48.150
       [qtp1105322512-34-selector-ServerConnectorManager@1530c739/1]
       DEBUG org.eclipse.jetty.server.HttpChannel - new HttpChannelOverHttp@55f7a00c{r=0,c=false,a=IDLE,uri=-}
       -&amp;gt; SelectChannelEndPoint@6f69fccd{/127.0.0.1:52042&amp;lt;-&amp;gt;8080,Open,in,out,-,-,1/60000,null}{io=0,kio=0,kro=0},null,HttpChannelState@4b2c60c2{s=IDLE
       i=true a=null}
15:06:48.150 [qtp1105322512-34-selector-ServerConnectorManager@1530c739/1]
       DEBUG o.e.jetty.server.HttpConnection - New HTTP Connection
       HttpConnection@4ce497ad{IDLE}
15:06:48.150 [qtp1105322512-34-selector-ServerConnectorManager@1530c739/1]
       DEBUG o.e.jetty.io.AbstractConnection - onOpen HttpConnection@4ce497ad{IDLE}
      
15:06:48.150 [qtp1105322512-34-selector-ServerConnectorManager@1530c739/1]
       DEBUG o.e.jetty.io.AbstractConnection - fillInterested HttpConnection@4ce497ad{IDLE}
      
15:06:48.150 [qtp1105322512-34-selector-ServerConnectorManager@1530c739/1]
       DEBUG o.e.jetty.io.AbstractConnection - IDLE--&amp;gt;FILL_INTERESTED
       HttpConnection@4ce497ad{FILL_INTERESTED}
15:06:48.150 [qtp1105322512-34-selector-ServerConnectorManager@1530c739/1]
       DEBUG o.e.jetty.io.SelectChannelEndPoint - Local interests
       updating 0 -&amp;gt; 1 for SelectChannelEndPoint@6f69fccd{/127.0.0.1:52042&amp;lt;-&amp;gt;8080,Open,in,out,R,-,0/60000,HttpConnection}{io=1,kio=0,kro=0}
      
15:06:48.150 [qtp1105322512-34-selector-ServerConnectorManager@1530c739/1]
       DEBUG org.eclipse.jetty.io.SelectorManager - Running change
       org.eclipse.jetty.io.SelectChannelEndPoint$1@6ccb9568
15:06:48.150
       [qtp1105322512-34-selector-ServerConnectorManager@1530c739/1]
       DEBUG o.e.jetty.io.SelectChannelEndPoint - Key interests updated
       0 -&amp;gt; 1 on SelectChannelEndPoint@6f69fccd{/127.0.0.1:52042&amp;lt;-&amp;gt;8080,Open,in,out,R,-,0/60000,HttpConnection}{io=1,kio=1,kro=0}
      
15:06:48.150 [qtp1105322512-34-selector-ServerConnectorManager@1530c739/1]
       DEBUG org.eclipse.jetty.io.SelectorManager - Created SelectChannelEndPoint@6f69fccd{/127.0.0.1:52042&amp;lt;-&amp;gt;8080,Open,in,out,R,-,0/60000,HttpConnection}{io=1,kio=1,kro=0}
      
15:06:48.150 [qtp1105322512-34-selector-ServerConnectorManager@1530c739/1]
       DEBUG org.eclipse.jetty.io.SelectorManager - Selector loop
       waiting on select
15:06:48.150 [qtp1105322512-34-selector-ServerConnectorManager@1530c739/1]
       DEBUG org.eclipse.jetty.io.SelectorManager - Selector loop
       woken up from select, 1/1 selected
15:06:48.150 [qtp1105322512-34-selector-ServerConnectorManager@1530c739/1]
       DEBUG o.e.jetty.io.SelectChannelEndPoint - Key interests updated
       1 -&amp;gt; 0 on SelectChannelEndPoint@6f69fccd{/127.0.0.1:52042&amp;lt;-&amp;gt;8080,Open,in,out,R,-,0/60000,HttpConnection}{io=1,kio=0,kro=1}
      
15:06:48.150 [qtp1105322512-34-selector-ServerConnectorManager@1530c739/1]
       DEBUG o.e.jetty.io.SelectChannelEndPoint - Local interests
       updating 1 -&amp;gt; 0 for SelectChannelEndPoint@6f69fccd{/127.0.0.1:52042&amp;lt;-&amp;gt;8080,Open,in,out,R,-,0/60000,HttpConnection}{io=0,kio=0,kro=1}
      
15:06:48.150 [qtp1105322512-34-selector-ServerConnectorManager@1530c739/1]
       DEBUG org.eclipse.jetty.io.SelectorManager - Running change
       org.eclipse.jetty.io.SelectChannelEndPoint$1@6ccb9568
15:06:48.150
       [qtp1105322512-34-selector-ServerConnectorManager@1530c739/1]
       DEBUG o.e.jetty.io.AbstractConnection - FILL_INTERESTED--&amp;gt;FILLING
       HttpConnection@4ce497ad{FILLING}
15:06:48.150 [qtp1105322512-34-selector-ServerConnectorManager@1530c739/1]
       DEBUG org.eclipse.jetty.io.SelectorManager - Selector loop
       waiting on select
15:06:48.151 [qtp1105322512-32] DEBUG o.e.jetty.server.HttpConnection
       - HttpConnection@4ce497ad{FILLING} onFillable HttpChannelState@4b2c60c2{s=IDLE
       i=true a=null}
15:06:48.151 [qtp1105322512-32] DEBUG org.eclipse.jetty.io.ChannelEndPoint
       - filled 157 SelectChannelEndPoint@6f69fccd{/127.0.0.1:52042&amp;lt;-&amp;gt;8080,Open,in,out,-,-,1/60000,HttpConnection}{io=0,kio=0,kro=1}
      
15:06:48.151 [qtp1105322512-32] DEBUG org.eclipse.jetty.http.HttpParser
       - parseNext s=START HeapByteBuffer@f91d4a99[p=0,l=157,c=8192,r=157]={&amp;lt;&amp;lt;&amp;lt;GET
       /base HTTP/1.... keep-alive\r\n\r\n&amp;gt;&amp;gt;&amp;gt;\r\n\r\n\n\r\n\x00\x00\x00\x00\x00\x00\x00\x00\x00\x00...\x00\x00\x00\x00\x00\x00\x00\x00\x00\x00\x00\x00\x00\x00\x00}
      
15:06:48.151 [qtp1105322512-32] DEBUG org.eclipse.jetty.http.HttpParser
       - START --&amp;gt; SPACE1
15:06:48.151 [qtp1105322512-32]
       DEBUG org.eclipse.jetty.http.HttpParser - SPACE1 --&amp;gt;
       URI
15:06:48.151 [qtp1105322512-32] DEBUG org.eclipse.jetty.http.HttpParser
       - URI --&amp;gt; SPACE2
15:06:48.151 [qtp1105322512-32] DEBUG
       org.eclipse.jetty.http.HttpParser - SPACE2 --&amp;gt; REQUEST_VERSION
      
15:06:48.151 [qtp1105322512-32] DEBUG org.eclipse.jetty.http.HttpParser
       - REQUEST_VERSION --&amp;gt; HEADER
15:06:48.151 [qtp1105322512-32]
       DEBUG org.eclipse.jetty.http.HttpParser - HEADER --&amp;gt;
       HEADER_VALUE
15:06:48.151 [qtp1105322512-32] DEBUG org.eclipse.jetty.http.HttpParser
       - HEADER_VALUE --&amp;gt; HEADER_IN_VALUE
15:06:48.151 [qtp1105322512-32]
       DEBUG org.eclipse.jetty.http.HttpParser - HEADER_IN_VALUE
       --&amp;gt; HEADER
15:06:48.151 [qtp1105322512-32] DEBUG org.eclipse.jetty.http.HttpParser
       - HEADER --&amp;gt; HEADER_VALUE
15:06:48.151 [qtp1105322512-32]
       DEBUG org.eclipse.jetty.http.HttpParser - HEADER_VALUE --&amp;gt;
       HEADER_IN_VALUE
15:06:48.151 [qtp1105322512-32] DEBUG org.eclipse.jetty.http.HttpParser
       - HEADER_IN_VALUE --&amp;gt; HEADER
15:06:48.151 [qtp1105322512-32]
       DEBUG org.eclipse.jetty.http.HttpParser - HEADER --&amp;gt;
       HEADER_VALUE
15:06:48.151 [qtp1105322512-32] DEBUG org.eclipse.jetty.http.HttpParser
       - HEADER_VALUE --&amp;gt; HEADER_IN_VALUE
15:06:48.151 [qtp1105322512-32]
       DEBUG org.eclipse.jetty.http.HttpParser - HEADER_IN_VALUE
       --&amp;gt; HEADER
15:06:48.151 [qtp1105322512-32] DEBUG org.eclipse.jetty.http.HttpParser
       - HEADER --&amp;gt; HEADER_IN_VALUE
15:06:48.151 [qtp1105322512-32]
       DEBUG org.eclipse.jetty.http.HttpParser - HEADER_IN_VALUE
       --&amp;gt; HEADER
15:06:48.151 [qtp1105322512-32] DEBUG org.eclipse.jetty.http.HttpParser
       - HEADER --&amp;gt; END
15:06:48.151 [qtp1105322512-32] DEBUG
       org.eclipse.jetty.server.HttpChannel - HttpChannelOverHttp@55f7a00c{r=1,c=false,a=IDLE,uri=-}
       messageComplete
15:06:48.151 [qtp1105322512-32] DEBUG org.eclipse.jetty.server.HttpInput
       - HttpInputOverHTTP@6f232f1c EOF
15:06:48.151 [qtp1105322512-32]
       DEBUG org.eclipse.jetty.server.HttpChannel - HttpChannelOverHttp@55f7a00c{r=1,c=false,a=IDLE,uri=-}
       handle enter
15:06:48.151 [qtp1105322512-32 - /base] DEBUG
       o.e.jetty.server.HttpChannelState - HttpChannelState@4b2c60c2{s=IDLE
       i=true a=null} handling IDLE
15:06:48.151 [qtp1105322512-32
       - /base] DEBUG org.eclipse.jetty.server.HttpChannel - HttpChannelOverHttp@55f7a00c{r=1,c=false,a=DISPATCHED,uri=/base}
       action REQUEST_DISPATCH
15:06:48.151 [qtp1105322512-32 -
       /base] DEBUG org.eclipse.jetty.server.Server - REQUEST GET
       /base on HttpChannelOverHttp@55f7a00c{r=1,c=false,a=DISPATCHED,uri=/base}
      
15:06:48.152 [qtp1105322512-32 - /base] DEBUG o.e.j.server.handler.ContextHandler
       - scope null||/base @ o.e.j.s.ServletContextHandler@6f46426d{/,null,AVAILABLE}
      
15:06:48.152 [qtp1105322512-32 - /base] DEBUG o.e.j.server.handler.ContextHandler
       - context=||/base @ o.e.j.s.ServletContextHandler@6f46426d{/,null,AVAILABLE}
      
15:06:48.152 [qtp1105322512-32 - /base] DEBUG org.eclipse.jetty.server.session
       - sessionManager=org.eclipse.jetty.server.session.HashSessionManager@32ee6fee
      
15:06:48.152 [qtp1105322512-32 - /base] DEBUG org.eclipse.jetty.server.session
       - session=null
15:06:48.152 [qtp1105322512-32 - /base] DEBUG
       o.e.jetty.servlet.ServletHandler - servlet ||/base -&amp;gt;
       org.apache.felix.http.base.internal.DispatcherServlet-4738a206@cebacce0==org.apache.felix.http.base.internal.DispatcherServlet,-1,true
      
15:06:48.152 [qtp1105322512-32 - /base] DEBUG o.e.jetty.servlet.ServletHandler
       - chain=null
15:06:48.152 [qtp1105322512-32 - /base] DEBUG
       o.e.jetty.server.HttpConnection - org.eclipse.jetty.server.HttpConnection$SendCallback@4c30b9a5[PROCESSING][i=ResponseInfo{HTTP/1.1
       404 null,282,false},cb=org.eclipse.jetty.server.HttpChannel$CommitCallback@4a007661]
       generate: NEED_HEADER (null,[p=0,l=282,c=2048,r=282],true)@START
      
15:06:48.152 [qtp1105322512-32 - /base] DEBUG o.e.jetty.server.HttpConnection
       - org.eclipse.jetty.server.HttpConnection$SendCallback@4c30b9a5[PROCESSING][i=ResponseInfo{HTTP/1.1
       404 null,282,false},cb=org.eclipse.jetty.server.HttpChannel$CommitCallback@4a007661]
       generate: FLUSH ([p=0,l=249,c=16384,r=249],[p=0,l=282,c=2048,r=282],true)@COMPLETING
      
15:06:48.152 [qtp1105322512-32 - /base] DEBUG org.eclipse.jetty.io.WriteFlusher
       - write: WriteFlusher@3c735703{IDLE} [HeapByteBuffer@4633a9c3[p=0,l=249,c=16384,r=249]={&amp;lt;&amp;lt;&amp;lt;HTTP/1.1
       404 Not ....v20150224)\r\n\r\n&amp;gt;&amp;gt;&amp;gt;y(9.2.9.v20150224...\x00\x00\x00\x00\x00\x00\x00\x00\x00\x00\x00\x00\x00\x00\x00},HeapByteBuffer@40c560e3[p=0,l=282,c=2048,r=282]={&amp;lt;&amp;lt;&amp;lt;&amp;lt;html&amp;gt;\n&amp;lt;head&amp;gt;\n&amp;lt;me.../body&amp;gt;\n&amp;lt;/html&amp;gt;\n&amp;gt;&amp;gt;&amp;gt;\x00\x00\x00\x00\x00\x00\x00\x00\x00\x00\x00\x00\x00\x00\x00\x00\x00...\x00\x00\x00\x00\x00\x00\x00\x00\x00\x00\x00\x00\x00\x00\x00}]
      
15:06:48.152 [qtp1105322512-32 - /base] DEBUG org.eclipse.jetty.io.WriteFlusher
       - update WriteFlusher@3c735703{WRITING}:IDLE--&amp;gt;WRITING
      
15:06:48.153 [qtp1105322512-32 - /base] DEBUG org.eclipse.jetty.io.ChannelEndPoint
       - flushed 531 SelectChannelEndPoint@6f69fccd{/127.0.0.1:52042&amp;lt;-&amp;gt;8080,Open,in,out,-,W,2/60000,HttpConnection}{io=0,kio=0,kro=1}
      
15:06:48.153 [qtp1105322512-32 - /base] DEBUG org.eclipse.jetty.io.WriteFlusher
       - update WriteFlusher@3c735703{IDLE}:WRITING--&amp;gt;IDLE
      
15:06:48.153 [qtp1105322512-32 - /base] DEBUG o.e.jetty.server.HttpConnection
       - org.eclipse.jetty.server.HttpConnection$SendCallback@4c30b9a5[PROCESSING][i=ResponseInfo{HTTP/1.1
       404 null,282,false},cb=org.eclipse.jetty.server.HttpChannel$CommitCallback@4a007661]
       generate: DONE ([p=249,l=249,c=16384,r=0],[p=282,l=282,c=2048,r=0],true)@END
      
15:06:48.153 [qtp1105322512-32 - /base] DEBUG org.eclipse.jetty.server.Server
       - RESPONSE /base  404 handled=true
15:06:48.153 [qtp1105322512-32
       - /base] DEBUG o.e.jetty.server.HttpChannelState - HttpChannelState@4b2c60c2{s=DISPATCHED
       i=true a=null} unhandle DISPATCHED
15:06:48.153 [qtp1105322512-32
       - /base] DEBUG org.eclipse.jetty.http.HttpParser - reset HttpParser{s=END,0
       of 0}
15:06:48.153 [qtp1105322512-32 - /base] DEBUG org.eclipse.jetty.http.HttpParser
       - END --&amp;gt; START
15:06:48.153 [qtp1105322512-32] DEBUG
       org.eclipse.jetty.server.HttpChannel - HttpChannelOverHttp@55f7a00c{r=1,c=false,a=IDLE,uri=-}
       handle exit, result COMPLETE
15:06:48.153 [qtp1105322512-32]
       DEBUG org.eclipse.jetty.io.ChannelEndPoint - filled -1 SelectChannelEndPoint@6f69fccd{/127.0.0.1:52042&amp;lt;-&amp;gt;8080,Open,in,out,-,-,0/60000,HttpConnection}{io=0,kio=0,kro=1}
      
15:06:48.153 [qtp1105322512-32] DEBUG org.eclipse.jetty.io.ChannelEndPoint
       - ishut SelectChannelEndPoint@6f69fccd{/127.0.0.1:52042&amp;lt;-&amp;gt;8080,Open,in,out,-,-,0/60000,HttpConnection}{io=0,kio=0,kro=1}
      
15:06:48.153 [qtp1105322512-32] DEBUG org.eclipse.jetty.http.HttpParser
       - atEOF HttpParser{s=START,0 of -1}
15:06:48.153 [qtp1105322512-32]
       DEBUG org.eclipse.jetty.http.HttpParser - parseNext s=START
       HeapByteBuffer@3eb1faf8[p=0,l=0,c=8192,r=0]={&amp;lt;&amp;lt;&amp;lt;&amp;gt;&amp;gt;&amp;gt;GET
       /base HTTP/1....\x00\x00\x00\x00\x00\x00\x00\x00\x00\x00\x00\x00\x00\x00\x00}
      
15:06:48.153 [qtp1105322512-32] DEBUG org.eclipse.jetty.http.HttpParser
       - START --&amp;gt; CLOSED
15:06:48.153 [qtp1105322512-32]
       DEBUG o.eclipse.jetty.io.AbstractEndPoint - onClose SelectChannelEndPoint@6f69fccd{/127.0.0.1:52042&amp;lt;-&amp;gt;8080,CLOSED,ISHUT,out,-,-,0/60000,HttpConnection}{io=0,kio=0,kro=1}
      
15:06:48.153 [qtp1105322512-32] DEBUG org.eclipse.jetty.io.ChannelEndPoint
       - close SelectChannelEndPoint@6f69fccd{/127.0.0.1:52042&amp;lt;-&amp;gt;8080,CLOSED,ISHUT,out,-,-,0/60000,HttpConnection}{io=0,kio=0,kro=1}
      
15:06:48.154 [qtp1105322512-32] DEBUG org.eclipse.jetty.io.SelectorManager
       - Destroyed SelectChannelEndPoint@6f69fccd{/127.0.0.1:52042&amp;lt;-&amp;gt;8080,CLOSED,ISHUT,OSHUT,-,-,1/60000,HttpConnection}{io=0,kio=-1,kro=-1}
      
15:06:48.154 [qtp1105322512-32] DEBUG o.e.jetty.io.AbstractConnection
       - onClose HttpConnection@4ce497ad{FILLING}
15:06:48.154 [qtp1105322512-32]
       DEBUG o.eclipse.jetty.io.AbstractEndPoint - onClose SelectChannelEndPoint@6f69fccd{/127.0.0.1:52042&amp;lt;-&amp;gt;8080,CLOSED,ISHUT,OSHUT,-,-,1/60000,HttpConnection}{io=0,kio=-1,kro=-1}
      
15:06:48.154 [qtp1105322512-32] DEBUG o.e.jetty.io.AbstractConnection
       - FILLING--&amp;gt;IDLE HttpConnection@4ce497ad{IDLE}
15:06:48.154
       [qtp1105322512-37-acceptor-0@59402b8f-ServerConnector@6892b3b6{HTTP/1.1}{0.0.0.0:8080}]
       DEBUG org.eclipse.jetty.io.SelectorManager - Queued change
       org.eclipse.jetty.io.SelectorManager$ManagedSelector$Accept@38a786c1
      
15:06:48.155 [qtp1105322512-33-selector-ServerConnectorManager@1530c739/0]
       DEBUG org.eclipse.jetty.io.SelectorManager - Selector loop
       woken up from select, 0/0 selected
15:06:48.155 [qtp1105322512-33-selector-ServerConnectorManager@1530c739/0]
       DEBUG org.eclipse.jetty.io.SelectorManager - Running change
       org.eclipse.jetty.io.SelectorManager$ManagedSelector$Accept@38a786c1
      
15:06:48.155 [qtp1105322512-33-selector-ServerConnectorManager@1530c739/0]
       DEBUG o.eclipse.jetty.io.AbstractEndPoint - onOpen SelectChannelEndPoint@4a3035eb{/127.0.0.1:52043&amp;lt;-&amp;gt;8080,Open,in,out,-,-,0/60000,null}{io=0,kio=0,kro=0}
      
15:06:48.155 [qtp1105322512-33-selector-ServerConnectorManager@1530c739/0]
       DEBUG org.eclipse.jetty.io.IdleTimeout - SelectChannelEndPoint@4a3035eb{/127.0.0.1:52043&amp;lt;-&amp;gt;8080,Open,in,out,-,-,0/60000,null}{io=0,kio=0,kro=0}
       idle timeout check, elapsed: 0 ms, remaining: 60000 ms
15:06:48.155
       [qtp1105322512-33-selector-ServerConnectorManager@1530c739/0]
       DEBUG org.eclipse.jetty.server.HttpChannel - new HttpChannelOverHttp@4bd28f31{r=0,c=false,a=IDLE,uri=-}
       -&amp;gt; SelectChannelEndPoint@4a3035eb{/127.0.0.1:52043&amp;lt;-&amp;gt;8080,Open,in,out,-,-,0/60000,null}{io=0,kio=0,kro=0},null,HttpChannelState@56a8677c{s=IDLE
       i=true a=null}
15:06:48.155 [qtp1105322512-33-selector-ServerConnectorManager@1530c739/0]
       DEBUG o.e.jetty.server.HttpConnection - New HTTP Connection
       HttpConnection@755daa75{IDLE}
15:06:48.155 [qtp1105322512-33-selector-ServerConnectorManager@1530c739/0]
       DEBUG o.e.jetty.io.AbstractConnection - onOpen HttpConnection@755daa75{IDLE}
      
15:06:48.155 [qtp1105322512-33-selector-ServerConnectorManager@1530c739/0]
       DEBUG o.e.jetty.io.AbstractConnection - fillInterested HttpConnection@755daa75{IDLE}
      
15:06:48.155 [qtp1105322512-33-selector-ServerConnectorManager@1530c739/0]
       DEBUG o.e.jetty.io.AbstractConnection - IDLE--&amp;gt;FILL_INTERESTED
       HttpConnection@755daa75{FILL_INTERESTED}
15:06:48.155 [qtp1105322512-33-selector-ServerConnectorManager@1530c739/0]
       DEBUG o.e.jetty.io.SelectChannelEndPoint - Local interests
       updating 0 -&amp;gt; 1 for SelectChannelEndPoint@4a3035eb{/127.0.0.1:52043&amp;lt;-&amp;gt;8080,Open,in,out,R,-,0/60000,HttpConnection}{io=1,kio=0,kro=0}
      
15:06:48.155 [qtp1105322512-33-selector-ServerConnectorManager@1530c739/0]
       DEBUG org.eclipse.jetty.io.SelectorManager - Running change
       org.eclipse.jetty.io.SelectChannelEndPoint$1@3e895658
15:06:48.155
       [qtp1105322512-33-selector-ServerConnectorManager@1530c739/0]
       DEBUG o.e.jetty.io.SelectChannelEndPoint - Key interests updated
       0 -&amp;gt; 1 on SelectChannelEndPoint@4a3035eb{/127.0.0.1:52043&amp;lt;-&amp;gt;8080,Open,in,out,R,-,0/60000,HttpConnection}{io=1,kio=1,kro=0}
      
15:06:48.155 [qtp1105322512-33-selector-ServerConnectorManager@1530c739/0]
       DEBUG org.eclipse.jetty.io.SelectorManager - Created SelectChannelEndPoint@4a3035eb{/127.0.0.1:52043&amp;lt;-&amp;gt;8080,Open,in,out,R,-,0/60000,HttpConnection}{io=1,kio=1,kro=0}
      
15:06:48.155 [qtp1105322512-33-selector-ServerConnectorManager@1530c739/0]
       DEBUG org.eclipse.jetty.io.SelectorManager - Selector loop
       waiting on select
15:06:48.156 [qtp1105322512-33-selector-ServerConnectorManager@1530c739/0]
       DEBUG org.eclipse.jetty.io.SelectorManager - Selector loop
       woken up from select, 1/1 selected
15:06:48.156 [qtp1105322512-33-selector-ServerConnectorManager@1530c739/0]
       DEBUG o.e.jetty.io.SelectChannelEndPoint - Key interests updated
       1 -&amp;gt; 0 on SelectChannelEndPoint@4a3035eb{/127.0.0.1:52043&amp;lt;-&amp;gt;8080,Open,in,out,R,-,1/60000,HttpConnection}{io=1,kio=0,kro=1}
      
15:06:48.156 [qtp1105322512-33-selector-ServerConnectorManager@1530c739/0]
       DEBUG o.e.jetty.io.SelectChannelEndPoint - Local interests
       updating 1 -&amp;gt; 0 for SelectChannelEndPoint@4a3035eb{/127.0.0.1:52043&amp;lt;-&amp;gt;8080,Open,in,out,R,-,1/60000,HttpConnection}{io=0,kio=0,kro=1}
      
15:06:48.156 [qtp1105322512-33-selector-ServerConnectorManager@1530c739/0]
       DEBUG org.eclipse.jetty.io.SelectorManager - Running change
       org.eclipse.jetty.io.SelectChannelEndPoint$1@3e895658
15:06:48.156
       [qtp1105322512-33-selector-ServerConnectorManager@1530c739/0]
       DEBUG o.e.jetty.io.AbstractConnection - FILL_INTERESTED--&amp;gt;FILLING
       HttpConnection@755daa75{FILLING}
15:06:48.156 [qtp1105322512-33-selector-ServerConnectorManager@1530c739/0]
       DEBUG org.eclipse.jetty.io.SelectorManager - Selector loop
       waiting on select
15:06:48.156 [qtp1105322512-36] DEBUG o.e.jetty.server.HttpConnection
       - HttpConnection@755daa75{FILLING} onFillable HttpChannelState@56a8677c{s=IDLE
       i=true a=null}
15:06:48.156 [qtp1105322512-36] DEBUG org.eclipse.jetty.io.ChannelEndPoint
       - filled 157 SelectChannelEndPoint@4a3035eb{/127.0.0.1:52043&amp;lt;-&amp;gt;8080,Open,in,out,-,-,1/60000,HttpConnection}{io=0,kio=0,kro=1}
      
15:06:48.156 [qtp1105322512-36] DEBUG org.eclipse.jetty.http.HttpParser
       - parseNext s=START HeapByteBuffer@f91d4a99[p=0,l=157,c=8192,r=157]={&amp;lt;&amp;lt;&amp;lt;GET
       /base HTTP/1.... keep-alive\r\n\r\n&amp;gt;&amp;gt;&amp;gt;\r\n\r\n\n\r\n\x00\x00\x00\x00\x00\x00\x00\x00\x00\x00...\x00\x00\x00\x00\x00\x00\x00\x00\x00\x00\x00\x00\x00\x00\x00}
      
15:06:48.156 [qtp1105322512-36] DEBUG org.eclipse.jetty.http.HttpParser
       - START --&amp;gt; SPACE1
15:06:48.156 [qtp1105322512-36]
       DEBUG org.eclipse.jetty.http.HttpParser - SPACE1 --&amp;gt;
       URI
15:06:48.156 [qtp1105322512-36] DEBUG org.eclipse.jetty.http.HttpParser
       - URI --&amp;gt; SPACE2
15:06:48.156 [qtp1105322512-36] DEBUG
       org.eclipse.jetty.http.HttpParser - SPACE2 --&amp;gt; REQUEST_VERSION
      
15:06:48.156 [qtp1105322512-36] DEBUG org.eclipse.jetty.http.HttpParser
       - REQUEST_VERSION --&amp;gt; HEADER
15:06:48.156 [qtp1105322512-36]
       DEBUG org.eclipse.jetty.http.HttpParser - HEADER --&amp;gt;
       HEADER_VALUE
15:06:48.156 [qtp1105322512-36] DEBUG org.eclipse.jetty.http.HttpParser
       - HEADER_VALUE --&amp;gt; HEADER_IN_VALUE
15:06:48.156 [qtp1105322512-36]
       DEBUG org.eclipse.jetty.http.HttpParser - HEADER_IN_VALUE
       --&amp;gt; HEADER
15:06:48.156 [qtp1105322512-36] DEBUG org.eclipse.jetty.http.HttpParser
       - HEADER --&amp;gt; HEADER_VALUE
15:06:48.156 [qtp1105322512-36]
       DEBUG org.eclipse.jetty.http.HttpParser - HEADER_VALUE --&amp;gt;
       HEADER_IN_VALUE
15:06:48.156 [qtp1105322512-36] DEBUG org.eclipse.jetty.http.HttpParser
       - HEADER_IN_VALUE --&amp;gt; HEADER
15:06:48.156 [qtp1105322512-36]
       DEBUG org.eclipse.jetty.http.HttpParser - HEADER --&amp;gt;
       HEADER_VALUE
15:06:48.156 [qtp1105322512-36] DEBUG org.eclipse.jetty.http.HttpParser
       - HEADER_VALUE --&amp;gt; HEADER_IN_VALUE
15:06:48.156 [qtp1105322512-36]
       DEBUG org.eclipse.jetty.http.HttpParser - HEADER_IN_VALUE
       --&amp;gt; HEADER
15:06:48.156 [qtp1105322512-36] DEBUG org.eclipse.jetty.http.HttpParser
       - HEADER --&amp;gt; HEADER_IN_VALUE
15:06:48.156 [qtp1105322512-36]
       DEBUG org.eclipse.jetty.http.HttpParser - HEADER_IN_VALUE
       --&amp;gt; HEADER
15:06:48.156 [qtp1105322512-36] DEBUG org.eclipse.jetty.http.HttpParser
       - HEADER --&amp;gt; END
15:06:48.157 [qtp1105322512-36] DEBUG
       org.eclipse.jetty.server.HttpChannel - HttpChannelOverHttp@4bd28f31{r=1,c=false,a=IDLE,uri=-}
       messageComplete
15:06:48.157 [qtp1105322512-36] DEBUG org.eclipse.jetty.server.HttpInput
       - HttpInputOverHTTP@5e9fd41d EOF
15:06:48.157 [qtp1105322512-36]
       DEBUG org.eclipse.jetty.server.HttpChannel - HttpChannelOverHttp@4bd28f31{r=1,c=false,a=IDLE,uri=-}
       handle enter
15:06:48.157 [qtp1105322512-36 - /base] DEBUG
       o.e.jetty.server.HttpChannelState - HttpChannelState@56a8677c{s=IDLE
       i=true a=null} handling IDLE
15:06:48.157 [qtp1105322512-36
       - /base] DEBUG org.eclipse.jetty.server.HttpChannel - HttpChannelOverHttp@4bd28f31{r=1,c=false,a=DISPATCHED,uri=/base}
       action REQUEST_DISPATCH
15:06:48.157 [qtp1105322512-36 -
       /base] DEBUG org.eclipse.jetty.server.Server - REQUEST GET
       /base on HttpChannelOverHttp@4bd28f31{r=1,c=false,a=DISPATCHED,uri=/base}
      
15:06:48.157 [qtp1105322512-36 - /base] DEBUG o.e.j.server.handler.ContextHandler
       - scope null||/base @ o.e.j.s.ServletContextHandler@6f46426d{/,null,AVAILABLE}
      
15:06:48.157 [qtp1105322512-36 - /base] DEBUG o.e.j.server.handler.ContextHandler
       - context=||/base @ o.e.j.s.ServletContextHandler@6f46426d{/,null,AVAILABLE}
      
15:06:48.157 [qtp1105322512-36 - /base] DEBUG org.eclipse.jetty.server.session
       - sessionManager=org.eclipse.jetty.server.session.HashSessionManager@32ee6fee
      
15:06:48.157 [qtp1105322512-36 - /base] DEBUG org.eclipse.jetty.server.session
       - session=null
15:06:48.157 [qtp1105322512-36 - /base] DEBUG
       o.e.jetty.servlet.ServletHandler - servlet ||/base -&amp;gt;
       org.apache.felix.http.base.internal.DispatcherServlet-4738a206@cebacce0==org.apache.felix.http.base.internal.DispatcherServlet,-1,true
      
15:06:48.157 [qtp1105322512-36 - /base] DEBUG o.e.jetty.servlet.ServletHandler
       - chain=null
15:06:48.169 [qtp1105322512-36 - /base] DEBUG
       o.e.jetty.server.HttpConnection - org.eclipse.jetty.server.HttpConnection$SendCallback@7cf2a459[PROCESSING][i=ResponseInfo{HTTP/1.1
       200 null,-1,false},cb=org.eclipse.jetty.server.HttpChannel$CommitCallback@2cea305b]
       generate: NEED_HEADER (null,[p=0,l=4,c=24576,r=4],false)@START
      
15:06:48.169 [qtp1105322512-36 - /base] DEBUG o.e.jetty.server.HttpConnection
       - org.eclipse.jetty.server.HttpConnection$SendCallback@7cf2a459[PROCESSING][i=ResponseInfo{HTTP/1.1
       200 null,-1,false},cb=org.eclipse.jetty.server.HttpChannel$CommitCallback@2cea305b]
       generate: FLUSH ([p=0,l=182,c=16384,r=182],[p=0,l=4,c=24576,r=4],false)@COMMITTED
      
15:06:48.170 [qtp1105322512-36 - /base] DEBUG org.eclipse.jetty.io.WriteFlusher
       - write: WriteFlusher@529bd901{IDLE} [HeapByteBuffer@9e1b6725[p=0,l=182,c=16384,r=182]={&amp;lt;&amp;lt;&amp;lt;HTTP/1.1
       200 OK\r\n...0150224)\r\n\r\n4\r\n&amp;gt;&amp;gt;&amp;gt;r:
       Jetty(9.2.9.v2...\x00\x00\x00\x00\x00\x00\x00\x00\x00\x00\x00\x00\x00\x00\x00},HeapByteBuffer@bed06bb5[p=0,l=4,c=24576,r=4]={&amp;lt;&amp;lt;&amp;lt;base&amp;gt;&amp;gt;&amp;gt;o
       Worldello World...\x00\x00\x00\x00\x00\x00\x00\x00\x00\x00\x00\x00\x00\x00\x00}]
      
15:06:48.170 [qtp1105322512-36 - /base] DEBUG org.eclipse.jetty.io.WriteFlusher
       - update WriteFlusher@529bd901{WRITING}:IDLE--&amp;gt;WRITING
      
15:06:48.170 [qtp1105322512-36 - /base] DEBUG org.eclipse.jetty.io.ChannelEndPoint
       - flushed 186 SelectChannelEndPoint@4a3035eb{/127.0.0.1:52043&amp;lt;-&amp;gt;8080,Open,in,out,-,W,14/60000,HttpConnection}{io=0,kio=0,kro=1}
      
15:06:48.170 [qtp1105322512-36 - /base] DEBUG org.eclipse.jetty.io.WriteFlusher
       - update WriteFlusher@529bd901{IDLE}:WRITING--&amp;gt;IDLE
      
15:06:48.170 [qtp1105322512-36 - /base] DEBUG o.e.jetty.server.HttpConnection
       - org.eclipse.jetty.server.HttpConnection$SendCallback@7cf2a459[PROCESSING][i=ResponseInfo{HTTP/1.1
       200 null,-1,false},cb=org.eclipse.jetty.server.HttpChannel$CommitCallback@2cea305b]
       generate: DONE ([p=182,l=182,c=16384,r=0],[p=4,l=4,c=24576,r=0],false)@COMMITTED
      
15:06:48.170 [qtp1105322512-36 - /base] DEBUG org.eclipse.jetty.server.Server
       - RESPONSE /base  200 handled=true
15:06:48.170 [qtp1105322512-36
       - /base] DEBUG o.e.jetty.server.HttpChannelState - HttpChannelState@56a8677c{s=DISPATCHED
       i=true a=null} unhandle DISPATCHED
15:06:48.170 [qtp1105322512-36
       - /base] DEBUG o.e.jetty.server.HttpConnection - org.eclipse.jetty.server.HttpConnection$SendCallback@7cf2a459[PROCESSING][i=null,cb=Blocker@2ab70c76{null}]
       generate: CONTINUE (null,[p=0,l=0,c=0,r=0],true)@COMPLETING
      
15:06:48.170 [qtp1105322512-36 - /base] DEBUG o.e.jetty.server.HttpConnection
       - org.eclipse.jetty.server.HttpConnection$SendCallback@7cf2a459[PROCESSING][i=null,cb=Blocker@2ab70c76{null}]
       generate: NEED_CHUNK (null,[p=0,l=0,c=0,r=0],true)@COMPLETING
      
15:06:48.170 [qtp1105322512-36 - /base] DEBUG o.e.jetty.server.HttpConnection
       - org.eclipse.jetty.server.HttpConnection$SendCallback@7cf2a459[PROCESSING][i=null,cb=Blocker@2ab70c76{null}]
       generate: FLUSH (null,[p=0,l=0,c=0,r=0],true)@COMPLETING
      
15:06:48.170 [qtp1105322512-36 - /base] DEBUG org.eclipse.jetty.io.WriteFlusher
       - write: WriteFlusher@529bd901{IDLE} [HeapByteBuffer@6239c7f4[p=0,l=7,c=1024,r=7]={&amp;lt;&amp;lt;&amp;lt;\r\n0\r\n\r\n&amp;gt;&amp;gt;&amp;gt;\x00\x00\x00\x00\x00\x00\x00\x00\x00\x00\x00\x00\x00\x00\x00\x00\x00...\x00\x00\x00\x00\x00\x00\x00\x00\x00\x00\x00\x00\x00\x00\x00}]
      
15:06:48.170 [qtp1105322512-36 - /base] DEBUG org.eclipse.jetty.io.WriteFlusher
       - update WriteFlusher@529bd901{WRITING}:IDLE--&amp;gt;WRITING
      
15:06:48.171 [qtp1105322512-36 - /base] DEBUG org.eclipse.jetty.io.ChannelEndPoint
       - flushed 7 SelectChannelEndPoint@4a3035eb{/127.0.0.1:52043&amp;lt;-&amp;gt;8080,Open,in,out,-,W,0/60000,HttpConnection}{io=0,kio=0,kro=1}
      
15:06:48.171 [qtp1105322512-36 - /base] DEBUG org.eclipse.jetty.io.WriteFlusher
       - update WriteFlusher@529bd901{IDLE}:WRITING--&amp;gt;IDLE
      
15:06:48.171 [qtp1105322512-36 - /base] DEBUG o.e.jetty.server.HttpConnection
       - org.eclipse.jetty.server.HttpConnection$SendCallback@7cf2a459[PROCESSING][i=null,cb=Blocker@2ab70c76{null}]
       generate: DONE (null,[p=0,l=0,c=0,r=0],true)@END
15:06:48.171
       [qtp1105322512-36 - /base] DEBUG org.eclipse.jetty.http.HttpParser
       - reset HttpParser{s=END,0 of 0}
15:06:48.171 [qtp1105322512-36
       - /base] DEBUG org.eclipse.jetty.http.HttpParser - END --&amp;gt;
       START
15:06:48.171 [qtp1105322512-36] DEBUG org.eclipse.jetty.server.HttpChannel
       - HttpChannelOverHttp@4bd28f31{r=1,c=false,a=IDLE,uri=-} handle
       exit, result COMPLETE
15:06:48.171 [qtp1105322512-36] DEBUG
       org.eclipse.jetty.io.ChannelEndPoint - filled -1 SelectChannelEndPoint@4a3035eb{/127.0.0.1:52043&amp;lt;-&amp;gt;8080,Open,in,out,-,-,0/60000,HttpConnection}{io=0,kio=0,kro=1}
      
15:06:48.172 [qtp1105322512-36] DEBUG org.eclipse.jetty.io.ChannelEndPoint
       - ishut SelectChannelEndPoint@4a3035eb{/127.0.0.1:52043&amp;lt;-&amp;gt;8080,Open,in,out,-,-,0/60000,HttpConnection}{io=0,kio=0,kro=1}
      
15:06:48.172 [qtp1105322512-36] DEBUG org.eclipse.jetty.http.HttpParser
       - atEOF HttpParser{s=START,0 of -1}
15:06:48.172 [qtp1105322512-36]
       DEBUG org.eclipse.jetty.http.HttpParser - parseNext s=START
       HeapByteBuffer@3eb1faf8[p=0,l=0,c=8192,r=0]={&amp;lt;&amp;lt;&amp;lt;&amp;gt;&amp;gt;&amp;gt;GET
       /base HTTP/1....\x00\x00\x00\x00\x00\x00\x00\x00\x00\x00\x00\x00\x00\x00\x00}
      
15:06:48.172 [qtp1105322512-36] DEBUG org.eclipse.jetty.http.HttpParser
       - START --&amp;gt; CLOSED
15:06:48.172 [qtp1105322512-36]
       DEBUG o.eclipse.jetty.io.AbstractEndPoint - onClose SelectChannelEndPoint@4a3035eb{/127.0.0.1:52043&amp;lt;-&amp;gt;8080,CLOSED,ISHUT,out,-,-,1/60000,HttpConnection}{io=0,kio=0,kro=1}
      
15:06:48.172 [qtp1105322512-36] DEBUG org.eclipse.jetty.io.ChannelEndPoint
       - close SelectChannelEndPoint@4a3035eb{/127.0.0.1:52043&amp;lt;-&amp;gt;8080,CLOSED,ISHUT,out,-,-,1/60000,HttpConnection}{io=0,kio=0,kro=1}
      
15:06:48.172 [qtp1105322512-36] DEBUG org.eclipse.jetty.io.SelectorManager
       - Destroyed SelectChannelEndPoint@4a3035eb{/127.0.0.1:52043&amp;lt;-&amp;gt;8080,CLOSED,ISHUT,OSHUT,-,-,1/60000,HttpConnection}{io=0,kio=-1,kro=-1}
      
15:06:48.172 [qtp1105322512-36] DEBUG o.e.jetty.io.AbstractConnection
       - onClose HttpConnection@755daa75{FILLING}
15:06:48.172 [qtp1105322512-36]
       DEBUG o.eclipse.jetty.io.AbstractEndPoint - onClose SelectChannelEndPoint@4a3035eb{/127.0.0.1:52043&amp;lt;-&amp;gt;8080,CLOSED,ISHUT,OSHUT,-,-,1/60000,HttpConnection}{io=0,kio=-1,kro=-1}
      
15:06:48.172 [qtp1105322512-36] DEBUG o.e.jetty.io.AbstractConnection
       - FILLING--&amp;gt;IDLE HttpConnection@755daa75{IDLE}
15:06:48.173
       [qtp1105322512-37-acceptor-0@59402b8f-ServerConnector@6892b3b6{HTTP/1.1}{0.0.0.0:8080}]
       DEBUG org.eclipse.jetty.io.SelectorManager - Queued change
       org.eclipse.jetty.io.SelectorManager$ManagedSelector$Accept@3ebe6b43
      
15:06:48.174 [qtp1105322512-34-selector-ServerConnectorManager@1530c739/1]
       DEBUG org.eclipse.jetty.io.SelectorManager - Selector loop
       woken up from select, 0/0 selected
15:06:48.174 [qtp1105322512-34-selector-ServerConnectorManager@1530c739/1]
       DEBUG org.eclipse.jetty.io.SelectorManager - Running change
       org.eclipse.jetty.io.SelectorManager$ManagedSelector$Accept@3ebe6b43
      
15:06:48.174 [qtp1105322512-34-selector-ServerConnectorManager@1530c739/1]
       DEBUG o.eclipse.jetty.io.AbstractEndPoint - onOpen SelectChannelEndPoint@2c56e515{/127.0.0.1:52044&amp;lt;-&amp;gt;8080,Open,in,out,-,-,0/60000,null}{io=0,kio=0,kro=0}
      
15:06:48.174 [qtp1105322512-34-selector-ServerConnectorManager@1530c739/1]
       DEBUG org.eclipse.jetty.io.IdleTimeout - SelectChannelEndPoint@2c56e515{/127.0.0.1:52044&amp;lt;-&amp;gt;8080,Open,in,out,-,-,0/60000,null}{io=0,kio=0,kro=0}
       idle timeout check, elapsed: 0 ms, remaining: 60000 ms
15:06:48.174
       [qtp1105322512-34-selector-ServerConnectorManager@1530c739/1]
       DEBUG org.eclipse.jetty.server.HttpChannel - new HttpChannelOverHttp@44e746cd{r=0,c=false,a=IDLE,uri=-}
       -&amp;gt; SelectChannelEndPoint@2c56e515{/127.0.0.1:52044&amp;lt;-&amp;gt;8080,Open,in,out,-,-,0/60000,null}{io=0,kio=0,kro=0},null,HttpChannelState@74b7ebec{s=IDLE
       i=true a=null}
15:06:48.174 [qtp1105322512-34-selector-ServerConnectorManager@1530c739/1]
       DEBUG o.e.jetty.server.HttpConnection - New HTTP Connection
       HttpConnection@30f1c0c7{IDLE}
15:06:48.174 [qtp1105322512-34-selector-ServerConnectorManager@1530c739/1]
       DEBUG o.e.jetty.io.AbstractConnection - onOpen HttpConnection@30f1c0c7{IDLE}
      
15:06:48.174 [qtp1105322512-34-selector-ServerConnectorManager@1530c739/1]
       DEBUG o.e.jetty.io.AbstractConnection - fillInterested HttpConnection@30f1c0c7{IDLE}
      
15:06:48.174 [qtp1105322512-34-selector-ServerConnectorManager@1530c739/1]
       DEBUG o.e.jetty.io.AbstractConnection - IDLE--&amp;gt;FILL_INTERESTED
       HttpConnection@30f1c0c7{FILL_INTERESTED}
15:06:48.175 [qtp1105322512-34-selector-ServerConnectorManager@1530c739/1]
       DEBUG o.e.jetty.io.SelectChannelEndPoint - Local interests
       updating 0 -&amp;gt; 1 for SelectChannelEndPoint@2c56e515{/127.0.0.1:52044&amp;lt;-&amp;gt;8080,Open,in,out,R,-,0/60000,HttpConnection}{io=1,kio=0,kro=0}
      
15:06:48.175 [qtp1105322512-34-selector-ServerConnectorManager@1530c739/1]
       DEBUG org.eclipse.jetty.io.SelectorManager - Running change
       org.eclipse.jetty.io.SelectChannelEndPoint$1@7b52b5be
15:06:48.175
       [qtp1105322512-34-selector-ServerConnectorManager@1530c739/1]
       DEBUG o.e.jetty.io.SelectChannelEndPoint - Key interests updated
       0 -&amp;gt; 1 on SelectChannelEndPoint@2c56e515{/127.0.0.1:52044&amp;lt;-&amp;gt;8080,Open,in,out,R,-,0/60000,HttpConnection}{io=1,kio=1,kro=0}
      
15:06:48.175 [qtp1105322512-34-selector-ServerConnectorManager@1530c739/1]
       DEBUG org.eclipse.jetty.io.SelectorManager - Created SelectChannelEndPoint@2c56e515{/127.0.0.1:52044&amp;lt;-&amp;gt;8080,Open,in,out,R,-,0/60000,HttpConnection}{io=1,kio=1,kro=0}
      
15:06:48.175 [qtp1105322512-34-selector-ServerConnectorManager@1530c739/1]
       DEBUG org.eclipse.jetty.io.SelectorManager - Selector loop
       waiting on select
15:06:48.175 [qtp1105322512-34-selector-ServerConnectorManager@1530c739/1]
       DEBUG org.eclipse.jetty.io.SelectorManager - Selector loop
       woken up from select, 1/1 selected
15:06:48.175 [qtp1105322512-34-selector-ServerConnectorManager@1530c739/1]
       DEBUG o.e.jetty.io.SelectChannelEndPoint - Key interests updated
       1 -&amp;gt; 0 on SelectChannelEndPoint@2c56e515{/127.0.0.1:52044&amp;lt;-&amp;gt;8080,Open,in,out,R,-,0/60000,HttpConnection}{io=1,kio=0,kro=1}
      
15:06:48.175 [qtp1105322512-34-selector-ServerConnectorManager@1530c739/1]
       DEBUG o.e.jetty.io.SelectChannelEndPoint - Local interests
       updating 1 -&amp;gt; 0 for SelectChannelEndPoint@2c56e515{/127.0.0.1:52044&amp;lt;-&amp;gt;8080,Open,in,out,R,-,0/60000,HttpConnection}{io=0,kio=0,kro=1}
      
15:06:48.175 [qtp1105322512-34-selector-ServerConnectorManager@1530c739/1]
       DEBUG org.eclipse.jetty.io.SelectorManager - Running change
       org.eclipse.jetty.io.SelectChannelEndPoint$1@7b52b5be
15:06:48.175
       [qtp1105322512-34-selector-ServerConnectorManager@1530c739/1]
       DEBUG o.e.jetty.io.AbstractConnection - FILL_INTERESTED--&amp;gt;FILLING
       HttpConnection@30f1c0c7{FILLING}
15:06:48.175 [qtp1105322512-34-selector-ServerConnectorManager@1530c739/1]
       DEBUG org.eclipse.jetty.io.SelectorManager - Selector loop
       waiting on select
15:06:48.175 [qtp1105322512-38] DEBUG o.e.jetty.server.HttpConnection
       - HttpConnection@30f1c0c7{FILLING} onFillable HttpChannelState@74b7ebec{s=IDLE
       i=true a=null}
15:06:48.175 [qtp1105322512-38] DEBUG org.eclipse.jetty.io.ChannelEndPoint
       - filled 157 SelectChannelEndPoint@2c56e515{/127.0.0.1:52044&amp;lt;-&amp;gt;8080,Open,in,out,-,-,0/60000,HttpConnection}{io=0,kio=0,kro=1}
      
15:06:48.176 [qtp1105322512-38] DEBUG org.eclipse.jetty.http.HttpParser
       - parseNext s=START HeapByteBuffer@f91d4a99[p=0,l=157,c=8192,r=157]={&amp;lt;&amp;lt;&amp;lt;GET
       /base HTTP/1.... keep-alive\r\n\r\n&amp;gt;&amp;gt;&amp;gt;\r\n\r\n\n\r\n\x00\x00\x00\x00\x00\x00\x00\x00\x00\x00...\x00\x00\x00\x00\x00\x00\x00\x00\x00\x00\x00\x00\x00\x00\x00}
      
15:06:48.176 [qtp1105322512-38] DEBUG org.eclipse.jetty.http.HttpParser
       - START --&amp;gt; SPACE1
15:06:48.176 [qtp1105322512-38]
       DEBUG org.eclipse.jetty.http.HttpParser - SPACE1 --&amp;gt;
       URI
15:06:48.176 [qtp1105322512-38] DEBUG org.eclipse.jetty.http.HttpParser
       - URI --&amp;gt; SPACE2
15:06:48.176 [qtp1105322512-38] DEBUG
       org.eclipse.jetty.http.HttpParser - SPACE2 --&amp;gt; REQUEST_VERSION
      
15:06:48.176 [qtp1105322512-38] DEBUG org.eclipse.jetty.http.HttpParser
       - REQUEST_VERSION --&amp;gt; HEADER
15:06:48.176 [qtp1105322512-38]
       DEBUG org.eclipse.jetty.http.HttpParser - HEADER --&amp;gt;
       HEADER_VALUE
15:06:48.176 [qtp1105322512-38] DEBUG org.eclipse.jetty.http.HttpParser
       - HEADER_VALUE --&amp;gt; HEADER_IN_VALUE
15:06:48.176 [qtp1105322512-38]
       DEBUG org.eclipse.jetty.http.HttpParser - HEADER_IN_VALUE
       --&amp;gt; HEADER
15:06:48.176 [qtp1105322512-38] DEBUG org.eclipse.jetty.http.HttpParser
       - HEADER --&amp;gt; HEADER_VALUE
15:06:48.176 [qtp1105322512-38]
       DEBUG org.eclipse.jetty.http.HttpParser - HEADER_VALUE --&amp;gt;
       HEADER_IN_VALUE
15:06:48.176 [qtp1105322512-38] DEBUG org.eclipse.jetty.http.HttpParser
       - HEADER_IN_VALUE --&amp;gt; HEADER
15:06:48.176 [qtp1105322512-38]
       DEBUG org.eclipse.jetty.http.HttpParser - HEADER --&amp;gt;
       HEADER_VALUE
15:06:48.176 [qtp1105322512-38] DEBUG org.eclipse.jetty.http.HttpParser
       - HEADER_VALUE --&amp;gt; HEADER_IN_VALUE
15:06:48.176 [qtp1105322512-38]
       DEBUG org.eclipse.jetty.http.HttpParser - HEADER_IN_VALUE
       --&amp;gt; HEADER
15:06:48.176 [qtp1105322512-38] DEBUG org.eclipse.jetty.http.HttpParser
       - HEADER --&amp;gt; HEADER_IN_VALUE
15:06:48.176 [qtp1105322512-38]
       DEBUG org.eclipse.jetty.http.HttpParser - HEADER_IN_VALUE
       --&amp;gt; HEADER
15:06:48.176 [qtp1105322512-38] DEBUG org.eclipse.jetty.http.HttpParser
       - HEADER --&amp;gt; END
15:06:48.176 [qtp1105322512-38] DEBUG
       org.eclipse.jetty.server.HttpChannel - HttpChannelOverHttp@44e746cd{r=1,c=false,a=IDLE,uri=-}
       messageComplete
15:06:48.176 [qtp1105322512-38] DEBUG org.eclipse.jetty.server.HttpInput
       - HttpInputOverHTTP@7bf19396 EOF
15:06:48.176 [qtp1105322512-38]
       DEBUG org.eclipse.jetty.server.HttpChannel - HttpChannelOverHttp@44e746cd{r=1,c=false,a=IDLE,uri=-}
       handle enter
15:06:48.177 [qtp1105322512-38 - /base] DEBUG
       o.e.jetty.server.HttpChannelState - HttpChannelState@74b7ebec{s=IDLE
       i=true a=null} handling IDLE
15:06:48.177 [qtp1105322512-38
       - /base] DEBUG org.eclipse.jetty.server.HttpChannel - HttpChannelOverHttp@44e746cd{r=1,c=false,a=DISPATCHED,uri=/base}
       action REQUEST_DISPATCH
15:06:48.177 [qtp1105322512-38 -
       /base] DEBUG org.eclipse.jetty.server.Server - REQUEST GET
       /base on HttpChannelOverHttp@44e746cd{r=1,c=false,a=DISPATCHED,uri=/base}
      
15:06:48.177 [qtp1105322512-38 - /base] DEBUG o.e.j.server.handler.ContextHandler
       - scope null||/base @ o.e.j.s.ServletContextHandler@6f46426d{/,null,AVAILABLE}
      
15:06:48.177 [qtp1105322512-38 - /base] DEBUG o.e.j.server.handler.ContextHandler
       - context=||/base @ o.e.j.s.ServletContextHandler@6f46426d{/,null,AVAILABLE}
      
15:06:48.177 [qtp1105322512-38 - /base] DEBUG org.eclipse.jetty.server.session
       - sessionManager=org.eclipse.jetty.server.session.HashSessionManager@32ee6fee
      
15:06:48.177 [qtp1105322512-38 - /base] DEBUG org.eclipse.jetty.server.session
       - session=null
15:06:48.177 [qtp1105322512-38 - /base] DEBUG
       o.e.jetty.servlet.ServletHandler - servlet ||/base -&amp;gt;
       org.apache.felix.http.base.internal.DispatcherServlet-4738a206@cebacce0==org.apache.felix.http.base.internal.DispatcherServlet,-1,true
      
15:06:48.177 [qtp1105322512-38 - /base] DEBUG o.e.jetty.servlet.ServletHandler
       - chain=null
15:06:48.189 [qtp1105322512-38 - /base] DEBUG
       o.e.jetty.server.HttpConnection - org.eclipse.jetty.server.HttpConnection$SendCallback@41cae2d5[PROCESSING][i=ResponseInfo{HTTP/1.1
       404 null,282,false},cb=org.eclipse.jetty.server.HttpChannel$CommitCallback@19c9fc2]
       generate: NEED_HEADER (null,[p=0,l=282,c=2048,r=282],true)@START
      
15:06:48.189 [qtp1105322512-38 - /base] DEBUG o.e.jetty.server.HttpConnection
       - org.eclipse.jetty.server.HttpConnection$SendCallback@41cae2d5[PROCESSING][i=ResponseInfo{HTTP/1.1
       404 null,282,false},cb=org.eclipse.jetty.server.HttpChannel$CommitCallback@19c9fc2]
       generate: FLUSH ([p=0,l=249,c=16384,r=249],[p=0,l=282,c=2048,r=282],true)@COMPLETING
      
15:06:48.190 [qtp1105322512-38 - /base] DEBUG org.eclipse.jetty.io.WriteFlusher
       - write: WriteFlusher@12c3c31e{IDLE} [HeapByteBuffer@4633a9c3[p=0,l=249,c=16384,r=249]={&amp;lt;&amp;lt;&amp;lt;HTTP/1.1
       404 Not ....v20150224)\r\n\r\n&amp;gt;&amp;gt;&amp;gt;y(9.2.9.v20150224...\x00\x00\x00\x00\x00\x00\x00\x00\x00\x00\x00\x00\x00\x00\x00},HeapByteBuffer@40c560e3[p=0,l=282,c=2048,r=282]={&amp;lt;&amp;lt;&amp;lt;&amp;lt;html&amp;gt;\n&amp;lt;head&amp;gt;\n&amp;lt;me.../body&amp;gt;\n&amp;lt;/html&amp;gt;\n&amp;gt;&amp;gt;&amp;gt;\x00\x00\x00\x00\x00\x00\x00\x00\x00\x00\x00\x00\x00\x00\x00\x00\x00...\x00\x00\x00\x00\x00\x00\x00\x00\x00\x00\x00\x00\x00\x00\x00}]
      
15:06:48.190 [qtp1105322512-38 - /base] DEBUG org.eclipse.jetty.io.WriteFlusher
       - update WriteFlusher@12c3c31e{WRITING}:IDLE--&amp;gt;WRITING
      
15:06:48.190 [qtp1105322512-38 - /base] DEBUG org.eclipse.jetty.io.ChannelEndPoint
       - flushed 531 SelectChannelEndPoint@2c56e515{/127.0.0.1:52044&amp;lt;-&amp;gt;8080,Open,in,out,-,W,15/60000,HttpConnection}{io=0,kio=0,kro=1}
      
15:06:48.190 [qtp1105322512-38 - /base] DEBUG org.eclipse.jetty.io.WriteFlusher
       - update WriteFlusher@12c3c31e{IDLE}:WRITING--&amp;gt;IDLE
      
15:06:48.190 [qtp1105322512-38 - /base] DEBUG o.e.jetty.server.HttpConnection
       - org.eclipse.jetty.server.HttpConnection$SendCallback@41cae2d5[PROCESSING][i=ResponseInfo{HTTP/1.1
       404 null,282,false},cb=org.eclipse.jetty.server.HttpChannel$CommitCallback@19c9fc2]
       generate: DONE ([p=249,l=249,c=16384,r=0],[p=282,l=282,c=2048,r=0],true)@END
      
15:06:48.190 [qtp1105322512-38 - /base] DEBUG org.eclipse.jetty.server.Server
       - RESPONSE /base  404 handled=true
15:06:48.190 [qtp1105322512-38
       - /base] DEBUG o.e.jetty.server.HttpChannelState - HttpChannelState@74b7ebec{s=DISPATCHED
       i=true a=null} unhandle DISPATCHED
15:06:48.190 [qtp1105322512-38
       - /base] DEBUG org.eclipse.jetty.http.HttpParser - reset HttpParser{s=END,0
       of 0}
15:06:48.190 [qtp1105322512-38 - /base] DEBUG org.eclipse.jetty.http.HttpParser
       - END --&amp;gt; START
15:06:48.190 [qtp1105322512-38] DEBUG
       org.eclipse.jetty.server.HttpChannel - HttpChannelOverHttp@44e746cd{r=1,c=false,a=IDLE,uri=-}
       handle exit, result COMPLETE
15:06:48.190 [qtp1105322512-38]
       DEBUG org.eclipse.jetty.io.ChannelEndPoint - filled 0 SelectChannelEndPoint@2c56e515{/127.0.0.1:52044&amp;lt;-&amp;gt;8080,Open,in,out,-,-,0/60000,HttpConnection}{io=0,kio=0,kro=1}
      
15:06:48.190 [qtp1105322512-38] DEBUG org.eclipse.jetty.io.ChannelEndPoint
       - filled 0 SelectChannelEndPoint@2c56e515{/127.0.0.1:52044&amp;lt;-&amp;gt;8080,Open,in,out,-,-,0/60000,HttpConnection}{io=0,kio=0,kro=1}
      
15:06:48.190 [qtp1105322512-38] DEBUG org.eclipse.jetty.http.HttpParser
       - parseNext s=START HeapByteBuffer@3eb1faf8[p=0,l=0,c=8192,r=0]={&amp;lt;&amp;lt;&amp;lt;&amp;gt;&amp;gt;&amp;gt;GET
       /base HTTP/1....\x00\x00\x00\x00\x00\x00\x00\x00\x00\x00\x00\x00\x00\x00\x00}
      
15:06:48.191 [qtp1105322512-38] DEBUG o.e.jetty.io.AbstractConnection
       - fillInterested HttpConnection@30f1c0c7{FILLING}
15:06:48.191
       [qtp1105322512-38] DEBUG o.e.jetty.io.AbstractConnection -
       FILLING--&amp;gt;FILLING_FILL_INTERESTED HttpConnection@30f1c0c7{FILLING_FILL_INTERESTED}
      
15:06:48.191 [qtp1105322512-38] DEBUG o.e.jetty.io.AbstractConnection
       - FILLING_FILL_INTERESTED--&amp;gt;FILL_INTERESTED HttpConnection@30f1c0c7{FILL_INTERESTED}
      
15:06:48.191 [qtp1105322512-38] DEBUG o.e.jetty.io.SelectChannelEndPoint
       - Local interests updating 0 -&amp;gt; 1 for SelectChannelEndPoint@2c56e515{/127.0.0.1:52044&amp;lt;-&amp;gt;8080,Open,in,out,R,-,0/60000,HttpConnection}{io=1,kio=0,kro=1}
      
15:06:48.191 [qtp1105322512-38] DEBUG org.eclipse.jetty.io.SelectorManager
       - Running change org.eclipse.jetty.io.SelectChannelEndPoint$1@7b52b5be
      
15:06:48.191 [qtp1105322512-38] DEBUG o.e.jetty.io.SelectChannelEndPoint
       - Key interests updated 0 -&amp;gt; 1 on SelectChannelEndPoint@2c56e515{/127.0.0.1:52044&amp;lt;-&amp;gt;8080,Open,in,out,R,-,0/60000,HttpConnection}{io=1,kio=1,kro=1}
      
15:06:48.191 [qtp1105322512-34-selector-ServerConnectorManager@1530c739/1]
       DEBUG org.eclipse.jetty.io.SelectorManager - Selector loop
       woken up from select, 0/1 selected
15:06:48.191 [qtp1105322512-34-selector-ServerConnectorManager@1530c739/1]
       DEBUG org.eclipse.jetty.io.SelectorManager - Selector loop
       waiting on select
    </system-out>
  </testcase>
  <testcase name='testBaseWithSubResourceRegistration' time='0.173' classname='org.amdatu.web.rest.ResourceRegistrationTest'>
    <system-out>
      15:06:48.195 [qtp1105322512-34-selector-ServerConnectorManager@1530c739/1]
       DEBUG org.eclipse.jetty.io.SelectorManager - Selector loop
       woken up from select, 1/1 selected
15:06:48.195 [qtp1105322512-34-selector-ServerConnectorManager@1530c739/1]
       DEBUG o.e.jetty.io.SelectChannelEndPoint - Key interests updated
       1 -&amp;gt; 0 on SelectChannelEndPoint@2c56e515{/127.0.0.1:52044&amp;lt;-&amp;gt;8080,Open,in,out,R,-,4/60000,HttpConnection}{io=1,kio=0,kro=1}
      
15:06:48.195 [qtp1105322512-34-selector-ServerConnectorManager@1530c739/1]
       DEBUG o.e.jetty.io.SelectChannelEndPoint - Local interests
       updating 1 -&amp;gt; 0 for SelectChannelEndPoint@2c56e515{/127.0.0.1:52044&amp;lt;-&amp;gt;8080,Open,in,out,R,-,4/60000,HttpConnection}{io=0,kio=0,kro=1}
      
15:06:48.195 [qtp1105322512-34-selector-ServerConnectorManager@1530c739/1]
       DEBUG org.eclipse.jetty.io.SelectorManager - Running change
       org.eclipse.jetty.io.SelectChannelEndPoint$1@7b52b5be
15:06:48.195
       [qtp1105322512-34-selector-ServerConnectorManager@1530c739/1]
       DEBUG o.e.jetty.io.AbstractConnection - FILL_INTERESTED--&amp;gt;FILLING
       HttpConnection@30f1c0c7{FILLING}
15:06:48.195 [qtp1105322512-34-selector-ServerConnectorManager@1530c739/1]
       DEBUG org.eclipse.jetty.io.SelectorManager - Selector loop
       waiting on select
15:06:48.195 [qtp1105322512-37-acceptor-0@59402b8f-ServerConnector@6892b3b6{HTTP/1.1}{0.0.0.0:8080}]
       DEBUG org.eclipse.jetty.io.SelectorManager - Queued change
       org.eclipse.jetty.io.SelectorManager$ManagedSelector$Accept@fcc179
      
15:06:48.196 [qtp1105322512-33-selector-ServerConnectorManager@1530c739/0]
       DEBUG org.eclipse.jetty.io.SelectorManager - Selector loop
       woken up from select, 0/0 selected
15:06:48.196 [qtp1105322512-33-selector-ServerConnectorManager@1530c739/0]
       DEBUG org.eclipse.jetty.io.SelectorManager - Running change
       org.eclipse.jetty.io.SelectorManager$ManagedSelector$Accept@fcc179
      
15:06:48.196 [qtp1105322512-33-selector-ServerConnectorManager@1530c739/0]
       DEBUG o.eclipse.jetty.io.AbstractEndPoint - onOpen SelectChannelEndPoint@74fbe56b{/127.0.0.1:52045&amp;lt;-&amp;gt;8080,Open,in,out,-,-,0/60000,null}{io=0,kio=0,kro=0}
      
15:06:48.196 [qtp1105322512-33-selector-ServerConnectorManager@1530c739/0]
       DEBUG org.eclipse.jetty.io.IdleTimeout - SelectChannelEndPoint@74fbe56b{/127.0.0.1:52045&amp;lt;-&amp;gt;8080,Open,in,out,-,-,0/60000,null}{io=0,kio=0,kro=0}
       idle timeout check, elapsed: 0 ms, remaining: 60000 ms
15:06:48.196
       [qtp1105322512-33-selector-ServerConnectorManager@1530c739/0]
       DEBUG org.eclipse.jetty.server.HttpChannel - new HttpChannelOverHttp@6c6de783{r=0,c=false,a=IDLE,uri=-}
       -&amp;gt; SelectChannelEndPoint@74fbe56b{/127.0.0.1:52045&amp;lt;-&amp;gt;8080,Open,in,out,-,-,0/60000,null}{io=0,kio=0,kro=0},null,HttpChannelState@182257c0{s=IDLE
       i=true a=null}
15:06:48.196 [qtp1105322512-33-selector-ServerConnectorManager@1530c739/0]
       DEBUG o.e.jetty.server.HttpConnection - New HTTP Connection
       HttpConnection@163cd17e{IDLE}
15:06:48.196 [qtp1105322512-33-selector-ServerConnectorManager@1530c739/0]
       DEBUG o.e.jetty.io.AbstractConnection - onOpen HttpConnection@163cd17e{IDLE}
      
15:06:48.196 [qtp1105322512-33-selector-ServerConnectorManager@1530c739/0]
       DEBUG o.e.jetty.io.AbstractConnection - fillInterested HttpConnection@163cd17e{IDLE}
      
15:06:48.196 [qtp1105322512-33-selector-ServerConnectorManager@1530c739/0]
       DEBUG o.e.jetty.io.AbstractConnection - IDLE--&amp;gt;FILL_INTERESTED
       HttpConnection@163cd17e{FILL_INTERESTED}
15:06:48.196 [qtp1105322512-33-selector-ServerConnectorManager@1530c739/0]
       DEBUG o.e.jetty.io.SelectChannelEndPoint - Local interests
       updating 0 -&amp;gt; 1 for SelectChannelEndPoint@74fbe56b{/127.0.0.1:52045&amp;lt;-&amp;gt;8080,Open,in,out,R,-,0/60000,HttpConnection}{io=1,kio=0,kro=0}
      
15:06:48.196 [qtp1105322512-33-selector-ServerConnectorManager@1530c739/0]
       DEBUG org.eclipse.jetty.io.SelectorManager - Running change
       org.eclipse.jetty.io.SelectChannelEndPoint$1@3d47be6f
15:06:48.196
       [qtp1105322512-33-selector-ServerConnectorManager@1530c739/0]
       DEBUG o.e.jetty.io.SelectChannelEndPoint - Key interests updated
       0 -&amp;gt; 1 on SelectChannelEndPoint@74fbe56b{/127.0.0.1:52045&amp;lt;-&amp;gt;8080,Open,in,out,R,-,0/60000,HttpConnection}{io=1,kio=1,kro=0}
      
15:06:48.196 [qtp1105322512-33-selector-ServerConnectorManager@1530c739/0]
       DEBUG org.eclipse.jetty.io.SelectorManager - Created SelectChannelEndPoint@74fbe56b{/127.0.0.1:52045&amp;lt;-&amp;gt;8080,Open,in,out,R,-,0/60000,HttpConnection}{io=1,kio=1,kro=0}
      
15:06:48.197 [qtp1105322512-33-selector-ServerConnectorManager@1530c739/0]
       DEBUG org.eclipse.jetty.io.SelectorManager - Selector loop
       waiting on select
15:06:48.197 [qtp1105322512-33-selector-ServerConnectorManager@1530c739/0]
       DEBUG org.eclipse.jetty.io.SelectorManager - Selector loop
       woken up from select, 1/1 selected
15:06:48.197 [qtp1105322512-33-selector-ServerConnectorManager@1530c739/0]
       DEBUG o.e.jetty.io.SelectChannelEndPoint - Key interests updated
       1 -&amp;gt; 0 on SelectChannelEndPoint@74fbe56b{/127.0.0.1:52045&amp;lt;-&amp;gt;8080,Open,in,out,R,-,1/60000,HttpConnection}{io=1,kio=0,kro=1}
      
15:06:48.197 [qtp1105322512-33-selector-ServerConnectorManager@1530c739/0]
       DEBUG o.e.jetty.io.SelectChannelEndPoint - Local interests
       updating 1 -&amp;gt; 0 for SelectChannelEndPoint@74fbe56b{/127.0.0.1:52045&amp;lt;-&amp;gt;8080,Open,in,out,R,-,1/60000,HttpConnection}{io=0,kio=0,kro=1}
      
15:06:48.197 [qtp1105322512-33-selector-ServerConnectorManager@1530c739/0]
       DEBUG org.eclipse.jetty.io.SelectorManager - Running change
       org.eclipse.jetty.io.SelectChannelEndPoint$1@3d47be6f
15:06:48.197
       [qtp1105322512-33-selector-ServerConnectorManager@1530c739/0]
       DEBUG o.e.jetty.io.AbstractConnection - FILL_INTERESTED--&amp;gt;FILLING
       HttpConnection@163cd17e{FILLING}
15:06:48.197 [qtp1105322512-33-selector-ServerConnectorManager@1530c739/0]
       DEBUG org.eclipse.jetty.io.SelectorManager - Selector loop
       waiting on select
15:06:48.197 [qtp1105322512-35] DEBUG o.e.jetty.server.HttpConnection
       - HttpConnection@30f1c0c7{FILLING} onFillable HttpChannelState@74b7ebec{s=IDLE
       i=true a=null}
15:06:48.197 [qtp1105322512-35] DEBUG org.eclipse.jetty.io.ChannelEndPoint
       - filled -1 SelectChannelEndPoint@2c56e515{/127.0.0.1:52044&amp;lt;-&amp;gt;8080,Open,in,out,-,-,6/60000,HttpConnection}{io=0,kio=0,kro=1}
      
15:06:48.197 [qtp1105322512-35] DEBUG org.eclipse.jetty.io.ChannelEndPoint
       - ishut SelectChannelEndPoint@2c56e515{/127.0.0.1:52044&amp;lt;-&amp;gt;8080,Open,in,out,-,-,6/60000,HttpConnection}{io=0,kio=0,kro=1}
      
15:06:48.198 [qtp1105322512-35] DEBUG org.eclipse.jetty.http.HttpParser
       - atEOF HttpParser{s=START,0 of -1}
15:06:48.198 [qtp1105322512-35]
       DEBUG org.eclipse.jetty.http.HttpParser - parseNext s=START
       HeapByteBuffer@f91d4a99[p=0,l=0,c=8192,r=0]={&amp;lt;&amp;lt;&amp;lt;&amp;gt;&amp;gt;&amp;gt;GET
       /base HTTP/1....\x00\x00\x00\x00\x00\x00\x00\x00\x00\x00\x00\x00\x00\x00\x00}
      
15:06:48.198 [qtp1105322512-35] DEBUG org.eclipse.jetty.http.HttpParser
       - START --&amp;gt; CLOSED
15:06:48.198 [qtp1105322512-35]
       DEBUG o.eclipse.jetty.io.AbstractEndPoint - onClose SelectChannelEndPoint@2c56e515{/127.0.0.1:52044&amp;lt;-&amp;gt;8080,CLOSED,ISHUT,out,-,-,7/60000,HttpConnection}{io=0,kio=0,kro=1}
      
15:06:48.198 [qtp1105322512-35] DEBUG org.eclipse.jetty.io.ChannelEndPoint
       - close SelectChannelEndPoint@2c56e515{/127.0.0.1:52044&amp;lt;-&amp;gt;8080,CLOSED,ISHUT,out,-,-,7/60000,HttpConnection}{io=0,kio=0,kro=1}
      
15:06:48.198 [qtp1105322512-35] DEBUG org.eclipse.jetty.io.SelectorManager
       - Destroyed SelectChannelEndPoint@2c56e515{/127.0.0.1:52044&amp;lt;-&amp;gt;8080,CLOSED,ISHUT,OSHUT,-,-,7/60000,HttpConnection}{io=0,kio=-1,kro=-1}
      
15:06:48.198 [qtp1105322512-35] DEBUG o.e.jetty.io.AbstractConnection
       - onClose HttpConnection@30f1c0c7{FILLING}
15:06:48.198 [qtp1105322512-35]
       DEBUG o.eclipse.jetty.io.AbstractEndPoint - onClose SelectChannelEndPoint@2c56e515{/127.0.0.1:52044&amp;lt;-&amp;gt;8080,CLOSED,ISHUT,OSHUT,-,-,7/60000,HttpConnection}{io=0,kio=-1,kro=-1}
      
15:06:48.198 [qtp1105322512-35] DEBUG o.e.jetty.io.AbstractConnection
       - FILLING--&amp;gt;IDLE HttpConnection@30f1c0c7{IDLE}
15:06:48.198
       [qtp1105322512-35] DEBUG o.e.jetty.server.HttpConnection -
       HttpConnection@163cd17e{FILLING} onFillable HttpChannelState@182257c0{s=IDLE
       i=true a=null}
15:06:48.198 [qtp1105322512-35] DEBUG org.eclipse.jetty.io.ChannelEndPoint
       - filled 157 SelectChannelEndPoint@74fbe56b{/127.0.0.1:52045&amp;lt;-&amp;gt;8080,Open,in,out,-,-,2/60000,HttpConnection}{io=0,kio=0,kro=1}
      
15:06:48.198 [qtp1105322512-35] DEBUG org.eclipse.jetty.http.HttpParser
       - parseNext s=START HeapByteBuffer@3eb1faf8[p=0,l=157,c=8192,r=157]={&amp;lt;&amp;lt;&amp;lt;GET
       /base HTTP/1.... keep-alive\r\n\r\n&amp;gt;&amp;gt;&amp;gt;ive\r\n\r\n\r\n\r\n\x00\x00\x00\x00\x00\x00...\x00\x00\x00\x00\x00\x00\x00\x00\x00\x00\x00\x00\x00\x00\x00}
      
15:06:48.198 [qtp1105322512-35] DEBUG org.eclipse.jetty.http.HttpParser
       - START --&amp;gt; SPACE1
15:06:48.198 [qtp1105322512-35]
       DEBUG org.eclipse.jetty.http.HttpParser - SPACE1 --&amp;gt;
       URI
15:06:48.198 [qtp1105322512-35] DEBUG org.eclipse.jetty.http.HttpParser
       - URI --&amp;gt; SPACE2
15:06:48.199 [qtp1105322512-35] DEBUG
       org.eclipse.jetty.http.HttpParser - SPACE2 --&amp;gt; REQUEST_VERSION
      
15:06:48.199 [qtp1105322512-35] DEBUG org.eclipse.jetty.http.HttpParser
       - REQUEST_VERSION --&amp;gt; HEADER
15:06:48.199 [qtp1105322512-35]
       DEBUG org.eclipse.jetty.http.HttpParser - HEADER --&amp;gt;
       HEADER_VALUE
15:06:48.199 [qtp1105322512-35] DEBUG org.eclipse.jetty.http.HttpParser
       - HEADER_VALUE --&amp;gt; HEADER_IN_VALUE
15:06:48.199 [qtp1105322512-35]
       DEBUG org.eclipse.jetty.http.HttpParser - HEADER_IN_VALUE
       --&amp;gt; HEADER
15:06:48.199 [qtp1105322512-35] DEBUG org.eclipse.jetty.http.HttpParser
       - HEADER --&amp;gt; HEADER_VALUE
15:06:48.199 [qtp1105322512-35]
       DEBUG org.eclipse.jetty.http.HttpParser - HEADER_VALUE --&amp;gt;
       HEADER_IN_VALUE
15:06:48.199 [qtp1105322512-35] DEBUG org.eclipse.jetty.http.HttpParser
       - HEADER_IN_VALUE --&amp;gt; HEADER
15:06:48.199 [qtp1105322512-35]
       DEBUG org.eclipse.jetty.http.HttpParser - HEADER --&amp;gt;
       HEADER_VALUE
15:06:48.199 [qtp1105322512-35] DEBUG org.eclipse.jetty.http.HttpParser
       - HEADER_VALUE --&amp;gt; HEADER_IN_VALUE
15:06:48.199 [qtp1105322512-35]
       DEBUG org.eclipse.jetty.http.HttpParser - HEADER_IN_VALUE
       --&amp;gt; HEADER
15:06:48.199 [qtp1105322512-35] DEBUG org.eclipse.jetty.http.HttpParser
       - HEADER --&amp;gt; HEADER_IN_VALUE
15:06:48.199 [qtp1105322512-35]
       DEBUG org.eclipse.jetty.http.HttpParser - HEADER_IN_VALUE
       --&amp;gt; HEADER
15:06:48.199 [qtp1105322512-35] DEBUG org.eclipse.jetty.http.HttpParser
       - HEADER --&amp;gt; END
15:06:48.199 [qtp1105322512-35] DEBUG
       org.eclipse.jetty.server.HttpChannel - HttpChannelOverHttp@6c6de783{r=1,c=false,a=IDLE,uri=-}
       messageComplete
15:06:48.199 [qtp1105322512-35] DEBUG org.eclipse.jetty.server.HttpInput
       - HttpInputOverHTTP@44057d95 EOF
15:06:48.199 [qtp1105322512-35]
       DEBUG org.eclipse.jetty.server.HttpChannel - HttpChannelOverHttp@6c6de783{r=1,c=false,a=IDLE,uri=-}
       handle enter
15:06:48.199 [qtp1105322512-35 - /base] DEBUG
       o.e.jetty.server.HttpChannelState - HttpChannelState@182257c0{s=IDLE
       i=true a=null} handling IDLE
15:06:48.199 [qtp1105322512-35
       - /base] DEBUG org.eclipse.jetty.server.HttpChannel - HttpChannelOverHttp@6c6de783{r=1,c=false,a=DISPATCHED,uri=/base}
       action REQUEST_DISPATCH
15:06:48.199 [qtp1105322512-35 -
       /base] DEBUG org.eclipse.jetty.server.Server - REQUEST GET
       /base on HttpChannelOverHttp@6c6de783{r=1,c=false,a=DISPATCHED,uri=/base}
      
15:06:48.200 [qtp1105322512-35 - /base] DEBUG o.e.j.server.handler.ContextHandler
       - scope null||/base @ o.e.j.s.ServletContextHandler@6f46426d{/,null,AVAILABLE}
      
15:06:48.200 [qtp1105322512-35 - /base] DEBUG o.e.j.server.handler.ContextHandler
       - context=||/base @ o.e.j.s.ServletContextHandler@6f46426d{/,null,AVAILABLE}
      
15:06:48.200 [qtp1105322512-35 - /base] DEBUG org.eclipse.jetty.server.session
       - sessionManager=org.eclipse.jetty.server.session.HashSessionManager@32ee6fee
      
15:06:48.200 [qtp1105322512-35 - /base] DEBUG org.eclipse.jetty.server.session
       - session=null
15:06:48.200 [qtp1105322512-35 - /base] DEBUG
       o.e.jetty.servlet.ServletHandler - servlet ||/base -&amp;gt;
       org.apache.felix.http.base.internal.DispatcherServlet-4738a206@cebacce0==org.apache.felix.http.base.internal.DispatcherServlet,-1,true
      
15:06:48.200 [qtp1105322512-35 - /base] DEBUG o.e.jetty.servlet.ServletHandler
       - chain=null
15:06:48.200 [qtp1105322512-35 - /base] DEBUG
       o.e.jetty.server.HttpConnection - org.eclipse.jetty.server.HttpConnection$SendCallback@3a3be67a[PROCESSING][i=ResponseInfo{HTTP/1.1
       404 null,282,false},cb=org.eclipse.jetty.server.HttpChannel$CommitCallback@37a30447]
       generate: NEED_HEADER (null,[p=0,l=282,c=2048,r=282],true)@START
      
15:06:48.200 [qtp1105322512-35 - /base] DEBUG o.e.jetty.server.HttpConnection
       - org.eclipse.jetty.server.HttpConnection$SendCallback@3a3be67a[PROCESSING][i=ResponseInfo{HTTP/1.1
       404 null,282,false},cb=org.eclipse.jetty.server.HttpChannel$CommitCallback@37a30447]
       generate: FLUSH ([p=0,l=249,c=16384,r=249],[p=0,l=282,c=2048,r=282],true)@COMPLETING
      
15:06:48.200 [qtp1105322512-35 - /base] DEBUG org.eclipse.jetty.io.WriteFlusher
       - write: WriteFlusher@6651d4a2{IDLE} [HeapByteBuffer@4633a9c3[p=0,l=249,c=16384,r=249]={&amp;lt;&amp;lt;&amp;lt;HTTP/1.1
       404 Not ....v20150224)\r\n\r\n&amp;gt;&amp;gt;&amp;gt;y(9.2.9.v20150224...\x00\x00\x00\x00\x00\x00\x00\x00\x00\x00\x00\x00\x00\x00\x00},HeapByteBuffer@40c560e3[p=0,l=282,c=2048,r=282]={&amp;lt;&amp;lt;&amp;lt;&amp;lt;html&amp;gt;\n&amp;lt;head&amp;gt;\n&amp;lt;me.../body&amp;gt;\n&amp;lt;/html&amp;gt;\n&amp;gt;&amp;gt;&amp;gt;\x00\x00\x00\x00\x00\x00\x00\x00\x00\x00\x00\x00\x00\x00\x00\x00\x00...\x00\x00\x00\x00\x00\x00\x00\x00\x00\x00\x00\x00\x00\x00\x00}]
      
15:06:48.200 [qtp1105322512-35 - /base] DEBUG org.eclipse.jetty.io.WriteFlusher
       - update WriteFlusher@6651d4a2{WRITING}:IDLE--&amp;gt;WRITING
      
15:06:48.200 [qtp1105322512-35 - /base] DEBUG org.eclipse.jetty.io.ChannelEndPoint
       - flushed 531 SelectChannelEndPoint@74fbe56b{/127.0.0.1:52045&amp;lt;-&amp;gt;8080,Open,in,out,-,W,2/60000,HttpConnection}{io=0,kio=0,kro=1}
      
15:06:48.201 [qtp1105322512-35 - /base] DEBUG org.eclipse.jetty.io.WriteFlusher
       - update WriteFlusher@6651d4a2{IDLE}:WRITING--&amp;gt;IDLE
      
15:06:48.201 [qtp1105322512-35 - /base] DEBUG o.e.jetty.server.HttpConnection
       - org.eclipse.jetty.server.HttpConnection$SendCallback@3a3be67a[PROCESSING][i=ResponseInfo{HTTP/1.1
       404 null,282,false},cb=org.eclipse.jetty.server.HttpChannel$CommitCallback@37a30447]
       generate: DONE ([p=249,l=249,c=16384,r=0],[p=282,l=282,c=2048,r=0],true)@END
      
15:06:48.201 [qtp1105322512-35 - /base] DEBUG org.eclipse.jetty.server.Server
       - RESPONSE /base  404 handled=true
15:06:48.201 [qtp1105322512-35
       - /base] DEBUG o.e.jetty.server.HttpChannelState - HttpChannelState@182257c0{s=DISPATCHED
       i=true a=null} unhandle DISPATCHED
15:06:48.201 [qtp1105322512-35
       - /base] DEBUG org.eclipse.jetty.http.HttpParser - reset HttpParser{s=END,0
       of 0}
15:06:48.202 [qtp1105322512-35 - /base] DEBUG org.eclipse.jetty.http.HttpParser
       - END --&amp;gt; START
15:06:48.202 [qtp1105322512-35] DEBUG
       org.eclipse.jetty.server.HttpChannel - HttpChannelOverHttp@6c6de783{r=1,c=false,a=IDLE,uri=-}
       handle exit, result COMPLETE
15:06:48.202 [qtp1105322512-35]
       DEBUG org.eclipse.jetty.io.ChannelEndPoint - filled -1 SelectChannelEndPoint@74fbe56b{/127.0.0.1:52045&amp;lt;-&amp;gt;8080,Open,in,out,-,-,2/60000,HttpConnection}{io=0,kio=0,kro=1}
      
15:06:48.202 [qtp1105322512-35] DEBUG org.eclipse.jetty.io.ChannelEndPoint
       - ishut SelectChannelEndPoint@74fbe56b{/127.0.0.1:52045&amp;lt;-&amp;gt;8080,Open,in,out,-,-,2/60000,HttpConnection}{io=0,kio=0,kro=1}
      
15:06:48.202 [qtp1105322512-35] DEBUG org.eclipse.jetty.http.HttpParser
       - atEOF HttpParser{s=START,0 of -1}
15:06:48.202 [qtp1105322512-35]
       DEBUG org.eclipse.jetty.http.HttpParser - parseNext s=START
       HeapByteBuffer@f91d4a99[p=0,l=0,c=8192,r=0]={&amp;lt;&amp;lt;&amp;lt;&amp;gt;&amp;gt;&amp;gt;GET
       /base HTTP/1....\x00\x00\x00\x00\x00\x00\x00\x00\x00\x00\x00\x00\x00\x00\x00}
      
15:06:48.202 [qtp1105322512-35] DEBUG org.eclipse.jetty.http.HttpParser
       - START --&amp;gt; CLOSED
15:06:48.202 [qtp1105322512-35]
       DEBUG o.eclipse.jetty.io.AbstractEndPoint - onClose SelectChannelEndPoint@74fbe56b{/127.0.0.1:52045&amp;lt;-&amp;gt;8080,CLOSED,ISHUT,out,-,-,2/60000,HttpConnection}{io=0,kio=0,kro=1}
      
15:06:48.202 [qtp1105322512-35] DEBUG org.eclipse.jetty.io.ChannelEndPoint
       - close SelectChannelEndPoint@74fbe56b{/127.0.0.1:52045&amp;lt;-&amp;gt;8080,CLOSED,ISHUT,out,-,-,2/60000,HttpConnection}{io=0,kio=0,kro=1}
      
15:06:48.203 [qtp1105322512-35] DEBUG org.eclipse.jetty.io.SelectorManager
       - Destroyed SelectChannelEndPoint@74fbe56b{/127.0.0.1:52045&amp;lt;-&amp;gt;8080,CLOSED,ISHUT,OSHUT,-,-,2/60000,HttpConnection}{io=0,kio=-1,kro=-1}
      
15:06:48.203 [qtp1105322512-35] DEBUG o.e.jetty.io.AbstractConnection
       - onClose HttpConnection@163cd17e{FILLING}
15:06:48.203 [qtp1105322512-35]
       DEBUG o.eclipse.jetty.io.AbstractEndPoint - onClose SelectChannelEndPoint@74fbe56b{/127.0.0.1:52045&amp;lt;-&amp;gt;8080,CLOSED,ISHUT,OSHUT,-,-,3/60000,HttpConnection}{io=0,kio=-1,kro=-1}
      
15:06:48.203 [qtp1105322512-35] DEBUG o.e.jetty.io.AbstractConnection
       - FILLING--&amp;gt;IDLE HttpConnection@163cd17e{IDLE}
15:06:48.203
       [qtp1105322512-37-acceptor-0@59402b8f-ServerConnector@6892b3b6{HTTP/1.1}{0.0.0.0:8080}]
       DEBUG org.eclipse.jetty.io.SelectorManager - Queued change
       org.eclipse.jetty.io.SelectorManager$ManagedSelector$Accept@7a16ad5d
      
15:06:48.203 [qtp1105322512-34-selector-ServerConnectorManager@1530c739/1]
       DEBUG org.eclipse.jetty.io.SelectorManager - Selector loop
       woken up from select, 0/0 selected
15:06:48.203 [qtp1105322512-34-selector-ServerConnectorManager@1530c739/1]
       DEBUG org.eclipse.jetty.io.SelectorManager - Running change
       org.eclipse.jetty.io.SelectorManager$ManagedSelector$Accept@7a16ad5d
      
15:06:48.203 [qtp1105322512-34-selector-ServerConnectorManager@1530c739/1]
       DEBUG o.eclipse.jetty.io.AbstractEndPoint - onOpen SelectChannelEndPoint@494acf29{/127.0.0.1:52046&amp;lt;-&amp;gt;8080,Open,in,out,-,-,0/60000,null}{io=0,kio=0,kro=0}
      
15:06:48.203 [qtp1105322512-34-selector-ServerConnectorManager@1530c739/1]
       DEBUG org.eclipse.jetty.io.IdleTimeout - SelectChannelEndPoint@494acf29{/127.0.0.1:52046&amp;lt;-&amp;gt;8080,Open,in,out,-,-,0/60000,null}{io=0,kio=0,kro=0}
       idle timeout check, elapsed: 0 ms, remaining: 60000 ms
15:06:48.204
       [qtp1105322512-34-selector-ServerConnectorManager@1530c739/1]
       DEBUG org.eclipse.jetty.server.HttpChannel - new HttpChannelOverHttp@7783c93f{r=0,c=false,a=IDLE,uri=-}
       -&amp;gt; SelectChannelEndPoint@494acf29{/127.0.0.1:52046&amp;lt;-&amp;gt;8080,Open,in,out,-,-,0/60000,null}{io=0,kio=0,kro=0},null,HttpChannelState@19127d34{s=IDLE
       i=true a=null}
15:06:48.204 [qtp1105322512-34-selector-ServerConnectorManager@1530c739/1]
       DEBUG o.e.jetty.server.HttpConnection - New HTTP Connection
       HttpConnection@c2d7af3{IDLE}
15:06:48.204 [qtp1105322512-34-selector-ServerConnectorManager@1530c739/1]
       DEBUG o.e.jetty.io.AbstractConnection - onOpen HttpConnection@c2d7af3{IDLE}
      
15:06:48.204 [qtp1105322512-34-selector-ServerConnectorManager@1530c739/1]
       DEBUG o.e.jetty.io.AbstractConnection - fillInterested HttpConnection@c2d7af3{IDLE}
      
15:06:48.204 [qtp1105322512-34-selector-ServerConnectorManager@1530c739/1]
       DEBUG o.e.jetty.io.AbstractConnection - IDLE--&amp;gt;FILL_INTERESTED
       HttpConnection@c2d7af3{FILL_INTERESTED}
15:06:48.204 [qtp1105322512-34-selector-ServerConnectorManager@1530c739/1]
       DEBUG o.e.jetty.io.SelectChannelEndPoint - Local interests
       updating 0 -&amp;gt; 1 for SelectChannelEndPoint@494acf29{/127.0.0.1:52046&amp;lt;-&amp;gt;8080,Open,in,out,R,-,0/60000,HttpConnection}{io=1,kio=0,kro=0}
      
15:06:48.204 [qtp1105322512-34-selector-ServerConnectorManager@1530c739/1]
       DEBUG org.eclipse.jetty.io.SelectorManager - Running change
       org.eclipse.jetty.io.SelectChannelEndPoint$1@1301cfd8
15:06:48.204
       [qtp1105322512-34-selector-ServerConnectorManager@1530c739/1]
       DEBUG o.e.jetty.io.SelectChannelEndPoint - Key interests updated
       0 -&amp;gt; 1 on SelectChannelEndPoint@494acf29{/127.0.0.1:52046&amp;lt;-&amp;gt;8080,Open,in,out,R,-,0/60000,HttpConnection}{io=1,kio=1,kro=0}
      
15:06:48.204 [qtp1105322512-34-selector-ServerConnectorManager@1530c739/1]
       DEBUG org.eclipse.jetty.io.SelectorManager - Created SelectChannelEndPoint@494acf29{/127.0.0.1:52046&amp;lt;-&amp;gt;8080,Open,in,out,R,-,0/60000,HttpConnection}{io=1,kio=1,kro=0}
      
15:06:48.204 [qtp1105322512-34-selector-ServerConnectorManager@1530c739/1]
       DEBUG org.eclipse.jetty.io.SelectorManager - Selector loop
       waiting on select
15:06:48.204 [qtp1105322512-34-selector-ServerConnectorManager@1530c739/1]
       DEBUG org.eclipse.jetty.io.SelectorManager - Selector loop
       woken up from select, 1/1 selected
15:06:48.204 [qtp1105322512-34-selector-ServerConnectorManager@1530c739/1]
       DEBUG o.e.jetty.io.SelectChannelEndPoint - Key interests updated
       1 -&amp;gt; 0 on SelectChannelEndPoint@494acf29{/127.0.0.1:52046&amp;lt;-&amp;gt;8080,Open,in,out,R,-,0/60000,HttpConnection}{io=1,kio=0,kro=1}
      
15:06:48.204 [qtp1105322512-34-selector-ServerConnectorManager@1530c739/1]
       DEBUG o.e.jetty.io.SelectChannelEndPoint - Local interests
       updating 1 -&amp;gt; 0 for SelectChannelEndPoint@494acf29{/127.0.0.1:52046&amp;lt;-&amp;gt;8080,Open,in,out,R,-,0/60000,HttpConnection}{io=0,kio=0,kro=1}
      
15:06:48.204 [qtp1105322512-34-selector-ServerConnectorManager@1530c739/1]
       DEBUG org.eclipse.jetty.io.SelectorManager - Running change
       org.eclipse.jetty.io.SelectChannelEndPoint$1@1301cfd8
15:06:48.204
       [qtp1105322512-34-selector-ServerConnectorManager@1530c739/1]
       DEBUG o.e.jetty.io.AbstractConnection - FILL_INTERESTED--&amp;gt;FILLING
       HttpConnection@c2d7af3{FILLING}
15:06:48.204 [qtp1105322512-34-selector-ServerConnectorManager@1530c739/1]
       DEBUG org.eclipse.jetty.io.SelectorManager - Selector loop
       waiting on select
15:06:48.205 [qtp1105322512-32] DEBUG o.e.jetty.server.HttpConnection
       - HttpConnection@c2d7af3{FILLING} onFillable HttpChannelState@19127d34{s=IDLE
       i=true a=null}
15:06:48.205 [qtp1105322512-32] DEBUG org.eclipse.jetty.io.ChannelEndPoint
       - filled 161 SelectChannelEndPoint@494acf29{/127.0.0.1:52046&amp;lt;-&amp;gt;8080,Open,in,out,-,-,1/60000,HttpConnection}{io=0,kio=0,kro=1}
      
15:06:48.205 [qtp1105322512-32] DEBUG org.eclipse.jetty.http.HttpParser
       - parseNext s=START HeapByteBuffer@ebf1dcfc[p=0,l=161,c=8192,r=161]={&amp;lt;&amp;lt;&amp;lt;GET
       /base/sub HTT... keep-alive\r\n\r\n&amp;gt;&amp;gt;&amp;gt;\n\r\n\r\n\r\n\x00\x00\x00\x00\x00\x00\x00\x00\x00\x00...\x00\x00\x00\x00\x00\x00\x00\x00\x00\x00\x00\x00\x00\x00\x00}
      
15:06:48.205 [qtp1105322512-32] DEBUG org.eclipse.jetty.http.HttpParser
       - START --&amp;gt; SPACE1
15:06:48.205 [qtp1105322512-32]
       DEBUG org.eclipse.jetty.http.HttpParser - SPACE1 --&amp;gt;
       URI
15:06:48.205 [qtp1105322512-32] DEBUG org.eclipse.jetty.http.HttpParser
       - URI --&amp;gt; SPACE2
15:06:48.205 [qtp1105322512-32] DEBUG
       org.eclipse.jetty.http.HttpParser - SPACE2 --&amp;gt; REQUEST_VERSION
      
15:06:48.205 [qtp1105322512-32] DEBUG org.eclipse.jetty.http.HttpParser
       - REQUEST_VERSION --&amp;gt; HEADER
15:06:48.205 [qtp1105322512-32]
       DEBUG org.eclipse.jetty.http.HttpParser - HEADER --&amp;gt;
       HEADER_VALUE
15:06:48.205 [qtp1105322512-32] DEBUG org.eclipse.jetty.http.HttpParser
       - HEADER_VALUE --&amp;gt; HEADER_IN_VALUE
15:06:48.205 [qtp1105322512-32]
       DEBUG org.eclipse.jetty.http.HttpParser - HEADER_IN_VALUE
       --&amp;gt; HEADER
15:06:48.205 [qtp1105322512-32] DEBUG org.eclipse.jetty.http.HttpParser
       - HEADER --&amp;gt; HEADER_VALUE
15:06:48.205 [qtp1105322512-32]
       DEBUG org.eclipse.jetty.http.HttpParser - HEADER_VALUE --&amp;gt;
       HEADER_IN_VALUE
15:06:48.205 [qtp1105322512-32] DEBUG org.eclipse.jetty.http.HttpParser
       - HEADER_IN_VALUE --&amp;gt; HEADER
15:06:48.205 [qtp1105322512-32]
       DEBUG org.eclipse.jetty.http.HttpParser - HEADER --&amp;gt;
       HEADER_VALUE
15:06:48.206 [qtp1105322512-32] DEBUG org.eclipse.jetty.http.HttpParser
       - HEADER_VALUE --&amp;gt; HEADER_IN_VALUE
15:06:48.206 [qtp1105322512-32]
       DEBUG org.eclipse.jetty.http.HttpParser - HEADER_IN_VALUE
       --&amp;gt; HEADER
15:06:48.206 [qtp1105322512-32] DEBUG org.eclipse.jetty.http.HttpParser
       - HEADER --&amp;gt; HEADER_IN_VALUE
15:06:48.206 [qtp1105322512-32]
       DEBUG org.eclipse.jetty.http.HttpParser - HEADER_IN_VALUE
       --&amp;gt; HEADER
15:06:48.206 [qtp1105322512-32] DEBUG org.eclipse.jetty.http.HttpParser
       - HEADER --&amp;gt; END
15:06:48.206 [qtp1105322512-32] DEBUG
       org.eclipse.jetty.server.HttpChannel - HttpChannelOverHttp@7783c93f{r=1,c=false,a=IDLE,uri=-}
       messageComplete
15:06:48.206 [qtp1105322512-32] DEBUG org.eclipse.jetty.server.HttpInput
       - HttpInputOverHTTP@4adec45e EOF
15:06:48.206 [qtp1105322512-32]
       DEBUG org.eclipse.jetty.server.HttpChannel - HttpChannelOverHttp@7783c93f{r=1,c=false,a=IDLE,uri=-}
       handle enter
15:06:48.206 [qtp1105322512-32 - /base/sub]
       DEBUG o.e.jetty.server.HttpChannelState - HttpChannelState@19127d34{s=IDLE
       i=true a=null} handling IDLE
15:06:48.206 [qtp1105322512-32
       - /base/sub] DEBUG org.eclipse.jetty.server.HttpChannel -
       HttpChannelOverHttp@7783c93f{r=1,c=false,a=DISPATCHED,uri=/base/sub}
       action REQUEST_DISPATCH
15:06:48.206 [qtp1105322512-32 -
       /base/sub] DEBUG org.eclipse.jetty.server.Server - REQUEST
       GET /base/sub on HttpChannelOverHttp@7783c93f{r=1,c=false,a=DISPATCHED,uri=/base/sub}
      
15:06:48.206 [qtp1105322512-32 - /base/sub] DEBUG o.e.j.server.handler.ContextHandler
       - scope null||/base/sub @ o.e.j.s.ServletContextHandler@6f46426d{/,null,AVAILABLE}
      
15:06:48.207 [qtp1105322512-32 - /base/sub] DEBUG o.e.j.server.handler.ContextHandler
       - context=||/base/sub @ o.e.j.s.ServletContextHandler@6f46426d{/,null,AVAILABLE}
      
15:06:48.207 [qtp1105322512-32 - /base/sub] DEBUG org.eclipse.jetty.server.session
       - sessionManager=org.eclipse.jetty.server.session.HashSessionManager@32ee6fee
      
15:06:48.207 [qtp1105322512-32 - /base/sub] DEBUG org.eclipse.jetty.server.session
       - session=null
15:06:48.207 [qtp1105322512-32 - /base/sub]
       DEBUG o.e.jetty.servlet.ServletHandler - servlet ||/base/sub
       -&amp;gt; org.apache.felix.http.base.internal.DispatcherServlet-4738a206@cebacce0==org.apache.felix.http.base.internal.DispatcherServlet,-1,true
      
15:06:48.207 [qtp1105322512-32 - /base/sub] DEBUG o.e.jetty.servlet.ServletHandler
       - chain=null
15:06:48.207 [qtp1105322512-32 - /base/sub]
       DEBUG o.e.jetty.server.HttpConnection - org.eclipse.jetty.server.HttpConnection$SendCallback@36ab131[PROCESSING][i=ResponseInfo{HTTP/1.1
       404 null,286,false},cb=org.eclipse.jetty.server.HttpChannel$CommitCallback@4a906c43]
       generate: NEED_HEADER (null,[p=0,l=286,c=2048,r=286],true)@START
      
15:06:48.207 [qtp1105322512-32 - /base/sub] DEBUG o.e.jetty.server.HttpConnection
       - org.eclipse.jetty.server.HttpConnection$SendCallback@36ab131[PROCESSING][i=ResponseInfo{HTTP/1.1
       404 null,286,false},cb=org.eclipse.jetty.server.HttpChannel$CommitCallback@4a906c43]
       generate: FLUSH ([p=0,l=249,c=16384,r=249],[p=0,l=286,c=2048,r=286],true)@COMPLETING
      
15:06:48.207 [qtp1105322512-32 - /base/sub] DEBUG org.eclipse.jetty.io.WriteFlusher
       - write: WriteFlusher@6cfdf15d{IDLE} [HeapByteBuffer@5720d23f[p=0,l=249,c=16384,r=249]={&amp;lt;&amp;lt;&amp;lt;HTTP/1.1
       404 Not ....v20150224)\r\n\r\n&amp;gt;&amp;gt;&amp;gt;y(9.2.9.v20150224...\x00\x00\x00\x00\x00\x00\x00\x00\x00\x00\x00\x00\x00\x00\x00},HeapByteBuffer@61941252[p=0,l=286,c=2048,r=286]={&amp;lt;&amp;lt;&amp;lt;&amp;lt;html&amp;gt;\n&amp;lt;head&amp;gt;\n&amp;lt;me.../body&amp;gt;\n&amp;lt;/html&amp;gt;\n&amp;gt;&amp;gt;&amp;gt;\x00\x00\x00\x00\x00\x00\x00\x00\x00\x00\x00\x00\x00\x00\x00\x00\x00...\x00\x00\x00\x00\x00\x00\x00\x00\x00\x00\x00\x00\x00\x00\x00}]
      
15:06:48.207 [qtp1105322512-32 - /base/sub] DEBUG org.eclipse.jetty.io.WriteFlusher
       - update WriteFlusher@6cfdf15d{WRITING}:IDLE--&amp;gt;WRITING
      
15:06:48.208 [qtp1105322512-32 - /base/sub] DEBUG org.eclipse.jetty.io.ChannelEndPoint
       - flushed 535 SelectChannelEndPoint@494acf29{/127.0.0.1:52046&amp;lt;-&amp;gt;8080,Open,in,out,-,W,3/60000,HttpConnection}{io=0,kio=0,kro=1}
      
15:06:48.208 [qtp1105322512-32 - /base/sub] DEBUG org.eclipse.jetty.io.WriteFlusher
       - update WriteFlusher@6cfdf15d{IDLE}:WRITING--&amp;gt;IDLE
      
15:06:48.208 [qtp1105322512-32 - /base/sub] DEBUG o.e.jetty.server.HttpConnection
       - org.eclipse.jetty.server.HttpConnection$SendCallback@36ab131[PROCESSING][i=ResponseInfo{HTTP/1.1
       404 null,286,false},cb=org.eclipse.jetty.server.HttpChannel$CommitCallback@4a906c43]
       generate: DONE ([p=249,l=249,c=16384,r=0],[p=286,l=286,c=2048,r=0],true)@END
      
15:06:48.208 [qtp1105322512-32 - /base/sub] DEBUG org.eclipse.jetty.server.Server
       - RESPONSE /base/sub  404 handled=true
15:06:48.208 [qtp1105322512-32
       - /base/sub] DEBUG o.e.jetty.server.HttpChannelState - HttpChannelState@19127d34{s=DISPATCHED
       i=true a=null} unhandle DISPATCHED
15:06:48.208 [qtp1105322512-32
       - /base/sub] DEBUG org.eclipse.jetty.http.HttpParser - reset
       HttpParser{s=END,0 of 0}
15:06:48.208 [qtp1105322512-32 -
       /base/sub] DEBUG org.eclipse.jetty.http.HttpParser - END --&amp;gt;
       START
15:06:48.208 [qtp1105322512-32] DEBUG org.eclipse.jetty.server.HttpChannel
       - HttpChannelOverHttp@7783c93f{r=1,c=false,a=IDLE,uri=-} handle
       exit, result COMPLETE
15:06:48.208 [qtp1105322512-32] DEBUG
       org.eclipse.jetty.io.ChannelEndPoint - filled -1 SelectChannelEndPoint@494acf29{/127.0.0.1:52046&amp;lt;-&amp;gt;8080,Open,in,out,-,-,0/60000,HttpConnection}{io=0,kio=0,kro=1}
      
15:06:48.208 [qtp1105322512-32] DEBUG org.eclipse.jetty.io.ChannelEndPoint
       - ishut SelectChannelEndPoint@494acf29{/127.0.0.1:52046&amp;lt;-&amp;gt;8080,Open,in,out,-,-,0/60000,HttpConnection}{io=0,kio=0,kro=1}
      
15:06:48.208 [qtp1105322512-32] DEBUG org.eclipse.jetty.http.HttpParser
       - atEOF HttpParser{s=START,0 of -1}
15:06:48.208 [qtp1105322512-32]
       DEBUG org.eclipse.jetty.http.HttpParser - parseNext s=START
       HeapByteBuffer@f91d4a99[p=0,l=0,c=8192,r=0]={&amp;lt;&amp;lt;&amp;lt;&amp;gt;&amp;gt;&amp;gt;GET
       /base HTTP/1....\x00\x00\x00\x00\x00\x00\x00\x00\x00\x00\x00\x00\x00\x00\x00}
      
15:06:48.208 [qtp1105322512-32] DEBUG org.eclipse.jetty.http.HttpParser
       - START --&amp;gt; CLOSED
15:06:48.208 [qtp1105322512-32]
       DEBUG o.eclipse.jetty.io.AbstractEndPoint - onClose SelectChannelEndPoint@494acf29{/127.0.0.1:52046&amp;lt;-&amp;gt;8080,CLOSED,ISHUT,out,-,-,0/60000,HttpConnection}{io=0,kio=0,kro=1}
      
15:06:48.208 [qtp1105322512-32] DEBUG org.eclipse.jetty.io.ChannelEndPoint
       - close SelectChannelEndPoint@494acf29{/127.0.0.1:52046&amp;lt;-&amp;gt;8080,CLOSED,ISHUT,out,-,-,0/60000,HttpConnection}{io=0,kio=0,kro=1}
      
15:06:48.209 [qtp1105322512-32] DEBUG org.eclipse.jetty.io.SelectorManager
       - Destroyed SelectChannelEndPoint@494acf29{/127.0.0.1:52046&amp;lt;-&amp;gt;8080,CLOSED,ISHUT,OSHUT,-,-,0/60000,HttpConnection}{io=0,kio=-1,kro=-1}
      
15:06:48.209 [qtp1105322512-32] DEBUG o.e.jetty.io.AbstractConnection
       - onClose HttpConnection@c2d7af3{FILLING}
15:06:48.209 [qtp1105322512-32]
       DEBUG o.eclipse.jetty.io.AbstractEndPoint - onClose SelectChannelEndPoint@494acf29{/127.0.0.1:52046&amp;lt;-&amp;gt;8080,CLOSED,ISHUT,OSHUT,-,-,1/60000,HttpConnection}{io=0,kio=-1,kro=-1}
      
15:06:48.209 [qtp1105322512-32] DEBUG o.e.jetty.io.AbstractConnection
       - FILLING--&amp;gt;IDLE HttpConnection@c2d7af3{IDLE}
15:06:48.210
       [qtp1105322512-37-acceptor-0@59402b8f-ServerConnector@6892b3b6{HTTP/1.1}{0.0.0.0:8080}]
       DEBUG org.eclipse.jetty.io.SelectorManager - Queued change
       org.eclipse.jetty.io.SelectorManager$ManagedSelector$Accept@7e83bd50
      
15:06:48.210 [qtp1105322512-33-selector-ServerConnectorManager@1530c739/0]
       DEBUG org.eclipse.jetty.io.SelectorManager - Selector loop
       woken up from select, 0/0 selected
15:06:48.210 [qtp1105322512-33-selector-ServerConnectorManager@1530c739/0]
       DEBUG org.eclipse.jetty.io.SelectorManager - Running change
       org.eclipse.jetty.io.SelectorManager$ManagedSelector$Accept@7e83bd50
      
15:06:48.210 [qtp1105322512-33-selector-ServerConnectorManager@1530c739/0]
       DEBUG o.eclipse.jetty.io.AbstractEndPoint - onOpen SelectChannelEndPoint@3483cbfe{/127.0.0.1:52047&amp;lt;-&amp;gt;8080,Open,in,out,-,-,0/60000,null}{io=0,kio=0,kro=0}
      
15:06:48.210 [qtp1105322512-33-selector-ServerConnectorManager@1530c739/0]
       DEBUG org.eclipse.jetty.io.IdleTimeout - SelectChannelEndPoint@3483cbfe{/127.0.0.1:52047&amp;lt;-&amp;gt;8080,Open,in,out,-,-,0/60000,null}{io=0,kio=0,kro=0}
       idle timeout check, elapsed: 0 ms, remaining: 60000 ms
15:06:48.211
       [qtp1105322512-33-selector-ServerConnectorManager@1530c739/0]
       DEBUG org.eclipse.jetty.server.HttpChannel - new HttpChannelOverHttp@44c44b31{r=0,c=false,a=IDLE,uri=-}
       -&amp;gt; SelectChannelEndPoint@3483cbfe{/127.0.0.1:52047&amp;lt;-&amp;gt;8080,Open,in,out,-,-,1/60000,null}{io=0,kio=0,kro=0},null,HttpChannelState@44f03100{s=IDLE
       i=true a=null}
15:06:48.211 [qtp1105322512-33-selector-ServerConnectorManager@1530c739/0]
       DEBUG o.e.jetty.server.HttpConnection - New HTTP Connection
       HttpConnection@52ce5efa{IDLE}
15:06:48.211 [qtp1105322512-33-selector-ServerConnectorManager@1530c739/0]
       DEBUG o.e.jetty.io.AbstractConnection - onOpen HttpConnection@52ce5efa{IDLE}
      
15:06:48.211 [qtp1105322512-33-selector-ServerConnectorManager@1530c739/0]
       DEBUG o.e.jetty.io.AbstractConnection - fillInterested HttpConnection@52ce5efa{IDLE}
      
15:06:48.211 [qtp1105322512-33-selector-ServerConnectorManager@1530c739/0]
       DEBUG o.e.jetty.io.AbstractConnection - IDLE--&amp;gt;FILL_INTERESTED
       HttpConnection@52ce5efa{FILL_INTERESTED}
15:06:48.211 [qtp1105322512-33-selector-ServerConnectorManager@1530c739/0]
       DEBUG o.e.jetty.io.SelectChannelEndPoint - Local interests
       updating 0 -&amp;gt; 1 for SelectChannelEndPoint@3483cbfe{/127.0.0.1:52047&amp;lt;-&amp;gt;8080,Open,in,out,R,-,0/60000,HttpConnection}{io=1,kio=0,kro=0}
      
15:06:48.211 [qtp1105322512-33-selector-ServerConnectorManager@1530c739/0]
       DEBUG org.eclipse.jetty.io.SelectorManager - Running change
       org.eclipse.jetty.io.SelectChannelEndPoint$1@78b8b366
15:06:48.211
       [qtp1105322512-33-selector-ServerConnectorManager@1530c739/0]
       DEBUG o.e.jetty.io.SelectChannelEndPoint - Key interests updated
       0 -&amp;gt; 1 on SelectChannelEndPoint@3483cbfe{/127.0.0.1:52047&amp;lt;-&amp;gt;8080,Open,in,out,R,-,0/60000,HttpConnection}{io=1,kio=1,kro=0}
      
15:06:48.211 [qtp1105322512-33-selector-ServerConnectorManager@1530c739/0]
       DEBUG org.eclipse.jetty.io.SelectorManager - Created SelectChannelEndPoint@3483cbfe{/127.0.0.1:52047&amp;lt;-&amp;gt;8080,Open,in,out,R,-,0/60000,HttpConnection}{io=1,kio=1,kro=0}
      
15:06:48.211 [qtp1105322512-33-selector-ServerConnectorManager@1530c739/0]
       DEBUG org.eclipse.jetty.io.SelectorManager - Selector loop
       waiting on select
15:06:48.211 [qtp1105322512-33-selector-ServerConnectorManager@1530c739/0]
       DEBUG org.eclipse.jetty.io.SelectorManager - Selector loop
       woken up from select, 1/1 selected
15:06:48.211 [qtp1105322512-33-selector-ServerConnectorManager@1530c739/0]
       DEBUG o.e.jetty.io.SelectChannelEndPoint - Key interests updated
       1 -&amp;gt; 0 on SelectChannelEndPoint@3483cbfe{/127.0.0.1:52047&amp;lt;-&amp;gt;8080,Open,in,out,R,-,0/60000,HttpConnection}{io=1,kio=0,kro=1}
      
15:06:48.211 [qtp1105322512-33-selector-ServerConnectorManager@1530c739/0]
       DEBUG o.e.jetty.io.SelectChannelEndPoint - Local interests
       updating 1 -&amp;gt; 0 for SelectChannelEndPoint@3483cbfe{/127.0.0.1:52047&amp;lt;-&amp;gt;8080,Open,in,out,R,-,0/60000,HttpConnection}{io=0,kio=0,kro=1}
      
15:06:48.211 [qtp1105322512-33-selector-ServerConnectorManager@1530c739/0]
       DEBUG org.eclipse.jetty.io.SelectorManager - Running change
       org.eclipse.jetty.io.SelectChannelEndPoint$1@78b8b366
15:06:48.211
       [qtp1105322512-33-selector-ServerConnectorManager@1530c739/0]
       DEBUG o.e.jetty.io.AbstractConnection - FILL_INTERESTED--&amp;gt;FILLING
       HttpConnection@52ce5efa{FILLING}
15:06:48.211 [qtp1105322512-33-selector-ServerConnectorManager@1530c739/0]
       DEBUG org.eclipse.jetty.io.SelectorManager - Selector loop
       waiting on select
15:06:48.211 [qtp1105322512-36] DEBUG o.e.jetty.server.HttpConnection
       - HttpConnection@52ce5efa{FILLING} onFillable HttpChannelState@44f03100{s=IDLE
       i=true a=null}
15:06:48.211 [qtp1105322512-36] DEBUG org.eclipse.jetty.io.ChannelEndPoint
       - filled 157 SelectChannelEndPoint@3483cbfe{/127.0.0.1:52047&amp;lt;-&amp;gt;8080,Open,in,out,-,-,0/60000,HttpConnection}{io=0,kio=0,kro=1}
      
15:06:48.212 [qtp1105322512-36] DEBUG org.eclipse.jetty.http.HttpParser
       - parseNext s=START HeapByteBuffer@a40ffc93[p=0,l=157,c=8192,r=157]={&amp;lt;&amp;lt;&amp;lt;GET
       /base HTTP/1.... keep-alive\r\n\r\n&amp;gt;&amp;gt;&amp;gt;\r\n\r\n\n\r\n\r\n\r\n\x00\x00\x00\x00\x00\x00...\x00\x00\x00\x00\x00\x00\x00\x00\x00\x00\x00\x00\x00\x00\x00}
      
15:06:48.212 [qtp1105322512-36] DEBUG org.eclipse.jetty.http.HttpParser
       - START --&amp;gt; SPACE1
15:06:48.212 [qtp1105322512-36]
       DEBUG org.eclipse.jetty.http.HttpParser - SPACE1 --&amp;gt;
       URI
15:06:48.212 [qtp1105322512-36] DEBUG org.eclipse.jetty.http.HttpParser
       - URI --&amp;gt; SPACE2
15:06:48.212 [qtp1105322512-36] DEBUG
       org.eclipse.jetty.http.HttpParser - SPACE2 --&amp;gt; REQUEST_VERSION
      
15:06:48.212 [qtp1105322512-36] DEBUG org.eclipse.jetty.http.HttpParser
       - REQUEST_VERSION --&amp;gt; HEADER
15:06:48.212 [qtp1105322512-36]
       DEBUG org.eclipse.jetty.http.HttpParser - HEADER --&amp;gt;
       HEADER_VALUE
15:06:48.212 [qtp1105322512-36] DEBUG org.eclipse.jetty.http.HttpParser
       - HEADER_VALUE --&amp;gt; HEADER_IN_VALUE
15:06:48.212 [qtp1105322512-36]
       DEBUG org.eclipse.jetty.http.HttpParser - HEADER_IN_VALUE
       --&amp;gt; HEADER
15:06:48.212 [qtp1105322512-36] DEBUG org.eclipse.jetty.http.HttpParser
       - HEADER --&amp;gt; HEADER_VALUE
15:06:48.212 [qtp1105322512-36]
       DEBUG org.eclipse.jetty.http.HttpParser - HEADER_VALUE --&amp;gt;
       HEADER_IN_VALUE
15:06:48.212 [qtp1105322512-36] DEBUG org.eclipse.jetty.http.HttpParser
       - HEADER_IN_VALUE --&amp;gt; HEADER
15:06:48.212 [qtp1105322512-36]
       DEBUG org.eclipse.jetty.http.HttpParser - HEADER --&amp;gt;
       HEADER_VALUE
15:06:48.212 [qtp1105322512-36] DEBUG org.eclipse.jetty.http.HttpParser
       - HEADER_VALUE --&amp;gt; HEADER_IN_VALUE
15:06:48.212 [qtp1105322512-36]
       DEBUG org.eclipse.jetty.http.HttpParser - HEADER_IN_VALUE
       --&amp;gt; HEADER
15:06:48.212 [qtp1105322512-36] DEBUG org.eclipse.jetty.http.HttpParser
       - HEADER --&amp;gt; HEADER_IN_VALUE
15:06:48.212 [qtp1105322512-36]
       DEBUG org.eclipse.jetty.http.HttpParser - HEADER_IN_VALUE
       --&amp;gt; HEADER
15:06:48.212 [qtp1105322512-36] DEBUG org.eclipse.jetty.http.HttpParser
       - HEADER --&amp;gt; END
15:06:48.212 [qtp1105322512-36] DEBUG
       org.eclipse.jetty.server.HttpChannel - HttpChannelOverHttp@44c44b31{r=1,c=false,a=IDLE,uri=-}
       messageComplete
15:06:48.212 [qtp1105322512-36] DEBUG org.eclipse.jetty.server.HttpInput
       - HttpInputOverHTTP@430eb515 EOF
15:06:48.212 [qtp1105322512-36]
       DEBUG org.eclipse.jetty.server.HttpChannel - HttpChannelOverHttp@44c44b31{r=1,c=false,a=IDLE,uri=-}
       handle enter
15:06:48.212 [qtp1105322512-36 - /base] DEBUG
       o.e.jetty.server.HttpChannelState - HttpChannelState@44f03100{s=IDLE
       i=true a=null} handling IDLE
15:06:48.212 [qtp1105322512-36
       - /base] DEBUG org.eclipse.jetty.server.HttpChannel - HttpChannelOverHttp@44c44b31{r=1,c=false,a=DISPATCHED,uri=/base}
       action REQUEST_DISPATCH
15:06:48.212 [qtp1105322512-36 -
       /base] DEBUG org.eclipse.jetty.server.Server - REQUEST GET
       /base on HttpChannelOverHttp@44c44b31{r=1,c=false,a=DISPATCHED,uri=/base}
      
15:06:48.212 [qtp1105322512-36 - /base] DEBUG o.e.j.server.handler.ContextHandler
       - scope null||/base @ o.e.j.s.ServletContextHandler@6f46426d{/,null,AVAILABLE}
      
15:06:48.213 [qtp1105322512-36 - /base] DEBUG o.e.j.server.handler.ContextHandler
       - context=||/base @ o.e.j.s.ServletContextHandler@6f46426d{/,null,AVAILABLE}
      
15:06:48.213 [qtp1105322512-36 - /base] DEBUG org.eclipse.jetty.server.session
       - sessionManager=org.eclipse.jetty.server.session.HashSessionManager@32ee6fee
      
15:06:48.213 [qtp1105322512-36 - /base] DEBUG org.eclipse.jetty.server.session
       - session=null
15:06:48.213 [qtp1105322512-36 - /base] DEBUG
       o.e.jetty.servlet.ServletHandler - servlet ||/base -&amp;gt;
       org.apache.felix.http.base.internal.DispatcherServlet-4738a206@cebacce0==org.apache.felix.http.base.internal.DispatcherServlet,-1,true
      
15:06:48.213 [qtp1105322512-36 - /base] DEBUG o.e.jetty.servlet.ServletHandler
       - chain=null
15:06:48.225 [qtp1105322512-36 - /base] DEBUG
       o.e.jetty.server.HttpConnection - org.eclipse.jetty.server.HttpConnection$SendCallback@31e7213e[PROCESSING][i=ResponseInfo{HTTP/1.1
       200 null,-1,false},cb=org.eclipse.jetty.server.HttpChannel$CommitCallback@44ad47cc]
       generate: NEED_HEADER (null,[p=0,l=4,c=24576,r=4],false)@START
      
15:06:48.225 [qtp1105322512-36 - /base] DEBUG o.e.jetty.server.HttpConnection
       - org.eclipse.jetty.server.HttpConnection$SendCallback@31e7213e[PROCESSING][i=ResponseInfo{HTTP/1.1
       200 null,-1,false},cb=org.eclipse.jetty.server.HttpChannel$CommitCallback@44ad47cc]
       generate: FLUSH ([p=0,l=182,c=16384,r=182],[p=0,l=4,c=24576,r=4],false)@COMMITTED
      
15:06:48.226 [qtp1105322512-36 - /base] DEBUG org.eclipse.jetty.io.WriteFlusher
       - write: WriteFlusher@769598ba{IDLE} [HeapByteBuffer@9e1b6725[p=0,l=182,c=16384,r=182]={&amp;lt;&amp;lt;&amp;lt;HTTP/1.1
       200 OK\r\n...0150224)\r\n\r\n4\r\n&amp;gt;&amp;gt;&amp;gt;r:
       Jetty(9.2.9.v2...\x00\x00\x00\x00\x00\x00\x00\x00\x00\x00\x00\x00\x00\x00\x00},HeapByteBuffer@bed06bb5[p=0,l=4,c=24576,r=4]={&amp;lt;&amp;lt;&amp;lt;base&amp;gt;&amp;gt;&amp;gt;o
       Worldello World...\x00\x00\x00\x00\x00\x00\x00\x00\x00\x00\x00\x00\x00\x00\x00}]
      
15:06:48.226 [qtp1105322512-36 - /base] DEBUG org.eclipse.jetty.io.WriteFlusher
       - update WriteFlusher@769598ba{WRITING}:IDLE--&amp;gt;WRITING
      
15:06:48.227 [qtp1105322512-36 - /base] DEBUG org.eclipse.jetty.io.ChannelEndPoint
       - flushed 186 SelectChannelEndPoint@3483cbfe{/127.0.0.1:52047&amp;lt;-&amp;gt;8080,Open,in,out,-,W,16/60000,HttpConnection}{io=0,kio=0,kro=1}
      
15:06:48.227 [qtp1105322512-36 - /base] DEBUG org.eclipse.jetty.io.WriteFlusher
       - update WriteFlusher@769598ba{IDLE}:WRITING--&amp;gt;IDLE
      
15:06:48.227 [qtp1105322512-36 - /base] DEBUG o.e.jetty.server.HttpConnection
       - org.eclipse.jetty.server.HttpConnection$SendCallback@31e7213e[PROCESSING][i=ResponseInfo{HTTP/1.1
       200 null,-1,false},cb=org.eclipse.jetty.server.HttpChannel$CommitCallback@44ad47cc]
       generate: DONE ([p=182,l=182,c=16384,r=0],[p=4,l=4,c=24576,r=0],false)@COMMITTED
      
15:06:48.227 [qtp1105322512-36 - /base] DEBUG org.eclipse.jetty.server.Server
       - RESPONSE /base  200 handled=true
15:06:48.227 [qtp1105322512-36
       - /base] DEBUG o.e.jetty.server.HttpChannelState - HttpChannelState@44f03100{s=DISPATCHED
       i=true a=null} unhandle DISPATCHED
15:06:48.227 [qtp1105322512-36
       - /base] DEBUG o.e.jetty.server.HttpConnection - org.eclipse.jetty.server.HttpConnection$SendCallback@31e7213e[PROCESSING][i=null,cb=Blocker@440ce54{null}]
       generate: CONTINUE (null,[p=0,l=0,c=0,r=0],true)@COMPLETING
      
15:06:48.227 [qtp1105322512-36 - /base] DEBUG o.e.jetty.server.HttpConnection
       - org.eclipse.jetty.server.HttpConnection$SendCallback@31e7213e[PROCESSING][i=null,cb=Blocker@440ce54{null}]
       generate: NEED_CHUNK (null,[p=0,l=0,c=0,r=0],true)@COMPLETING
      
15:06:48.227 [qtp1105322512-36 - /base] DEBUG o.e.jetty.server.HttpConnection
       - org.eclipse.jetty.server.HttpConnection$SendCallback@31e7213e[PROCESSING][i=null,cb=Blocker@440ce54{null}]
       generate: FLUSH (null,[p=0,l=0,c=0,r=0],true)@COMPLETING
      
15:06:48.227 [qtp1105322512-36 - /base] DEBUG org.eclipse.jetty.io.WriteFlusher
       - write: WriteFlusher@769598ba{IDLE} [HeapByteBuffer@6239c7f4[p=0,l=7,c=1024,r=7]={&amp;lt;&amp;lt;&amp;lt;\r\n0\r\n\r\n&amp;gt;&amp;gt;&amp;gt;\x00\x00\x00\x00\x00\x00\x00\x00\x00\x00\x00\x00\x00\x00\x00\x00\x00...\x00\x00\x00\x00\x00\x00\x00\x00\x00\x00\x00\x00\x00\x00\x00}]
      
15:06:48.227 [qtp1105322512-36 - /base] DEBUG org.eclipse.jetty.io.WriteFlusher
       - update WriteFlusher@769598ba{WRITING}:IDLE--&amp;gt;WRITING
      
15:06:48.227 [qtp1105322512-36 - /base] DEBUG org.eclipse.jetty.io.ChannelEndPoint
       - flushed 7 SelectChannelEndPoint@3483cbfe{/127.0.0.1:52047&amp;lt;-&amp;gt;8080,Open,in,out,-,W,0/60000,HttpConnection}{io=0,kio=0,kro=1}
      
15:06:48.227 [qtp1105322512-36 - /base] DEBUG org.eclipse.jetty.io.WriteFlusher
       - update WriteFlusher@769598ba{IDLE}:WRITING--&amp;gt;IDLE
      
15:06:48.228 [qtp1105322512-36 - /base] DEBUG o.e.jetty.server.HttpConnection
       - org.eclipse.jetty.server.HttpConnection$SendCallback@31e7213e[PROCESSING][i=null,cb=Blocker@440ce54{null}]
       generate: DONE (null,[p=0,l=0,c=0,r=0],true)@END
15:06:48.228
       [qtp1105322512-36 - /base] DEBUG org.eclipse.jetty.http.HttpParser
       - reset HttpParser{s=END,0 of 0}
15:06:48.228 [qtp1105322512-36
       - /base] DEBUG org.eclipse.jetty.http.HttpParser - END --&amp;gt;
       START
15:06:48.228 [qtp1105322512-36] DEBUG org.eclipse.jetty.server.HttpChannel
       - HttpChannelOverHttp@44c44b31{r=1,c=false,a=IDLE,uri=-} handle
       exit, result COMPLETE
15:06:48.229 [qtp1105322512-36] DEBUG
       org.eclipse.jetty.io.ChannelEndPoint - 
java.io.IOException:
       An established connection was aborted by the software in your
       host machine
	at sun.nio.ch.SocketDispatcher.read0(Native
       Method) ~[na:1.8.0_40]
	at sun.nio.ch.SocketDispatcher.read(Unknown
       Source) ~[na:1.8.0_40]
	at sun.nio.ch.IOUtil.readIntoNativeBuffer(Unknown
       Source) ~[na:1.8.0_40]
	at sun.nio.ch.IOUtil.read(Unknown
       Source) ~[na:1.8.0_40]
	at sun.nio.ch.SocketChannelImpl.read(Unknown
       Source) ~[na:1.8.0_40]
	at org.eclipse.jetty.io.ChannelEndPoint.fill(ChannelEndPoint.java:140)
       ~[na:na]
	at org.eclipse.jetty.server.HttpConnection.onFillable(HttpConnection.java:239)
       ~[na:na]
	at org.eclipse.jetty.io.AbstractConnection$2.run(AbstractConnection.java:540)
       ~[na:na]
	at org.eclipse.jetty.util.thread.QueuedThreadPool.runJob(QueuedThreadPool.java:635)
       ~[na:na]
	at org.eclipse.jetty.util.thread.QueuedThreadPool$3.run(QueuedThreadPool.java:555)
       ~[na:na]
	at java.lang.Thread.run(Unknown Source) ~[na:1.8.0_40]
      
15:06:48.229 [qtp1105322512-36] DEBUG org.eclipse.jetty.io.ChannelEndPoint
       - ishut SelectChannelEndPoint@3483cbfe{/127.0.0.1:52047&amp;lt;-&amp;gt;8080,Open,in,out,-,-,2/60000,HttpConnection}{io=0,kio=0,kro=1}
      
15:06:48.229 [qtp1105322512-36] DEBUG org.eclipse.jetty.http.HttpParser
       - atEOF HttpParser{s=START,0 of -1}
15:06:48.229 [qtp1105322512-36]
       DEBUG org.eclipse.jetty.http.HttpParser - parseNext s=START
       HeapByteBuffer@f91d4a99[p=0,l=0,c=8192,r=0]={&amp;lt;&amp;lt;&amp;lt;&amp;gt;&amp;gt;&amp;gt;GET
       /base HTTP/1....\x00\x00\x00\x00\x00\x00\x00\x00\x00\x00\x00\x00\x00\x00\x00}
      
15:06:48.229 [qtp1105322512-36] DEBUG org.eclipse.jetty.http.HttpParser
       - START --&amp;gt; CLOSED
15:06:48.229 [qtp1105322512-36]
       DEBUG o.eclipse.jetty.io.AbstractEndPoint - onClose SelectChannelEndPoint@3483cbfe{/127.0.0.1:52047&amp;lt;-&amp;gt;8080,CLOSED,ISHUT,out,-,-,2/60000,HttpConnection}{io=0,kio=0,kro=1}
      
15:06:48.230 [qtp1105322512-36] DEBUG org.eclipse.jetty.io.ChannelEndPoint
       - close SelectChannelEndPoint@3483cbfe{/127.0.0.1:52047&amp;lt;-&amp;gt;8080,CLOSED,ISHUT,out,-,-,3/60000,HttpConnection}{io=0,kio=0,kro=1}
      
15:06:48.230 [qtp1105322512-36] DEBUG org.eclipse.jetty.io.SelectorManager
       - Destroyed SelectChannelEndPoint@3483cbfe{/127.0.0.1:52047&amp;lt;-&amp;gt;8080,CLOSED,ISHUT,OSHUT,-,-,3/60000,HttpConnection}{io=0,kio=-1,kro=-1}
      
15:06:48.230 [qtp1105322512-36] DEBUG o.e.jetty.io.AbstractConnection
       - onClose HttpConnection@52ce5efa{FILLING}
15:06:48.230 [qtp1105322512-36]
       DEBUG o.eclipse.jetty.io.AbstractEndPoint - onClose SelectChannelEndPoint@3483cbfe{/127.0.0.1:52047&amp;lt;-&amp;gt;8080,CLOSED,ISHUT,OSHUT,-,-,3/60000,HttpConnection}{io=0,kio=-1,kro=-1}
      
15:06:48.230 [qtp1105322512-36] DEBUG o.e.jetty.io.AbstractConnection
       - FILLING--&amp;gt;IDLE HttpConnection@52ce5efa{IDLE}
15:06:48.244
       [qtp1105322512-37-acceptor-0@59402b8f-ServerConnector@6892b3b6{HTTP/1.1}{0.0.0.0:8080}]
       DEBUG org.eclipse.jetty.io.SelectorManager - Queued change
       org.eclipse.jetty.io.SelectorManager$ManagedSelector$Accept@33aa25b0
      
15:06:48.245 [qtp1105322512-34-selector-ServerConnectorManager@1530c739/1]
       DEBUG org.eclipse.jetty.io.SelectorManager - Selector loop
       woken up from select, 0/0 selected
15:06:48.245 [qtp1105322512-34-selector-ServerConnectorManager@1530c739/1]
       DEBUG org.eclipse.jetty.io.SelectorManager - Running change
       org.eclipse.jetty.io.SelectorManager$ManagedSelector$Accept@33aa25b0
      
15:06:48.246 [qtp1105322512-34-selector-ServerConnectorManager@1530c739/1]
       DEBUG o.eclipse.jetty.io.AbstractEndPoint - onOpen SelectChannelEndPoint@70d31f0b{/127.0.0.1:52048&amp;lt;-&amp;gt;8080,Open,in,out,-,-,0/60000,null}{io=0,kio=0,kro=0}
      
15:06:48.246 [qtp1105322512-34-selector-ServerConnectorManager@1530c739/1]
       DEBUG org.eclipse.jetty.io.IdleTimeout - SelectChannelEndPoint@70d31f0b{/127.0.0.1:52048&amp;lt;-&amp;gt;8080,Open,in,out,-,-,0/60000,null}{io=0,kio=0,kro=0}
       idle timeout check, elapsed: 0 ms, remaining: 60000 ms
15:06:48.247
       [qtp1105322512-34-selector-ServerConnectorManager@1530c739/1]
       DEBUG org.eclipse.jetty.server.HttpChannel - new HttpChannelOverHttp@174e1900{r=0,c=false,a=IDLE,uri=-}
       -&amp;gt; SelectChannelEndPoint@70d31f0b{/127.0.0.1:52048&amp;lt;-&amp;gt;8080,Open,in,out,-,-,1/60000,null}{io=0,kio=0,kro=0},null,HttpChannelState@a2c7b3e{s=IDLE
       i=true a=null}
15:06:48.247 [qtp1105322512-34-selector-ServerConnectorManager@1530c739/1]
       DEBUG o.e.jetty.server.HttpConnection - New HTTP Connection
       HttpConnection@6150fb4b{IDLE}
15:06:48.247 [qtp1105322512-34-selector-ServerConnectorManager@1530c739/1]
       DEBUG o.e.jetty.io.AbstractConnection - onOpen HttpConnection@6150fb4b{IDLE}
      
15:06:48.247 [qtp1105322512-34-selector-ServerConnectorManager@1530c739/1]
       DEBUG o.e.jetty.io.AbstractConnection - fillInterested HttpConnection@6150fb4b{IDLE}
      
15:06:48.247 [qtp1105322512-34-selector-ServerConnectorManager@1530c739/1]
       DEBUG o.e.jetty.io.AbstractConnection - IDLE--&amp;gt;FILL_INTERESTED
       HttpConnection@6150fb4b{FILL_INTERESTED}
15:06:48.247 [qtp1105322512-34-selector-ServerConnectorManager@1530c739/1]
       DEBUG o.e.jetty.io.SelectChannelEndPoint - Local interests
       updating 0 -&amp;gt; 1 for SelectChannelEndPoint@70d31f0b{/127.0.0.1:52048&amp;lt;-&amp;gt;8080,Open,in,out,R,-,0/60000,HttpConnection}{io=1,kio=0,kro=0}
      
15:06:48.247 [qtp1105322512-34-selector-ServerConnectorManager@1530c739/1]
       DEBUG org.eclipse.jetty.io.SelectorManager - Running change
       org.eclipse.jetty.io.SelectChannelEndPoint$1@9138b2d
15:06:48.247
       [qtp1105322512-34-selector-ServerConnectorManager@1530c739/1]
       DEBUG o.e.jetty.io.SelectChannelEndPoint - Key interests updated
       0 -&amp;gt; 1 on SelectChannelEndPoint@70d31f0b{/127.0.0.1:52048&amp;lt;-&amp;gt;8080,Open,in,out,R,-,0/60000,HttpConnection}{io=1,kio=1,kro=0}
      
15:06:48.247 [qtp1105322512-34-selector-ServerConnectorManager@1530c739/1]
       DEBUG org.eclipse.jetty.io.SelectorManager - Created SelectChannelEndPoint@70d31f0b{/127.0.0.1:52048&amp;lt;-&amp;gt;8080,Open,in,out,R,-,0/60000,HttpConnection}{io=1,kio=1,kro=0}
      
15:06:48.247 [qtp1105322512-34-selector-ServerConnectorManager@1530c739/1]
       DEBUG org.eclipse.jetty.io.SelectorManager - Selector loop
       waiting on select
15:06:48.247 [qtp1105322512-34-selector-ServerConnectorManager@1530c739/1]
       DEBUG org.eclipse.jetty.io.SelectorManager - Selector loop
       woken up from select, 1/1 selected
15:06:48.247 [qtp1105322512-34-selector-ServerConnectorManager@1530c739/1]
       DEBUG o.e.jetty.io.SelectChannelEndPoint - Key interests updated
       1 -&amp;gt; 0 on SelectChannelEndPoint@70d31f0b{/127.0.0.1:52048&amp;lt;-&amp;gt;8080,Open,in,out,R,-,0/60000,HttpConnection}{io=1,kio=0,kro=1}
      
15:06:48.247 [qtp1105322512-34-selector-ServerConnectorManager@1530c739/1]
       DEBUG o.e.jetty.io.SelectChannelEndPoint - Local interests
       updating 1 -&amp;gt; 0 for SelectChannelEndPoint@70d31f0b{/127.0.0.1:52048&amp;lt;-&amp;gt;8080,Open,in,out,R,-,0/60000,HttpConnection}{io=0,kio=0,kro=1}
      
15:06:48.247 [qtp1105322512-34-selector-ServerConnectorManager@1530c739/1]
       DEBUG org.eclipse.jetty.io.SelectorManager - Running change
       org.eclipse.jetty.io.SelectChannelEndPoint$1@9138b2d
15:06:48.247
       [qtp1105322512-34-selector-ServerConnectorManager@1530c739/1]
       DEBUG o.e.jetty.io.AbstractConnection - FILL_INTERESTED--&amp;gt;FILLING
       HttpConnection@6150fb4b{FILLING}
15:06:48.247 [qtp1105322512-34-selector-ServerConnectorManager@1530c739/1]
       DEBUG org.eclipse.jetty.io.SelectorManager - Selector loop
       waiting on select
15:06:48.248 [qtp1105322512-38] DEBUG o.e.jetty.server.HttpConnection
       - HttpConnection@6150fb4b{FILLING} onFillable HttpChannelState@a2c7b3e{s=IDLE
       i=true a=null}
15:06:48.248 [qtp1105322512-38] DEBUG org.eclipse.jetty.io.ChannelEndPoint
       - filled 161 SelectChannelEndPoint@70d31f0b{/127.0.0.1:52048&amp;lt;-&amp;gt;8080,Open,in,out,-,-,1/60000,HttpConnection}{io=0,kio=0,kro=1}
      
15:06:48.248 [qtp1105322512-38] DEBUG org.eclipse.jetty.http.HttpParser
       - parseNext s=START HeapByteBuffer@ebf1dcfc[p=0,l=161,c=8192,r=161]={&amp;lt;&amp;lt;&amp;lt;GET
       /base/sub HTT... keep-alive\r\n\r\n&amp;gt;&amp;gt;&amp;gt;\n\r\n\r\n\r\n\x00\x00\x00\x00\x00\x00\x00\x00\x00\x00...\x00\x00\x00\x00\x00\x00\x00\x00\x00\x00\x00\x00\x00\x00\x00}
      
15:06:48.248 [qtp1105322512-38] DEBUG org.eclipse.jetty.http.HttpParser
       - START --&amp;gt; SPACE1
15:06:48.248 [qtp1105322512-38]
       DEBUG org.eclipse.jetty.http.HttpParser - SPACE1 --&amp;gt;
       URI
15:06:48.248 [qtp1105322512-38] DEBUG org.eclipse.jetty.http.HttpParser
       - URI --&amp;gt; SPACE2
15:06:48.248 [qtp1105322512-38] DEBUG
       org.eclipse.jetty.http.HttpParser - SPACE2 --&amp;gt; REQUEST_VERSION
      
15:06:48.248 [qtp1105322512-38] DEBUG org.eclipse.jetty.http.HttpParser
       - REQUEST_VERSION --&amp;gt; HEADER
15:06:48.248 [qtp1105322512-38]
       DEBUG org.eclipse.jetty.http.HttpParser - HEADER --&amp;gt;
       HEADER_VALUE
15:06:48.248 [qtp1105322512-38] DEBUG org.eclipse.jetty.http.HttpParser
       - HEADER_VALUE --&amp;gt; HEADER_IN_VALUE
15:06:48.248 [qtp1105322512-38]
       DEBUG org.eclipse.jetty.http.HttpParser - HEADER_IN_VALUE
       --&amp;gt; HEADER
15:06:48.248 [qtp1105322512-38] DEBUG org.eclipse.jetty.http.HttpParser
       - HEADER --&amp;gt; HEADER_VALUE
15:06:48.248 [qtp1105322512-38]
       DEBUG org.eclipse.jetty.http.HttpParser - HEADER_VALUE --&amp;gt;
       HEADER_IN_VALUE
15:06:48.248 [qtp1105322512-38] DEBUG org.eclipse.jetty.http.HttpParser
       - HEADER_IN_VALUE --&amp;gt; HEADER
15:06:48.248 [qtp1105322512-38]
       DEBUG org.eclipse.jetty.http.HttpParser - HEADER --&amp;gt;
       HEADER_VALUE
15:06:48.248 [qtp1105322512-38] DEBUG org.eclipse.jetty.http.HttpParser
       - HEADER_VALUE --&amp;gt; HEADER_IN_VALUE
15:06:48.248 [qtp1105322512-38]
       DEBUG org.eclipse.jetty.http.HttpParser - HEADER_IN_VALUE
       --&amp;gt; HEADER
15:06:48.248 [qtp1105322512-38] DEBUG org.eclipse.jetty.http.HttpParser
       - HEADER --&amp;gt; HEADER_IN_VALUE
15:06:48.248 [qtp1105322512-38]
       DEBUG org.eclipse.jetty.http.HttpParser - HEADER_IN_VALUE
       --&amp;gt; HEADER
15:06:48.248 [qtp1105322512-38] DEBUG org.eclipse.jetty.http.HttpParser
       - HEADER --&amp;gt; END
15:06:48.248 [qtp1105322512-38] DEBUG
       org.eclipse.jetty.server.HttpChannel - HttpChannelOverHttp@174e1900{r=1,c=false,a=IDLE,uri=-}
       messageComplete
15:06:48.248 [qtp1105322512-38] DEBUG org.eclipse.jetty.server.HttpInput
       - HttpInputOverHTTP@559650ff EOF
15:06:48.248 [qtp1105322512-38]
       DEBUG org.eclipse.jetty.server.HttpChannel - HttpChannelOverHttp@174e1900{r=1,c=false,a=IDLE,uri=-}
       handle enter
15:06:48.249 [qtp1105322512-38 - /base/sub]
       DEBUG o.e.jetty.server.HttpChannelState - HttpChannelState@a2c7b3e{s=IDLE
       i=true a=null} handling IDLE
15:06:48.249 [qtp1105322512-38
       - /base/sub] DEBUG org.eclipse.jetty.server.HttpChannel -
       HttpChannelOverHttp@174e1900{r=1,c=false,a=DISPATCHED,uri=/base/sub}
       action REQUEST_DISPATCH
15:06:48.249 [qtp1105322512-38 -
       /base/sub] DEBUG org.eclipse.jetty.server.Server - REQUEST
       GET /base/sub on HttpChannelOverHttp@174e1900{r=1,c=false,a=DISPATCHED,uri=/base/sub}
      
15:06:48.249 [qtp1105322512-38 - /base/sub] DEBUG o.e.j.server.handler.ContextHandler
       - scope null||/base/sub @ o.e.j.s.ServletContextHandler@6f46426d{/,null,AVAILABLE}
      
15:06:48.249 [qtp1105322512-38 - /base/sub] DEBUG o.e.j.server.handler.ContextHandler
       - context=||/base/sub @ o.e.j.s.ServletContextHandler@6f46426d{/,null,AVAILABLE}
      
15:06:48.249 [qtp1105322512-38 - /base/sub] DEBUG org.eclipse.jetty.server.session
       - sessionManager=org.eclipse.jetty.server.session.HashSessionManager@32ee6fee
      
15:06:48.249 [qtp1105322512-38 - /base/sub] DEBUG org.eclipse.jetty.server.session
       - session=null
15:06:48.249 [qtp1105322512-38 - /base/sub]
       DEBUG o.e.jetty.servlet.ServletHandler - servlet ||/base/sub
       -&amp;gt; org.apache.felix.http.base.internal.DispatcherServlet-4738a206@cebacce0==org.apache.felix.http.base.internal.DispatcherServlet,-1,true
      
15:06:48.249 [qtp1105322512-38 - /base/sub] DEBUG o.e.jetty.servlet.ServletHandler
       - chain=null
15:06:48.251 [qtp1105322512-38 - /base/sub]
       DEBUG o.e.jetty.server.HttpConnection - org.eclipse.jetty.server.HttpConnection$SendCallback@43dcccd2[PROCESSING][i=ResponseInfo{HTTP/1.1
       200 null,-1,false},cb=org.eclipse.jetty.server.HttpChannel$CommitCallback@26db39e4]
       generate: NEED_HEADER (null,[p=0,l=3,c=24576,r=3],false)@START
      
15:06:48.251 [qtp1105322512-38 - /base/sub] DEBUG o.e.jetty.server.HttpConnection
       - org.eclipse.jetty.server.HttpConnection$SendCallback@43dcccd2[PROCESSING][i=ResponseInfo{HTTP/1.1
       200 null,-1,false},cb=org.eclipse.jetty.server.HttpChannel$CommitCallback@26db39e4]
       generate: FLUSH ([p=0,l=182,c=16384,r=182],[p=0,l=3,c=24576,r=3],false)@COMMITTED
      
15:06:48.251 [qtp1105322512-38 - /base/sub] DEBUG org.eclipse.jetty.io.WriteFlusher
       - write: WriteFlusher@2a0cc512{IDLE} [HeapByteBuffer@982c8a4[p=0,l=182,c=16384,r=182]={&amp;lt;&amp;lt;&amp;lt;HTTP/1.1
       200 OK\r\n...0150224)\r\n\r\n3\r\n&amp;gt;&amp;gt;&amp;gt;r:
       Jetty(9.2.9.v2...\x00\x00\x00\x00\x00\x00\x00\x00\x00\x00\x00\x00\x00\x00\x00},HeapByteBuffer@4d773909[p=0,l=3,c=24576,r=3]={&amp;lt;&amp;lt;&amp;lt;sub&amp;gt;&amp;gt;&amp;gt;eo
       Worldello Worl...\x00\x00\x00\x00\x00\x00\x00\x00\x00\x00\x00\x00\x00\x00\x00}]
      
15:06:48.251 [qtp1105322512-38 - /base/sub] DEBUG org.eclipse.jetty.io.WriteFlusher
       - update WriteFlusher@2a0cc512{WRITING}:IDLE--&amp;gt;WRITING
      
15:06:48.251 [qtp1105322512-38 - /base/sub] DEBUG org.eclipse.jetty.io.ChannelEndPoint
       - flushed 185 SelectChannelEndPoint@70d31f0b{/127.0.0.1:52048&amp;lt;-&amp;gt;8080,Open,in,out,-,W,3/60000,HttpConnection}{io=0,kio=0,kro=1}
      
15:06:48.251 [qtp1105322512-38 - /base/sub] DEBUG org.eclipse.jetty.io.WriteFlusher
       - update WriteFlusher@2a0cc512{IDLE}:WRITING--&amp;gt;IDLE
      
15:06:48.251 [qtp1105322512-38 - /base/sub] DEBUG o.e.jetty.server.HttpConnection
       - org.eclipse.jetty.server.HttpConnection$SendCallback@43dcccd2[PROCESSING][i=ResponseInfo{HTTP/1.1
       200 null,-1,false},cb=org.eclipse.jetty.server.HttpChannel$CommitCallback@26db39e4]
       generate: DONE ([p=182,l=182,c=16384,r=0],[p=3,l=3,c=24576,r=0],false)@COMMITTED
      
15:06:48.251 [qtp1105322512-38 - /base/sub] DEBUG org.eclipse.jetty.server.Server
       - RESPONSE /base/sub  200 handled=true
15:06:48.252 [qtp1105322512-38
       - /base/sub] DEBUG o.e.jetty.server.HttpChannelState - HttpChannelState@a2c7b3e{s=DISPATCHED
       i=true a=null} unhandle DISPATCHED
15:06:48.252 [qtp1105322512-38
       - /base/sub] DEBUG o.e.jetty.server.HttpConnection - org.eclipse.jetty.server.HttpConnection$SendCallback@43dcccd2[PROCESSING][i=null,cb=Blocker@4dfa6904{null}]
       generate: CONTINUE (null,[p=0,l=0,c=0,r=0],true)@COMPLETING
      
15:06:48.252 [qtp1105322512-38 - /base/sub] DEBUG o.e.jetty.server.HttpConnection
       - org.eclipse.jetty.server.HttpConnection$SendCallback@43dcccd2[PROCESSING][i=null,cb=Blocker@4dfa6904{null}]
       generate: NEED_CHUNK (null,[p=0,l=0,c=0,r=0],true)@COMPLETING
      
15:06:48.252 [qtp1105322512-38 - /base/sub] DEBUG o.e.jetty.server.HttpConnection
       - org.eclipse.jetty.server.HttpConnection$SendCallback@43dcccd2[PROCESSING][i=null,cb=Blocker@4dfa6904{null}]
       generate: FLUSH (null,[p=0,l=0,c=0,r=0],true)@COMPLETING
      
15:06:48.252 [qtp1105322512-38 - /base/sub] DEBUG org.eclipse.jetty.io.WriteFlusher
       - write: WriteFlusher@2a0cc512{IDLE} [HeapByteBuffer@6239c7f4[p=0,l=7,c=1024,r=7]={&amp;lt;&amp;lt;&amp;lt;\r\n0\r\n\r\n&amp;gt;&amp;gt;&amp;gt;\x00\x00\x00\x00\x00\x00\x00\x00\x00\x00\x00\x00\x00\x00\x00\x00\x00...\x00\x00\x00\x00\x00\x00\x00\x00\x00\x00\x00\x00\x00\x00\x00}]
      
15:06:48.252 [qtp1105322512-38 - /base/sub] DEBUG org.eclipse.jetty.io.WriteFlusher
       - update WriteFlusher@2a0cc512{WRITING}:IDLE--&amp;gt;WRITING
      
15:06:48.252 [qtp1105322512-38 - /base/sub] DEBUG org.eclipse.jetty.io.ChannelEndPoint
       - flushed 7 SelectChannelEndPoint@70d31f0b{/127.0.0.1:52048&amp;lt;-&amp;gt;8080,Open,in,out,-,W,1/60000,HttpConnection}{io=0,kio=0,kro=1}
      
15:06:48.252 [qtp1105322512-38 - /base/sub] DEBUG org.eclipse.jetty.io.WriteFlusher
       - update WriteFlusher@2a0cc512{IDLE}:WRITING--&amp;gt;IDLE
      
15:06:48.252 [qtp1105322512-38 - /base/sub] DEBUG o.e.jetty.server.HttpConnection
       - org.eclipse.jetty.server.HttpConnection$SendCallback@43dcccd2[PROCESSING][i=null,cb=Blocker@4dfa6904{null}]
       generate: DONE (null,[p=0,l=0,c=0,r=0],true)@END
15:06:48.252
       [qtp1105322512-38 - /base/sub] DEBUG org.eclipse.jetty.http.HttpParser
       - reset HttpParser{s=END,0 of 0}
15:06:48.252 [qtp1105322512-38
       - /base/sub] DEBUG org.eclipse.jetty.http.HttpParser - END
       --&amp;gt; START
15:06:48.252 [qtp1105322512-38] DEBUG org.eclipse.jetty.server.HttpChannel
       - HttpChannelOverHttp@174e1900{r=1,c=false,a=IDLE,uri=-} handle
       exit, result COMPLETE
15:06:48.252 [qtp1105322512-38] DEBUG
       org.eclipse.jetty.io.ChannelEndPoint - filled 0 SelectChannelEndPoint@70d31f0b{/127.0.0.1:52048&amp;lt;-&amp;gt;8080,Open,in,out,-,-,0/60000,HttpConnection}{io=0,kio=0,kro=1}
      
15:06:48.253 [qtp1105322512-38] DEBUG org.eclipse.jetty.io.ChannelEndPoint
       - filled 0 SelectChannelEndPoint@70d31f0b{/127.0.0.1:52048&amp;lt;-&amp;gt;8080,Open,in,out,-,-,1/60000,HttpConnection}{io=0,kio=0,kro=1}
      
15:06:48.253 [qtp1105322512-38] DEBUG org.eclipse.jetty.http.HttpParser
       - parseNext s=START HeapByteBuffer@f91d4a99[p=0,l=0,c=8192,r=0]={&amp;lt;&amp;lt;&amp;lt;&amp;gt;&amp;gt;&amp;gt;GET
       /base HTTP/1....\x00\x00\x00\x00\x00\x00\x00\x00\x00\x00\x00\x00\x00\x00\x00}
      
15:06:48.253 [qtp1105322512-38] DEBUG o.e.jetty.io.AbstractConnection
       - fillInterested HttpConnection@6150fb4b{FILLING}
15:06:48.253
       [qtp1105322512-38] DEBUG o.e.jetty.io.AbstractConnection -
       FILLING--&amp;gt;FILLING_FILL_INTERESTED HttpConnection@6150fb4b{FILLING_FILL_INTERESTED}
      
15:06:48.253 [qtp1105322512-38] DEBUG o.e.jetty.io.AbstractConnection
       - FILLING_FILL_INTERESTED--&amp;gt;FILL_INTERESTED HttpConnection@6150fb4b{FILL_INTERESTED}
      
15:06:48.253 [qtp1105322512-38] DEBUG o.e.jetty.io.SelectChannelEndPoint
       - Local interests updating 0 -&amp;gt; 1 for SelectChannelEndPoint@70d31f0b{/127.0.0.1:52048&amp;lt;-&amp;gt;8080,Open,in,out,R,-,0/60000,HttpConnection}{io=1,kio=0,kro=1}
      
15:06:48.253 [qtp1105322512-38] DEBUG org.eclipse.jetty.io.SelectorManager
       - Running change org.eclipse.jetty.io.SelectChannelEndPoint$1@9138b2d
      
15:06:48.253 [qtp1105322512-38] DEBUG o.e.jetty.io.SelectChannelEndPoint
       - Key interests updated 0 -&amp;gt; 1 on SelectChannelEndPoint@70d31f0b{/127.0.0.1:52048&amp;lt;-&amp;gt;8080,Open,in,out,R,-,0/60000,HttpConnection}{io=1,kio=1,kro=1}
      
15:06:48.253 [qtp1105322512-34-selector-ServerConnectorManager@1530c739/1]
       DEBUG org.eclipse.jetty.io.SelectorManager - Selector loop
       woken up from select, 0/1 selected
15:06:48.253 [qtp1105322512-34-selector-ServerConnectorManager@1530c739/1]
       DEBUG org.eclipse.jetty.io.SelectorManager - Selector loop
       waiting on select
15:06:48.256 [qtp1105322512-34-selector-ServerConnectorManager@1530c739/1]
       DEBUG org.eclipse.jetty.io.SelectorManager - Selector loop
       woken up from select, 1/1 selected
15:06:48.256 [qtp1105322512-34-selector-ServerConnectorManager@1530c739/1]
       DEBUG o.e.jetty.io.SelectChannelEndPoint - Key interests updated
       1 -&amp;gt; 0 on SelectChannelEndPoint@70d31f0b{/127.0.0.1:52048&amp;lt;-&amp;gt;8080,Open,in,out,R,-,3/60000,HttpConnection}{io=1,kio=0,kro=1}
      
15:06:48.256 [qtp1105322512-34-selector-ServerConnectorManager@1530c739/1]
       DEBUG o.e.jetty.io.SelectChannelEndPoint - Local interests
       updating 1 -&amp;gt; 0 for SelectChannelEndPoint@70d31f0b{/127.0.0.1:52048&amp;lt;-&amp;gt;8080,Open,in,out,R,-,3/60000,HttpConnection}{io=0,kio=0,kro=1}
      
15:06:48.256 [qtp1105322512-34-selector-ServerConnectorManager@1530c739/1]
       DEBUG org.eclipse.jetty.io.SelectorManager - Running change
       org.eclipse.jetty.io.SelectChannelEndPoint$1@9138b2d
15:06:48.256
       [qtp1105322512-34-selector-ServerConnectorManager@1530c739/1]
       DEBUG o.e.jetty.io.AbstractConnection - FILL_INTERESTED--&amp;gt;FILLING
       HttpConnection@6150fb4b{FILLING}
15:06:48.256 [qtp1105322512-34-selector-ServerConnectorManager@1530c739/1]
       DEBUG org.eclipse.jetty.io.SelectorManager - Selector loop
       waiting on select
15:06:48.256 [qtp1105322512-39] DEBUG o.e.jetty.server.HttpConnection
       - HttpConnection@6150fb4b{FILLING} onFillable HttpChannelState@a2c7b3e{s=IDLE
       i=true a=null}
15:06:48.256 [qtp1105322512-39] DEBUG org.eclipse.jetty.io.ChannelEndPoint
       - filled -1 SelectChannelEndPoint@70d31f0b{/127.0.0.1:52048&amp;lt;-&amp;gt;8080,Open,in,out,-,-,3/60000,HttpConnection}{io=0,kio=0,kro=1}
      
15:06:48.257 [qtp1105322512-39] DEBUG org.eclipse.jetty.io.ChannelEndPoint
       - ishut SelectChannelEndPoint@70d31f0b{/127.0.0.1:52048&amp;lt;-&amp;gt;8080,Open,in,out,-,-,3/60000,HttpConnection}{io=0,kio=0,kro=1}
      
15:06:48.257 [qtp1105322512-39] DEBUG org.eclipse.jetty.http.HttpParser
       - atEOF HttpParser{s=START,0 of -1}
15:06:48.257 [qtp1105322512-39]
       DEBUG org.eclipse.jetty.http.HttpParser - parseNext s=START
       HeapByteBuffer@ebf1dcfc[p=0,l=0,c=8192,r=0]={&amp;lt;&amp;lt;&amp;lt;&amp;gt;&amp;gt;&amp;gt;GET
       /base/sub HTT...\x00\x00\x00\x00\x00\x00\x00\x00\x00\x00\x00\x00\x00\x00\x00}
      
15:06:48.257 [qtp1105322512-39] DEBUG org.eclipse.jetty.http.HttpParser
       - START --&amp;gt; CLOSED
15:06:48.257 [qtp1105322512-39]
       DEBUG o.eclipse.jetty.io.AbstractEndPoint - onClose SelectChannelEndPoint@70d31f0b{/127.0.0.1:52048&amp;lt;-&amp;gt;8080,CLOSED,ISHUT,out,-,-,4/60000,HttpConnection}{io=0,kio=0,kro=1}
      
15:06:48.257 [qtp1105322512-39] DEBUG org.eclipse.jetty.io.ChannelEndPoint
       - close SelectChannelEndPoint@70d31f0b{/127.0.0.1:52048&amp;lt;-&amp;gt;8080,CLOSED,ISHUT,out,-,-,4/60000,HttpConnection}{io=0,kio=0,kro=1}
      
15:06:48.257 [qtp1105322512-39] DEBUG org.eclipse.jetty.io.SelectorManager
       - Destroyed SelectChannelEndPoint@70d31f0b{/127.0.0.1:52048&amp;lt;-&amp;gt;8080,CLOSED,ISHUT,OSHUT,-,-,4/60000,HttpConnection}{io=0,kio=-1,kro=-1}
      
15:06:48.257 [qtp1105322512-39] DEBUG o.e.jetty.io.AbstractConnection
       - onClose HttpConnection@6150fb4b{FILLING}
15:06:48.257 [qtp1105322512-39]
       DEBUG o.eclipse.jetty.io.AbstractEndPoint - onClose SelectChannelEndPoint@70d31f0b{/127.0.0.1:52048&amp;lt;-&amp;gt;8080,CLOSED,ISHUT,OSHUT,-,-,4/60000,HttpConnection}{io=0,kio=-1,kro=-1}
      
15:06:48.257 [qtp1105322512-39] DEBUG o.e.jetty.io.AbstractConnection
       - FILLING--&amp;gt;IDLE HttpConnection@6150fb4b{IDLE}
15:06:48.257
       [qtp1105322512-37-acceptor-0@59402b8f-ServerConnector@6892b3b6{HTTP/1.1}{0.0.0.0:8080}]
       DEBUG org.eclipse.jetty.io.SelectorManager - Queued change
       org.eclipse.jetty.io.SelectorManager$ManagedSelector$Accept@55bbcdb5
      
15:06:48.258 [qtp1105322512-33-selector-ServerConnectorManager@1530c739/0]
       DEBUG org.eclipse.jetty.io.SelectorManager - Selector loop
       woken up from select, 0/0 selected
15:06:48.258 [qtp1105322512-33-selector-ServerConnectorManager@1530c739/0]
       DEBUG org.eclipse.jetty.io.SelectorManager - Running change
       org.eclipse.jetty.io.SelectorManager$ManagedSelector$Accept@55bbcdb5
      
15:06:48.258 [qtp1105322512-33-selector-ServerConnectorManager@1530c739/0]
       DEBUG o.eclipse.jetty.io.AbstractEndPoint - onOpen SelectChannelEndPoint@5b7ea87a{/127.0.0.1:52049&amp;lt;-&amp;gt;8080,Open,in,out,-,-,0/60000,null}{io=0,kio=0,kro=0}
      
15:06:48.258 [qtp1105322512-33-selector-ServerConnectorManager@1530c739/0]
       DEBUG org.eclipse.jetty.io.IdleTimeout - SelectChannelEndPoint@5b7ea87a{/127.0.0.1:52049&amp;lt;-&amp;gt;8080,Open,in,out,-,-,0/60000,null}{io=0,kio=0,kro=0}
       idle timeout check, elapsed: 0 ms, remaining: 60000 ms
15:06:48.258
       [qtp1105322512-33-selector-ServerConnectorManager@1530c739/0]
       DEBUG org.eclipse.jetty.server.HttpChannel - new HttpChannelOverHttp@7b670461{r=0,c=false,a=IDLE,uri=-}
       -&amp;gt; SelectChannelEndPoint@5b7ea87a{/127.0.0.1:52049&amp;lt;-&amp;gt;8080,Open,in,out,-,-,0/60000,null}{io=0,kio=0,kro=0},null,HttpChannelState@4679bbe8{s=IDLE
       i=true a=null}
15:06:48.258 [qtp1105322512-33-selector-ServerConnectorManager@1530c739/0]
       DEBUG o.e.jetty.server.HttpConnection - New HTTP Connection
       HttpConnection@472f9e4e{IDLE}
15:06:48.258 [qtp1105322512-33-selector-ServerConnectorManager@1530c739/0]
       DEBUG o.e.jetty.io.AbstractConnection - onOpen HttpConnection@472f9e4e{IDLE}
      
15:06:48.258 [qtp1105322512-33-selector-ServerConnectorManager@1530c739/0]
       DEBUG o.e.jetty.io.AbstractConnection - fillInterested HttpConnection@472f9e4e{IDLE}
      
15:06:48.258 [qtp1105322512-33-selector-ServerConnectorManager@1530c739/0]
       DEBUG o.e.jetty.io.AbstractConnection - IDLE--&amp;gt;FILL_INTERESTED
       HttpConnection@472f9e4e{FILL_INTERESTED}
15:06:48.258 [qtp1105322512-33-selector-ServerConnectorManager@1530c739/0]
       DEBUG o.e.jetty.io.SelectChannelEndPoint - Local interests
       updating 0 -&amp;gt; 1 for SelectChannelEndPoint@5b7ea87a{/127.0.0.1:52049&amp;lt;-&amp;gt;8080,Open,in,out,R,-,0/60000,HttpConnection}{io=1,kio=0,kro=0}
      
15:06:48.258 [qtp1105322512-33-selector-ServerConnectorManager@1530c739/0]
       DEBUG org.eclipse.jetty.io.SelectorManager - Running change
       org.eclipse.jetty.io.SelectChannelEndPoint$1@693cd3a9
15:06:48.259
       [qtp1105322512-33-selector-ServerConnectorManager@1530c739/0]
       DEBUG o.e.jetty.io.SelectChannelEndPoint - Key interests updated
       0 -&amp;gt; 1 on SelectChannelEndPoint@5b7ea87a{/127.0.0.1:52049&amp;lt;-&amp;gt;8080,Open,in,out,R,-,1/60000,HttpConnection}{io=1,kio=1,kro=0}
      
15:06:48.259 [qtp1105322512-33-selector-ServerConnectorManager@1530c739/0]
       DEBUG org.eclipse.jetty.io.SelectorManager - Created SelectChannelEndPoint@5b7ea87a{/127.0.0.1:52049&amp;lt;-&amp;gt;8080,Open,in,out,R,-,1/60000,HttpConnection}{io=1,kio=1,kro=0}
      
15:06:48.259 [qtp1105322512-33-selector-ServerConnectorManager@1530c739/0]
       DEBUG org.eclipse.jetty.io.SelectorManager - Selector loop
       waiting on select
15:06:48.259 [qtp1105322512-33-selector-ServerConnectorManager@1530c739/0]
       DEBUG org.eclipse.jetty.io.SelectorManager - Selector loop
       woken up from select, 1/1 selected
15:06:48.259 [qtp1105322512-33-selector-ServerConnectorManager@1530c739/0]
       DEBUG o.e.jetty.io.SelectChannelEndPoint - Key interests updated
       1 -&amp;gt; 0 on SelectChannelEndPoint@5b7ea87a{/127.0.0.1:52049&amp;lt;-&amp;gt;8080,Open,in,out,R,-,1/60000,HttpConnection}{io=1,kio=0,kro=1}
      
15:06:48.259 [qtp1105322512-33-selector-ServerConnectorManager@1530c739/0]
       DEBUG o.e.jetty.io.SelectChannelEndPoint - Local interests
       updating 1 -&amp;gt; 0 for SelectChannelEndPoint@5b7ea87a{/127.0.0.1:52049&amp;lt;-&amp;gt;8080,Open,in,out,R,-,1/60000,HttpConnection}{io=0,kio=0,kro=1}
      
15:06:48.259 [qtp1105322512-33-selector-ServerConnectorManager@1530c739/0]
       DEBUG org.eclipse.jetty.io.SelectorManager - Running change
       org.eclipse.jetty.io.SelectChannelEndPoint$1@693cd3a9
15:06:48.259
       [qtp1105322512-33-selector-ServerConnectorManager@1530c739/0]
       DEBUG o.e.jetty.io.AbstractConnection - FILL_INTERESTED--&amp;gt;FILLING
       HttpConnection@472f9e4e{FILLING}
15:06:48.259 [qtp1105322512-33-selector-ServerConnectorManager@1530c739/0]
       DEBUG org.eclipse.jetty.io.SelectorManager - Selector loop
       waiting on select
15:06:48.259 [qtp1105322512-35] DEBUG o.e.jetty.server.HttpConnection
       - HttpConnection@472f9e4e{FILLING} onFillable HttpChannelState@4679bbe8{s=IDLE
       i=true a=null}
15:06:48.259 [qtp1105322512-35] DEBUG org.eclipse.jetty.io.ChannelEndPoint
       - filled 157 SelectChannelEndPoint@5b7ea87a{/127.0.0.1:52049&amp;lt;-&amp;gt;8080,Open,in,out,-,-,1/60000,HttpConnection}{io=0,kio=0,kro=1}
      
15:06:48.259 [qtp1105322512-35] DEBUG org.eclipse.jetty.http.HttpParser
       - parseNext s=START HeapByteBuffer@f91d4a99[p=0,l=157,c=8192,r=157]={&amp;lt;&amp;lt;&amp;lt;GET
       /base HTTP/1.... keep-alive\r\n\r\n&amp;gt;&amp;gt;&amp;gt;\r\n\r\n\n\r\n\x00\x00\x00\x00\x00\x00\x00\x00\x00\x00...\x00\x00\x00\x00\x00\x00\x00\x00\x00\x00\x00\x00\x00\x00\x00}
      
15:06:48.259 [qtp1105322512-35] DEBUG org.eclipse.jetty.http.HttpParser
       - START --&amp;gt; SPACE1
15:06:48.259 [qtp1105322512-35]
       DEBUG org.eclipse.jetty.http.HttpParser - SPACE1 --&amp;gt;
       URI
15:06:48.260 [qtp1105322512-35] DEBUG org.eclipse.jetty.http.HttpParser
       - URI --&amp;gt; SPACE2
15:06:48.260 [qtp1105322512-35] DEBUG
       org.eclipse.jetty.http.HttpParser - SPACE2 --&amp;gt; REQUEST_VERSION
      
15:06:48.260 [qtp1105322512-35] DEBUG org.eclipse.jetty.http.HttpParser
       - REQUEST_VERSION --&amp;gt; HEADER
15:06:48.260 [qtp1105322512-35]
       DEBUG org.eclipse.jetty.http.HttpParser - HEADER --&amp;gt;
       HEADER_VALUE
15:06:48.260 [qtp1105322512-35] DEBUG org.eclipse.jetty.http.HttpParser
       - HEADER_VALUE --&amp;gt; HEADER_IN_VALUE
15:06:48.260 [qtp1105322512-35]
       DEBUG org.eclipse.jetty.http.HttpParser - HEADER_IN_VALUE
       --&amp;gt; HEADER
15:06:48.260 [qtp1105322512-35] DEBUG org.eclipse.jetty.http.HttpParser
       - HEADER --&amp;gt; HEADER_VALUE
15:06:48.260 [qtp1105322512-35]
       DEBUG org.eclipse.jetty.http.HttpParser - HEADER_VALUE --&amp;gt;
       HEADER_IN_VALUE
15:06:48.260 [qtp1105322512-35] DEBUG org.eclipse.jetty.http.HttpParser
       - HEADER_IN_VALUE --&amp;gt; HEADER
15:06:48.260 [qtp1105322512-35]
       DEBUG org.eclipse.jetty.http.HttpParser - HEADER --&amp;gt;
       HEADER_VALUE
15:06:48.260 [qtp1105322512-35] DEBUG org.eclipse.jetty.http.HttpParser
       - HEADER_VALUE --&amp;gt; HEADER_IN_VALUE
15:06:48.260 [qtp1105322512-35]
       DEBUG org.eclipse.jetty.http.HttpParser - HEADER_IN_VALUE
       --&amp;gt; HEADER
15:06:48.260 [qtp1105322512-35] DEBUG org.eclipse.jetty.http.HttpParser
       - HEADER --&amp;gt; HEADER_IN_VALUE
15:06:48.260 [qtp1105322512-35]
       DEBUG org.eclipse.jetty.http.HttpParser - HEADER_IN_VALUE
       --&amp;gt; HEADER
15:06:48.260 [qtp1105322512-35] DEBUG org.eclipse.jetty.http.HttpParser
       - HEADER --&amp;gt; END
15:06:48.260 [qtp1105322512-35] DEBUG
       org.eclipse.jetty.server.HttpChannel - HttpChannelOverHttp@7b670461{r=1,c=false,a=IDLE,uri=-}
       messageComplete
15:06:48.260 [qtp1105322512-35] DEBUG org.eclipse.jetty.server.HttpInput
       - HttpInputOverHTTP@957e428 EOF
15:06:48.260 [qtp1105322512-35]
       DEBUG org.eclipse.jetty.server.HttpChannel - HttpChannelOverHttp@7b670461{r=1,c=false,a=IDLE,uri=-}
       handle enter
15:06:48.260 [qtp1105322512-35 - /base] DEBUG
       o.e.jetty.server.HttpChannelState - HttpChannelState@4679bbe8{s=IDLE
       i=true a=null} handling IDLE
15:06:48.260 [qtp1105322512-35
       - /base] DEBUG org.eclipse.jetty.server.HttpChannel - HttpChannelOverHttp@7b670461{r=1,c=false,a=DISPATCHED,uri=/base}
       action REQUEST_DISPATCH
15:06:48.260 [qtp1105322512-35 -
       /base] DEBUG org.eclipse.jetty.server.Server - REQUEST GET
       /base on HttpChannelOverHttp@7b670461{r=1,c=false,a=DISPATCHED,uri=/base}
      
15:06:48.260 [qtp1105322512-35 - /base] DEBUG o.e.j.server.handler.ContextHandler
       - scope null||/base @ o.e.j.s.ServletContextHandler@6f46426d{/,null,AVAILABLE}
      
15:06:48.260 [qtp1105322512-35 - /base] DEBUG o.e.j.server.handler.ContextHandler
       - context=||/base @ o.e.j.s.ServletContextHandler@6f46426d{/,null,AVAILABLE}
      
15:06:48.260 [qtp1105322512-35 - /base] DEBUG org.eclipse.jetty.server.session
       - sessionManager=org.eclipse.jetty.server.session.HashSessionManager@32ee6fee
      
15:06:48.260 [qtp1105322512-35 - /base] DEBUG org.eclipse.jetty.server.session
       - session=null
15:06:48.260 [qtp1105322512-35 - /base] DEBUG
       o.e.jetty.servlet.ServletHandler - servlet ||/base -&amp;gt;
       org.apache.felix.http.base.internal.DispatcherServlet-4738a206@cebacce0==org.apache.felix.http.base.internal.DispatcherServlet,-1,true
      
15:06:48.260 [qtp1105322512-35 - /base] DEBUG o.e.jetty.servlet.ServletHandler
       - chain=null
15:06:48.272 [qtp1105322512-35 - /base] DEBUG
       o.e.jetty.server.HttpConnection - org.eclipse.jetty.server.HttpConnection$SendCallback@33e3b73c[PROCESSING][i=ResponseInfo{HTTP/1.1
       404 null,282,false},cb=org.eclipse.jetty.server.HttpChannel$CommitCallback@6ed297c1]
       generate: NEED_HEADER (null,[p=0,l=282,c=2048,r=282],true)@START
      
15:06:48.272 [qtp1105322512-35 - /base] DEBUG o.e.jetty.server.HttpConnection
       - org.eclipse.jetty.server.HttpConnection$SendCallback@33e3b73c[PROCESSING][i=ResponseInfo{HTTP/1.1
       404 null,282,false},cb=org.eclipse.jetty.server.HttpChannel$CommitCallback@6ed297c1]
       generate: FLUSH ([p=0,l=249,c=16384,r=249],[p=0,l=282,c=2048,r=282],true)@COMPLETING
      
15:06:48.273 [qtp1105322512-35 - /base] DEBUG org.eclipse.jetty.io.WriteFlusher
       - write: WriteFlusher@44665df4{IDLE} [HeapByteBuffer@4633a9c3[p=0,l=249,c=16384,r=249]={&amp;lt;&amp;lt;&amp;lt;HTTP/1.1
       404 Not ....v20150224)\r\n\r\n&amp;gt;&amp;gt;&amp;gt;y(9.2.9.v20150224...\x00\x00\x00\x00\x00\x00\x00\x00\x00\x00\x00\x00\x00\x00\x00},HeapByteBuffer@40c560e3[p=0,l=282,c=2048,r=282]={&amp;lt;&amp;lt;&amp;lt;&amp;lt;html&amp;gt;\n&amp;lt;head&amp;gt;\n&amp;lt;me.../body&amp;gt;\n&amp;lt;/html&amp;gt;\n&amp;gt;&amp;gt;&amp;gt;\x00\x00\x00\x00\x00\x00\x00\x00\x00\x00\x00\x00\x00\x00\x00\x00\x00...\x00\x00\x00\x00\x00\x00\x00\x00\x00\x00\x00\x00\x00\x00\x00}]
      
15:06:48.273 [qtp1105322512-35 - /base] DEBUG org.eclipse.jetty.io.WriteFlusher
       - update WriteFlusher@44665df4{WRITING}:IDLE--&amp;gt;WRITING
      
15:06:48.273 [qtp1105322512-35 - /base] DEBUG org.eclipse.jetty.io.ChannelEndPoint
       - flushed 531 SelectChannelEndPoint@5b7ea87a{/127.0.0.1:52049&amp;lt;-&amp;gt;8080,Open,in,out,-,W,14/60000,HttpConnection}{io=0,kio=0,kro=1}
      
15:06:48.273 [qtp1105322512-35 - /base] DEBUG org.eclipse.jetty.io.WriteFlusher
       - update WriteFlusher@44665df4{IDLE}:WRITING--&amp;gt;IDLE
      
15:06:48.273 [qtp1105322512-35 - /base] DEBUG o.e.jetty.server.HttpConnection
       - org.eclipse.jetty.server.HttpConnection$SendCallback@33e3b73c[PROCESSING][i=ResponseInfo{HTTP/1.1
       404 null,282,false},cb=org.eclipse.jetty.server.HttpChannel$CommitCallback@6ed297c1]
       generate: DONE ([p=249,l=249,c=16384,r=0],[p=282,l=282,c=2048,r=0],true)@END
      
15:06:48.273 [qtp1105322512-35 - /base] DEBUG org.eclipse.jetty.server.Server
       - RESPONSE /base  404 handled=true
15:06:48.273 [qtp1105322512-35
       - /base] DEBUG o.e.jetty.server.HttpChannelState - HttpChannelState@4679bbe8{s=DISPATCHED
       i=true a=null} unhandle DISPATCHED
15:06:48.273 [qtp1105322512-35
       - /base] DEBUG org.eclipse.jetty.http.HttpParser - reset HttpParser{s=END,0
       of 0}
15:06:48.273 [qtp1105322512-35 - /base] DEBUG org.eclipse.jetty.http.HttpParser
       - END --&amp;gt; START
15:06:48.273 [qtp1105322512-35] DEBUG
       org.eclipse.jetty.server.HttpChannel - HttpChannelOverHttp@7b670461{r=1,c=false,a=IDLE,uri=-}
       handle exit, result COMPLETE
15:06:48.273 [qtp1105322512-35]
       DEBUG org.eclipse.jetty.io.ChannelEndPoint - filled 0 SelectChannelEndPoint@5b7ea87a{/127.0.0.1:52049&amp;lt;-&amp;gt;8080,Open,in,out,-,-,0/60000,HttpConnection}{io=0,kio=0,kro=1}
      
15:06:48.273 [qtp1105322512-35] DEBUG org.eclipse.jetty.io.ChannelEndPoint
       - filled 0 SelectChannelEndPoint@5b7ea87a{/127.0.0.1:52049&amp;lt;-&amp;gt;8080,Open,in,out,-,-,0/60000,HttpConnection}{io=0,kio=0,kro=1}
      
15:06:48.273 [qtp1105322512-35] DEBUG org.eclipse.jetty.http.HttpParser
       - parseNext s=START HeapByteBuffer@ebf1dcfc[p=0,l=0,c=8192,r=0]={&amp;lt;&amp;lt;&amp;lt;&amp;gt;&amp;gt;&amp;gt;GET
       /base/sub HTT...\x00\x00\x00\x00\x00\x00\x00\x00\x00\x00\x00\x00\x00\x00\x00}
      
15:06:48.273 [qtp1105322512-35] DEBUG o.e.jetty.io.AbstractConnection
       - fillInterested HttpConnection@472f9e4e{FILLING}
15:06:48.273
       [qtp1105322512-35] DEBUG o.e.jetty.io.AbstractConnection -
       FILLING--&amp;gt;FILLING_FILL_INTERESTED HttpConnection@472f9e4e{FILLING_FILL_INTERESTED}
      
15:06:48.274 [qtp1105322512-35] DEBUG o.e.jetty.io.AbstractConnection
       - FILLING_FILL_INTERESTED--&amp;gt;FILL_INTERESTED HttpConnection@472f9e4e{FILL_INTERESTED}
      
15:06:48.274 [qtp1105322512-35] DEBUG o.e.jetty.io.SelectChannelEndPoint
       - Local interests updating 0 -&amp;gt; 1 for SelectChannelEndPoint@5b7ea87a{/127.0.0.1:52049&amp;lt;-&amp;gt;8080,Open,in,out,R,-,0/60000,HttpConnection}{io=1,kio=0,kro=1}
      
15:06:48.274 [qtp1105322512-35] DEBUG org.eclipse.jetty.io.SelectorManager
       - Running change org.eclipse.jetty.io.SelectChannelEndPoint$1@693cd3a9
      
15:06:48.274 [qtp1105322512-35] DEBUG o.e.jetty.io.SelectChannelEndPoint
       - Key interests updated 0 -&amp;gt; 1 on SelectChannelEndPoint@5b7ea87a{/127.0.0.1:52049&amp;lt;-&amp;gt;8080,Open,in,out,R,-,0/60000,HttpConnection}{io=1,kio=1,kro=1}
      
15:06:48.287 [qtp1105322512-37-acceptor-0@59402b8f-ServerConnector@6892b3b6{HTTP/1.1}{0.0.0.0:8080}]
       DEBUG org.eclipse.jetty.io.SelectorManager - Queued change
       org.eclipse.jetty.io.SelectorManager$ManagedSelector$Accept@1a08fe1a
      
15:06:48.287 [qtp1105322512-33-selector-ServerConnectorManager@1530c739/0]
       DEBUG org.eclipse.jetty.io.SelectorManager - Selector loop
       woken up from select, 0/1 selected
15:06:48.287 [qtp1105322512-33-selector-ServerConnectorManager@1530c739/0]
       DEBUG org.eclipse.jetty.io.SelectorManager - Selector loop
       waiting on select
15:06:48.288 [qtp1105322512-33-selector-ServerConnectorManager@1530c739/0]
       DEBUG org.eclipse.jetty.io.SelectorManager - Selector loop
       woken up from select, 1/1 selected
15:06:48.288 [qtp1105322512-33-selector-ServerConnectorManager@1530c739/0]
       DEBUG o.e.jetty.io.SelectChannelEndPoint - Key interests updated
       1 -&amp;gt; 0 on SelectChannelEndPoint@5b7ea87a{/127.0.0.1:52049&amp;lt;-&amp;gt;8080,Open,in,out,R,-,14/60000,HttpConnection}{io=1,kio=0,kro=1}
      
15:06:48.288 [qtp1105322512-33-selector-ServerConnectorManager@1530c739/0]
       DEBUG o.e.jetty.io.SelectChannelEndPoint - Local interests
       updating 1 -&amp;gt; 0 for SelectChannelEndPoint@5b7ea87a{/127.0.0.1:52049&amp;lt;-&amp;gt;8080,Open,in,out,R,-,14/60000,HttpConnection}{io=0,kio=0,kro=1}
      
15:06:48.288 [qtp1105322512-33-selector-ServerConnectorManager@1530c739/0]
       DEBUG org.eclipse.jetty.io.SelectorManager - Running change
       org.eclipse.jetty.io.SelectChannelEndPoint$1@693cd3a9
15:06:48.288
       [qtp1105322512-33-selector-ServerConnectorManager@1530c739/0]
       DEBUG o.e.jetty.io.AbstractConnection - FILL_INTERESTED--&amp;gt;FILLING
       HttpConnection@472f9e4e{FILLING}
15:06:48.288 [qtp1105322512-33-selector-ServerConnectorManager@1530c739/0]
       DEBUG org.eclipse.jetty.io.SelectorManager - Selector loop
       waiting on select
15:06:48.289 [qtp1105322512-34-selector-ServerConnectorManager@1530c739/1]
       DEBUG org.eclipse.jetty.io.SelectorManager - Selector loop
       woken up from select, 0/0 selected
15:06:48.289 [qtp1105322512-34-selector-ServerConnectorManager@1530c739/1]
       DEBUG org.eclipse.jetty.io.SelectorManager - Running change
       org.eclipse.jetty.io.SelectorManager$ManagedSelector$Accept@1a08fe1a
      
15:06:48.290 [qtp1105322512-34-selector-ServerConnectorManager@1530c739/1]
       DEBUG o.eclipse.jetty.io.AbstractEndPoint - onOpen SelectChannelEndPoint@76e766d{/127.0.0.1:52050&amp;lt;-&amp;gt;8080,Open,in,out,-,-,0/60000,null}{io=0,kio=0,kro=0}
      
15:06:48.290 [qtp1105322512-34-selector-ServerConnectorManager@1530c739/1]
       DEBUG org.eclipse.jetty.io.IdleTimeout - SelectChannelEndPoint@76e766d{/127.0.0.1:52050&amp;lt;-&amp;gt;8080,Open,in,out,-,-,0/60000,null}{io=0,kio=0,kro=0}
       idle timeout check, elapsed: 0 ms, remaining: 60000 ms
15:06:48.290
       [qtp1105322512-34-selector-ServerConnectorManager@1530c739/1]
       DEBUG org.eclipse.jetty.server.HttpChannel - new HttpChannelOverHttp@61824f68{r=0,c=false,a=IDLE,uri=-}
       -&amp;gt; SelectChannelEndPoint@76e766d{/127.0.0.1:52050&amp;lt;-&amp;gt;8080,Open,in,out,-,-,0/60000,null}{io=0,kio=0,kro=0},null,HttpChannelState@74ddfa96{s=IDLE
       i=true a=null}
15:06:48.290 [qtp1105322512-34-selector-ServerConnectorManager@1530c739/1]
       DEBUG o.e.jetty.server.HttpConnection - New HTTP Connection
       HttpConnection@a790bae{IDLE}
15:06:48.290 [qtp1105322512-34-selector-ServerConnectorManager@1530c739/1]
       DEBUG o.e.jetty.io.AbstractConnection - onOpen HttpConnection@a790bae{IDLE}
      
15:06:48.290 [qtp1105322512-34-selector-ServerConnectorManager@1530c739/1]
       DEBUG o.e.jetty.io.AbstractConnection - fillInterested HttpConnection@a790bae{IDLE}
      
15:06:48.290 [qtp1105322512-32] DEBUG o.e.jetty.server.HttpConnection
       - HttpConnection@472f9e4e{FILLING} onFillable HttpChannelState@4679bbe8{s=IDLE
       i=true a=null}
15:06:48.290 [qtp1105322512-34-selector-ServerConnectorManager@1530c739/1]
       DEBUG o.e.jetty.io.AbstractConnection - IDLE--&amp;gt;FILL_INTERESTED
       HttpConnection@a790bae{FILL_INTERESTED}
15:06:48.290 [qtp1105322512-32]
       DEBUG org.eclipse.jetty.io.ChannelEndPoint - filled -1 SelectChannelEndPoint@5b7ea87a{/127.0.0.1:52049&amp;lt;-&amp;gt;8080,Open,in,out,-,-,16/60000,HttpConnection}{io=0,kio=0,kro=1}
      
15:06:48.290 [qtp1105322512-34-selector-ServerConnectorManager@1530c739/1]
       DEBUG o.e.jetty.io.SelectChannelEndPoint - Local interests
       updating 0 -&amp;gt; 1 for SelectChannelEndPoint@76e766d{/127.0.0.1:52050&amp;lt;-&amp;gt;8080,Open,in,out,R,-,0/60000,HttpConnection}{io=1,kio=0,kro=0}
      
15:06:48.290 [qtp1105322512-32] DEBUG org.eclipse.jetty.io.ChannelEndPoint
       - ishut SelectChannelEndPoint@5b7ea87a{/127.0.0.1:52049&amp;lt;-&amp;gt;8080,Open,in,out,-,-,16/60000,HttpConnection}{io=0,kio=0,kro=1}
      
15:06:48.290 [qtp1105322512-34-selector-ServerConnectorManager@1530c739/1]
       DEBUG org.eclipse.jetty.io.SelectorManager - Running change
       org.eclipse.jetty.io.SelectChannelEndPoint$1@7e50c992
15:06:48.290
       [qtp1105322512-32] DEBUG org.eclipse.jetty.http.HttpParser
       - atEOF HttpParser{s=START,0 of -1}
15:06:48.290 [qtp1105322512-34-selector-ServerConnectorManager@1530c739/1]
       DEBUG o.e.jetty.io.SelectChannelEndPoint - Key interests updated
       0 -&amp;gt; 1 on SelectChannelEndPoint@76e766d{/127.0.0.1:52050&amp;lt;-&amp;gt;8080,Open,in,out,R,-,0/60000,HttpConnection}{io=1,kio=1,kro=0}
      
15:06:48.290 [qtp1105322512-32] DEBUG org.eclipse.jetty.http.HttpParser
       - parseNext s=START HeapByteBuffer@f91d4a99[p=0,l=0,c=8192,r=0]={&amp;lt;&amp;lt;&amp;lt;&amp;gt;&amp;gt;&amp;gt;GET
       /base HTTP/1....\x00\x00\x00\x00\x00\x00\x00\x00\x00\x00\x00\x00\x00\x00\x00}
      
15:06:48.290 [qtp1105322512-34-selector-ServerConnectorManager@1530c739/1]
       DEBUG org.eclipse.jetty.io.SelectorManager - Created SelectChannelEndPoint@76e766d{/127.0.0.1:52050&amp;lt;-&amp;gt;8080,Open,in,out,R,-,0/60000,HttpConnection}{io=1,kio=1,kro=0}
      
15:06:48.290 [qtp1105322512-32] DEBUG org.eclipse.jetty.http.HttpParser
       - START --&amp;gt; CLOSED
15:06:48.290 [qtp1105322512-34-selector-ServerConnectorManager@1530c739/1]
       DEBUG org.eclipse.jetty.io.SelectorManager - Selector loop
       waiting on select
15:06:48.291 [qtp1105322512-32] DEBUG o.eclipse.jetty.io.AbstractEndPoint
       - onClose SelectChannelEndPoint@5b7ea87a{/127.0.0.1:52049&amp;lt;-&amp;gt;8080,CLOSED,ISHUT,out,-,-,17/60000,HttpConnection}{io=0,kio=0,kro=1}
      
15:06:48.291 [qtp1105322512-34-selector-ServerConnectorManager@1530c739/1]
       DEBUG org.eclipse.jetty.io.SelectorManager - Selector loop
       woken up from select, 1/1 selected
15:06:48.291 [qtp1105322512-32]
       DEBUG org.eclipse.jetty.io.ChannelEndPoint - close SelectChannelEndPoint@5b7ea87a{/127.0.0.1:52049&amp;lt;-&amp;gt;8080,CLOSED,ISHUT,out,-,-,17/60000,HttpConnection}{io=0,kio=0,kro=1}
      
15:06:48.291 [qtp1105322512-34-selector-ServerConnectorManager@1530c739/1]
       DEBUG o.e.jetty.io.SelectChannelEndPoint - Key interests updated
       1 -&amp;gt; 0 on SelectChannelEndPoint@76e766d{/127.0.0.1:52050&amp;lt;-&amp;gt;8080,Open,in,out,R,-,1/60000,HttpConnection}{io=1,kio=0,kro=1}
      
15:06:48.291 [qtp1105322512-32] DEBUG org.eclipse.jetty.io.SelectorManager
       - Destroyed SelectChannelEndPoint@5b7ea87a{/127.0.0.1:52049&amp;lt;-&amp;gt;8080,CLOSED,ISHUT,OSHUT,-,-,17/60000,HttpConnection}{io=0,kio=-1,kro=-1}
      
15:06:48.291 [qtp1105322512-34-selector-ServerConnectorManager@1530c739/1]
       DEBUG o.e.jetty.io.SelectChannelEndPoint - Local interests
       updating 1 -&amp;gt; 0 for SelectChannelEndPoint@76e766d{/127.0.0.1:52050&amp;lt;-&amp;gt;8080,Open,in,out,R,-,1/60000,HttpConnection}{io=0,kio=0,kro=1}
      
15:06:48.291 [qtp1105322512-32] DEBUG o.e.jetty.io.AbstractConnection
       - onClose HttpConnection@472f9e4e{FILLING}
15:06:48.291 [qtp1105322512-34-selector-ServerConnectorManager@1530c739/1]
       DEBUG org.eclipse.jetty.io.SelectorManager - Running change
       org.eclipse.jetty.io.SelectChannelEndPoint$1@7e50c992
15:06:48.291
       [qtp1105322512-32] DEBUG o.eclipse.jetty.io.AbstractEndPoint
       - onClose SelectChannelEndPoint@5b7ea87a{/127.0.0.1:52049&amp;lt;-&amp;gt;8080,CLOSED,ISHUT,OSHUT,-,-,17/60000,HttpConnection}{io=0,kio=-1,kro=-1}
      
15:06:48.291 [qtp1105322512-34-selector-ServerConnectorManager@1530c739/1]
       DEBUG o.e.jetty.io.AbstractConnection - FILL_INTERESTED--&amp;gt;FILLING
       HttpConnection@a790bae{FILLING}
15:06:48.291 [qtp1105322512-32]
       DEBUG o.e.jetty.io.AbstractConnection - FILLING--&amp;gt;IDLE
       HttpConnection@472f9e4e{IDLE}
15:06:48.292 [qtp1105322512-34-selector-ServerConnectorManager@1530c739/1]
       DEBUG org.eclipse.jetty.io.SelectorManager - Selector loop
       waiting on select
15:06:48.292 [qtp1105322512-32] DEBUG o.e.jetty.server.HttpConnection
       - HttpConnection@a790bae{FILLING} onFillable HttpChannelState@74ddfa96{s=IDLE
       i=true a=null}
15:06:48.292 [qtp1105322512-32] DEBUG org.eclipse.jetty.io.ChannelEndPoint
       - filled 161 SelectChannelEndPoint@76e766d{/127.0.0.1:52050&amp;lt;-&amp;gt;8080,Open,in,out,-,-,2/60000,HttpConnection}{io=0,kio=0,kro=1}
      
15:06:48.292 [qtp1105322512-32] DEBUG org.eclipse.jetty.http.HttpParser
       - parseNext s=START HeapByteBuffer@ebf1dcfc[p=0,l=161,c=8192,r=161]={&amp;lt;&amp;lt;&amp;lt;GET
       /base/sub HTT... keep-alive\r\n\r\n&amp;gt;&amp;gt;&amp;gt;\n\r\n\r\n\r\n\x00\x00\x00\x00\x00\x00\x00\x00\x00\x00...\x00\x00\x00\x00\x00\x00\x00\x00\x00\x00\x00\x00\x00\x00\x00}
      
15:06:48.292 [qtp1105322512-32] DEBUG org.eclipse.jetty.http.HttpParser
       - START --&amp;gt; SPACE1
15:06:48.292 [qtp1105322512-32]
       DEBUG org.eclipse.jetty.http.HttpParser - SPACE1 --&amp;gt;
       URI
15:06:48.292 [qtp1105322512-32] DEBUG org.eclipse.jetty.http.HttpParser
       - URI --&amp;gt; SPACE2
15:06:48.292 [qtp1105322512-32] DEBUG
       org.eclipse.jetty.http.HttpParser - SPACE2 --&amp;gt; REQUEST_VERSION
      
15:06:48.292 [qtp1105322512-32] DEBUG org.eclipse.jetty.http.HttpParser
       - REQUEST_VERSION --&amp;gt; HEADER
15:06:48.292 [qtp1105322512-32]
       DEBUG org.eclipse.jetty.http.HttpParser - HEADER --&amp;gt;
       HEADER_VALUE
15:06:48.292 [qtp1105322512-32] DEBUG org.eclipse.jetty.http.HttpParser
       - HEADER_VALUE --&amp;gt; HEADER_IN_VALUE
15:06:48.292 [qtp1105322512-32]
       DEBUG org.eclipse.jetty.http.HttpParser - HEADER_IN_VALUE
       --&amp;gt; HEADER
15:06:48.292 [qtp1105322512-32] DEBUG org.eclipse.jetty.http.HttpParser
       - HEADER --&amp;gt; HEADER_VALUE
15:06:48.292 [qtp1105322512-32]
       DEBUG org.eclipse.jetty.http.HttpParser - HEADER_VALUE --&amp;gt;
       HEADER_IN_VALUE
15:06:48.292 [qtp1105322512-32] DEBUG org.eclipse.jetty.http.HttpParser
       - HEADER_IN_VALUE --&amp;gt; HEADER
15:06:48.292 [qtp1105322512-32]
       DEBUG org.eclipse.jetty.http.HttpParser - HEADER --&amp;gt;
       HEADER_VALUE
15:06:48.292 [qtp1105322512-32] DEBUG org.eclipse.jetty.http.HttpParser
       - HEADER_VALUE --&amp;gt; HEADER_IN_VALUE
15:06:48.292 [qtp1105322512-32]
       DEBUG org.eclipse.jetty.http.HttpParser - HEADER_IN_VALUE
       --&amp;gt; HEADER
15:06:48.292 [qtp1105322512-32] DEBUG org.eclipse.jetty.http.HttpParser
       - HEADER --&amp;gt; HEADER_IN_VALUE
15:06:48.292 [qtp1105322512-32]
       DEBUG org.eclipse.jetty.http.HttpParser - HEADER_IN_VALUE
       --&amp;gt; HEADER
15:06:48.292 [qtp1105322512-32] DEBUG org.eclipse.jetty.http.HttpParser
       - HEADER --&amp;gt; END
15:06:48.292 [qtp1105322512-32] DEBUG
       org.eclipse.jetty.server.HttpChannel - HttpChannelOverHttp@61824f68{r=1,c=false,a=IDLE,uri=-}
       messageComplete
15:06:48.293 [qtp1105322512-32] DEBUG org.eclipse.jetty.server.HttpInput
       - HttpInputOverHTTP@503d34a8 EOF
15:06:48.293 [qtp1105322512-32]
       DEBUG org.eclipse.jetty.server.HttpChannel - HttpChannelOverHttp@61824f68{r=1,c=false,a=IDLE,uri=-}
       handle enter
15:06:48.293 [qtp1105322512-32 - /base/sub]
       DEBUG o.e.jetty.server.HttpChannelState - HttpChannelState@74ddfa96{s=IDLE
       i=true a=null} handling IDLE
15:06:48.293 [qtp1105322512-32
       - /base/sub] DEBUG org.eclipse.jetty.server.HttpChannel -
       HttpChannelOverHttp@61824f68{r=1,c=false,a=DISPATCHED,uri=/base/sub}
       action REQUEST_DISPATCH
15:06:48.293 [qtp1105322512-32 -
       /base/sub] DEBUG org.eclipse.jetty.server.Server - REQUEST
       GET /base/sub on HttpChannelOverHttp@61824f68{r=1,c=false,a=DISPATCHED,uri=/base/sub}
      
15:06:48.293 [qtp1105322512-32 - /base/sub] DEBUG o.e.j.server.handler.ContextHandler
       - scope null||/base/sub @ o.e.j.s.ServletContextHandler@6f46426d{/,null,AVAILABLE}
      
15:06:48.293 [qtp1105322512-32 - /base/sub] DEBUG o.e.j.server.handler.ContextHandler
       - context=||/base/sub @ o.e.j.s.ServletContextHandler@6f46426d{/,null,AVAILABLE}
      
15:06:48.293 [qtp1105322512-32 - /base/sub] DEBUG org.eclipse.jetty.server.session
       - sessionManager=org.eclipse.jetty.server.session.HashSessionManager@32ee6fee
      
15:06:48.293 [qtp1105322512-32 - /base/sub] DEBUG org.eclipse.jetty.server.session
       - session=null
15:06:48.293 [qtp1105322512-32 - /base/sub]
       DEBUG o.e.jetty.servlet.ServletHandler - servlet ||/base/sub
       -&amp;gt; org.apache.felix.http.base.internal.DispatcherServlet-4738a206@cebacce0==org.apache.felix.http.base.internal.DispatcherServlet,-1,true
      
15:06:48.293 [qtp1105322512-32 - /base/sub] DEBUG o.e.jetty.servlet.ServletHandler
       - chain=null
15:06:48.295 [qtp1105322512-32 - /base/sub]
       DEBUG o.e.jetty.server.HttpConnection - org.eclipse.jetty.server.HttpConnection$SendCallback@4fb37251[PROCESSING][i=ResponseInfo{HTTP/1.1
       200 null,-1,false},cb=org.eclipse.jetty.server.HttpChannel$CommitCallback@4c4705e3]
       generate: NEED_HEADER (null,[p=0,l=3,c=24576,r=3],false)@START
      
15:06:48.295 [qtp1105322512-32 - /base/sub] DEBUG o.e.jetty.server.HttpConnection
       - org.eclipse.jetty.server.HttpConnection$SendCallback@4fb37251[PROCESSING][i=ResponseInfo{HTTP/1.1
       200 null,-1,false},cb=org.eclipse.jetty.server.HttpChannel$CommitCallback@4c4705e3]
       generate: FLUSH ([p=0,l=182,c=16384,r=182],[p=0,l=3,c=24576,r=3],false)@COMMITTED
      
15:06:48.295 [qtp1105322512-32 - /base/sub] DEBUG org.eclipse.jetty.io.WriteFlusher
       - write: WriteFlusher@7566e0b7{IDLE} [HeapByteBuffer@982c8a4[p=0,l=182,c=16384,r=182]={&amp;lt;&amp;lt;&amp;lt;HTTP/1.1
       200 OK\r\n...0150224)\r\n\r\n3\r\n&amp;gt;&amp;gt;&amp;gt;r:
       Jetty(9.2.9.v2...\x00\x00\x00\x00\x00\x00\x00\x00\x00\x00\x00\x00\x00\x00\x00},HeapByteBuffer@4d773909[p=0,l=3,c=24576,r=3]={&amp;lt;&amp;lt;&amp;lt;sub&amp;gt;&amp;gt;&amp;gt;eo
       Worldello Worl...\x00\x00\x00\x00\x00\x00\x00\x00\x00\x00\x00\x00\x00\x00\x00}]
      
15:06:48.295 [qtp1105322512-32 - /base/sub] DEBUG org.eclipse.jetty.io.WriteFlusher
       - update WriteFlusher@7566e0b7{WRITING}:IDLE--&amp;gt;WRITING
      
15:06:48.295 [qtp1105322512-32 - /base/sub] DEBUG org.eclipse.jetty.io.ChannelEndPoint
       - flushed 185 SelectChannelEndPoint@76e766d{/127.0.0.1:52050&amp;lt;-&amp;gt;8080,Open,in,out,-,W,3/60000,HttpConnection}{io=0,kio=0,kro=1}
      
15:06:48.295 [qtp1105322512-32 - /base/sub] DEBUG org.eclipse.jetty.io.WriteFlusher
       - update WriteFlusher@7566e0b7{IDLE}:WRITING--&amp;gt;IDLE
      
15:06:48.295 [qtp1105322512-32 - /base/sub] DEBUG o.e.jetty.server.HttpConnection
       - org.eclipse.jetty.server.HttpConnection$SendCallback@4fb37251[PROCESSING][i=ResponseInfo{HTTP/1.1
       200 null,-1,false},cb=org.eclipse.jetty.server.HttpChannel$CommitCallback@4c4705e3]
       generate: DONE ([p=182,l=182,c=16384,r=0],[p=3,l=3,c=24576,r=0],false)@COMMITTED
      
15:06:48.296 [qtp1105322512-32 - /base/sub] DEBUG org.eclipse.jetty.server.Server
       - RESPONSE /base/sub  200 handled=true
15:06:48.296 [qtp1105322512-32
       - /base/sub] DEBUG o.e.jetty.server.HttpChannelState - HttpChannelState@74ddfa96{s=DISPATCHED
       i=true a=null} unhandle DISPATCHED
15:06:48.296 [qtp1105322512-32
       - /base/sub] DEBUG o.e.jetty.server.HttpConnection - org.eclipse.jetty.server.HttpConnection$SendCallback@4fb37251[PROCESSING][i=null,cb=Blocker@348a0f60{null}]
       generate: CONTINUE (null,[p=0,l=0,c=0,r=0],true)@COMPLETING
      
15:06:48.296 [qtp1105322512-32 - /base/sub] DEBUG o.e.jetty.server.HttpConnection
       - org.eclipse.jetty.server.HttpConnection$SendCallback@4fb37251[PROCESSING][i=null,cb=Blocker@348a0f60{null}]
       generate: NEED_CHUNK (null,[p=0,l=0,c=0,r=0],true)@COMPLETING
      
15:06:48.296 [qtp1105322512-32 - /base/sub] DEBUG o.e.jetty.server.HttpConnection
       - org.eclipse.jetty.server.HttpConnection$SendCallback@4fb37251[PROCESSING][i=null,cb=Blocker@348a0f60{null}]
       generate: FLUSH (null,[p=0,l=0,c=0,r=0],true)@COMPLETING
      
15:06:48.296 [qtp1105322512-32 - /base/sub] DEBUG org.eclipse.jetty.io.WriteFlusher
       - write: WriteFlusher@7566e0b7{IDLE} [HeapByteBuffer@6239c7f4[p=0,l=7,c=1024,r=7]={&amp;lt;&amp;lt;&amp;lt;\r\n0\r\n\r\n&amp;gt;&amp;gt;&amp;gt;\x00\x00\x00\x00\x00\x00\x00\x00\x00\x00\x00\x00\x00\x00\x00\x00\x00...\x00\x00\x00\x00\x00\x00\x00\x00\x00\x00\x00\x00\x00\x00\x00}]
      
15:06:48.296 [qtp1105322512-32 - /base/sub] DEBUG org.eclipse.jetty.io.WriteFlusher
       - update WriteFlusher@7566e0b7{WRITING}:IDLE--&amp;gt;WRITING
      
15:06:48.296 [qtp1105322512-32 - /base/sub] DEBUG org.eclipse.jetty.io.ChannelEndPoint
       - flushed 7 SelectChannelEndPoint@76e766d{/127.0.0.1:52050&amp;lt;-&amp;gt;8080,Open,in,out,-,W,1/60000,HttpConnection}{io=0,kio=0,kro=1}
      
15:06:48.296 [qtp1105322512-32 - /base/sub] DEBUG org.eclipse.jetty.io.WriteFlusher
       - update WriteFlusher@7566e0b7{IDLE}:WRITING--&amp;gt;IDLE
      
15:06:48.296 [qtp1105322512-32 - /base/sub] DEBUG o.e.jetty.server.HttpConnection
       - org.eclipse.jetty.server.HttpConnection$SendCallback@4fb37251[PROCESSING][i=null,cb=Blocker@348a0f60{null}]
       generate: DONE (null,[p=0,l=0,c=0,r=0],true)@END
15:06:48.297
       [qtp1105322512-32 - /base/sub] DEBUG org.eclipse.jetty.http.HttpParser
       - reset HttpParser{s=END,0 of 0}
15:06:48.297 [qtp1105322512-32
       - /base/sub] DEBUG org.eclipse.jetty.http.HttpParser - END
       --&amp;gt; START
15:06:48.297 [qtp1105322512-32] DEBUG org.eclipse.jetty.server.HttpChannel
       - HttpChannelOverHttp@61824f68{r=1,c=false,a=IDLE,uri=-} handle
       exit, result COMPLETE
15:06:48.297 [qtp1105322512-32] DEBUG
       org.eclipse.jetty.io.ChannelEndPoint - filled 0 SelectChannelEndPoint@76e766d{/127.0.0.1:52050&amp;lt;-&amp;gt;8080,Open,in,out,-,-,1/60000,HttpConnection}{io=0,kio=0,kro=1}
      
15:06:48.297 [qtp1105322512-32] DEBUG org.eclipse.jetty.io.ChannelEndPoint
       - filled 0 SelectChannelEndPoint@76e766d{/127.0.0.1:52050&amp;lt;-&amp;gt;8080,Open,in,out,-,-,1/60000,HttpConnection}{io=0,kio=0,kro=1}
      
15:06:48.297 [qtp1105322512-32] DEBUG org.eclipse.jetty.http.HttpParser
       - parseNext s=START HeapByteBuffer@f91d4a99[p=0,l=0,c=8192,r=0]={&amp;lt;&amp;lt;&amp;lt;&amp;gt;&amp;gt;&amp;gt;GET
       /base HTTP/1....\x00\x00\x00\x00\x00\x00\x00\x00\x00\x00\x00\x00\x00\x00\x00}
      
15:06:48.297 [qtp1105322512-32] DEBUG o.e.jetty.io.AbstractConnection
       - fillInterested HttpConnection@a790bae{FILLING}
15:06:48.297
       [qtp1105322512-32] DEBUG o.e.jetty.io.AbstractConnection -
       FILLING--&amp;gt;FILLING_FILL_INTERESTED HttpConnection@a790bae{FILLING_FILL_INTERESTED}
      
15:06:48.297 [qtp1105322512-32] DEBUG o.e.jetty.io.AbstractConnection
       - FILLING_FILL_INTERESTED--&amp;gt;FILL_INTERESTED HttpConnection@a790bae{FILL_INTERESTED}
      
15:06:48.297 [qtp1105322512-32] DEBUG o.e.jetty.io.SelectChannelEndPoint
       - Local interests updating 0 -&amp;gt; 1 for SelectChannelEndPoint@76e766d{/127.0.0.1:52050&amp;lt;-&amp;gt;8080,Open,in,out,R,-,0/60000,HttpConnection}{io=1,kio=0,kro=1}
      
15:06:48.297 [qtp1105322512-32] DEBUG org.eclipse.jetty.io.SelectorManager
       - Running change org.eclipse.jetty.io.SelectChannelEndPoint$1@7e50c992
      
15:06:48.297 [qtp1105322512-32] DEBUG o.e.jetty.io.SelectChannelEndPoint
       - Key interests updated 0 -&amp;gt; 1 on SelectChannelEndPoint@76e766d{/127.0.0.1:52050&amp;lt;-&amp;gt;8080,Open,in,out,R,-,0/60000,HttpConnection}{io=1,kio=1,kro=1}
      
15:06:48.298 [qtp1105322512-34-selector-ServerConnectorManager@1530c739/1]
       DEBUG org.eclipse.jetty.io.SelectorManager - Selector loop
       woken up from select, 0/1 selected
15:06:48.298 [qtp1105322512-34-selector-ServerConnectorManager@1530c739/1]
       DEBUG org.eclipse.jetty.io.SelectorManager - Selector loop
       waiting on select
15:06:48.336 [qtp1105322512-34-selector-ServerConnectorManager@1530c739/1]
       DEBUG org.eclipse.jetty.io.SelectorManager - Selector loop
       woken up from select, 1/1 selected
15:06:48.336 [qtp1105322512-34-selector-ServerConnectorManager@1530c739/1]
       DEBUG o.e.jetty.io.SelectChannelEndPoint - Key interests updated
       1 -&amp;gt; 0 on SelectChannelEndPoint@76e766d{/127.0.0.1:52050&amp;lt;-&amp;gt;8080,Open,in,out,R,-,39/60000,HttpConnection}{io=1,kio=0,kro=1}
      
15:06:48.336 [qtp1105322512-34-selector-ServerConnectorManager@1530c739/1]
       DEBUG o.e.jetty.io.SelectChannelEndPoint - Local interests
       updating 1 -&amp;gt; 0 for SelectChannelEndPoint@76e766d{/127.0.0.1:52050&amp;lt;-&amp;gt;8080,Open,in,out,R,-,39/60000,HttpConnection}{io=0,kio=0,kro=1}
      
15:06:48.336 [qtp1105322512-34-selector-ServerConnectorManager@1530c739/1]
       DEBUG org.eclipse.jetty.io.SelectorManager - Running change
       org.eclipse.jetty.io.SelectChannelEndPoint$1@7e50c992
15:06:48.336
       [qtp1105322512-34-selector-ServerConnectorManager@1530c739/1]
       DEBUG o.e.jetty.io.AbstractConnection - FILL_INTERESTED--&amp;gt;FILLING
       HttpConnection@a790bae{FILLING}
15:06:48.336 [qtp1105322512-34-selector-ServerConnectorManager@1530c739/1]
       DEBUG org.eclipse.jetty.io.SelectorManager - Selector loop
       waiting on select
15:06:48.337 [qtp1105322512-37-acceptor-0@59402b8f-ServerConnector@6892b3b6{HTTP/1.1}{0.0.0.0:8080}]
       DEBUG org.eclipse.jetty.io.SelectorManager - Queued change
       org.eclipse.jetty.io.SelectorManager$ManagedSelector$Accept@7902b936
      
15:06:48.337 [qtp1105322512-33-selector-ServerConnectorManager@1530c739/0]
       DEBUG org.eclipse.jetty.io.SelectorManager - Selector loop
       woken up from select, 0/0 selected
15:06:48.337 [qtp1105322512-33-selector-ServerConnectorManager@1530c739/0]
       DEBUG org.eclipse.jetty.io.SelectorManager - Running change
       org.eclipse.jetty.io.SelectorManager$ManagedSelector$Accept@7902b936
      
15:06:48.337 [qtp1105322512-33-selector-ServerConnectorManager@1530c739/0]
       DEBUG o.eclipse.jetty.io.AbstractEndPoint - onOpen SelectChannelEndPoint@2116dea7{/127.0.0.1:52051&amp;lt;-&amp;gt;8080,Open,in,out,-,-,0/60000,null}{io=0,kio=0,kro=0}
      
15:06:48.337 [qtp1105322512-33-selector-ServerConnectorManager@1530c739/0]
       DEBUG org.eclipse.jetty.io.IdleTimeout - SelectChannelEndPoint@2116dea7{/127.0.0.1:52051&amp;lt;-&amp;gt;8080,Open,in,out,-,-,0/60000,null}{io=0,kio=0,kro=0}
       idle timeout check, elapsed: 0 ms, remaining: 60000 ms
15:06:48.338
       [qtp1105322512-33-selector-ServerConnectorManager@1530c739/0]
       DEBUG org.eclipse.jetty.server.HttpChannel - new HttpChannelOverHttp@1af0f925{r=0,c=false,a=IDLE,uri=-}
       -&amp;gt; SelectChannelEndPoint@2116dea7{/127.0.0.1:52051&amp;lt;-&amp;gt;8080,Open,in,out,-,-,0/60000,null}{io=0,kio=0,kro=0},null,HttpChannelState@15ded049{s=IDLE
       i=true a=null}
15:06:48.338 [qtp1105322512-33-selector-ServerConnectorManager@1530c739/0]
       DEBUG o.e.jetty.server.HttpConnection - New HTTP Connection
       HttpConnection@63a4509f{IDLE}
15:06:48.338 [qtp1105322512-33-selector-ServerConnectorManager@1530c739/0]
       DEBUG o.e.jetty.io.AbstractConnection - onOpen HttpConnection@63a4509f{IDLE}
      
15:06:48.338 [qtp1105322512-33-selector-ServerConnectorManager@1530c739/0]
       DEBUG o.e.jetty.io.AbstractConnection - fillInterested HttpConnection@63a4509f{IDLE}
      
15:06:48.338 [qtp1105322512-33-selector-ServerConnectorManager@1530c739/0]
       DEBUG o.e.jetty.io.AbstractConnection - IDLE--&amp;gt;FILL_INTERESTED
       HttpConnection@63a4509f{FILL_INTERESTED}
15:06:48.338 [qtp1105322512-33-selector-ServerConnectorManager@1530c739/0]
       DEBUG o.e.jetty.io.SelectChannelEndPoint - Local interests
       updating 0 -&amp;gt; 1 for SelectChannelEndPoint@2116dea7{/127.0.0.1:52051&amp;lt;-&amp;gt;8080,Open,in,out,R,-,0/60000,HttpConnection}{io=1,kio=0,kro=0}
      
15:06:48.338 [qtp1105322512-33-selector-ServerConnectorManager@1530c739/0]
       DEBUG org.eclipse.jetty.io.SelectorManager - Running change
       org.eclipse.jetty.io.SelectChannelEndPoint$1@745059aa
15:06:48.338
       [qtp1105322512-33-selector-ServerConnectorManager@1530c739/0]
       DEBUG o.e.jetty.io.SelectChannelEndPoint - Key interests updated
       0 -&amp;gt; 1 on SelectChannelEndPoint@2116dea7{/127.0.0.1:52051&amp;lt;-&amp;gt;8080,Open,in,out,R,-,0/60000,HttpConnection}{io=1,kio=1,kro=0}
      
15:06:48.338 [qtp1105322512-33-selector-ServerConnectorManager@1530c739/0]
       DEBUG org.eclipse.jetty.io.SelectorManager - Created SelectChannelEndPoint@2116dea7{/127.0.0.1:52051&amp;lt;-&amp;gt;8080,Open,in,out,R,-,0/60000,HttpConnection}{io=1,kio=1,kro=0}
      
15:06:48.338 [qtp1105322512-33-selector-ServerConnectorManager@1530c739/0]
       DEBUG org.eclipse.jetty.io.SelectorManager - Selector loop
       waiting on select
15:06:48.338 [qtp1105322512-38] DEBUG o.e.jetty.server.HttpConnection
       - HttpConnection@a790bae{FILLING} onFillable HttpChannelState@74ddfa96{s=IDLE
       i=true a=null}
15:06:48.338 [qtp1105322512-33-selector-ServerConnectorManager@1530c739/0]
       DEBUG org.eclipse.jetty.io.SelectorManager - Selector loop
       woken up from select, 1/1 selected
15:06:48.338 [qtp1105322512-38]
       DEBUG org.eclipse.jetty.io.ChannelEndPoint - filled -1 SelectChannelEndPoint@76e766d{/127.0.0.1:52050&amp;lt;-&amp;gt;8080,Open,in,out,-,-,41/60000,HttpConnection}{io=0,kio=0,kro=1}
      
15:06:48.338 [qtp1105322512-33-selector-ServerConnectorManager@1530c739/0]
       DEBUG o.e.jetty.io.SelectChannelEndPoint - Key interests updated
       1 -&amp;gt; 0 on SelectChannelEndPoint@2116dea7{/127.0.0.1:52051&amp;lt;-&amp;gt;8080,Open,in,out,R,-,0/60000,HttpConnection}{io=1,kio=0,kro=1}
      
15:06:48.338 [qtp1105322512-38] DEBUG org.eclipse.jetty.io.ChannelEndPoint
       - ishut SelectChannelEndPoint@76e766d{/127.0.0.1:52050&amp;lt;-&amp;gt;8080,Open,in,out,-,-,41/60000,HttpConnection}{io=0,kio=0,kro=1}
      
15:06:48.338 [qtp1105322512-33-selector-ServerConnectorManager@1530c739/0]
       DEBUG o.e.jetty.io.SelectChannelEndPoint - Local interests
       updating 1 -&amp;gt; 0 for SelectChannelEndPoint@2116dea7{/127.0.0.1:52051&amp;lt;-&amp;gt;8080,Open,in,out,R,-,0/60000,HttpConnection}{io=0,kio=0,kro=1}
      
15:06:48.338 [qtp1105322512-33-selector-ServerConnectorManager@1530c739/0]
       DEBUG org.eclipse.jetty.io.SelectorManager - Running change
       org.eclipse.jetty.io.SelectChannelEndPoint$1@745059aa
15:06:48.338
       [qtp1105322512-38] DEBUG org.eclipse.jetty.http.HttpParser
       - atEOF HttpParser{s=START,0 of -1}
15:06:48.338 [qtp1105322512-33-selector-ServerConnectorManager@1530c739/0]
       DEBUG o.e.jetty.io.AbstractConnection - FILL_INTERESTED--&amp;gt;FILLING
       HttpConnection@63a4509f{FILLING}
15:06:48.338 [qtp1105322512-38]
       DEBUG org.eclipse.jetty.http.HttpParser - parseNext s=START
       HeapByteBuffer@ebf1dcfc[p=0,l=0,c=8192,r=0]={&amp;lt;&amp;lt;&amp;lt;&amp;gt;&amp;gt;&amp;gt;GET
       /base/sub HTT...\x00\x00\x00\x00\x00\x00\x00\x00\x00\x00\x00\x00\x00\x00\x00}
      
15:06:48.338 [qtp1105322512-33-selector-ServerConnectorManager@1530c739/0]
       DEBUG org.eclipse.jetty.io.SelectorManager - Selector loop
       waiting on select
15:06:48.339 [qtp1105322512-38] DEBUG org.eclipse.jetty.http.HttpParser
       - START --&amp;gt; CLOSED
15:06:48.339 [qtp1105322512-39]
       DEBUG o.e.jetty.server.HttpConnection - HttpConnection@63a4509f{FILLING}
       onFillable HttpChannelState@15ded049{s=IDLE i=true a=null}
      
15:06:48.339 [qtp1105322512-38] DEBUG o.eclipse.jetty.io.AbstractEndPoint
       - onClose SelectChannelEndPoint@76e766d{/127.0.0.1:52050&amp;lt;-&amp;gt;8080,CLOSED,ISHUT,out,-,-,42/60000,HttpConnection}{io=0,kio=0,kro=1}
      
15:06:48.339 [qtp1105322512-38] DEBUG org.eclipse.jetty.io.ChannelEndPoint
       - close SelectChannelEndPoint@76e766d{/127.0.0.1:52050&amp;lt;-&amp;gt;8080,CLOSED,ISHUT,out,-,-,42/60000,HttpConnection}{io=0,kio=0,kro=1}
      
15:06:48.339 [qtp1105322512-39] DEBUG org.eclipse.jetty.io.ChannelEndPoint
       - filled 157 SelectChannelEndPoint@2116dea7{/127.0.0.1:52051&amp;lt;-&amp;gt;8080,Open,in,out,-,-,1/60000,HttpConnection}{io=0,kio=0,kro=1}
      
15:06:48.339 [qtp1105322512-39] DEBUG org.eclipse.jetty.http.HttpParser
       - parseNext s=START HeapByteBuffer@f91d4a99[p=0,l=157,c=8192,r=157]={&amp;lt;&amp;lt;&amp;lt;GET
       /base HTTP/1.... keep-alive\r\n\r\n&amp;gt;&amp;gt;&amp;gt;\r\n\r\n\n\r\n\x00\x00\x00\x00\x00\x00\x00\x00\x00\x00...\x00\x00\x00\x00\x00\x00\x00\x00\x00\x00\x00\x00\x00\x00\x00}
      
15:06:48.339 [qtp1105322512-38] DEBUG org.eclipse.jetty.io.SelectorManager
       - Destroyed SelectChannelEndPoint@76e766d{/127.0.0.1:52050&amp;lt;-&amp;gt;8080,CLOSED,ISHUT,OSHUT,-,-,42/60000,HttpConnection}{io=0,kio=-1,kro=-1}
      
15:06:48.339 [qtp1105322512-39] DEBUG org.eclipse.jetty.http.HttpParser
       - START --&amp;gt; SPACE1
15:06:48.339 [qtp1105322512-38]
       DEBUG o.e.jetty.io.AbstractConnection - onClose HttpConnection@a790bae{FILLING}
      
15:06:48.339 [qtp1105322512-39] DEBUG org.eclipse.jetty.http.HttpParser
       - SPACE1 --&amp;gt; URI
15:06:48.339 [qtp1105322512-38] DEBUG
       o.eclipse.jetty.io.AbstractEndPoint - onClose SelectChannelEndPoint@76e766d{/127.0.0.1:52050&amp;lt;-&amp;gt;8080,CLOSED,ISHUT,OSHUT,-,-,42/60000,HttpConnection}{io=0,kio=-1,kro=-1}
      
15:06:48.339 [qtp1105322512-39] DEBUG org.eclipse.jetty.http.HttpParser
       - URI --&amp;gt; SPACE2
15:06:48.339 [qtp1105322512-38] DEBUG
       o.e.jetty.io.AbstractConnection - FILLING--&amp;gt;IDLE HttpConnection@a790bae{IDLE}
      
15:06:48.339 [qtp1105322512-39] DEBUG org.eclipse.jetty.http.HttpParser
       - SPACE2 --&amp;gt; REQUEST_VERSION
15:06:48.339 [qtp1105322512-39]
       DEBUG org.eclipse.jetty.http.HttpParser - REQUEST_VERSION
       --&amp;gt; HEADER
15:06:48.339 [qtp1105322512-39] DEBUG org.eclipse.jetty.http.HttpParser
       - HEADER --&amp;gt; HEADER_VALUE
15:06:48.339 [qtp1105322512-39]
       DEBUG org.eclipse.jetty.http.HttpParser - HEADER_VALUE --&amp;gt;
       HEADER_IN_VALUE
15:06:48.339 [qtp1105322512-39] DEBUG org.eclipse.jetty.http.HttpParser
       - HEADER_IN_VALUE --&amp;gt; HEADER
15:06:48.339 [qtp1105322512-39]
       DEBUG org.eclipse.jetty.http.HttpParser - HEADER --&amp;gt;
       HEADER_VALUE
15:06:48.339 [qtp1105322512-39] DEBUG org.eclipse.jetty.http.HttpParser
       - HEADER_VALUE --&amp;gt; HEADER_IN_VALUE
15:06:48.339 [qtp1105322512-39]
       DEBUG org.eclipse.jetty.http.HttpParser - HEADER_IN_VALUE
       --&amp;gt; HEADER
15:06:48.339 [qtp1105322512-39] DEBUG org.eclipse.jetty.http.HttpParser
       - HEADER --&amp;gt; HEADER_VALUE
15:06:48.339 [qtp1105322512-39]
       DEBUG org.eclipse.jetty.http.HttpParser - HEADER_VALUE --&amp;gt;
       HEADER_IN_VALUE
15:06:48.339 [qtp1105322512-39] DEBUG org.eclipse.jetty.http.HttpParser
       - HEADER_IN_VALUE --&amp;gt; HEADER
15:06:48.339 [qtp1105322512-39]
       DEBUG org.eclipse.jetty.http.HttpParser - HEADER --&amp;gt;
       HEADER_IN_VALUE
15:06:48.339 [qtp1105322512-39] DEBUG org.eclipse.jetty.http.HttpParser
       - HEADER_IN_VALUE --&amp;gt; HEADER
15:06:48.340 [qtp1105322512-39]
       DEBUG org.eclipse.jetty.http.HttpParser - HEADER --&amp;gt;
       END
15:06:48.340 [qtp1105322512-39] DEBUG org.eclipse.jetty.server.HttpChannel
       - HttpChannelOverHttp@1af0f925{r=1,c=false,a=IDLE,uri=-} messageComplete
      
15:06:48.340 [qtp1105322512-39] DEBUG org.eclipse.jetty.server.HttpInput
       - HttpInputOverHTTP@3d98c33c EOF
15:06:48.340 [qtp1105322512-39]
       DEBUG org.eclipse.jetty.server.HttpChannel - HttpChannelOverHttp@1af0f925{r=1,c=false,a=IDLE,uri=-}
       handle enter
15:06:48.340 [qtp1105322512-39 - /base] DEBUG
       o.e.jetty.server.HttpChannelState - HttpChannelState@15ded049{s=IDLE
       i=true a=null} handling IDLE
15:06:48.340 [qtp1105322512-39
       - /base] DEBUG org.eclipse.jetty.server.HttpChannel - HttpChannelOverHttp@1af0f925{r=1,c=false,a=DISPATCHED,uri=/base}
       action REQUEST_DISPATCH
15:06:48.340 [qtp1105322512-39 -
       /base] DEBUG org.eclipse.jetty.server.Server - REQUEST GET
       /base on HttpChannelOverHttp@1af0f925{r=1,c=false,a=DISPATCHED,uri=/base}
      
15:06:48.340 [qtp1105322512-39 - /base] DEBUG o.e.j.server.handler.ContextHandler
       - scope null||/base @ o.e.j.s.ServletContextHandler@6f46426d{/,null,AVAILABLE}
      
15:06:48.340 [qtp1105322512-39 - /base] DEBUG o.e.j.server.handler.ContextHandler
       - context=||/base @ o.e.j.s.ServletContextHandler@6f46426d{/,null,AVAILABLE}
      
15:06:48.340 [qtp1105322512-39 - /base] DEBUG org.eclipse.jetty.server.session
       - sessionManager=org.eclipse.jetty.server.session.HashSessionManager@32ee6fee
      
15:06:48.340 [qtp1105322512-39 - /base] DEBUG org.eclipse.jetty.server.session
       - session=null
15:06:48.340 [qtp1105322512-39 - /base] DEBUG
       o.e.jetty.servlet.ServletHandler - servlet ||/base -&amp;gt;
       org.apache.felix.http.base.internal.DispatcherServlet-4738a206@cebacce0==org.apache.felix.http.base.internal.DispatcherServlet,-1,true
      
15:06:48.340 [qtp1105322512-39 - /base] DEBUG o.e.jetty.servlet.ServletHandler
       - chain=null
15:06:48.352 [qtp1105322512-39 - /base] DEBUG
       o.e.jetty.server.HttpConnection - org.eclipse.jetty.server.HttpConnection$SendCallback@6b0dad29[PROCESSING][i=ResponseInfo{HTTP/1.1
       404 null,282,false},cb=org.eclipse.jetty.server.HttpChannel$CommitCallback@48a0c465]
       generate: NEED_HEADER (null,[p=0,l=282,c=2048,r=282],true)@START
      
15:06:48.352 [qtp1105322512-39 - /base] DEBUG o.e.jetty.server.HttpConnection
       - org.eclipse.jetty.server.HttpConnection$SendCallback@6b0dad29[PROCESSING][i=ResponseInfo{HTTP/1.1
       404 null,282,false},cb=org.eclipse.jetty.server.HttpChannel$CommitCallback@48a0c465]
       generate: FLUSH ([p=0,l=249,c=16384,r=249],[p=0,l=282,c=2048,r=282],true)@COMPLETING
      
15:06:48.352 [qtp1105322512-39 - /base] DEBUG org.eclipse.jetty.io.WriteFlusher
       - write: WriteFlusher@15db02d5{IDLE} [HeapByteBuffer@4633a9c3[p=0,l=249,c=16384,r=249]={&amp;lt;&amp;lt;&amp;lt;HTTP/1.1
       404 Not ....v20150224)\r\n\r\n&amp;gt;&amp;gt;&amp;gt;y(9.2.9.v20150224...\x00\x00\x00\x00\x00\x00\x00\x00\x00\x00\x00\x00\x00\x00\x00},HeapByteBuffer@40c560e3[p=0,l=282,c=2048,r=282]={&amp;lt;&amp;lt;&amp;lt;&amp;lt;html&amp;gt;\n&amp;lt;head&amp;gt;\n&amp;lt;me.../body&amp;gt;\n&amp;lt;/html&amp;gt;\n&amp;gt;&amp;gt;&amp;gt;\x00\x00\x00\x00\x00\x00\x00\x00\x00\x00\x00\x00\x00\x00\x00\x00\x00...\x00\x00\x00\x00\x00\x00\x00\x00\x00\x00\x00\x00\x00\x00\x00}]
      
15:06:48.352 [qtp1105322512-39 - /base] DEBUG org.eclipse.jetty.io.WriteFlusher
       - update WriteFlusher@15db02d5{WRITING}:IDLE--&amp;gt;WRITING
      
15:06:48.352 [qtp1105322512-39 - /base] DEBUG org.eclipse.jetty.io.ChannelEndPoint
       - flushed 531 SelectChannelEndPoint@2116dea7{/127.0.0.1:52051&amp;lt;-&amp;gt;8080,Open,in,out,-,W,13/60000,HttpConnection}{io=0,kio=0,kro=1}
      
15:06:48.352 [qtp1105322512-39 - /base] DEBUG org.eclipse.jetty.io.WriteFlusher
       - update WriteFlusher@15db02d5{IDLE}:WRITING--&amp;gt;IDLE
      
15:06:48.352 [qtp1105322512-39 - /base] DEBUG o.e.jetty.server.HttpConnection
       - org.eclipse.jetty.server.HttpConnection$SendCallback@6b0dad29[PROCESSING][i=ResponseInfo{HTTP/1.1
       404 null,282,false},cb=org.eclipse.jetty.server.HttpChannel$CommitCallback@48a0c465]
       generate: DONE ([p=249,l=249,c=16384,r=0],[p=282,l=282,c=2048,r=0],true)@END
      
15:06:48.353 [qtp1105322512-39 - /base] DEBUG org.eclipse.jetty.server.Server
       - RESPONSE /base  404 handled=true
15:06:48.353 [qtp1105322512-39
       - /base] DEBUG o.e.jetty.server.HttpChannelState - HttpChannelState@15ded049{s=DISPATCHED
       i=true a=null} unhandle DISPATCHED
15:06:48.353 [qtp1105322512-39
       - /base] DEBUG org.eclipse.jetty.http.HttpParser - reset HttpParser{s=END,0
       of 0}
15:06:48.353 [qtp1105322512-39 - /base] DEBUG org.eclipse.jetty.http.HttpParser
       - END --&amp;gt; START
15:06:48.353 [qtp1105322512-39] DEBUG
       org.eclipse.jetty.server.HttpChannel - HttpChannelOverHttp@1af0f925{r=1,c=false,a=IDLE,uri=-}
       handle exit, result COMPLETE
15:06:48.353 [qtp1105322512-39]
       DEBUG org.eclipse.jetty.io.ChannelEndPoint - filled 0 SelectChannelEndPoint@2116dea7{/127.0.0.1:52051&amp;lt;-&amp;gt;8080,Open,in,out,-,-,1/60000,HttpConnection}{io=0,kio=0,kro=1}
      
15:06:48.353 [qtp1105322512-39] DEBUG org.eclipse.jetty.io.ChannelEndPoint
       - filled 0 SelectChannelEndPoint@2116dea7{/127.0.0.1:52051&amp;lt;-&amp;gt;8080,Open,in,out,-,-,1/60000,HttpConnection}{io=0,kio=0,kro=1}
      
15:06:48.353 [qtp1105322512-39] DEBUG org.eclipse.jetty.http.HttpParser
       - parseNext s=START HeapByteBuffer@ebf1dcfc[p=0,l=0,c=8192,r=0]={&amp;lt;&amp;lt;&amp;lt;&amp;gt;&amp;gt;&amp;gt;GET
       /base/sub HTT...\x00\x00\x00\x00\x00\x00\x00\x00\x00\x00\x00\x00\x00\x00\x00}
      
15:06:48.353 [qtp1105322512-39] DEBUG o.e.jetty.io.AbstractConnection
       - fillInterested HttpConnection@63a4509f{FILLING}
15:06:48.353
       [qtp1105322512-39] DEBUG o.e.jetty.io.AbstractConnection -
       FILLING--&amp;gt;FILLING_FILL_INTERESTED HttpConnection@63a4509f{FILLING_FILL_INTERESTED}
      
15:06:48.353 [qtp1105322512-39] DEBUG o.e.jetty.io.AbstractConnection
       - FILLING_FILL_INTERESTED--&amp;gt;FILL_INTERESTED HttpConnection@63a4509f{FILL_INTERESTED}
      
15:06:48.353 [qtp1105322512-39] DEBUG o.e.jetty.io.SelectChannelEndPoint
       - Local interests updating 0 -&amp;gt; 1 for SelectChannelEndPoint@2116dea7{/127.0.0.1:52051&amp;lt;-&amp;gt;8080,Open,in,out,R,-,0/60000,HttpConnection}{io=1,kio=0,kro=1}
      
15:06:48.353 [qtp1105322512-39] DEBUG org.eclipse.jetty.io.SelectorManager
       - Running change org.eclipse.jetty.io.SelectChannelEndPoint$1@745059aa
      
15:06:48.353 [qtp1105322512-39] DEBUG o.e.jetty.io.SelectChannelEndPoint
       - Key interests updated 0 -&amp;gt; 1 on SelectChannelEndPoint@2116dea7{/127.0.0.1:52051&amp;lt;-&amp;gt;8080,Open,in,out,R,-,0/60000,HttpConnection}{io=1,kio=1,kro=1}
      
15:06:48.356 [qtp1105322512-37-acceptor-0@59402b8f-ServerConnector@6892b3b6{HTTP/1.1}{0.0.0.0:8080}]
       DEBUG org.eclipse.jetty.io.SelectorManager - Queued change
       org.eclipse.jetty.io.SelectorManager$ManagedSelector$Accept@1b678403
      
15:06:48.356 [qtp1105322512-33-selector-ServerConnectorManager@1530c739/0]
       DEBUG org.eclipse.jetty.io.SelectorManager - Selector loop
       woken up from select, 0/1 selected
15:06:48.356 [qtp1105322512-33-selector-ServerConnectorManager@1530c739/0]
       DEBUG org.eclipse.jetty.io.SelectorManager - Selector loop
       waiting on select
15:06:48.356 [qtp1105322512-33-selector-ServerConnectorManager@1530c739/0]
       DEBUG org.eclipse.jetty.io.SelectorManager - Selector loop
       woken up from select, 1/1 selected
15:06:48.356 [qtp1105322512-33-selector-ServerConnectorManager@1530c739/0]
       DEBUG o.e.jetty.io.SelectChannelEndPoint - Key interests updated
       1 -&amp;gt; 0 on SelectChannelEndPoint@2116dea7{/127.0.0.1:52051&amp;lt;-&amp;gt;8080,Open,in,out,R,-,3/60000,HttpConnection}{io=1,kio=0,kro=1}
      
15:06:48.356 [qtp1105322512-33-selector-ServerConnectorManager@1530c739/0]
       DEBUG o.e.jetty.io.SelectChannelEndPoint - Local interests
       updating 1 -&amp;gt; 0 for SelectChannelEndPoint@2116dea7{/127.0.0.1:52051&amp;lt;-&amp;gt;8080,Open,in,out,R,-,3/60000,HttpConnection}{io=0,kio=0,kro=1}
      
15:06:48.356 [qtp1105322512-33-selector-ServerConnectorManager@1530c739/0]
       DEBUG org.eclipse.jetty.io.SelectorManager - Running change
       org.eclipse.jetty.io.SelectChannelEndPoint$1@745059aa
15:06:48.356
       [qtp1105322512-33-selector-ServerConnectorManager@1530c739/0]
       DEBUG o.e.jetty.io.AbstractConnection - FILL_INTERESTED--&amp;gt;FILLING
       HttpConnection@63a4509f{FILLING}
15:06:48.356 [qtp1105322512-33-selector-ServerConnectorManager@1530c739/0]
       DEBUG org.eclipse.jetty.io.SelectorManager - Selector loop
       waiting on select
15:06:48.357 [qtp1105322512-34-selector-ServerConnectorManager@1530c739/1]
       DEBUG org.eclipse.jetty.io.SelectorManager - Selector loop
       woken up from select, 0/0 selected
15:06:48.357 [qtp1105322512-34-selector-ServerConnectorManager@1530c739/1]
       DEBUG org.eclipse.jetty.io.SelectorManager - Running change
       org.eclipse.jetty.io.SelectorManager$ManagedSelector$Accept@1b678403
      
15:06:48.357 [qtp1105322512-34-selector-ServerConnectorManager@1530c739/1]
       DEBUG o.eclipse.jetty.io.AbstractEndPoint - onOpen SelectChannelEndPoint@16486248{/127.0.0.1:52052&amp;lt;-&amp;gt;8080,Open,in,out,-,-,0/60000,null}{io=0,kio=0,kro=0}
      
15:06:48.357 [qtp1105322512-34-selector-ServerConnectorManager@1530c739/1]
       DEBUG org.eclipse.jetty.io.IdleTimeout - SelectChannelEndPoint@16486248{/127.0.0.1:52052&amp;lt;-&amp;gt;8080,Open,in,out,-,-,0/60000,null}{io=0,kio=0,kro=0}
       idle timeout check, elapsed: 0 ms, remaining: 60000 ms
15:06:48.357
       [qtp1105322512-34-selector-ServerConnectorManager@1530c739/1]
       DEBUG org.eclipse.jetty.server.HttpChannel - new HttpChannelOverHttp@54ae3f54{r=0,c=false,a=IDLE,uri=-}
       -&amp;gt; SelectChannelEndPoint@16486248{/127.0.0.1:52052&amp;lt;-&amp;gt;8080,Open,in,out,-,-,0/60000,null}{io=0,kio=0,kro=0},null,HttpChannelState@2cca600a{s=IDLE
       i=true a=null}
15:06:48.357 [qtp1105322512-34-selector-ServerConnectorManager@1530c739/1]
       DEBUG o.e.jetty.server.HttpConnection - New HTTP Connection
       HttpConnection@704df674{IDLE}
15:06:48.357 [qtp1105322512-34-selector-ServerConnectorManager@1530c739/1]
       DEBUG o.e.jetty.io.AbstractConnection - onOpen HttpConnection@704df674{IDLE}
      
15:06:48.357 [qtp1105322512-34-selector-ServerConnectorManager@1530c739/1]
       DEBUG o.e.jetty.io.AbstractConnection - fillInterested HttpConnection@704df674{IDLE}
      
15:06:48.357 [qtp1105322512-34-selector-ServerConnectorManager@1530c739/1]
       DEBUG o.e.jetty.io.AbstractConnection - IDLE--&amp;gt;FILL_INTERESTED
       HttpConnection@704df674{FILL_INTERESTED}
15:06:48.357 [qtp1105322512-34-selector-ServerConnectorManager@1530c739/1]
       DEBUG o.e.jetty.io.SelectChannelEndPoint - Local interests
       updating 0 -&amp;gt; 1 for SelectChannelEndPoint@16486248{/127.0.0.1:52052&amp;lt;-&amp;gt;8080,Open,in,out,R,-,0/60000,HttpConnection}{io=1,kio=0,kro=0}
      
15:06:48.357 [qtp1105322512-34-selector-ServerConnectorManager@1530c739/1]
       DEBUG org.eclipse.jetty.io.SelectorManager - Running change
       org.eclipse.jetty.io.SelectChannelEndPoint$1@25428017
15:06:48.357
       [qtp1105322512-34-selector-ServerConnectorManager@1530c739/1]
       DEBUG o.e.jetty.io.SelectChannelEndPoint - Key interests updated
       0 -&amp;gt; 1 on SelectChannelEndPoint@16486248{/127.0.0.1:52052&amp;lt;-&amp;gt;8080,Open,in,out,R,-,0/60000,HttpConnection}{io=1,kio=1,kro=0}
      
15:06:48.358 [qtp1105322512-34-selector-ServerConnectorManager@1530c739/1]
       DEBUG org.eclipse.jetty.io.SelectorManager - Created SelectChannelEndPoint@16486248{/127.0.0.1:52052&amp;lt;-&amp;gt;8080,Open,in,out,R,-,1/60000,HttpConnection}{io=1,kio=1,kro=0}
      
15:06:48.358 [qtp1105322512-34-selector-ServerConnectorManager@1530c739/1]
       DEBUG org.eclipse.jetty.io.SelectorManager - Selector loop
       waiting on select
15:06:48.358 [qtp1105322512-34-selector-ServerConnectorManager@1530c739/1]
       DEBUG org.eclipse.jetty.io.SelectorManager - Selector loop
       woken up from select, 1/1 selected
15:06:48.358 [qtp1105322512-34-selector-ServerConnectorManager@1530c739/1]
       DEBUG o.e.jetty.io.SelectChannelEndPoint - Key interests updated
       1 -&amp;gt; 0 on SelectChannelEndPoint@16486248{/127.0.0.1:52052&amp;lt;-&amp;gt;8080,Open,in,out,R,-,1/60000,HttpConnection}{io=1,kio=0,kro=1}
      
15:06:48.358 [qtp1105322512-34-selector-ServerConnectorManager@1530c739/1]
       DEBUG o.e.jetty.io.SelectChannelEndPoint - Local interests
       updating 1 -&amp;gt; 0 for SelectChannelEndPoint@16486248{/127.0.0.1:52052&amp;lt;-&amp;gt;8080,Open,in,out,R,-,1/60000,HttpConnection}{io=0,kio=0,kro=1}
      
15:06:48.358 [qtp1105322512-34-selector-ServerConnectorManager@1530c739/1]
       DEBUG org.eclipse.jetty.io.SelectorManager - Running change
       org.eclipse.jetty.io.SelectChannelEndPoint$1@25428017
15:06:48.358
       [qtp1105322512-34-selector-ServerConnectorManager@1530c739/1]
       DEBUG o.e.jetty.io.AbstractConnection - FILL_INTERESTED--&amp;gt;FILLING
       HttpConnection@704df674{FILLING}
15:06:48.358 [qtp1105322512-34-selector-ServerConnectorManager@1530c739/1]
       DEBUG org.eclipse.jetty.io.SelectorManager - Selector loop
       waiting on select
15:06:48.358 [qtp1105322512-35] DEBUG o.e.jetty.server.HttpConnection
       - HttpConnection@63a4509f{FILLING} onFillable HttpChannelState@15ded049{s=IDLE
       i=true a=null}
15:06:48.358 [qtp1105322512-35] DEBUG org.eclipse.jetty.io.ChannelEndPoint
       - filled -1 SelectChannelEndPoint@2116dea7{/127.0.0.1:52051&amp;lt;-&amp;gt;8080,Open,in,out,-,-,5/60000,HttpConnection}{io=0,kio=0,kro=1}
      
15:06:48.358 [qtp1105322512-35] DEBUG org.eclipse.jetty.io.ChannelEndPoint
       - ishut SelectChannelEndPoint@2116dea7{/127.0.0.1:52051&amp;lt;-&amp;gt;8080,Open,in,out,-,-,5/60000,HttpConnection}{io=0,kio=0,kro=1}
      
15:06:48.358 [qtp1105322512-35] DEBUG org.eclipse.jetty.http.HttpParser
       - atEOF HttpParser{s=START,0 of -1}
15:06:48.358 [qtp1105322512-35]
       DEBUG org.eclipse.jetty.http.HttpParser - parseNext s=START
       HeapByteBuffer@f91d4a99[p=0,l=0,c=8192,r=0]={&amp;lt;&amp;lt;&amp;lt;&amp;gt;&amp;gt;&amp;gt;GET
       /base HTTP/1....\x00\x00\x00\x00\x00\x00\x00\x00\x00\x00\x00\x00\x00\x00\x00}
      
15:06:48.358 [qtp1105322512-35] DEBUG org.eclipse.jetty.http.HttpParser
       - START --&amp;gt; CLOSED
15:06:48.359 [qtp1105322512-35]
       DEBUG o.eclipse.jetty.io.AbstractEndPoint - onClose SelectChannelEndPoint@2116dea7{/127.0.0.1:52051&amp;lt;-&amp;gt;8080,CLOSED,ISHUT,out,-,-,6/60000,HttpConnection}{io=0,kio=0,kro=1}
      
15:06:48.359 [qtp1105322512-35] DEBUG org.eclipse.jetty.io.ChannelEndPoint
       - close SelectChannelEndPoint@2116dea7{/127.0.0.1:52051&amp;lt;-&amp;gt;8080,CLOSED,ISHUT,out,-,-,6/60000,HttpConnection}{io=0,kio=0,kro=1}
      
15:06:48.359 [qtp1105322512-35] DEBUG org.eclipse.jetty.io.SelectorManager
       - Destroyed SelectChannelEndPoint@2116dea7{/127.0.0.1:52051&amp;lt;-&amp;gt;8080,CLOSED,ISHUT,OSHUT,-,-,6/60000,HttpConnection}{io=0,kio=-1,kro=-1}
      
15:06:48.359 [qtp1105322512-35] DEBUG o.e.jetty.io.AbstractConnection
       - onClose HttpConnection@63a4509f{FILLING}
15:06:48.359 [qtp1105322512-35]
       DEBUG o.eclipse.jetty.io.AbstractEndPoint - onClose SelectChannelEndPoint@2116dea7{/127.0.0.1:52051&amp;lt;-&amp;gt;8080,CLOSED,ISHUT,OSHUT,-,-,6/60000,HttpConnection}{io=0,kio=-1,kro=-1}
      
15:06:48.359 [qtp1105322512-35] DEBUG o.e.jetty.io.AbstractConnection
       - FILLING--&amp;gt;IDLE HttpConnection@63a4509f{IDLE}
15:06:48.359
       [qtp1105322512-35] DEBUG o.e.jetty.server.HttpConnection -
       HttpConnection@704df674{FILLING} onFillable HttpChannelState@2cca600a{s=IDLE
       i=true a=null}
15:06:48.359 [qtp1105322512-35] DEBUG org.eclipse.jetty.io.ChannelEndPoint
       - filled 161 SelectChannelEndPoint@16486248{/127.0.0.1:52052&amp;lt;-&amp;gt;8080,Open,in,out,-,-,2/60000,HttpConnection}{io=0,kio=0,kro=1}
      
15:06:48.359 [qtp1105322512-35] DEBUG org.eclipse.jetty.http.HttpParser
       - parseNext s=START HeapByteBuffer@ebf1dcfc[p=0,l=161,c=8192,r=161]={&amp;lt;&amp;lt;&amp;lt;GET
       /base/sub HTT... keep-alive\r\n\r\n&amp;gt;&amp;gt;&amp;gt;\n\r\n\r\n\r\n\x00\x00\x00\x00\x00\x00\x00\x00\x00\x00...\x00\x00\x00\x00\x00\x00\x00\x00\x00\x00\x00\x00\x00\x00\x00}
      
15:06:48.359 [qtp1105322512-35] DEBUG org.eclipse.jetty.http.HttpParser
       - START --&amp;gt; SPACE1
15:06:48.359 [qtp1105322512-35]
       DEBUG org.eclipse.jetty.http.HttpParser - SPACE1 --&amp;gt;
       URI
15:06:48.359 [qtp1105322512-35] DEBUG org.eclipse.jetty.http.HttpParser
       - URI --&amp;gt; SPACE2
15:06:48.359 [qtp1105322512-35] DEBUG
       org.eclipse.jetty.http.HttpParser - SPACE2 --&amp;gt; REQUEST_VERSION
      
15:06:48.359 [qtp1105322512-35] DEBUG org.eclipse.jetty.http.HttpParser
       - REQUEST_VERSION --&amp;gt; HEADER
15:06:48.359 [qtp1105322512-35]
       DEBUG org.eclipse.jetty.http.HttpParser - HEADER --&amp;gt;
       HEADER_VALUE
15:06:48.360 [qtp1105322512-35] DEBUG org.eclipse.jetty.http.HttpParser
       - HEADER_VALUE --&amp;gt; HEADER_IN_VALUE
15:06:48.360 [qtp1105322512-35]
       DEBUG org.eclipse.jetty.http.HttpParser - HEADER_IN_VALUE
       --&amp;gt; HEADER
15:06:48.360 [qtp1105322512-35] DEBUG org.eclipse.jetty.http.HttpParser
       - HEADER --&amp;gt; HEADER_VALUE
15:06:48.360 [qtp1105322512-35]
       DEBUG org.eclipse.jetty.http.HttpParser - HEADER_VALUE --&amp;gt;
       HEADER_IN_VALUE
15:06:48.360 [qtp1105322512-35] DEBUG org.eclipse.jetty.http.HttpParser
       - HEADER_IN_VALUE --&amp;gt; HEADER
15:06:48.360 [qtp1105322512-35]
       DEBUG org.eclipse.jetty.http.HttpParser - HEADER --&amp;gt;
       HEADER_VALUE
15:06:48.360 [qtp1105322512-35] DEBUG org.eclipse.jetty.http.HttpParser
       - HEADER_VALUE --&amp;gt; HEADER_IN_VALUE
15:06:48.360 [qtp1105322512-35]
       DEBUG org.eclipse.jetty.http.HttpParser - HEADER_IN_VALUE
       --&amp;gt; HEADER
15:06:48.360 [qtp1105322512-35] DEBUG org.eclipse.jetty.http.HttpParser
       - HEADER --&amp;gt; HEADER_IN_VALUE
15:06:48.360 [qtp1105322512-35]
       DEBUG org.eclipse.jetty.http.HttpParser - HEADER_IN_VALUE
       --&amp;gt; HEADER
15:06:48.360 [qtp1105322512-35] DEBUG org.eclipse.jetty.http.HttpParser
       - HEADER --&amp;gt; END
15:06:48.360 [qtp1105322512-35] DEBUG
       org.eclipse.jetty.server.HttpChannel - HttpChannelOverHttp@54ae3f54{r=1,c=false,a=IDLE,uri=-}
       messageComplete
15:06:48.360 [qtp1105322512-35] DEBUG org.eclipse.jetty.server.HttpInput
       - HttpInputOverHTTP@4d8b2554 EOF
15:06:48.360 [qtp1105322512-35]
       DEBUG org.eclipse.jetty.server.HttpChannel - HttpChannelOverHttp@54ae3f54{r=1,c=false,a=IDLE,uri=-}
       handle enter
15:06:48.361 [qtp1105322512-35 - /base/sub]
       DEBUG o.e.jetty.server.HttpChannelState - HttpChannelState@2cca600a{s=IDLE
       i=true a=null} handling IDLE
15:06:48.361 [qtp1105322512-35
       - /base/sub] DEBUG org.eclipse.jetty.server.HttpChannel -
       HttpChannelOverHttp@54ae3f54{r=1,c=false,a=DISPATCHED,uri=/base/sub}
       action REQUEST_DISPATCH
15:06:48.361 [qtp1105322512-35 -
       /base/sub] DEBUG org.eclipse.jetty.server.Server - REQUEST
       GET /base/sub on HttpChannelOverHttp@54ae3f54{r=1,c=false,a=DISPATCHED,uri=/base/sub}
      
15:06:48.361 [qtp1105322512-35 - /base/sub] DEBUG o.e.j.server.handler.ContextHandler
       - scope null||/base/sub @ o.e.j.s.ServletContextHandler@6f46426d{/,null,AVAILABLE}
      
15:06:48.361 [qtp1105322512-35 - /base/sub] DEBUG o.e.j.server.handler.ContextHandler
       - context=||/base/sub @ o.e.j.s.ServletContextHandler@6f46426d{/,null,AVAILABLE}
      
15:06:48.361 [qtp1105322512-35 - /base/sub] DEBUG org.eclipse.jetty.server.session
       - sessionManager=org.eclipse.jetty.server.session.HashSessionManager@32ee6fee
      
15:06:48.361 [qtp1105322512-35 - /base/sub] DEBUG org.eclipse.jetty.server.session
       - session=null
15:06:48.361 [qtp1105322512-35 - /base/sub]
       DEBUG o.e.jetty.servlet.ServletHandler - servlet ||/base/sub
       -&amp;gt; org.apache.felix.http.base.internal.DispatcherServlet-4738a206@cebacce0==org.apache.felix.http.base.internal.DispatcherServlet,-1,true
      
15:06:48.361 [qtp1105322512-35 - /base/sub] DEBUG o.e.jetty.servlet.ServletHandler
       - chain=null
15:06:48.362 [qtp1105322512-35 - /base/sub]
       DEBUG o.e.jetty.server.HttpConnection - org.eclipse.jetty.server.HttpConnection$SendCallback@637f318e[PROCESSING][i=ResponseInfo{HTTP/1.1
       404 null,286,false},cb=org.eclipse.jetty.server.HttpChannel$CommitCallback@19e9cebf]
       generate: NEED_HEADER (null,[p=0,l=286,c=2048,r=286],true)@START
      
15:06:48.363 [qtp1105322512-35 - /base/sub] DEBUG o.e.jetty.server.HttpConnection
       - org.eclipse.jetty.server.HttpConnection$SendCallback@637f318e[PROCESSING][i=ResponseInfo{HTTP/1.1
       404 null,286,false},cb=org.eclipse.jetty.server.HttpChannel$CommitCallback@19e9cebf]
       generate: FLUSH ([p=0,l=249,c=16384,r=249],[p=0,l=286,c=2048,r=286],true)@COMPLETING
      
15:06:48.363 [qtp1105322512-35 - /base/sub] DEBUG org.eclipse.jetty.io.WriteFlusher
       - write: WriteFlusher@6f96a98b{IDLE} [HeapByteBuffer@5720d23f[p=0,l=249,c=16384,r=249]={&amp;lt;&amp;lt;&amp;lt;HTTP/1.1
       404 Not ....v20150224)\r\n\r\n&amp;gt;&amp;gt;&amp;gt;y(9.2.9.v20150224...\x00\x00\x00\x00\x00\x00\x00\x00\x00\x00\x00\x00\x00\x00\x00},HeapByteBuffer@61941252[p=0,l=286,c=2048,r=286]={&amp;lt;&amp;lt;&amp;lt;&amp;lt;html&amp;gt;\n&amp;lt;head&amp;gt;\n&amp;lt;me.../body&amp;gt;\n&amp;lt;/html&amp;gt;\n&amp;gt;&amp;gt;&amp;gt;\x00\x00\x00\x00\x00\x00\x00\x00\x00\x00\x00\x00\x00\x00\x00\x00\x00...\x00\x00\x00\x00\x00\x00\x00\x00\x00\x00\x00\x00\x00\x00\x00}]
      
15:06:48.363 [qtp1105322512-35 - /base/sub] DEBUG org.eclipse.jetty.io.WriteFlusher
       - update WriteFlusher@6f96a98b{WRITING}:IDLE--&amp;gt;WRITING
      
15:06:48.363 [qtp1105322512-35 - /base/sub] DEBUG org.eclipse.jetty.io.ChannelEndPoint
       - flushed 535 SelectChannelEndPoint@16486248{/127.0.0.1:52052&amp;lt;-&amp;gt;8080,Open,in,out,-,W,4/60000,HttpConnection}{io=0,kio=0,kro=1}
      
15:06:48.363 [qtp1105322512-35 - /base/sub] DEBUG org.eclipse.jetty.io.WriteFlusher
       - update WriteFlusher@6f96a98b{IDLE}:WRITING--&amp;gt;IDLE
      
15:06:48.363 [qtp1105322512-35 - /base/sub] DEBUG o.e.jetty.server.HttpConnection
       - org.eclipse.jetty.server.HttpConnection$SendCallback@637f318e[PROCESSING][i=ResponseInfo{HTTP/1.1
       404 null,286,false},cb=org.eclipse.jetty.server.HttpChannel$CommitCallback@19e9cebf]
       generate: DONE ([p=249,l=249,c=16384,r=0],[p=286,l=286,c=2048,r=0],true)@END
      
15:06:48.363 [qtp1105322512-35 - /base/sub] DEBUG org.eclipse.jetty.server.Server
       - RESPONSE /base/sub  404 handled=true
15:06:48.363 [qtp1105322512-35
       - /base/sub] DEBUG o.e.jetty.server.HttpChannelState - HttpChannelState@2cca600a{s=DISPATCHED
       i=true a=null} unhandle DISPATCHED
15:06:48.363 [qtp1105322512-35
       - /base/sub] DEBUG org.eclipse.jetty.http.HttpParser - reset
       HttpParser{s=END,0 of 0}
15:06:48.363 [qtp1105322512-35 -
       /base/sub] DEBUG org.eclipse.jetty.http.HttpParser - END --&amp;gt;
       START
15:06:48.363 [qtp1105322512-35] DEBUG org.eclipse.jetty.server.HttpChannel
       - HttpChannelOverHttp@54ae3f54{r=1,c=false,a=IDLE,uri=-} handle
       exit, result COMPLETE
15:06:48.363 [qtp1105322512-35] DEBUG
       org.eclipse.jetty.io.ChannelEndPoint - filled 0 SelectChannelEndPoint@16486248{/127.0.0.1:52052&amp;lt;-&amp;gt;8080,Open,in,out,-,-,0/60000,HttpConnection}{io=0,kio=0,kro=1}
      
15:06:48.364 [qtp1105322512-35] DEBUG org.eclipse.jetty.io.ChannelEndPoint
       - filled 0 SelectChannelEndPoint@16486248{/127.0.0.1:52052&amp;lt;-&amp;gt;8080,Open,in,out,-,-,0/60000,HttpConnection}{io=0,kio=0,kro=1}
      
15:06:48.364 [qtp1105322512-35] DEBUG org.eclipse.jetty.http.HttpParser
       - parseNext s=START HeapByteBuffer@f91d4a99[p=0,l=0,c=8192,r=0]={&amp;lt;&amp;lt;&amp;lt;&amp;gt;&amp;gt;&amp;gt;GET
       /base HTTP/1....\x00\x00\x00\x00\x00\x00\x00\x00\x00\x00\x00\x00\x00\x00\x00}
      
15:06:48.364 [qtp1105322512-35] DEBUG o.e.jetty.io.AbstractConnection
       - fillInterested HttpConnection@704df674{FILLING}
15:06:48.364
       [qtp1105322512-35] DEBUG o.e.jetty.io.AbstractConnection -
       FILLING--&amp;gt;FILLING_FILL_INTERESTED HttpConnection@704df674{FILLING_FILL_INTERESTED}
      
15:06:48.364 [qtp1105322512-35] DEBUG o.e.jetty.io.AbstractConnection
       - FILLING_FILL_INTERESTED--&amp;gt;FILL_INTERESTED HttpConnection@704df674{FILL_INTERESTED}
      
15:06:48.364 [qtp1105322512-35] DEBUG o.e.jetty.io.SelectChannelEndPoint
       - Local interests updating 0 -&amp;gt; 1 for SelectChannelEndPoint@16486248{/127.0.0.1:52052&amp;lt;-&amp;gt;8080,Open,in,out,R,-,0/60000,HttpConnection}{io=1,kio=0,kro=1}
      
15:06:48.364 [qtp1105322512-35] DEBUG org.eclipse.jetty.io.SelectorManager
       - Running change org.eclipse.jetty.io.SelectChannelEndPoint$1@25428017
      
15:06:48.364 [qtp1105322512-35] DEBUG o.e.jetty.io.SelectChannelEndPoint
       - Key interests updated 0 -&amp;gt; 1 on SelectChannelEndPoint@
    </system-out>
  </testcase>
  <testcase name='testBaseResourceRegistrationWithPrefixOverride' time='0.189' classname='org.amdatu.web.rest.ResourceRegistrationTest'>
    <system-out>
      16486248{/127.0.0.1:52052&amp;lt;-&amp;gt;8080,Open,in,out,R,-,0/60000,HttpConnection}{io=1,kio=1,kro=1}
      
15:06:48.368 [qtp1105322512-37-acceptor-0@59402b8f-ServerConnector@6892b3b6{HTTP/1.1}{0.0.0.0:8080}]
       DEBUG org.eclipse.jetty.io.SelectorManager - Queued change
       org.eclipse.jetty.io.SelectorManager$ManagedSelector$Accept@103a34bf
      
15:06:48.368 [qtp1105322512-34-selector-ServerConnectorManager@1530c739/1]
       DEBUG org.eclipse.jetty.io.SelectorManager - Selector loop
       woken up from select, 0/1 selected
15:06:48.368 [qtp1105322512-34-selector-ServerConnectorManager@1530c739/1]
       DEBUG org.eclipse.jetty.io.SelectorManager - Selector loop
       waiting on select
15:06:48.368 [qtp1105322512-34-selector-ServerConnectorManager@1530c739/1]
       DEBUG org.eclipse.jetty.io.SelectorManager - Selector loop
       woken up from select, 1/1 selected
15:06:48.368 [qtp1105322512-34-selector-ServerConnectorManager@1530c739/1]
       DEBUG o.e.jetty.io.SelectChannelEndPoint - Key interests updated
       1 -&amp;gt; 0 on SelectChannelEndPoint@16486248{/127.0.0.1:52052&amp;lt;-&amp;gt;8080,Open,in,out,R,-,4/60000,HttpConnection}{io=1,kio=0,kro=1}
      
15:06:48.369 [qtp1105322512-34-selector-ServerConnectorManager@1530c739/1]
       DEBUG o.e.jetty.io.SelectChannelEndPoint - Local interests
       updating 1 -&amp;gt; 0 for SelectChannelEndPoint@16486248{/127.0.0.1:52052&amp;lt;-&amp;gt;8080,Open,in,out,R,-,5/60000,HttpConnection}{io=0,kio=0,kro=1}
      
15:06:48.369 [qtp1105322512-34-selector-ServerConnectorManager@1530c739/1]
       DEBUG org.eclipse.jetty.io.SelectorManager - Running change
       org.eclipse.jetty.io.SelectChannelEndPoint$1@25428017
15:06:48.369
       [qtp1105322512-34-selector-ServerConnectorManager@1530c739/1]
       DEBUG o.e.jetty.io.AbstractConnection - FILL_INTERESTED--&amp;gt;FILLING
       HttpConnection@704df674{FILLING}
15:06:48.369 [qtp1105322512-34-selector-ServerConnectorManager@1530c739/1]
       DEBUG org.eclipse.jetty.io.SelectorManager - Selector loop
       waiting on select
15:06:48.369 [qtp1105322512-32] DEBUG o.e.jetty.server.HttpConnection
       - HttpConnection@704df674{FILLING} onFillable HttpChannelState@2cca600a{s=IDLE
       i=true a=null}
15:06:48.369 [qtp1105322512-32] DEBUG org.eclipse.jetty.io.ChannelEndPoint
       - filled -1 SelectChannelEndPoint@16486248{/127.0.0.1:52052&amp;lt;-&amp;gt;8080,Open,in,out,-,-,5/60000,HttpConnection}{io=0,kio=0,kro=1}
      
15:06:48.369 [qtp1105322512-32] DEBUG org.eclipse.jetty.io.ChannelEndPoint
       - ishut SelectChannelEndPoint@16486248{/127.0.0.1:52052&amp;lt;-&amp;gt;8080,Open,in,out,-,-,5/60000,HttpConnection}{io=0,kio=0,kro=1}
      
15:06:48.369 [qtp1105322512-32] DEBUG org.eclipse.jetty.http.HttpParser
       - atEOF HttpParser{s=START,0 of -1}
15:06:48.369 [qtp1105322512-32]
       DEBUG org.eclipse.jetty.http.HttpParser - parseNext s=START
       HeapByteBuffer@ebf1dcfc[p=0,l=0,c=8192,r=0]={&amp;lt;&amp;lt;&amp;lt;&amp;gt;&amp;gt;&amp;gt;GET
       /base/sub HTT...\x00\x00\x00\x00\x00\x00\x00\x00\x00\x00\x00\x00\x00\x00\x00}
      
15:06:48.369 [qtp1105322512-32] DEBUG org.eclipse.jetty.http.HttpParser
       - START --&amp;gt; CLOSED
15:06:48.369 [qtp1105322512-32]
       DEBUG o.eclipse.jetty.io.AbstractEndPoint - onClose SelectChannelEndPoint@16486248{/127.0.0.1:52052&amp;lt;-&amp;gt;8080,CLOSED,ISHUT,out,-,-,5/60000,HttpConnection}{io=0,kio=0,kro=1}
      
15:06:48.369 [qtp1105322512-32] DEBUG org.eclipse.jetty.io.ChannelEndPoint
       - close SelectChannelEndPoint@16486248{/127.0.0.1:52052&amp;lt;-&amp;gt;8080,CLOSED,ISHUT,out,-,-,5/60000,HttpConnection}{io=0,kio=0,kro=1}
      
15:06:48.369 [qtp1105322512-32] DEBUG org.eclipse.jetty.io.SelectorManager
       - Destroyed SelectChannelEndPoint@16486248{/127.0.0.1:52052&amp;lt;-&amp;gt;8080,CLOSED,ISHUT,OSHUT,-,-,5/60000,HttpConnection}{io=0,kio=-1,kro=-1}
      
15:06:48.369 [qtp1105322512-32] DEBUG o.e.jetty.io.AbstractConnection
       - onClose HttpConnection@704df674{FILLING}
15:06:48.369 [qtp1105322512-32]
       DEBUG o.eclipse.jetty.io.AbstractEndPoint - onClose SelectChannelEndPoint@16486248{/127.0.0.1:52052&amp;lt;-&amp;gt;8080,CLOSED,ISHUT,OSHUT,-,-,5/60000,HttpConnection}{io=0,kio=-1,kro=-1}
      
15:06:48.369 [qtp1105322512-32] DEBUG o.e.jetty.io.AbstractConnection
       - FILLING--&amp;gt;IDLE HttpConnection@704df674{IDLE}
15:06:48.370
       [qtp1105322512-33-selector-ServerConnectorManager@1530c739/0]
       DEBUG org.eclipse.jetty.io.SelectorManager - Selector loop
       woken up from select, 0/0 selected
15:06:48.370 [qtp1105322512-33-selector-ServerConnectorManager@1530c739/0]
       DEBUG org.eclipse.jetty.io.SelectorManager - Running change
       org.eclipse.jetty.io.SelectorManager$ManagedSelector$Accept@103a34bf
      
15:06:48.370 [qtp1105322512-33-selector-ServerConnectorManager@1530c739/0]
       DEBUG o.eclipse.jetty.io.AbstractEndPoint - onOpen SelectChannelEndPoint@acb762b{/127.0.0.1:52053&amp;lt;-&amp;gt;8080,Open,in,out,-,-,0/60000,null}{io=0,kio=0,kro=0}
      
15:06:48.370 [qtp1105322512-33-selector-ServerConnectorManager@1530c739/0]
       DEBUG org.eclipse.jetty.io.IdleTimeout - SelectChannelEndPoint@acb762b{/127.0.0.1:52053&amp;lt;-&amp;gt;8080,Open,in,out,-,-,0/60000,null}{io=0,kio=0,kro=0}
       idle timeout check, elapsed: 0 ms, remaining: 60000 ms
15:06:48.370
       [qtp1105322512-33-selector-ServerConnectorManager@1530c739/0]
       DEBUG org.eclipse.jetty.server.HttpChannel - new HttpChannelOverHttp@4baaef45{r=0,c=false,a=IDLE,uri=-}
       -&amp;gt; SelectChannelEndPoint@acb762b{/127.0.0.1:52053&amp;lt;-&amp;gt;8080,Open,in,out,-,-,0/60000,null}{io=0,kio=0,kro=0},null,HttpChannelState@3dc16293{s=IDLE
       i=true a=null}
15:06:48.370 [qtp1105322512-33-selector-ServerConnectorManager@1530c739/0]
       DEBUG o.e.jetty.server.HttpConnection - New HTTP Connection
       HttpConnection@7187f0e0{IDLE}
15:06:48.370 [qtp1105322512-33-selector-ServerConnectorManager@1530c739/0]
       DEBUG o.e.jetty.io.AbstractConnection - onOpen HttpConnection@7187f0e0{IDLE}
      
15:06:48.370 [qtp1105322512-33-selector-ServerConnectorManager@1530c739/0]
       DEBUG o.e.jetty.io.AbstractConnection - fillInterested HttpConnection@7187f0e0{IDLE}
      
15:06:48.370 [qtp1105322512-33-selector-ServerConnectorManager@1530c739/0]
       DEBUG o.e.jetty.io.AbstractConnection - IDLE--&amp;gt;FILL_INTERESTED
       HttpConnection@7187f0e0{FILL_INTERESTED}
15:06:48.370 [qtp1105322512-33-selector-ServerConnectorManager@1530c739/0]
       DEBUG o.e.jetty.io.SelectChannelEndPoint - Local interests
       updating 0 -&amp;gt; 1 for SelectChannelEndPoint@acb762b{/127.0.0.1:52053&amp;lt;-&amp;gt;8080,Open,in,out,R,-,0/60000,HttpConnection}{io=1,kio=0,kro=0}
      
15:06:48.370 [qtp1105322512-33-selector-ServerConnectorManager@1530c739/0]
       DEBUG org.eclipse.jetty.io.SelectorManager - Running change
       org.eclipse.jetty.io.SelectChannelEndPoint$1@202cbad5
15:06:48.370
       [qtp1105322512-33-selector-ServerConnectorManager@1530c739/0]
       DEBUG o.e.jetty.io.SelectChannelEndPoint - Key interests updated
       0 -&amp;gt; 1 on SelectChannelEndPoint@acb762b{/127.0.0.1:52053&amp;lt;-&amp;gt;8080,Open,in,out,R,-,0/60000,HttpConnection}{io=1,kio=1,kro=0}
      
15:06:48.370 [qtp1105322512-33-selector-ServerConnectorManager@1530c739/0]
       DEBUG org.eclipse.jetty.io.SelectorManager - Created SelectChannelEndPoint@acb762b{/127.0.0.1:52053&amp;lt;-&amp;gt;8080,Open,in,out,R,-,0/60000,HttpConnection}{io=1,kio=1,kro=0}
      
15:06:48.371 [qtp1105322512-33-selector-ServerConnectorManager@1530c739/0]
       DEBUG org.eclipse.jetty.io.SelectorManager - Selector loop
       waiting on select
15:06:48.371 [qtp1105322512-33-selector-ServerConnectorManager@1530c739/0]
       DEBUG org.eclipse.jetty.io.SelectorManager - Selector loop
       woken up from select, 1/1 selected
15:06:48.371 [qtp1105322512-33-selector-ServerConnectorManager@1530c739/0]
       DEBUG o.e.jetty.io.SelectChannelEndPoint - Key interests updated
       1 -&amp;gt; 0 on SelectChannelEndPoint@acb762b{/127.0.0.1:52053&amp;lt;-&amp;gt;8080,Open,in,out,R,-,1/60000,HttpConnection}{io=1,kio=0,kro=1}
      
15:06:48.371 [qtp1105322512-33-selector-ServerConnectorManager@1530c739/0]
       DEBUG o.e.jetty.io.SelectChannelEndPoint - Local interests
       updating 1 -&amp;gt; 0 for SelectChannelEndPoint@acb762b{/127.0.0.1:52053&amp;lt;-&amp;gt;8080,Open,in,out,R,-,1/60000,HttpConnection}{io=0,kio=0,kro=1}
      
15:06:48.371 [qtp1105322512-33-selector-ServerConnectorManager@1530c739/0]
       DEBUG org.eclipse.jetty.io.SelectorManager - Running change
       org.eclipse.jetty.io.SelectChannelEndPoint$1@202cbad5
15:06:48.371
       [qtp1105322512-33-selector-ServerConnectorManager@1530c739/0]
       DEBUG o.e.jetty.io.AbstractConnection - FILL_INTERESTED--&amp;gt;FILLING
       HttpConnection@7187f0e0{FILLING}
15:06:48.371 [qtp1105322512-33-selector-ServerConnectorManager@1530c739/0]
       DEBUG org.eclipse.jetty.io.SelectorManager - Selector loop
       waiting on select
15:06:48.371 [qtp1105322512-38] DEBUG o.e.jetty.server.HttpConnection
       - HttpConnection@7187f0e0{FILLING} onFillable HttpChannelState@3dc16293{s=IDLE
       i=true a=null}
15:06:48.371 [qtp1105322512-38] DEBUG org.eclipse.jetty.io.ChannelEndPoint
       - filled 164 SelectChannelEndPoint@acb762b{/127.0.0.1:52053&amp;lt;-&amp;gt;8080,Open,in,out,-,-,1/60000,HttpConnection}{io=0,kio=0,kro=1}
      
15:06:48.371 [qtp1105322512-38] DEBUG org.eclipse.jetty.http.HttpParser
       - parseNext s=START HeapByteBuffer@a62eb869[p=0,l=164,c=8192,r=164]={&amp;lt;&amp;lt;&amp;lt;GET
       /prefix/base ... keep-alive\r\n\r\n&amp;gt;&amp;gt;&amp;gt;\x00\x00\x00\x00\x00\x00\x00\x00\x00\x00\x00\x00\x00\x00\x00\x00\x00...\x00\x00\x00\x00\x00\x00\x00\x00\x00\x00\x00\x00\x00\x00\x00}
      
15:06:48.371 [qtp1105322512-38] DEBUG org.eclipse.jetty.http.HttpParser
       - START --&amp;gt; SPACE1
15:06:48.371 [qtp1105322512-38]
       DEBUG org.eclipse.jetty.http.HttpParser - SPACE1 --&amp;gt;
       URI
15:06:48.371 [qtp1105322512-38] DEBUG org.eclipse.jetty.http.HttpParser
       - URI --&amp;gt; SPACE2
15:06:48.371 [qtp1105322512-38] DEBUG
       org.eclipse.jetty.http.HttpParser - SPACE2 --&amp;gt; REQUEST_VERSION
      
15:06:48.371 [qtp1105322512-38] DEBUG org.eclipse.jetty.http.HttpParser
       - REQUEST_VERSION --&amp;gt; HEADER
15:06:48.371 [qtp1105322512-38]
       DEBUG org.eclipse.jetty.http.HttpParser - HEADER --&amp;gt;
       HEADER_VALUE
15:06:48.372 [qtp1105322512-38] DEBUG org.eclipse.jetty.http.HttpParser
       - HEADER_VALUE --&amp;gt; HEADER_IN_VALUE
15:06:48.372 [qtp1105322512-38]
       DEBUG org.eclipse.jetty.http.HttpParser - HEADER_IN_VALUE
       --&amp;gt; HEADER
15:06:48.372 [qtp1105322512-38] DEBUG org.eclipse.jetty.http.HttpParser
       - HEADER --&amp;gt; HEADER_VALUE
15:06:48.372 [qtp1105322512-38]
       DEBUG org.eclipse.jetty.http.HttpParser - HEADER_VALUE --&amp;gt;
       HEADER_IN_VALUE
15:06:48.372 [qtp1105322512-38] DEBUG org.eclipse.jetty.http.HttpParser
       - HEADER_IN_VALUE --&amp;gt; HEADER
15:06:48.372 [qtp1105322512-38]
       DEBUG org.eclipse.jetty.http.HttpParser - HEADER --&amp;gt;
       HEADER_VALUE
15:06:48.372 [qtp1105322512-38] DEBUG org.eclipse.jetty.http.HttpParser
       - HEADER_VALUE --&amp;gt; HEADER_IN_VALUE
15:06:48.372 [qtp1105322512-38]
       DEBUG org.eclipse.jetty.http.HttpParser - HEADER_IN_VALUE
       --&amp;gt; HEADER
15:06:48.372 [qtp1105322512-38] DEBUG org.eclipse.jetty.http.HttpParser
       - HEADER --&amp;gt; HEADER_IN_VALUE
15:06:48.372 [qtp1105322512-38]
       DEBUG org.eclipse.jetty.http.HttpParser - HEADER_IN_VALUE
       --&amp;gt; HEADER
15:06:48.372 [qtp1105322512-38] DEBUG org.eclipse.jetty.http.HttpParser
       - HEADER --&amp;gt; END
15:06:48.372 [qtp1105322512-38] DEBUG
       org.eclipse.jetty.server.HttpChannel - HttpChannelOverHttp@4baaef45{r=1,c=false,a=IDLE,uri=-}
       messageComplete
15:06:48.372 [qtp1105322512-38] DEBUG org.eclipse.jetty.server.HttpInput
       - HttpInputOverHTTP@68658635 EOF
15:06:48.372 [qtp1105322512-38]
       DEBUG org.eclipse.jetty.server.HttpChannel - HttpChannelOverHttp@4baaef45{r=1,c=false,a=IDLE,uri=-}
       handle enter
15:06:48.372 [qtp1105322512-38 - /prefix/base]
       DEBUG o.e.jetty.server.HttpChannelState - HttpChannelState@3dc16293{s=IDLE
       i=true a=null} handling IDLE
15:06:48.372 [qtp1105322512-38
       - /prefix/base] DEBUG org.eclipse.jetty.server.HttpChannel
       - HttpChannelOverHttp@4baaef45{r=1,c=false,a=DISPATCHED,uri=/prefix/base}
       action REQUEST_DISPATCH
15:06:48.373 [qtp1105322512-38 -
       /prefix/base] DEBUG org.eclipse.jetty.server.Server - REQUEST
       GET /prefix/base on HttpChannelOverHttp@4baaef45{r=1,c=false,a=DISPATCHED,uri=/prefix/base}
      
15:06:48.373 [qtp1105322512-38 - /prefix/base] DEBUG o.e.j.server.handler.ContextHandler
       - scope null||/prefix/base @ o.e.j.s.ServletContextHandler@6f46426d{/,null,AVAILABLE}
      
15:06:48.373 [qtp1105322512-38 - /prefix/base] DEBUG o.e.j.server.handler.ContextHandler
       - context=||/prefix/base @ o.e.j.s.ServletContextHandler@6f46426d{/,null,AVAILABLE}
      
15:06:48.373 [qtp1105322512-38 - /prefix/base] DEBUG org.eclipse.jetty.server.session
       - sessionManager=org.eclipse.jetty.server.session.HashSessionManager@32ee6fee
      
15:06:48.373 [qtp1105322512-38 - /prefix/base] DEBUG org.eclipse.jetty.server.session
       - session=null
15:06:48.373 [qtp1105322512-38 - /prefix/base]
       DEBUG o.e.jetty.servlet.ServletHandler - servlet ||/prefix/base
       -&amp;gt; org.apache.felix.http.base.internal.DispatcherServlet-4738a206@cebacce0==org.apache.felix.http.base.internal.DispatcherServlet,-1,true
      
15:06:48.373 [qtp1105322512-38 - /prefix/base] DEBUG o.e.jetty.servlet.ServletHandler
       - chain=null
15:06:48.373 [qtp1105322512-38 - /prefix/base]
       DEBUG o.e.jetty.server.HttpConnection - org.eclipse.jetty.server.HttpConnection$SendCallback@170e86c4[PROCESSING][i=ResponseInfo{HTTP/1.1
       404 null,289,false},cb=org.eclipse.jetty.server.HttpChannel$CommitCallback@5be6f562]
       generate: NEED_HEADER (null,[p=0,l=289,c=2048,r=289],true)@START
      
15:06:48.373 [qtp1105322512-38 - /prefix/base] DEBUG o.e.jetty.server.HttpConnection
       - org.eclipse.jetty.server.HttpConnection$SendCallback@170e86c4[PROCESSING][i=ResponseInfo{HTTP/1.1
       404 null,289,false},cb=org.eclipse.jetty.server.HttpChannel$CommitCallback@5be6f562]
       generate: FLUSH ([p=0,l=249,c=16384,r=249],[p=0,l=289,c=2048,r=289],true)@COMPLETING
      
15:06:48.374 [qtp1105322512-38 - /prefix/base] DEBUG org.eclipse.jetty.io.WriteFlusher
       - write: WriteFlusher@45ca1553{IDLE} [HeapByteBuffer@63d2b09c[p=0,l=249,c=16384,r=249]={&amp;lt;&amp;lt;&amp;lt;HTTP/1.1
       404 Not ....v20150224)\r\n\r\n&amp;gt;&amp;gt;&amp;gt;y(9.2.9.v20150224...\x00\x00\x00\x00\x00\x00\x00\x00\x00\x00\x00\x00\x00\x00\x00},HeapByteBuffer@b401d98a[p=0,l=289,c=2048,r=289]={&amp;lt;&amp;lt;&amp;lt;&amp;lt;html&amp;gt;\n&amp;lt;head&amp;gt;\n&amp;lt;me.../body&amp;gt;\n&amp;lt;/html&amp;gt;\n&amp;gt;&amp;gt;&amp;gt;\x00\x00\x00\x00\x00\x00\x00\x00\x00\x00\x00\x00\x00\x00\x00\x00\x00...\x00\x00\x00\x00\x00\x00\x00\x00\x00\x00\x00\x00\x00\x00\x00}]
      
15:06:48.374 [qtp1105322512-38 - /prefix/base] DEBUG org.eclipse.jetty.io.WriteFlusher
       - update WriteFlusher@45ca1553{WRITING}:IDLE--&amp;gt;WRITING
      
15:06:48.374 [qtp1105322512-38 - /prefix/base] DEBUG org.eclipse.jetty.io.ChannelEndPoint
       - flushed 538 SelectChannelEndPoint@acb762b{/127.0.0.1:52053&amp;lt;-&amp;gt;8080,Open,in,out,-,W,3/60000,HttpConnection}{io=0,kio=0,kro=1}
      
15:06:48.374 [qtp1105322512-38 - /prefix/base] DEBUG org.eclipse.jetty.io.WriteFlusher
       - update WriteFlusher@45ca1553{IDLE}:WRITING--&amp;gt;IDLE
      
15:06:48.374 [qtp1105322512-38 - /prefix/base] DEBUG o.e.jetty.server.HttpConnection
       - org.eclipse.jetty.server.HttpConnection$SendCallback@170e86c4[PROCESSING][i=ResponseInfo{HTTP/1.1
       404 null,289,false},cb=org.eclipse.jetty.server.HttpChannel$CommitCallback@5be6f562]
       generate: DONE ([p=249,l=249,c=16384,r=0],[p=289,l=289,c=2048,r=0],true)@END
      
15:06:48.374 [qtp1105322512-38 - /prefix/base] DEBUG org.eclipse.jetty.server.Server
       - RESPONSE /prefix/base  404 handled=true
15:06:48.374 [qtp1105322512-38
       - /prefix/base] DEBUG o.e.jetty.server.HttpChannelState -
       HttpChannelState@3dc16293{s=DISPATCHED i=true a=null} unhandle
       DISPATCHED
15:06:48.374 [qtp1105322512-38 - /prefix/base]
       DEBUG org.eclipse.jetty.http.HttpParser - reset HttpParser{s=END,0
       of 0}
15:06:48.374 [qtp1105322512-38 - /prefix/base] DEBUG
       org.eclipse.jetty.http.HttpParser - END --&amp;gt; START
      
15:06:48.374 [qtp1105322512-38] DEBUG org.eclipse.jetty.server.HttpChannel
       - HttpChannelOverHttp@4baaef45{r=1,c=false,a=IDLE,uri=-} handle
       exit, result COMPLETE
15:06:48.374 [qtp1105322512-38] DEBUG
       org.eclipse.jetty.io.ChannelEndPoint - filled 0 SelectChannelEndPoint@acb762b{/127.0.0.1:52053&amp;lt;-&amp;gt;8080,Open,in,out,-,-,0/60000,HttpConnection}{io=0,kio=0,kro=1}
      
15:06:48.374 [qtp1105322512-38] DEBUG org.eclipse.jetty.io.ChannelEndPoint
       - filled 0 SelectChannelEndPoint@acb762b{/127.0.0.1:52053&amp;lt;-&amp;gt;8080,Open,in,out,-,-,0/60000,HttpConnection}{io=0,kio=0,kro=1}
      
15:06:48.375 [qtp1105322512-38] DEBUG org.eclipse.jetty.http.HttpParser
       - parseNext s=START HeapByteBuffer@ebf1dcfc[p=0,l=0,c=8192,r=0]={&amp;lt;&amp;lt;&amp;lt;&amp;gt;&amp;gt;&amp;gt;GET
       /base/sub HTT...\x00\x00\x00\x00\x00\x00\x00\x00\x00\x00\x00\x00\x00\x00\x00}
      
15:06:48.375 [qtp1105322512-38] DEBUG o.e.jetty.io.AbstractConnection
       - fillInterested HttpConnection@7187f0e0{FILLING}
15:06:48.375
       [qtp1105322512-38] DEBUG o.e.jetty.io.AbstractConnection -
       FILLING--&amp;gt;FILLING_FILL_INTERESTED HttpConnection@7187f0e0{FILLING_FILL_INTERESTED}
      
15:06:48.375 [qtp1105322512-38] DEBUG o.e.jetty.io.AbstractConnection
       - FILLING_FILL_INTERESTED--&amp;gt;FILL_INTERESTED HttpConnection@7187f0e0{FILL_INTERESTED}
      
15:06:48.375 [qtp1105322512-38] DEBUG o.e.jetty.io.SelectChannelEndPoint
       - Local interests updating 0 -&amp;gt; 1 for SelectChannelEndPoint@acb762b{/127.0.0.1:52053&amp;lt;-&amp;gt;8080,Open,in,out,R,-,0/60000,HttpConnection}{io=1,kio=0,kro=1}
      
15:06:48.375 [qtp1105322512-38] DEBUG org.eclipse.jetty.io.SelectorManager
       - Running change org.eclipse.jetty.io.SelectChannelEndPoint$1@202cbad5
      
15:06:48.375 [qtp1105322512-38] DEBUG o.e.jetty.io.SelectChannelEndPoint
       - Key interests updated 0 -&amp;gt; 1 on SelectChannelEndPoint@acb762b{/127.0.0.1:52053&amp;lt;-&amp;gt;8080,Open,in,out,R,-,0/60000,HttpConnection}{io=1,kio=1,kro=1}
      
15:06:48.375 [qtp1105322512-33-selector-ServerConnectorManager@1530c739/0]
       DEBUG org.eclipse.jetty.io.SelectorManager - Selector loop
       woken up from select, 0/1 selected
15:06:48.375 [qtp1105322512-33-selector-ServerConnectorManager@1530c739/0]
       DEBUG org.eclipse.jetty.io.SelectorManager - Selector loop
       waiting on select
15:06:48.377 [qtp1105322512-33-selector-ServerConnectorManager@1530c739/0]
       DEBUG org.eclipse.jetty.io.SelectorManager - Selector loop
       woken up from select, 1/1 selected
15:06:48.377 [qtp1105322512-33-selector-ServerConnectorManager@1530c739/0]
       DEBUG o.e.jetty.io.SelectChannelEndPoint - Key interests updated
       1 -&amp;gt; 0 on SelectChannelEndPoint@acb762b{/127.0.0.1:52053&amp;lt;-&amp;gt;8080,Open,in,out,R,-,2/60000,HttpConnection}{io=1,kio=0,kro=1}
      
15:06:48.377 [qtp1105322512-33-selector-ServerConnectorManager@1530c739/0]
       DEBUG o.e.jetty.io.SelectChannelEndPoint - Local interests
       updating 1 -&amp;gt; 0 for SelectChannelEndPoint@acb762b{/127.0.0.1:52053&amp;lt;-&amp;gt;8080,Open,in,out,R,-,2/60000,HttpConnection}{io=0,kio=0,kro=1}
      
15:06:48.377 [qtp1105322512-33-selector-ServerConnectorManager@1530c739/0]
       DEBUG org.eclipse.jetty.io.SelectorManager - Running change
       org.eclipse.jetty.io.SelectChannelEndPoint$1@202cbad5
15:06:48.377
       [qtp1105322512-33-selector-ServerConnectorManager@1530c739/0]
       DEBUG o.e.jetty.io.AbstractConnection - FILL_INTERESTED--&amp;gt;FILLING
       HttpConnection@7187f0e0{FILLING}
15:06:48.377 [qtp1105322512-33-selector-ServerConnectorManager@1530c739/0]
       DEBUG org.eclipse.jetty.io.SelectorManager - Selector loop
       waiting on select
15:06:48.378 [qtp1105322512-37-acceptor-0@59402b8f-ServerConnector@6892b3b6{HTTP/1.1}{0.0.0.0:8080}]
       DEBUG org.eclipse.jetty.io.SelectorManager - Queued change
       org.eclipse.jetty.io.SelectorManager$ManagedSelector$Accept@4d1ff08c
      
15:06:48.378 [qtp1105322512-34-selector-ServerConnectorManager@1530c739/1]
       DEBUG org.eclipse.jetty.io.SelectorManager - Selector loop
       woken up from select, 0/0 selected
15:06:48.378 [qtp1105322512-34-selector-ServerConnectorManager@1530c739/1]
       DEBUG org.eclipse.jetty.io.SelectorManager - Running change
       org.eclipse.jetty.io.SelectorManager$ManagedSelector$Accept@4d1ff08c
      
15:06:48.378 [qtp1105322512-34-selector-ServerConnectorManager@1530c739/1]
       DEBUG o.eclipse.jetty.io.AbstractEndPoint - onOpen SelectChannelEndPoint@7f86a558{/127.0.0.1:52054&amp;lt;-&amp;gt;8080,Open,in,out,-,-,0/60000,null}{io=0,kio=0,kro=0}
      
15:06:48.378 [qtp1105322512-34-selector-ServerConnectorManager@1530c739/1]
       DEBUG org.eclipse.jetty.io.IdleTimeout - SelectChannelEndPoint@7f86a558{/127.0.0.1:52054&amp;lt;-&amp;gt;8080,Open,in,out,-,-,0/60000,null}{io=0,kio=0,kro=0}
       idle timeout check, elapsed: 0 ms, remaining: 60000 ms
15:06:48.378
       [qtp1105322512-34-selector-ServerConnectorManager@1530c739/1]
       DEBUG org.eclipse.jetty.server.HttpChannel - new HttpChannelOverHttp@6067028a{r=0,c=false,a=IDLE,uri=-}
       -&amp;gt; SelectChannelEndPoint@7f86a558{/127.0.0.1:52054&amp;lt;-&amp;gt;8080,Open,in,out,-,-,0/60000,null}{io=0,kio=0,kro=0},null,HttpChannelState@511474a9{s=IDLE
       i=true a=null}
15:06:48.378 [qtp1105322512-34-selector-ServerConnectorManager@1530c739/1]
       DEBUG o.e.jetty.server.HttpConnection - New HTTP Connection
       HttpConnection@4bc65910{IDLE}
15:06:48.378 [qtp1105322512-34-selector-ServerConnectorManager@1530c739/1]
       DEBUG o.e.jetty.io.AbstractConnection - onOpen HttpConnection@4bc65910{IDLE}
      
15:06:48.378 [qtp1105322512-34-selector-ServerConnectorManager@1530c739/1]
       DEBUG o.e.jetty.io.AbstractConnection - fillInterested HttpConnection@4bc65910{IDLE}
      
15:06:48.378 [qtp1105322512-34-selector-ServerConnectorManager@1530c739/1]
       DEBUG o.e.jetty.io.AbstractConnection - IDLE--&amp;gt;FILL_INTERESTED
       HttpConnection@4bc65910{FILL_INTERESTED}
15:06:48.378 [qtp1105322512-34-selector-ServerConnectorManager@1530c739/1]
       DEBUG o.e.jetty.io.SelectChannelEndPoint - Local interests
       updating 0 -&amp;gt; 1 for SelectChannelEndPoint@7f86a558{/127.0.0.1:52054&amp;lt;-&amp;gt;8080,Open,in,out,R,-,0/60000,HttpConnection}{io=1,kio=0,kro=0}
      
15:06:48.378 [qtp1105322512-34-selector-ServerConnectorManager@1530c739/1]
       DEBUG org.eclipse.jetty.io.SelectorManager - Running change
       org.eclipse.jetty.io.SelectChannelEndPoint$1@1209955
15:06:48.379
       [qtp1105322512-34-selector-ServerConnectorManager@1530c739/1]
       DEBUG o.e.jetty.io.SelectChannelEndPoint - Key interests updated
       0 -&amp;gt; 1 on SelectChannelEndPoint@7f86a558{/127.0.0.1:52054&amp;lt;-&amp;gt;8080,Open,in,out,R,-,1/60000,HttpConnection}{io=1,kio=1,kro=0}
      
15:06:48.379 [qtp1105322512-34-selector-ServerConnectorManager@1530c739/1]
       DEBUG org.eclipse.jetty.io.SelectorManager - Created SelectChannelEndPoint@7f86a558{/127.0.0.1:52054&amp;lt;-&amp;gt;8080,Open,in,out,R,-,1/60000,HttpConnection}{io=1,kio=1,kro=0}
      
15:06:48.379 [qtp1105322512-34-selector-ServerConnectorManager@1530c739/1]
       DEBUG org.eclipse.jetty.io.SelectorManager - Selector loop
       waiting on select
15:06:48.379 [qtp1105322512-34-selector-ServerConnectorManager@1530c739/1]
       DEBUG org.eclipse.jetty.io.SelectorManager - Selector loop
       woken up from select, 1/1 selected
15:06:48.379 [qtp1105322512-34-selector-ServerConnectorManager@1530c739/1]
       DEBUG o.e.jetty.io.SelectChannelEndPoint - Key interests updated
       1 -&amp;gt; 0 on SelectChannelEndPoint@7f86a558{/127.0.0.1:52054&amp;lt;-&amp;gt;8080,Open,in,out,R,-,1/60000,HttpConnection}{io=1,kio=0,kro=1}
      
15:06:48.379 [qtp1105322512-34-selector-ServerConnectorManager@1530c739/1]
       DEBUG o.e.jetty.io.SelectChannelEndPoint - Local interests
       updating 1 -&amp;gt; 0 for SelectChannelEndPoint@7f86a558{/127.0.0.1:52054&amp;lt;-&amp;gt;8080,Open,in,out,R,-,1/60000,HttpConnection}{io=0,kio=0,kro=1}
      
15:06:48.379 [qtp1105322512-34-selector-ServerConnectorManager@1530c739/1]
       DEBUG org.eclipse.jetty.io.SelectorManager - Running change
       org.eclipse.jetty.io.SelectChannelEndPoint$1@1209955
15:06:48.379
       [qtp1105322512-34-selector-ServerConnectorManager@1530c739/1]
       DEBUG o.e.jetty.io.AbstractConnection - FILL_INTERESTED--&amp;gt;FILLING
       HttpConnection@4bc65910{FILLING}
15:06:48.379 [qtp1105322512-34-selector-ServerConnectorManager@1530c739/1]
       DEBUG org.eclipse.jetty.io.SelectorManager - Selector loop
       waiting on select
15:06:48.388 [qtp1105322512-39] DEBUG o.e.jetty.server.HttpConnection
       - HttpConnection@7187f0e0{FILLING} onFillable HttpChannelState@3dc16293{s=IDLE
       i=true a=null}
15:06:48.388 [qtp1105322512-39] DEBUG org.eclipse.jetty.io.ChannelEndPoint
       - filled -1 SelectChannelEndPoint@acb762b{/127.0.0.1:52053&amp;lt;-&amp;gt;8080,Open,in,out,-,-,13/60000,HttpConnection}{io=0,kio=0,kro=1}
      
15:06:48.388 [qtp1105322512-39] DEBUG org.eclipse.jetty.io.ChannelEndPoint
       - ishut SelectChannelEndPoint@acb762b{/127.0.0.1:52053&amp;lt;-&amp;gt;8080,Open,in,out,-,-,13/60000,HttpConnection}{io=0,kio=0,kro=1}
      
15:06:48.388 [qtp1105322512-39] DEBUG org.eclipse.jetty.http.HttpParser
       - atEOF HttpParser{s=START,0 of -1}
15:06:48.388 [qtp1105322512-39]
       DEBUG org.eclipse.jetty.http.HttpParser - parseNext s=START
       HeapByteBuffer@a62eb869[p=0,l=0,c=8192,r=0]={&amp;lt;&amp;lt;&amp;lt;&amp;gt;&amp;gt;&amp;gt;GET
       /prefix/base ...\x00\x00\x00\x00\x00\x00\x00\x00\x00\x00\x00\x00\x00\x00\x00}
      
15:06:48.389 [qtp1105322512-39] DEBUG org.eclipse.jetty.http.HttpParser
       - START --&amp;gt; CLOSED
15:06:48.389 [qtp1105322512-39]
       DEBUG o.eclipse.jetty.io.AbstractEndPoint - onClose SelectChannelEndPoint@acb762b{/127.0.0.1:52053&amp;lt;-&amp;gt;8080,CLOSED,ISHUT,out,-,-,14/60000,HttpConnection}{io=0,kio=0,kro=1}
      
15:06:48.389 [qtp1105322512-39] DEBUG org.eclipse.jetty.io.ChannelEndPoint
       - close SelectChannelEndPoint@acb762b{/127.0.0.1:52053&amp;lt;-&amp;gt;8080,CLOSED,ISHUT,out,-,-,14/60000,HttpConnection}{io=0,kio=0,kro=1}
      
15:06:48.389 [qtp1105322512-39] DEBUG org.eclipse.jetty.io.SelectorManager
       - Destroyed SelectChannelEndPoint@acb762b{/127.0.0.1:52053&amp;lt;-&amp;gt;8080,CLOSED,ISHUT,OSHUT,-,-,14/60000,HttpConnection}{io=0,kio=-1,kro=-1}
      
15:06:48.389 [qtp1105322512-39] DEBUG o.e.jetty.io.AbstractConnection
       - onClose HttpConnection@7187f0e0{FILLING}
15:06:48.389 [qtp1105322512-39]
       DEBUG o.eclipse.jetty.io.AbstractEndPoint - onClose SelectChannelEndPoint@acb762b{/127.0.0.1:52053&amp;lt;-&amp;gt;8080,CLOSED,ISHUT,OSHUT,-,-,14/60000,HttpConnection}{io=0,kio=-1,kro=-1}
      
15:06:48.389 [qtp1105322512-39] DEBUG o.e.jetty.io.AbstractConnection
       - FILLING--&amp;gt;IDLE HttpConnection@7187f0e0{IDLE}
15:06:48.389
       [qtp1105322512-39] DEBUG o.e.jetty.server.HttpConnection -
       HttpConnection@4bc65910{FILLING} onFillable HttpChannelState@511474a9{s=IDLE
       i=true a=null}
15:06:48.389 [qtp1105322512-39] DEBUG org.eclipse.jetty.io.ChannelEndPoint
       - filled 157 SelectChannelEndPoint@7f86a558{/127.0.0.1:52054&amp;lt;-&amp;gt;8080,Open,in,out,-,-,11/60000,HttpConnection}{io=0,kio=0,kro=1}
      
15:06:48.389 [qtp1105322512-39] DEBUG org.eclipse.jetty.http.HttpParser
       - parseNext s=START HeapByteBuffer@a40ffc93[p=0,l=157,c=8192,r=157]={&amp;lt;&amp;lt;&amp;lt;GET
       /base HTTP/1.... keep-alive\r\n\r\n&amp;gt;&amp;gt;&amp;gt;\r\n\r\n\n\r\n\r\n\r\n\x00\x00\x00\x00\x00\x00...\x00\x00\x00\x00\x00\x00\x00\x00\x00\x00\x00\x00\x00\x00\x00}
      
15:06:48.389 [qtp1105322512-39] DEBUG org.eclipse.jetty.http.HttpParser
       - START --&amp;gt; SPACE1
15:06:48.389 [qtp1105322512-39]
       DEBUG org.eclipse.jetty.http.HttpParser - SPACE1 --&amp;gt;
       URI
15:06:48.389 [qtp1105322512-39] DEBUG org.eclipse.jetty.http.HttpParser
       - URI --&amp;gt; SPACE2
15:06:48.389 [qtp1105322512-39] DEBUG
       org.eclipse.jetty.http.HttpParser - SPACE2 --&amp;gt; REQUEST_VERSION
      
15:06:48.389 [qtp1105322512-39] DEBUG org.eclipse.jetty.http.HttpParser
       - REQUEST_VERSION --&amp;gt; HEADER
15:06:48.389 [qtp1105322512-39]
       DEBUG org.eclipse.jetty.http.HttpParser - HEADER --&amp;gt;
       HEADER_VALUE
15:06:48.389 [qtp1105322512-39] DEBUG org.eclipse.jetty.http.HttpParser
       - HEADER_VALUE --&amp;gt; HEADER_IN_VALUE
15:06:48.389 [qtp1105322512-39]
       DEBUG org.eclipse.jetty.http.HttpParser - HEADER_IN_VALUE
       --&amp;gt; HEADER
15:06:48.389 [qtp1105322512-39] DEBUG org.eclipse.jetty.http.HttpParser
       - HEADER --&amp;gt; HEADER_VALUE
15:06:48.389 [qtp1105322512-39]
       DEBUG org.eclipse.jetty.http.HttpParser - HEADER_VALUE --&amp;gt;
       HEADER_IN_VALUE
15:06:48.389 [qtp1105322512-39] DEBUG org.eclipse.jetty.http.HttpParser
       - HEADER_IN_VALUE --&amp;gt; HEADER
15:06:48.389 [qtp1105322512-39]
       DEBUG org.eclipse.jetty.http.HttpParser - HEADER --&amp;gt;
       HEADER_VALUE
15:06:48.389 [qtp1105322512-39] DEBUG org.eclipse.jetty.http.HttpParser
       - HEADER_VALUE --&amp;gt; HEADER_IN_VALUE
15:06:48.389 [qtp1105322512-39]
       DEBUG org.eclipse.jetty.http.HttpParser - HEADER_IN_VALUE
       --&amp;gt; HEADER
15:06:48.389 [qtp1105322512-39] DEBUG org.eclipse.jetty.http.HttpParser
       - HEADER --&amp;gt; HEADER_IN_VALUE
15:06:48.389 [qtp1105322512-39]
       DEBUG org.eclipse.jetty.http.HttpParser - HEADER_IN_VALUE
       --&amp;gt; HEADER
15:06:48.390 [qtp1105322512-39] DEBUG org.eclipse.jetty.http.HttpParser
       - HEADER --&amp;gt; END
15:06:48.390 [qtp1105322512-39] DEBUG
       org.eclipse.jetty.server.HttpChannel - HttpChannelOverHttp@6067028a{r=1,c=false,a=IDLE,uri=-}
       messageComplete
15:06:48.390 [qtp1105322512-39] DEBUG org.eclipse.jetty.server.HttpInput
       - HttpInputOverHTTP@60e0111a EOF
15:06:48.390 [qtp1105322512-39]
       DEBUG org.eclipse.jetty.server.HttpChannel - HttpChannelOverHttp@6067028a{r=1,c=false,a=IDLE,uri=-}
       handle enter
15:06:48.390 [qtp1105322512-39 - /base] DEBUG
       o.e.jetty.server.HttpChannelState - HttpChannelState@511474a9{s=IDLE
       i=true a=null} handling IDLE
15:06:48.390 [qtp1105322512-39
       - /base] DEBUG org.eclipse.jetty.server.HttpChannel - HttpChannelOverHttp@6067028a{r=1,c=false,a=DISPATCHED,uri=/base}
       action REQUEST_DISPATCH
15:06:48.390 [qtp1105322512-39 -
       /base] DEBUG org.eclipse.jetty.server.Server - REQUEST GET
       /base on HttpChannelOverHttp@6067028a{r=1,c=false,a=DISPATCHED,uri=/base}
      
15:06:48.390 [qtp1105322512-39 - /base] DEBUG o.e.j.server.handler.ContextHandler
       - scope null||/base @ o.e.j.s.ServletContextHandler@6f46426d{/,null,AVAILABLE}
      
15:06:48.390 [qtp1105322512-39 - /base] DEBUG o.e.j.server.handler.ContextHandler
       - context=||/base @ o.e.j.s.ServletContextHandler@6f46426d{/,null,AVAILABLE}
      
15:06:48.390 [qtp1105322512-39 - /base] DEBUG org.eclipse.jetty.server.session
       - sessionManager=org.eclipse.jetty.server.session.HashSessionManager@32ee6fee
      
15:06:48.390 [qtp1105322512-39 - /base] DEBUG org.eclipse.jetty.server.session
       - session=null
15:06:48.390 [qtp1105322512-39 - /base] DEBUG
       o.e.jetty.servlet.ServletHandler - servlet ||/base -&amp;gt;
       org.apache.felix.http.base.internal.DispatcherServlet-4738a206@cebacce0==org.apache.felix.http.base.internal.DispatcherServlet,-1,true
      
15:06:48.390 [qtp1105322512-39 - /base] DEBUG o.e.jetty.servlet.ServletHandler
       - chain=null
15:06:48.391 [qtp1105322512-39 - /base] DEBUG
       o.e.jetty.server.HttpConnection - org.eclipse.jetty.server.HttpConnection$SendCallback@66828cca[PROCESSING][i=ResponseInfo{HTTP/1.1
       404 null,282,false},cb=org.eclipse.jetty.server.HttpChannel$CommitCallback@28cfff93]
       generate: NEED_HEADER (null,[p=0,l=282,c=2048,r=282],true)@START
      
15:06:48.391 [qtp1105322512-39 - /base] DEBUG o.e.jetty.server.HttpConnection
       - org.eclipse.jetty.server.HttpConnection$SendCallback@66828cca[PROCESSING][i=ResponseInfo{HTTP/1.1
       404 null,282,false},cb=org.eclipse.jetty.server.HttpChannel$CommitCallback@28cfff93]
       generate: FLUSH ([p=0,l=249,c=16384,r=249],[p=0,l=282,c=2048,r=282],true)@COMPLETING
      
15:06:48.391 [qtp1105322512-39 - /base] DEBUG org.eclipse.jetty.io.WriteFlusher
       - write: WriteFlusher@654f9df5{IDLE} [HeapByteBuffer@4633a9c3[p=0,l=249,c=16384,r=249]={&amp;lt;&amp;lt;&amp;lt;HTTP/1.1
       404 Not ....v20150224)\r\n\r\n&amp;gt;&amp;gt;&amp;gt;y(9.2.9.v20150224...\x00\x00\x00\x00\x00\x00\x00\x00\x00\x00\x00\x00\x00\x00\x00},HeapByteBuffer@40c560e3[p=0,l=282,c=2048,r=282]={&amp;lt;&amp;lt;&amp;lt;&amp;lt;html&amp;gt;\n&amp;lt;head&amp;gt;\n&amp;lt;me.../body&amp;gt;\n&amp;lt;/html&amp;gt;\n&amp;gt;&amp;gt;&amp;gt;\x00\x00\x00\x00\x00\x00\x00\x00\x00\x00\x00\x00\x00\x00\x00\x00\x00...\x00\x00\x00\x00\x00\x00\x00\x00\x00\x00\x00\x00\x00\x00\x00}]
      
15:06:48.391 [qtp1105322512-39 - /base] DEBUG org.eclipse.jetty.io.WriteFlusher
       - update WriteFlusher@654f9df5{WRITING}:IDLE--&amp;gt;WRITING
      
15:06:48.391 [qtp1105322512-39 - /base] DEBUG org.eclipse.jetty.io.ChannelEndPoint
       - flushed 531 SelectChannelEndPoint@7f86a558{/127.0.0.1:52054&amp;lt;-&amp;gt;8080,Open,in,out,-,W,2/60000,HttpConnection}{io=0,kio=0,kro=1}
      
15:06:48.391 [qtp1105322512-39 - /base] DEBUG org.eclipse.jetty.io.WriteFlusher
       - update WriteFlusher@654f9df5{IDLE}:WRITING--&amp;gt;IDLE
      
15:06:48.392 [qtp1105322512-39 - /base] DEBUG o.e.jetty.server.HttpConnection
       - org.eclipse.jetty.server.HttpConnection$SendCallback@66828cca[PROCESSING][i=ResponseInfo{HTTP/1.1
       404 null,282,false},cb=org.eclipse.jetty.server.HttpChannel$CommitCallback@28cfff93]
       generate: DONE ([p=249,l=249,c=16384,r=0],[p=282,l=282,c=2048,r=0],true)@END
      
15:06:48.392 [qtp1105322512-39 - /base] DEBUG org.eclipse.jetty.server.Server
       - RESPONSE /base  404 handled=true
15:06:48.392 [qtp1105322512-39
       - /base] DEBUG o.e.jetty.server.HttpChannelState - HttpChannelState@511474a9{s=DISPATCHED
       i=true a=null} unhandle DISPATCHED
15:06:48.392 [qtp1105322512-39
       - /base] DEBUG org.eclipse.jetty.http.HttpParser - reset HttpParser{s=END,0
       of 0}
15:06:48.394 [qtp1105322512-39 - /base] DEBUG org.eclipse.jetty.http.HttpParser
       - END --&amp;gt; START
15:06:48.394 [qtp1105322512-39] DEBUG
       org.eclipse.jetty.server.HttpChannel - HttpChannelOverHttp@6067028a{r=1,c=false,a=IDLE,uri=-}
       handle exit, result COMPLETE
15:06:48.394 [qtp1105322512-39]
       DEBUG org.eclipse.jetty.io.ChannelEndPoint - filled -1 SelectChannelEndPoint@7f86a558{/127.0.0.1:52054&amp;lt;-&amp;gt;8080,Open,in,out,-,-,3/60000,HttpConnection}{io=0,kio=0,kro=1}
      
15:06:48.394 [qtp1105322512-39] DEBUG org.eclipse.jetty.io.ChannelEndPoint
       - ishut SelectChannelEndPoint@7f86a558{/127.0.0.1:52054&amp;lt;-&amp;gt;8080,Open,in,out,-,-,3/60000,HttpConnection}{io=0,kio=0,kro=1}
      
15:06:48.394 [qtp1105322512-39] DEBUG org.eclipse.jetty.http.HttpParser
       - atEOF HttpParser{s=START,0 of -1}
15:06:48.394 [qtp1105322512-39]
       DEBUG org.eclipse.jetty.http.HttpParser - parseNext s=START
       HeapByteBuffer@a62eb869[p=0,l=0,c=8192,r=0]={&amp;lt;&amp;lt;&amp;lt;&amp;gt;&amp;gt;&amp;gt;GET
       /prefix/base ...\x00\x00\x00\x00\x00\x00\x00\x00\x00\x00\x00\x00\x00\x00\x00}
      
15:06:48.394 [qtp1105322512-39] DEBUG org.eclipse.jetty.http.HttpParser
       - START --&amp;gt; CLOSED
15:06:48.395 [qtp1105322512-39]
       DEBUG o.eclipse.jetty.io.AbstractEndPoint - onClose SelectChannelEndPoint@7f86a558{/127.0.0.1:52054&amp;lt;-&amp;gt;8080,CLOSED,ISHUT,out,-,-,3/60000,HttpConnection}{io=0,kio=0,kro=1}
      
15:06:48.395 [qtp1105322512-39] DEBUG org.eclipse.jetty.io.ChannelEndPoint
       - close SelectChannelEndPoint@7f86a558{/127.0.0.1:52054&amp;lt;-&amp;gt;8080,CLOSED,ISHUT,out,-,-,4/60000,HttpConnection}{io=0,kio=0,kro=1}
      
15:06:48.395 [qtp1105322512-39] DEBUG org.eclipse.jetty.io.SelectorManager
       - Destroyed SelectChannelEndPoint@7f86a558{/127.0.0.1:52054&amp;lt;-&amp;gt;8080,CLOSED,ISHUT,OSHUT,-,-,4/60000,HttpConnection}{io=0,kio=-1,kro=-1}
      
15:06:48.395 [qtp1105322512-39] DEBUG o.e.jetty.io.AbstractConnection
       - onClose HttpConnection@4bc65910{FILLING}
15:06:48.395 [qtp1105322512-39]
       DEBUG o.eclipse.jetty.io.AbstractEndPoint - onClose SelectChannelEndPoint@7f86a558{/127.0.0.1:52054&amp;lt;-&amp;gt;8080,CLOSED,ISHUT,OSHUT,-,-,4/60000,HttpConnection}{io=0,kio=-1,kro=-1}
      
15:06:48.395 [qtp1105322512-39] DEBUG o.e.jetty.io.AbstractConnection
       - FILLING--&amp;gt;IDLE HttpConnection@4bc65910{IDLE}
15:06:48.395
       [qtp1105322512-37-acceptor-0@59402b8f-ServerConnector@6892b3b6{HTTP/1.1}{0.0.0.0:8080}]
       DEBUG org.eclipse.jetty.io.SelectorManager - Queued change
       org.eclipse.jetty.io.SelectorManager$ManagedSelector$Accept@21383b10
      
15:06:48.395 [qtp1105322512-33-selector-ServerConnectorManager@1530c739/0]
       DEBUG org.eclipse.jetty.io.SelectorManager - Selector loop
       woken up from select, 0/0 selected
15:06:48.396 [qtp1105322512-33-selector-ServerConnectorManager@1530c739/0]
       DEBUG org.eclipse.jetty.io.SelectorManager - Running change
       org.eclipse.jetty.io.SelectorManager$ManagedSelector$Accept@21383b10
      
15:06:48.397 [qtp1105322512-33-selector-ServerConnectorManager@1530c739/0]
       DEBUG o.eclipse.jetty.io.AbstractEndPoint - onOpen SelectChannelEndPoint@a8391b7{/127.0.0.1:52055&amp;lt;-&amp;gt;8080,Open,in,out,-,-,0/60000,null}{io=0,kio=0,kro=0}
      
15:06:48.397 [qtp1105322512-33-selector-ServerConnectorManager@1530c739/0]
       DEBUG org.eclipse.jetty.io.IdleTimeout - SelectChannelEndPoint@a8391b7{/127.0.0.1:52055&amp;lt;-&amp;gt;8080,Open,in,out,-,-,1/60000,null}{io=0,kio=0,kro=0}
       idle timeout check, elapsed: 1 ms, remaining: 59999 ms
15:06:48.398
       [qtp1105322512-33-selector-ServerConnectorManager@1530c739/0]
       DEBUG org.eclipse.jetty.server.HttpChannel - new HttpChannelOverHttp@444d70f7{r=0,c=false,a=IDLE,uri=-}
       -&amp;gt; SelectChannelEndPoint@a8391b7{/127.0.0.1:52055&amp;lt;-&amp;gt;8080,Open,in,out,-,-,2/60000,null}{io=0,kio=0,kro=0},null,HttpChannelState@1f290b9{s=IDLE
       i=true a=null}
15:06:48.398 [qtp1105322512-33-selector-ServerConnectorManager@1530c739/0]
       DEBUG o.e.jetty.server.HttpConnection - New HTTP Connection
       HttpConnection@386183ec{IDLE}
15:06:48.398 [qtp1105322512-33-selector-ServerConnectorManager@1530c739/0]
       DEBUG o.e.jetty.io.AbstractConnection - onOpen HttpConnection@386183ec{IDLE}
      
15:06:48.398 [qtp1105322512-33-selector-ServerConnectorManager@1530c739/0]
       DEBUG o.e.jetty.io.AbstractConnection - fillInterested HttpConnection@386183ec{IDLE}
      
15:06:48.398 [qtp1105322512-33-selector-ServerConnectorManager@1530c739/0]
       DEBUG o.e.jetty.io.AbstractConnection - IDLE--&amp;gt;FILL_INTERESTED
       HttpConnection@386183ec{FILL_INTERESTED}
15:06:48.398 [qtp1105322512-33-selector-ServerConnectorManager@1530c739/0]
       DEBUG o.e.jetty.io.SelectChannelEndPoint - Local interests
       updating 0 -&amp;gt; 1 for SelectChannelEndPoint@a8391b7{/127.0.0.1:52055&amp;lt;-&amp;gt;8080,Open,in,out,R,-,0/60000,HttpConnection}{io=1,kio=0,kro=0}
      
15:06:48.398 [qtp1105322512-33-selector-ServerConnectorManager@1530c739/0]
       DEBUG org.eclipse.jetty.io.SelectorManager - Running change
       org.eclipse.jetty.io.SelectChannelEndPoint$1@2ef9b37e
15:06:48.398
       [qtp1105322512-33-selector-ServerConnectorManager@1530c739/0]
       DEBUG o.e.jetty.io.SelectChannelEndPoint - Key interests updated
       0 -&amp;gt; 1 on SelectChannelEndPoint@a8391b7{/127.0.0.1:52055&amp;lt;-&amp;gt;8080,Open,in,out,R,-,0/60000,HttpConnection}{io=1,kio=1,kro=0}
      
15:06:48.398 [qtp1105322512-33-selector-ServerConnectorManager@1530c739/0]
       DEBUG org.eclipse.jetty.io.SelectorManager - Created SelectChannelEndPoint@a8391b7{/127.0.0.1:52055&amp;lt;-&amp;gt;8080,Open,in,out,R,-,0/60000,HttpConnection}{io=1,kio=1,kro=0}
      
15:06:48.398 [qtp1105322512-33-selector-ServerConnectorManager@1530c739/0]
       DEBUG org.eclipse.jetty.io.SelectorManager - Selector loop
       waiting on select
15:06:48.398 [qtp1105322512-33-selector-ServerConnectorManager@1530c739/0]
       DEBUG org.eclipse.jetty.io.SelectorManager - Selector loop
       woken up from select, 1/1 selected
15:06:48.398 [qtp1105322512-33-selector-ServerConnectorManager@1530c739/0]
       DEBUG o.e.jetty.io.SelectChannelEndPoint - Key interests updated
       1 -&amp;gt; 0 on SelectChannelEndPoint@a8391b7{/127.0.0.1:52055&amp;lt;-&amp;gt;8080,Open,in,out,R,-,0/60000,HttpConnection}{io=1,kio=0,kro=1}
      
15:06:48.398 [qtp1105322512-33-selector-ServerConnectorManager@1530c739/0]
       DEBUG o.e.jetty.io.SelectChannelEndPoint - Local interests
       updating 1 -&amp;gt; 0 for SelectChannelEndPoint@a8391b7{/127.0.0.1:52055&amp;lt;-&amp;gt;8080,Open,in,out,R,-,0/60000,HttpConnection}{io=0,kio=0,kro=1}
      
15:06:48.398 [qtp1105322512-33-selector-ServerConnectorManager@1530c739/0]
       DEBUG org.eclipse.jetty.io.SelectorManager - Running change
       org.eclipse.jetty.io.SelectChannelEndPoint$1@2ef9b37e
15:06:48.398
       [qtp1105322512-33-selector-ServerConnectorManager@1530c739/0]
       DEBUG o.e.jetty.io.AbstractConnection - FILL_INTERESTED--&amp;gt;FILLING
       HttpConnection@386183ec{FILLING}
15:06:48.398 [qtp1105322512-33-selector-ServerConnectorManager@1530c739/0]
       DEBUG org.eclipse.jetty.io.SelectorManager - Selector loop
       waiting on select
15:06:48.398 [qtp1105322512-35] DEBUG o.e.jetty.server.HttpConnection
       - HttpConnection@386183ec{FILLING} onFillable HttpChannelState@1f290b9{s=IDLE
       i=true a=null}
15:06:48.399 [qtp1105322512-35] DEBUG org.eclipse.jetty.io.ChannelEndPoint
       - filled 157 SelectChannelEndPoint@a8391b7{/127.0.0.1:52055&amp;lt;-&amp;gt;8080,Open,in,out,-,-,0/60000,HttpConnection}{io=0,kio=0,kro=1}
      
15:06:48.399 [qtp1105322512-35] DEBUG org.eclipse.jetty.http.HttpParser
       - parseNext s=START HeapByteBuffer@a40ffc93[p=0,l=157,c=8192,r=157]={&amp;lt;&amp;lt;&amp;lt;GET
       /base HTTP/1.... keep-alive\r\n\r\n&amp;gt;&amp;gt;&amp;gt;\r\n\r\n\n\r\n\r\n\r\n\x00\x00\x00\x00\x00\x00...\x00\x00\x00\x00\x00\x00\x00\x00\x00\x00\x00\x00\x00\x00\x00}
      
15:06:48.399 [qtp1105322512-35] DEBUG org.eclipse.jetty.http.HttpParser
       - START --&amp;gt; SPACE1
15:06:48.399 [qtp1105322512-35]
       DEBUG org.eclipse.jetty.http.HttpParser - SPACE1 --&amp;gt;
       URI
15:06:48.399 [qtp1105322512-35] DEBUG org.eclipse.jetty.http.HttpParser
       - URI --&amp;gt; SPACE2
15:06:48.399 [qtp1105322512-35] DEBUG
       org.eclipse.jetty.http.HttpParser - SPACE2 --&amp;gt; REQUEST_VERSION
      
15:06:48.399 [qtp1105322512-35] DEBUG org.eclipse.jetty.http.HttpParser
       - REQUEST_VERSION --&amp;gt; HEADER
15:06:48.399 [qtp1105322512-35]
       DEBUG org.eclipse.jetty.http.HttpParser - HEADER --&amp;gt;
       HEADER_VALUE
15:06:48.399 [qtp1105322512-35] DEBUG org.eclipse.jetty.http.HttpParser
       - HEADER_VALUE --&amp;gt; HEADER_IN_VALUE
15:06:48.399 [qtp1105322512-35]
       DEBUG org.eclipse.jetty.http.HttpParser - HEADER_IN_VALUE
       --&amp;gt; HEADER
15:06:48.399 [qtp1105322512-35] DEBUG org.eclipse.jetty.http.HttpParser
       - HEADER --&amp;gt; HEADER_VALUE
15:06:48.399 [qtp1105322512-35]
       DEBUG org.eclipse.jetty.http.HttpParser - HEADER_VALUE --&amp;gt;
       HEADER_IN_VALUE
15:06:48.399 [qtp1105322512-35] DEBUG org.eclipse.jetty.http.HttpParser
       - HEADER_IN_VALUE --&amp;gt; HEADER
15:06:48.399 [qtp1105322512-35]
       DEBUG org.eclipse.jetty.http.HttpParser - HEADER --&amp;gt;
       HEADER_VALUE
15:06:48.399 [qtp1105322512-35] DEBUG org.eclipse.jetty.http.HttpParser
       - HEADER_VALUE --&amp;gt; HEADER_IN_VALUE
15:06:48.399 [qtp1105322512-35]
       DEBUG org.eclipse.jetty.http.HttpParser - HEADER_IN_VALUE
       --&amp;gt; HEADER
15:06:48.399 [qtp1105322512-35] DEBUG org.eclipse.jetty.http.HttpParser
       - HEADER --&amp;gt; HEADER_IN_VALUE
15:06:48.399 [qtp1105322512-35]
       DEBUG org.eclipse.jetty.http.HttpParser - HEADER_IN_VALUE
       --&amp;gt; HEADER
15:06:48.399 [qtp1105322512-35] DEBUG org.eclipse.jetty.http.HttpParser
       - HEADER --&amp;gt; END
15:06:48.399 [qtp1105322512-35] DEBUG
       org.eclipse.jetty.server.HttpChannel - HttpChannelOverHttp@444d70f7{r=1,c=false,a=IDLE,uri=-}
       messageComplete
15:06:48.399 [qtp1105322512-35] DEBUG org.eclipse.jetty.server.HttpInput
       - HttpInputOverHTTP@7ba380a8 EOF
15:06:48.399 [qtp1105322512-35]
       DEBUG org.eclipse.jetty.server.HttpChannel - HttpChannelOverHttp@444d70f7{r=1,c=false,a=IDLE,uri=-}
       handle enter
15:06:48.400 [qtp1105322512-35 - /base] DEBUG
       o.e.jetty.server.HttpChannelState - HttpChannelState@1f290b9{s=IDLE
       i=true a=null} handling IDLE
15:06:48.400 [qtp1105322512-35
       - /base] DEBUG org.eclipse.jetty.server.HttpChannel - HttpChannelOverHttp@444d70f7{r=1,c=false,a=DISPATCHED,uri=/base}
       action REQUEST_DISPATCH
15:06:48.400 [qtp1105322512-35 -
       /base] DEBUG org.eclipse.jetty.server.Server - REQUEST GET
       /base on HttpChannelOverHttp@444d70f7{r=1,c=false,a=DISPATCHED,uri=/base}
      
15:06:48.400 [qtp1105322512-35 - /base] DEBUG o.e.j.server.handler.ContextHandler
       - scope null||/base @ o.e.j.s.ServletContextHandler@6f46426d{/,null,AVAILABLE}
      
15:06:48.400 [qtp1105322512-35 - /base] DEBUG o.e.j.server.handler.ContextHandler
       - context=||/base @ o.e.j.s.ServletContextHandler@6f46426d{/,null,AVAILABLE}
      
15:06:48.400 [qtp1105322512-35 - /base] DEBUG org.eclipse.jetty.server.session
       - sessionManager=org.eclipse.jetty.server.session.HashSessionManager@32ee6fee
      
15:06:48.400 [qtp1105322512-35 - /base] DEBUG org.eclipse.jetty.server.session
       - session=null
15:06:48.400 [qtp1105322512-35 - /base] DEBUG
       o.e.jetty.servlet.ServletHandler - servlet ||/base -&amp;gt;
       org.apache.felix.http.base.internal.DispatcherServlet-4738a206@cebacce0==org.apache.felix.http.base.internal.DispatcherServlet,-1,true
      
15:06:48.400 [qtp1105322512-35 - /base] DEBUG o.e.jetty.servlet.ServletHandler
       - chain=null
15:06:48.411 [qtp1105322512-35 - /base] DEBUG
       o.e.jetty.server.HttpConnection - org.eclipse.jetty.server.HttpConnection$SendCallback@2ebe98c4[PROCESSING][i=ResponseInfo{HTTP/1.1
       200 null,-1,false},cb=org.eclipse.jetty.server.HttpChannel$CommitCallback@1e976b82]
       generate: NEED_HEADER (null,[p=0,l=4,c=24576,r=4],false)@START
      
15:06:48.411 [qtp1105322512-35 - /base] DEBUG o.e.jetty.server.HttpConnection
       - org.eclipse.jetty.server.HttpConnection$SendCallback@2ebe98c4[PROCESSING][i=ResponseInfo{HTTP/1.1
       200 null,-1,false},cb=org.eclipse.jetty.server.HttpChannel$CommitCallback@1e976b82]
       generate: FLUSH ([p=0,l=182,c=16384,r=182],[p=0,l=4,c=24576,r=4],false)@COMMITTED
      
15:06:48.411 [qtp1105322512-35 - /base] DEBUG org.eclipse.jetty.io.WriteFlusher
       - write: WriteFlusher@37619c05{IDLE} [HeapByteBuffer@9e1b6725[p=0,l=182,c=16384,r=182]={&amp;lt;&amp;lt;&amp;lt;HTTP/1.1
       200 OK\r\n...0150224)\r\n\r\n4\r\n&amp;gt;&amp;gt;&amp;gt;r:
       Jetty(9.2.9.v2...\x00\x00\x00\x00\x00\x00\x00\x00\x00\x00\x00\x00\x00\x00\x00},HeapByteBuffer@bed06bb5[p=0,l=4,c=24576,r=4]={&amp;lt;&amp;lt;&amp;lt;base&amp;gt;&amp;gt;&amp;gt;o
       Worldello World...\x00\x00\x00\x00\x00\x00\x00\x00\x00\x00\x00\x00\x00\x00\x00}]
      
15:06:48.411 [qtp1105322512-35 - /base] DEBUG org.eclipse.jetty.io.WriteFlusher
       - update WriteFlusher@37619c05{WRITING}:IDLE--&amp;gt;WRITING
      
15:06:48.412 [qtp1105322512-35 - /base] DEBUG org.eclipse.jetty.io.ChannelEndPoint
       - flushed 186 SelectChannelEndPoint@a8391b7{/127.0.0.1:52055&amp;lt;-&amp;gt;8080,Open,in,out,-,W,13/60000,HttpConnection}{io=0,kio=0,kro=1}
      
15:06:48.412 [qtp1105322512-35 - /base] DEBUG org.eclipse.jetty.io.WriteFlusher
       - update WriteFlusher@37619c05{IDLE}:WRITING--&amp;gt;IDLE
      
15:06:48.412 [qtp1105322512-35 - /base] DEBUG o.e.jetty.server.HttpConnection
       - org.eclipse.jetty.server.HttpConnection$SendCallback@2ebe98c4[PROCESSING][i=ResponseInfo{HTTP/1.1
       200 null,-1,false},cb=org.eclipse.jetty.server.HttpChannel$CommitCallback@1e976b82]
       generate: DONE ([p=182,l=182,c=16384,r=0],[p=4,l=4,c=24576,r=0],false)@COMMITTED
      
15:06:48.412 [qtp1105322512-35 - /base] DEBUG org.eclipse.jetty.server.Server
       - RESPONSE /base  200 handled=true
15:06:48.412 [qtp1105322512-35
       - /base] DEBUG o.e.jetty.server.HttpChannelState - HttpChannelState@1f290b9{s=DISPATCHED
       i=true a=null} unhandle DISPATCHED
15:06:48.412 [qtp1105322512-35
       - /base] DEBUG o.e.jetty.server.HttpConnection - org.eclipse.jetty.server.HttpConnection$SendCallback@2ebe98c4[PROCESSING][i=null,cb=Blocker@43860cba{null}]
       generate: CONTINUE (null,[p=0,l=0,c=0,r=0],true)@COMPLETING
      
15:06:48.412 [qtp1105322512-35 - /base] DEBUG o.e.jetty.server.HttpConnection
       - org.eclipse.jetty.server.HttpConnection$SendCallback@2ebe98c4[PROCESSING][i=null,cb=Blocker@43860cba{null}]
       generate: NEED_CHUNK (null,[p=0,l=0,c=0,r=0],true)@COMPLETING
      
15:06:48.412 [qtp1105322512-35 - /base] DEBUG o.e.jetty.server.HttpConnection
       - org.eclipse.jetty.server.HttpConnection$SendCallback@2ebe98c4[PROCESSING][i=null,cb=Blocker@43860cba{null}]
       generate: FLUSH (null,[p=0,l=0,c=0,r=0],true)@COMPLETING
      
15:06:48.412 [qtp1105322512-35 - /base] DEBUG org.eclipse.jetty.io.WriteFlusher
       - write: WriteFlusher@37619c05{IDLE} [HeapByteBuffer@6239c7f4[p=0,l=7,c=1024,r=7]={&amp;lt;&amp;lt;&amp;lt;\r\n0\r\n\r\n&amp;gt;&amp;gt;&amp;gt;\x00\x00\x00\x00\x00\x00\x00\x00\x00\x00\x00\x00\x00\x00\x00\x00\x00...\x00\x00\x00\x00\x00\x00\x00\x00\x00\x00\x00\x00\x00\x00\x00}]
      
15:06:48.412 [qtp1105322512-35 - /base] DEBUG org.eclipse.jetty.io.WriteFlusher
       - update WriteFlusher@37619c05{WRITING}:IDLE--&amp;gt;WRITING
      
15:06:48.412 [qtp1105322512-35 - /base] DEBUG org.eclipse.jetty.io.ChannelEndPoint
       - flushed 7 SelectChannelEndPoint@a8391b7{/127.0.0.1:52055&amp;lt;-&amp;gt;8080,Open,in,out,-,W,0/60000,HttpConnection}{io=0,kio=0,kro=1}
      
15:06:48.413 [qtp1105322512-35 - /base] DEBUG org.eclipse.jetty.io.WriteFlusher
       - update WriteFlusher@37619c05{IDLE}:WRITING--&amp;gt;IDLE
      
15:06:48.413 [qtp1105322512-35 - /base] DEBUG o.e.jetty.server.HttpConnection
       - org.eclipse.jetty.server.HttpConnection$SendCallback@2ebe98c4[PROCESSING][i=null,cb=Blocker@43860cba{null}]
       generate: DONE (null,[p=0,l=0,c=0,r=0],true)@END
15:06:48.413
       [qtp1105322512-35 - /base] DEBUG org.eclipse.jetty.http.HttpParser
       - reset HttpParser{s=END,0 of 0}
15:06:48.413 [qtp1105322512-35
       - /base] DEBUG org.eclipse.jetty.http.HttpParser - END --&amp;gt;
       START
15:06:48.413 [qtp1105322512-35] DEBUG org.eclipse.jetty.server.HttpChannel
       - HttpChannelOverHttp@444d70f7{r=1,c=false,a=IDLE,uri=-} handle
       exit, result COMPLETE
15:06:48.415 [qtp1105322512-35] DEBUG
       org.eclipse.jetty.io.ChannelEndPoint - filled -1 SelectChannelEndPoint@a8391b7{/127.0.0.1:52055&amp;lt;-&amp;gt;8080,Open,in,out,-,-,2/60000,HttpConnection}{io=0,kio=0,kro=1}
      
15:06:48.415 [qtp1105322512-35] DEBUG org.eclipse.jetty.io.ChannelEndPoint
       - ishut SelectChannelEndPoint@a8391b7{/127.0.0.1:52055&amp;lt;-&amp;gt;8080,Open,in,out,-,-,2/60000,HttpConnection}{io=0,kio=0,kro=1}
      
15:06:48.415 [qtp1105322512-35] DEBUG org.eclipse.jetty.http.HttpParser
       - atEOF HttpParser{s=START,0 of -1}
15:06:48.415 [qtp1105322512-35]
       DEBUG org.eclipse.jetty.http.HttpParser - parseNext s=START
       HeapByteBuffer@a62eb869[p=0,l=0,c=8192,r=0]={&amp;lt;&amp;lt;&amp;lt;&amp;gt;&amp;gt;&amp;gt;GET
       /prefix/base ...\x00\x00\x00\x00\x00\x00\x00\x00\x00\x00\x00\x00\x00\x00\x00}
      
15:06:48.415 [qtp1105322512-35] DEBUG org.eclipse.jetty.http.HttpParser
       - START --&amp;gt; CLOSED
15:06:48.416 [qtp1105322512-35]
       DEBUG o.eclipse.jetty.io.AbstractEndPoint - onClose SelectChannelEndPoint@a8391b7{/127.0.0.1:52055&amp;lt;-&amp;gt;8080,CLOSED,ISHUT,out,-,-,2/60000,HttpConnection}{io=0,kio=0,kro=1}
      
15:06:48.416 [qtp1105322512-35] DEBUG org.eclipse.jetty.io.ChannelEndPoint
       - close SelectChannelEndPoint@a8391b7{/127.0.0.1:52055&amp;lt;-&amp;gt;8080,CLOSED,ISHUT,out,-,-,3/60000,HttpConnection}{io=0,kio=0,kro=1}
      
15:06:48.416 [qtp1105322512-35] DEBUG org.eclipse.jetty.io.SelectorManager
       - Destroyed SelectChannelEndPoint@a8391b7{/127.0.0.1:52055&amp;lt;-&amp;gt;8080,CLOSED,ISHUT,OSHUT,-,-,3/60000,HttpConnection}{io=0,kio=-1,kro=-1}
      
15:06:48.416 [qtp1105322512-35] DEBUG o.e.jetty.io.AbstractConnection
       - onClose HttpConnection@386183ec{FILLING}
15:06:48.416 [qtp1105322512-35]
       DEBUG o.eclipse.jetty.io.AbstractEndPoint - onClose SelectChannelEndPoint@a8391b7{/127.0.0.1:52055&amp;lt;-&amp;gt;8080,CLOSED,ISHUT,OSHUT,-,-,3/60000,HttpConnection}{io=0,kio=-1,kro=-1}
      
15:06:48.416 [qtp1105322512-35] DEBUG o.e.jetty.io.AbstractConnection
       - FILLING--&amp;gt;IDLE HttpConnection@386183ec{IDLE}
15:06:48.426
       [qtp1105322512-37-acceptor-0@59402b8f-ServerConnector@6892b3b6{HTTP/1.1}{0.0.0.0:8080}]
       DEBUG org.eclipse.jetty.io.SelectorManager - Queued change
       org.eclipse.jetty.io.SelectorManager$ManagedSelector$Accept@658f4a8
      
15:06:48.426 [qtp1105322512-34-selector-ServerConnectorManager@1530c739/1]
       DEBUG org.eclipse.jetty.io.SelectorManager - Selector loop
       woken up from select, 0/0 selected
15:06:48.426 [qtp1105322512-34-selector-ServerConnectorManager@1530c739/1]
       DEBUG org.eclipse.jetty.io.SelectorManager - Running change
       org.eclipse.jetty.io.SelectorManager$ManagedSelector$Accept@658f4a8
      
15:06:48.426 [qtp1105322512-34-selector-ServerConnectorManager@1530c739/1]
       DEBUG o.eclipse.jetty.io.AbstractEndPoint - onOpen SelectChannelEndPoint@2b483e1d{/127.0.0.1:52056&amp;lt;-&amp;gt;8080,Open,in,out,-,-,0/60000,null}{io=0,kio=0,kro=0}
      
15:06:48.426 [qtp1105322512-34-selector-ServerConnectorManager@1530c739/1]
       DEBUG org.eclipse.jetty.io.IdleTimeout - SelectChannelEndPoint@2b483e1d{/127.0.0.1:52056&amp;lt;-&amp;gt;8080,Open,in,out,-,-,0/60000,null}{io=0,kio=0,kro=0}
       idle timeout check, elapsed: 0 ms, remaining: 60000 ms
15:06:48.427
       [qtp1105322512-34-selector-ServerConnectorManager@1530c739/1]
       DEBUG org.eclipse.jetty.server.HttpChannel - new HttpChannelOverHttp@523ffcbd{r=0,c=false,a=IDLE,uri=-}
       -&amp;gt; SelectChannelEndPoint@2b483e1d{/127.0.0.1:52056&amp;lt;-&amp;gt;8080,Open,in,out,-,-,1/60000,null}{io=0,kio=0,kro=0},null,HttpChannelState@57d03d9e{s=IDLE
       i=true a=null}
15:06:48.427 [qtp1105322512-34-selector-ServerConnectorManager@1530c739/1]
       DEBUG o.e.jetty.server.HttpConnection - New HTTP Connection
       HttpConnection@531a193d{IDLE}
15:06:48.427 [qtp1105322512-34-selector-ServerConnectorManager@1530c739/1]
       DEBUG o.e.jetty.io.AbstractConnection - onOpen HttpConnection@531a193d{IDLE}
      
15:06:48.427 [qtp1105322512-34-selector-ServerConnectorManager@1530c739/1]
       DEBUG o.e.jetty.io.AbstractConnection - fillInterested HttpConnection@531a193d{IDLE}
      
15:06:48.427 [qtp1105322512-34-selector-ServerConnectorManager@1530c739/1]
       DEBUG o.e.jetty.io.AbstractConnection - IDLE--&amp;gt;FILL_INTERESTED
       HttpConnection@531a193d{FILL_INTERESTED}
15:06:48.427 [qtp1105322512-34-selector-ServerConnectorManager@1530c739/1]
       DEBUG o.e.jetty.io.SelectChannelEndPoint - Local interests
       updating 0 -&amp;gt; 1 for SelectChannelEndPoint@2b483e1d{/127.0.0.1:52056&amp;lt;-&amp;gt;8080,Open,in,out,R,-,0/60000,HttpConnection}{io=1,kio=0,kro=0}
      
15:06:48.427 [qtp1105322512-34-selector-ServerConnectorManager@1530c739/1]
       DEBUG org.eclipse.jetty.io.SelectorManager - Running change
       org.eclipse.jetty.io.SelectChannelEndPoint$1@39486d95
15:06:48.427
       [qtp1105322512-34-selector-ServerConnectorManager@1530c739/1]
       DEBUG o.e.jetty.io.SelectChannelEndPoint - Key interests updated
       0 -&amp;gt; 1 on SelectChannelEndPoint@2b483e1d{/127.0.0.1:52056&amp;lt;-&amp;gt;8080,Open,in,out,R,-,0/60000,HttpConnection}{io=1,kio=1,kro=0}
      
15:06:48.427 [qtp1105322512-34-selector-ServerConnectorManager@1530c739/1]
       DEBUG org.eclipse.jetty.io.SelectorManager - Created SelectChannelEndPoint@2b483e1d{/127.0.0.1:52056&amp;lt;-&amp;gt;8080,Open,in,out,R,-,0/60000,HttpConnection}{io=1,kio=1,kro=0}
      
15:06:48.427 [qtp1105322512-34-selector-ServerConnectorManager@1530c739/1]
       DEBUG org.eclipse.jetty.io.SelectorManager - Selector loop
       waiting on select
15:06:48.427 [qtp1105322512-34-selector-ServerConnectorManager@1530c739/1]
       DEBUG org.eclipse.jetty.io.SelectorManager - Selector loop
       woken up from select, 1/1 selected
15:06:48.427 [qtp1105322512-34-selector-ServerConnectorManager@1530c739/1]
       DEBUG o.e.jetty.io.SelectChannelEndPoint - Key interests updated
       1 -&amp;gt; 0 on SelectChannelEndPoint@2b483e1d{/127.0.0.1:52056&amp;lt;-&amp;gt;8080,Open,in,out,R,-,0/60000,HttpConnection}{io=1,kio=0,kro=1}
      
15:06:48.427 [qtp1105322512-34-selector-ServerConnectorManager@1530c739/1]
       DEBUG o.e.jetty.io.SelectChannelEndPoint - Local interests
       updating 1 -&amp;gt; 0 for SelectChannelEndPoint@2b483e1d{/127.0.0.1:52056&amp;lt;-&amp;gt;8080,Open,in,out,R,-,0/60000,HttpConnection}{io=0,kio=0,kro=1}
      
15:06:48.427 [qtp1105322512-34-selector-ServerConnectorManager@1530c739/1]
       DEBUG org.eclipse.jetty.io.SelectorManager - Running change
       org.eclipse.jetty.io.SelectChannelEndPoint$1@39486d95
15:06:48.428
       [qtp1105322512-34-selector-ServerConnectorManager@1530c739/1]
       DEBUG o.e.jetty.io.AbstractConnection - FILL_INTERESTED--&amp;gt;FILLING
       HttpConnection@531a193d{FILLING}
15:06:48.428 [qtp1105322512-34-selector-ServerConnectorManager@1530c739/1]
       DEBUG org.eclipse.jetty.io.SelectorManager - Selector loop
       waiting on select
15:06:48.428 [qtp1105322512-32] DEBUG o.e.jetty.server.HttpConnection
       - HttpConnection@531a193d{FILLING} onFillable HttpChannelState@57d03d9e{s=IDLE
       i=true a=null}
15:06:48.428 [qtp1105322512-32] DEBUG org.eclipse.jetty.io.ChannelEndPoint
       - filled 157 SelectChannelEndPoint@2b483e1d{/127.0.0.1:52056&amp;lt;-&amp;gt;8080,Open,in,out,-,-,1/60000,HttpConnection}{io=0,kio=0,kro=1}
      
15:06:48.428 [qtp1105322512-32] DEBUG org.eclipse.jetty.http.HttpParser
       - parseNext s=START HeapByteBuffer@a40ffc93[p=0,l=157,c=8192,r=157]={&amp;lt;&amp;lt;&amp;lt;GET
       /base HTTP/1.... keep-alive\r\n\r\n&amp;gt;&amp;gt;&amp;gt;\r\n\r\n\n\r\n\r\n\r\n\x00\x00\x00\x00\x00\x00...\x00\x00\x00\x00\x00\x00\x00\x00\x00\x00\x00\x00\x00\x00\x00}
      
15:06:48.429 [qtp1105322512-32] DEBUG org.eclipse.jetty.http.HttpParser
       - START --&amp;gt; SPACE1
15:06:48.429 [qtp1105322512-32]
       DEBUG org.eclipse.jetty.http.HttpParser - SPACE1 --&amp;gt;
       URI
15:06:48.429 [qtp1105322512-32] DEBUG org.eclipse.jetty.http.HttpParser
       - URI --&amp;gt; SPACE2
15:06:48.429 [qtp1105322512-32] DEBUG
       org.eclipse.jetty.http.HttpParser - SPACE2 --&amp;gt; REQUEST_VERSION
      
15:06:48.429 [qtp1105322512-32] DEBUG org.eclipse.jetty.http.HttpParser
       - REQUEST_VERSION --&amp;gt; HEADER
15:06:48.429 [qtp1105322512-32]
       DEBUG org.eclipse.jetty.http.HttpParser - HEADER --&amp;gt;
       HEADER_VALUE
15:06:48.429 [qtp1105322512-32] DEBUG org.eclipse.jetty.http.HttpParser
       - HEADER_VALUE --&amp;gt; HEADER_IN_VALUE
15:06:48.429 [qtp1105322512-32]
       DEBUG org.eclipse.jetty.http.HttpParser - HEADER_IN_VALUE
       --&amp;gt; HEADER
15:06:48.429 [qtp1105322512-32] DEBUG org.eclipse.jetty.http.HttpParser
       - HEADER --&amp;gt; HEADER_VALUE
15:06:48.429 [qtp1105322512-32]
       DEBUG org.eclipse.jetty.http.HttpParser - HEADER_VALUE --&amp;gt;
       HEADER_IN_VALUE
15:06:48.429 [qtp1105322512-32] DEBUG org.eclipse.jetty.http.HttpParser
       - HEADER_IN_VALUE --&amp;gt; HEADER
15:06:48.429 [qtp1105322512-32]
       DEBUG org.eclipse.jetty.http.HttpParser - HEADER --&amp;gt;
       HEADER_VALUE
15:06:48.429 [qtp1105322512-32] DEBUG org.eclipse.jetty.http.HttpParser
       - HEADER_VALUE --&amp;gt; HEADER_IN_VALUE
15:06:48.429 [qtp1105322512-32]
       DEBUG org.eclipse.jetty.http.HttpParser - HEADER_IN_VALUE
       --&amp;gt; HEADER
15:06:48.430 [qtp1105322512-32] DEBUG org.eclipse.jetty.http.HttpParser
       - HEADER --&amp;gt; HEADER_IN_VALUE
15:06:48.430 [qtp1105322512-32]
       DEBUG org.eclipse.jetty.http.HttpParser - HEADER_IN_VALUE
       --&amp;gt; HEADER
15:06:48.430 [qtp1105322512-32] DEBUG org.eclipse.jetty.http.HttpParser
       - HEADER --&amp;gt; END
15:06:48.430 [qtp1105322512-32] DEBUG
       org.eclipse.jetty.server.HttpChannel - HttpChannelOverHttp@523ffcbd{r=1,c=false,a=IDLE,uri=-}
       messageComplete
15:06:48.430 [qtp1105322512-32] DEBUG org.eclipse.jetty.server.HttpInput
       - HttpInputOverHTTP@60ffd25a EOF
15:06:48.430 [qtp1105322512-32]
       DEBUG org.eclipse.jetty.server.HttpChannel - HttpChannelOverHttp@523ffcbd{r=1,c=false,a=IDLE,uri=-}
       handle enter
15:06:48.430 [qtp1105322512-32 - /base] DEBUG
       o.e.jetty.server.HttpChannelState - HttpChannelState@57d03d9e{s=IDLE
       i=true a=null} handling IDLE
15:06:48.430 [qtp1105322512-32
       - /base] DEBUG org.eclipse.jetty.server.HttpChannel - HttpChannelOverHttp@523ffcbd{r=1,c=false,a=DISPATCHED,uri=/base}
       action REQUEST_DISPATCH
15:06:48.430 [qtp1105322512-32 -
       /base] DEBUG org.eclipse.jetty.server.Server - REQUEST GET
       /base on HttpChannelOverHttp@523ffcbd{r=1,c=false,a=DISPATCHED,uri=/base}
      
15:06:48.430 [qtp1105322512-32 - /base] DEBUG o.e.j.server.handler.ContextHandler
       - scope null||/base @ o.e.j.s.ServletContextHandler@6f46426d{/,null,AVAILABLE}
      
15:06:48.430 [qtp1105322512-32 - /base] DEBUG o.e.j.server.handler.ContextHandler
       - context=||/base @ o.e.j.s.ServletContextHandler@6f46426d{/,null,AVAILABLE}
      
15:06:48.431 [qtp1105322512-32 - /base] DEBUG org.eclipse.jetty.server.session
       - sessionManager=org.eclipse.jetty.server.session.HashSessionManager@32ee6fee
      
15:06:48.431 [qtp1105322512-32 - /base] DEBUG org.eclipse.jetty.server.session
       - session=null
15:06:48.431 [qtp1105322512-32 - /base] DEBUG
       o.e.jetty.servlet.ServletHandler - servlet ||/base -&amp;gt;
       org.apache.felix.http.base.internal.DispatcherServlet-4738a206@cebacce0==org.apache.felix.http.base.internal.DispatcherServlet,-1,true
      
15:06:48.431 [qtp1105322512-32 - /base] DEBUG o.e.jetty.servlet.ServletHandler
       - chain=null
15:06:48.431 [qtp1105322512-32 - /base] DEBUG
       o.e.jetty.server.HttpConnection - org.eclipse.jetty.server.HttpConnection$SendCallback@14e3abbb[PROCESSING][i=ResponseInfo{HTTP/1.1
       404 null,282,false},cb=org.eclipse.jetty.server.HttpChannel$CommitCallback@564292c8]
       generate: NEED_HEADER (null,[p=0,l=282,c=2048,r=282],true)@START
      
15:06:48.431 [qtp1105322512-32 - /base] DEBUG o.e.jetty.server.HttpConnection
       - org.eclipse.jetty.server.HttpConnection$SendCallback@14e3abbb[PROCESSING][i=ResponseInfo{HTTP/1.1
       404 null,282,false},cb=org.eclipse.jetty.server.HttpChannel$CommitCallback@564292c8]
       generate: FLUSH ([p=0,l=249,c=16384,r=249],[p=0,l=282,c=2048,r=282],true)@COMPLETING
      
15:06:48.431 [qtp1105322512-32 - /base] DEBUG org.eclipse.jetty.io.WriteFlusher
       - write: WriteFlusher@32d7766f{IDLE} [HeapByteBuffer@4633a9c3[p=0,l=249,c=16384,r=249]={&amp;lt;&amp;lt;&amp;lt;HTTP/1.1
       404 Not ....v20150224)\r\n\r\n&amp;gt;&amp;gt;&amp;gt;y(9.2.9.v20150224...\x00\x00\x00\x00\x00\x00\x00\x00\x00\x00\x00\x00\x00\x00\x00},HeapByteBuffer@40c560e3[p=0,l=282,c=2048,r=282]={&amp;lt;&amp;lt;&amp;lt;&amp;lt;html&amp;gt;\n&amp;lt;head&amp;gt;\n&amp;lt;me.../body&amp;gt;\n&amp;lt;/html&amp;gt;\n&amp;gt;&amp;gt;&amp;gt;\x00\x00\x00\x00\x00\x00\x00\x00\x00\x00\x00\x00\x00\x00\x00\x00\x00...\x00\x00\x00\x00\x00\x00\x00\x00\x00\x00\x00\x00\x00\x00\x00}]
      
15:06:48.432 [qtp1105322512-32 - /base] DEBUG org.eclipse.jetty.io.WriteFlusher
       - update WriteFlusher@32d7766f{WRITING}:IDLE--&amp;gt;WRITING
      
15:06:48.432 [qtp1105322512-32 - /base] DEBUG org.eclipse.jetty.io.ChannelEndPoint
       - flushed 531 SelectChannelEndPoint@2b483e1d{/127.0.0.1:52056&amp;lt;-&amp;gt;8080,Open,in,out,-,W,4/60000,HttpConnection}{io=0,kio=0,kro=1}
      
15:06:48.432 [qtp1105322512-32 - /base] DEBUG org.eclipse.jetty.io.WriteFlusher
       - update WriteFlusher@32d7766f{IDLE}:WRITING--&amp;gt;IDLE
      
15:06:48.432 [qtp1105322512-32 - /base] DEBUG o.e.jetty.server.HttpConnection
       - org.eclipse.jetty.server.HttpConnection$SendCallback@14e3abbb[PROCESSING][i=ResponseInfo{HTTP/1.1
       404 null,282,false},cb=org.eclipse.jetty.server.HttpChannel$CommitCallback@564292c8]
       generate: DONE ([p=249,l=249,c=16384,r=0],[p=282,l=282,c=2048,r=0],true)@END
      
15:06:48.432 [qtp1105322512-32 - /base] DEBUG org.eclipse.jetty.server.Server
       - RESPONSE /base  404 handled=true
15:06:48.432 [qtp1105322512-32
       - /base] DEBUG o.e.jetty.server.HttpChannelState - HttpChannelState@57d03d9e{s=DISPATCHED
       i=true a=null} unhandle DISPATCHED
15:06:48.432 [qtp1105322512-32
       - /base] DEBUG org.eclipse.jetty.http.HttpParser - reset HttpParser{s=END,0
       of 0}
15:06:48.432 [qtp1105322512-32 - /base] DEBUG org.eclipse.jetty.http.HttpParser
       - END --&amp;gt; START
15:06:48.432 [qtp1105322512-32] DEBUG
       org.eclipse.jetty.server.HttpChannel - HttpChannelOverHttp@523ffcbd{r=1,c=false,a=IDLE,uri=-}
       handle exit, result COMPLETE
15:06:48.433 [qtp1105322512-32]
       DEBUG org.eclipse.jetty.io.ChannelEndPoint - filled 0 SelectChannelEndPoint@2b483e1d{/127.0.0.1:52056&amp;lt;-&amp;gt;8080,Open,in,out,-,-,1/60000,HttpConnection}{io=0,kio=0,kro=1}
      
15:06:48.433 [qtp1105322512-32] DEBUG org.eclipse.jetty.io.ChannelEndPoint
       - filled 0 SelectChannelEndPoint@2b483e1d{/127.0.0.1:52056&amp;lt;-&amp;gt;8080,Open,in,out,-,-,1/60000,HttpConnection}{io=0,kio=0,kro=1}
      
15:06:48.433 [qtp1105322512-32] DEBUG org.eclipse.jetty.http.HttpParser
       - parseNext s=START HeapByteBuffer@a62eb869[p=0,l=0,c=8192,r=0]={&amp;lt;&amp;lt;&amp;lt;&amp;gt;&amp;gt;&amp;gt;GET
       /prefix/base ...\x00\x00\x00\x00\x00\x00\x00\x00\x00\x00\x00\x00\x00\x00\x00}
      
15:06:48.433 [qtp1105322512-32] DEBUG o.e.jetty.io.AbstractConnection
       - fillInterested HttpConnection@531a193d{FILLING}
15:06:48.433
       [qtp1105322512-32] DEBUG o.e.jetty.io.AbstractConnection -
       FILLING--&amp;gt;FILLING_FILL_INTERESTED HttpConnection@531a193d{FILLING_FILL_INTERESTED}
      
15:06:48.433 [qtp1105322512-32] DEBUG o.e.jetty.io.AbstractConnection
       - FILLING_FILL_INTERESTED--&amp;gt;FILL_INTERESTED HttpConnection@531a193d{FILL_INTERESTED}
      
15:06:48.433 [qtp1105322512-32] DEBUG o.e.jetty.io.SelectChannelEndPoint
       - Local interests updating 0 -&amp;gt; 1 for SelectChannelEndPoint@2b483e1d{/127.0.0.1:52056&amp;lt;-&amp;gt;8080,Open,in,out,R,-,0/60000,HttpConnection}{io=1,kio=0,kro=1}
      
15:06:48.433 [qtp1105322512-32] DEBUG org.eclipse.jetty.io.SelectorManager
       - Running change org.eclipse.jetty.io.SelectChannelEndPoint$1@39486d95
      
15:06:48.433 [qtp1105322512-32] DEBUG o.e.jetty.io.SelectChannelEndPoint
       - Key interests updated 0 -&amp;gt; 1 on SelectChannelEndPoint@2b483e1d{/127.0.0.1:52056&amp;lt;-&amp;gt;8080,Open,in,out,R,-,0/60000,HttpConnection}{io=1,kio=1,kro=1}
      
15:06:48.434 [qtp1105322512-34-selector-ServerConnectorManager@1530c739/1]
       DEBUG org.eclipse.jetty.io.SelectorManager - Selector loop
       woken up from select, 0/1 selected
15:06:48.434 [qtp1105322512-34-selector-ServerConnectorManager@1530c739/1]
       DEBUG org.eclipse.jetty.io.SelectorManager - Selector loop
       waiting on select
15:06:48.444 [qtp1105322512-37-acceptor-0@59402b8f-ServerConnector@6892b3b6{HTTP/1.1}{0.0.0.0:8080}]
       DEBUG org.eclipse.jetty.io.SelectorManager - Queued change
       org.eclipse.jetty.io.SelectorManager$ManagedSelector$Accept@4786b710
      
15:06:48.445 [qtp1105322512-34-selector-ServerConnectorManager@1530c739/1]
       DEBUG org.eclipse.jetty.io.SelectorManager - Selector loop
       woken up from select, 1/1 selected
15:06:48.445 [qtp1105322512-34-selector-ServerConnectorManager@1530c739/1]
       DEBUG o.e.jetty.io.SelectChannelEndPoint - Key interests updated
       1 -&amp;gt; 0 on SelectChannelEndPoint@2b483e1d{/127.0.0.1:52056&amp;lt;-&amp;gt;8080,Open,in,out,R,-,12/60000,HttpConnection}{io=1,kio=0,kro=1}
      
15:06:48.445 [qtp1105322512-34-selector-ServerConnectorManager@1530c739/1]
       DEBUG o.e.jetty.io.SelectChannelEndPoint - Local interests
       updating 1 -&amp;gt; 0 for SelectChannelEndPoint@2b483e1d{/127.0.0.1:52056&amp;lt;-&amp;gt;8080,Open,in,out,R,-,12/60000,HttpConnection}{io=0,kio=0,kro=1}
      
15:06:48.445 [qtp1105322512-34-selector-ServerConnectorManager@1530c739/1]
       DEBUG org.eclipse.jetty.io.SelectorManager - Running change
       org.eclipse.jetty.io.SelectChannelEndPoint$1@39486d95
15:06:48.445
       [qtp1105322512-34-selector-ServerConnectorManager@1530c739/1]
       DEBUG o.e.jetty.io.AbstractConnection - FILL_INTERESTED--&amp;gt;FILLING
       HttpConnection@531a193d{FILLING}
15:06:48.445 [qtp1105322512-34-selector-ServerConnectorManager@1530c739/1]
       DEBUG org.eclipse.jetty.io.SelectorManager - Selector loop
       waiting on select
15:06:48.446 [qtp1105322512-38] DEBUG o.e.jetty.server.HttpConnection
       - HttpConnection@531a193d{FILLING} onFillable HttpChannelState@57d03d9e{s=IDLE
       i=true a=null}
15:06:48.446 [qtp1105322512-38] DEBUG org.eclipse.jetty.io.ChannelEndPoint
       - filled -1 SelectChannelEndPoint@2b483e1d{/127.0.0.1:52056&amp;lt;-&amp;gt;8080,Open,in,out,-,-,13/60000,HttpConnection}{io=0,kio=0,kro=1}
      
15:06:48.446 [qtp1105322512-38] DEBUG org.eclipse.jetty.io.ChannelEndPoint
       - ishut SelectChannelEndPoint@2b483e1d{/127.0.0.1:52056&amp;lt;-&amp;gt;8080,Open,in,out,-,-,13/60000,HttpConnection}{io=0,kio=0,kro=1}
      
15:06:48.446 [qtp1105322512-38] DEBUG org.eclipse.jetty.http.HttpParser
       - atEOF HttpParser{s=START,0 of -1}
15:06:48.446 [qtp1105322512-38]
       DEBUG org.eclipse.jetty.http.HttpParser - parseNext s=START
       HeapByteBuffer@a40ffc93[p=0,l=0,c=8192,r=0]={&amp;lt;&amp;lt;&amp;lt;&amp;gt;&amp;gt;&amp;gt;GET
       /base HTTP/1....\x00\x00\x00\x00\x00\x00\x00\x00\x00\x00\x00\x00\x00\x00\x00}
      
15:06:48.446 [qtp1105322512-38] DEBUG org.eclipse.jetty.http.HttpParser
       - START --&amp;gt; CLOSED
15:06:48.446 [qtp1105322512-38]
       DEBUG o.eclipse.jetty.io.AbstractEndPoint - onClose SelectChannelEndPoint@2b483e1d{/127.0.0.1:52056&amp;lt;-&amp;gt;8080,CLOSED,ISHUT,out,-,-,13/60000,HttpConnection}{io=0,kio=0,kro=1}
      
15:06:48.447 [qtp1105322512-38] DEBUG org.eclipse.jetty.io.ChannelEndPoint
       - close SelectChannelEndPoint@2b483e1d{/127.0.0.1:52056&amp;lt;-&amp;gt;8080,CLOSED,ISHUT,out,-,-,14/60000,HttpConnection}{io=0,kio=0,kro=1}
      
15:06:48.447 [qtp1105322512-38] DEBUG org.eclipse.jetty.io.SelectorManager
       - Destroyed SelectChannelEndPoint@2b483e1d{/127.0.0.1:52056&amp;lt;-&amp;gt;8080,CLOSED,ISHUT,OSHUT,-,-,14/60000,HttpConnection}{io=0,kio=-1,kro=-1}
      
15:06:48.447 [qtp1105322512-38] DEBUG o.e.jetty.io.AbstractConnection
       - onClose HttpConnection@531a193d{FILLING}
15:06:48.447 [qtp1105322512-38]
       DEBUG o.eclipse.jetty.io.AbstractEndPoint - onClose SelectChannelEndPoint@2b483e1d{/127.0.0.1:52056&amp;lt;-&amp;gt;8080,CLOSED,ISHUT,OSHUT,-,-,14/60000,HttpConnection}{io=0,kio=-1,kro=-1}
      
15:06:48.447 [qtp1105322512-38] DEBUG o.e.jetty.io.AbstractConnection
       - FILLING--&amp;gt;IDLE HttpConnection@531a193d{IDLE}
15:06:48.447
       [qtp1105322512-33-selector-ServerConnectorManager@1530c739/0]
       DEBUG org.eclipse.jetty.io.SelectorManager - Selector loop
       woken up from select, 0/0 selected
15:06:48.447 [qtp1105322512-33-selector-ServerConnectorManager@1530c739/0]
       DEBUG org.eclipse.jetty.io.SelectorManager - Running change
       org.eclipse.jetty.io.SelectorManager$ManagedSelector$Accept@4786b710
      
15:06:48.447 [qtp1105322512-33-selector-ServerConnectorManager@1530c739/0]
       DEBUG o.eclipse.jetty.io.AbstractEndPoint - onOpen SelectChannelEndPoint@14fe9b5c{/127.0.0.1:52057&amp;lt;-&amp;gt;8080,Open,in,out,-,-,0/60000,null}{io=0,kio=0,kro=0}
      
15:06:48.448 [qtp1105322512-33-selector-ServerConnectorManager@1530c739/0]
       DEBUG org.eclipse.jetty.io.IdleTimeout - SelectChannelEndPoint@14fe9b5c{/127.0.0.1:52057&amp;lt;-&amp;gt;8080,Open,in,out,-,-,0/60000,null}{io=0,kio=0,kro=0}
       idle timeout check, elapsed: 0 ms, remaining: 60000 ms
15:06:48.448
       [qtp1105322512-33-selector-ServerConnectorManager@1530c739/0]
       DEBUG org.eclipse.jetty.server.HttpChannel - new HttpChannelOverHttp@203414cc{r=0,c=false,a=IDLE,uri=-}
       -&amp;gt; SelectChannelEndPoint@14fe9b5c{/127.0.0.1:52057&amp;lt;-&amp;gt;8080,Open,in,out,-,-,1/60000,null}{io=0,kio=0,kro=0},null,HttpChannelState@43b531f7{s=IDLE
       i=true a=null}
15:06:48.448 [qtp1105322512-33-selector-ServerConnectorManager@1530c739/0]
       DEBUG o.e.jetty.server.HttpConnection - New HTTP Connection
       HttpConnection@27e9d55b{IDLE}
15:06:48.448 [qtp1105322512-33-selector-ServerConnectorManager@1530c739/0]
       DEBUG o.e.jetty.io.AbstractConnection - onOpen HttpConnection@27e9d55b{IDLE}
      
15:06:48.448 [qtp1105322512-33-selector-ServerConnectorManager@1530c739/0]
       DEBUG o.e.jetty.io.AbstractConnection - fillInterested HttpConnection@27e9d55b{IDLE}
      
15:06:48.448 [qtp1105322512-33-selector-ServerConnectorManager@1530c739/0]
       DEBUG o.e.jetty.io.AbstractConnection - IDLE--&amp;gt;FILL_INTERESTED
       HttpConnection@27e9d55b{FILL_INTERESTED}
15:06:48.448 [qtp1105322512-33-selector-ServerConnectorManager@1530c739/0]
       DEBUG o.e.jetty.io.SelectChannelEndPoint - Local interests
       updating 0 -&amp;gt; 1 for SelectChannelEndPoint@14fe9b5c{/127.0.0.1:52057&amp;lt;-&amp;gt;8080,Open,in,out,R,-,0/60000,HttpConnection}{io=1,kio=0,kro=0}
      
15:06:48.448 [qtp1105322512-33-selector-ServerConnectorManager@1530c739/0]
       DEBUG org.eclipse.jetty.io.SelectorManager - Running change
       org.eclipse.jetty.io.SelectChannelEndPoint$1@47ad8e81
15:06:48.448
       [qtp1105322512-33-selector-ServerConnectorManager@1530c739/0]
       DEBUG o.e.jetty.io.SelectChannelEndPoint - Key interests updated
       0 -&amp;gt; 1 on SelectChannelEndPoint@14fe9b5c{/127.0.0.1:52057&amp;lt;-&amp;gt;8080,Open,in,out,R,-,0/60000,HttpConnection}{io=1,kio=1,kro=0}
      
15:06:48.448 [qtp1105322512-33-selector-ServerConnectorManager@1530c739/0]
       DEBUG org.eclipse.jetty.io.SelectorManager - Created SelectChannelEndPoint@14fe9b5c{/127.0.0.1:52057&amp;lt;-&amp;gt;8080,Open,in,out,R,-,0/60000,HttpConnection}{io=1,kio=1,kro=0}
      
15:06:48.448 [qtp1105322512-33-selector-ServerConnectorManager@1530c739/0]
       DEBUG org.eclipse.jetty.io.SelectorManager - Selector loop
       waiting on select
15:06:48.448 [qtp1105322512-33-selector-ServerConnectorManager@1530c739/0]
       DEBUG org.eclipse.jetty.io.SelectorManager - Selector loop
       woken up from select, 1/1 selected
15:06:48.448 [qtp1105322512-33-selector-ServerConnectorManager@1530c739/0]
       DEBUG o.e.jetty.io.SelectChannelEndPoint - Key interests updated
       1 -&amp;gt; 0 on SelectChannelEndPoint@14fe9b5c{/127.0.0.1:52057&amp;lt;-&amp;gt;8080,Open,in,out,R,-,0/60000,HttpConnection}{io=1,kio=0,kro=1}
      
15:06:48.448 [qtp1105322512-33-selector-ServerConnectorManager@1530c739/0]
       DEBUG o.e.jetty.io.SelectChannelEndPoint - Local interests
       updating 1 -&amp;gt; 0 for SelectChannelEndPoint@14fe9b5c{/127.0.0.1:52057&amp;lt;-&amp;gt;8080,Open,in,out,R,-,0/60000,HttpConnection}{io=0,kio=0,kro=1}
      
15:06:48.448 [qtp1105322512-33-selector-ServerConnectorManager@1530c739/0]
       DEBUG org.eclipse.jetty.io.SelectorManager - Running change
       org.eclipse.jetty.io.SelectChannelEndPoint$1@47ad8e81
15:06:48.449
       [qtp1105322512-33-selector-ServerConnectorManager@1530c739/0]
       DEBUG o.e.jetty.io.AbstractConnection - FILL_INTERESTED--&amp;gt;FILLING
       HttpConnection@27e9d55b{FILLING}
15:06:48.449 [qtp1105322512-33-selector-ServerConnectorManager@1530c739/0]
       DEBUG org.eclipse.jetty.io.SelectorManager - Selector loop
       waiting on select
15:06:48.501 [qtp1105322512-39] DEBUG o.e.jetty.server.HttpConnection
       - HttpConnection@27e9d55b{FILLING} onFillable HttpChannelState@43b531f7{s=IDLE
       i=true a=null}
15:06:48.501 [qtp1105322512-39] DEBUG org.eclipse.jetty.io.ChannelEndPoint
       - filled 164 SelectChannelEndPoint@14fe9b5c{/127.0.0.1:52057&amp;lt;-&amp;gt;8080,Open,in,out,-,-,53/60000,HttpConnection}{io=0,kio=0,kro=1}
      
15:06:48.501 [qtp1105322512-39] DEBUG org.eclipse.jetty.http.HttpParser
       - parseNext s=START HeapByteBuffer@a62eb869[p=0,l=164,c=8192,r=164]={&amp;lt;&amp;lt;&amp;lt;GET
       /prefix/base ... keep-alive\r\n\r\n&amp;gt;&amp;gt;&amp;gt;\x00\x00\x00\x00\x00\x00\x00\x00\x00\x00\x00\x00\x00\x00\x00\x00\x00...\x00\x00\x00\x00\x00\x00\x00\x00\x00\x00\x00\x00\x00\x00\x00}
      
15:06:48.502 [qtp1105322512-39] DEBUG org.eclipse.jetty.http.HttpParser
       - START --&amp;gt; SPACE1
15:06:48.502 [qtp1105322512-39]
       DEBUG org.eclipse.jetty.http.HttpParser - SPACE1 --&amp;gt;
       URI
15:06:48.502 [qtp1105322512-39] DEBUG org.eclipse.jetty.http.HttpParser
       - URI --&amp;gt; SPACE2
15:06:48.502 [qtp1105322512-39] DEBUG
       org.eclipse.jetty.http.HttpParser - SPACE2 --&amp;gt; REQUEST_VERSION
      
15:06:48.502 [qtp1105322512-39] DEBUG org.eclipse.jetty.http.HttpParser
       - REQUEST_VERSION --&amp;gt; HEADER
15:06:48.502 [qtp1105322512-39]
       DEBUG org.eclipse.jetty.http.HttpParser - HEADER --&amp;gt;
       HEADER_VALUE
15:06:48.502 [qtp1105322512-39] DEBUG org.eclipse.jetty.http.HttpParser
       - HEADER_VALUE --&amp;gt; HEADER_IN_VALUE
15:06:48.502 [qtp1105322512-39]
       DEBUG org.eclipse.jetty.http.HttpParser - HEADER_IN_VALUE
       --&amp;gt; HEADER
15:06:48.502 [qtp1105322512-39] DEBUG org.eclipse.jetty.http.HttpParser
       - HEADER --&amp;gt; HEADER_VALUE
15:06:48.502 [qtp1105322512-39]
       DEBUG org.eclipse.jetty.http.HttpParser - HEADER_VALUE --&amp;gt;
       HEADER_IN_VALUE
15:06:48.502 [qtp1105322512-39] DEBUG org.eclipse.jetty.http.HttpParser
       - HEADER_IN_VALUE --&amp;gt; HEADER
15:06:48.502 [qtp1105322512-39]
       DEBUG org.eclipse.jetty.http.HttpParser - HEADER --&amp;gt;
       HEADER_VALUE
15:06:48.502 [qtp1105322512-39] DEBUG org.eclipse.jetty.http.HttpParser
       - HEADER_VALUE --&amp;gt; HEADER_IN_VALUE
15:06:48.502 [qtp1105322512-39]
       DEBUG org.eclipse.jetty.http.HttpParser - HEADER_IN_VALUE
       --&amp;gt; HEADER
15:06:48.502 [qtp1105322512-39] DEBUG org.eclipse.jetty.http.HttpParser
       - HEADER --&amp;gt; HEADER_IN_VALUE
15:06:48.502 [qtp1105322512-39]
       DEBUG org.eclipse.jetty.http.HttpParser - HEADER_IN_VALUE
       --&amp;gt; HEADER
15:06:48.502 [qtp1105322512-39] DEBUG org.eclipse.jetty.http.HttpParser
       - HEADER --&amp;gt; END
15:06:48.502 [qtp1105322512-39] DEBUG
       org.eclipse.jetty.server.HttpChannel - HttpChannelOverHttp@203414cc{r=1,c=false,a=IDLE,uri=-}
       messageComplete
15:06:48.502 [qtp1105322512-39] DEBUG org.eclipse.jetty.server.HttpInput
       - HttpInputOverHTTP@5c73887 EOF
15:06:48.502 [qtp1105322512-39]
       DEBUG org.eclipse.jetty.server.HttpChannel - HttpChannelOverHttp@203414cc{r=1,c=false,a=IDLE,uri=-}
       handle enter
15:06:48.502 [qtp1105322512-39 - /prefix/base]
       DEBUG o.e.jetty.server.HttpChannelState - HttpChannelState@43b531f7{s=IDLE
       i=true a=null} handling IDLE
15:06:48.502 [qtp1105322512-39
       - /prefix/base] DEBUG org.eclipse.jetty.server.HttpChannel
       - HttpChannelOverHttp@203414cc{r=1,c=false,a=DISPATCHED,uri=/prefix/base}
       action REQUEST_DISPATCH
15:06:48.502 [qtp1105322512-39 -
       /prefix/base] DEBUG org.eclipse.jetty.server.Server - REQUEST
       GET /prefix/base on HttpChannelOverHttp@203414cc{r=1,c=false,a=DISPATCHED,uri=/prefix/base}
      
15:06:48.502 [qtp1105322512-39 - /prefix/base] DEBUG o.e.j.server.handler.ContextHandler
       - scope null||/prefix/base @ o.e.j.s.ServletContextHandler@6f46426d{/,null,AVAILABLE}
      
15:06:48.502 [qtp1105322512-39 - /prefix/base] DEBUG o.e.j.server.handler.ContextHandler
       - context=||/prefix/base @ o.e.j.s.ServletContextHandler@6f46426d{/,null,AVAILABLE}
      
15:06:48.502 [qtp1105322512-39 - /prefix/base] DEBUG org.eclipse.jetty.server.session
       - sessionManager=org.eclipse.jetty.server.session.HashSessionManager@32ee6fee
      
15:06:48.503 [qtp1105322512-39 - /prefix/base] DEBUG org.eclipse.jetty.server.session
       - session=null
15:06:48.503 [qtp1105322512-39 - /prefix/base]
       DEBUG o.e.jetty.servlet.ServletHandler - servlet ||/prefix/base
       -&amp;gt; org.apache.felix.http.base.internal.DispatcherServlet-4738a206@cebacce0==org.apache.felix.http.base.internal.DispatcherServlet,-1,true
      
15:06:48.503 [qtp1105322512-39 - /prefix/base] DEBUG o.e.jetty.servlet.ServletHandler
       - chain=null
15:06:48.524 [qtp1105322512-39 - /prefix/base]
       DEBUG o.e.jetty.server.HttpConnection - org.eclipse.jetty.server.HttpConnection$SendCallback@6da0253e[PROCESSING][i=ResponseInfo{HTTP/1.1
       200 null,-1,false},cb=org.eclipse.jetty.server.HttpChannel$CommitCallback@14fc0c59]
       generate: NEED_HEADER (null,[p=0,l=4,c=24576,r=4],false)@START
      
15:06:48.524 [qtp1105322512-39 - /prefix/base] DEBUG o.e.jetty.server.HttpConnection
       - org.eclipse.jetty.server.HttpConnection$SendCallback@6da0253e[PROCESSING][i=ResponseInfo{HTTP/1.1
       200 null,-1,false},cb=org.eclipse.jetty.server.HttpChannel$CommitCallback@14fc0c59]
       generate: FLUSH ([p=0,l=182,c=16384,r=182],[p=0,l=4,c=24576,r=4],false)@COMMITTED
      
15:06:48.524 [qtp1105322512-39 - /prefix/base] DEBUG org.eclipse.jetty.io.WriteFlusher
       - write: WriteFlusher@2ca8ae44{IDLE} [HeapByteBuffer@9e1b6725[p=0,l=182,c=16384,r=182]={&amp;lt;&amp;lt;&amp;lt;HTTP/1.1
       200 OK\r\n...0150224)\r\n\r\n4\r\n&amp;gt;&amp;gt;&amp;gt;r:
       Jetty(9.2.9.v2...\x00\x00\x00\x00\x00\x00\x00\x00\x00\x00\x00\x00\x00\x00\x00},HeapByteBuffer@bed06bb5[p=0,l=4,c=24576,r=4]={&amp;lt;&amp;lt;&amp;lt;base&amp;gt;&amp;gt;&amp;gt;o
       Worldello World...\x00\x00\x00\x00\x00\x00\x00\x00\x00\x00\x00\x00\x00\x00\x00}]
      
15:06:48.524 [qtp1105322512-39 - /prefix/base] DEBUG org.eclipse.jetty.io.WriteFlusher
       - update WriteFlusher@2ca8ae44{WRITING}:IDLE--&amp;gt;WRITING
      
15:06:48.525 [qtp1105322512-39 - /prefix/base] DEBUG org.eclipse.jetty.io.ChannelEndPoint
       - flushed 186 SelectChannelEndPoint@14fe9b5c{/127.0.0.1:52057&amp;lt;-&amp;gt;8080,Open,in,out,-,W,24/60000,HttpConnection}{io=0,kio=0,kro=1}
      
15:06:48.525 [qtp1105322512-39 - /prefix/base] DEBUG org.eclipse.jetty.io.WriteFlusher
       - update WriteFlusher@2ca8ae44{IDLE}:WRITING--&amp;gt;IDLE
      
15:06:48.525 [qtp1105322512-39 - /prefix/base] DEBUG o.e.jetty.server.HttpConnection
       - org.eclipse.jetty.server.HttpConnection$SendCallback@6da0253e[PROCESSING][i=ResponseInfo{HTTP/1.1
       200 null,-1,false},cb=org.eclipse.jetty.server.HttpChannel$CommitCallback@14fc0c59]
       generate: DONE ([p=182,l=182,c=16384,r=0],[p=4,l=4,c=24576,r=0],false)@COMMITTED
      
15:06:48.525 [qtp1105322512-39 - /prefix/base] DEBUG org.eclipse.jetty.server.Server
       - RESPONSE /prefix/base  200 handled=true
15:06:48.525 [qtp1105322512-39
       - /prefix/base] DEBUG o.e.jetty.server.HttpChannelState -
       HttpChannelState@43b531f7{s=DISPATCHED i=true a=null} unhandle
       DISPATCHED
15:06:48.525 [qtp1105322512-39 - /prefix/base]
       DEBUG o.e.jetty.server.HttpConnection - org.eclipse.jetty.server.HttpConnection$SendCallback@6da0253e[PROCESSING][i=null,cb=Blocker@1c1c72ed{null}]
       generate: CONTINUE (null,[p=0,l=0,c=0,r=0],true)@COMPLETING
      
15:06:48.525 [qtp1105322512-39 - /prefix/base] DEBUG o.e.jetty.server.HttpConnection
       - org.eclipse.jetty.server.HttpConnection$SendCallback@6da0253e[PROCESSING][i=null,cb=Blocker@1c1c72ed{null}]
       generate: NEED_CHUNK (null,[p=0,l=0,c=0,r=0],true)@COMPLETING
      
15:06:48.525 [qtp1105322512-39 - /prefix/base] DEBUG o.e.jetty.server.HttpConnection
       - org.eclipse.jetty.server.HttpConnection$SendCallback@6da0253e[PROCESSING][i=null,cb=Blocker@1c1c72ed{null}]
       generate: FLUSH (null,[p=0,l=0,c=0,r=0],true)@COMPLETING
      
15:06:48.525 [qtp1105322512-39 - /prefix/base] DEBUG org.eclipse.jetty.io.WriteFlusher
       - write: WriteFlusher@2ca8ae44{IDLE} [HeapByteBuffer@6239c7f4[p=0,l=7,c=1024,r=7]={&amp;lt;&amp;lt;&amp;lt;\r\n0\r\n\r\n&amp;gt;&amp;gt;&amp;gt;\x00\x00\x00\x00\x00\x00\x00\x00\x00\x00\x00\x00\x00\x00\x00\x00\x00...\x00\x00\x00\x00\x00\x00\x00\x00\x00\x00\x00\x00\x00\x00\x00}]
      
15:06:48.525 [qtp1105322512-39 - /prefix/base] DEBUG org.eclipse.jetty.io.WriteFlusher
       - update WriteFlusher@2ca8ae44{WRITING}:IDLE--&amp;gt;WRITING
      
15:06:48.525 [qtp1105322512-39 - /prefix/base] DEBUG org.eclipse.jetty.io.ChannelEndPoint
       - flushed 7 SelectChannelEndPoint@14fe9b5c{/127.0.0.1:52057&amp;lt;-&amp;gt;8080,Open,in,out,-,W,0/60000,HttpConnection}{io=0,kio=0,kro=1}
      
15:06:48.525 [qtp1105322512-39 - /prefix/base] DEBUG org.eclipse.jetty.io.WriteFlusher
       - update WriteFlusher@2ca8ae44{IDLE}:WRITING--&amp;gt;IDLE
      
15:06:48.525 [qtp1105322512-39 - /prefix/base] DEBUG o.e.jetty.server.HttpConnection
       - org.eclipse.jetty.server.HttpConnection$SendCallback@6da0253e[PROCESSING][i=null,cb=Blocker@1c1c72ed{null}]
       generate: DONE (null,[p=0,l=0,c=0,r=0],true)@END
15:06:48.526
       [qtp1105322512-39 - /prefix/base] DEBUG org.eclipse.jetty.http.HttpParser
       - reset HttpParser{s=END,0 of 0}
15:06:48.526 [qtp1105322512-39
       - /prefix/base] DEBUG org.eclipse.jetty.http.HttpParser -
       END --&amp;gt; START
15:06:48.526 [qtp1105322512-39] DEBUG
       org.eclipse.jetty.server.HttpChannel - HttpChannelOverHttp@203414cc{r=1,c=false,a=IDLE,uri=-}
       handle exit, result COMPLETE
15:06:48.527 [qtp1105322512-39]
       DEBUG org.eclipse.jetty.io.ChannelEndPoint - 
java.io.IOException:
       An established connection was aborted by the software in your
       host machine
	at sun.nio.ch.SocketDispatcher.read0(Native
       Method) ~[na:1.8.0_40]
	at sun.nio.ch.SocketDispatcher.read(Unknown
       Source) ~[na:1.8.0_40]
	at sun.nio.ch.IOUtil.readIntoNativeBuffer(Unknown
       Source) ~[na:1.8.0_40]
	at sun.nio.ch.IOUtil.read(Unknown
       Source) ~[na:1.8.0_40]
	at sun.nio.ch.SocketChannelImpl.read(Unknown
       Source) ~[na:1.8.0_40]
	at org.eclipse.jetty.io.ChannelEndPoint.fill(ChannelEndPoint.java:140)
       ~[na:na]
	at org.eclipse.jetty.server.HttpConnection.onFillable(HttpConnection.java:239)
       ~[na:na]
	at org.eclipse.jetty.io.AbstractConnection$2.run(AbstractConnection.java:540)
       ~[na:na]
	at org.eclipse.jetty.util.thread.QueuedThreadPool.runJob(QueuedThreadPool.java:635)
       ~[na:na]
	at org.eclipse.jetty.util.thread.QueuedThreadPool$3.run(QueuedThreadPool.java:555)
       ~[na:na]
	at java.lang.Thread.run(Unknown Source) ~[na:1.8.0_40]
      
15:06:48.527 [qtp1105322512-39] DEBUG org.eclipse.jetty.io.ChannelEndPoint
       - ishut SelectChannelEndPoint@14fe9b5c{/127.0.0.1:52057&amp;lt;-&amp;gt;8080,Open,in,out,-,-,2/60000,HttpConnection}{io=0,kio=0,kro=1}
      
15:06:48.527 [qtp1105322512-39] DEBUG org.eclipse.jetty.http.HttpParser
       - atEOF HttpParser{s=START,0 of -1}
15:06:48.527 [qtp1105322512-39]
       DEBUG org.eclipse.jetty.http.HttpParser - parseNext s=START
       HeapByteBuffer@a40ffc93[p=0,l=0,c=8192,r=0]={&amp;lt;&amp;lt;&amp;lt;&amp;gt;&amp;gt;&amp;gt;GET
       /base HTTP/1....\x00\x00\x00\x00\x00\x00\x00\x00\x00\x00\x00\x00\x00\x00\x00}
      
15:06:48.527 [qtp1105322512-39] DEBUG org.eclipse.jetty.http.HttpParser
       - START --&amp;gt; CLOSED
15:06:48.527 [qtp1105322512-39]
       DEBUG o.eclipse.jetty.io.AbstractEndPoint - onClose SelectChannelEndPoint@14fe9b5c{/127.0.0.1:52057&amp;lt;-&amp;gt;8080,CLOSED,ISHUT,out,-,-,2/60000,HttpConnection}{io=0,kio=0,kro=1}
      
15:06:48.527 [qtp1105322512-39] DEBUG org.eclipse.jetty.io.ChannelEndPoint
       - close SelectChannelEndPoint@14fe9b5c{/127.0.0.1:52057&amp;lt;-&amp;gt;8080,CLOSED,ISHUT,out,-,-,2/60000,HttpConnection}{io=0,kio=0,kro=1}
      
15:06:48.527 [qtp1105322512-39] DEBUG org.eclipse.jetty.io.SelectorManager
       - Destroyed SelectChannelEndPoint@14fe9b5c{/127.0.0.1:52057&amp;lt;-&amp;gt;8080,CLOSED,ISHUT,OSHUT,-,-,2/60000,HttpConnection}{io=0,kio=-1,kro=-1}
      
15:06:48.527 [qtp1105322512-37-acceptor-0@59402b8f-ServerConnector@6892b3b6{HTTP/1.1}{0.0.0.0:8080}]
       DEBUG org.eclipse.jetty.io.SelectorManager - Queued change
       org.eclipse.jetty.io.SelectorManager$ManagedSelector$Accept@75afa4fc
      
15:06:48.527 [qtp1105322512-39] DEBUG o.e.jetty.io.AbstractConnection
       - onClose HttpConnection@27e9d55b{FILLING}
15:06:48.528 [qtp1105322512-39]
       DEBUG o.eclipse.jetty.io.AbstractEndPoint - onClose SelectChannelEndPoint@14fe9b5c{/127.0.0.1:52057&amp;lt;-&amp;gt;8080,CLOSED,ISHUT,OSHUT,-,-,3/60000,HttpConnection}{io=0,kio=-1,kro=-1}
      
15:06:48.528 [qtp1105322512-34-selector-ServerConnectorManager@1530c739/1]
       DEBUG org.eclipse.jetty.io.SelectorManager - Selector loop
       woken up from select, 0/0 selected
15:06:48.528 [qtp1105322512-39]
       DEBUG o.e.jetty.io.AbstractConnection - FILLING--&amp;gt;IDLE
       HttpConnection@27e9d55b{IDLE}
15:06:48.528 [qtp1105322512-34-selector-ServerConnectorManager@1530c739/1]
       DEBUG org.eclipse.jetty.io.SelectorManager - Running change
       org.eclipse.jetty.io.SelectorManager$ManagedSelector$Accept@75afa4fc
      
15:06:48.528 [qtp1105322512-34-selector-ServerConnectorManager@1530c739/1]
       DEBUG o.eclipse.jetty.io.AbstractEndPoint - onOpen SelectChannelEndPoint@42d557d1{/127.0.0.1:52058&amp;lt;-&amp;gt;8080,Open,in,out,-,-,0/60000,null}{io=0,kio=0,kro=0}
      
15:06:48.528 [qtp1105322512-34-selector-ServerConnectorManager@1530c739/1]
       DEBUG org.eclipse.jetty.io.IdleTimeout - SelectChannelEndPoint@42d557d1{/127.0.0.1:52058&amp;lt;-&amp;gt;8080,Open,in,out,-,-,0/60000,null}{io=0,kio=0,kro=0}
       idle timeout check, elapsed: 0 ms, remaining: 60000 ms
15:06:48.528
       [qtp1105322512-34-selector-ServerConnectorManager@1530c739/1]
       DEBUG org.eclipse.jetty.server.HttpChannel - new HttpChannelOverHttp@41057d47{r=0,c=false,a=IDLE,uri=-}
       -&amp;gt; SelectChannelEndPoint@42d557d1{/127.0.0.1:52058&amp;lt;-&amp;gt;8080,Open,in,out,-,-,0/60000,null}{io=0,kio=0,kro=0},null,HttpChannelState@3b5b9437{s=IDLE
       i=true a=null}
15:06:48.528 [qtp1105322512-34-selector-ServerConnectorManager@1530c739/1]
       DEBUG o.e.jetty.server.HttpConnection - New HTTP Connection
       HttpConnection@522d0045{IDLE}
15:06:48.528 [qtp1105322512-34-selector-ServerConnectorManager@1530c739/1]
       DEBUG o.e.jetty.io.AbstractConnection - onOpen HttpConnection@522d0045{IDLE}
      
15:06:48.528 [qtp1105322512-34-selector-ServerConnectorManager@1530c739/1]
       DEBUG o.e.jetty.io.AbstractConnection - fillInterested HttpConnection@522d0045{IDLE}
      
15:06:48.528 [qtp1105322512-34-selector-ServerConnectorManager@1530c739/1]
       DEBUG o.e.jetty.io.AbstractConnection - IDLE--&amp;gt;FILL_INTERESTED
       HttpConnection@522d0045{FILL_INTERESTED}
15:06:48.528 [qtp1105322512-34-selector-ServerConnectorManager@1530c739/1]
       DEBUG o.e.jetty.io.SelectChannelEndPoint - Local interests
       updating 0 -&amp;gt; 1 for SelectChannelEndPoint@42d557d1{/127.0.0.1:52058&amp;lt;-&amp;gt;8080,Open,in,out,R,-,0/60000,HttpConnection}{io=1,kio=0,kro=0}
      
15:06:48.528 [qtp1105322512-34-selector-ServerConnectorManager@1530c739/1]
       DEBUG org.eclipse.jetty.io.SelectorManager - Running change
       org.eclipse.jetty.io.SelectChannelEndPoint$1@3aaeae0e
15:06:48.528
       [qtp1105322512-34-selector-ServerConnectorManager@1530c739/1]
       DEBUG o.e.jetty.io.SelectChannelEndPoint - Key interests updated
       0 -&amp;gt; 1 on SelectChannelEndPoint@42d557d1{/127.0.0.1:52058&amp;lt;-&amp;gt;8080,Open,in,out,R,-,0/60000,HttpConnection}{io=1,kio=1,kro=0}
      
15:06:48.528 [qtp1105322512-34-selector-ServerConnectorManager@1530c739/1]
       DEBUG org.eclipse.jetty.io.SelectorManager - Created SelectChannelEndPoint@42d557d1{/127.0.0.1:52058&amp;lt;-&amp;gt;8080,Open,in,out,R,-,0/60000,HttpConnection}{io=1,kio=1,kro=0}
      
15:06:48.528 [qtp1105322512-34-selector-ServerConnectorManager@1530c739/1]
       DEBUG org.eclipse.jetty.io.SelectorManager - Selector loop
       waiting on select
15:06:48.529 [qtp1105322512-34-selector-ServerConnectorManager@1530c739/1]
       DEBUG org.eclipse.jetty.io.SelectorManager - Selector loop
       woken up from select, 1/1 selected
15:06:48.529 [qtp1105322512-34-selector-ServerConnectorManager@1530c739/1]
       DEBUG o.e.jetty.io.SelectChannelEndPoint - Key interests updated
       1 -&amp;gt; 0 on SelectChannelEndPoint@42d557d1{/127.0.0.1:52058&amp;lt;-&amp;gt;8080,Open,in,out,R,-,1/60000,HttpConnection}{io=1,kio=0,kro=1}
      
15:06:48.529 [qtp1105322512-34-selector-ServerConnectorManager@1530c739/1]
       DEBUG o.e.jetty.io.SelectChannelEndPoint - Local interests
       updating 1 -&amp;gt; 0 for SelectChannelEndPoint@42d557d1{/127.0.0.1:52058&amp;lt;-&amp;gt;8080,Open,in,out,R,-,1/60000,HttpConnection}{io=0,kio=0,kro=1}
      
15:06:48.529 [qtp1105322512-34-selector-ServerConnectorManager@1530c739/1]
       DEBUG org.eclipse.jetty.io.SelectorManager - Running change
       org.eclipse.jetty.io.SelectChannelEndPoint$1@3aaeae0e
15:06:48.529
       [qtp1105322512-34-selector-ServerConnectorManager@1530c739/1]
       DEBUG o.e.jetty.io.AbstractConnection - FILL_INTERESTED--&amp;gt;FILLING
       HttpConnection@522d0045{FILLING}
15:06:48.529 [qtp1105322512-34-selector-ServerConnectorManager@1530c739/1]
       DEBUG org.eclipse.jetty.io.SelectorManager - Selector loop
       waiting on select
15:06:48.529 [qtp1105322512-36] DEBUG o.e.jetty.server.HttpConnection
       - HttpConnection@522d0045{FILLING} onFillable HttpChannelState@3b5b9437{s=IDLE
       i=true a=null}
15:06:48.529 [qtp1105322512-36] DEBUG org.eclipse.jetty.io.ChannelEndPoint
       - filled 164 SelectChannelEndPoint@42d557d1{/127.0.0.1:52058&amp;lt;-&amp;gt;8080,Open,in,out,-,-,1/60000,HttpConnection}{io=0,kio=0,kro=1}
      
15:06:48.529 [qtp1105322512-36] DEBUG org.eclipse.jetty.http.HttpParser
       - parseNext s=START HeapByteBuffer@a62eb869[p=0,l=164,c=8192,r=164]={&amp;lt;&amp;lt;&amp;lt;GET
       /prefix/base ... keep-alive\r\n\r\n&amp;gt;&amp;gt;&amp;gt;\x00\x00\x00\x00\x00\x00\x00\x00\x00\x00\x00\x00\x00\x00\x00\x00\x00...\x00\x00\x00\x00\x00\x00\x00\x00\x00\x00\x00\x00\x00\x00\x00}
      
15:06:48.529 [qtp1105322512-36] DEBUG org.eclipse.jetty.http.HttpParser
       - START --&amp;gt; SPACE1
15:06:48.529 [qtp1105322512-36]
       DEBUG org.eclipse.jetty.http.HttpParser - SPACE1 --&amp;gt;
       URI
15:06:48.529 [qtp1105322512-36] DEBUG org.eclipse.jetty.http.HttpParser
       - URI --&amp;gt; SPACE2
15:06:48.529 [qtp1105322512-36] DEBUG
       org.eclipse.jetty.http.HttpParser - SPACE2 --&amp;gt; REQUEST_VERSION
      
15:06:48.529 [qtp1105322512-36] DEBUG org.eclipse.jetty.http.HttpParser
       - REQUEST_VERSION --&amp;gt; HEADER
15:06:48.529 [qtp1105322512-36]
       DEBUG org.eclipse.jetty.http.HttpParser - HEADER --&amp;gt;
       HEADER_VALUE
15:06:48.529 [qtp1105322512-36] DEBUG org.eclipse.jetty.http.HttpParser
       - HEADER_VALUE --&amp;gt; HEADER_IN_VALUE
15:06:48.529 [qtp1105322512-36]
       DEBUG org.eclipse.jetty.http.HttpParser - HEADER_IN_VALUE
       --&amp;gt; HEADER
15:06:48.529 [qtp1105322512-36] DEBUG org.eclipse.jetty.http.HttpParser
       - HEADER --&amp;gt; HEADER_VALUE
15:06:48.529 [qtp1105322512-36]
       DEBUG org.eclipse.jetty.http.HttpParser - HEADER_VALUE --&amp;gt;
       HEADER_IN_VALUE
15:06:48.529 [qtp1105322512-36] DEBUG org.eclipse.jetty.http.HttpParser
       - HEADER_IN_VALUE --&amp;gt; HEADER
15:06:48.529 [qtp1105322512-36]
       DEBUG org.eclipse.jetty.http.HttpParser - HEADER --&amp;gt;
       HEADER_VALUE
15:06:48.529 [qtp1105322512-36] DEBUG org.eclipse.jetty.http.HttpParser
       - HEADER_VALUE --&amp;gt; HEADER_IN_VALUE
15:06:48.529 [qtp1105322512-36]
       DEBUG org.eclipse.jetty.http.HttpParser - HEADER_IN_VALUE
       --&amp;gt; HEADER
15:06:48.529 [qtp1105322512-36] DEBUG org.eclipse.jetty.http.HttpParser
       - HEADER --&amp;gt; HEADER_IN_VALUE
15:06:48.529 [qtp1105322512-36]
       DEBUG org.eclipse.jetty.http.HttpParser - HEADER_IN_VALUE
       --&amp;gt; HEADER
15:06:48.529 [qtp1105322512-36] DEBUG org.eclipse.jetty.http.HttpParser
       - HEADER --&amp;gt; END
15:06:48.529 [qtp1105322512-36] DEBUG
       org.eclipse.jetty.server.HttpChannel - HttpChannelOverHttp@41057d47{r=1,c=false,a=IDLE,uri=-}
       messageComplete
15:06:48.529 [qtp1105322512-36] DEBUG org.eclipse.jetty.server.HttpInput
       - HttpInputOverHTTP@c26e133 EOF
15:06:48.530 [qtp1105322512-36]
       DEBUG org.eclipse.jetty.server.HttpChannel - HttpChannelOverHttp@41057d47{r=1,c=false,a=IDLE,uri=-}
       handle enter
15:06:48.530 [qtp1105322512-36 - /prefix/base]
       DEBUG o.e.jetty.server.HttpChannelState - HttpChannelState@3b5b9437{s=IDLE
       i=true a=null} handling IDLE
15:06:48.530 [qtp1105322512-36
       - /prefix/base] DEBUG org.eclipse.jetty.server.HttpChannel
       - HttpChannelOverHttp@41057d47{r=1,c=false,a=DISPATCHED,uri=/prefix/base}
       action REQUEST_DISPATCH
15:06:48.530 [qtp1105322512-36 -
       /prefix/base] DEBUG org.eclipse.jetty.server.Server - REQUEST
       GET /prefix/base on HttpChannelOverHttp@41057d47{r=1,c=false,a=DISPATCHED,uri=/prefix/base}
      
15:06:48.530 [qtp1105322512-36 - /prefix/base] DEBUG o.e.j.server.handler.ContextHandler
       - scope null||/prefix/base @ o.e.j.s.ServletContextHandler@6f46426d{/,null,AVAILABLE}
      
15:06:48.530 [qtp1105322512-36 - /prefix/base] DEBUG o.e.j.server.handler.ContextHandler
       - context=||/prefix/base @ o.e.j.s.ServletContextHandler@6f46426d{/,null,AVAILABLE}
      
15:06:48.530 [qtp1105322512-36 - /prefix/base] DEBUG org.eclipse.jetty.server.session
       - sessionManager=org.eclipse.jetty.server.session.HashSessionManager@32ee6fee
      
15:06:48.530 [qtp1105322512-36 - /prefix/base] DEBUG org.eclipse.jetty.server.session
       - session=null
15:06:48.530 [qtp1105322512-36 - /prefix/base]
       DEBUG o.e.jetty.servlet.ServletHandler - servlet ||/prefix/base
       -&amp;gt; org.apache.felix.http.base.internal.DispatcherServlet-4738a206@cebacce0==org.apache.felix.http.base.internal.DispatcherServlet,-1,true
      
15:06:48.530 [qtp1105322512-36 - /prefix/base] DEBUG o.e.jetty.servlet.ServletHandler
       - chain=null
15:06:48.536 [qtp1105322512-36 - /prefix/base]
       DEBUG o.e.jetty.server.HttpConnection - org.eclipse.jetty.server.HttpConnection$SendCallback@26a358d6[PROCESSING][i=ResponseInfo{HTTP/1.1
       404 null,289,false},cb=org.eclipse.jetty.server.HttpChannel$CommitCallback@56a377a7]
       generate: NEED_HEADER (null,[p=0,l=289,c=2048,r=289],true)@START
      
15:06:48.536 [qtp1105322512-36 - /prefix/base] DEBUG o.e.jetty.server.HttpConnection
       - org.eclipse.jetty.server.HttpConnection$SendCallback@26a358d6[PROCESSING][i=ResponseInfo{HTTP/1.1
       404 null,289,false},cb=org.eclipse.jetty.server.HttpChannel$CommitCallback@56a377a7]
       generate: FLUSH ([p=0,l=249,c=16384,r=249],[p=0,l=289,c=2048,r=289],true)@COMPLETING
      
15:06:48.536 [qtp1105322512-36 - /prefix/base] DEBUG org.eclipse.jetty.io.WriteFlusher
       - write: WriteFlusher@74fb1a4a{IDLE} [HeapByteBuffer@63d2b09c[p=0,l=249,c=16384,r=249]={&amp;lt;&amp;lt;&amp;lt;HTTP/1.1
       404 Not ....v20150224)\r\n\r\n&amp;gt;&amp;gt;&amp;gt;y(9.2.9.v20150224...\x00\x00\x00\x00\x00\x00\x00\x00\x00\x00\x00\x00\x00\x00\x00},HeapByteBuffer@b401d98a[p=0,l=289,c=2048,r=289]={&amp;lt;&amp;lt;&amp;lt;&amp;lt;html&amp;gt;\n&amp;lt;head&amp;gt;\n&amp;lt;me.../body&amp;gt;\n&amp;lt;/html&amp;gt;\n&amp;gt;&amp;gt;&amp;gt;\x00\x00\x00\x00\x00\x00\x00\x00\x00\x00\x00\x00\x00\x00\x00\x00\x00...\x00\x00\x00\x00\x00\x00\x00\x00\x00\x00\x00\x00\x00\x00\x00}]
      
15:06:48.536 [qtp1105322512-36 - /prefix/base] DEBUG org.eclipse.jetty.io.WriteFlusher
       - update WriteFlusher@74fb1a4a{WRITING}:IDLE--&amp;gt;WRITING
      
15:06:48.537 [qtp1105322512-36 - /prefix/base] DEBUG org.eclipse.jetty.io.ChannelEndPoint
       - flushed 538 SelectChannelEndPoint@42d557d1{/127.0.0.1:52058&amp;lt;-&amp;gt;8080,Open,in,out,-,W,7/60000,HttpConnection}{io=0,kio=0,kro=1}
      
15:06:48.537 [qtp1105322512-36 - /prefix/base] DEBUG org.eclipse.jetty.io.WriteFlusher
       - update WriteFlusher@74fb1a4a{IDLE}:WRITING--&amp;gt;IDLE
      
15:06:48.537 [qtp1105322512-36 - /prefix/base] DEBUG o.e.jetty.server.HttpConnection
       - org.eclipse.jetty.server.HttpConnection$SendCallback@26a358d6[PROCESSING][i=ResponseInfo{HTTP/1.1
       404 null,289,false},cb=org.eclipse.jetty.server.HttpChannel$CommitCallback@56a377a7]
       generate: DONE ([p=249,l=249,c=16384,r=0],[p=289,l=289,c=2048,r=0],true)@END
      
15:06:48.537 [qtp1105322512-36 - /prefix/base] DEBUG org.eclipse.jetty.server.Server
       - RESPONSE /prefix/base  404 handled=true
15:06:48.537 [qtp1105322512-36
       - /prefix/base] DEBUG o.e.jetty.server.HttpChannelState -
       HttpChannelState@3b5b9437{s=DISPATCHED i=true a=null} unhandle
       DISPATCHED
15:06:48.537 [qtp1105322512-36 - /prefix/base]
       DEBUG org.eclipse.jetty.http.HttpParser - reset HttpParser{s=END,0
       of 0}
15:06:48.537 [qtp1105322512-36 - /prefix/base] DEBUG
       org.eclipse.jetty.http.HttpParser - END --&amp;gt; START
      
15:06:48.537 [qtp1105322512-36] DEBUG org.eclipse.jetty.server.HttpChannel
       - HttpChannelOverHttp@41057d47{r=1,c=false,a=IDLE,uri=-} handle
       exit, result COMPLETE
15:06:48.537 [qtp1105322512-36] DEBUG
       org.eclipse.jetty.io.ChannelEndPoint - filled -1 SelectChannelEndPoint@42d557d1{/127.0.0.1:52058&amp;lt;-&amp;gt;8080,Open,in,out,-,-,0/60000,HttpConnection}{io=0,kio=0,kro=1}
      
15:06:48.537 [qtp1105322512-36] DEBUG org.eclipse.jetty.io.ChannelEndPoint
       - ishut SelectChannelEndPoint@42d557d1{/127.0.0.1:52058&amp;lt;-&amp;gt;8080,Open,in,out,-,-,0/60000,HttpConnection}{io=0,kio=0,kro=1}
      
15:06:48.537 [qtp1105322512-36] DEBUG org.eclipse.jetty.http.HttpParser
       - atEOF HttpParser{s=START,0 of -1}
15:06:48.537 [qtp1105322512-36]
       DEBUG org.eclipse.jetty.http.HttpParser - parseNext s=START
       HeapByteBuffer@a40ffc93[p=0,l=0,c=8192,r=0]={&amp;lt;&amp;lt;&amp;lt;&amp;gt;&amp;gt;&amp;gt;GET
       /base HTTP/1....\x00\x00\x00\x00\x00\x00\x00\x00\x00\x00\x00\x00\x00\x00\x00}
      
15:06:48.537 [qtp1105322512-36] DEBUG org.eclipse.jetty.http.HttpParser
       - START --&amp;gt; CLOSED
15:06:48.537 [qtp1105322512-36]
       DEBUG o.eclipse.jetty.io.AbstractEndPoint - onClose SelectChannelEndPoint@42d557d1{/127.0.0.1:52058&amp;lt;-&amp;gt;8080,CLOSED,ISHUT,out,-,-,0/60000,HttpConnection}{io=0,kio=0,kro=1}
      
15:06:48.537 [qtp1105322512-36] DEBUG org.eclipse.jetty.io.ChannelEndPoint
       - close SelectChannelEndPoint@42d557d1{/127.0.0.1:52058&amp;lt;-&amp;gt;8080,CLOSED,ISHUT,out,-,-,0/60000,HttpConnection}{io=0,kio=0,kro=1}
      
15:06:48.537 [qtp1105322512-37-acceptor-0@59402b8f-ServerConnector@6892b3b6{HTTP/1.1}{0.0.0.0:8080}]
       DEBUG org.eclipse.jetty.io.SelectorManager - Queued change
       org.eclipse.jetty.io.SelectorManager$ManagedSelector$Accept@152ff1e2
      
15:06:48.537 [qtp1105322512-36] DEBUG org.eclipse.jetty.io.SelectorManager
       - Destroyed SelectChannelEndPoint@42d557d1{/127.0.0.1:52058&amp;lt;-&amp;gt;8080,CLOSED,ISHUT,OSHUT,-,-,0/60000,HttpConnection}{io=0,kio=-1,kro=-1}
      
15:06:48.537 [qtp1105322512-36] DEBUG o.e.jetty.io.AbstractConnection
       - onClose HttpConnection@522d0045{FILLING}
15:06:48.537 [qtp1105322512-33-selector-ServerConnectorManager@1530c739/0]
       DEBUG org.eclipse.jetty.io.SelectorManager - Selector loop
       woken up from select, 0/0 selected
15:06:48.537 [qtp1105322512-36]
       DEBUG o.eclipse.jetty.io.AbstractEndPoint - onClose SelectChannelEndPoint@42d557d1{/127.0.0.1:52058&amp;lt;-&amp;gt;8080,CLOSED,ISHUT,OSHUT,-,-,0/60000,HttpConnection}{io=0,kio=-1,kro=-1}
      
15:06:48.537 [qtp1105322512-33-selector-ServerConnectorManager@1530c739/0]
       DEBUG org.eclipse.jetty.io.SelectorManager - Running change
       org.eclipse.jetty.io.SelectorManager$ManagedSelector$Accept@152ff1e2
      
15:06:48.537 [qtp1105322512-36] DEBUG o.e.jetty.io.AbstractConnection
       - FILLING--&amp;gt;IDLE HttpConnection@522d0045{IDLE}
15:06:48.537
       [qtp1105322512-33-selector-ServerConnectorManager@1530c739/0]
       DEBUG o.eclipse.jetty.io.AbstractEndPoint - onOpen SelectChannelEndPoint@2defcb45{/127.0.0.1:52059&amp;lt;-&amp;gt;8080,Open,in,out,-,-,0/60000,null}{io=0,kio=0,kro=0}
      
15:06:48.538 [qtp1105322512-33-selector-ServerConnectorManager@1530c739/0]
       DEBUG org.eclipse.jetty.io.IdleTimeout - SelectChannelEndPoint@2defcb45{/127.0.0.1:52059&amp;lt;-&amp;gt;8080,Open,in,out,-,-,1/60000,null}{io=0,kio=0,kro=0}
       idle timeout check, elapsed: 1 ms, remaining: 59999 ms
15:06:48.538
       [qtp1105322512-33-selector-ServerConnectorManager@1530c739/0]
       DEBUG org.eclipse.jetty.server.HttpChannel - new HttpChannelOverHttp@44c590ae{r=0,c=false,a=IDLE,uri=-}
       -&amp;gt; SelectChannelEndPoint@2defcb45{/127.0.0.1:52059&amp;lt;-&amp;gt;8080,Open,in,out,-,-,1/60000,null}{io=0,kio=0,kro=0},null,HttpChannelState@6f37d731{s=IDLE
       i=true a=null}
15:06:48.538 [qtp1105322512-33-selector-ServerConnectorManager@1530c739/0]
       DEBUG o.e.jetty.server.HttpConnection - New HTTP Connection
       HttpConnection@53b2731b{IDLE}
15:06:48.538 [qtp1105322512-33-selector-ServerConnectorManager@1530c739/0]
       DEBUG o.e.jetty.io.AbstractConnection - onOpen HttpConnection@53b2731b{IDLE}
      
15:06:48.538 [qtp1105322512-33-selector-ServerConnectorManager@1530c739/0]
       DEBUG o.e.jetty.io.AbstractConnection - fillInterested HttpConnection@53b2731b{IDLE}
      
15:06:48.538 [qtp1105322512-33-selector-ServerConnectorManager@1530c739/0]
       DEBUG o.e.jetty.io.AbstractConnection - IDLE--&amp;gt;FILL_INTERESTED
       HttpConnection@53b2731b{FILL_INTERESTED}
15:06:48.538 [qtp1105322512-33-selector-ServerConnectorManager@1530c739/0]
       DEBUG o.e.jetty.io.SelectChannelEndPoint - Local interests
       updating 0 -&amp;gt; 1 for SelectChannelEndPoint@2defcb45{/127.0.0.1:52059&amp;lt;-&amp;gt;8080,Open,in,out,R,-,0/60000,HttpConnection}{io=1,kio=0,kro=0}
      
15:06:48.538 [qtp1105322512-33-selector-ServerConnectorManager@1530c739/0]
       DEBUG org.eclipse.jetty.io.SelectorManager - Running change
       org.eclipse.jetty.io.SelectChannelEndPoint$1@d43fcb
15:06:48.538
       [qtp1105322512-33-selector-ServerConnectorManager@1530c739/0]
       DEBUG o.e.jetty.io.SelectChannelEndPoint - Key interests updated
       0 -&amp;gt; 1 on SelectChannelEndPoint@2defcb45{/127.0.0.1:52059&amp;lt;-&amp;gt;8080,Open,in,out,R,-,0/60000,HttpConnection}{io=1,kio=1,kro=0}
      
15:06:48.538 [qtp1105322512-33-selector-ServerConnectorManager@1530c739/0]
       DEBUG org.eclipse.jetty.io.SelectorManager - Created SelectChannelEndPoint@2defcb45{/127.0.0.1:52059&amp;lt;-&amp;gt;8080,Open,in,out,R,-,0/60000,HttpConnection}{io=1,kio=1,kro=0}
      
15:06:48.538 [qtp1105322512-33-selector-ServerConnectorManager@1530c739/0]
       DEBUG org.eclipse.jetty.io.SelectorManager - Selector loop
       waiting on select
15:06:48.538 [qtp1105322512-33-selector-ServerConnectorManager@1530c739/0]
       DEBUG org.eclipse.jetty.io.SelectorManager - Selector loop
       woken up from select, 1/1 selected
15:06:48.538 [qtp1105322512-33-selector-ServerConnectorManager@1530c739/0]
       DEBUG o.e.jetty.io.SelectChannelEndPoint - Key interests updated
       1 -&amp;gt; 0 on SelectChannelEndPoint@2defcb45{/127.0.0.1:52059&amp;lt;-&amp;gt;8080,Open,in,out,R,-,0/60000,HttpConnection}{io=1,kio=0,kro=1}
      
15:06:48.538 [qtp1105322512-33-selector-ServerConnectorManager@1530c739/0]
       DEBUG o.e.jetty.io.SelectChannelEndPoint - Local interests
       updating 1 -&amp;gt; 0 for SelectChannelEndPoint@2defcb45{/127.0.0.1:52059&amp;lt;-&amp;gt;8080,Open,in,out,R,-,0/60000,HttpConnection}{io=0,kio=0,kro=1}
      
15:06:48.538 [qtp1105322512-33-selector-ServerConnectorManager@1530c739/0]
       DEBUG org.eclipse.jetty.io.SelectorManager - Running change
       org.eclipse.jetty.io.SelectChannelEndPoint$1@d43fcb
15:06:48.538
       [qtp1105322512-33-selector-ServerConnectorManager@1530c739/0]
       DEBUG o.e.jetty.io.AbstractConnection - FILL_INTERESTED--&amp;gt;FILLING
       HttpConnection@53b2731b{FILLING}
15:06:48.538 [qtp1105322512-33-selector-ServerConnectorManager@1530c739/0]
       DEBUG org.eclipse.jetty.io.SelectorManager - Selector loop
       waiting on select
15:06:48.538 [qtp1105322512-35] DEBUG o.e.jetty.server.HttpConnection
       - HttpConnection@53b2731b{FILLING} onFillable HttpChannelState@6f37d731{s=IDLE
       i=true a=null}
15:06:48.538 [qtp1105322512-35] DEBUG org.eclipse.jetty.io.ChannelEndPoint
       - filled 157 SelectChannelEndPoint@2defcb45{/127.0.0.1:52059&amp;lt;-&amp;gt;8080,Open,in,out,-,-,0/60000,HttpConnection}{io=0,kio=0,kro=1}
      
15:06:48.538 [qtp1105322512-35] DEBUG org.eclipse.jetty.http.HttpParser
       - parseNext s=START HeapByteBuffer@93bf48fe[p=0,l=157,c=8192,r=157]={&amp;lt;&amp;lt;&amp;lt;GET
       /base HTTP/1.... keep-alive\r\n\r\n&amp;gt;&amp;gt;&amp;gt;ive\r\n\r\n\x00\x00\x00\x00\x00\x00\x00\x00\x00\x00...\x00\x00\x00\x00\x00\x00\x00\x00\x00\x00\x00\x00\x00\x00\x00}
      
15:06:48.538 [qtp1105322512-35] DEBUG org.eclipse.jetty.http.HttpParser
       - START --&amp;gt; SPACE1
15:06:48.538 [qtp1105322512-35]
       DEBUG org.eclipse.jetty.http.HttpParser - SPACE1 --&amp;gt;
       URI
15:06:48.538 [qtp1105322512-35] DEBUG org.eclipse.jetty.http.HttpParser
       - URI --&amp;gt; SPACE2
15:06:48.538 [qtp1105322512-35] DEBUG
       org.eclipse.jetty.http.HttpParser - SPACE2 --&amp;gt; REQUEST_VERSION
      
15:06:48.538 [qtp1105322512-35] DEBUG org.eclipse.jetty.http.HttpParser
       - REQUEST_VERSION --&amp;gt; HEADER
15:06:48.538 [qtp1105322512-35]
       DEBUG org.eclipse.jetty.http.HttpParser - HEADER --&amp;gt;
       HEADER_VALUE
15:06:48.538 [qtp1105322512-35] DEBUG org.eclipse.jetty.http.HttpParser
       - HEADER_VALUE --&amp;gt; HEADER_IN_VALUE
15:06:48.538 [qtp1105322512-35]
       DEBUG org.eclipse.jetty.http.HttpParser - HEADER_IN_VALUE
       --&amp;gt; HEADER
15:06:48.538 [qtp1105322512-35] DEBUG org.eclipse.jetty.http.HttpParser
       - HEADER --&amp;gt; HEADER_VALUE
15:06:48.538 [qtp1105322512-35]
       DEBUG org.eclipse.jetty.http.HttpParser - HEADER_VALUE --&amp;gt;
       HEADER_IN_VALUE
15:06:48.538 [qtp1105322512-35] DEBUG org.eclipse.jetty.http.HttpParser
       - HEADER_IN_VALUE --&amp;gt; HEADER
15:06:48.539 [qtp1105322512-35]
       DEBUG org.eclipse.jetty.http.HttpParser - HEADER --&amp;gt;
       HEADER_VALUE
15:06:48.539 [qtp1105322512-35] DEBUG org.eclipse.jetty.http.HttpParser
       - HEADER_VALUE --&amp;gt; HEADER_IN_VALUE
15:06:48.539 [qtp1105322512-35]
       DEBUG org.eclipse.jetty.http.HttpParser - HEADER_IN_VALUE
       --&amp;gt; HEADER
15:06:48.539 [qtp1105322512-35] DEBUG org.eclipse.jetty.http.HttpParser
       - HEADER --&amp;gt; HEADER_IN_VALUE
15:06:48.539 [qtp1105322512-35]
       DEBUG org.eclipse.jetty.http.HttpParser - HEADER_IN_VALUE
       --&amp;gt; HEADER
15:06:48.539 [qtp1105322512-35] DEBUG org.eclipse.jetty.http.HttpParser
       - HEADER --&amp;gt; END
15:06:48.539 [qtp1105322512-35] DEBUG
       org.eclipse.jetty.server.HttpChannel - HttpChannelOverHttp@44c590ae{r=1,c=false,a=IDLE,uri=-}
       messageComplete
15:06:48.539 [qtp1105322512-35] DEBUG org.eclipse.jetty.server.HttpInput
       - HttpInputOverHTTP@1924c4b6 EOF
15:06:48.539 [qtp1105322512-35]
       DEBUG org.eclipse.jetty.server.HttpChannel - HttpChannelOverHttp@44c590ae{r=1,c=false,a=IDLE,uri=-}
       handle enter
15:06:48.539 [qtp1105322512-35 - /base] DEBUG
       o.e.jetty.server.HttpChannelState - HttpChannelState@6f37d731{s=IDLE
       i=true a=null} handling IDLE
15:06:48.539 [qtp1105322512-35
       - /base] DEBUG org.eclipse.jetty.server.HttpChannel - HttpChannelOverHttp@44c590ae{r=1,c=false,a=DISPATCHED,uri=/base}
       action REQUEST_DISPATCH
15:06:48.539 [qtp1105322512-35 -
       /base] DEBUG org.eclipse.jetty.server.Server - REQUEST GET
       /base on HttpChannelOverHttp@44c590ae{r=1,c=false,a=DISPATCHED,uri=/base}
      
15:06:48.539 [qtp1105322512-35 - /base] DEBUG o.e.j.server.handler.ContextHandler
       - scope null||/base @ o.e.j.s.ServletContextHandler@6f46426d{/,null,AVAILABLE}
      
15:06:48.539 [qtp1105322512-35 - /base] DEBUG o.e.j.server.handler.ContextHandler
       - context=||/base @ o.e.j.s.ServletContextHandler@6f46426d{/,null,AVAILABLE}
      
15:06:48.539 [qtp1105322512-35 - /base] DEBUG org.eclipse.jetty.server.session
       - sessionManager=org.eclipse.jetty.server.session.HashSessionManager@32ee6fee
      
15:06:48.539 [qtp1105322512-35 - /base] DEBUG org.eclipse.jetty.server.session
       - session=null
15:06:48.539 [qtp1105322512-35 - /base] DEBUG
       o.e.jetty.servlet.ServletHandler - servlet ||/base -&amp;gt;
       org.apache.felix.http.base.internal.DispatcherServlet-4738a206@cebacce0==org.apache.felix.http.base.internal.DispatcherServlet,-1,true
      
15:06:48.539 [qtp1105322512-35 - /base] DEBUG o.e.jetty.servlet.ServletHandler
       - chain=null
15:06:48.540 [qtp1105322512-35 - /base] DEBUG
       o.e.jetty.server.HttpConnection - org.eclipse.jetty.server.HttpConnection$SendCallback@7705553[PROCESSING][i=ResponseInfo{HTTP/1.1
       200 null,-1,false},cb=org.eclipse.jetty.server.HttpChannel$CommitCallback@74e07adb]
       generate: NEED_HEADER (null,[p=0,l=4,c=24576,r=4],false)@START
      
15:06:48.540 [qtp1105322512-35 - /base] DEBUG o.e.jetty.server.HttpConnection
       - org.eclipse.jetty.server.HttpConnection$SendCallback@7705553[PROCESSING][i=ResponseInfo{HTTP/1.1
       200 null,-1,false},cb=org.eclipse.jetty.server.HttpChannel$CommitCallback@74e07adb]
       generate: FLUSH ([p=0,l=182,c=16384,r=182],[p=0,l=4,c=24576,r=4],false)@COMMITTED
      
15:06:48.540 [qtp1105322512-35 - /base] DEBUG org.eclipse.jetty.io.WriteFlusher
       - write: WriteFlusher@4b5e1185{IDLE} [HeapByteBuffer@9e1b6725[p=0,l=182,c=16384,r=182]={&amp;lt;&amp;lt;&amp;lt;HTTP/1.1
       200 OK\r\n...0150224)\r\n\r\n4\r\n&amp;gt;&amp;gt;&amp;gt;r:
       Jetty(9.2.9.v2...\x00\x00\x00\x00\x00\x00\x00\x00\x00\x00\x00\x00\x00\x00\x00},HeapByteBuffer@bed06bb5[p=0,l=4,c=24576,r=4]={&amp;lt;&amp;lt;&amp;lt;base&amp;gt;&amp;gt;&amp;gt;o
       Worldello World...\x00\x00\x00\x00\x00\x00\x00\x00\x00\x00\x00\x00\x00\x00\x00}]
      
15:06:48.540 [qtp1105322512-35 - /base] DEBUG org.eclipse.jetty.io.WriteFlusher
       - update WriteFlusher@4b5e1185{WRITING}:IDLE--&amp;gt;WRITING
      
15:06:48.541 [qtp1105322512-35 - /base] DEBUG org.eclipse.jetty.io.ChannelEndPoint
       - flushed 186 SelectChannelEndPoint@2defcb45{/127.0.0.1:52059&amp;lt;-&amp;gt;8080,Open,in,out,-,W,2/60000,HttpConnection}{io=0,kio=0,kro=1}
      
15:06:48.541 [qtp1105322512-35 - /base] DEBUG org.eclipse.jetty.io.WriteFlusher
       - update WriteFlusher@4b5e1185{IDLE}:WRITING--&amp;gt;IDLE
      
15:06:48.541 [qtp1105322512-35 - /base] DEBUG o.e.jetty.server.HttpConnection
       - org.eclipse.jetty.server.HttpConnection$SendCallback@7705553[PROCESSING][i=ResponseInfo{HTTP/1.1
       200 null,-1,false},cb=org.eclipse.jetty.server.HttpChannel$CommitCallback@74e07adb]
       generate: DONE ([p=182,l=182,c=16384,r=0],[p=4,l=4,c=24576,r=0],false)@COMMITTED
      
15:06:48.541 [qtp1105322512-35 - /base] DEBUG org.eclipse.jetty.server.Server
       - RESPONSE /base  200 handled=true
15:06:48.541 [qtp1105322512-35
       - /base] DEBUG o.e.jetty.server.HttpChannelState - HttpChannelState@6f37d731{s=DISPATCHED
       i=true a=null} unhandle DISPATCHED
15:06:48.541 [qtp1105322512-35
       - /base] DEBUG o.e.jetty.server.HttpConnection - org.eclipse.jetty.server.HttpConnection$SendCallback@7705553[PROCESSING][i=null,cb=Blocker@244056ba{null}]
       generate: CONTINUE (null,[p=0,l=0,c=0,r=0],true)@COMPLETING
      
15:06:48.541 [qtp1105322512-35 - /base] DEBUG o.e.jetty.server.HttpConnection
       - org.eclipse.jetty.server.HttpConnection$SendCallback@7705553[PROCESSING][i=null,cb=Blocker@244056ba{null}]
       generate: NEED_CHUNK (null,[p=0,l=0,c=0,r=0],true)@COMPLETING
      
15:06:48.541 [qtp1105322512-35 - /base] DEBUG o.e.jetty.server.HttpConnection
       - org.eclipse.jetty.server.HttpConnection$SendCallback@7705553[PROCESSING][i=null,cb=Blocker@244056ba{null}]
       generate: FLUSH (null,[p=0,l=0,c=0,r=0],true)@COMPLETING
      
15:06:48.541 [qtp1105322512-35 - /base] DEBUG org.eclipse.jetty.io.WriteFlusher
       - write: WriteFlusher@4b5e1185{IDLE} [HeapByteBuffer@6239c7f4[p=0,l=7,c=1024,r=7]={&amp;lt;&amp;lt;&amp;lt;\r\n0\r\n\r\n&amp;gt;&amp;gt;&amp;gt;\x00\x00\x00\x00\x00\x00\x00\x00\x00\x00\x00\x00\x00\x00\x00\x00\x00...\x00\x00\x00\x00\x00\x00\x00\x00\x00\x00\x00\x00\x00\x00\x00}]
      
15:06:48.541 [qtp1105322512-35 - /base] DEBUG org.eclipse.jetty.io.WriteFlusher
       - update WriteFlusher@4b5e1185{WRITING}:IDLE--&amp;gt;WRITING
      
15:06:48.541 [qtp1105322512-35 - /base] DEBUG org.eclipse.jetty.io.ChannelEndPoint
       - flushed 7 SelectChannelEndPoint@2defcb45{/127.0.0.1:52059&amp;lt;-&amp;gt;8080,Open,in,out,-,W,0/60000,HttpConnection}{io=0,kio=0,kro=1}
      
15:06:48.541 [qtp1105322512-35 - /base] DEBUG org.eclipse.jetty.io.WriteFlusher
       - update WriteFlusher@4b5e1185{IDLE}:WRITING--&amp;gt;IDLE
      
15:06:48.541 [qtp1105322512-35 - /base] DEBUG o.e.jetty.server.HttpConnection
       - org.eclipse.jetty.server.HttpConnection$SendCallback@7705553[PROCESSING][i=null,cb=Blocker@244056ba{null}]
       generate: DONE (null,[p=0,l=0,c=0,r=0],true)@END
15:06:48.541
       [qtp1105322512-35 - /base] DEBUG org.eclipse.jetty.http.HttpParser
       - reset HttpParser{s=END,0 of 0}
15:06:48.541 [qtp1105322512-35
       - /base] DEBUG org.eclipse.jetty.http.HttpParser - END --&amp;gt;
       START
15:06:48.542 [qtp1105322512-35] DEBUG org.eclipse.jetty.server.HttpChannel
       - HttpChannelOverHttp@44c590ae{r=1,c=false,a=IDLE,uri=-} handle
       exit, result COMPLETE
15:06:48.542 [qtp1105322512-37-acceptor-0@59402b8f-ServerConnector@6892b3b6{HTTP/1.1}{0.0.0.0:8080}]
       DEBUG org.eclipse.jetty.io.SelectorManager - Queued change
       org.eclipse.jetty.io.SelectorManager$ManagedSelector$Accept@5493ba5b
      
15:06:48.542 [qtp1105322512-34-selector-ServerConnectorManager@1530c739/1]
       DEBUG org.eclipse.jetty.io.SelectorManager - Selector loop
       woken up from select, 0/0 selected
15:06:48.542 [qtp1105322512-34-selector-ServerConnectorManager@1530c739/1]
       DEBUG org.eclipse.jetty.io.SelectorManager - Running change
       org.eclipse.jetty.io.SelectorManager$ManagedSelector$Accept@5493ba5b
      
15:06:48.542 [qtp1105322512-34-selector-ServerConnectorManager@1530c739/1]
       DEBUG o.eclipse.jetty.io.AbstractEndPoint - onOpen SelectChannelEndPoint@3736df47{/127.0.0.1:52060&amp;lt;-&amp;gt;8080,Open,in,out,-,-,0/60000,null}{io=0,kio=0,kro=0}
      
15:06:48.542 [qtp1105322512-34-selector-ServerConnectorManager@1530c739/1]
       DEBUG org.eclipse.jetty.io.IdleTimeout - SelectChannelEndPoint@3736df47{/127.0.0.1:52060&amp;lt;-&amp;gt;8080,Open,in,out,-,-,0/60000,null}{io=0,kio=0,kro=0}
       idle timeout check, elapsed: 0 ms, remaining: 60000 ms
15:06:48.542
       [qtp1105322512-34-selector-ServerConnectorManager@1530c739/1]
       DEBUG org.eclipse.jetty.server.HttpChannel - new HttpChannelOverHttp@da3cecc{r=0,c=false,a=IDLE,uri=-}
       -&amp;gt; SelectChannelEndPoint@3736df47{/127.0.0.1:52060&amp;lt;-&amp;gt;8080,Open,in,out,-,-,0/60000,null}{io=0,kio=0,kro=0},null,HttpChannelState@4232cfa8{s=IDLE
       i=true a=null}
15:06:48.542 [qtp1105322512-34-selector-ServerConnectorManager@1530c739/1]
       DEBUG o.e.jetty.server.HttpConnection - New HTTP Connection
       HttpConnection@4a0b3d7c{IDLE}
15:06:48.542 [qtp1105322512-34-selector-ServerConnectorManager@1530c739/1]
       DEBUG o.e.jetty.io.AbstractConnection - onOpen HttpConnection@4a0b3d7c{IDLE}
      
15:06:48.542 [qtp1105322512-34-selector-ServerConnectorManager@1530c739/1]
       DEBUG o.e.jetty.io.AbstractConnection - fillInterested HttpConnection@4a0b3d7c{IDLE}
      
15:06:48.542 [qtp1105322512-34-selector-ServerConnectorManager@1530c739/1]
       DEBUG o.e.jetty.io.AbstractConnection - IDLE--&amp;gt;FILL_INTERESTED
       HttpConnection@4a0b3d7c{FILL_INTERESTED}
15:06:48.542 [qtp1105322512-34-selector-ServerConnectorManager@1530c739/1]
       DEBUG o.e.jetty.io.SelectChannelEndPoint - Local interests
       updating 0 -&amp;gt; 1 for SelectChannelEndPoint@3736df47{/127.0.0.1:52060&amp;lt;-&amp;gt;8080,Open,in,out,R,-,0/60000,HttpConnection}{io=1,kio=0,kro=0}
      
15:06:48.542 [qtp1105322512-34-selector-ServerConnectorManager@1530c739/1]
       DEBUG org.eclipse.jetty.io.SelectorManager - Running change
       org.eclipse.jetty.io.SelectChannelEndPoint$1@4bc61f9d
15:06:48.542
       [qtp1105322512-34-selector-ServerConnectorManager@1530c739/1]
       DEBUG o.e.jetty.io.SelectChannelEndPoint - Key interests updated
       0 -&amp;gt; 1 on SelectChannelEndPoint@3736df47{/127.0.0.1:52060&amp;lt;-&amp;gt;8080,Open,in,out,R,-,0/60000,HttpConnection}{io=1,kio=1,kro=0}
      
15:06:48.543 [qtp1105322512-34-selector-ServerConnectorManager@1530c739/1]
       DEBUG org.eclipse.jetty.io.SelectorManager - Created SelectChannelEndPoint@3736df47{/127.0.0.1:52060&amp;lt;-&amp;gt;8080,Open,in,out,R,-,1/60000,HttpConnection}{io=1,kio=1,kro=0}
      
15:06:48.543 [qtp1105322512-34-selector-ServerConnectorManager@1530c739/1]
       DEBUG org.eclipse.jetty.io.SelectorManager - Selector loop
       waiting on select
15:06:48.543 [qtp1105322512-34-selector-ServerConnectorManager@1530c739/1]
       DEBUG org.eclipse.jetty.io.SelectorManager - Selector loop
       woken up from select, 1/1 selected
15:06:48.543 [qtp1105322512-34-selector-ServerConnectorManager@1530c739/1]
       DEBUG o.e.jetty.io.SelectChannelEndPoint - Key interests updated
       1 -&amp;gt; 0 on SelectChannelEndPoint@3736df47{/127.0.0.1:52060&amp;lt;-&amp;gt;8080,Open,in,out,R,-,1/60000,HttpConnection}{io=1,kio=0,kro=1}
      
15:06:48.543 [qtp1105322512-34-selector-ServerConnectorManager@1530c739/1]
       DEBUG o.e.jetty.io.SelectChannelEndPoint - Local interests
       updating 1 -&amp;gt; 0 for SelectChannelEndPoint@3736df47{/127.0.0.1:52060&amp;lt;-&amp;gt;8080,Open,in,out,R,-,1/60000,HttpConnection}{io=0,kio=0,kro=1}
      
15:06:48.543 [qtp1105322512-35] DEBUG org.eclipse.jetty.io.ChannelEndPoint
       - 
java.io.IOException: An established connection was aborted
       by the software in your host machine
	at sun.nio.ch.SocketDispatcher.read0(Native
       Method) ~[na:1.8.0_40]
	at sun.nio.ch.SocketDispatcher.read(Unknown
       Source) ~[na:1.8.0_40]
	at sun.nio.ch.IOUtil.readIntoNativeBuffer(Unknown
       Source) ~[na:1.8.0_40]
	at sun.nio.ch.IOUtil.read(Unknown
       Source) ~[na:1.8.0_40]
	at sun.nio.ch.SocketChannelImpl.read(Unknown
       Source) ~[na:1.8.0_40]
	at org.eclipse.jetty.io.ChannelEndPoint.fill(ChannelEndPoint.java:140)
       ~[na:na]
	at org.eclipse.jetty.server.HttpConnection.onFillable(HttpConnection.java:239)
       ~[na:na]
	at org.eclipse.jetty.io.AbstractConnection$2.run(AbstractConnection.java:540)
       ~[na:na]
	at org.eclipse.jetty.util.thread.QueuedThreadPool.runJob(QueuedThreadPool.java:635)
       ~[na:na]
	at org.eclipse.jetty.util.thread.QueuedThreadPool$3.run(QueuedThreadPool.java:555)
       ~[na:na]
	at java.lang.Thread.run(Unknown Source) ~[na:1.8.0_40]
      
15:06:48.543 [qtp1105322512-34-selector-ServerConnectorManager@1530c739/1]
       DEBUG org.eclipse.jetty.io.SelectorManager - Running change
       org.eclipse.jetty.io.SelectChannelEndPoint$1@4bc61f9d
15:06:48.543
       [qtp1105322512-35] DEBUG org.eclipse.jetty.io.ChannelEndPoint
       - ishut SelectChannelEndPoint@2defcb45{/127.0.0.1:52059&amp;lt;-&amp;gt;8080,Open,in,out,-,-,2/60000,HttpConnection}{io=0,kio=0,kro=1}
      
15:06:48.543 [qtp1105322512-34-selector-ServerConnectorManager@1530c739/1]
       DEBUG o.e.jetty.io.AbstractConnection - FILL_INTERESTED--&amp;gt;FILLING
       HttpConnection@4a0b3d7c{FILLING}
15:06:48.543 [qtp1105322512-35]
       DEBUG org.eclipse.jetty.http.HttpParser - atEOF HttpParser{s=START,0
       of -1}
15:06:48.543 [qtp1105322512-34-selector-ServerConnectorManager@1530c739/1]
       DEBUG org.eclipse.jetty.io.SelectorManager - Selector loop
       waiting on select
15:06:48.543 [qtp1105322512-35] DEBUG org.eclipse.jetty.http.HttpParser
       - parseNext s=START HeapByteBuffer@a40ffc93[p=0,l=0,c=8192,r=0]={&amp;lt;&amp;lt;&amp;lt;&amp;gt;&amp;gt;&amp;gt;GET
       /base HTTP/1....\x00\x00\x00\x00\x00\x00\x00\x00\x00\x00\x00\x00\x00\x00\x00}
      
15:06:48.543 [qtp1105322512-32] DEBUG o.e.jetty.server.HttpConnection
       - HttpConnection@4a0b3d7c{FILLING} onFillable HttpChannelState@4232cfa8{s=IDLE
       i=true a=null}
15:06:48.543 [qtp1105322512-35] DEBUG org.eclipse.jetty.http.HttpParser
       - START --&amp;gt; CLOSED
15:06:48.543 [qtp1105322512-35]
       DEBUG o.eclipse.jetty.io.AbstractEndPoint - onClose SelectChannelEndPoint@2defcb45{/127.0.0.1:52059&amp;lt;-&amp;gt;8080,CLOSED,ISHUT,out,-,-,2/60000,HttpConnection}{io=0,kio=0,kro=1}
      
15:06:48.543 [qtp1105322512-32] DEBUG org.eclipse.jetty.io.ChannelEndPoint
       - filled 164 SelectChannelEndPoint@3736df47{/127.0.0.1:52060&amp;lt;-&amp;gt;8080,Open,in,out,-,-,1/60000,HttpConnection}{io=0,kio=0,kro=1}
      
15:06:48.543 [qtp1105322512-35] DEBUG org.eclipse.jetty.io.ChannelEndPoint
       - close SelectChannelEndPoint@2defcb45{/127.0.0.1:52059&amp;lt;-&amp;gt;8080,CLOSED,ISHUT,out,-,-,2/60000,HttpConnection}{io=0,kio=0,kro=1}
      
15:06:48.543 [qtp1105322512-32] DEBUG org.eclipse.jetty.http.HttpParser
       - parseNext s=START HeapByteBuffer@a62eb869[p=0,l=164,c=8192,r=164]={&amp;lt;&amp;lt;&amp;lt;GET
       /prefix/base ... keep-alive\r\n\r\n&amp;gt;&amp;gt;&amp;gt;\x00\x00\x00\x00\x00\x00\x00\x00\x00\x00\x00\x00\x00\x00\x00\x00\x00...\x00\x00\x00\x00\x00\x00\x00\x00\x00\x00\x00\x00\x00\x00\x00}
      
15:06:48.543 [qtp1105322512-35] DEBUG org.eclipse.jetty.io.SelectorManager
       - Destroyed SelectChannelEndPoint@2defcb45{/127.0.0.1:52059&amp;lt;-&amp;gt;8080,CLOSED,ISHUT,OSHUT,-,-,2/60000,HttpConnection}{io=0,kio=-1,kro=-1}
      
15:06:48.543 [qtp1105322512-32] DEBUG org.eclipse.jetty.http.HttpParser
       - START --&amp;gt; SPACE1
15:06:48.543 [qtp1105322512-35]
       DEBUG o.e.jetty.io.AbstractConnection - onClose HttpConnection@53b2731b{FILLING}
      
15:06:48.543 [qtp1105322512-32] DEBUG org.eclipse.jetty.http.HttpParser
       - SPACE1 --&amp;gt; URI
15:06:48.543 [qtp1105322512-32] DEBUG
       org.eclipse.jetty.http.HttpParser - URI --&amp;gt; SPACE2
      
15:06:48.543 [qtp1105322512-35] DEBUG o.eclipse.jetty.io.AbstractEndPoint
       - onClose SelectChannelEndPoint@2defcb45{/127.0.0.1:52059&amp;lt;-&amp;gt;8080,CLOSED,ISHUT,OSHUT,-,-,2/60000,HttpConnection}{io=0,kio=-1,kro=-1}
      
15:06:48.543 [qtp1105322512-32] DEBUG org.eclipse.jetty.http.HttpParser
       - SPACE2 --&amp;gt; REQUEST_VERSION
15:06:48.544 [qtp1105322512-35]
       DEBUG o.e.jetty.io.AbstractConnection - FILLING--&amp;gt;IDLE
       HttpConnection@53b2731b{IDLE}
15:06:48.544 [qtp1105322512-32]
       DEBUG org.eclipse.jetty.http.HttpParser - REQUEST_VERSION
       --&amp;gt; HEADER
15:06:48.544 [qtp1105322512-32] DEBUG org.eclipse.jetty.http.HttpParser
       - HEADER --&amp;gt; HEADER_VALUE
15:06:48.544 [qtp1105322512-32]
       DEBUG org.eclipse.jetty.http.HttpParser - HEADER_VALUE --&amp;gt;
       HEADER_IN_VALUE
15:06:48.544 [qtp1105322512-32] DEBUG org.eclipse.jetty.http.HttpParser
       - HEADER_IN_VALUE --&amp;gt; HEADER
15:06:48.544 [qtp1105322512-32]
       DEBUG org.eclipse.jetty.http.HttpParser - HEADER --&amp;gt;
       HEADER_VALUE
15:06:48.544 [qtp1105322512-32] DEBUG org.eclipse.jetty.http.HttpParser
       - HEADER_VALUE --&amp;gt; HEADER_IN_VALUE
15:06:48.544 [qtp1105322512-32]
       DEBUG org.eclipse.jetty.http.HttpParser - HEADER_IN_VALUE
       --&amp;gt; HEADER
15:06:48.544 [qtp1105322512-32] DEBUG org.eclipse.jetty.http.HttpParser
       - HEADER --&amp;gt; HEADER_VALUE
15:06:48.544 [qtp1105322512-32]
       DEBUG org.eclipse.jetty.http.HttpParser - HEADER_VALUE --&amp;gt;
       HEADER_IN_VALUE
15:06:48.544 [qtp1105322512-32] DEBUG org.eclipse.jetty.http.HttpParser
       - HEADER_IN_VALUE --&amp;gt; HEADER
15:06:48.544 [qtp1105322512-32]
       DEBUG org.eclipse.jetty.http.HttpParser - HEADER --&amp;gt;
       HEADER_IN_VALUE
15:06:48.544 [qtp1105322512-32] DEBUG org.eclipse.jetty.http.HttpParser
       - HEADER_IN_VALUE --&amp;gt; HEADER
15:06:48.544 [qtp1105322512-32]
       DEBUG org.eclipse.jetty.http.HttpParser - HEADER --&amp;gt;
       END
15:06:48.544 [qtp1105322512-32] DEBUG org.eclipse.jetty.server.HttpChannel
       - HttpChannelOverHttp@da3cecc{r=1,c=false,a=IDLE,uri=-} messageComplete
      
15:06:48.544 [qtp1105322512-32] DEBUG org.eclipse.jetty.server.HttpInput
       - HttpInputOverHTTP@2c240f6d EOF
15:06:48.544 [qtp1105322512-32]
       DEBUG org.eclipse.jetty.server.HttpChannel - HttpChannelOverHttp@da3cecc{r=1,c=false,a=IDLE,uri=-}
       handle enter
15:06:48.544 [qtp1105322512-32 - /prefix/base]
       DEBUG o.e.jetty.server.HttpChannelState - HttpChannelState@4232cfa8{s=IDLE
       i=true a=null} handling IDLE
15:06:48.544 [qtp1105322512-32
       - /prefix/base] DEBUG org.eclipse.jetty.server.HttpChannel
       - HttpChannelOverHttp@da3cecc{r=1,c=false,a=DISPATCHED,uri=/prefix/base}
       action REQUEST_DISPATCH
15:06:48.544 [qtp1105322512-32 -
       /prefix/base] DEBUG org.eclipse.jetty.server.Server - REQUEST
       GET /prefix/base on HttpChannelOverHttp@da3cecc{r=1,c=false,a=DISPATCHED,uri=/prefix/base}
      
15:06:48.544 [qtp1105322512-32 - /prefix/base] DEBUG o.e.j.server.handler.ContextHandler
       - scope null||/prefix/base @ o.e.j.s.ServletContextHandler@6f46426d{/,null,AVAILABLE}
      
15:06:48.544 [qtp1105322512-32 - /prefix/base] DEBUG o.e.j.server.handler.ContextHandler
       - context=||/prefix/base @ o.e.j.s.ServletContextHandler@6f46426d{/,null,AVAILABLE}
      
15:06:48.544 [qtp1105322512-32 - /prefix/base] DEBUG org.eclipse.jetty.server.session
       - sessionManager=org.eclipse.jetty.server.session.HashSessionManager@32ee6fee
      
15:06:48.544 [qtp1105322512-32 - /prefix/base] DEBUG org.eclipse.jetty.server.session
       - session=null
15:06:48.544 [qtp1105322512-32 - /prefix/base]
       DEBUG o.e.jetty.servlet.ServletHandler - servlet ||/prefix/base
       -&amp;gt; org.apache.felix.http.base.internal.DispatcherServlet-4738a206@cebacce0==org.apache.felix.http.base.internal.DispatcherServlet,-1,true
      
15:06:48.544 [qtp1105322512-32 - /prefix/base] DEBUG o.e.jetty.servlet.ServletHandler
       - chain=null
15:06:48.551 [qtp1105322512-32 - /prefix/base]
       DEBUG o.e.jetty.server.HttpConnection - org.eclipse.jetty.server.HttpConnection$SendCallback@1998385c[PROCESSING][i=ResponseInfo{HTTP/1.1
       404 null,289,false},cb=org.eclipse.jetty.server.HttpChannel$CommitCallback@7609cee4]
       generate: NEED_HEADER (null,[p=0,l=289,c=2048,r=289],true)@START
      
15:06:48.552 [qtp1105322512-32 - /prefix/base] DEBUG o.e.jetty.server.HttpConnection
       - org.eclipse.jetty.server.HttpConnection$SendCallback@1998385c[PROCESSING][i=ResponseInfo{HTTP/1.1
       404 null,289,false},cb=org.eclipse.jetty.server.HttpChannel$CommitCallback@7609cee4]
       generate: FLUSH ([p=0,l=249,c=16384,r=249],[p=0,l=289,c=2048,r=289],true)@COMPLETING
      
15:06:48.552 [qtp1105322512-32 - /prefix/base] DEBUG org.eclipse.jetty.io.WriteFlusher
       - write: WriteFlusher@55740806{IDLE} [HeapByteBuffer@63d2b09c[p=0,l=249,c=16384,r=249]={&amp;lt;&amp;lt;&amp;lt;HTTP/1.1
       404 Not ....v20150224)\r\n\r\n&amp;gt;&amp;gt;&amp;gt;y(9.2.9.v20150224...\x00\x00\x00\x00\x00\x00\x00\x00\x00\x00\x00\x00\x00\x00\x00},HeapByteBuffer@b401d98a[p=0,l=289,c=2048,r=289]={&amp;lt;&amp;lt;&amp;lt;&amp;lt;html&amp;gt;\n&amp;lt;head&amp;gt;\n&amp;lt;me.../body&amp;gt;\n&amp;lt;/html&amp;gt;\n&amp;gt;&amp;gt;&amp;gt;\x00\x00\x00\x00\x00\x00\x00\x00\x00\x00\x00\x00\x00\x00\x00\x00\x00...\x00\x00\x00\x00\x00\x00\x00\x00\x00\x00\x00\x00\x00\x00\x00}]
      
15:06:48.552 [qtp1105322512-32 - /prefix/base] DEBUG org.eclipse.jetty.io.WriteFlusher
       - update WriteFlusher@55740806{WRITING}:IDLE--&amp;gt;WRITING
      
15:06:48.552 [qtp1105322512-32 - /prefix/base] DEBUG org.eclipse.jetty.io.ChannelEndPoint
       - flushed 538 SelectChannelEndPoint@3736df47{/127.0.0.1:52060&amp;lt;-&amp;gt;8080,Open,in,out,-,W,9/60000,HttpConnection}{io=0,kio=0,kro=1}
      
15:06:48.552 [qtp1105322512-32 - /prefix/base] DEBUG org.eclipse.jetty.io.WriteFlusher
       - update WriteFlusher@55740806{IDLE}:WRITING--&amp;gt;IDLE
      
15:06:48.552 [qtp1105322512-32 - /prefix/base] DEBUG o.e.jetty.server.HttpConnection
       - org.eclipse.jetty.server.HttpConnection$SendCallback@1998385c[PROCESSING][i=ResponseInfo{HTTP/1.1
       404 null,289,false},cb=org.eclipse.jetty.server.HttpChannel$CommitCallback@7609cee4]
       generate: DONE ([p=249,l=249,c=16384,r=0],[p=289,l=289,c=2048,r=0],true)@END
      
15:06:48.552 [qtp1105322512-32 - /prefix/base] DEBUG org.eclipse.jetty.server.Server
       - RESPONSE /prefix/base  404 handled=true
15:06:48.552 [qtp1105322512-32
       - /prefix/base] DEBUG o.e.jetty.server.HttpChannelState -
       HttpChannelState@4232cfa8{s=DISPATCHED i=true a=null} unhandle
       DISPATCHED
15:06:48.552 [qtp1105322512-32 - /prefix/base]
       DEBUG org.eclipse.jetty.http.HttpParser - reset HttpParser{s=END,0
       of 0}
15:06:48.552 [qtp1105322512-32 - /prefix/base] DEBUG
       org.eclipse.jetty.http.HttpParser - END --&amp;gt; START
      
15:06:48.552 [qtp1105322512-32] DEBUG org.eclipse.jetty.server.HttpChannel
       - HttpChannelOverHttp@da3cecc{r=1,c=false,a=IDLE,uri=-} handle
       exit, result COMPLETE
15:06:48.552 [qtp1105322512-32] DEBUG
       org.eclipse.jetty.io.ChannelEndPoint - filled -1 SelectChannelEndPoint@3736df47{/127.0.0.1:52060&amp;lt;-&amp;gt;8080,Open,in,out,-,-,0/60000,HttpConnection}{io=0,kio=0,kro=1}
      
15:06:48.552 [qtp1105322512-32] DEBUG org.eclipse.jetty.io.ChannelEndPoint
       - ishut SelectChannelEndPoint@3736df47{/127.0.0.1:52060&amp;lt;-&amp;gt;8080,Open,in,out,-,-,0/60000,HttpConnection}{io=0,kio=0,kro=1}
      
15:06:48.552 [qtp1105322512-32] DEBUG org.eclipse.jetty.http.HttpParser
       - atEOF HttpParser{s=START,0 of -1}
15:06:48.552 [qtp1105322512-32]
       DEBUG org.eclipse.jetty.http.HttpParser - parseNext s=START
       HeapByteBuffer@a40ffc93[p=0,l=0,c=8192,r=0]={&amp;lt;&amp;lt;&amp;lt;&amp;gt;&amp;gt;&amp;gt;GET
       /base HTTP/1....\x00\x00\x00\x00\x00\x00\x00\x00\x00\x00\x00\x00\x00\x00\x00}
      
15:06:48.552 [qtp1105322512-32] DEBUG org.eclipse.jetty.http.HttpParser
       - START --&amp;gt; CLOSED
15:06:48.553 [qtp1105322512-32]
       DEBUG o.eclipse.jetty.io.AbstractEndPoint - onClose SelectChannelEndPoint@3736df47{/127.0.0.1:52060&amp;lt;-&amp;gt;8080,CLOSED,ISHUT,out,-,-,0/60000,HttpConnection}{io=0,kio=0,kro=1}
      
15:06:48.553 [qtp1105322512-32] DEBUG org.eclipse.jetty.io.ChannelEndPoint
       - close SelectChannelEndPoint@3736df47{/127.0.0.1:52060&amp;lt;-&amp;gt;8080,CLOSED,ISHUT,out,-,-,1/60000,HttpConnection}{io=0,kio=0,kro=1}
      
15:06:48.553 [qtp1105322512-37-acceptor-0@59402b8f-ServerConnector@6892b3b6{HTTP/1.1}{0.0.0.0:8080}]
       DEBUG org.eclipse.jetty.io.SelectorManager - Queued change
       org.eclipse.jetty.io.SelectorManager$ManagedSelector$Accept@265fb9ee
      
15:06:48.553 [qtp1105322512-32] DEBUG org.eclipse.jetty.io.SelectorManager
       - Destroyed SelectChannelEndPoint@3736df47{/127.0.0.1:52060&amp;lt;-&amp;gt;8080,CLOSED,ISHUT,OSHUT,-,-,1/60000,HttpConnection}{io=0,kio=-1,kro=-1}
      
15:06:48.553 [qtp1105322512-32] DEBUG o.e.jetty.io.AbstractConnection
       - onClose HttpConnection@4a0b3d7c{FILLING}
15:06:48.553 [qtp1105322512-33-selector-ServerConnectorManager@1530c739/0]
       DEBUG org.eclipse.jetty.io.SelectorManager - Selector loop
       woken up from select, 0/0 selected
15:06:48.553 [qtp1105322512-32]
       DEBUG o.eclipse.jetty.io.AbstractEndPoint - onClose SelectChannelEndPoint@3736df47{/127.0.0.1:52060&amp;lt;-&amp;gt;8080,CLOSED,ISHUT,OSHUT,-,-,1/60000,HttpConnection}{io=0,kio=-1,kro=-1}
      
15:06:48.553 [qtp1105322512-33-selector-ServerConnectorManager@1530c739/0]
       DEBUG org.eclipse.jetty.io.SelectorManager - Running change
       org.eclipse.jetty.io.SelectorManager$ManagedSelector$Accept@265fb9ee
      
15:06:48.553 [qtp1105322512-32] DEBUG o.e.jetty.io.AbstractConnection
       - FILLING--&amp;gt;IDLE HttpConnection@4a0b3d7c{IDLE}
15:06:48.553
       [qtp1105322512-33-selector-ServerConnectorManager@1530c739/0]
       DEBUG o.eclipse.jetty.io.AbstractEndPoint - onOpen SelectChannelEndPoint@39a353fe{/127.0.0.1:52061&amp;lt;-&amp;gt;8080,Open,in,out,-,-,0/60000,null}{io=0,kio=0,kro=0}
      
15:06:48.553 [qtp1105322512-33-selector-ServerConnectorManager@1530c739/0]
       DEBUG org.eclipse.jetty.io.IdleTimeout - SelectChannelEndPoint@39a353fe{/127.0.0.1:52061&amp;lt;-&amp;gt;8080,Open,in,out,-,-,0/60000,null}{io=0,kio=0,kro=0}
       idle timeout check, elapsed: 0 ms, remaining: 60000 ms
15:06:48.553
       [qtp1105322512-33-selector-ServerConnectorManager@1530c739/0]
       DEBUG org.eclipse.jetty.server.HttpChannel - new HttpChannelOverHttp@79c9c57a{r=0,c=false,a=IDLE,uri=-}
       -&amp;gt; SelectChannelEndPoint@39a353fe{/127.0.0.1:52061&amp;lt;-&amp;gt;8080,Open,in,out,-,-,0/60000,null}{io=0,kio=0,kro=0},null,HttpChannelState@584297ef{s=IDLE
       i=true a=null}
15:06:48.553 [qtp1105322512-33-selector-ServerConnectorManager@1530c739/0]
       DEBUG o.e.jetty.server.HttpConnection - New HTTP Connection
       HttpConnection@54ce7b1f{IDLE}
15:06:48.553 [qtp1105322512-33-selector-ServerConnectorManager@1530c739/0]
       DEBUG o.e.jetty.io.AbstractConnection - onOpen HttpConnection@54ce7b1f{IDLE}
      
15:06:48.553 [qtp1105322512-33-selector-ServerConnectorManager@1530c739/0]
       DEBUG o.e.jetty.io.AbstractConnection - fillInterested HttpConnection@54ce7b1f{IDLE}
      
15:06:48.553 [qtp1105322512-33-selector-ServerConnectorManager@1530c739/0]
       DEBUG o.e.jetty.io.AbstractConnection - IDLE--&amp;gt;FILL_INTERESTED
       HttpConnection@54ce7b1f{FILL_INTERESTED}
15:06:48.553 [qtp1105322512-33-selector-ServerConnectorManager@1530c739/0]
       DEBUG o.e.jetty.io.SelectChannelEndPoint - Local interests
       updating 0 -&amp;gt; 1 for SelectChannelEndPoint@39a353fe{/127.0.0.1:52061&amp;lt;-&amp;gt;8080,Open,in,out,R,-,0/60000,HttpConnection}{io=1,kio=0,kro=0}
      
15:06:48.553 [qtp1105322512-33-selector-ServerConnectorManager@1530c739/0]
       DEBUG org.eclipse.jetty.io.SelectorManager - Running change
       org.eclipse.jetty.io.SelectChannelEndPoint$1@7751eedb
15:06:48.553
       [qtp1105322512-33-selector-ServerConnectorManager@1530c739/0]
       DEBUG o.e.jetty.io.SelectChannelEndPoint - Key interests updated
       0 -&amp;gt; 1 on SelectChannelEndPoint@39a353fe{/127.0.0.1:52061&amp;lt;-&amp;gt;8080,Open,in,out,R,-,0/60000,HttpConnection}{io=1,kio=1,kro=0}
      
15:06:48.553 [qtp1105322512-33-selector-ServerConnectorManager@1530c739/0]
       DEBUG org.eclipse.jetty.io.SelectorManager - Created SelectChannelEndPoint@39a353fe{/127.0.0.1:52061&amp;lt;-&amp;gt;8080,Open,in,out,R,-,0/60000,HttpConnection}{io=1,kio=1,kro=0}
      
15:06:48.553 [qtp1105322512-33-selector-ServerConnectorManager@1530c739/0]
       DEBUG org.eclipse.jetty.io.SelectorManager - Selector loop
       waiting on select
15:06:48.553 [qtp1105322512-33-selector-ServerConnectorManager@1530c739/0]
       DEBUG org.eclipse.jetty.io.SelectorManager - Selector loop
       woken up from select, 1/1 selected
15:06:48.554 [qtp1105322512-33-selector-ServerConnectorManager@1530c739/0]
       DEBUG o.e.jetty.io.SelectChannelEndPoint - Key interests updated
       1 -&amp;gt; 0 on SelectChannelEndPoint@39a353fe{/127.0.0.1:52061&amp;lt;-&amp;gt;8080,Open,in,out,R,-,0/60000,HttpConnection}{io=1,kio=0,kro=1}
      
15:06:48.554 [qtp1105322512-33-selector-ServerConnectorManager@1530c739/0]
       DEBUG o.e.jetty.io.SelectChannelEndPoint - Local interests
       updating 1 -&amp;gt; 0 for SelectChannelEndPoint@39a353fe{/127.0.0.1:52061&amp;lt;-&amp;gt;8080,Open,in,out,R,-,1/60000,HttpConnection}{io=0,kio=0,kro=1}
      
15:06:48.554 [qtp1105322512-33-selector-ServerConnectorManager@1530c739/0]
       DEBUG org.eclipse.jetty.io.SelectorManager - Running change
       org.eclipse.jetty.io.SelectChannelEndPoint$1@7751eedb
15:06:48.554
       [qtp1105322512-33-selector-ServerConnectorManager@1530c739/0]
       DEBUG o.e.jetty.io.AbstractConnection - FILL_INTERESTED--&amp;gt;FILLING
       HttpConnection@54ce7b1f{FILLING}
15:06:48.554 [qtp1105322512-33-selector-ServerConnectorManager@1530c739/0]
       DEBUG org.eclipse.jetty.io.SelectorManager - Selector loop
       waiting on select
15:06:48.554 [qtp1105322512-38] DEBUG o.e.jetty.server.HttpConnection
       - HttpConnection@54ce7b1f{FILLING} onFillable HttpChannelState@584297ef{s=IDLE
       i=true a=null}
15:06:48.554 [qtp1105322512-38] DEBUG org.eclipse.jetty.io.ChannelEndPoint
       - filled 157 SelectChannelEndPoint@39a353fe{/127.0.0.1:52061&amp;lt;-&amp;gt;8080,Open,in,out,-,-,1/60000,HttpConnection}{io=0,kio=0,kro=1}
      
15:06:48.554 [qtp1105322512-38] DEBUG org.eclipse.jetty.http.HttpParser
       - parseNext s=START HeapByteBuffer@93bf48fe[p=0,l=157,c=8192,r=157]={&amp;lt;&amp;lt;&amp;lt;GET
       /base HTTP/1.... keep-alive\r\n\r\n&amp;gt;&amp;gt;&amp;gt;ive\r\n\r\n\x00\x00\x00\x00\x00\x00\x00\x00\x00\x00...\x00\x00\x00\x00\x00\x00\x00\x00\x00\x00\x00\x00\x00\x00\x00}
      
15:06:48.554 [qtp1105322512-38] DEBUG org.eclipse.jetty.http.HttpParser
       - START --&amp;gt; SPACE1
15:06:48.554 [qtp1105322512-38]
       DEBUG org.eclipse.jetty.http.HttpParser - SPACE1 --&amp;gt;
       URI
15:06:48.554 [qtp1105322512-38] DEBUG org.eclipse.jetty.http.HttpParser
       - URI --&amp;gt; SPACE2
15:06:48.554 [qtp1105322512-38] DEBUG
       org.eclipse.jetty.http.HttpParser - SPACE2 --&amp;gt; REQUEST_VERSION
      
15:06:48.554 [qtp1105322512-38] DEBUG org.eclipse.jetty.http.HttpParser
       - REQUEST_VERSION --&amp;gt; HEADER
15:06:48.554 [qtp1105322512-38]
       DEBUG org.eclipse.jetty.http.HttpParser - HEADER --&amp;gt;
       HEADER_VALUE
15:06:48.554 [qtp1105322512-38] DEBUG org.eclipse.jetty.http.HttpParser
       - HEADER_VALUE --&amp;gt; HEADER_IN_VALUE
15:06:48.554 [qtp1105322512-38]
       DEBUG org.eclipse.jetty.http.HttpParser - HEADER_IN_VALUE
       --&amp;gt; HEADER
15:06:48.554 [qtp1105322512-38] DEBUG org.eclipse.jetty.http.HttpParser
       - HEADER --&amp;gt; HEADER_VALUE
15:06:48.554 [qtp1105322512-38]
       DEBUG org.eclipse.jetty.http.HttpParser - HEADER_VALUE --&amp;gt;
       HEADER_IN_VALUE
15:06:48.554 [qtp1105322512-38] DEBUG org.eclipse.jetty.http.HttpParser
       - HEADER_IN_VALUE --&amp;gt; HEADER
15:06:48.554 [qtp1105322512-38]
       DEBUG org.eclipse.jetty.http.HttpParser - HEADER --&amp;gt;
       HEADER_VALUE
15:06:48.554 [qtp1105322512-38] DEBUG org.eclipse.jetty.http.HttpParser
       - HEADER_VALUE --&amp;gt; HEADER_IN_VALUE
15:06:48.554 [qtp1105322512-38]
       DEBUG org.eclipse.jetty.http.HttpParser - HEADER_IN_VALUE
       --&amp;gt; HEADER
15:06:48.554 [qtp1105322512-38] DEBUG org.eclipse.jetty.http.HttpParser
       - HEADER --&amp;gt; HEADER_IN_VALUE
15:06:48.554 [qtp1105322512-38]
       DEBUG org.eclipse.jetty.http.HttpParser - HEADER_IN_VALUE
       --&amp;gt; HEADER
15:06:48.554 [qtp1105322512-38] DEBUG org.eclipse.jetty.http.HttpParser
       - HEADER --&amp;gt; END
15:06:48.554 [qtp1105322512-38] DEBUG
       org.eclipse.jetty.server.HttpChannel - HttpChannelOverHttp@79c9c57a{r=1,c=false,a=IDLE,uri=-}
       messageComplete
15:06:48.554 [qtp1105322512-38] DEBUG org.eclipse.jetty.server.HttpInput
       - HttpInputOverHTTP@1da67f1 EOF
15:06:48.554 [qtp1105322512-38]
       DEBUG org.eclipse.jetty.server.HttpChannel - HttpChannelOverHttp@79c9c57a{r=1,c=false,a=IDLE,uri=-}
       handle enter
15:06:48.554 [qtp1105322512-38 - /base] DEBUG
       o.e.jetty.server.HttpChannelState - HttpChannelState@584297ef{s=IDLE
       i=true a=null} handling IDLE
15:06:48.555 [qtp1105322512-38
       - /base] DEBUG org.eclipse.jetty.server.HttpChannel - HttpChannelOverHttp@79c9c57a{r=1,c=false,a=DISPATCHED,uri=/base}
       action REQUEST_DISPATCH
15:06:48.555 [qtp1105322512-38 -
       /base] DEBUG org.eclipse.jetty.server.Server - REQUEST GET
       /base on HttpChannelOverHttp@79c9c57a{r=1,c=false,a=DISPATCHED,uri=/base}
      
15:06:48.555 [qtp1105322512-38 - /base] DEBUG o.e.j.server.handler.ContextHandler
       - scope null||/base @ o.e.j.s.ServletContextHandler@6f46426d{/,null,AVAILABLE}
      
15:06:48.555 [qtp1105322512-38 - /base] DEBUG o.e.j.server.handler.ContextHandler
       - context=||/base @ o.e.j.s.ServletContextHandler@6f46426d{/,null,AVAILABLE}
      
15:06:48.555 [qtp1105322512-38 - /base] DEBUG org.eclipse.jetty.server.session
       - sessionManager=org.eclipse.jetty.server.session.HashSessionManager@32ee6fee
      
15:06:48.555 [qtp1105322512-38 - /base] DEBUG org.eclipse.jetty.server.session
       - session=null
15:06:48.555 [qtp1105322512-38 - /base] DEBUG
       o.e.jetty.servlet.ServletHandler - servlet ||/base -&amp;gt;
       org.apache.felix.http.base.internal.DispatcherServlet-4738a206@cebacce0==org.apache.felix.http.base.internal.DispatcherServlet,-1,true
      
15:06:48.555 [qtp1105322512-38 - /base] DEBUG o.e.jetty.servlet.ServletHandler
       - chain=null
15:06:48.555 [qtp1105322512-38 - /base] DEBUG
       o.e.jetty.server.HttpConnection - org.eclipse.jetty.server.HttpConnection$SendCallback@6281f9a8[PROCESSING][i=ResponseInfo{HTTP/1.1
       404 null,282,false},cb=org.eclipse.jetty.server.HttpChannel$CommitCallback@e205d7f]
       generate: NEED_HEADER (null,[p=0,l=282,c=2048,r=282],true)@START
      
15:06:48.555 [qtp1105322512-38 - /base] DEBUG o.e.jetty.server.HttpConnection
       - org.eclipse.jetty.server.HttpConnection$SendCallback@6281f9a8[PROCESSING][i=ResponseInfo{HTTP/1.1
       404 null,282,false},cb=org.eclipse.jetty.server.HttpChannel$CommitCallback@e205d7f]
       generate: FLUSH ([p=0,l=249,c=16384,r=249],[p=0,l=282,c=2048,r=282],true)@COMPLETING
      
15:06:48.555 [qtp1105322512-38 - /base] DEBUG org.eclipse.jetty.io.WriteFlusher
       - write: WriteFlusher@1b55a165{IDLE} [HeapByteBuffer@4633a9c3[p=0,l=249,c=16384,r=249]={&amp;lt;&amp;lt;&amp;lt;HTTP/1.1
       404 Not ....v20150224)\r\n\r\n&amp;gt;&amp;gt;&amp;gt;y(9.2.9.v20150224...\x00\x00\x00\x00\x00\x00\x00\x00\x00\x00\x00\x00\x00\x00\x00},HeapByteBuffer@40c560e3[p=0,l=282,c=2048,r=282]={&amp;lt;&amp;lt;&amp;lt;&amp;lt;html&amp;gt;\n&amp;lt;head&amp;gt;\n&amp;lt;me.../body&amp;gt;\n&amp;lt;/html&amp;gt;\n&amp;gt;&amp;gt;&amp;gt;\x00\x00\x00\x00\x00\x00\x00\x00\x00\x00\x00\x00\x00\x00\x00\x00\x00...\x00\x00\x00\x00\x00\x00\x00\x00\x00\x00\x00\x00\x00\x00\x00}]
      
15:06:48.555 [qtp1105322512-38 - /base] DEBUG org.eclipse.jetty.io.WriteFlusher
       - update WriteFlusher@1b55a165{WRITING}:IDLE--&amp;gt;WRITING
      
15:06:48.555 [qtp1105322512-38 - /base] DEBUG org.eclipse.jetty.io.ChannelEndPoint
       - flushed 531 SelectChannelEndPoint@39a353fe{/127.0.0.1:52061&amp;lt;-&amp;gt;8080,Open,in,out,-,W,1/60000,HttpConnection}{io=0,kio=0,kro=1}
      
15:06:48.556 [qtp1105322512-38 - /base] DEBUG org.eclipse.jetty.io.WriteFlusher
       - update WriteFlusher@1b55a165{IDLE}:WRITING--&amp;gt;IDLE
      
15:06:48.556 [qtp1105322512-38 - /base] DEBUG o.e.jetty.server.HttpConnection
       - org.eclipse.jetty.server.HttpConnection$SendCallback@6281f9a8[PROCESSING][i=ResponseInfo{HTTP/1.1
       404 null,282,false},cb=org.eclipse.jetty.server.HttpChannel$CommitCallback@e205d7f]
       generate: DONE ([p=249,l=249,c=16384,r=0],[p=282,l=282,c=2048,r=0],true)@END
      
15:06:48.556 [qtp1105322512-38 - /base] DEBUG org.eclipse.jetty.server.Server
       - RESPONSE /base  404 handled=true
15:06:48.556 [qtp1105322512-38
       - /base] DEBUG o.e.jetty.server.HttpChannelState - HttpChannelState@584297ef{s=DISPATCHED
       i=true a=null} unhandle DISPATCHED
15:06:48.556 [qtp1105322512-38
       - /base] DEBUG org.eclipse.jetty.http.HttpParser - reset HttpParser{s=END,0
       of 0}
15:06:48.556 [qtp1105322512-38 - /base] DEBUG org.eclipse.jetty.http.HttpParser
       - END --&amp;gt; START
15:06:48.556 [qtp1105322512-38] DEBUG
       org.eclipse.jetty.server.HttpChannel - HttpChannelOverHttp@79c9c57a{r=1,c=false,a=IDLE,uri=-}
       handle exit, result COMPLETE
    </system-out>
  </testcase>
</testsuite>